[2026-04-27T22:25:29.597+0000] {processor.py:186} INFO - Started process (PID=4941) to work on /usr/local/python/3.12.1/lib/python3.12/site-packages/airflow/example_dags/example_trigger_target_dag.py
[2026-04-27T22:25:29.598+0000] {processor.py:914} INFO - Processing file /usr/local/python/3.12.1/lib/python3.12/site-packages/airflow/example_dags/example_trigger_target_dag.py for tasks to queue
[2026-04-27T22:25:29.599+0000] {logging_mixin.py:190} INFO - [2026-04-27T22:25:29.599+0000] {dagbag.py:588} INFO - Filling up the DagBag from /usr/local/python/3.12.1/lib/python3.12/site-packages/airflow/example_dags/example_trigger_target_dag.py
[2026-04-27T22:25:29.607+0000] {processor.py:925} INFO - DAG(s) 'example_trigger_target_dag' retrieved from /usr/local/python/3.12.1/lib/python3.12/site-packages/airflow/example_dags/example_trigger_target_dag.py
[2026-04-27T22:25:29.627+0000] {logging_mixin.py:190} INFO - [2026-04-27T22:25:29.626+0000] {dag.py:3239} INFO - Sync 1 DAGs
[2026-04-27T22:25:29.637+0000] {logging_mixin.py:190} INFO - [2026-04-27T22:25:29.636+0000] {dag.py:4180} INFO - Setting next_dagrun for example_trigger_target_dag to None, run_after=None
[2026-04-27T22:25:29.653+0000] {processor.py:208} INFO - Processing /usr/local/python/3.12.1/lib/python3.12/site-packages/airflow/example_dags/example_trigger_target_dag.py took 0.060 seconds
[2026-04-27T22:26:40.919+0000] {processor.py:186} INFO - Started process (PID=6394) to work on /usr/local/python/3.12.1/lib/python3.12/site-packages/airflow/example_dags/example_trigger_target_dag.py
[2026-04-27T22:26:40.920+0000] {processor.py:914} INFO - Processing file /usr/local/python/3.12.1/lib/python3.12/site-packages/airflow/example_dags/example_trigger_target_dag.py for tasks to queue
[2026-04-27T22:26:40.923+0000] {logging_mixin.py:190} INFO - [2026-04-27T22:26:40.923+0000] {dagbag.py:588} INFO - Filling up the DagBag from /usr/local/python/3.12.1/lib/python3.12/site-packages/airflow/example_dags/example_trigger_target_dag.py
[2026-04-27T22:26:40.932+0000] {processor.py:925} INFO - DAG(s) 'example_trigger_target_dag' retrieved from /usr/local/python/3.12.1/lib/python3.12/site-packages/airflow/example_dags/example_trigger_target_dag.py
[2026-04-27T22:26:40.949+0000] {logging_mixin.py:190} INFO - [2026-04-27T22:26:40.948+0000] {dag.py:3239} INFO - Sync 1 DAGs
[2026-04-27T22:26:40.963+0000] {logging_mixin.py:190} INFO - [2026-04-27T22:26:40.963+0000] {dag.py:4180} INFO - Setting next_dagrun for example_trigger_target_dag to None, run_after=None
[2026-04-27T22:26:40.986+0000] {processor.py:208} INFO - Processing /usr/local/python/3.12.1/lib/python3.12/site-packages/airflow/example_dags/example_trigger_target_dag.py took 0.074 seconds
[2026-04-27T22:28:04.165+0000] {processor.py:186} INFO - Started process (PID=8181) to work on /usr/local/python/3.12.1/lib/python3.12/site-packages/airflow/example_dags/example_trigger_target_dag.py
[2026-04-27T22:28:04.166+0000] {processor.py:914} INFO - Processing file /usr/local/python/3.12.1/lib/python3.12/site-packages/airflow/example_dags/example_trigger_target_dag.py for tasks to queue
[2026-04-27T22:28:04.168+0000] {logging_mixin.py:190} INFO - [2026-04-27T22:28:04.168+0000] {dagbag.py:588} INFO - Filling up the DagBag from /usr/local/python/3.12.1/lib/python3.12/site-packages/airflow/example_dags/example_trigger_target_dag.py
[2026-04-27T22:28:04.174+0000] {processor.py:925} INFO - DAG(s) 'example_trigger_target_dag' retrieved from /usr/local/python/3.12.1/lib/python3.12/site-packages/airflow/example_dags/example_trigger_target_dag.py
[2026-04-27T22:28:04.186+0000] {logging_mixin.py:190} INFO - [2026-04-27T22:28:04.186+0000] {dag.py:3239} INFO - Sync 1 DAGs
[2026-04-27T22:28:04.195+0000] {logging_mixin.py:190} INFO - [2026-04-27T22:28:04.195+0000] {dag.py:4180} INFO - Setting next_dagrun for example_trigger_target_dag to None, run_after=None
[2026-04-27T22:28:04.211+0000] {processor.py:208} INFO - Processing /usr/local/python/3.12.1/lib/python3.12/site-packages/airflow/example_dags/example_trigger_target_dag.py took 0.050 seconds
[2026-04-27T22:29:27.606+0000] {processor.py:186} INFO - Started process (PID=9837) to work on /usr/local/python/3.12.1/lib/python3.12/site-packages/airflow/example_dags/example_trigger_target_dag.py
[2026-04-27T22:29:27.607+0000] {processor.py:914} INFO - Processing file /usr/local/python/3.12.1/lib/python3.12/site-packages/airflow/example_dags/example_trigger_target_dag.py for tasks to queue
[2026-04-27T22:29:27.610+0000] {logging_mixin.py:190} INFO - [2026-04-27T22:29:27.609+0000] {dagbag.py:588} INFO - Filling up the DagBag from /usr/local/python/3.12.1/lib/python3.12/site-packages/airflow/example_dags/example_trigger_target_dag.py
[2026-04-27T22:29:27.620+0000] {processor.py:925} INFO - DAG(s) 'example_trigger_target_dag' retrieved from /usr/local/python/3.12.1/lib/python3.12/site-packages/airflow/example_dags/example_trigger_target_dag.py
[2026-04-27T22:29:27.641+0000] {logging_mixin.py:190} INFO - [2026-04-27T22:29:27.641+0000] {dag.py:3239} INFO - Sync 1 DAGs
[2026-04-27T22:29:27.659+0000] {logging_mixin.py:190} INFO - [2026-04-27T22:29:27.658+0000] {dag.py:4180} INFO - Setting next_dagrun for example_trigger_target_dag to None, run_after=None
[2026-04-27T22:29:27.683+0000] {processor.py:208} INFO - Processing /usr/local/python/3.12.1/lib/python3.12/site-packages/airflow/example_dags/example_trigger_target_dag.py took 0.089 seconds
[2026-04-27T22:30:47.104+0000] {processor.py:186} INFO - Started process (PID=11454) to work on /usr/local/python/3.12.1/lib/python3.12/site-packages/airflow/example_dags/example_trigger_target_dag.py
[2026-04-27T22:30:47.105+0000] {processor.py:914} INFO - Processing file /usr/local/python/3.12.1/lib/python3.12/site-packages/airflow/example_dags/example_trigger_target_dag.py for tasks to queue
[2026-04-27T22:30:47.106+0000] {logging_mixin.py:190} INFO - [2026-04-27T22:30:47.106+0000] {dagbag.py:588} INFO - Filling up the DagBag from /usr/local/python/3.12.1/lib/python3.12/site-packages/airflow/example_dags/example_trigger_target_dag.py
[2026-04-27T22:30:47.113+0000] {processor.py:925} INFO - DAG(s) 'example_trigger_target_dag' retrieved from /usr/local/python/3.12.1/lib/python3.12/site-packages/airflow/example_dags/example_trigger_target_dag.py
[2026-04-27T22:30:47.125+0000] {logging_mixin.py:190} INFO - [2026-04-27T22:30:47.125+0000] {dag.py:3239} INFO - Sync 1 DAGs
[2026-04-27T22:30:47.135+0000] {logging_mixin.py:190} INFO - [2026-04-27T22:30:47.135+0000] {dag.py:4180} INFO - Setting next_dagrun for example_trigger_target_dag to None, run_after=None
[2026-04-27T22:30:47.152+0000] {processor.py:208} INFO - Processing /usr/local/python/3.12.1/lib/python3.12/site-packages/airflow/example_dags/example_trigger_target_dag.py took 0.053 seconds
[2026-04-27T22:32:05.080+0000] {processor.py:186} INFO - Started process (PID=12490) to work on /usr/local/python/3.12.1/lib/python3.12/site-packages/airflow/example_dags/example_trigger_target_dag.py
[2026-04-27T22:32:05.081+0000] {processor.py:914} INFO - Processing file /usr/local/python/3.12.1/lib/python3.12/site-packages/airflow/example_dags/example_trigger_target_dag.py for tasks to queue
[2026-04-27T22:32:05.085+0000] {logging_mixin.py:190} INFO - [2026-04-27T22:32:05.084+0000] {dagbag.py:588} INFO - Filling up the DagBag from /usr/local/python/3.12.1/lib/python3.12/site-packages/airflow/example_dags/example_trigger_target_dag.py
[2026-04-27T22:32:05.092+0000] {processor.py:925} INFO - DAG(s) 'example_trigger_target_dag' retrieved from /usr/local/python/3.12.1/lib/python3.12/site-packages/airflow/example_dags/example_trigger_target_dag.py
[2026-04-27T22:32:05.105+0000] {logging_mixin.py:190} INFO - [2026-04-27T22:32:05.105+0000] {dag.py:3239} INFO - Sync 1 DAGs
[2026-04-27T22:32:05.115+0000] {logging_mixin.py:190} INFO - [2026-04-27T22:32:05.115+0000] {dag.py:4180} INFO - Setting next_dagrun for example_trigger_target_dag to None, run_after=None
[2026-04-27T22:32:05.132+0000] {processor.py:208} INFO - Processing /usr/local/python/3.12.1/lib/python3.12/site-packages/airflow/example_dags/example_trigger_target_dag.py took 0.059 seconds
[2026-04-27T22:33:22.936+0000] {processor.py:186} INFO - Started process (PID=13310) to work on /usr/local/python/3.12.1/lib/python3.12/site-packages/airflow/example_dags/example_trigger_target_dag.py
[2026-04-27T22:33:22.937+0000] {processor.py:914} INFO - Processing file /usr/local/python/3.12.1/lib/python3.12/site-packages/airflow/example_dags/example_trigger_target_dag.py for tasks to queue
[2026-04-27T22:33:22.939+0000] {logging_mixin.py:190} INFO - [2026-04-27T22:33:22.938+0000] {dagbag.py:588} INFO - Filling up the DagBag from /usr/local/python/3.12.1/lib/python3.12/site-packages/airflow/example_dags/example_trigger_target_dag.py
[2026-04-27T22:33:22.948+0000] {processor.py:925} INFO - DAG(s) 'example_trigger_target_dag' retrieved from /usr/local/python/3.12.1/lib/python3.12/site-packages/airflow/example_dags/example_trigger_target_dag.py
[2026-04-27T22:33:22.976+0000] {logging_mixin.py:190} INFO - [2026-04-27T22:33:22.976+0000] {dag.py:3239} INFO - Sync 1 DAGs
[2026-04-27T22:33:22.990+0000] {logging_mixin.py:190} INFO - [2026-04-27T22:33:22.990+0000] {dag.py:4180} INFO - Setting next_dagrun for example_trigger_target_dag to None, run_after=None
[2026-04-27T22:33:23.007+0000] {processor.py:208} INFO - Processing /usr/local/python/3.12.1/lib/python3.12/site-packages/airflow/example_dags/example_trigger_target_dag.py took 0.080 seconds
[2026-04-27T22:34:47.067+0000] {processor.py:186} INFO - Started process (PID=14314) to work on /usr/local/python/3.12.1/lib/python3.12/site-packages/airflow/example_dags/example_trigger_target_dag.py
[2026-04-27T22:34:47.068+0000] {processor.py:914} INFO - Processing file /usr/local/python/3.12.1/lib/python3.12/site-packages/airflow/example_dags/example_trigger_target_dag.py for tasks to queue
[2026-04-27T22:34:47.070+0000] {logging_mixin.py:190} INFO - [2026-04-27T22:34:47.069+0000] {dagbag.py:588} INFO - Filling up the DagBag from /usr/local/python/3.12.1/lib/python3.12/site-packages/airflow/example_dags/example_trigger_target_dag.py
[2026-04-27T22:34:47.077+0000] {processor.py:925} INFO - DAG(s) 'example_trigger_target_dag' retrieved from /usr/local/python/3.12.1/lib/python3.12/site-packages/airflow/example_dags/example_trigger_target_dag.py
[2026-04-27T22:34:47.090+0000] {logging_mixin.py:190} INFO - [2026-04-27T22:34:47.090+0000] {dag.py:3239} INFO - Sync 1 DAGs
[2026-04-27T22:34:47.100+0000] {logging_mixin.py:190} INFO - [2026-04-27T22:34:47.100+0000] {dag.py:4180} INFO - Setting next_dagrun for example_trigger_target_dag to None, run_after=None
[2026-04-27T22:34:47.116+0000] {processor.py:208} INFO - Processing /usr/local/python/3.12.1/lib/python3.12/site-packages/airflow/example_dags/example_trigger_target_dag.py took 0.053 seconds
[2026-04-27T22:36:06.211+0000] {processor.py:186} INFO - Started process (PID=15264) to work on /usr/local/python/3.12.1/lib/python3.12/site-packages/airflow/example_dags/example_trigger_target_dag.py
[2026-04-27T22:36:06.212+0000] {processor.py:914} INFO - Processing file /usr/local/python/3.12.1/lib/python3.12/site-packages/airflow/example_dags/example_trigger_target_dag.py for tasks to queue
[2026-04-27T22:36:06.213+0000] {logging_mixin.py:190} INFO - [2026-04-27T22:36:06.213+0000] {dagbag.py:588} INFO - Filling up the DagBag from /usr/local/python/3.12.1/lib/python3.12/site-packages/airflow/example_dags/example_trigger_target_dag.py
[2026-04-27T22:36:06.220+0000] {processor.py:925} INFO - DAG(s) 'example_trigger_target_dag' retrieved from /usr/local/python/3.12.1/lib/python3.12/site-packages/airflow/example_dags/example_trigger_target_dag.py
[2026-04-27T22:36:06.231+0000] {logging_mixin.py:190} INFO - [2026-04-27T22:36:06.231+0000] {dag.py:3239} INFO - Sync 1 DAGs
[2026-04-27T22:36:06.241+0000] {logging_mixin.py:190} INFO - [2026-04-27T22:36:06.240+0000] {dag.py:4180} INFO - Setting next_dagrun for example_trigger_target_dag to None, run_after=None
[2026-04-27T22:36:06.258+0000] {processor.py:208} INFO - Processing /usr/local/python/3.12.1/lib/python3.12/site-packages/airflow/example_dags/example_trigger_target_dag.py took 0.051 seconds
[2026-04-27T22:37:21.762+0000] {processor.py:186} INFO - Started process (PID=16035) to work on /usr/local/python/3.12.1/lib/python3.12/site-packages/airflow/example_dags/example_trigger_target_dag.py
[2026-04-27T22:37:21.763+0000] {processor.py:914} INFO - Processing file /usr/local/python/3.12.1/lib/python3.12/site-packages/airflow/example_dags/example_trigger_target_dag.py for tasks to queue
[2026-04-27T22:37:21.765+0000] {logging_mixin.py:190} INFO - [2026-04-27T22:37:21.765+0000] {dagbag.py:588} INFO - Filling up the DagBag from /usr/local/python/3.12.1/lib/python3.12/site-packages/airflow/example_dags/example_trigger_target_dag.py
[2026-04-27T22:37:21.773+0000] {processor.py:925} INFO - DAG(s) 'example_trigger_target_dag' retrieved from /usr/local/python/3.12.1/lib/python3.12/site-packages/airflow/example_dags/example_trigger_target_dag.py
[2026-04-27T22:37:21.807+0000] {logging_mixin.py:190} INFO - [2026-04-27T22:37:21.807+0000] {dag.py:3239} INFO - Sync 1 DAGs
[2026-04-27T22:37:21.823+0000] {logging_mixin.py:190} INFO - [2026-04-27T22:37:21.822+0000] {dag.py:4180} INFO - Setting next_dagrun for example_trigger_target_dag to None, run_after=None
[2026-04-27T22:37:21.846+0000] {processor.py:208} INFO - Processing /usr/local/python/3.12.1/lib/python3.12/site-packages/airflow/example_dags/example_trigger_target_dag.py took 0.090 seconds
[2026-04-27T22:38:41.251+0000] {processor.py:186} INFO - Started process (PID=16915) to work on /usr/local/python/3.12.1/lib/python3.12/site-packages/airflow/example_dags/example_trigger_target_dag.py
[2026-04-27T22:38:41.251+0000] {processor.py:914} INFO - Processing file /usr/local/python/3.12.1/lib/python3.12/site-packages/airflow/example_dags/example_trigger_target_dag.py for tasks to queue
[2026-04-27T22:38:41.253+0000] {logging_mixin.py:190} INFO - [2026-04-27T22:38:41.253+0000] {dagbag.py:588} INFO - Filling up the DagBag from /usr/local/python/3.12.1/lib/python3.12/site-packages/airflow/example_dags/example_trigger_target_dag.py
[2026-04-27T22:38:41.262+0000] {processor.py:925} INFO - DAG(s) 'example_trigger_target_dag' retrieved from /usr/local/python/3.12.1/lib/python3.12/site-packages/airflow/example_dags/example_trigger_target_dag.py
[2026-04-27T22:38:41.278+0000] {logging_mixin.py:190} INFO - [2026-04-27T22:38:41.277+0000] {dag.py:3239} INFO - Sync 1 DAGs
[2026-04-27T22:38:41.287+0000] {logging_mixin.py:190} INFO - [2026-04-27T22:38:41.287+0000] {dag.py:4180} INFO - Setting next_dagrun for example_trigger_target_dag to None, run_after=None
[2026-04-27T22:38:41.305+0000] {processor.py:208} INFO - Processing /usr/local/python/3.12.1/lib/python3.12/site-packages/airflow/example_dags/example_trigger_target_dag.py took 0.059 seconds
[2026-04-27T22:40:03.700+0000] {processor.py:186} INFO - Started process (PID=17880) to work on /usr/local/python/3.12.1/lib/python3.12/site-packages/airflow/example_dags/example_trigger_target_dag.py
[2026-04-27T22:40:03.700+0000] {processor.py:914} INFO - Processing file /usr/local/python/3.12.1/lib/python3.12/site-packages/airflow/example_dags/example_trigger_target_dag.py for tasks to queue
[2026-04-27T22:40:03.702+0000] {logging_mixin.py:190} INFO - [2026-04-27T22:40:03.702+0000] {dagbag.py:588} INFO - Filling up the DagBag from /usr/local/python/3.12.1/lib/python3.12/site-packages/airflow/example_dags/example_trigger_target_dag.py
[2026-04-27T22:40:03.709+0000] {processor.py:925} INFO - DAG(s) 'example_trigger_target_dag' retrieved from /usr/local/python/3.12.1/lib/python3.12/site-packages/airflow/example_dags/example_trigger_target_dag.py
[2026-04-27T22:40:03.722+0000] {logging_mixin.py:190} INFO - [2026-04-27T22:40:03.722+0000] {dag.py:3239} INFO - Sync 1 DAGs
[2026-04-27T22:40:03.732+0000] {logging_mixin.py:190} INFO - [2026-04-27T22:40:03.731+0000] {dag.py:4180} INFO - Setting next_dagrun for example_trigger_target_dag to None, run_after=None
[2026-04-27T22:40:03.749+0000] {processor.py:208} INFO - Processing /usr/local/python/3.12.1/lib/python3.12/site-packages/airflow/example_dags/example_trigger_target_dag.py took 0.054 seconds
[2026-04-27T22:41:21.336+0000] {processor.py:186} INFO - Started process (PID=18675) to work on /usr/local/python/3.12.1/lib/python3.12/site-packages/airflow/example_dags/example_trigger_target_dag.py
[2026-04-27T22:41:21.337+0000] {processor.py:914} INFO - Processing file /usr/local/python/3.12.1/lib/python3.12/site-packages/airflow/example_dags/example_trigger_target_dag.py for tasks to queue
[2026-04-27T22:41:21.339+0000] {logging_mixin.py:190} INFO - [2026-04-27T22:41:21.338+0000] {dagbag.py:588} INFO - Filling up the DagBag from /usr/local/python/3.12.1/lib/python3.12/site-packages/airflow/example_dags/example_trigger_target_dag.py
[2026-04-27T22:41:21.346+0000] {processor.py:925} INFO - DAG(s) 'example_trigger_target_dag' retrieved from /usr/local/python/3.12.1/lib/python3.12/site-packages/airflow/example_dags/example_trigger_target_dag.py
[2026-04-27T22:41:21.358+0000] {logging_mixin.py:190} INFO - [2026-04-27T22:41:21.358+0000] {dag.py:3239} INFO - Sync 1 DAGs
[2026-04-27T22:41:21.367+0000] {logging_mixin.py:190} INFO - [2026-04-27T22:41:21.367+0000] {dag.py:4180} INFO - Setting next_dagrun for example_trigger_target_dag to None, run_after=None
[2026-04-27T22:41:21.383+0000] {processor.py:208} INFO - Processing /usr/local/python/3.12.1/lib/python3.12/site-packages/airflow/example_dags/example_trigger_target_dag.py took 0.054 seconds
[2026-04-27T22:42:39.794+0000] {processor.py:186} INFO - Started process (PID=19512) to work on /usr/local/python/3.12.1/lib/python3.12/site-packages/airflow/example_dags/example_trigger_target_dag.py
[2026-04-27T22:42:39.795+0000] {processor.py:914} INFO - Processing file /usr/local/python/3.12.1/lib/python3.12/site-packages/airflow/example_dags/example_trigger_target_dag.py for tasks to queue
[2026-04-27T22:42:39.798+0000] {logging_mixin.py:190} INFO - [2026-04-27T22:42:39.797+0000] {dagbag.py:588} INFO - Filling up the DagBag from /usr/local/python/3.12.1/lib/python3.12/site-packages/airflow/example_dags/example_trigger_target_dag.py
[2026-04-27T22:42:39.807+0000] {processor.py:925} INFO - DAG(s) 'example_trigger_target_dag' retrieved from /usr/local/python/3.12.1/lib/python3.12/site-packages/airflow/example_dags/example_trigger_target_dag.py
[2026-04-27T22:42:39.824+0000] {logging_mixin.py:190} INFO - [2026-04-27T22:42:39.824+0000] {dag.py:3239} INFO - Sync 1 DAGs
[2026-04-27T22:42:39.838+0000] {logging_mixin.py:190} INFO - [2026-04-27T22:42:39.838+0000] {dag.py:4180} INFO - Setting next_dagrun for example_trigger_target_dag to None, run_after=None
[2026-04-27T22:42:39.868+0000] {processor.py:208} INFO - Processing /usr/local/python/3.12.1/lib/python3.12/site-packages/airflow/example_dags/example_trigger_target_dag.py took 0.081 seconds
[2026-04-27T22:43:57.696+0000] {processor.py:186} INFO - Started process (PID=20443) to work on /usr/local/python/3.12.1/lib/python3.12/site-packages/airflow/example_dags/example_trigger_target_dag.py
[2026-04-27T22:43:57.697+0000] {processor.py:914} INFO - Processing file /usr/local/python/3.12.1/lib/python3.12/site-packages/airflow/example_dags/example_trigger_target_dag.py for tasks to queue
[2026-04-27T22:43:57.698+0000] {logging_mixin.py:190} INFO - [2026-04-27T22:43:57.698+0000] {dagbag.py:588} INFO - Filling up the DagBag from /usr/local/python/3.12.1/lib/python3.12/site-packages/airflow/example_dags/example_trigger_target_dag.py
[2026-04-27T22:43:57.705+0000] {processor.py:925} INFO - DAG(s) 'example_trigger_target_dag' retrieved from /usr/local/python/3.12.1/lib/python3.12/site-packages/airflow/example_dags/example_trigger_target_dag.py
[2026-04-27T22:43:57.716+0000] {logging_mixin.py:190} INFO - [2026-04-27T22:43:57.716+0000] {dag.py:3239} INFO - Sync 1 DAGs
[2026-04-27T22:43:57.725+0000] {logging_mixin.py:190} INFO - [2026-04-27T22:43:57.725+0000] {dag.py:4180} INFO - Setting next_dagrun for example_trigger_target_dag to None, run_after=None
[2026-04-27T22:43:57.742+0000] {processor.py:208} INFO - Processing /usr/local/python/3.12.1/lib/python3.12/site-packages/airflow/example_dags/example_trigger_target_dag.py took 0.050 seconds
[2026-04-27T22:45:17.932+0000] {processor.py:186} INFO - Started process (PID=21307) to work on /usr/local/python/3.12.1/lib/python3.12/site-packages/airflow/example_dags/example_trigger_target_dag.py
[2026-04-27T22:45:17.933+0000] {processor.py:914} INFO - Processing file /usr/local/python/3.12.1/lib/python3.12/site-packages/airflow/example_dags/example_trigger_target_dag.py for tasks to queue
[2026-04-27T22:45:17.934+0000] {logging_mixin.py:190} INFO - [2026-04-27T22:45:17.934+0000] {dagbag.py:588} INFO - Filling up the DagBag from /usr/local/python/3.12.1/lib/python3.12/site-packages/airflow/example_dags/example_trigger_target_dag.py
[2026-04-27T22:45:17.941+0000] {processor.py:925} INFO - DAG(s) 'example_trigger_target_dag' retrieved from /usr/local/python/3.12.1/lib/python3.12/site-packages/airflow/example_dags/example_trigger_target_dag.py
[2026-04-27T22:45:17.953+0000] {logging_mixin.py:190} INFO - [2026-04-27T22:45:17.953+0000] {dag.py:3239} INFO - Sync 1 DAGs
[2026-04-27T22:45:17.963+0000] {logging_mixin.py:190} INFO - [2026-04-27T22:45:17.962+0000] {dag.py:4180} INFO - Setting next_dagrun for example_trigger_target_dag to None, run_after=None
[2026-04-27T22:45:17.979+0000] {processor.py:208} INFO - Processing /usr/local/python/3.12.1/lib/python3.12/site-packages/airflow/example_dags/example_trigger_target_dag.py took 0.051 seconds
[2026-04-27T22:46:39.091+0000] {processor.py:186} INFO - Started process (PID=22176) to work on /usr/local/python/3.12.1/lib/python3.12/site-packages/airflow/example_dags/example_trigger_target_dag.py
[2026-04-27T22:46:39.092+0000] {processor.py:914} INFO - Processing file /usr/local/python/3.12.1/lib/python3.12/site-packages/airflow/example_dags/example_trigger_target_dag.py for tasks to queue
[2026-04-27T22:46:39.093+0000] {logging_mixin.py:190} INFO - [2026-04-27T22:46:39.093+0000] {dagbag.py:588} INFO - Filling up the DagBag from /usr/local/python/3.12.1/lib/python3.12/site-packages/airflow/example_dags/example_trigger_target_dag.py
[2026-04-27T22:46:39.100+0000] {processor.py:925} INFO - DAG(s) 'example_trigger_target_dag' retrieved from /usr/local/python/3.12.1/lib/python3.12/site-packages/airflow/example_dags/example_trigger_target_dag.py
[2026-04-27T22:46:39.113+0000] {logging_mixin.py:190} INFO - [2026-04-27T22:46:39.112+0000] {dag.py:3239} INFO - Sync 1 DAGs
[2026-04-27T22:46:39.125+0000] {logging_mixin.py:190} INFO - [2026-04-27T22:46:39.125+0000] {dag.py:4180} INFO - Setting next_dagrun for example_trigger_target_dag to None, run_after=None
[2026-04-27T22:46:39.143+0000] {processor.py:208} INFO - Processing /usr/local/python/3.12.1/lib/python3.12/site-packages/airflow/example_dags/example_trigger_target_dag.py took 0.056 seconds
[2026-04-27T22:47:57.560+0000] {processor.py:186} INFO - Started process (PID=23035) to work on /usr/local/python/3.12.1/lib/python3.12/site-packages/airflow/example_dags/example_trigger_target_dag.py
[2026-04-27T22:47:57.561+0000] {processor.py:914} INFO - Processing file /usr/local/python/3.12.1/lib/python3.12/site-packages/airflow/example_dags/example_trigger_target_dag.py for tasks to queue
[2026-04-27T22:47:57.562+0000] {logging_mixin.py:190} INFO - [2026-04-27T22:47:57.562+0000] {dagbag.py:588} INFO - Filling up the DagBag from /usr/local/python/3.12.1/lib/python3.12/site-packages/airflow/example_dags/example_trigger_target_dag.py
[2026-04-27T22:47:57.569+0000] {processor.py:925} INFO - DAG(s) 'example_trigger_target_dag' retrieved from /usr/local/python/3.12.1/lib/python3.12/site-packages/airflow/example_dags/example_trigger_target_dag.py
[2026-04-27T22:47:57.582+0000] {logging_mixin.py:190} INFO - [2026-04-27T22:47:57.582+0000] {dag.py:3239} INFO - Sync 1 DAGs
[2026-04-27T22:47:57.593+0000] {logging_mixin.py:190} INFO - [2026-04-27T22:47:57.592+0000] {dag.py:4180} INFO - Setting next_dagrun for example_trigger_target_dag to None, run_after=None
[2026-04-27T22:47:57.611+0000] {processor.py:208} INFO - Processing /usr/local/python/3.12.1/lib/python3.12/site-packages/airflow/example_dags/example_trigger_target_dag.py took 0.055 seconds
[2026-04-27T22:49:15.570+0000] {processor.py:186} INFO - Started process (PID=23793) to work on /usr/local/python/3.12.1/lib/python3.12/site-packages/airflow/example_dags/example_trigger_target_dag.py
[2026-04-27T22:49:15.570+0000] {processor.py:914} INFO - Processing file /usr/local/python/3.12.1/lib/python3.12/site-packages/airflow/example_dags/example_trigger_target_dag.py for tasks to queue
[2026-04-27T22:49:15.572+0000] {logging_mixin.py:190} INFO - [2026-04-27T22:49:15.572+0000] {dagbag.py:588} INFO - Filling up the DagBag from /usr/local/python/3.12.1/lib/python3.12/site-packages/airflow/example_dags/example_trigger_target_dag.py
[2026-04-27T22:49:15.579+0000] {processor.py:925} INFO - DAG(s) 'example_trigger_target_dag' retrieved from /usr/local/python/3.12.1/lib/python3.12/site-packages/airflow/example_dags/example_trigger_target_dag.py
[2026-04-27T22:49:15.591+0000] {logging_mixin.py:190} INFO - [2026-04-27T22:49:15.591+0000] {dag.py:3239} INFO - Sync 1 DAGs
[2026-04-27T22:49:15.600+0000] {logging_mixin.py:190} INFO - [2026-04-27T22:49:15.600+0000] {dag.py:4180} INFO - Setting next_dagrun for example_trigger_target_dag to None, run_after=None
[2026-04-27T22:49:15.616+0000] {processor.py:208} INFO - Processing /usr/local/python/3.12.1/lib/python3.12/site-packages/airflow/example_dags/example_trigger_target_dag.py took 0.051 seconds
[2026-04-27T22:50:36.042+0000] {processor.py:186} INFO - Started process (PID=24681) to work on /usr/local/python/3.12.1/lib/python3.12/site-packages/airflow/example_dags/example_trigger_target_dag.py
[2026-04-27T22:50:36.043+0000] {processor.py:914} INFO - Processing file /usr/local/python/3.12.1/lib/python3.12/site-packages/airflow/example_dags/example_trigger_target_dag.py for tasks to queue
[2026-04-27T22:50:36.045+0000] {logging_mixin.py:190} INFO - [2026-04-27T22:50:36.045+0000] {dagbag.py:588} INFO - Filling up the DagBag from /usr/local/python/3.12.1/lib/python3.12/site-packages/airflow/example_dags/example_trigger_target_dag.py
[2026-04-27T22:50:36.056+0000] {processor.py:925} INFO - DAG(s) 'example_trigger_target_dag' retrieved from /usr/local/python/3.12.1/lib/python3.12/site-packages/airflow/example_dags/example_trigger_target_dag.py
[2026-04-27T22:50:36.075+0000] {logging_mixin.py:190} INFO - [2026-04-27T22:50:36.075+0000] {dag.py:3239} INFO - Sync 1 DAGs
[2026-04-27T22:50:36.085+0000] {logging_mixin.py:190} INFO - [2026-04-27T22:50:36.084+0000] {dag.py:4180} INFO - Setting next_dagrun for example_trigger_target_dag to None, run_after=None
[2026-04-27T22:50:36.101+0000] {processor.py:208} INFO - Processing /usr/local/python/3.12.1/lib/python3.12/site-packages/airflow/example_dags/example_trigger_target_dag.py took 0.063 seconds
[2026-04-27T22:51:52.245+0000] {processor.py:186} INFO - Started process (PID=25557) to work on /usr/local/python/3.12.1/lib/python3.12/site-packages/airflow/example_dags/example_trigger_target_dag.py
[2026-04-27T22:51:52.246+0000] {processor.py:914} INFO - Processing file /usr/local/python/3.12.1/lib/python3.12/site-packages/airflow/example_dags/example_trigger_target_dag.py for tasks to queue
[2026-04-27T22:51:52.247+0000] {logging_mixin.py:190} INFO - [2026-04-27T22:51:52.247+0000] {dagbag.py:588} INFO - Filling up the DagBag from /usr/local/python/3.12.1/lib/python3.12/site-packages/airflow/example_dags/example_trigger_target_dag.py
[2026-04-27T22:51:52.254+0000] {processor.py:925} INFO - DAG(s) 'example_trigger_target_dag' retrieved from /usr/local/python/3.12.1/lib/python3.12/site-packages/airflow/example_dags/example_trigger_target_dag.py
[2026-04-27T22:51:52.266+0000] {logging_mixin.py:190} INFO - [2026-04-27T22:51:52.266+0000] {dag.py:3239} INFO - Sync 1 DAGs
[2026-04-27T22:51:52.275+0000] {logging_mixin.py:190} INFO - [2026-04-27T22:51:52.275+0000] {dag.py:4180} INFO - Setting next_dagrun for example_trigger_target_dag to None, run_after=None
[2026-04-27T22:51:52.291+0000] {processor.py:208} INFO - Processing /usr/local/python/3.12.1/lib/python3.12/site-packages/airflow/example_dags/example_trigger_target_dag.py took 0.050 seconds
[2026-04-27T22:53:11.797+0000] {processor.py:186} INFO - Started process (PID=26426) to work on /usr/local/python/3.12.1/lib/python3.12/site-packages/airflow/example_dags/example_trigger_target_dag.py
[2026-04-27T22:53:11.798+0000] {processor.py:914} INFO - Processing file /usr/local/python/3.12.1/lib/python3.12/site-packages/airflow/example_dags/example_trigger_target_dag.py for tasks to queue
[2026-04-27T22:53:11.800+0000] {logging_mixin.py:190} INFO - [2026-04-27T22:53:11.799+0000] {dagbag.py:588} INFO - Filling up the DagBag from /usr/local/python/3.12.1/lib/python3.12/site-packages/airflow/example_dags/example_trigger_target_dag.py
[2026-04-27T22:53:11.806+0000] {processor.py:925} INFO - DAG(s) 'example_trigger_target_dag' retrieved from /usr/local/python/3.12.1/lib/python3.12/site-packages/airflow/example_dags/example_trigger_target_dag.py
[2026-04-27T22:53:11.818+0000] {logging_mixin.py:190} INFO - [2026-04-27T22:53:11.817+0000] {dag.py:3239} INFO - Sync 1 DAGs
[2026-04-27T22:53:11.827+0000] {logging_mixin.py:190} INFO - [2026-04-27T22:53:11.826+0000] {dag.py:4180} INFO - Setting next_dagrun for example_trigger_target_dag to None, run_after=None
[2026-04-27T22:53:11.843+0000] {processor.py:208} INFO - Processing /usr/local/python/3.12.1/lib/python3.12/site-packages/airflow/example_dags/example_trigger_target_dag.py took 0.050 seconds
[2026-04-27T22:54:33.134+0000] {processor.py:186} INFO - Started process (PID=27234) to work on /usr/local/python/3.12.1/lib/python3.12/site-packages/airflow/example_dags/example_trigger_target_dag.py
[2026-04-27T22:54:33.135+0000] {processor.py:914} INFO - Processing file /usr/local/python/3.12.1/lib/python3.12/site-packages/airflow/example_dags/example_trigger_target_dag.py for tasks to queue
[2026-04-27T22:54:33.136+0000] {logging_mixin.py:190} INFO - [2026-04-27T22:54:33.136+0000] {dagbag.py:588} INFO - Filling up the DagBag from /usr/local/python/3.12.1/lib/python3.12/site-packages/airflow/example_dags/example_trigger_target_dag.py
[2026-04-27T22:54:33.143+0000] {processor.py:925} INFO - DAG(s) 'example_trigger_target_dag' retrieved from /usr/local/python/3.12.1/lib/python3.12/site-packages/airflow/example_dags/example_trigger_target_dag.py
[2026-04-27T22:54:33.155+0000] {logging_mixin.py:190} INFO - [2026-04-27T22:54:33.154+0000] {dag.py:3239} INFO - Sync 1 DAGs
[2026-04-27T22:54:33.164+0000] {logging_mixin.py:190} INFO - [2026-04-27T22:54:33.163+0000] {dag.py:4180} INFO - Setting next_dagrun for example_trigger_target_dag to None, run_after=None
[2026-04-27T22:54:33.179+0000] {processor.py:208} INFO - Processing /usr/local/python/3.12.1/lib/python3.12/site-packages/airflow/example_dags/example_trigger_target_dag.py took 0.050 seconds
[2026-04-27T22:55:52.073+0000] {processor.py:186} INFO - Started process (PID=28208) to work on /usr/local/python/3.12.1/lib/python3.12/site-packages/airflow/example_dags/example_trigger_target_dag.py
[2026-04-27T22:55:52.074+0000] {processor.py:914} INFO - Processing file /usr/local/python/3.12.1/lib/python3.12/site-packages/airflow/example_dags/example_trigger_target_dag.py for tasks to queue
[2026-04-27T22:55:52.075+0000] {logging_mixin.py:190} INFO - [2026-04-27T22:55:52.075+0000] {dagbag.py:588} INFO - Filling up the DagBag from /usr/local/python/3.12.1/lib/python3.12/site-packages/airflow/example_dags/example_trigger_target_dag.py
[2026-04-27T22:55:52.082+0000] {processor.py:925} INFO - DAG(s) 'example_trigger_target_dag' retrieved from /usr/local/python/3.12.1/lib/python3.12/site-packages/airflow/example_dags/example_trigger_target_dag.py
[2026-04-27T22:55:52.096+0000] {logging_mixin.py:190} INFO - [2026-04-27T22:55:52.096+0000] {dag.py:3239} INFO - Sync 1 DAGs
[2026-04-27T22:55:52.107+0000] {logging_mixin.py:190} INFO - [2026-04-27T22:55:52.107+0000] {dag.py:4180} INFO - Setting next_dagrun for example_trigger_target_dag to None, run_after=None
[2026-04-27T22:55:52.123+0000] {processor.py:208} INFO - Processing /usr/local/python/3.12.1/lib/python3.12/site-packages/airflow/example_dags/example_trigger_target_dag.py took 0.054 seconds
[2026-04-27T22:57:12.066+0000] {processor.py:186} INFO - Started process (PID=29059) to work on /usr/local/python/3.12.1/lib/python3.12/site-packages/airflow/example_dags/example_trigger_target_dag.py
[2026-04-27T22:57:12.067+0000] {processor.py:914} INFO - Processing file /usr/local/python/3.12.1/lib/python3.12/site-packages/airflow/example_dags/example_trigger_target_dag.py for tasks to queue
[2026-04-27T22:57:12.069+0000] {logging_mixin.py:190} INFO - [2026-04-27T22:57:12.068+0000] {dagbag.py:588} INFO - Filling up the DagBag from /usr/local/python/3.12.1/lib/python3.12/site-packages/airflow/example_dags/example_trigger_target_dag.py
[2026-04-27T22:57:12.075+0000] {processor.py:925} INFO - DAG(s) 'example_trigger_target_dag' retrieved from /usr/local/python/3.12.1/lib/python3.12/site-packages/airflow/example_dags/example_trigger_target_dag.py
[2026-04-27T22:57:12.089+0000] {logging_mixin.py:190} INFO - [2026-04-27T22:57:12.089+0000] {dag.py:3239} INFO - Sync 1 DAGs
[2026-04-27T22:57:12.102+0000] {logging_mixin.py:190} INFO - [2026-04-27T22:57:12.101+0000] {dag.py:4180} INFO - Setting next_dagrun for example_trigger_target_dag to None, run_after=None
[2026-04-27T22:57:12.121+0000] {processor.py:208} INFO - Processing /usr/local/python/3.12.1/lib/python3.12/site-packages/airflow/example_dags/example_trigger_target_dag.py took 0.059 seconds
[2026-04-27T22:58:34.287+0000] {processor.py:186} INFO - Started process (PID=29874) to work on /usr/local/python/3.12.1/lib/python3.12/site-packages/airflow/example_dags/example_trigger_target_dag.py
[2026-04-27T22:58:34.287+0000] {processor.py:914} INFO - Processing file /usr/local/python/3.12.1/lib/python3.12/site-packages/airflow/example_dags/example_trigger_target_dag.py for tasks to queue
[2026-04-27T22:58:34.289+0000] {logging_mixin.py:190} INFO - [2026-04-27T22:58:34.289+0000] {dagbag.py:588} INFO - Filling up the DagBag from /usr/local/python/3.12.1/lib/python3.12/site-packages/airflow/example_dags/example_trigger_target_dag.py
[2026-04-27T22:58:34.296+0000] {processor.py:925} INFO - DAG(s) 'example_trigger_target_dag' retrieved from /usr/local/python/3.12.1/lib/python3.12/site-packages/airflow/example_dags/example_trigger_target_dag.py
[2026-04-27T22:58:34.308+0000] {logging_mixin.py:190} INFO - [2026-04-27T22:58:34.307+0000] {dag.py:3239} INFO - Sync 1 DAGs
[2026-04-27T22:58:34.319+0000] {logging_mixin.py:190} INFO - [2026-04-27T22:58:34.319+0000] {dag.py:4180} INFO - Setting next_dagrun for example_trigger_target_dag to None, run_after=None
[2026-04-27T22:58:34.340+0000] {processor.py:208} INFO - Processing /usr/local/python/3.12.1/lib/python3.12/site-packages/airflow/example_dags/example_trigger_target_dag.py took 0.058 seconds
[2026-04-27T22:59:54.186+0000] {processor.py:186} INFO - Started process (PID=30788) to work on /usr/local/python/3.12.1/lib/python3.12/site-packages/airflow/example_dags/example_trigger_target_dag.py
[2026-04-27T22:59:54.187+0000] {processor.py:914} INFO - Processing file /usr/local/python/3.12.1/lib/python3.12/site-packages/airflow/example_dags/example_trigger_target_dag.py for tasks to queue
[2026-04-27T22:59:54.188+0000] {logging_mixin.py:190} INFO - [2026-04-27T22:59:54.188+0000] {dagbag.py:588} INFO - Filling up the DagBag from /usr/local/python/3.12.1/lib/python3.12/site-packages/airflow/example_dags/example_trigger_target_dag.py
[2026-04-27T22:59:54.195+0000] {processor.py:925} INFO - DAG(s) 'example_trigger_target_dag' retrieved from /usr/local/python/3.12.1/lib/python3.12/site-packages/airflow/example_dags/example_trigger_target_dag.py
[2026-04-27T22:59:54.207+0000] {logging_mixin.py:190} INFO - [2026-04-27T22:59:54.206+0000] {dag.py:3239} INFO - Sync 1 DAGs
[2026-04-27T22:59:54.216+0000] {logging_mixin.py:190} INFO - [2026-04-27T22:59:54.216+0000] {dag.py:4180} INFO - Setting next_dagrun for example_trigger_target_dag to None, run_after=None
[2026-04-27T22:59:54.233+0000] {processor.py:208} INFO - Processing /usr/local/python/3.12.1/lib/python3.12/site-packages/airflow/example_dags/example_trigger_target_dag.py took 0.051 seconds
[2026-04-27T23:01:14.653+0000] {processor.py:186} INFO - Started process (PID=31723) to work on /usr/local/python/3.12.1/lib/python3.12/site-packages/airflow/example_dags/example_trigger_target_dag.py
[2026-04-27T23:01:14.653+0000] {processor.py:914} INFO - Processing file /usr/local/python/3.12.1/lib/python3.12/site-packages/airflow/example_dags/example_trigger_target_dag.py for tasks to queue
[2026-04-27T23:01:14.655+0000] {logging_mixin.py:190} INFO - [2026-04-27T23:01:14.655+0000] {dagbag.py:588} INFO - Filling up the DagBag from /usr/local/python/3.12.1/lib/python3.12/site-packages/airflow/example_dags/example_trigger_target_dag.py
[2026-04-27T23:01:14.663+0000] {processor.py:925} INFO - DAG(s) 'example_trigger_target_dag' retrieved from /usr/local/python/3.12.1/lib/python3.12/site-packages/airflow/example_dags/example_trigger_target_dag.py
[2026-04-27T23:01:14.675+0000] {logging_mixin.py:190} INFO - [2026-04-27T23:01:14.675+0000] {dag.py:3239} INFO - Sync 1 DAGs
[2026-04-27T23:01:14.684+0000] {logging_mixin.py:190} INFO - [2026-04-27T23:01:14.684+0000] {dag.py:4180} INFO - Setting next_dagrun for example_trigger_target_dag to None, run_after=None
[2026-04-27T23:01:14.700+0000] {processor.py:208} INFO - Processing /usr/local/python/3.12.1/lib/python3.12/site-packages/airflow/example_dags/example_trigger_target_dag.py took 0.052 seconds
[2026-04-27T23:02:36.523+0000] {processor.py:186} INFO - Started process (PID=32564) to work on /usr/local/python/3.12.1/lib/python3.12/site-packages/airflow/example_dags/example_trigger_target_dag.py
[2026-04-27T23:02:36.524+0000] {processor.py:914} INFO - Processing file /usr/local/python/3.12.1/lib/python3.12/site-packages/airflow/example_dags/example_trigger_target_dag.py for tasks to queue
[2026-04-27T23:02:36.526+0000] {logging_mixin.py:190} INFO - [2026-04-27T23:02:36.525+0000] {dagbag.py:588} INFO - Filling up the DagBag from /usr/local/python/3.12.1/lib/python3.12/site-packages/airflow/example_dags/example_trigger_target_dag.py
[2026-04-27T23:02:36.533+0000] {processor.py:925} INFO - DAG(s) 'example_trigger_target_dag' retrieved from /usr/local/python/3.12.1/lib/python3.12/site-packages/airflow/example_dags/example_trigger_target_dag.py
[2026-04-27T23:02:36.544+0000] {logging_mixin.py:190} INFO - [2026-04-27T23:02:36.544+0000] {dag.py:3239} INFO - Sync 1 DAGs
[2026-04-27T23:02:36.554+0000] {logging_mixin.py:190} INFO - [2026-04-27T23:02:36.554+0000] {dag.py:4180} INFO - Setting next_dagrun for example_trigger_target_dag to None, run_after=None
[2026-04-27T23:02:36.570+0000] {processor.py:208} INFO - Processing /usr/local/python/3.12.1/lib/python3.12/site-packages/airflow/example_dags/example_trigger_target_dag.py took 0.051 seconds
[2026-04-27T23:03:58.791+0000] {processor.py:186} INFO - Started process (PID=33531) to work on /usr/local/python/3.12.1/lib/python3.12/site-packages/airflow/example_dags/example_trigger_target_dag.py
[2026-04-27T23:03:58.791+0000] {processor.py:914} INFO - Processing file /usr/local/python/3.12.1/lib/python3.12/site-packages/airflow/example_dags/example_trigger_target_dag.py for tasks to queue
[2026-04-27T23:03:58.793+0000] {logging_mixin.py:190} INFO - [2026-04-27T23:03:58.793+0000] {dagbag.py:588} INFO - Filling up the DagBag from /usr/local/python/3.12.1/lib/python3.12/site-packages/airflow/example_dags/example_trigger_target_dag.py
[2026-04-27T23:03:58.799+0000] {processor.py:925} INFO - DAG(s) 'example_trigger_target_dag' retrieved from /usr/local/python/3.12.1/lib/python3.12/site-packages/airflow/example_dags/example_trigger_target_dag.py
[2026-04-27T23:03:58.811+0000] {logging_mixin.py:190} INFO - [2026-04-27T23:03:58.811+0000] {dag.py:3239} INFO - Sync 1 DAGs
[2026-04-27T23:03:58.820+0000] {logging_mixin.py:190} INFO - [2026-04-27T23:03:58.820+0000] {dag.py:4180} INFO - Setting next_dagrun for example_trigger_target_dag to None, run_after=None
[2026-04-27T23:03:58.837+0000] {processor.py:208} INFO - Processing /usr/local/python/3.12.1/lib/python3.12/site-packages/airflow/example_dags/example_trigger_target_dag.py took 0.051 seconds
[2026-04-27T23:05:16.896+0000] {processor.py:186} INFO - Started process (PID=34379) to work on /usr/local/python/3.12.1/lib/python3.12/site-packages/airflow/example_dags/example_trigger_target_dag.py
[2026-04-27T23:05:16.897+0000] {processor.py:914} INFO - Processing file /usr/local/python/3.12.1/lib/python3.12/site-packages/airflow/example_dags/example_trigger_target_dag.py for tasks to queue
[2026-04-27T23:05:16.898+0000] {logging_mixin.py:190} INFO - [2026-04-27T23:05:16.898+0000] {dagbag.py:588} INFO - Filling up the DagBag from /usr/local/python/3.12.1/lib/python3.12/site-packages/airflow/example_dags/example_trigger_target_dag.py
[2026-04-27T23:05:16.904+0000] {processor.py:925} INFO - DAG(s) 'example_trigger_target_dag' retrieved from /usr/local/python/3.12.1/lib/python3.12/site-packages/airflow/example_dags/example_trigger_target_dag.py
[2026-04-27T23:05:16.916+0000] {logging_mixin.py:190} INFO - [2026-04-27T23:05:16.916+0000] {dag.py:3239} INFO - Sync 1 DAGs
[2026-04-27T23:05:16.925+0000] {logging_mixin.py:190} INFO - [2026-04-27T23:05:16.925+0000] {dag.py:4180} INFO - Setting next_dagrun for example_trigger_target_dag to None, run_after=None
[2026-04-27T23:05:16.942+0000] {processor.py:208} INFO - Processing /usr/local/python/3.12.1/lib/python3.12/site-packages/airflow/example_dags/example_trigger_target_dag.py took 0.050 seconds
[2026-04-27T23:06:40.003+0000] {processor.py:186} INFO - Started process (PID=35256) to work on /usr/local/python/3.12.1/lib/python3.12/site-packages/airflow/example_dags/example_trigger_target_dag.py
[2026-04-27T23:06:40.004+0000] {processor.py:914} INFO - Processing file /usr/local/python/3.12.1/lib/python3.12/site-packages/airflow/example_dags/example_trigger_target_dag.py for tasks to queue
[2026-04-27T23:06:40.005+0000] {logging_mixin.py:190} INFO - [2026-04-27T23:06:40.005+0000] {dagbag.py:588} INFO - Filling up the DagBag from /usr/local/python/3.12.1/lib/python3.12/site-packages/airflow/example_dags/example_trigger_target_dag.py
[2026-04-27T23:06:40.012+0000] {processor.py:925} INFO - DAG(s) 'example_trigger_target_dag' retrieved from /usr/local/python/3.12.1/lib/python3.12/site-packages/airflow/example_dags/example_trigger_target_dag.py
[2026-04-27T23:06:40.023+0000] {logging_mixin.py:190} INFO - [2026-04-27T23:06:40.023+0000] {dag.py:3239} INFO - Sync 1 DAGs
[2026-04-27T23:06:40.033+0000] {logging_mixin.py:190} INFO - [2026-04-27T23:06:40.033+0000] {dag.py:4180} INFO - Setting next_dagrun for example_trigger_target_dag to None, run_after=None
[2026-04-27T23:06:40.049+0000] {processor.py:208} INFO - Processing /usr/local/python/3.12.1/lib/python3.12/site-packages/airflow/example_dags/example_trigger_target_dag.py took 0.050 seconds
[2026-04-27T23:08:01.314+0000] {processor.py:186} INFO - Started process (PID=36183) to work on /usr/local/python/3.12.1/lib/python3.12/site-packages/airflow/example_dags/example_trigger_target_dag.py
[2026-04-27T23:08:01.314+0000] {processor.py:914} INFO - Processing file /usr/local/python/3.12.1/lib/python3.12/site-packages/airflow/example_dags/example_trigger_target_dag.py for tasks to queue
[2026-04-27T23:08:01.316+0000] {logging_mixin.py:190} INFO - [2026-04-27T23:08:01.316+0000] {dagbag.py:588} INFO - Filling up the DagBag from /usr/local/python/3.12.1/lib/python3.12/site-packages/airflow/example_dags/example_trigger_target_dag.py
[2026-04-27T23:08:01.323+0000] {processor.py:925} INFO - DAG(s) 'example_trigger_target_dag' retrieved from /usr/local/python/3.12.1/lib/python3.12/site-packages/airflow/example_dags/example_trigger_target_dag.py
[2026-04-27T23:08:01.334+0000] {logging_mixin.py:190} INFO - [2026-04-27T23:08:01.334+0000] {dag.py:3239} INFO - Sync 1 DAGs
[2026-04-27T23:08:01.343+0000] {logging_mixin.py:190} INFO - [2026-04-27T23:08:01.343+0000] {dag.py:4180} INFO - Setting next_dagrun for example_trigger_target_dag to None, run_after=None
[2026-04-27T23:08:01.359+0000] {processor.py:208} INFO - Processing /usr/local/python/3.12.1/lib/python3.12/site-packages/airflow/example_dags/example_trigger_target_dag.py took 0.050 seconds
[2026-04-27T23:09:22.222+0000] {processor.py:186} INFO - Started process (PID=36993) to work on /usr/local/python/3.12.1/lib/python3.12/site-packages/airflow/example_dags/example_trigger_target_dag.py
[2026-04-27T23:09:22.223+0000] {processor.py:914} INFO - Processing file /usr/local/python/3.12.1/lib/python3.12/site-packages/airflow/example_dags/example_trigger_target_dag.py for tasks to queue
[2026-04-27T23:09:22.224+0000] {logging_mixin.py:190} INFO - [2026-04-27T23:09:22.224+0000] {dagbag.py:588} INFO - Filling up the DagBag from /usr/local/python/3.12.1/lib/python3.12/site-packages/airflow/example_dags/example_trigger_target_dag.py
[2026-04-27T23:09:22.232+0000] {processor.py:925} INFO - DAG(s) 'example_trigger_target_dag' retrieved from /usr/local/python/3.12.1/lib/python3.12/site-packages/airflow/example_dags/example_trigger_target_dag.py
[2026-04-27T23:09:22.243+0000] {logging_mixin.py:190} INFO - [2026-04-27T23:09:22.243+0000] {dag.py:3239} INFO - Sync 1 DAGs
[2026-04-27T23:09:22.252+0000] {logging_mixin.py:190} INFO - [2026-04-27T23:09:22.252+0000] {dag.py:4180} INFO - Setting next_dagrun for example_trigger_target_dag to None, run_after=None
[2026-04-27T23:09:22.268+0000] {processor.py:208} INFO - Processing /usr/local/python/3.12.1/lib/python3.12/site-packages/airflow/example_dags/example_trigger_target_dag.py took 0.050 seconds
[2026-04-27T23:10:42.313+0000] {processor.py:186} INFO - Started process (PID=37968) to work on /usr/local/python/3.12.1/lib/python3.12/site-packages/airflow/example_dags/example_trigger_target_dag.py
[2026-04-27T23:10:42.313+0000] {processor.py:914} INFO - Processing file /usr/local/python/3.12.1/lib/python3.12/site-packages/airflow/example_dags/example_trigger_target_dag.py for tasks to queue
[2026-04-27T23:10:42.315+0000] {logging_mixin.py:190} INFO - [2026-04-27T23:10:42.315+0000] {dagbag.py:588} INFO - Filling up the DagBag from /usr/local/python/3.12.1/lib/python3.12/site-packages/airflow/example_dags/example_trigger_target_dag.py
[2026-04-27T23:10:42.322+0000] {processor.py:925} INFO - DAG(s) 'example_trigger_target_dag' retrieved from /usr/local/python/3.12.1/lib/python3.12/site-packages/airflow/example_dags/example_trigger_target_dag.py
[2026-04-27T23:10:42.333+0000] {logging_mixin.py:190} INFO - [2026-04-27T23:10:42.333+0000] {dag.py:3239} INFO - Sync 1 DAGs
[2026-04-27T23:10:42.343+0000] {logging_mixin.py:190} INFO - [2026-04-27T23:10:42.342+0000] {dag.py:4180} INFO - Setting next_dagrun for example_trigger_target_dag to None, run_after=None
[2026-04-27T23:10:42.359+0000] {processor.py:208} INFO - Processing /usr/local/python/3.12.1/lib/python3.12/site-packages/airflow/example_dags/example_trigger_target_dag.py took 0.050 seconds
[2026-04-27T23:12:01.549+0000] {processor.py:186} INFO - Started process (PID=38829) to work on /usr/local/python/3.12.1/lib/python3.12/site-packages/airflow/example_dags/example_trigger_target_dag.py
[2026-04-27T23:12:01.550+0000] {processor.py:914} INFO - Processing file /usr/local/python/3.12.1/lib/python3.12/site-packages/airflow/example_dags/example_trigger_target_dag.py for tasks to queue
[2026-04-27T23:12:01.552+0000] {logging_mixin.py:190} INFO - [2026-04-27T23:12:01.552+0000] {dagbag.py:588} INFO - Filling up the DagBag from /usr/local/python/3.12.1/lib/python3.12/site-packages/airflow/example_dags/example_trigger_target_dag.py
[2026-04-27T23:12:01.560+0000] {processor.py:925} INFO - DAG(s) 'example_trigger_target_dag' retrieved from /usr/local/python/3.12.1/lib/python3.12/site-packages/airflow/example_dags/example_trigger_target_dag.py
[2026-04-27T23:12:01.604+0000] {logging_mixin.py:190} INFO - [2026-04-27T23:12:01.604+0000] {dag.py:3239} INFO - Sync 1 DAGs
[2026-04-27T23:12:01.619+0000] {logging_mixin.py:190} INFO - [2026-04-27T23:12:01.619+0000] {dag.py:4180} INFO - Setting next_dagrun for example_trigger_target_dag to None, run_after=None
[2026-04-27T23:12:01.640+0000] {processor.py:208} INFO - Processing /usr/local/python/3.12.1/lib/python3.12/site-packages/airflow/example_dags/example_trigger_target_dag.py took 0.095 seconds
[2026-04-27T23:13:21.340+0000] {processor.py:186} INFO - Started process (PID=39610) to work on /usr/local/python/3.12.1/lib/python3.12/site-packages/airflow/example_dags/example_trigger_target_dag.py
[2026-04-27T23:13:21.340+0000] {processor.py:914} INFO - Processing file /usr/local/python/3.12.1/lib/python3.12/site-packages/airflow/example_dags/example_trigger_target_dag.py for tasks to queue
[2026-04-27T23:13:21.342+0000] {logging_mixin.py:190} INFO - [2026-04-27T23:13:21.342+0000] {dagbag.py:588} INFO - Filling up the DagBag from /usr/local/python/3.12.1/lib/python3.12/site-packages/airflow/example_dags/example_trigger_target_dag.py
[2026-04-27T23:13:21.349+0000] {processor.py:925} INFO - DAG(s) 'example_trigger_target_dag' retrieved from /usr/local/python/3.12.1/lib/python3.12/site-packages/airflow/example_dags/example_trigger_target_dag.py
[2026-04-27T23:13:21.361+0000] {logging_mixin.py:190} INFO - [2026-04-27T23:13:21.361+0000] {dag.py:3239} INFO - Sync 1 DAGs
[2026-04-27T23:13:21.376+0000] {logging_mixin.py:190} INFO - [2026-04-27T23:13:21.376+0000] {dag.py:4180} INFO - Setting next_dagrun for example_trigger_target_dag to None, run_after=None
[2026-04-27T23:13:21.398+0000] {processor.py:208} INFO - Processing /usr/local/python/3.12.1/lib/python3.12/site-packages/airflow/example_dags/example_trigger_target_dag.py took 0.062 seconds
[2026-04-27T23:14:42.840+0000] {processor.py:186} INFO - Started process (PID=40535) to work on /usr/local/python/3.12.1/lib/python3.12/site-packages/airflow/example_dags/example_trigger_target_dag.py
[2026-04-27T23:14:42.840+0000] {processor.py:914} INFO - Processing file /usr/local/python/3.12.1/lib/python3.12/site-packages/airflow/example_dags/example_trigger_target_dag.py for tasks to queue
[2026-04-27T23:14:42.842+0000] {logging_mixin.py:190} INFO - [2026-04-27T23:14:42.842+0000] {dagbag.py:588} INFO - Filling up the DagBag from /usr/local/python/3.12.1/lib/python3.12/site-packages/airflow/example_dags/example_trigger_target_dag.py
[2026-04-27T23:14:42.848+0000] {processor.py:925} INFO - DAG(s) 'example_trigger_target_dag' retrieved from /usr/local/python/3.12.1/lib/python3.12/site-packages/airflow/example_dags/example_trigger_target_dag.py
[2026-04-27T23:14:42.860+0000] {logging_mixin.py:190} INFO - [2026-04-27T23:14:42.860+0000] {dag.py:3239} INFO - Sync 1 DAGs
[2026-04-27T23:14:42.869+0000] {logging_mixin.py:190} INFO - [2026-04-27T23:14:42.869+0000] {dag.py:4180} INFO - Setting next_dagrun for example_trigger_target_dag to None, run_after=None
[2026-04-27T23:14:42.885+0000] {processor.py:208} INFO - Processing /usr/local/python/3.12.1/lib/python3.12/site-packages/airflow/example_dags/example_trigger_target_dag.py took 0.050 seconds
[2026-04-27T23:15:59.326+0000] {processor.py:186} INFO - Started process (PID=41439) to work on /usr/local/python/3.12.1/lib/python3.12/site-packages/airflow/example_dags/example_trigger_target_dag.py
[2026-04-27T23:15:59.327+0000] {processor.py:914} INFO - Processing file /usr/local/python/3.12.1/lib/python3.12/site-packages/airflow/example_dags/example_trigger_target_dag.py for tasks to queue
[2026-04-27T23:15:59.329+0000] {logging_mixin.py:190} INFO - [2026-04-27T23:15:59.329+0000] {dagbag.py:588} INFO - Filling up the DagBag from /usr/local/python/3.12.1/lib/python3.12/site-packages/airflow/example_dags/example_trigger_target_dag.py
[2026-04-27T23:15:59.336+0000] {processor.py:925} INFO - DAG(s) 'example_trigger_target_dag' retrieved from /usr/local/python/3.12.1/lib/python3.12/site-packages/airflow/example_dags/example_trigger_target_dag.py
[2026-04-27T23:15:59.348+0000] {logging_mixin.py:190} INFO - [2026-04-27T23:15:59.348+0000] {dag.py:3239} INFO - Sync 1 DAGs
[2026-04-27T23:15:59.357+0000] {logging_mixin.py:190} INFO - [2026-04-27T23:15:59.357+0000] {dag.py:4180} INFO - Setting next_dagrun for example_trigger_target_dag to None, run_after=None
[2026-04-27T23:15:59.373+0000] {processor.py:208} INFO - Processing /usr/local/python/3.12.1/lib/python3.12/site-packages/airflow/example_dags/example_trigger_target_dag.py took 0.051 seconds
[2026-04-27T23:17:21.278+0000] {processor.py:186} INFO - Started process (PID=42242) to work on /usr/local/python/3.12.1/lib/python3.12/site-packages/airflow/example_dags/example_trigger_target_dag.py
[2026-04-27T23:17:21.279+0000] {processor.py:914} INFO - Processing file /usr/local/python/3.12.1/lib/python3.12/site-packages/airflow/example_dags/example_trigger_target_dag.py for tasks to queue
[2026-04-27T23:17:21.281+0000] {logging_mixin.py:190} INFO - [2026-04-27T23:17:21.280+0000] {dagbag.py:588} INFO - Filling up the DagBag from /usr/local/python/3.12.1/lib/python3.12/site-packages/airflow/example_dags/example_trigger_target_dag.py
[2026-04-27T23:17:21.287+0000] {processor.py:925} INFO - DAG(s) 'example_trigger_target_dag' retrieved from /usr/local/python/3.12.1/lib/python3.12/site-packages/airflow/example_dags/example_trigger_target_dag.py
[2026-04-27T23:17:21.299+0000] {logging_mixin.py:190} INFO - [2026-04-27T23:17:21.299+0000] {dag.py:3239} INFO - Sync 1 DAGs
[2026-04-27T23:17:21.308+0000] {logging_mixin.py:190} INFO - [2026-04-27T23:17:21.308+0000] {dag.py:4180} INFO - Setting next_dagrun for example_trigger_target_dag to None, run_after=None
[2026-04-27T23:17:21.324+0000] {processor.py:208} INFO - Processing /usr/local/python/3.12.1/lib/python3.12/site-packages/airflow/example_dags/example_trigger_target_dag.py took 0.051 seconds
[2026-04-27T23:18:41.799+0000] {processor.py:186} INFO - Started process (PID=43167) to work on /usr/local/python/3.12.1/lib/python3.12/site-packages/airflow/example_dags/example_trigger_target_dag.py
[2026-04-27T23:18:41.800+0000] {processor.py:914} INFO - Processing file /usr/local/python/3.12.1/lib/python3.12/site-packages/airflow/example_dags/example_trigger_target_dag.py for tasks to queue
[2026-04-27T23:18:41.803+0000] {logging_mixin.py:190} INFO - [2026-04-27T23:18:41.802+0000] {dagbag.py:588} INFO - Filling up the DagBag from /usr/local/python/3.12.1/lib/python3.12/site-packages/airflow/example_dags/example_trigger_target_dag.py
[2026-04-27T23:18:41.810+0000] {processor.py:925} INFO - DAG(s) 'example_trigger_target_dag' retrieved from /usr/local/python/3.12.1/lib/python3.12/site-packages/airflow/example_dags/example_trigger_target_dag.py
[2026-04-27T23:18:41.822+0000] {logging_mixin.py:190} INFO - [2026-04-27T23:18:41.822+0000] {dag.py:3239} INFO - Sync 1 DAGs
[2026-04-27T23:18:41.832+0000] {logging_mixin.py:190} INFO - [2026-04-27T23:18:41.832+0000] {dag.py:4180} INFO - Setting next_dagrun for example_trigger_target_dag to None, run_after=None
[2026-04-27T23:18:41.849+0000] {processor.py:208} INFO - Processing /usr/local/python/3.12.1/lib/python3.12/site-packages/airflow/example_dags/example_trigger_target_dag.py took 0.061 seconds
[2026-04-27T23:20:00.936+0000] {processor.py:186} INFO - Started process (PID=44026) to work on /usr/local/python/3.12.1/lib/python3.12/site-packages/airflow/example_dags/example_trigger_target_dag.py
[2026-04-27T23:20:00.937+0000] {processor.py:914} INFO - Processing file /usr/local/python/3.12.1/lib/python3.12/site-packages/airflow/example_dags/example_trigger_target_dag.py for tasks to queue
[2026-04-27T23:20:00.939+0000] {logging_mixin.py:190} INFO - [2026-04-27T23:20:00.939+0000] {dagbag.py:588} INFO - Filling up the DagBag from /usr/local/python/3.12.1/lib/python3.12/site-packages/airflow/example_dags/example_trigger_target_dag.py
[2026-04-27T23:20:00.947+0000] {processor.py:925} INFO - DAG(s) 'example_trigger_target_dag' retrieved from /usr/local/python/3.12.1/lib/python3.12/site-packages/airflow/example_dags/example_trigger_target_dag.py
[2026-04-27T23:20:00.959+0000] {logging_mixin.py:190} INFO - [2026-04-27T23:20:00.959+0000] {dag.py:3239} INFO - Sync 1 DAGs
[2026-04-27T23:20:00.968+0000] {logging_mixin.py:190} INFO - [2026-04-27T23:20:00.968+0000] {dag.py:4180} INFO - Setting next_dagrun for example_trigger_target_dag to None, run_after=None
[2026-04-27T23:20:00.984+0000] {processor.py:208} INFO - Processing /usr/local/python/3.12.1/lib/python3.12/site-packages/airflow/example_dags/example_trigger_target_dag.py took 0.053 seconds
[2026-04-27T23:21:21.094+0000] {processor.py:186} INFO - Started process (PID=44882) to work on /usr/local/python/3.12.1/lib/python3.12/site-packages/airflow/example_dags/example_trigger_target_dag.py
[2026-04-27T23:21:21.095+0000] {processor.py:914} INFO - Processing file /usr/local/python/3.12.1/lib/python3.12/site-packages/airflow/example_dags/example_trigger_target_dag.py for tasks to queue
[2026-04-27T23:21:21.097+0000] {logging_mixin.py:190} INFO - [2026-04-27T23:21:21.097+0000] {dagbag.py:588} INFO - Filling up the DagBag from /usr/local/python/3.12.1/lib/python3.12/site-packages/airflow/example_dags/example_trigger_target_dag.py
[2026-04-27T23:21:21.104+0000] {processor.py:925} INFO - DAG(s) 'example_trigger_target_dag' retrieved from /usr/local/python/3.12.1/lib/python3.12/site-packages/airflow/example_dags/example_trigger_target_dag.py
[2026-04-27T23:21:21.116+0000] {logging_mixin.py:190} INFO - [2026-04-27T23:21:21.116+0000] {dag.py:3239} INFO - Sync 1 DAGs
[2026-04-27T23:21:21.126+0000] {logging_mixin.py:190} INFO - [2026-04-27T23:21:21.126+0000] {dag.py:4180} INFO - Setting next_dagrun for example_trigger_target_dag to None, run_after=None
[2026-04-27T23:21:21.146+0000] {processor.py:208} INFO - Processing /usr/local/python/3.12.1/lib/python3.12/site-packages/airflow/example_dags/example_trigger_target_dag.py took 0.056 seconds
[2026-04-27T23:22:47.017+0000] {processor.py:186} INFO - Started process (PID=45834) to work on /usr/local/python/3.12.1/lib/python3.12/site-packages/airflow/example_dags/example_trigger_target_dag.py
[2026-04-27T23:22:47.018+0000] {processor.py:914} INFO - Processing file /usr/local/python/3.12.1/lib/python3.12/site-packages/airflow/example_dags/example_trigger_target_dag.py for tasks to queue
[2026-04-27T23:22:47.020+0000] {logging_mixin.py:190} INFO - [2026-04-27T23:22:47.020+0000] {dagbag.py:588} INFO - Filling up the DagBag from /usr/local/python/3.12.1/lib/python3.12/site-packages/airflow/example_dags/example_trigger_target_dag.py
[2026-04-27T23:22:47.029+0000] {processor.py:925} INFO - DAG(s) 'example_trigger_target_dag' retrieved from /usr/local/python/3.12.1/lib/python3.12/site-packages/airflow/example_dags/example_trigger_target_dag.py
[2026-04-27T23:22:47.045+0000] {logging_mixin.py:190} INFO - [2026-04-27T23:22:47.045+0000] {dag.py:3239} INFO - Sync 1 DAGs
[2026-04-27T23:22:47.066+0000] {logging_mixin.py:190} INFO - [2026-04-27T23:22:47.066+0000] {dag.py:4180} INFO - Setting next_dagrun for example_trigger_target_dag to None, run_after=None
[2026-04-27T23:22:47.092+0000] {processor.py:208} INFO - Processing /usr/local/python/3.12.1/lib/python3.12/site-packages/airflow/example_dags/example_trigger_target_dag.py took 0.082 seconds
[2026-04-27T23:24:10.084+0000] {processor.py:186} INFO - Started process (PID=46707) to work on /usr/local/python/3.12.1/lib/python3.12/site-packages/airflow/example_dags/example_trigger_target_dag.py
[2026-04-27T23:24:10.085+0000] {processor.py:914} INFO - Processing file /usr/local/python/3.12.1/lib/python3.12/site-packages/airflow/example_dags/example_trigger_target_dag.py for tasks to queue
[2026-04-27T23:24:10.087+0000] {logging_mixin.py:190} INFO - [2026-04-27T23:24:10.087+0000] {dagbag.py:588} INFO - Filling up the DagBag from /usr/local/python/3.12.1/lib/python3.12/site-packages/airflow/example_dags/example_trigger_target_dag.py
[2026-04-27T23:24:10.101+0000] {processor.py:925} INFO - DAG(s) 'example_trigger_target_dag' retrieved from /usr/local/python/3.12.1/lib/python3.12/site-packages/airflow/example_dags/example_trigger_target_dag.py
[2026-04-27T23:24:10.124+0000] {logging_mixin.py:190} INFO - [2026-04-27T23:24:10.123+0000] {dag.py:3239} INFO - Sync 1 DAGs
[2026-04-27T23:24:10.139+0000] {logging_mixin.py:190} INFO - [2026-04-27T23:24:10.139+0000] {dag.py:4180} INFO - Setting next_dagrun for example_trigger_target_dag to None, run_after=None
[2026-04-27T23:24:10.175+0000] {processor.py:208} INFO - Processing /usr/local/python/3.12.1/lib/python3.12/site-packages/airflow/example_dags/example_trigger_target_dag.py took 0.097 seconds
[2026-04-27T23:25:40.312+0000] {processor.py:186} INFO - Started process (PID=47706) to work on /usr/local/python/3.12.1/lib/python3.12/site-packages/airflow/example_dags/example_trigger_target_dag.py
[2026-04-27T23:25:40.313+0000] {processor.py:914} INFO - Processing file /usr/local/python/3.12.1/lib/python3.12/site-packages/airflow/example_dags/example_trigger_target_dag.py for tasks to queue
[2026-04-27T23:25:40.315+0000] {logging_mixin.py:190} INFO - [2026-04-27T23:25:40.314+0000] {dagbag.py:588} INFO - Filling up the DagBag from /usr/local/python/3.12.1/lib/python3.12/site-packages/airflow/example_dags/example_trigger_target_dag.py
[2026-04-27T23:25:40.321+0000] {processor.py:925} INFO - DAG(s) 'example_trigger_target_dag' retrieved from /usr/local/python/3.12.1/lib/python3.12/site-packages/airflow/example_dags/example_trigger_target_dag.py
[2026-04-27T23:25:40.335+0000] {logging_mixin.py:190} INFO - [2026-04-27T23:25:40.334+0000] {dag.py:3239} INFO - Sync 1 DAGs
[2026-04-27T23:25:40.346+0000] {logging_mixin.py:190} INFO - [2026-04-27T23:25:40.345+0000] {dag.py:4180} INFO - Setting next_dagrun for example_trigger_target_dag to None, run_after=None
[2026-04-27T23:25:40.363+0000] {processor.py:208} INFO - Processing /usr/local/python/3.12.1/lib/python3.12/site-packages/airflow/example_dags/example_trigger_target_dag.py took 0.055 seconds
[2026-04-27T23:27:10.370+0000] {processor.py:186} INFO - Started process (PID=48703) to work on /usr/local/python/3.12.1/lib/python3.12/site-packages/airflow/example_dags/example_trigger_target_dag.py
[2026-04-27T23:27:10.371+0000] {processor.py:914} INFO - Processing file /usr/local/python/3.12.1/lib/python3.12/site-packages/airflow/example_dags/example_trigger_target_dag.py for tasks to queue
[2026-04-27T23:27:10.373+0000] {logging_mixin.py:190} INFO - [2026-04-27T23:27:10.372+0000] {dagbag.py:588} INFO - Filling up the DagBag from /usr/local/python/3.12.1/lib/python3.12/site-packages/airflow/example_dags/example_trigger_target_dag.py
[2026-04-27T23:27:10.379+0000] {processor.py:925} INFO - DAG(s) 'example_trigger_target_dag' retrieved from /usr/local/python/3.12.1/lib/python3.12/site-packages/airflow/example_dags/example_trigger_target_dag.py
[2026-04-27T23:27:10.391+0000] {logging_mixin.py:190} INFO - [2026-04-27T23:27:10.391+0000] {dag.py:3239} INFO - Sync 1 DAGs
[2026-04-27T23:27:10.400+0000] {logging_mixin.py:190} INFO - [2026-04-27T23:27:10.400+0000] {dag.py:4180} INFO - Setting next_dagrun for example_trigger_target_dag to None, run_after=None
[2026-04-27T23:27:10.416+0000] {processor.py:208} INFO - Processing /usr/local/python/3.12.1/lib/python3.12/site-packages/airflow/example_dags/example_trigger_target_dag.py took 0.051 seconds
[2026-04-27T23:28:33.255+0000] {processor.py:186} INFO - Started process (PID=49541) to work on /usr/local/python/3.12.1/lib/python3.12/site-packages/airflow/example_dags/example_trigger_target_dag.py
[2026-04-27T23:28:33.256+0000] {processor.py:914} INFO - Processing file /usr/local/python/3.12.1/lib/python3.12/site-packages/airflow/example_dags/example_trigger_target_dag.py for tasks to queue
[2026-04-27T23:28:33.258+0000] {logging_mixin.py:190} INFO - [2026-04-27T23:28:33.258+0000] {dagbag.py:588} INFO - Filling up the DagBag from /usr/local/python/3.12.1/lib/python3.12/site-packages/airflow/example_dags/example_trigger_target_dag.py
[2026-04-27T23:28:33.284+0000] {processor.py:925} INFO - DAG(s) 'example_trigger_target_dag' retrieved from /usr/local/python/3.12.1/lib/python3.12/site-packages/airflow/example_dags/example_trigger_target_dag.py
[2026-04-27T23:28:33.324+0000] {logging_mixin.py:190} INFO - [2026-04-27T23:28:33.323+0000] {dag.py:3239} INFO - Sync 1 DAGs
[2026-04-27T23:28:33.337+0000] {logging_mixin.py:190} INFO - [2026-04-27T23:28:33.337+0000] {dag.py:4180} INFO - Setting next_dagrun for example_trigger_target_dag to None, run_after=None
[2026-04-27T23:28:33.358+0000] {processor.py:208} INFO - Processing /usr/local/python/3.12.1/lib/python3.12/site-packages/airflow/example_dags/example_trigger_target_dag.py took 0.110 seconds
[2026-04-27T23:30:03.146+0000] {processor.py:186} INFO - Started process (PID=50615) to work on /usr/local/python/3.12.1/lib/python3.12/site-packages/airflow/example_dags/example_trigger_target_dag.py
[2026-04-27T23:30:03.147+0000] {processor.py:914} INFO - Processing file /usr/local/python/3.12.1/lib/python3.12/site-packages/airflow/example_dags/example_trigger_target_dag.py for tasks to queue
[2026-04-27T23:30:03.149+0000] {logging_mixin.py:190} INFO - [2026-04-27T23:30:03.149+0000] {dagbag.py:588} INFO - Filling up the DagBag from /usr/local/python/3.12.1/lib/python3.12/site-packages/airflow/example_dags/example_trigger_target_dag.py
[2026-04-27T23:30:03.157+0000] {processor.py:925} INFO - DAG(s) 'example_trigger_target_dag' retrieved from /usr/local/python/3.12.1/lib/python3.12/site-packages/airflow/example_dags/example_trigger_target_dag.py
[2026-04-27T23:30:03.170+0000] {logging_mixin.py:190} INFO - [2026-04-27T23:30:03.170+0000] {dag.py:3239} INFO - Sync 1 DAGs
[2026-04-27T23:30:03.179+0000] {logging_mixin.py:190} INFO - [2026-04-27T23:30:03.179+0000] {dag.py:4180} INFO - Setting next_dagrun for example_trigger_target_dag to None, run_after=None
[2026-04-27T23:30:03.196+0000] {processor.py:208} INFO - Processing /usr/local/python/3.12.1/lib/python3.12/site-packages/airflow/example_dags/example_trigger_target_dag.py took 0.057 seconds
[2026-04-27T23:31:35.232+0000] {processor.py:186} INFO - Started process (PID=51530) to work on /usr/local/python/3.12.1/lib/python3.12/site-packages/airflow/example_dags/example_trigger_target_dag.py
[2026-04-27T23:31:35.233+0000] {processor.py:914} INFO - Processing file /usr/local/python/3.12.1/lib/python3.12/site-packages/airflow/example_dags/example_trigger_target_dag.py for tasks to queue
[2026-04-27T23:31:35.235+0000] {logging_mixin.py:190} INFO - [2026-04-27T23:31:35.234+0000] {dagbag.py:588} INFO - Filling up the DagBag from /usr/local/python/3.12.1/lib/python3.12/site-packages/airflow/example_dags/example_trigger_target_dag.py
[2026-04-27T23:31:35.244+0000] {processor.py:925} INFO - DAG(s) 'example_trigger_target_dag' retrieved from /usr/local/python/3.12.1/lib/python3.12/site-packages/airflow/example_dags/example_trigger_target_dag.py
[2026-04-27T23:31:35.397+0000] {logging_mixin.py:190} INFO - [2026-04-27T23:31:35.397+0000] {dag.py:3239} INFO - Sync 1 DAGs
[2026-04-27T23:31:35.407+0000] {logging_mixin.py:190} INFO - [2026-04-27T23:31:35.407+0000] {dag.py:4180} INFO - Setting next_dagrun for example_trigger_target_dag to None, run_after=None
[2026-04-27T23:31:35.422+0000] {processor.py:208} INFO - Processing /usr/local/python/3.12.1/lib/python3.12/site-packages/airflow/example_dags/example_trigger_target_dag.py took 0.196 seconds
[2026-04-27T23:33:03.018+0000] {processor.py:186} INFO - Started process (PID=52555) to work on /usr/local/python/3.12.1/lib/python3.12/site-packages/airflow/example_dags/example_trigger_target_dag.py
[2026-04-27T23:33:03.019+0000] {processor.py:914} INFO - Processing file /usr/local/python/3.12.1/lib/python3.12/site-packages/airflow/example_dags/example_trigger_target_dag.py for tasks to queue
[2026-04-27T23:33:03.021+0000] {logging_mixin.py:190} INFO - [2026-04-27T23:33:03.020+0000] {dagbag.py:588} INFO - Filling up the DagBag from /usr/local/python/3.12.1/lib/python3.12/site-packages/airflow/example_dags/example_trigger_target_dag.py
[2026-04-27T23:33:03.028+0000] {processor.py:925} INFO - DAG(s) 'example_trigger_target_dag' retrieved from /usr/local/python/3.12.1/lib/python3.12/site-packages/airflow/example_dags/example_trigger_target_dag.py
[2026-04-27T23:33:03.043+0000] {logging_mixin.py:190} INFO - [2026-04-27T23:33:03.042+0000] {dag.py:3239} INFO - Sync 1 DAGs
[2026-04-27T23:33:03.053+0000] {logging_mixin.py:190} INFO - [2026-04-27T23:33:03.052+0000] {dag.py:4180} INFO - Setting next_dagrun for example_trigger_target_dag to None, run_after=None
[2026-04-27T23:33:03.069+0000] {processor.py:208} INFO - Processing /usr/local/python/3.12.1/lib/python3.12/site-packages/airflow/example_dags/example_trigger_target_dag.py took 0.055 seconds
[2026-04-27T23:34:20.683+0000] {processor.py:186} INFO - Started process (PID=53343) to work on /usr/local/python/3.12.1/lib/python3.12/site-packages/airflow/example_dags/example_trigger_target_dag.py
[2026-04-27T23:34:20.684+0000] {processor.py:914} INFO - Processing file /usr/local/python/3.12.1/lib/python3.12/site-packages/airflow/example_dags/example_trigger_target_dag.py for tasks to queue
[2026-04-27T23:34:20.686+0000] {logging_mixin.py:190} INFO - [2026-04-27T23:34:20.686+0000] {dagbag.py:588} INFO - Filling up the DagBag from /usr/local/python/3.12.1/lib/python3.12/site-packages/airflow/example_dags/example_trigger_target_dag.py
[2026-04-27T23:34:20.693+0000] {processor.py:925} INFO - DAG(s) 'example_trigger_target_dag' retrieved from /usr/local/python/3.12.1/lib/python3.12/site-packages/airflow/example_dags/example_trigger_target_dag.py
[2026-04-27T23:34:20.705+0000] {logging_mixin.py:190} INFO - [2026-04-27T23:34:20.704+0000] {dag.py:3239} INFO - Sync 1 DAGs
[2026-04-27T23:34:20.714+0000] {logging_mixin.py:190} INFO - [2026-04-27T23:34:20.714+0000] {dag.py:4180} INFO - Setting next_dagrun for example_trigger_target_dag to None, run_after=None
[2026-04-27T23:34:20.738+0000] {processor.py:208} INFO - Processing /usr/local/python/3.12.1/lib/python3.12/site-packages/airflow/example_dags/example_trigger_target_dag.py took 0.059 seconds
[2026-04-27T23:35:39.996+0000] {processor.py:186} INFO - Started process (PID=54265) to work on /usr/local/python/3.12.1/lib/python3.12/site-packages/airflow/example_dags/example_trigger_target_dag.py
[2026-04-27T23:35:39.997+0000] {processor.py:914} INFO - Processing file /usr/local/python/3.12.1/lib/python3.12/site-packages/airflow/example_dags/example_trigger_target_dag.py for tasks to queue
[2026-04-27T23:35:39.999+0000] {logging_mixin.py:190} INFO - [2026-04-27T23:35:39.999+0000] {dagbag.py:588} INFO - Filling up the DagBag from /usr/local/python/3.12.1/lib/python3.12/site-packages/airflow/example_dags/example_trigger_target_dag.py
[2026-04-27T23:35:40.006+0000] {processor.py:925} INFO - DAG(s) 'example_trigger_target_dag' retrieved from /usr/local/python/3.12.1/lib/python3.12/site-packages/airflow/example_dags/example_trigger_target_dag.py
[2026-04-27T23:35:40.018+0000] {logging_mixin.py:190} INFO - [2026-04-27T23:35:40.018+0000] {dag.py:3239} INFO - Sync 1 DAGs
[2026-04-27T23:35:40.029+0000] {logging_mixin.py:190} INFO - [2026-04-27T23:35:40.029+0000] {dag.py:4180} INFO - Setting next_dagrun for example_trigger_target_dag to None, run_after=None
[2026-04-27T23:35:40.049+0000] {processor.py:208} INFO - Processing /usr/local/python/3.12.1/lib/python3.12/site-packages/airflow/example_dags/example_trigger_target_dag.py took 0.057 seconds
[2026-04-27T23:37:02.791+0000] {processor.py:186} INFO - Started process (PID=55200) to work on /usr/local/python/3.12.1/lib/python3.12/site-packages/airflow/example_dags/example_trigger_target_dag.py
[2026-04-27T23:37:02.792+0000] {processor.py:914} INFO - Processing file /usr/local/python/3.12.1/lib/python3.12/site-packages/airflow/example_dags/example_trigger_target_dag.py for tasks to queue
[2026-04-27T23:37:02.793+0000] {logging_mixin.py:190} INFO - [2026-04-27T23:37:02.793+0000] {dagbag.py:588} INFO - Filling up the DagBag from /usr/local/python/3.12.1/lib/python3.12/site-packages/airflow/example_dags/example_trigger_target_dag.py
[2026-04-27T23:37:02.800+0000] {processor.py:925} INFO - DAG(s) 'example_trigger_target_dag' retrieved from /usr/local/python/3.12.1/lib/python3.12/site-packages/airflow/example_dags/example_trigger_target_dag.py
[2026-04-27T23:37:02.813+0000] {logging_mixin.py:190} INFO - [2026-04-27T23:37:02.813+0000] {dag.py:3239} INFO - Sync 1 DAGs
[2026-04-27T23:37:02.822+0000] {logging_mixin.py:190} INFO - [2026-04-27T23:37:02.822+0000] {dag.py:4180} INFO - Setting next_dagrun for example_trigger_target_dag to None, run_after=None
[2026-04-27T23:37:02.847+0000] {processor.py:208} INFO - Processing /usr/local/python/3.12.1/lib/python3.12/site-packages/airflow/example_dags/example_trigger_target_dag.py took 0.060 seconds
[2026-04-27T23:38:24.083+0000] {processor.py:186} INFO - Started process (PID=56013) to work on /usr/local/python/3.12.1/lib/python3.12/site-packages/airflow/example_dags/example_trigger_target_dag.py
[2026-04-27T23:38:24.083+0000] {processor.py:914} INFO - Processing file /usr/local/python/3.12.1/lib/python3.12/site-packages/airflow/example_dags/example_trigger_target_dag.py for tasks to queue
[2026-04-27T23:38:24.085+0000] {logging_mixin.py:190} INFO - [2026-04-27T23:38:24.085+0000] {dagbag.py:588} INFO - Filling up the DagBag from /usr/local/python/3.12.1/lib/python3.12/site-packages/airflow/example_dags/example_trigger_target_dag.py
[2026-04-27T23:38:24.092+0000] {processor.py:925} INFO - DAG(s) 'example_trigger_target_dag' retrieved from /usr/local/python/3.12.1/lib/python3.12/site-packages/airflow/example_dags/example_trigger_target_dag.py
[2026-04-27T23:38:24.104+0000] {logging_mixin.py:190} INFO - [2026-04-27T23:38:24.104+0000] {dag.py:3239} INFO - Sync 1 DAGs
[2026-04-27T23:38:24.114+0000] {logging_mixin.py:190} INFO - [2026-04-27T23:38:24.114+0000] {dag.py:4180} INFO - Setting next_dagrun for example_trigger_target_dag to None, run_after=None
[2026-04-27T23:38:24.133+0000] {processor.py:208} INFO - Processing /usr/local/python/3.12.1/lib/python3.12/site-packages/airflow/example_dags/example_trigger_target_dag.py took 0.055 seconds
[2026-04-27T23:39:42.008+0000] {processor.py:186} INFO - Started process (PID=56910) to work on /usr/local/python/3.12.1/lib/python3.12/site-packages/airflow/example_dags/example_trigger_target_dag.py
[2026-04-27T23:39:42.008+0000] {processor.py:914} INFO - Processing file /usr/local/python/3.12.1/lib/python3.12/site-packages/airflow/example_dags/example_trigger_target_dag.py for tasks to queue
[2026-04-27T23:39:42.010+0000] {logging_mixin.py:190} INFO - [2026-04-27T23:39:42.010+0000] {dagbag.py:588} INFO - Filling up the DagBag from /usr/local/python/3.12.1/lib/python3.12/site-packages/airflow/example_dags/example_trigger_target_dag.py
[2026-04-27T23:39:42.016+0000] {processor.py:925} INFO - DAG(s) 'example_trigger_target_dag' retrieved from /usr/local/python/3.12.1/lib/python3.12/site-packages/airflow/example_dags/example_trigger_target_dag.py
[2026-04-27T23:39:42.029+0000] {logging_mixin.py:190} INFO - [2026-04-27T23:39:42.029+0000] {dag.py:3239} INFO - Sync 1 DAGs
[2026-04-27T23:39:42.042+0000] {logging_mixin.py:190} INFO - [2026-04-27T23:39:42.041+0000] {dag.py:4180} INFO - Setting next_dagrun for example_trigger_target_dag to None, run_after=None
[2026-04-27T23:39:42.058+0000] {processor.py:208} INFO - Processing /usr/local/python/3.12.1/lib/python3.12/site-packages/airflow/example_dags/example_trigger_target_dag.py took 0.055 seconds
[2026-04-27T23:41:02.429+0000] {processor.py:186} INFO - Started process (PID=57858) to work on /usr/local/python/3.12.1/lib/python3.12/site-packages/airflow/example_dags/example_trigger_target_dag.py
[2026-04-27T23:41:02.430+0000] {processor.py:914} INFO - Processing file /usr/local/python/3.12.1/lib/python3.12/site-packages/airflow/example_dags/example_trigger_target_dag.py for tasks to queue
[2026-04-27T23:41:02.432+0000] {logging_mixin.py:190} INFO - [2026-04-27T23:41:02.432+0000] {dagbag.py:588} INFO - Filling up the DagBag from /usr/local/python/3.12.1/lib/python3.12/site-packages/airflow/example_dags/example_trigger_target_dag.py
[2026-04-27T23:41:02.441+0000] {processor.py:925} INFO - DAG(s) 'example_trigger_target_dag' retrieved from /usr/local/python/3.12.1/lib/python3.12/site-packages/airflow/example_dags/example_trigger_target_dag.py
[2026-04-27T23:41:02.457+0000] {logging_mixin.py:190} INFO - [2026-04-27T23:41:02.457+0000] {dag.py:3239} INFO - Sync 1 DAGs
[2026-04-27T23:41:02.468+0000] {logging_mixin.py:190} INFO - [2026-04-27T23:41:02.467+0000] {dag.py:4180} INFO - Setting next_dagrun for example_trigger_target_dag to None, run_after=None
[2026-04-27T23:41:02.484+0000] {processor.py:208} INFO - Processing /usr/local/python/3.12.1/lib/python3.12/site-packages/airflow/example_dags/example_trigger_target_dag.py took 0.061 seconds
[2026-04-27T23:42:22.782+0000] {processor.py:186} INFO - Started process (PID=58669) to work on /usr/local/python/3.12.1/lib/python3.12/site-packages/airflow/example_dags/example_trigger_target_dag.py
[2026-04-27T23:42:22.782+0000] {processor.py:914} INFO - Processing file /usr/local/python/3.12.1/lib/python3.12/site-packages/airflow/example_dags/example_trigger_target_dag.py for tasks to queue
[2026-04-27T23:42:22.784+0000] {logging_mixin.py:190} INFO - [2026-04-27T23:42:22.784+0000] {dagbag.py:588} INFO - Filling up the DagBag from /usr/local/python/3.12.1/lib/python3.12/site-packages/airflow/example_dags/example_trigger_target_dag.py
[2026-04-27T23:42:22.791+0000] {processor.py:925} INFO - DAG(s) 'example_trigger_target_dag' retrieved from /usr/local/python/3.12.1/lib/python3.12/site-packages/airflow/example_dags/example_trigger_target_dag.py
[2026-04-27T23:42:22.802+0000] {logging_mixin.py:190} INFO - [2026-04-27T23:42:22.802+0000] {dag.py:3239} INFO - Sync 1 DAGs
[2026-04-27T23:42:22.812+0000] {logging_mixin.py:190} INFO - [2026-04-27T23:42:22.812+0000] {dag.py:4180} INFO - Setting next_dagrun for example_trigger_target_dag to None, run_after=None
[2026-04-27T23:42:22.829+0000] {processor.py:208} INFO - Processing /usr/local/python/3.12.1/lib/python3.12/site-packages/airflow/example_dags/example_trigger_target_dag.py took 0.051 seconds
[2026-04-27T23:43:39.400+0000] {processor.py:186} INFO - Started process (PID=59511) to work on /usr/local/python/3.12.1/lib/python3.12/site-packages/airflow/example_dags/example_trigger_target_dag.py
[2026-04-27T23:43:39.401+0000] {processor.py:914} INFO - Processing file /usr/local/python/3.12.1/lib/python3.12/site-packages/airflow/example_dags/example_trigger_target_dag.py for tasks to queue
[2026-04-27T23:43:39.402+0000] {logging_mixin.py:190} INFO - [2026-04-27T23:43:39.402+0000] {dagbag.py:588} INFO - Filling up the DagBag from /usr/local/python/3.12.1/lib/python3.12/site-packages/airflow/example_dags/example_trigger_target_dag.py
[2026-04-27T23:43:39.410+0000] {processor.py:925} INFO - DAG(s) 'example_trigger_target_dag' retrieved from /usr/local/python/3.12.1/lib/python3.12/site-packages/airflow/example_dags/example_trigger_target_dag.py
[2026-04-27T23:43:39.424+0000] {logging_mixin.py:190} INFO - [2026-04-27T23:43:39.423+0000] {dag.py:3239} INFO - Sync 1 DAGs
[2026-04-27T23:43:39.438+0000] {logging_mixin.py:190} INFO - [2026-04-27T23:43:39.438+0000] {dag.py:4180} INFO - Setting next_dagrun for example_trigger_target_dag to None, run_after=None
[2026-04-27T23:43:39.464+0000] {processor.py:208} INFO - Processing /usr/local/python/3.12.1/lib/python3.12/site-packages/airflow/example_dags/example_trigger_target_dag.py took 0.069 seconds
[2026-04-27T23:44:59.558+0000] {processor.py:186} INFO - Started process (PID=60439) to work on /usr/local/python/3.12.1/lib/python3.12/site-packages/airflow/example_dags/example_trigger_target_dag.py
[2026-04-27T23:44:59.559+0000] {processor.py:914} INFO - Processing file /usr/local/python/3.12.1/lib/python3.12/site-packages/airflow/example_dags/example_trigger_target_dag.py for tasks to queue
[2026-04-27T23:44:59.561+0000] {logging_mixin.py:190} INFO - [2026-04-27T23:44:59.560+0000] {dagbag.py:588} INFO - Filling up the DagBag from /usr/local/python/3.12.1/lib/python3.12/site-packages/airflow/example_dags/example_trigger_target_dag.py
[2026-04-27T23:44:59.567+0000] {processor.py:925} INFO - DAG(s) 'example_trigger_target_dag' retrieved from /usr/local/python/3.12.1/lib/python3.12/site-packages/airflow/example_dags/example_trigger_target_dag.py
[2026-04-27T23:44:59.583+0000] {logging_mixin.py:190} INFO - [2026-04-27T23:44:59.583+0000] {dag.py:3239} INFO - Sync 1 DAGs
[2026-04-27T23:44:59.598+0000] {logging_mixin.py:190} INFO - [2026-04-27T23:44:59.598+0000] {dag.py:4180} INFO - Setting next_dagrun for example_trigger_target_dag to None, run_after=None
[2026-04-27T23:44:59.629+0000] {processor.py:208} INFO - Processing /usr/local/python/3.12.1/lib/python3.12/site-packages/airflow/example_dags/example_trigger_target_dag.py took 0.075 seconds
[2026-04-27T23:46:19.347+0000] {processor.py:186} INFO - Started process (PID=61285) to work on /usr/local/python/3.12.1/lib/python3.12/site-packages/airflow/example_dags/example_trigger_target_dag.py
[2026-04-27T23:46:19.347+0000] {processor.py:914} INFO - Processing file /usr/local/python/3.12.1/lib/python3.12/site-packages/airflow/example_dags/example_trigger_target_dag.py for tasks to queue
[2026-04-27T23:46:19.349+0000] {logging_mixin.py:190} INFO - [2026-04-27T23:46:19.349+0000] {dagbag.py:588} INFO - Filling up the DagBag from /usr/local/python/3.12.1/lib/python3.12/site-packages/airflow/example_dags/example_trigger_target_dag.py
[2026-04-27T23:46:19.356+0000] {processor.py:925} INFO - DAG(s) 'example_trigger_target_dag' retrieved from /usr/local/python/3.12.1/lib/python3.12/site-packages/airflow/example_dags/example_trigger_target_dag.py
[2026-04-27T23:46:19.368+0000] {logging_mixin.py:190} INFO - [2026-04-27T23:46:19.368+0000] {dag.py:3239} INFO - Sync 1 DAGs
[2026-04-27T23:46:19.378+0000] {logging_mixin.py:190} INFO - [2026-04-27T23:46:19.378+0000] {dag.py:4180} INFO - Setting next_dagrun for example_trigger_target_dag to None, run_after=None
[2026-04-27T23:46:19.397+0000] {processor.py:208} INFO - Processing /usr/local/python/3.12.1/lib/python3.12/site-packages/airflow/example_dags/example_trigger_target_dag.py took 0.056 seconds
[2026-04-27T23:47:36.942+0000] {processor.py:186} INFO - Started process (PID=62070) to work on /usr/local/python/3.12.1/lib/python3.12/site-packages/airflow/example_dags/example_trigger_target_dag.py
[2026-04-27T23:47:36.942+0000] {processor.py:914} INFO - Processing file /usr/local/python/3.12.1/lib/python3.12/site-packages/airflow/example_dags/example_trigger_target_dag.py for tasks to queue
[2026-04-27T23:47:36.945+0000] {logging_mixin.py:190} INFO - [2026-04-27T23:47:36.944+0000] {dagbag.py:588} INFO - Filling up the DagBag from /usr/local/python/3.12.1/lib/python3.12/site-packages/airflow/example_dags/example_trigger_target_dag.py
[2026-04-27T23:47:36.951+0000] {processor.py:925} INFO - DAG(s) 'example_trigger_target_dag' retrieved from /usr/local/python/3.12.1/lib/python3.12/site-packages/airflow/example_dags/example_trigger_target_dag.py
[2026-04-27T23:47:36.963+0000] {logging_mixin.py:190} INFO - [2026-04-27T23:47:36.963+0000] {dag.py:3239} INFO - Sync 1 DAGs
[2026-04-27T23:47:36.973+0000] {logging_mixin.py:190} INFO - [2026-04-27T23:47:36.972+0000] {dag.py:4180} INFO - Setting next_dagrun for example_trigger_target_dag to None, run_after=None
[2026-04-27T23:47:36.989+0000] {processor.py:208} INFO - Processing /usr/local/python/3.12.1/lib/python3.12/site-packages/airflow/example_dags/example_trigger_target_dag.py took 0.053 seconds
[2026-04-27T23:48:59.643+0000] {processor.py:186} INFO - Started process (PID=62940) to work on /usr/local/python/3.12.1/lib/python3.12/site-packages/airflow/example_dags/example_trigger_target_dag.py
[2026-04-27T23:48:59.644+0000] {processor.py:914} INFO - Processing file /usr/local/python/3.12.1/lib/python3.12/site-packages/airflow/example_dags/example_trigger_target_dag.py for tasks to queue
[2026-04-27T23:48:59.646+0000] {logging_mixin.py:190} INFO - [2026-04-27T23:48:59.646+0000] {dagbag.py:588} INFO - Filling up the DagBag from /usr/local/python/3.12.1/lib/python3.12/site-packages/airflow/example_dags/example_trigger_target_dag.py
[2026-04-27T23:48:59.653+0000] {processor.py:925} INFO - DAG(s) 'example_trigger_target_dag' retrieved from /usr/local/python/3.12.1/lib/python3.12/site-packages/airflow/example_dags/example_trigger_target_dag.py
[2026-04-27T23:48:59.665+0000] {logging_mixin.py:190} INFO - [2026-04-27T23:48:59.665+0000] {dag.py:3239} INFO - Sync 1 DAGs
[2026-04-27T23:48:59.675+0000] {logging_mixin.py:190} INFO - [2026-04-27T23:48:59.674+0000] {dag.py:4180} INFO - Setting next_dagrun for example_trigger_target_dag to None, run_after=None
[2026-04-27T23:48:59.691+0000] {processor.py:208} INFO - Processing /usr/local/python/3.12.1/lib/python3.12/site-packages/airflow/example_dags/example_trigger_target_dag.py took 0.053 seconds
[2026-04-27T23:50:16.118+0000] {processor.py:186} INFO - Started process (PID=63846) to work on /usr/local/python/3.12.1/lib/python3.12/site-packages/airflow/example_dags/example_trigger_target_dag.py
[2026-04-27T23:50:16.119+0000] {processor.py:914} INFO - Processing file /usr/local/python/3.12.1/lib/python3.12/site-packages/airflow/example_dags/example_trigger_target_dag.py for tasks to queue
[2026-04-27T23:50:16.121+0000] {logging_mixin.py:190} INFO - [2026-04-27T23:50:16.121+0000] {dagbag.py:588} INFO - Filling up the DagBag from /usr/local/python/3.12.1/lib/python3.12/site-packages/airflow/example_dags/example_trigger_target_dag.py
[2026-04-27T23:50:16.128+0000] {processor.py:925} INFO - DAG(s) 'example_trigger_target_dag' retrieved from /usr/local/python/3.12.1/lib/python3.12/site-packages/airflow/example_dags/example_trigger_target_dag.py
[2026-04-27T23:50:16.143+0000] {logging_mixin.py:190} INFO - [2026-04-27T23:50:16.142+0000] {dag.py:3239} INFO - Sync 1 DAGs
[2026-04-27T23:50:16.152+0000] {logging_mixin.py:190} INFO - [2026-04-27T23:50:16.152+0000] {dag.py:4180} INFO - Setting next_dagrun for example_trigger_target_dag to None, run_after=None
[2026-04-27T23:50:16.169+0000] {processor.py:208} INFO - Processing /usr/local/python/3.12.1/lib/python3.12/site-packages/airflow/example_dags/example_trigger_target_dag.py took 0.056 seconds
[2026-04-27T23:51:37.336+0000] {processor.py:186} INFO - Started process (PID=64723) to work on /usr/local/python/3.12.1/lib/python3.12/site-packages/airflow/example_dags/example_trigger_target_dag.py
[2026-04-27T23:51:37.336+0000] {processor.py:914} INFO - Processing file /usr/local/python/3.12.1/lib/python3.12/site-packages/airflow/example_dags/example_trigger_target_dag.py for tasks to queue
[2026-04-27T23:51:37.338+0000] {logging_mixin.py:190} INFO - [2026-04-27T23:51:37.338+0000] {dagbag.py:588} INFO - Filling up the DagBag from /usr/local/python/3.12.1/lib/python3.12/site-packages/airflow/example_dags/example_trigger_target_dag.py
[2026-04-27T23:51:37.347+0000] {processor.py:925} INFO - DAG(s) 'example_trigger_target_dag' retrieved from /usr/local/python/3.12.1/lib/python3.12/site-packages/airflow/example_dags/example_trigger_target_dag.py
[2026-04-27T23:51:37.359+0000] {logging_mixin.py:190} INFO - [2026-04-27T23:51:37.359+0000] {dag.py:3239} INFO - Sync 1 DAGs
[2026-04-27T23:51:37.369+0000] {logging_mixin.py:190} INFO - [2026-04-27T23:51:37.369+0000] {dag.py:4180} INFO - Setting next_dagrun for example_trigger_target_dag to None, run_after=None
[2026-04-27T23:51:37.385+0000] {processor.py:208} INFO - Processing /usr/local/python/3.12.1/lib/python3.12/site-packages/airflow/example_dags/example_trigger_target_dag.py took 0.055 seconds
[2026-04-27T23:52:53.204+0000] {processor.py:186} INFO - Started process (PID=65547) to work on /usr/local/python/3.12.1/lib/python3.12/site-packages/airflow/example_dags/example_trigger_target_dag.py
[2026-04-27T23:52:53.205+0000] {processor.py:914} INFO - Processing file /usr/local/python/3.12.1/lib/python3.12/site-packages/airflow/example_dags/example_trigger_target_dag.py for tasks to queue
[2026-04-27T23:52:53.207+0000] {logging_mixin.py:190} INFO - [2026-04-27T23:52:53.206+0000] {dagbag.py:588} INFO - Filling up the DagBag from /usr/local/python/3.12.1/lib/python3.12/site-packages/airflow/example_dags/example_trigger_target_dag.py
[2026-04-27T23:52:53.215+0000] {processor.py:925} INFO - DAG(s) 'example_trigger_target_dag' retrieved from /usr/local/python/3.12.1/lib/python3.12/site-packages/airflow/example_dags/example_trigger_target_dag.py
[2026-04-27T23:52:53.231+0000] {logging_mixin.py:190} INFO - [2026-04-27T23:52:53.231+0000] {dag.py:3239} INFO - Sync 1 DAGs
[2026-04-27T23:52:53.246+0000] {logging_mixin.py:190} INFO - [2026-04-27T23:52:53.246+0000] {dag.py:4180} INFO - Setting next_dagrun for example_trigger_target_dag to None, run_after=None
[2026-04-27T23:52:53.264+0000] {processor.py:208} INFO - Processing /usr/local/python/3.12.1/lib/python3.12/site-packages/airflow/example_dags/example_trigger_target_dag.py took 0.067 seconds
[2026-04-27T23:54:10.000+0000] {processor.py:186} INFO - Started process (PID=66414) to work on /usr/local/python/3.12.1/lib/python3.12/site-packages/airflow/example_dags/example_trigger_target_dag.py
[2026-04-27T23:54:10.000+0000] {processor.py:914} INFO - Processing file /usr/local/python/3.12.1/lib/python3.12/site-packages/airflow/example_dags/example_trigger_target_dag.py for tasks to queue
[2026-04-27T23:54:10.002+0000] {logging_mixin.py:190} INFO - [2026-04-27T23:54:10.002+0000] {dagbag.py:588} INFO - Filling up the DagBag from /usr/local/python/3.12.1/lib/python3.12/site-packages/airflow/example_dags/example_trigger_target_dag.py
[2026-04-27T23:54:10.009+0000] {processor.py:925} INFO - DAG(s) 'example_trigger_target_dag' retrieved from /usr/local/python/3.12.1/lib/python3.12/site-packages/airflow/example_dags/example_trigger_target_dag.py
[2026-04-27T23:54:10.020+0000] {logging_mixin.py:190} INFO - [2026-04-27T23:54:10.020+0000] {dag.py:3239} INFO - Sync 1 DAGs
[2026-04-27T23:54:10.032+0000] {logging_mixin.py:190} INFO - [2026-04-27T23:54:10.031+0000] {dag.py:4180} INFO - Setting next_dagrun for example_trigger_target_dag to None, run_after=None
[2026-04-27T23:54:10.049+0000] {processor.py:208} INFO - Processing /usr/local/python/3.12.1/lib/python3.12/site-packages/airflow/example_dags/example_trigger_target_dag.py took 0.054 seconds
[2026-04-27T23:55:29.721+0000] {processor.py:186} INFO - Started process (PID=67257) to work on /usr/local/python/3.12.1/lib/python3.12/site-packages/airflow/example_dags/example_trigger_target_dag.py
[2026-04-27T23:55:29.722+0000] {processor.py:914} INFO - Processing file /usr/local/python/3.12.1/lib/python3.12/site-packages/airflow/example_dags/example_trigger_target_dag.py for tasks to queue
[2026-04-27T23:55:29.724+0000] {logging_mixin.py:190} INFO - [2026-04-27T23:55:29.723+0000] {dagbag.py:588} INFO - Filling up the DagBag from /usr/local/python/3.12.1/lib/python3.12/site-packages/airflow/example_dags/example_trigger_target_dag.py
[2026-04-27T23:55:29.732+0000] {processor.py:925} INFO - DAG(s) 'example_trigger_target_dag' retrieved from /usr/local/python/3.12.1/lib/python3.12/site-packages/airflow/example_dags/example_trigger_target_dag.py
[2026-04-27T23:55:29.747+0000] {logging_mixin.py:190} INFO - [2026-04-27T23:55:29.747+0000] {dag.py:3239} INFO - Sync 1 DAGs
[2026-04-27T23:55:29.757+0000] {logging_mixin.py:190} INFO - [2026-04-27T23:55:29.756+0000] {dag.py:4180} INFO - Setting next_dagrun for example_trigger_target_dag to None, run_after=None
[2026-04-27T23:55:29.773+0000] {processor.py:208} INFO - Processing /usr/local/python/3.12.1/lib/python3.12/site-packages/airflow/example_dags/example_trigger_target_dag.py took 0.056 seconds
[2026-04-27T23:56:50.286+0000] {processor.py:186} INFO - Started process (PID=68193) to work on /usr/local/python/3.12.1/lib/python3.12/site-packages/airflow/example_dags/example_trigger_target_dag.py
[2026-04-27T23:56:50.287+0000] {processor.py:914} INFO - Processing file /usr/local/python/3.12.1/lib/python3.12/site-packages/airflow/example_dags/example_trigger_target_dag.py for tasks to queue
[2026-04-27T23:56:50.288+0000] {logging_mixin.py:190} INFO - [2026-04-27T23:56:50.288+0000] {dagbag.py:588} INFO - Filling up the DagBag from /usr/local/python/3.12.1/lib/python3.12/site-packages/airflow/example_dags/example_trigger_target_dag.py
[2026-04-27T23:56:50.295+0000] {processor.py:925} INFO - DAG(s) 'example_trigger_target_dag' retrieved from /usr/local/python/3.12.1/lib/python3.12/site-packages/airflow/example_dags/example_trigger_target_dag.py
[2026-04-27T23:56:50.308+0000] {logging_mixin.py:190} INFO - [2026-04-27T23:56:50.308+0000] {dag.py:3239} INFO - Sync 1 DAGs
[2026-04-27T23:56:50.318+0000] {logging_mixin.py:190} INFO - [2026-04-27T23:56:50.318+0000] {dag.py:4180} INFO - Setting next_dagrun for example_trigger_target_dag to None, run_after=None
[2026-04-27T23:56:50.337+0000] {processor.py:208} INFO - Processing /usr/local/python/3.12.1/lib/python3.12/site-packages/airflow/example_dags/example_trigger_target_dag.py took 0.055 seconds
[2026-04-27T23:58:09.442+0000] {processor.py:186} INFO - Started process (PID=69049) to work on /usr/local/python/3.12.1/lib/python3.12/site-packages/airflow/example_dags/example_trigger_target_dag.py
[2026-04-27T23:58:09.443+0000] {processor.py:914} INFO - Processing file /usr/local/python/3.12.1/lib/python3.12/site-packages/airflow/example_dags/example_trigger_target_dag.py for tasks to queue
[2026-04-27T23:58:09.446+0000] {logging_mixin.py:190} INFO - [2026-04-27T23:58:09.446+0000] {dagbag.py:588} INFO - Filling up the DagBag from /usr/local/python/3.12.1/lib/python3.12/site-packages/airflow/example_dags/example_trigger_target_dag.py
[2026-04-27T23:58:09.457+0000] {processor.py:925} INFO - DAG(s) 'example_trigger_target_dag' retrieved from /usr/local/python/3.12.1/lib/python3.12/site-packages/airflow/example_dags/example_trigger_target_dag.py
[2026-04-27T23:58:09.472+0000] {logging_mixin.py:190} INFO - [2026-04-27T23:58:09.472+0000] {dag.py:3239} INFO - Sync 1 DAGs
[2026-04-27T23:58:09.482+0000] {logging_mixin.py:190} INFO - [2026-04-27T23:58:09.482+0000] {dag.py:4180} INFO - Setting next_dagrun for example_trigger_target_dag to None, run_after=None
[2026-04-27T23:58:09.498+0000] {processor.py:208} INFO - Processing /usr/local/python/3.12.1/lib/python3.12/site-packages/airflow/example_dags/example_trigger_target_dag.py took 0.063 seconds
[2026-04-27T23:59:30.916+0000] {processor.py:186} INFO - Started process (PID=69860) to work on /usr/local/python/3.12.1/lib/python3.12/site-packages/airflow/example_dags/example_trigger_target_dag.py
[2026-04-27T23:59:30.917+0000] {processor.py:914} INFO - Processing file /usr/local/python/3.12.1/lib/python3.12/site-packages/airflow/example_dags/example_trigger_target_dag.py for tasks to queue
[2026-04-27T23:59:30.919+0000] {logging_mixin.py:190} INFO - [2026-04-27T23:59:30.918+0000] {dagbag.py:588} INFO - Filling up the DagBag from /usr/local/python/3.12.1/lib/python3.12/site-packages/airflow/example_dags/example_trigger_target_dag.py
[2026-04-27T23:59:30.926+0000] {processor.py:925} INFO - DAG(s) 'example_trigger_target_dag' retrieved from /usr/local/python/3.12.1/lib/python3.12/site-packages/airflow/example_dags/example_trigger_target_dag.py
[2026-04-27T23:59:30.944+0000] {logging_mixin.py:190} INFO - [2026-04-27T23:59:30.944+0000] {dag.py:3239} INFO - Sync 1 DAGs
[2026-04-27T23:59:30.955+0000] {logging_mixin.py:190} INFO - [2026-04-27T23:59:30.955+0000] {dag.py:4180} INFO - Setting next_dagrun for example_trigger_target_dag to None, run_after=None
[2026-04-27T23:59:30.975+0000] {processor.py:208} INFO - Processing /usr/local/python/3.12.1/lib/python3.12/site-packages/airflow/example_dags/example_trigger_target_dag.py took 0.065 seconds
