[2026-04-27T22:26:14.047+0000] {processor.py:186} INFO - Started process (PID=5881) to work on /usr/local/python/3.12.1/lib/python3.12/site-packages/airflow/example_dags/example_bash_operator.py
[2026-04-27T22:26:14.047+0000] {processor.py:914} INFO - Processing file /usr/local/python/3.12.1/lib/python3.12/site-packages/airflow/example_dags/example_bash_operator.py for tasks to queue
[2026-04-27T22:26:14.050+0000] {logging_mixin.py:190} INFO - [2026-04-27T22:26:14.049+0000] {dagbag.py:588} INFO - Filling up the DagBag from /usr/local/python/3.12.1/lib/python3.12/site-packages/airflow/example_dags/example_bash_operator.py
[2026-04-27T22:26:14.060+0000] {processor.py:925} INFO - DAG(s) 'example_bash_operator' retrieved from /usr/local/python/3.12.1/lib/python3.12/site-packages/airflow/example_dags/example_bash_operator.py
[2026-04-27T22:26:14.077+0000] {logging_mixin.py:190} INFO - [2026-04-27T22:26:14.076+0000] {dag.py:3239} INFO - Sync 1 DAGs
[2026-04-27T22:26:14.092+0000] {logging_mixin.py:190} INFO - [2026-04-27T22:26:14.092+0000] {dag.py:4180} INFO - Setting next_dagrun for example_bash_operator to 2026-04-26 00:00:00+00:00, run_after=2026-04-27 00:00:00+00:00
[2026-04-27T22:26:14.110+0000] {processor.py:208} INFO - Processing /usr/local/python/3.12.1/lib/python3.12/site-packages/airflow/example_dags/example_bash_operator.py took 0.068 seconds
[2026-04-27T22:27:37.268+0000] {processor.py:186} INFO - Started process (PID=7609) to work on /usr/local/python/3.12.1/lib/python3.12/site-packages/airflow/example_dags/example_bash_operator.py
[2026-04-27T22:27:37.269+0000] {processor.py:914} INFO - Processing file /usr/local/python/3.12.1/lib/python3.12/site-packages/airflow/example_dags/example_bash_operator.py for tasks to queue
[2026-04-27T22:27:37.271+0000] {logging_mixin.py:190} INFO - [2026-04-27T22:27:37.271+0000] {dagbag.py:588} INFO - Filling up the DagBag from /usr/local/python/3.12.1/lib/python3.12/site-packages/airflow/example_dags/example_bash_operator.py
[2026-04-27T22:27:37.282+0000] {processor.py:925} INFO - DAG(s) 'example_bash_operator' retrieved from /usr/local/python/3.12.1/lib/python3.12/site-packages/airflow/example_dags/example_bash_operator.py
[2026-04-27T22:27:37.299+0000] {logging_mixin.py:190} INFO - [2026-04-27T22:27:37.298+0000] {dag.py:3239} INFO - Sync 1 DAGs
[2026-04-27T22:27:37.314+0000] {logging_mixin.py:190} INFO - [2026-04-27T22:27:37.314+0000] {dag.py:4180} INFO - Setting next_dagrun for example_bash_operator to 2026-04-26 00:00:00+00:00, run_after=2026-04-27 00:00:00+00:00
[2026-04-27T22:27:37.332+0000] {processor.py:208} INFO - Processing /usr/local/python/3.12.1/lib/python3.12/site-packages/airflow/example_dags/example_bash_operator.py took 0.068 seconds
[2026-04-27T22:28:59.841+0000] {processor.py:186} INFO - Started process (PID=9266) to work on /usr/local/python/3.12.1/lib/python3.12/site-packages/airflow/example_dags/example_bash_operator.py
[2026-04-27T22:28:59.842+0000] {processor.py:914} INFO - Processing file /usr/local/python/3.12.1/lib/python3.12/site-packages/airflow/example_dags/example_bash_operator.py for tasks to queue
[2026-04-27T22:28:59.843+0000] {logging_mixin.py:190} INFO - [2026-04-27T22:28:59.843+0000] {dagbag.py:588} INFO - Filling up the DagBag from /usr/local/python/3.12.1/lib/python3.12/site-packages/airflow/example_dags/example_bash_operator.py
[2026-04-27T22:28:59.854+0000] {processor.py:925} INFO - DAG(s) 'example_bash_operator' retrieved from /usr/local/python/3.12.1/lib/python3.12/site-packages/airflow/example_dags/example_bash_operator.py
[2026-04-27T22:28:59.891+0000] {logging_mixin.py:190} INFO - [2026-04-27T22:28:59.891+0000] {dag.py:3239} INFO - Sync 1 DAGs
[2026-04-27T22:28:59.951+0000] {logging_mixin.py:190} INFO - [2026-04-27T22:28:59.951+0000] {dag.py:4180} INFO - Setting next_dagrun for example_bash_operator to 2026-04-26 00:00:00+00:00, run_after=2026-04-27 00:00:00+00:00
[2026-04-27T22:28:59.999+0000] {processor.py:208} INFO - Processing /usr/local/python/3.12.1/lib/python3.12/site-packages/airflow/example_dags/example_bash_operator.py took 0.163 seconds
[2026-04-27T22:30:21.350+0000] {processor.py:186} INFO - Started process (PID=10952) to work on /usr/local/python/3.12.1/lib/python3.12/site-packages/airflow/example_dags/example_bash_operator.py
[2026-04-27T22:30:21.351+0000] {processor.py:914} INFO - Processing file /usr/local/python/3.12.1/lib/python3.12/site-packages/airflow/example_dags/example_bash_operator.py for tasks to queue
[2026-04-27T22:30:21.352+0000] {logging_mixin.py:190} INFO - [2026-04-27T22:30:21.352+0000] {dagbag.py:588} INFO - Filling up the DagBag from /usr/local/python/3.12.1/lib/python3.12/site-packages/airflow/example_dags/example_bash_operator.py
[2026-04-27T22:30:21.363+0000] {processor.py:925} INFO - DAG(s) 'example_bash_operator' retrieved from /usr/local/python/3.12.1/lib/python3.12/site-packages/airflow/example_dags/example_bash_operator.py
[2026-04-27T22:30:21.379+0000] {logging_mixin.py:190} INFO - [2026-04-27T22:30:21.379+0000] {dag.py:3239} INFO - Sync 1 DAGs
[2026-04-27T22:30:21.396+0000] {logging_mixin.py:190} INFO - [2026-04-27T22:30:21.396+0000] {dag.py:4180} INFO - Setting next_dagrun for example_bash_operator to 2026-04-26 00:00:00+00:00, run_after=2026-04-27 00:00:00+00:00
[2026-04-27T22:30:21.413+0000] {processor.py:208} INFO - Processing /usr/local/python/3.12.1/lib/python3.12/site-packages/airflow/example_dags/example_bash_operator.py took 0.067 seconds
[2026-04-27T22:31:41.369+0000] {processor.py:186} INFO - Started process (PID=12222) to work on /usr/local/python/3.12.1/lib/python3.12/site-packages/airflow/example_dags/example_bash_operator.py
[2026-04-27T22:31:41.370+0000] {processor.py:914} INFO - Processing file /usr/local/python/3.12.1/lib/python3.12/site-packages/airflow/example_dags/example_bash_operator.py for tasks to queue
[2026-04-27T22:31:41.371+0000] {logging_mixin.py:190} INFO - [2026-04-27T22:31:41.371+0000] {dagbag.py:588} INFO - Filling up the DagBag from /usr/local/python/3.12.1/lib/python3.12/site-packages/airflow/example_dags/example_bash_operator.py
[2026-04-27T22:31:41.381+0000] {processor.py:925} INFO - DAG(s) 'example_bash_operator' retrieved from /usr/local/python/3.12.1/lib/python3.12/site-packages/airflow/example_dags/example_bash_operator.py
[2026-04-27T22:31:41.402+0000] {logging_mixin.py:190} INFO - [2026-04-27T22:31:41.401+0000] {dag.py:3239} INFO - Sync 1 DAGs
[2026-04-27T22:31:41.417+0000] {logging_mixin.py:190} INFO - [2026-04-27T22:31:41.417+0000] {dag.py:4180} INFO - Setting next_dagrun for example_bash_operator to 2026-04-26 00:00:00+00:00, run_after=2026-04-27 00:00:00+00:00
[2026-04-27T22:31:41.433+0000] {processor.py:208} INFO - Processing /usr/local/python/3.12.1/lib/python3.12/site-packages/airflow/example_dags/example_bash_operator.py took 0.069 seconds
[2026-04-27T22:32:57.399+0000] {processor.py:186} INFO - Started process (PID=13088) to work on /usr/local/python/3.12.1/lib/python3.12/site-packages/airflow/example_dags/example_bash_operator.py
[2026-04-27T22:32:57.400+0000] {processor.py:914} INFO - Processing file /usr/local/python/3.12.1/lib/python3.12/site-packages/airflow/example_dags/example_bash_operator.py for tasks to queue
[2026-04-27T22:32:57.402+0000] {logging_mixin.py:190} INFO - [2026-04-27T22:32:57.401+0000] {dagbag.py:588} INFO - Filling up the DagBag from /usr/local/python/3.12.1/lib/python3.12/site-packages/airflow/example_dags/example_bash_operator.py
[2026-04-27T22:32:57.412+0000] {processor.py:925} INFO - DAG(s) 'example_bash_operator' retrieved from /usr/local/python/3.12.1/lib/python3.12/site-packages/airflow/example_dags/example_bash_operator.py
[2026-04-27T22:32:57.436+0000] {logging_mixin.py:190} INFO - [2026-04-27T22:32:57.436+0000] {dag.py:3239} INFO - Sync 1 DAGs
[2026-04-27T22:32:57.458+0000] {logging_mixin.py:190} INFO - [2026-04-27T22:32:57.458+0000] {dag.py:4180} INFO - Setting next_dagrun for example_bash_operator to 2026-04-26 00:00:00+00:00, run_after=2026-04-27 00:00:00+00:00
[2026-04-27T22:32:57.482+0000] {processor.py:208} INFO - Processing /usr/local/python/3.12.1/lib/python3.12/site-packages/airflow/example_dags/example_bash_operator.py took 0.088 seconds
[2026-04-27T22:34:19.854+0000] {processor.py:186} INFO - Started process (PID=13958) to work on /usr/local/python/3.12.1/lib/python3.12/site-packages/airflow/example_dags/example_bash_operator.py
[2026-04-27T22:34:19.855+0000] {processor.py:914} INFO - Processing file /usr/local/python/3.12.1/lib/python3.12/site-packages/airflow/example_dags/example_bash_operator.py for tasks to queue
[2026-04-27T22:34:19.857+0000] {logging_mixin.py:190} INFO - [2026-04-27T22:34:19.856+0000] {dagbag.py:588} INFO - Filling up the DagBag from /usr/local/python/3.12.1/lib/python3.12/site-packages/airflow/example_dags/example_bash_operator.py
[2026-04-27T22:34:19.871+0000] {processor.py:925} INFO - DAG(s) 'example_bash_operator' retrieved from /usr/local/python/3.12.1/lib/python3.12/site-packages/airflow/example_dags/example_bash_operator.py
[2026-04-27T22:34:19.903+0000] {logging_mixin.py:190} INFO - [2026-04-27T22:34:19.903+0000] {dag.py:3239} INFO - Sync 1 DAGs
[2026-04-27T22:34:19.930+0000] {logging_mixin.py:190} INFO - [2026-04-27T22:34:19.929+0000] {dag.py:4180} INFO - Setting next_dagrun for example_bash_operator to 2026-04-26 00:00:00+00:00, run_after=2026-04-27 00:00:00+00:00
[2026-04-27T22:34:19.946+0000] {processor.py:208} INFO - Processing /usr/local/python/3.12.1/lib/python3.12/site-packages/airflow/example_dags/example_bash_operator.py took 0.098 seconds
[2026-04-27T22:35:40.641+0000] {processor.py:186} INFO - Started process (PID=14932) to work on /usr/local/python/3.12.1/lib/python3.12/site-packages/airflow/example_dags/example_bash_operator.py
[2026-04-27T22:35:40.642+0000] {processor.py:914} INFO - Processing file /usr/local/python/3.12.1/lib/python3.12/site-packages/airflow/example_dags/example_bash_operator.py for tasks to queue
[2026-04-27T22:35:40.644+0000] {logging_mixin.py:190} INFO - [2026-04-27T22:35:40.643+0000] {dagbag.py:588} INFO - Filling up the DagBag from /usr/local/python/3.12.1/lib/python3.12/site-packages/airflow/example_dags/example_bash_operator.py
[2026-04-27T22:35:40.659+0000] {processor.py:925} INFO - DAG(s) 'example_bash_operator' retrieved from /usr/local/python/3.12.1/lib/python3.12/site-packages/airflow/example_dags/example_bash_operator.py
[2026-04-27T22:35:40.688+0000] {logging_mixin.py:190} INFO - [2026-04-27T22:35:40.685+0000] {dag.py:3239} INFO - Sync 1 DAGs
[2026-04-27T22:35:40.725+0000] {logging_mixin.py:190} INFO - [2026-04-27T22:35:40.725+0000] {dag.py:4180} INFO - Setting next_dagrun for example_bash_operator to 2026-04-26 00:00:00+00:00, run_after=2026-04-27 00:00:00+00:00
[2026-04-27T22:35:40.772+0000] {processor.py:208} INFO - Processing /usr/local/python/3.12.1/lib/python3.12/site-packages/airflow/example_dags/example_bash_operator.py took 0.138 seconds
[2026-04-27T22:36:58.785+0000] {processor.py:186} INFO - Started process (PID=15863) to work on /usr/local/python/3.12.1/lib/python3.12/site-packages/airflow/example_dags/example_bash_operator.py
[2026-04-27T22:36:58.785+0000] {processor.py:914} INFO - Processing file /usr/local/python/3.12.1/lib/python3.12/site-packages/airflow/example_dags/example_bash_operator.py for tasks to queue
[2026-04-27T22:36:58.787+0000] {logging_mixin.py:190} INFO - [2026-04-27T22:36:58.787+0000] {dagbag.py:588} INFO - Filling up the DagBag from /usr/local/python/3.12.1/lib/python3.12/site-packages/airflow/example_dags/example_bash_operator.py
[2026-04-27T22:36:58.798+0000] {processor.py:925} INFO - DAG(s) 'example_bash_operator' retrieved from /usr/local/python/3.12.1/lib/python3.12/site-packages/airflow/example_dags/example_bash_operator.py
[2026-04-27T22:36:58.816+0000] {logging_mixin.py:190} INFO - [2026-04-27T22:36:58.816+0000] {dag.py:3239} INFO - Sync 1 DAGs
[2026-04-27T22:36:58.831+0000] {logging_mixin.py:190} INFO - [2026-04-27T22:36:58.831+0000] {dag.py:4180} INFO - Setting next_dagrun for example_bash_operator to 2026-04-26 00:00:00+00:00, run_after=2026-04-27 00:00:00+00:00
[2026-04-27T22:36:58.848+0000] {processor.py:208} INFO - Processing /usr/local/python/3.12.1/lib/python3.12/site-packages/airflow/example_dags/example_bash_operator.py took 0.068 seconds
[2026-04-27T22:38:15.516+0000] {processor.py:186} INFO - Started process (PID=16624) to work on /usr/local/python/3.12.1/lib/python3.12/site-packages/airflow/example_dags/example_bash_operator.py
[2026-04-27T22:38:15.517+0000] {processor.py:914} INFO - Processing file /usr/local/python/3.12.1/lib/python3.12/site-packages/airflow/example_dags/example_bash_operator.py for tasks to queue
[2026-04-27T22:38:15.519+0000] {logging_mixin.py:190} INFO - [2026-04-27T22:38:15.519+0000] {dagbag.py:588} INFO - Filling up the DagBag from /usr/local/python/3.12.1/lib/python3.12/site-packages/airflow/example_dags/example_bash_operator.py
[2026-04-27T22:38:15.530+0000] {processor.py:925} INFO - DAG(s) 'example_bash_operator' retrieved from /usr/local/python/3.12.1/lib/python3.12/site-packages/airflow/example_dags/example_bash_operator.py
[2026-04-27T22:38:15.548+0000] {logging_mixin.py:190} INFO - [2026-04-27T22:38:15.548+0000] {dag.py:3239} INFO - Sync 1 DAGs
[2026-04-27T22:38:15.564+0000] {logging_mixin.py:190} INFO - [2026-04-27T22:38:15.563+0000] {dag.py:4180} INFO - Setting next_dagrun for example_bash_operator to 2026-04-26 00:00:00+00:00, run_after=2026-04-27 00:00:00+00:00
[2026-04-27T22:38:15.580+0000] {processor.py:208} INFO - Processing /usr/local/python/3.12.1/lib/python3.12/site-packages/airflow/example_dags/example_bash_operator.py took 0.068 seconds
[2026-04-27T22:39:37.003+0000] {processor.py:186} INFO - Started process (PID=17487) to work on /usr/local/python/3.12.1/lib/python3.12/site-packages/airflow/example_dags/example_bash_operator.py
[2026-04-27T22:39:37.004+0000] {processor.py:914} INFO - Processing file /usr/local/python/3.12.1/lib/python3.12/site-packages/airflow/example_dags/example_bash_operator.py for tasks to queue
[2026-04-27T22:39:37.006+0000] {logging_mixin.py:190} INFO - [2026-04-27T22:39:37.005+0000] {dagbag.py:588} INFO - Filling up the DagBag from /usr/local/python/3.12.1/lib/python3.12/site-packages/airflow/example_dags/example_bash_operator.py
[2026-04-27T22:39:37.017+0000] {processor.py:925} INFO - DAG(s) 'example_bash_operator' retrieved from /usr/local/python/3.12.1/lib/python3.12/site-packages/airflow/example_dags/example_bash_operator.py
[2026-04-27T22:39:37.035+0000] {logging_mixin.py:190} INFO - [2026-04-27T22:39:37.034+0000] {dag.py:3239} INFO - Sync 1 DAGs
[2026-04-27T22:39:37.051+0000] {logging_mixin.py:190} INFO - [2026-04-27T22:39:37.051+0000] {dag.py:4180} INFO - Setting next_dagrun for example_bash_operator to 2026-04-26 00:00:00+00:00, run_after=2026-04-27 00:00:00+00:00
[2026-04-27T22:39:37.069+0000] {processor.py:208} INFO - Processing /usr/local/python/3.12.1/lib/python3.12/site-packages/airflow/example_dags/example_bash_operator.py took 0.071 seconds
[2026-04-27T22:40:56.891+0000] {processor.py:186} INFO - Started process (PID=18442) to work on /usr/local/python/3.12.1/lib/python3.12/site-packages/airflow/example_dags/example_bash_operator.py
[2026-04-27T22:40:56.892+0000] {processor.py:914} INFO - Processing file /usr/local/python/3.12.1/lib/python3.12/site-packages/airflow/example_dags/example_bash_operator.py for tasks to queue
[2026-04-27T22:40:56.894+0000] {logging_mixin.py:190} INFO - [2026-04-27T22:40:56.894+0000] {dagbag.py:588} INFO - Filling up the DagBag from /usr/local/python/3.12.1/lib/python3.12/site-packages/airflow/example_dags/example_bash_operator.py
[2026-04-27T22:40:56.904+0000] {processor.py:925} INFO - DAG(s) 'example_bash_operator' retrieved from /usr/local/python/3.12.1/lib/python3.12/site-packages/airflow/example_dags/example_bash_operator.py
[2026-04-27T22:40:56.922+0000] {logging_mixin.py:190} INFO - [2026-04-27T22:40:56.921+0000] {dag.py:3239} INFO - Sync 1 DAGs
[2026-04-27T22:40:56.937+0000] {logging_mixin.py:190} INFO - [2026-04-27T22:40:56.937+0000] {dag.py:4180} INFO - Setting next_dagrun for example_bash_operator to 2026-04-26 00:00:00+00:00, run_after=2026-04-27 00:00:00+00:00
[2026-04-27T22:40:56.954+0000] {processor.py:208} INFO - Processing /usr/local/python/3.12.1/lib/python3.12/site-packages/airflow/example_dags/example_bash_operator.py took 0.067 seconds
[2026-04-27T22:42:14.043+0000] {processor.py:186} INFO - Started process (PID=19262) to work on /usr/local/python/3.12.1/lib/python3.12/site-packages/airflow/example_dags/example_bash_operator.py
[2026-04-27T22:42:14.044+0000] {processor.py:914} INFO - Processing file /usr/local/python/3.12.1/lib/python3.12/site-packages/airflow/example_dags/example_bash_operator.py for tasks to queue
[2026-04-27T22:42:14.045+0000] {logging_mixin.py:190} INFO - [2026-04-27T22:42:14.045+0000] {dagbag.py:588} INFO - Filling up the DagBag from /usr/local/python/3.12.1/lib/python3.12/site-packages/airflow/example_dags/example_bash_operator.py
[2026-04-27T22:42:14.056+0000] {processor.py:925} INFO - DAG(s) 'example_bash_operator' retrieved from /usr/local/python/3.12.1/lib/python3.12/site-packages/airflow/example_dags/example_bash_operator.py
[2026-04-27T22:42:14.073+0000] {logging_mixin.py:190} INFO - [2026-04-27T22:42:14.073+0000] {dag.py:3239} INFO - Sync 1 DAGs
[2026-04-27T22:42:14.088+0000] {logging_mixin.py:190} INFO - [2026-04-27T22:42:14.088+0000] {dag.py:4180} INFO - Setting next_dagrun for example_bash_operator to 2026-04-26 00:00:00+00:00, run_after=2026-04-27 00:00:00+00:00
[2026-04-27T22:42:14.104+0000] {processor.py:208} INFO - Processing /usr/local/python/3.12.1/lib/python3.12/site-packages/airflow/example_dags/example_bash_operator.py took 0.065 seconds
[2026-04-27T22:43:32.597+0000] {processor.py:186} INFO - Started process (PID=20062) to work on /usr/local/python/3.12.1/lib/python3.12/site-packages/airflow/example_dags/example_bash_operator.py
[2026-04-27T22:43:32.598+0000] {processor.py:914} INFO - Processing file /usr/local/python/3.12.1/lib/python3.12/site-packages/airflow/example_dags/example_bash_operator.py for tasks to queue
[2026-04-27T22:43:32.600+0000] {logging_mixin.py:190} INFO - [2026-04-27T22:43:32.599+0000] {dagbag.py:588} INFO - Filling up the DagBag from /usr/local/python/3.12.1/lib/python3.12/site-packages/airflow/example_dags/example_bash_operator.py
[2026-04-27T22:43:32.610+0000] {processor.py:925} INFO - DAG(s) 'example_bash_operator' retrieved from /usr/local/python/3.12.1/lib/python3.12/site-packages/airflow/example_dags/example_bash_operator.py
[2026-04-27T22:43:32.627+0000] {logging_mixin.py:190} INFO - [2026-04-27T22:43:32.627+0000] {dag.py:3239} INFO - Sync 1 DAGs
[2026-04-27T22:43:32.642+0000] {logging_mixin.py:190} INFO - [2026-04-27T22:43:32.642+0000] {dag.py:4180} INFO - Setting next_dagrun for example_bash_operator to 2026-04-26 00:00:00+00:00, run_after=2026-04-27 00:00:00+00:00
[2026-04-27T22:43:32.659+0000] {processor.py:208} INFO - Processing /usr/local/python/3.12.1/lib/python3.12/site-packages/airflow/example_dags/example_bash_operator.py took 0.066 seconds
[2026-04-27T22:44:51.930+0000] {processor.py:186} INFO - Started process (PID=20982) to work on /usr/local/python/3.12.1/lib/python3.12/site-packages/airflow/example_dags/example_bash_operator.py
[2026-04-27T22:44:51.930+0000] {processor.py:914} INFO - Processing file /usr/local/python/3.12.1/lib/python3.12/site-packages/airflow/example_dags/example_bash_operator.py for tasks to queue
[2026-04-27T22:44:51.932+0000] {logging_mixin.py:190} INFO - [2026-04-27T22:44:51.932+0000] {dagbag.py:588} INFO - Filling up the DagBag from /usr/local/python/3.12.1/lib/python3.12/site-packages/airflow/example_dags/example_bash_operator.py
[2026-04-27T22:44:51.943+0000] {processor.py:925} INFO - DAG(s) 'example_bash_operator' retrieved from /usr/local/python/3.12.1/lib/python3.12/site-packages/airflow/example_dags/example_bash_operator.py
[2026-04-27T22:44:51.960+0000] {logging_mixin.py:190} INFO - [2026-04-27T22:44:51.960+0000] {dag.py:3239} INFO - Sync 1 DAGs
[2026-04-27T22:44:51.978+0000] {logging_mixin.py:190} INFO - [2026-04-27T22:44:51.978+0000] {dag.py:4180} INFO - Setting next_dagrun for example_bash_operator to 2026-04-26 00:00:00+00:00, run_after=2026-04-27 00:00:00+00:00
[2026-04-27T22:44:51.994+0000] {processor.py:208} INFO - Processing /usr/local/python/3.12.1/lib/python3.12/site-packages/airflow/example_dags/example_bash_operator.py took 0.069 seconds
[2026-04-27T22:46:12.781+0000] {processor.py:186} INFO - Started process (PID=21901) to work on /usr/local/python/3.12.1/lib/python3.12/site-packages/airflow/example_dags/example_bash_operator.py
[2026-04-27T22:46:12.781+0000] {processor.py:914} INFO - Processing file /usr/local/python/3.12.1/lib/python3.12/site-packages/airflow/example_dags/example_bash_operator.py for tasks to queue
[2026-04-27T22:46:12.783+0000] {logging_mixin.py:190} INFO - [2026-04-27T22:46:12.783+0000] {dagbag.py:588} INFO - Filling up the DagBag from /usr/local/python/3.12.1/lib/python3.12/site-packages/airflow/example_dags/example_bash_operator.py
[2026-04-27T22:46:12.794+0000] {processor.py:925} INFO - DAG(s) 'example_bash_operator' retrieved from /usr/local/python/3.12.1/lib/python3.12/site-packages/airflow/example_dags/example_bash_operator.py
[2026-04-27T22:46:12.811+0000] {logging_mixin.py:190} INFO - [2026-04-27T22:46:12.810+0000] {dag.py:3239} INFO - Sync 1 DAGs
[2026-04-27T22:46:12.826+0000] {logging_mixin.py:190} INFO - [2026-04-27T22:46:12.826+0000] {dag.py:4180} INFO - Setting next_dagrun for example_bash_operator to 2026-04-26 00:00:00+00:00, run_after=2026-04-27 00:00:00+00:00
[2026-04-27T22:46:12.843+0000] {processor.py:208} INFO - Processing /usr/local/python/3.12.1/lib/python3.12/site-packages/airflow/example_dags/example_bash_operator.py took 0.066 seconds
[2026-04-27T22:47:33.474+0000] {processor.py:186} INFO - Started process (PID=22709) to work on /usr/local/python/3.12.1/lib/python3.12/site-packages/airflow/example_dags/example_bash_operator.py
[2026-04-27T22:47:33.475+0000] {processor.py:914} INFO - Processing file /usr/local/python/3.12.1/lib/python3.12/site-packages/airflow/example_dags/example_bash_operator.py for tasks to queue
[2026-04-27T22:47:33.477+0000] {logging_mixin.py:190} INFO - [2026-04-27T22:47:33.476+0000] {dagbag.py:588} INFO - Filling up the DagBag from /usr/local/python/3.12.1/lib/python3.12/site-packages/airflow/example_dags/example_bash_operator.py
[2026-04-27T22:47:33.488+0000] {processor.py:925} INFO - DAG(s) 'example_bash_operator' retrieved from /usr/local/python/3.12.1/lib/python3.12/site-packages/airflow/example_dags/example_bash_operator.py
[2026-04-27T22:47:33.506+0000] {logging_mixin.py:190} INFO - [2026-04-27T22:47:33.505+0000] {dag.py:3239} INFO - Sync 1 DAGs
[2026-04-27T22:47:33.523+0000] {logging_mixin.py:190} INFO - [2026-04-27T22:47:33.523+0000] {dag.py:4180} INFO - Setting next_dagrun for example_bash_operator to 2026-04-26 00:00:00+00:00, run_after=2026-04-27 00:00:00+00:00
[2026-04-27T22:47:33.540+0000] {processor.py:208} INFO - Processing /usr/local/python/3.12.1/lib/python3.12/site-packages/airflow/example_dags/example_bash_operator.py took 0.071 seconds
[2026-04-27T22:48:50.797+0000] {processor.py:186} INFO - Started process (PID=23552) to work on /usr/local/python/3.12.1/lib/python3.12/site-packages/airflow/example_dags/example_bash_operator.py
[2026-04-27T22:48:50.797+0000] {processor.py:914} INFO - Processing file /usr/local/python/3.12.1/lib/python3.12/site-packages/airflow/example_dags/example_bash_operator.py for tasks to queue
[2026-04-27T22:48:50.799+0000] {logging_mixin.py:190} INFO - [2026-04-27T22:48:50.799+0000] {dagbag.py:588} INFO - Filling up the DagBag from /usr/local/python/3.12.1/lib/python3.12/site-packages/airflow/example_dags/example_bash_operator.py
[2026-04-27T22:48:50.810+0000] {processor.py:925} INFO - DAG(s) 'example_bash_operator' retrieved from /usr/local/python/3.12.1/lib/python3.12/site-packages/airflow/example_dags/example_bash_operator.py
[2026-04-27T22:48:50.834+0000] {logging_mixin.py:190} INFO - [2026-04-27T22:48:50.834+0000] {dag.py:3239} INFO - Sync 1 DAGs
[2026-04-27T22:48:50.850+0000] {logging_mixin.py:190} INFO - [2026-04-27T22:48:50.850+0000] {dag.py:4180} INFO - Setting next_dagrun for example_bash_operator to 2026-04-26 00:00:00+00:00, run_after=2026-04-27 00:00:00+00:00
[2026-04-27T22:48:50.866+0000] {processor.py:208} INFO - Processing /usr/local/python/3.12.1/lib/python3.12/site-packages/airflow/example_dags/example_bash_operator.py took 0.074 seconds
[2026-04-27T22:50:11.353+0000] {processor.py:186} INFO - Started process (PID=24471) to work on /usr/local/python/3.12.1/lib/python3.12/site-packages/airflow/example_dags/example_bash_operator.py
[2026-04-27T22:50:11.354+0000] {processor.py:914} INFO - Processing file /usr/local/python/3.12.1/lib/python3.12/site-packages/airflow/example_dags/example_bash_operator.py for tasks to queue
[2026-04-27T22:50:11.356+0000] {logging_mixin.py:190} INFO - [2026-04-27T22:50:11.355+0000] {dagbag.py:588} INFO - Filling up the DagBag from /usr/local/python/3.12.1/lib/python3.12/site-packages/airflow/example_dags/example_bash_operator.py
[2026-04-27T22:50:11.366+0000] {processor.py:925} INFO - DAG(s) 'example_bash_operator' retrieved from /usr/local/python/3.12.1/lib/python3.12/site-packages/airflow/example_dags/example_bash_operator.py
[2026-04-27T22:50:11.383+0000] {logging_mixin.py:190} INFO - [2026-04-27T22:50:11.382+0000] {dag.py:3239} INFO - Sync 1 DAGs
[2026-04-27T22:50:11.398+0000] {logging_mixin.py:190} INFO - [2026-04-27T22:50:11.398+0000] {dag.py:4180} INFO - Setting next_dagrun for example_bash_operator to 2026-04-26 00:00:00+00:00, run_after=2026-04-27 00:00:00+00:00
[2026-04-27T22:50:11.414+0000] {processor.py:208} INFO - Processing /usr/local/python/3.12.1/lib/python3.12/site-packages/airflow/example_dags/example_bash_operator.py took 0.065 seconds
[2026-04-27T22:51:27.269+0000] {processor.py:186} INFO - Started process (PID=25232) to work on /usr/local/python/3.12.1/lib/python3.12/site-packages/airflow/example_dags/example_bash_operator.py
[2026-04-27T22:51:27.270+0000] {processor.py:914} INFO - Processing file /usr/local/python/3.12.1/lib/python3.12/site-packages/airflow/example_dags/example_bash_operator.py for tasks to queue
[2026-04-27T22:51:27.272+0000] {logging_mixin.py:190} INFO - [2026-04-27T22:51:27.271+0000] {dagbag.py:588} INFO - Filling up the DagBag from /usr/local/python/3.12.1/lib/python3.12/site-packages/airflow/example_dags/example_bash_operator.py
[2026-04-27T22:51:27.282+0000] {processor.py:925} INFO - DAG(s) 'example_bash_operator' retrieved from /usr/local/python/3.12.1/lib/python3.12/site-packages/airflow/example_dags/example_bash_operator.py
[2026-04-27T22:51:27.299+0000] {logging_mixin.py:190} INFO - [2026-04-27T22:51:27.298+0000] {dag.py:3239} INFO - Sync 1 DAGs
[2026-04-27T22:51:27.314+0000] {logging_mixin.py:190} INFO - [2026-04-27T22:51:27.314+0000] {dag.py:4180} INFO - Setting next_dagrun for example_bash_operator to 2026-04-26 00:00:00+00:00, run_after=2026-04-27 00:00:00+00:00
[2026-04-27T22:51:27.329+0000] {processor.py:208} INFO - Processing /usr/local/python/3.12.1/lib/python3.12/site-packages/airflow/example_dags/example_bash_operator.py took 0.064 seconds
[2026-04-27T22:52:46.354+0000] {processor.py:186} INFO - Started process (PID=26181) to work on /usr/local/python/3.12.1/lib/python3.12/site-packages/airflow/example_dags/example_bash_operator.py
[2026-04-27T22:52:46.355+0000] {processor.py:914} INFO - Processing file /usr/local/python/3.12.1/lib/python3.12/site-packages/airflow/example_dags/example_bash_operator.py for tasks to queue
[2026-04-27T22:52:46.356+0000] {logging_mixin.py:190} INFO - [2026-04-27T22:52:46.356+0000] {dagbag.py:588} INFO - Filling up the DagBag from /usr/local/python/3.12.1/lib/python3.12/site-packages/airflow/example_dags/example_bash_operator.py
[2026-04-27T22:52:46.367+0000] {processor.py:925} INFO - DAG(s) 'example_bash_operator' retrieved from /usr/local/python/3.12.1/lib/python3.12/site-packages/airflow/example_dags/example_bash_operator.py
[2026-04-27T22:52:46.383+0000] {logging_mixin.py:190} INFO - [2026-04-27T22:52:46.383+0000] {dag.py:3239} INFO - Sync 1 DAGs
[2026-04-27T22:52:46.399+0000] {logging_mixin.py:190} INFO - [2026-04-27T22:52:46.399+0000] {dag.py:4180} INFO - Setting next_dagrun for example_bash_operator to 2026-04-26 00:00:00+00:00, run_after=2026-04-27 00:00:00+00:00
[2026-04-27T22:52:46.416+0000] {processor.py:208} INFO - Processing /usr/local/python/3.12.1/lib/python3.12/site-packages/airflow/example_dags/example_bash_operator.py took 0.067 seconds
[2026-04-27T22:54:06.275+0000] {processor.py:186} INFO - Started process (PID=27038) to work on /usr/local/python/3.12.1/lib/python3.12/site-packages/airflow/example_dags/example_bash_operator.py
[2026-04-27T22:54:06.276+0000] {processor.py:914} INFO - Processing file /usr/local/python/3.12.1/lib/python3.12/site-packages/airflow/example_dags/example_bash_operator.py for tasks to queue
[2026-04-27T22:54:06.277+0000] {logging_mixin.py:190} INFO - [2026-04-27T22:54:06.277+0000] {dagbag.py:588} INFO - Filling up the DagBag from /usr/local/python/3.12.1/lib/python3.12/site-packages/airflow/example_dags/example_bash_operator.py
[2026-04-27T22:54:06.288+0000] {processor.py:925} INFO - DAG(s) 'example_bash_operator' retrieved from /usr/local/python/3.12.1/lib/python3.12/site-packages/airflow/example_dags/example_bash_operator.py
[2026-04-27T22:54:06.305+0000] {logging_mixin.py:190} INFO - [2026-04-27T22:54:06.305+0000] {dag.py:3239} INFO - Sync 1 DAGs
[2026-04-27T22:54:06.320+0000] {logging_mixin.py:190} INFO - [2026-04-27T22:54:06.320+0000] {dag.py:4180} INFO - Setting next_dagrun for example_bash_operator to 2026-04-26 00:00:00+00:00, run_after=2026-04-27 00:00:00+00:00
[2026-04-27T22:54:06.336+0000] {processor.py:208} INFO - Processing /usr/local/python/3.12.1/lib/python3.12/site-packages/airflow/example_dags/example_bash_operator.py took 0.066 seconds
[2026-04-27T22:55:27.010+0000] {processor.py:186} INFO - Started process (PID=27899) to work on /usr/local/python/3.12.1/lib/python3.12/site-packages/airflow/example_dags/example_bash_operator.py
[2026-04-27T22:55:27.010+0000] {processor.py:914} INFO - Processing file /usr/local/python/3.12.1/lib/python3.12/site-packages/airflow/example_dags/example_bash_operator.py for tasks to queue
[2026-04-27T22:55:27.012+0000] {logging_mixin.py:190} INFO - [2026-04-27T22:55:27.012+0000] {dagbag.py:588} INFO - Filling up the DagBag from /usr/local/python/3.12.1/lib/python3.12/site-packages/airflow/example_dags/example_bash_operator.py
[2026-04-27T22:55:27.023+0000] {processor.py:925} INFO - DAG(s) 'example_bash_operator' retrieved from /usr/local/python/3.12.1/lib/python3.12/site-packages/airflow/example_dags/example_bash_operator.py
[2026-04-27T22:55:27.040+0000] {logging_mixin.py:190} INFO - [2026-04-27T22:55:27.040+0000] {dag.py:3239} INFO - Sync 1 DAGs
[2026-04-27T22:55:27.055+0000] {logging_mixin.py:190} INFO - [2026-04-27T22:55:27.055+0000] {dag.py:4180} INFO - Setting next_dagrun for example_bash_operator to 2026-04-26 00:00:00+00:00, run_after=2026-04-27 00:00:00+00:00
[2026-04-27T22:55:27.070+0000] {processor.py:208} INFO - Processing /usr/local/python/3.12.1/lib/python3.12/site-packages/airflow/example_dags/example_bash_operator.py took 0.065 seconds
[2026-04-27T22:56:46.773+0000] {processor.py:186} INFO - Started process (PID=28818) to work on /usr/local/python/3.12.1/lib/python3.12/site-packages/airflow/example_dags/example_bash_operator.py
[2026-04-27T22:56:46.774+0000] {processor.py:914} INFO - Processing file /usr/local/python/3.12.1/lib/python3.12/site-packages/airflow/example_dags/example_bash_operator.py for tasks to queue
[2026-04-27T22:56:46.776+0000] {logging_mixin.py:190} INFO - [2026-04-27T22:56:46.775+0000] {dagbag.py:588} INFO - Filling up the DagBag from /usr/local/python/3.12.1/lib/python3.12/site-packages/airflow/example_dags/example_bash_operator.py
[2026-04-27T22:56:46.786+0000] {processor.py:925} INFO - DAG(s) 'example_bash_operator' retrieved from /usr/local/python/3.12.1/lib/python3.12/site-packages/airflow/example_dags/example_bash_operator.py
[2026-04-27T22:56:46.802+0000] {logging_mixin.py:190} INFO - [2026-04-27T22:56:46.802+0000] {dag.py:3239} INFO - Sync 1 DAGs
[2026-04-27T22:56:46.818+0000] {logging_mixin.py:190} INFO - [2026-04-27T22:56:46.817+0000] {dag.py:4180} INFO - Setting next_dagrun for example_bash_operator to 2026-04-26 00:00:00+00:00, run_after=2026-04-27 00:00:00+00:00
[2026-04-27T22:56:46.837+0000] {processor.py:208} INFO - Processing /usr/local/python/3.12.1/lib/python3.12/site-packages/airflow/example_dags/example_bash_operator.py took 0.068 seconds
[2026-04-27T22:58:09.152+0000] {processor.py:186} INFO - Started process (PID=29692) to work on /usr/local/python/3.12.1/lib/python3.12/site-packages/airflow/example_dags/example_bash_operator.py
[2026-04-27T22:58:09.153+0000] {processor.py:914} INFO - Processing file /usr/local/python/3.12.1/lib/python3.12/site-packages/airflow/example_dags/example_bash_operator.py for tasks to queue
[2026-04-27T22:58:09.155+0000] {logging_mixin.py:190} INFO - [2026-04-27T22:58:09.154+0000] {dagbag.py:588} INFO - Filling up the DagBag from /usr/local/python/3.12.1/lib/python3.12/site-packages/airflow/example_dags/example_bash_operator.py
[2026-04-27T22:58:09.165+0000] {processor.py:925} INFO - DAG(s) 'example_bash_operator' retrieved from /usr/local/python/3.12.1/lib/python3.12/site-packages/airflow/example_dags/example_bash_operator.py
[2026-04-27T22:58:09.187+0000] {logging_mixin.py:190} INFO - [2026-04-27T22:58:09.187+0000] {dag.py:3239} INFO - Sync 1 DAGs
[2026-04-27T22:58:09.205+0000] {logging_mixin.py:190} INFO - [2026-04-27T22:58:09.204+0000] {dag.py:4180} INFO - Setting next_dagrun for example_bash_operator to 2026-04-26 00:00:00+00:00, run_after=2026-04-27 00:00:00+00:00
[2026-04-27T22:58:09.222+0000] {processor.py:208} INFO - Processing /usr/local/python/3.12.1/lib/python3.12/site-packages/airflow/example_dags/example_bash_operator.py took 0.074 seconds
[2026-04-27T22:59:27.610+0000] {processor.py:186} INFO - Started process (PID=30464) to work on /usr/local/python/3.12.1/lib/python3.12/site-packages/airflow/example_dags/example_bash_operator.py
[2026-04-27T22:59:27.611+0000] {processor.py:914} INFO - Processing file /usr/local/python/3.12.1/lib/python3.12/site-packages/airflow/example_dags/example_bash_operator.py for tasks to queue
[2026-04-27T22:59:27.613+0000] {logging_mixin.py:190} INFO - [2026-04-27T22:59:27.612+0000] {dagbag.py:588} INFO - Filling up the DagBag from /usr/local/python/3.12.1/lib/python3.12/site-packages/airflow/example_dags/example_bash_operator.py
[2026-04-27T22:59:27.623+0000] {processor.py:925} INFO - DAG(s) 'example_bash_operator' retrieved from /usr/local/python/3.12.1/lib/python3.12/site-packages/airflow/example_dags/example_bash_operator.py
[2026-04-27T22:59:27.644+0000] {logging_mixin.py:190} INFO - [2026-04-27T22:59:27.644+0000] {dag.py:3239} INFO - Sync 1 DAGs
[2026-04-27T22:59:27.661+0000] {logging_mixin.py:190} INFO - [2026-04-27T22:59:27.661+0000] {dag.py:4180} INFO - Setting next_dagrun for example_bash_operator to 2026-04-26 00:00:00+00:00, run_after=2026-04-27 00:00:00+00:00
[2026-04-27T22:59:27.677+0000] {processor.py:208} INFO - Processing /usr/local/python/3.12.1/lib/python3.12/site-packages/airflow/example_dags/example_bash_operator.py took 0.071 seconds
[2026-04-27T23:00:48.951+0000] {processor.py:186} INFO - Started process (PID=31453) to work on /usr/local/python/3.12.1/lib/python3.12/site-packages/airflow/example_dags/example_bash_operator.py
[2026-04-27T23:00:48.952+0000] {processor.py:914} INFO - Processing file /usr/local/python/3.12.1/lib/python3.12/site-packages/airflow/example_dags/example_bash_operator.py for tasks to queue
[2026-04-27T23:00:48.954+0000] {logging_mixin.py:190} INFO - [2026-04-27T23:00:48.954+0000] {dagbag.py:588} INFO - Filling up the DagBag from /usr/local/python/3.12.1/lib/python3.12/site-packages/airflow/example_dags/example_bash_operator.py
[2026-04-27T23:00:48.968+0000] {processor.py:925} INFO - DAG(s) 'example_bash_operator' retrieved from /usr/local/python/3.12.1/lib/python3.12/site-packages/airflow/example_dags/example_bash_operator.py
[2026-04-27T23:00:48.992+0000] {logging_mixin.py:190} INFO - [2026-04-27T23:00:48.992+0000] {dag.py:3239} INFO - Sync 1 DAGs
[2026-04-27T23:00:49.015+0000] {logging_mixin.py:190} INFO - [2026-04-27T23:00:49.014+0000] {dag.py:4180} INFO - Setting next_dagrun for example_bash_operator to 2026-04-26 00:00:00+00:00, run_after=2026-04-27 00:00:00+00:00
[2026-04-27T23:00:49.031+0000] {processor.py:208} INFO - Processing /usr/local/python/3.12.1/lib/python3.12/site-packages/airflow/example_dags/example_bash_operator.py took 0.085 seconds
[2026-04-27T23:02:11.404+0000] {processor.py:186} INFO - Started process (PID=32327) to work on /usr/local/python/3.12.1/lib/python3.12/site-packages/airflow/example_dags/example_bash_operator.py
[2026-04-27T23:02:11.405+0000] {processor.py:914} INFO - Processing file /usr/local/python/3.12.1/lib/python3.12/site-packages/airflow/example_dags/example_bash_operator.py for tasks to queue
[2026-04-27T23:02:11.407+0000] {logging_mixin.py:190} INFO - [2026-04-27T23:02:11.406+0000] {dagbag.py:588} INFO - Filling up the DagBag from /usr/local/python/3.12.1/lib/python3.12/site-packages/airflow/example_dags/example_bash_operator.py
[2026-04-27T23:02:11.419+0000] {processor.py:925} INFO - DAG(s) 'example_bash_operator' retrieved from /usr/local/python/3.12.1/lib/python3.12/site-packages/airflow/example_dags/example_bash_operator.py
[2026-04-27T23:02:11.469+0000] {logging_mixin.py:190} INFO - [2026-04-27T23:02:11.469+0000] {dag.py:3239} INFO - Sync 1 DAGs
[2026-04-27T23:02:11.528+0000] {logging_mixin.py:190} INFO - [2026-04-27T23:02:11.526+0000] {dag.py:4180} INFO - Setting next_dagrun for example_bash_operator to 2026-04-26 00:00:00+00:00, run_after=2026-04-27 00:00:00+00:00
[2026-04-27T23:02:11.555+0000] {processor.py:208} INFO - Processing /usr/local/python/3.12.1/lib/python3.12/site-packages/airflow/example_dags/example_bash_operator.py took 0.155 seconds
[2026-04-27T23:03:32.577+0000] {processor.py:186} INFO - Started process (PID=33145) to work on /usr/local/python/3.12.1/lib/python3.12/site-packages/airflow/example_dags/example_bash_operator.py
[2026-04-27T23:03:32.578+0000] {processor.py:914} INFO - Processing file /usr/local/python/3.12.1/lib/python3.12/site-packages/airflow/example_dags/example_bash_operator.py for tasks to queue
[2026-04-27T23:03:32.580+0000] {logging_mixin.py:190} INFO - [2026-04-27T23:03:32.579+0000] {dagbag.py:588} INFO - Filling up the DagBag from /usr/local/python/3.12.1/lib/python3.12/site-packages/airflow/example_dags/example_bash_operator.py
[2026-04-27T23:03:32.590+0000] {processor.py:925} INFO - DAG(s) 'example_bash_operator' retrieved from /usr/local/python/3.12.1/lib/python3.12/site-packages/airflow/example_dags/example_bash_operator.py
[2026-04-27T23:03:32.608+0000] {logging_mixin.py:190} INFO - [2026-04-27T23:03:32.608+0000] {dag.py:3239} INFO - Sync 1 DAGs
[2026-04-27T23:03:32.624+0000] {logging_mixin.py:190} INFO - [2026-04-27T23:03:32.623+0000] {dag.py:4180} INFO - Setting next_dagrun for example_bash_operator to 2026-04-26 00:00:00+00:00, run_after=2026-04-27 00:00:00+00:00
[2026-04-27T23:03:32.639+0000] {processor.py:208} INFO - Processing /usr/local/python/3.12.1/lib/python3.12/site-packages/airflow/example_dags/example_bash_operator.py took 0.068 seconds
[2026-04-27T23:04:51.138+0000] {processor.py:186} INFO - Started process (PID=34047) to work on /usr/local/python/3.12.1/lib/python3.12/site-packages/airflow/example_dags/example_bash_operator.py
[2026-04-27T23:04:51.139+0000] {processor.py:914} INFO - Processing file /usr/local/python/3.12.1/lib/python3.12/site-packages/airflow/example_dags/example_bash_operator.py for tasks to queue
[2026-04-27T23:04:51.141+0000] {logging_mixin.py:190} INFO - [2026-04-27T23:04:51.141+0000] {dagbag.py:588} INFO - Filling up the DagBag from /usr/local/python/3.12.1/lib/python3.12/site-packages/airflow/example_dags/example_bash_operator.py
[2026-04-27T23:04:51.151+0000] {processor.py:925} INFO - DAG(s) 'example_bash_operator' retrieved from /usr/local/python/3.12.1/lib/python3.12/site-packages/airflow/example_dags/example_bash_operator.py
[2026-04-27T23:04:51.171+0000] {logging_mixin.py:190} INFO - [2026-04-27T23:04:51.171+0000] {dag.py:3239} INFO - Sync 1 DAGs
[2026-04-27T23:04:51.187+0000] {logging_mixin.py:190} INFO - [2026-04-27T23:04:51.187+0000] {dag.py:4180} INFO - Setting next_dagrun for example_bash_operator to 2026-04-26 00:00:00+00:00, run_after=2026-04-27 00:00:00+00:00
[2026-04-27T23:04:51.203+0000] {processor.py:208} INFO - Processing /usr/local/python/3.12.1/lib/python3.12/site-packages/airflow/example_dags/example_bash_operator.py took 0.069 seconds
[2026-04-27T23:06:14.737+0000] {processor.py:186} INFO - Started process (PID=34989) to work on /usr/local/python/3.12.1/lib/python3.12/site-packages/airflow/example_dags/example_bash_operator.py
[2026-04-27T23:06:14.738+0000] {processor.py:914} INFO - Processing file /usr/local/python/3.12.1/lib/python3.12/site-packages/airflow/example_dags/example_bash_operator.py for tasks to queue
[2026-04-27T23:06:14.739+0000] {logging_mixin.py:190} INFO - [2026-04-27T23:06:14.739+0000] {dagbag.py:588} INFO - Filling up the DagBag from /usr/local/python/3.12.1/lib/python3.12/site-packages/airflow/example_dags/example_bash_operator.py
[2026-04-27T23:06:14.750+0000] {processor.py:925} INFO - DAG(s) 'example_bash_operator' retrieved from /usr/local/python/3.12.1/lib/python3.12/site-packages/airflow/example_dags/example_bash_operator.py
[2026-04-27T23:06:14.766+0000] {logging_mixin.py:190} INFO - [2026-04-27T23:06:14.766+0000] {dag.py:3239} INFO - Sync 1 DAGs
[2026-04-27T23:06:14.781+0000] {logging_mixin.py:190} INFO - [2026-04-27T23:06:14.781+0000] {dag.py:4180} INFO - Setting next_dagrun for example_bash_operator to 2026-04-26 00:00:00+00:00, run_after=2026-04-27 00:00:00+00:00
[2026-04-27T23:06:14.832+0000] {processor.py:208} INFO - Processing /usr/local/python/3.12.1/lib/python3.12/site-packages/airflow/example_dags/example_bash_operator.py took 0.099 seconds
[2026-04-27T23:07:35.960+0000] {processor.py:186} INFO - Started process (PID=35824) to work on /usr/local/python/3.12.1/lib/python3.12/site-packages/airflow/example_dags/example_bash_operator.py
[2026-04-27T23:07:35.961+0000] {processor.py:914} INFO - Processing file /usr/local/python/3.12.1/lib/python3.12/site-packages/airflow/example_dags/example_bash_operator.py for tasks to queue
[2026-04-27T23:07:35.963+0000] {logging_mixin.py:190} INFO - [2026-04-27T23:07:35.962+0000] {dagbag.py:588} INFO - Filling up the DagBag from /usr/local/python/3.12.1/lib/python3.12/site-packages/airflow/example_dags/example_bash_operator.py
[2026-04-27T23:07:35.973+0000] {processor.py:925} INFO - DAG(s) 'example_bash_operator' retrieved from /usr/local/python/3.12.1/lib/python3.12/site-packages/airflow/example_dags/example_bash_operator.py
[2026-04-27T23:07:35.995+0000] {logging_mixin.py:190} INFO - [2026-04-27T23:07:35.995+0000] {dag.py:3239} INFO - Sync 1 DAGs
[2026-04-27T23:07:36.010+0000] {logging_mixin.py:190} INFO - [2026-04-27T23:07:36.010+0000] {dag.py:4180} INFO - Setting next_dagrun for example_bash_operator to 2026-04-26 00:00:00+00:00, run_after=2026-04-27 00:00:00+00:00
[2026-04-27T23:07:36.028+0000] {processor.py:208} INFO - Processing /usr/local/python/3.12.1/lib/python3.12/site-packages/airflow/example_dags/example_bash_operator.py took 0.072 seconds
[2026-04-27T23:08:57.833+0000] {processor.py:186} INFO - Started process (PID=36741) to work on /usr/local/python/3.12.1/lib/python3.12/site-packages/airflow/example_dags/example_bash_operator.py
[2026-04-27T23:08:57.834+0000] {processor.py:914} INFO - Processing file /usr/local/python/3.12.1/lib/python3.12/site-packages/airflow/example_dags/example_bash_operator.py for tasks to queue
[2026-04-27T23:08:57.837+0000] {logging_mixin.py:190} INFO - [2026-04-27T23:08:57.837+0000] {dagbag.py:588} INFO - Filling up the DagBag from /usr/local/python/3.12.1/lib/python3.12/site-packages/airflow/example_dags/example_bash_operator.py
[2026-04-27T23:08:57.862+0000] {processor.py:925} INFO - DAG(s) 'example_bash_operator' retrieved from /usr/local/python/3.12.1/lib/python3.12/site-packages/airflow/example_dags/example_bash_operator.py
[2026-04-27T23:08:57.895+0000] {logging_mixin.py:190} INFO - [2026-04-27T23:08:57.894+0000] {dag.py:3239} INFO - Sync 1 DAGs
[2026-04-27T23:08:57.911+0000] {logging_mixin.py:190} INFO - [2026-04-27T23:08:57.910+0000] {dag.py:4180} INFO - Setting next_dagrun for example_bash_operator to 2026-04-26 00:00:00+00:00, run_after=2026-04-27 00:00:00+00:00
[2026-04-27T23:08:57.926+0000] {processor.py:208} INFO - Processing /usr/local/python/3.12.1/lib/python3.12/site-packages/airflow/example_dags/example_bash_operator.py took 0.101 seconds
[2026-04-27T23:10:16.603+0000] {processor.py:186} INFO - Started process (PID=37647) to work on /usr/local/python/3.12.1/lib/python3.12/site-packages/airflow/example_dags/example_bash_operator.py
[2026-04-27T23:10:16.603+0000] {processor.py:914} INFO - Processing file /usr/local/python/3.12.1/lib/python3.12/site-packages/airflow/example_dags/example_bash_operator.py for tasks to queue
[2026-04-27T23:10:16.605+0000] {logging_mixin.py:190} INFO - [2026-04-27T23:10:16.605+0000] {dagbag.py:588} INFO - Filling up the DagBag from /usr/local/python/3.12.1/lib/python3.12/site-packages/airflow/example_dags/example_bash_operator.py
[2026-04-27T23:10:16.615+0000] {processor.py:925} INFO - DAG(s) 'example_bash_operator' retrieved from /usr/local/python/3.12.1/lib/python3.12/site-packages/airflow/example_dags/example_bash_operator.py
[2026-04-27T23:10:16.632+0000] {logging_mixin.py:190} INFO - [2026-04-27T23:10:16.632+0000] {dag.py:3239} INFO - Sync 1 DAGs
[2026-04-27T23:10:16.647+0000] {logging_mixin.py:190} INFO - [2026-04-27T23:10:16.647+0000] {dag.py:4180} INFO - Setting next_dagrun for example_bash_operator to 2026-04-26 00:00:00+00:00, run_after=2026-04-27 00:00:00+00:00
[2026-04-27T23:10:16.663+0000] {processor.py:208} INFO - Processing /usr/local/python/3.12.1/lib/python3.12/site-packages/airflow/example_dags/example_bash_operator.py took 0.065 seconds
[2026-04-27T23:11:35.870+0000] {processor.py:186} INFO - Started process (PID=38463) to work on /usr/local/python/3.12.1/lib/python3.12/site-packages/airflow/example_dags/example_bash_operator.py
[2026-04-27T23:11:35.871+0000] {processor.py:914} INFO - Processing file /usr/local/python/3.12.1/lib/python3.12/site-packages/airflow/example_dags/example_bash_operator.py for tasks to queue
[2026-04-27T23:11:35.873+0000] {logging_mixin.py:190} INFO - [2026-04-27T23:11:35.872+0000] {dagbag.py:588} INFO - Filling up the DagBag from /usr/local/python/3.12.1/lib/python3.12/site-packages/airflow/example_dags/example_bash_operator.py
[2026-04-27T23:11:35.883+0000] {processor.py:925} INFO - DAG(s) 'example_bash_operator' retrieved from /usr/local/python/3.12.1/lib/python3.12/site-packages/airflow/example_dags/example_bash_operator.py
[2026-04-27T23:11:35.900+0000] {logging_mixin.py:190} INFO - [2026-04-27T23:11:35.900+0000] {dag.py:3239} INFO - Sync 1 DAGs
[2026-04-27T23:11:35.915+0000] {logging_mixin.py:190} INFO - [2026-04-27T23:11:35.915+0000] {dag.py:4180} INFO - Setting next_dagrun for example_bash_operator to 2026-04-26 00:00:00+00:00, run_after=2026-04-27 00:00:00+00:00
[2026-04-27T23:11:35.931+0000] {processor.py:208} INFO - Processing /usr/local/python/3.12.1/lib/python3.12/site-packages/airflow/example_dags/example_bash_operator.py took 0.065 seconds
[2026-04-27T23:12:57.302+0000] {processor.py:186} INFO - Started process (PID=39368) to work on /usr/local/python/3.12.1/lib/python3.12/site-packages/airflow/example_dags/example_bash_operator.py
[2026-04-27T23:12:57.302+0000] {processor.py:914} INFO - Processing file /usr/local/python/3.12.1/lib/python3.12/site-packages/airflow/example_dags/example_bash_operator.py for tasks to queue
[2026-04-27T23:12:57.304+0000] {logging_mixin.py:190} INFO - [2026-04-27T23:12:57.304+0000] {dagbag.py:588} INFO - Filling up the DagBag from /usr/local/python/3.12.1/lib/python3.12/site-packages/airflow/example_dags/example_bash_operator.py
[2026-04-27T23:12:57.314+0000] {processor.py:925} INFO - DAG(s) 'example_bash_operator' retrieved from /usr/local/python/3.12.1/lib/python3.12/site-packages/airflow/example_dags/example_bash_operator.py
[2026-04-27T23:12:57.331+0000] {logging_mixin.py:190} INFO - [2026-04-27T23:12:57.331+0000] {dag.py:3239} INFO - Sync 1 DAGs
[2026-04-27T23:12:57.347+0000] {logging_mixin.py:190} INFO - [2026-04-27T23:12:57.346+0000] {dag.py:4180} INFO - Setting next_dagrun for example_bash_operator to 2026-04-26 00:00:00+00:00, run_after=2026-04-27 00:00:00+00:00
[2026-04-27T23:12:57.362+0000] {processor.py:208} INFO - Processing /usr/local/python/3.12.1/lib/python3.12/site-packages/airflow/example_dags/example_bash_operator.py took 0.065 seconds
[2026-04-27T23:14:18.244+0000] {processor.py:186} INFO - Started process (PID=40232) to work on /usr/local/python/3.12.1/lib/python3.12/site-packages/airflow/example_dags/example_bash_operator.py
[2026-04-27T23:14:18.245+0000] {processor.py:914} INFO - Processing file /usr/local/python/3.12.1/lib/python3.12/site-packages/airflow/example_dags/example_bash_operator.py for tasks to queue
[2026-04-27T23:14:18.247+0000] {logging_mixin.py:190} INFO - [2026-04-27T23:14:18.246+0000] {dagbag.py:588} INFO - Filling up the DagBag from /usr/local/python/3.12.1/lib/python3.12/site-packages/airflow/example_dags/example_bash_operator.py
[2026-04-27T23:14:18.257+0000] {processor.py:925} INFO - DAG(s) 'example_bash_operator' retrieved from /usr/local/python/3.12.1/lib/python3.12/site-packages/airflow/example_dags/example_bash_operator.py
[2026-04-27T23:14:18.273+0000] {logging_mixin.py:190} INFO - [2026-04-27T23:14:18.273+0000] {dag.py:3239} INFO - Sync 1 DAGs
[2026-04-27T23:14:18.290+0000] {logging_mixin.py:190} INFO - [2026-04-27T23:14:18.290+0000] {dag.py:4180} INFO - Setting next_dagrun for example_bash_operator to 2026-04-26 00:00:00+00:00, run_after=2026-04-27 00:00:00+00:00
[2026-04-27T23:14:18.306+0000] {processor.py:208} INFO - Processing /usr/local/python/3.12.1/lib/python3.12/site-packages/airflow/example_dags/example_bash_operator.py took 0.066 seconds
[2026-04-27T23:15:34.544+0000] {processor.py:186} INFO - Started process (PID=41059) to work on /usr/local/python/3.12.1/lib/python3.12/site-packages/airflow/example_dags/example_bash_operator.py
[2026-04-27T23:15:34.545+0000] {processor.py:914} INFO - Processing file /usr/local/python/3.12.1/lib/python3.12/site-packages/airflow/example_dags/example_bash_operator.py for tasks to queue
[2026-04-27T23:15:34.548+0000] {logging_mixin.py:190} INFO - [2026-04-27T23:15:34.548+0000] {dagbag.py:588} INFO - Filling up the DagBag from /usr/local/python/3.12.1/lib/python3.12/site-packages/airflow/example_dags/example_bash_operator.py
[2026-04-27T23:15:34.565+0000] {processor.py:925} INFO - DAG(s) 'example_bash_operator' retrieved from /usr/local/python/3.12.1/lib/python3.12/site-packages/airflow/example_dags/example_bash_operator.py
[2026-04-27T23:15:34.592+0000] {logging_mixin.py:190} INFO - [2026-04-27T23:15:34.592+0000] {dag.py:3239} INFO - Sync 1 DAGs
[2026-04-27T23:15:34.626+0000] {logging_mixin.py:190} INFO - [2026-04-27T23:15:34.626+0000] {dag.py:4180} INFO - Setting next_dagrun for example_bash_operator to 2026-04-26 00:00:00+00:00, run_after=2026-04-27 00:00:00+00:00
[2026-04-27T23:15:34.644+0000] {processor.py:208} INFO - Processing /usr/local/python/3.12.1/lib/python3.12/site-packages/airflow/example_dags/example_bash_operator.py took 0.107 seconds
[2026-04-27T23:16:56.960+0000] {processor.py:186} INFO - Started process (PID=42007) to work on /usr/local/python/3.12.1/lib/python3.12/site-packages/airflow/example_dags/example_bash_operator.py
[2026-04-27T23:16:56.961+0000] {processor.py:914} INFO - Processing file /usr/local/python/3.12.1/lib/python3.12/site-packages/airflow/example_dags/example_bash_operator.py for tasks to queue
[2026-04-27T23:16:56.962+0000] {logging_mixin.py:190} INFO - [2026-04-27T23:16:56.962+0000] {dagbag.py:588} INFO - Filling up the DagBag from /usr/local/python/3.12.1/lib/python3.12/site-packages/airflow/example_dags/example_bash_operator.py
[2026-04-27T23:16:56.974+0000] {processor.py:925} INFO - DAG(s) 'example_bash_operator' retrieved from /usr/local/python/3.12.1/lib/python3.12/site-packages/airflow/example_dags/example_bash_operator.py
[2026-04-27T23:16:56.992+0000] {logging_mixin.py:190} INFO - [2026-04-27T23:16:56.991+0000] {dag.py:3239} INFO - Sync 1 DAGs
[2026-04-27T23:16:57.007+0000] {logging_mixin.py:190} INFO - [2026-04-27T23:16:57.007+0000] {dag.py:4180} INFO - Setting next_dagrun for example_bash_operator to 2026-04-26 00:00:00+00:00, run_after=2026-04-27 00:00:00+00:00
[2026-04-27T23:16:57.023+0000] {processor.py:208} INFO - Processing /usr/local/python/3.12.1/lib/python3.12/site-packages/airflow/example_dags/example_bash_operator.py took 0.067 seconds
[2026-04-27T23:18:16.358+0000] {processor.py:186} INFO - Started process (PID=42843) to work on /usr/local/python/3.12.1/lib/python3.12/site-packages/airflow/example_dags/example_bash_operator.py
[2026-04-27T23:18:16.359+0000] {processor.py:914} INFO - Processing file /usr/local/python/3.12.1/lib/python3.12/site-packages/airflow/example_dags/example_bash_operator.py for tasks to queue
[2026-04-27T23:18:16.360+0000] {logging_mixin.py:190} INFO - [2026-04-27T23:18:16.360+0000] {dagbag.py:588} INFO - Filling up the DagBag from /usr/local/python/3.12.1/lib/python3.12/site-packages/airflow/example_dags/example_bash_operator.py
[2026-04-27T23:18:16.371+0000] {processor.py:925} INFO - DAG(s) 'example_bash_operator' retrieved from /usr/local/python/3.12.1/lib/python3.12/site-packages/airflow/example_dags/example_bash_operator.py
[2026-04-27T23:18:16.387+0000] {logging_mixin.py:190} INFO - [2026-04-27T23:18:16.387+0000] {dag.py:3239} INFO - Sync 1 DAGs
[2026-04-27T23:18:16.403+0000] {logging_mixin.py:190} INFO - [2026-04-27T23:18:16.403+0000] {dag.py:4180} INFO - Setting next_dagrun for example_bash_operator to 2026-04-26 00:00:00+00:00, run_after=2026-04-27 00:00:00+00:00
[2026-04-27T23:18:16.418+0000] {processor.py:208} INFO - Processing /usr/local/python/3.12.1/lib/python3.12/site-packages/airflow/example_dags/example_bash_operator.py took 0.065 seconds
[2026-04-27T23:19:35.479+0000] {processor.py:186} INFO - Started process (PID=43641) to work on /usr/local/python/3.12.1/lib/python3.12/site-packages/airflow/example_dags/example_bash_operator.py
[2026-04-27T23:19:35.480+0000] {processor.py:914} INFO - Processing file /usr/local/python/3.12.1/lib/python3.12/site-packages/airflow/example_dags/example_bash_operator.py for tasks to queue
[2026-04-27T23:19:35.481+0000] {logging_mixin.py:190} INFO - [2026-04-27T23:19:35.481+0000] {dagbag.py:588} INFO - Filling up the DagBag from /usr/local/python/3.12.1/lib/python3.12/site-packages/airflow/example_dags/example_bash_operator.py
[2026-04-27T23:19:35.492+0000] {processor.py:925} INFO - DAG(s) 'example_bash_operator' retrieved from /usr/local/python/3.12.1/lib/python3.12/site-packages/airflow/example_dags/example_bash_operator.py
[2026-04-27T23:19:35.509+0000] {logging_mixin.py:190} INFO - [2026-04-27T23:19:35.509+0000] {dag.py:3239} INFO - Sync 1 DAGs
[2026-04-27T23:19:35.524+0000] {logging_mixin.py:190} INFO - [2026-04-27T23:19:35.524+0000] {dag.py:4180} INFO - Setting next_dagrun for example_bash_operator to 2026-04-26 00:00:00+00:00, run_after=2026-04-27 00:00:00+00:00
[2026-04-27T23:19:35.546+0000] {processor.py:208} INFO - Processing /usr/local/python/3.12.1/lib/python3.12/site-packages/airflow/example_dags/example_bash_operator.py took 0.073 seconds
[2026-04-27T23:20:56.514+0000] {processor.py:186} INFO - Started process (PID=44623) to work on /usr/local/python/3.12.1/lib/python3.12/site-packages/airflow/example_dags/example_bash_operator.py
[2026-04-27T23:20:56.515+0000] {processor.py:914} INFO - Processing file /usr/local/python/3.12.1/lib/python3.12/site-packages/airflow/example_dags/example_bash_operator.py for tasks to queue
[2026-04-27T23:20:56.517+0000] {logging_mixin.py:190} INFO - [2026-04-27T23:20:56.517+0000] {dagbag.py:588} INFO - Filling up the DagBag from /usr/local/python/3.12.1/lib/python3.12/site-packages/airflow/example_dags/example_bash_operator.py
[2026-04-27T23:20:56.529+0000] {processor.py:925} INFO - DAG(s) 'example_bash_operator' retrieved from /usr/local/python/3.12.1/lib/python3.12/site-packages/airflow/example_dags/example_bash_operator.py
[2026-04-27T23:20:56.548+0000] {logging_mixin.py:190} INFO - [2026-04-27T23:20:56.548+0000] {dag.py:3239} INFO - Sync 1 DAGs
[2026-04-27T23:20:56.564+0000] {logging_mixin.py:190} INFO - [2026-04-27T23:20:56.564+0000] {dag.py:4180} INFO - Setting next_dagrun for example_bash_operator to 2026-04-26 00:00:00+00:00, run_after=2026-04-27 00:00:00+00:00
[2026-04-27T23:20:56.582+0000] {processor.py:208} INFO - Processing /usr/local/python/3.12.1/lib/python3.12/site-packages/airflow/example_dags/example_bash_operator.py took 0.072 seconds
[2026-04-27T23:22:18.283+0000] {processor.py:186} INFO - Started process (PID=45491) to work on /usr/local/python/3.12.1/lib/python3.12/site-packages/airflow/example_dags/example_bash_operator.py
[2026-04-27T23:22:18.284+0000] {processor.py:914} INFO - Processing file /usr/local/python/3.12.1/lib/python3.12/site-packages/airflow/example_dags/example_bash_operator.py for tasks to queue
[2026-04-27T23:22:18.286+0000] {logging_mixin.py:190} INFO - [2026-04-27T23:22:18.285+0000] {dagbag.py:588} INFO - Filling up the DagBag from /usr/local/python/3.12.1/lib/python3.12/site-packages/airflow/example_dags/example_bash_operator.py
[2026-04-27T23:22:18.296+0000] {processor.py:925} INFO - DAG(s) 'example_bash_operator' retrieved from /usr/local/python/3.12.1/lib/python3.12/site-packages/airflow/example_dags/example_bash_operator.py
[2026-04-27T23:22:18.316+0000] {logging_mixin.py:190} INFO - [2026-04-27T23:22:18.316+0000] {dag.py:3239} INFO - Sync 1 DAGs
[2026-04-27T23:22:18.449+0000] {logging_mixin.py:190} INFO - [2026-04-27T23:22:18.449+0000] {dag.py:4180} INFO - Setting next_dagrun for example_bash_operator to 2026-04-26 00:00:00+00:00, run_after=2026-04-27 00:00:00+00:00
[2026-04-27T23:22:18.463+0000] {processor.py:208} INFO - Processing /usr/local/python/3.12.1/lib/python3.12/site-packages/airflow/example_dags/example_bash_operator.py took 0.185 seconds
[2026-04-27T23:23:44.026+0000] {processor.py:186} INFO - Started process (PID=46456) to work on /usr/local/python/3.12.1/lib/python3.12/site-packages/airflow/example_dags/example_bash_operator.py
[2026-04-27T23:23:44.027+0000] {processor.py:914} INFO - Processing file /usr/local/python/3.12.1/lib/python3.12/site-packages/airflow/example_dags/example_bash_operator.py for tasks to queue
[2026-04-27T23:23:44.029+0000] {logging_mixin.py:190} INFO - [2026-04-27T23:23:44.028+0000] {dagbag.py:588} INFO - Filling up the DagBag from /usr/local/python/3.12.1/lib/python3.12/site-packages/airflow/example_dags/example_bash_operator.py
[2026-04-27T23:23:44.042+0000] {processor.py:925} INFO - DAG(s) 'example_bash_operator' retrieved from /usr/local/python/3.12.1/lib/python3.12/site-packages/airflow/example_dags/example_bash_operator.py
[2026-04-27T23:23:44.065+0000] {logging_mixin.py:190} INFO - [2026-04-27T23:23:44.064+0000] {dag.py:3239} INFO - Sync 1 DAGs
[2026-04-27T23:23:44.081+0000] {logging_mixin.py:190} INFO - [2026-04-27T23:23:44.081+0000] {dag.py:4180} INFO - Setting next_dagrun for example_bash_operator to 2026-04-26 00:00:00+00:00, run_after=2026-04-27 00:00:00+00:00
[2026-04-27T23:23:44.097+0000] {processor.py:208} INFO - Processing /usr/local/python/3.12.1/lib/python3.12/site-packages/airflow/example_dags/example_bash_operator.py took 0.076 seconds
[2026-04-27T23:25:14.482+0000] {processor.py:186} INFO - Started process (PID=47440) to work on /usr/local/python/3.12.1/lib/python3.12/site-packages/airflow/example_dags/example_bash_operator.py
[2026-04-27T23:25:14.483+0000] {processor.py:914} INFO - Processing file /usr/local/python/3.12.1/lib/python3.12/site-packages/airflow/example_dags/example_bash_operator.py for tasks to queue
[2026-04-27T23:25:14.485+0000] {logging_mixin.py:190} INFO - [2026-04-27T23:25:14.484+0000] {dagbag.py:588} INFO - Filling up the DagBag from /usr/local/python/3.12.1/lib/python3.12/site-packages/airflow/example_dags/example_bash_operator.py
[2026-04-27T23:25:14.495+0000] {processor.py:925} INFO - DAG(s) 'example_bash_operator' retrieved from /usr/local/python/3.12.1/lib/python3.12/site-packages/airflow/example_dags/example_bash_operator.py
[2026-04-27T23:25:14.512+0000] {logging_mixin.py:190} INFO - [2026-04-27T23:25:14.512+0000] {dag.py:3239} INFO - Sync 1 DAGs
[2026-04-27T23:25:14.528+0000] {logging_mixin.py:190} INFO - [2026-04-27T23:25:14.527+0000] {dag.py:4180} INFO - Setting next_dagrun for example_bash_operator to 2026-04-26 00:00:00+00:00, run_after=2026-04-27 00:00:00+00:00
[2026-04-27T23:25:14.546+0000] {processor.py:208} INFO - Processing /usr/local/python/3.12.1/lib/python3.12/site-packages/airflow/example_dags/example_bash_operator.py took 0.068 seconds
[2026-04-27T23:26:39.893+0000] {processor.py:186} INFO - Started process (PID=48346) to work on /usr/local/python/3.12.1/lib/python3.12/site-packages/airflow/example_dags/example_bash_operator.py
[2026-04-27T23:26:39.894+0000] {processor.py:914} INFO - Processing file /usr/local/python/3.12.1/lib/python3.12/site-packages/airflow/example_dags/example_bash_operator.py for tasks to queue
[2026-04-27T23:26:39.895+0000] {logging_mixin.py:190} INFO - [2026-04-27T23:26:39.895+0000] {dagbag.py:588} INFO - Filling up the DagBag from /usr/local/python/3.12.1/lib/python3.12/site-packages/airflow/example_dags/example_bash_operator.py
[2026-04-27T23:26:39.905+0000] {processor.py:925} INFO - DAG(s) 'example_bash_operator' retrieved from /usr/local/python/3.12.1/lib/python3.12/site-packages/airflow/example_dags/example_bash_operator.py
[2026-04-27T23:26:39.922+0000] {logging_mixin.py:190} INFO - [2026-04-27T23:26:39.922+0000] {dag.py:3239} INFO - Sync 1 DAGs
[2026-04-27T23:26:40.057+0000] {logging_mixin.py:190} INFO - [2026-04-27T23:26:40.057+0000] {dag.py:4180} INFO - Setting next_dagrun for example_bash_operator to 2026-04-26 00:00:00+00:00, run_after=2026-04-27 00:00:00+00:00
[2026-04-27T23:26:40.073+0000] {processor.py:208} INFO - Processing /usr/local/python/3.12.1/lib/python3.12/site-packages/airflow/example_dags/example_bash_operator.py took 0.185 seconds
[2026-04-27T23:28:07.369+0000] {processor.py:186} INFO - Started process (PID=49314) to work on /usr/local/python/3.12.1/lib/python3.12/site-packages/airflow/example_dags/example_bash_operator.py
[2026-04-27T23:28:07.369+0000] {processor.py:914} INFO - Processing file /usr/local/python/3.12.1/lib/python3.12/site-packages/airflow/example_dags/example_bash_operator.py for tasks to queue
[2026-04-27T23:28:07.371+0000] {logging_mixin.py:190} INFO - [2026-04-27T23:28:07.371+0000] {dagbag.py:588} INFO - Filling up the DagBag from /usr/local/python/3.12.1/lib/python3.12/site-packages/airflow/example_dags/example_bash_operator.py
[2026-04-27T23:28:07.383+0000] {processor.py:925} INFO - DAG(s) 'example_bash_operator' retrieved from /usr/local/python/3.12.1/lib/python3.12/site-packages/airflow/example_dags/example_bash_operator.py
[2026-04-27T23:28:07.401+0000] {logging_mixin.py:190} INFO - [2026-04-27T23:28:07.400+0000] {dag.py:3239} INFO - Sync 1 DAGs
[2026-04-27T23:28:07.421+0000] {logging_mixin.py:190} INFO - [2026-04-27T23:28:07.421+0000] {dag.py:4180} INFO - Setting next_dagrun for example_bash_operator to 2026-04-26 00:00:00+00:00, run_after=2026-04-27 00:00:00+00:00
[2026-04-27T23:28:07.442+0000] {processor.py:208} INFO - Processing /usr/local/python/3.12.1/lib/python3.12/site-packages/airflow/example_dags/example_bash_operator.py took 0.080 seconds
[2026-04-27T23:29:38.379+0000] {processor.py:186} INFO - Started process (PID=50270) to work on /usr/local/python/3.12.1/lib/python3.12/site-packages/airflow/example_dags/example_bash_operator.py
[2026-04-27T23:29:38.380+0000] {processor.py:914} INFO - Processing file /usr/local/python/3.12.1/lib/python3.12/site-packages/airflow/example_dags/example_bash_operator.py for tasks to queue
[2026-04-27T23:29:38.381+0000] {logging_mixin.py:190} INFO - [2026-04-27T23:29:38.381+0000] {dagbag.py:588} INFO - Filling up the DagBag from /usr/local/python/3.12.1/lib/python3.12/site-packages/airflow/example_dags/example_bash_operator.py
[2026-04-27T23:29:38.392+0000] {processor.py:925} INFO - DAG(s) 'example_bash_operator' retrieved from /usr/local/python/3.12.1/lib/python3.12/site-packages/airflow/example_dags/example_bash_operator.py
[2026-04-27T23:29:38.409+0000] {logging_mixin.py:190} INFO - [2026-04-27T23:29:38.408+0000] {dag.py:3239} INFO - Sync 1 DAGs
[2026-04-27T23:29:38.424+0000] {logging_mixin.py:190} INFO - [2026-04-27T23:29:38.424+0000] {dag.py:4180} INFO - Setting next_dagrun for example_bash_operator to 2026-04-26 00:00:00+00:00, run_after=2026-04-27 00:00:00+00:00
[2026-04-27T23:29:38.443+0000] {processor.py:208} INFO - Processing /usr/local/python/3.12.1/lib/python3.12/site-packages/airflow/example_dags/example_bash_operator.py took 0.069 seconds
[2026-04-27T23:31:04.255+0000] {processor.py:186} INFO - Started process (PID=51293) to work on /usr/local/python/3.12.1/lib/python3.12/site-packages/airflow/example_dags/example_bash_operator.py
[2026-04-27T23:31:04.256+0000] {processor.py:914} INFO - Processing file /usr/local/python/3.12.1/lib/python3.12/site-packages/airflow/example_dags/example_bash_operator.py for tasks to queue
[2026-04-27T23:31:04.258+0000] {logging_mixin.py:190} INFO - [2026-04-27T23:31:04.257+0000] {dagbag.py:588} INFO - Filling up the DagBag from /usr/local/python/3.12.1/lib/python3.12/site-packages/airflow/example_dags/example_bash_operator.py
[2026-04-27T23:31:04.269+0000] {processor.py:925} INFO - DAG(s) 'example_bash_operator' retrieved from /usr/local/python/3.12.1/lib/python3.12/site-packages/airflow/example_dags/example_bash_operator.py
[2026-04-27T23:31:04.289+0000] {logging_mixin.py:190} INFO - [2026-04-27T23:31:04.288+0000] {dag.py:3239} INFO - Sync 1 DAGs
[2026-04-27T23:31:04.460+0000] {logging_mixin.py:190} INFO - [2026-04-27T23:31:04.459+0000] {dag.py:4180} INFO - Setting next_dagrun for example_bash_operator to 2026-04-26 00:00:00+00:00, run_after=2026-04-27 00:00:00+00:00
[2026-04-27T23:31:04.476+0000] {processor.py:208} INFO - Processing /usr/local/python/3.12.1/lib/python3.12/site-packages/airflow/example_dags/example_bash_operator.py took 0.226 seconds
[2026-04-27T23:32:37.543+0000] {processor.py:186} INFO - Started process (PID=52241) to work on /usr/local/python/3.12.1/lib/python3.12/site-packages/airflow/example_dags/example_bash_operator.py
[2026-04-27T23:32:37.544+0000] {processor.py:914} INFO - Processing file /usr/local/python/3.12.1/lib/python3.12/site-packages/airflow/example_dags/example_bash_operator.py for tasks to queue
[2026-04-27T23:32:37.546+0000] {logging_mixin.py:190} INFO - [2026-04-27T23:32:37.546+0000] {dagbag.py:588} INFO - Filling up the DagBag from /usr/local/python/3.12.1/lib/python3.12/site-packages/airflow/example_dags/example_bash_operator.py
[2026-04-27T23:32:37.557+0000] {processor.py:925} INFO - DAG(s) 'example_bash_operator' retrieved from /usr/local/python/3.12.1/lib/python3.12/site-packages/airflow/example_dags/example_bash_operator.py
[2026-04-27T23:32:37.607+0000] {logging_mixin.py:190} INFO - [2026-04-27T23:32:37.607+0000] {dag.py:3239} INFO - Sync 1 DAGs
[2026-04-27T23:32:37.638+0000] {logging_mixin.py:190} INFO - [2026-04-27T23:32:37.637+0000] {dag.py:4180} INFO - Setting next_dagrun for example_bash_operator to 2026-04-26 00:00:00+00:00, run_after=2026-04-27 00:00:00+00:00
[2026-04-27T23:32:37.663+0000] {processor.py:208} INFO - Processing /usr/local/python/3.12.1/lib/python3.12/site-packages/airflow/example_dags/example_bash_operator.py took 0.125 seconds
[2026-04-27T23:33:59.610+0000] {processor.py:186} INFO - Started process (PID=53145) to work on /usr/local/python/3.12.1/lib/python3.12/site-packages/airflow/example_dags/example_bash_operator.py
[2026-04-27T23:33:59.610+0000] {processor.py:914} INFO - Processing file /usr/local/python/3.12.1/lib/python3.12/site-packages/airflow/example_dags/example_bash_operator.py for tasks to queue
[2026-04-27T23:33:59.612+0000] {logging_mixin.py:190} INFO - [2026-04-27T23:33:59.612+0000] {dagbag.py:588} INFO - Filling up the DagBag from /usr/local/python/3.12.1/lib/python3.12/site-packages/airflow/example_dags/example_bash_operator.py
[2026-04-27T23:33:59.623+0000] {processor.py:925} INFO - DAG(s) 'example_bash_operator' retrieved from /usr/local/python/3.12.1/lib/python3.12/site-packages/airflow/example_dags/example_bash_operator.py
[2026-04-27T23:33:59.645+0000] {logging_mixin.py:190} INFO - [2026-04-27T23:33:59.645+0000] {dag.py:3239} INFO - Sync 1 DAGs
[2026-04-27T23:33:59.661+0000] {logging_mixin.py:190} INFO - [2026-04-27T23:33:59.661+0000] {dag.py:4180} INFO - Setting next_dagrun for example_bash_operator to 2026-04-26 00:00:00+00:00, run_after=2026-04-27 00:00:00+00:00
[2026-04-27T23:33:59.678+0000] {processor.py:208} INFO - Processing /usr/local/python/3.12.1/lib/python3.12/site-packages/airflow/example_dags/example_bash_operator.py took 0.072 seconds
[2026-04-27T23:35:17.362+0000] {processor.py:186} INFO - Started process (PID=54033) to work on /usr/local/python/3.12.1/lib/python3.12/site-packages/airflow/example_dags/example_bash_operator.py
[2026-04-27T23:35:17.362+0000] {processor.py:914} INFO - Processing file /usr/local/python/3.12.1/lib/python3.12/site-packages/airflow/example_dags/example_bash_operator.py for tasks to queue
[2026-04-27T23:35:17.364+0000] {logging_mixin.py:190} INFO - [2026-04-27T23:35:17.364+0000] {dagbag.py:588} INFO - Filling up the DagBag from /usr/local/python/3.12.1/lib/python3.12/site-packages/airflow/example_dags/example_bash_operator.py
[2026-04-27T23:35:17.375+0000] {processor.py:925} INFO - DAG(s) 'example_bash_operator' retrieved from /usr/local/python/3.12.1/lib/python3.12/site-packages/airflow/example_dags/example_bash_operator.py
[2026-04-27T23:35:17.393+0000] {logging_mixin.py:190} INFO - [2026-04-27T23:35:17.393+0000] {dag.py:3239} INFO - Sync 1 DAGs
[2026-04-27T23:35:17.410+0000] {logging_mixin.py:190} INFO - [2026-04-27T23:35:17.409+0000] {dag.py:4180} INFO - Setting next_dagrun for example_bash_operator to 2026-04-26 00:00:00+00:00, run_after=2026-04-27 00:00:00+00:00
[2026-04-27T23:35:17.426+0000] {processor.py:208} INFO - Processing /usr/local/python/3.12.1/lib/python3.12/site-packages/airflow/example_dags/example_bash_operator.py took 0.069 seconds
[2026-04-27T23:36:38.191+0000] {processor.py:186} INFO - Started process (PID=54876) to work on /usr/local/python/3.12.1/lib/python3.12/site-packages/airflow/example_dags/example_bash_operator.py
[2026-04-27T23:36:38.192+0000] {processor.py:914} INFO - Processing file /usr/local/python/3.12.1/lib/python3.12/site-packages/airflow/example_dags/example_bash_operator.py for tasks to queue
[2026-04-27T23:36:38.194+0000] {logging_mixin.py:190} INFO - [2026-04-27T23:36:38.194+0000] {dagbag.py:588} INFO - Filling up the DagBag from /usr/local/python/3.12.1/lib/python3.12/site-packages/airflow/example_dags/example_bash_operator.py
[2026-04-27T23:36:38.205+0000] {processor.py:925} INFO - DAG(s) 'example_bash_operator' retrieved from /usr/local/python/3.12.1/lib/python3.12/site-packages/airflow/example_dags/example_bash_operator.py
[2026-04-27T23:36:38.223+0000] {logging_mixin.py:190} INFO - [2026-04-27T23:36:38.222+0000] {dag.py:3239} INFO - Sync 1 DAGs
[2026-04-27T23:36:38.242+0000] {logging_mixin.py:190} INFO - [2026-04-27T23:36:38.242+0000] {dag.py:4180} INFO - Setting next_dagrun for example_bash_operator to 2026-04-26 00:00:00+00:00, run_after=2026-04-27 00:00:00+00:00
[2026-04-27T23:36:38.259+0000] {processor.py:208} INFO - Processing /usr/local/python/3.12.1/lib/python3.12/site-packages/airflow/example_dags/example_bash_operator.py took 0.072 seconds
[2026-04-27T23:38:00.207+0000] {processor.py:186} INFO - Started process (PID=55793) to work on /usr/local/python/3.12.1/lib/python3.12/site-packages/airflow/example_dags/example_bash_operator.py
[2026-04-27T23:38:00.208+0000] {processor.py:914} INFO - Processing file /usr/local/python/3.12.1/lib/python3.12/site-packages/airflow/example_dags/example_bash_operator.py for tasks to queue
[2026-04-27T23:38:00.209+0000] {logging_mixin.py:190} INFO - [2026-04-27T23:38:00.209+0000] {dagbag.py:588} INFO - Filling up the DagBag from /usr/local/python/3.12.1/lib/python3.12/site-packages/airflow/example_dags/example_bash_operator.py
[2026-04-27T23:38:00.221+0000] {processor.py:925} INFO - DAG(s) 'example_bash_operator' retrieved from /usr/local/python/3.12.1/lib/python3.12/site-packages/airflow/example_dags/example_bash_operator.py
[2026-04-27T23:38:00.245+0000] {logging_mixin.py:190} INFO - [2026-04-27T23:38:00.245+0000] {dag.py:3239} INFO - Sync 1 DAGs
[2026-04-27T23:38:00.263+0000] {logging_mixin.py:190} INFO - [2026-04-27T23:38:00.262+0000] {dag.py:4180} INFO - Setting next_dagrun for example_bash_operator to 2026-04-26 00:00:00+00:00, run_after=2026-04-27 00:00:00+00:00
[2026-04-27T23:38:00.278+0000] {processor.py:208} INFO - Processing /usr/local/python/3.12.1/lib/python3.12/site-packages/airflow/example_dags/example_bash_operator.py took 0.076 seconds
[2026-04-27T23:39:19.091+0000] {processor.py:186} INFO - Started process (PID=56616) to work on /usr/local/python/3.12.1/lib/python3.12/site-packages/airflow/example_dags/example_bash_operator.py
[2026-04-27T23:39:19.092+0000] {processor.py:914} INFO - Processing file /usr/local/python/3.12.1/lib/python3.12/site-packages/airflow/example_dags/example_bash_operator.py for tasks to queue
[2026-04-27T23:39:19.094+0000] {logging_mixin.py:190} INFO - [2026-04-27T23:39:19.094+0000] {dagbag.py:588} INFO - Filling up the DagBag from /usr/local/python/3.12.1/lib/python3.12/site-packages/airflow/example_dags/example_bash_operator.py
[2026-04-27T23:39:19.104+0000] {processor.py:925} INFO - DAG(s) 'example_bash_operator' retrieved from /usr/local/python/3.12.1/lib/python3.12/site-packages/airflow/example_dags/example_bash_operator.py
[2026-04-27T23:39:19.123+0000] {logging_mixin.py:190} INFO - [2026-04-27T23:39:19.123+0000] {dag.py:3239} INFO - Sync 1 DAGs
[2026-04-27T23:39:19.144+0000] {logging_mixin.py:190} INFO - [2026-04-27T23:39:19.144+0000] {dag.py:4180} INFO - Setting next_dagrun for example_bash_operator to 2026-04-26 00:00:00+00:00, run_after=2026-04-27 00:00:00+00:00
[2026-04-27T23:39:19.165+0000] {processor.py:208} INFO - Processing /usr/local/python/3.12.1/lib/python3.12/site-packages/airflow/example_dags/example_bash_operator.py took 0.078 seconds
[2026-04-27T23:40:41.462+0000] {processor.py:186} INFO - Started process (PID=57589) to work on /usr/local/python/3.12.1/lib/python3.12/site-packages/airflow/example_dags/example_bash_operator.py
[2026-04-27T23:40:41.463+0000] {processor.py:914} INFO - Processing file /usr/local/python/3.12.1/lib/python3.12/site-packages/airflow/example_dags/example_bash_operator.py for tasks to queue
[2026-04-27T23:40:41.465+0000] {logging_mixin.py:190} INFO - [2026-04-27T23:40:41.465+0000] {dagbag.py:588} INFO - Filling up the DagBag from /usr/local/python/3.12.1/lib/python3.12/site-packages/airflow/example_dags/example_bash_operator.py
[2026-04-27T23:40:41.476+0000] {processor.py:925} INFO - DAG(s) 'example_bash_operator' retrieved from /usr/local/python/3.12.1/lib/python3.12/site-packages/airflow/example_dags/example_bash_operator.py
[2026-04-27T23:40:41.494+0000] {logging_mixin.py:190} INFO - [2026-04-27T23:40:41.493+0000] {dag.py:3239} INFO - Sync 1 DAGs
[2026-04-27T23:40:41.510+0000] {logging_mixin.py:190} INFO - [2026-04-27T23:40:41.509+0000] {dag.py:4180} INFO - Setting next_dagrun for example_bash_operator to 2026-04-26 00:00:00+00:00, run_after=2026-04-27 00:00:00+00:00
[2026-04-27T23:40:41.528+0000] {processor.py:208} INFO - Processing /usr/local/python/3.12.1/lib/python3.12/site-packages/airflow/example_dags/example_bash_operator.py took 0.070 seconds
[2026-04-27T23:41:59.013+0000] {processor.py:186} INFO - Started process (PID=58436) to work on /usr/local/python/3.12.1/lib/python3.12/site-packages/airflow/example_dags/example_bash_operator.py
[2026-04-27T23:41:59.014+0000] {processor.py:914} INFO - Processing file /usr/local/python/3.12.1/lib/python3.12/site-packages/airflow/example_dags/example_bash_operator.py for tasks to queue
[2026-04-27T23:41:59.016+0000] {logging_mixin.py:190} INFO - [2026-04-27T23:41:59.015+0000] {dagbag.py:588} INFO - Filling up the DagBag from /usr/local/python/3.12.1/lib/python3.12/site-packages/airflow/example_dags/example_bash_operator.py
[2026-04-27T23:41:59.027+0000] {processor.py:925} INFO - DAG(s) 'example_bash_operator' retrieved from /usr/local/python/3.12.1/lib/python3.12/site-packages/airflow/example_dags/example_bash_operator.py
[2026-04-27T23:41:59.048+0000] {logging_mixin.py:190} INFO - [2026-04-27T23:41:59.048+0000] {dag.py:3239} INFO - Sync 1 DAGs
[2026-04-27T23:41:59.068+0000] {logging_mixin.py:190} INFO - [2026-04-27T23:41:59.068+0000] {dag.py:4180} INFO - Setting next_dagrun for example_bash_operator to 2026-04-26 00:00:00+00:00, run_after=2026-04-27 00:00:00+00:00
[2026-04-27T23:41:59.086+0000] {processor.py:208} INFO - Processing /usr/local/python/3.12.1/lib/python3.12/site-packages/airflow/example_dags/example_bash_operator.py took 0.077 seconds
[2026-04-27T23:43:16.321+0000] {processor.py:186} INFO - Started process (PID=59272) to work on /usr/local/python/3.12.1/lib/python3.12/site-packages/airflow/example_dags/example_bash_operator.py
[2026-04-27T23:43:16.322+0000] {processor.py:914} INFO - Processing file /usr/local/python/3.12.1/lib/python3.12/site-packages/airflow/example_dags/example_bash_operator.py for tasks to queue
[2026-04-27T23:43:16.325+0000] {logging_mixin.py:190} INFO - [2026-04-27T23:43:16.325+0000] {dagbag.py:588} INFO - Filling up the DagBag from /usr/local/python/3.12.1/lib/python3.12/site-packages/airflow/example_dags/example_bash_operator.py
[2026-04-27T23:43:16.341+0000] {processor.py:925} INFO - DAG(s) 'example_bash_operator' retrieved from /usr/local/python/3.12.1/lib/python3.12/site-packages/airflow/example_dags/example_bash_operator.py
[2026-04-27T23:43:16.378+0000] {logging_mixin.py:190} INFO - [2026-04-27T23:43:16.378+0000] {dag.py:3239} INFO - Sync 1 DAGs
[2026-04-27T23:43:16.410+0000] {logging_mixin.py:190} INFO - [2026-04-27T23:43:16.410+0000] {dag.py:4180} INFO - Setting next_dagrun for example_bash_operator to 2026-04-26 00:00:00+00:00, run_after=2026-04-27 00:00:00+00:00
[2026-04-27T23:43:16.430+0000] {processor.py:208} INFO - Processing /usr/local/python/3.12.1/lib/python3.12/site-packages/airflow/example_dags/example_bash_operator.py took 0.117 seconds
[2026-04-27T23:44:36.502+0000] {processor.py:186} INFO - Started process (PID=60083) to work on /usr/local/python/3.12.1/lib/python3.12/site-packages/airflow/example_dags/example_bash_operator.py
[2026-04-27T23:44:36.503+0000] {processor.py:914} INFO - Processing file /usr/local/python/3.12.1/lib/python3.12/site-packages/airflow/example_dags/example_bash_operator.py for tasks to queue
[2026-04-27T23:44:36.505+0000] {logging_mixin.py:190} INFO - [2026-04-27T23:44:36.504+0000] {dagbag.py:588} INFO - Filling up the DagBag from /usr/local/python/3.12.1/lib/python3.12/site-packages/airflow/example_dags/example_bash_operator.py
[2026-04-27T23:44:36.515+0000] {processor.py:925} INFO - DAG(s) 'example_bash_operator' retrieved from /usr/local/python/3.12.1/lib/python3.12/site-packages/airflow/example_dags/example_bash_operator.py
[2026-04-27T23:44:36.536+0000] {logging_mixin.py:190} INFO - [2026-04-27T23:44:36.536+0000] {dag.py:3239} INFO - Sync 1 DAGs
[2026-04-27T23:44:36.554+0000] {logging_mixin.py:190} INFO - [2026-04-27T23:44:36.553+0000] {dag.py:4180} INFO - Setting next_dagrun for example_bash_operator to 2026-04-26 00:00:00+00:00, run_after=2026-04-27 00:00:00+00:00
[2026-04-27T23:44:36.570+0000] {processor.py:208} INFO - Processing /usr/local/python/3.12.1/lib/python3.12/site-packages/airflow/example_dags/example_bash_operator.py took 0.072 seconds
[2026-04-27T23:45:57.438+0000] {processor.py:186} INFO - Started process (PID=61052) to work on /usr/local/python/3.12.1/lib/python3.12/site-packages/airflow/example_dags/example_bash_operator.py
[2026-04-27T23:45:57.439+0000] {processor.py:914} INFO - Processing file /usr/local/python/3.12.1/lib/python3.12/site-packages/airflow/example_dags/example_bash_operator.py for tasks to queue
[2026-04-27T23:45:57.441+0000] {logging_mixin.py:190} INFO - [2026-04-27T23:45:57.440+0000] {dagbag.py:588} INFO - Filling up the DagBag from /usr/local/python/3.12.1/lib/python3.12/site-packages/airflow/example_dags/example_bash_operator.py
[2026-04-27T23:45:57.452+0000] {processor.py:925} INFO - DAG(s) 'example_bash_operator' retrieved from /usr/local/python/3.12.1/lib/python3.12/site-packages/airflow/example_dags/example_bash_operator.py
[2026-04-27T23:45:57.472+0000] {logging_mixin.py:190} INFO - [2026-04-27T23:45:57.472+0000] {dag.py:3239} INFO - Sync 1 DAGs
[2026-04-27T23:45:57.493+0000] {logging_mixin.py:190} INFO - [2026-04-27T23:45:57.493+0000] {dag.py:4180} INFO - Setting next_dagrun for example_bash_operator to 2026-04-26 00:00:00+00:00, run_after=2026-04-27 00:00:00+00:00
[2026-04-27T23:45:57.511+0000] {processor.py:208} INFO - Processing /usr/local/python/3.12.1/lib/python3.12/site-packages/airflow/example_dags/example_bash_operator.py took 0.078 seconds
[2026-04-27T23:47:14.830+0000] {processor.py:186} INFO - Started process (PID=61838) to work on /usr/local/python/3.12.1/lib/python3.12/site-packages/airflow/example_dags/example_bash_operator.py
[2026-04-27T23:47:14.831+0000] {processor.py:914} INFO - Processing file /usr/local/python/3.12.1/lib/python3.12/site-packages/airflow/example_dags/example_bash_operator.py for tasks to queue
[2026-04-27T23:47:14.833+0000] {logging_mixin.py:190} INFO - [2026-04-27T23:47:14.833+0000] {dagbag.py:588} INFO - Filling up the DagBag from /usr/local/python/3.12.1/lib/python3.12/site-packages/airflow/example_dags/example_bash_operator.py
[2026-04-27T23:47:14.847+0000] {processor.py:925} INFO - DAG(s) 'example_bash_operator' retrieved from /usr/local/python/3.12.1/lib/python3.12/site-packages/airflow/example_dags/example_bash_operator.py
[2026-04-27T23:47:14.865+0000] {logging_mixin.py:190} INFO - [2026-04-27T23:47:14.864+0000] {dag.py:3239} INFO - Sync 1 DAGs
[2026-04-27T23:47:14.882+0000] {logging_mixin.py:190} INFO - [2026-04-27T23:47:14.882+0000] {dag.py:4180} INFO - Setting next_dagrun for example_bash_operator to 2026-04-26 00:00:00+00:00, run_after=2026-04-27 00:00:00+00:00
[2026-04-27T23:47:14.898+0000] {processor.py:208} INFO - Processing /usr/local/python/3.12.1/lib/python3.12/site-packages/airflow/example_dags/example_bash_operator.py took 0.074 seconds
[2026-04-27T23:48:34.260+0000] {processor.py:186} INFO - Started process (PID=62639) to work on /usr/local/python/3.12.1/lib/python3.12/site-packages/airflow/example_dags/example_bash_operator.py
[2026-04-27T23:48:34.261+0000] {processor.py:914} INFO - Processing file /usr/local/python/3.12.1/lib/python3.12/site-packages/airflow/example_dags/example_bash_operator.py for tasks to queue
[2026-04-27T23:48:34.262+0000] {logging_mixin.py:190} INFO - [2026-04-27T23:48:34.262+0000] {dagbag.py:588} INFO - Filling up the DagBag from /usr/local/python/3.12.1/lib/python3.12/site-packages/airflow/example_dags/example_bash_operator.py
[2026-04-27T23:48:34.273+0000] {processor.py:925} INFO - DAG(s) 'example_bash_operator' retrieved from /usr/local/python/3.12.1/lib/python3.12/site-packages/airflow/example_dags/example_bash_operator.py
[2026-04-27T23:48:34.291+0000] {logging_mixin.py:190} INFO - [2026-04-27T23:48:34.290+0000] {dag.py:3239} INFO - Sync 1 DAGs
[2026-04-27T23:48:34.307+0000] {logging_mixin.py:190} INFO - [2026-04-27T23:48:34.307+0000] {dag.py:4180} INFO - Setting next_dagrun for example_bash_operator to 2026-04-26 00:00:00+00:00, run_after=2026-04-27 00:00:00+00:00
[2026-04-27T23:48:34.329+0000] {processor.py:208} INFO - Processing /usr/local/python/3.12.1/lib/python3.12/site-packages/airflow/example_dags/example_bash_operator.py took 0.073 seconds
[2026-04-27T23:49:52.310+0000] {processor.py:186} INFO - Started process (PID=63535) to work on /usr/local/python/3.12.1/lib/python3.12/site-packages/airflow/example_dags/example_bash_operator.py
[2026-04-27T23:49:52.312+0000] {processor.py:914} INFO - Processing file /usr/local/python/3.12.1/lib/python3.12/site-packages/airflow/example_dags/example_bash_operator.py for tasks to queue
[2026-04-27T23:49:52.314+0000] {logging_mixin.py:190} INFO - [2026-04-27T23:49:52.313+0000] {dagbag.py:588} INFO - Filling up the DagBag from /usr/local/python/3.12.1/lib/python3.12/site-packages/airflow/example_dags/example_bash_operator.py
[2026-04-27T23:49:52.324+0000] {processor.py:925} INFO - DAG(s) 'example_bash_operator' retrieved from /usr/local/python/3.12.1/lib/python3.12/site-packages/airflow/example_dags/example_bash_operator.py
[2026-04-27T23:49:52.346+0000] {logging_mixin.py:190} INFO - [2026-04-27T23:49:52.346+0000] {dag.py:3239} INFO - Sync 1 DAGs
[2026-04-27T23:49:52.362+0000] {logging_mixin.py:190} INFO - [2026-04-27T23:49:52.362+0000] {dag.py:4180} INFO - Setting next_dagrun for example_bash_operator to 2026-04-26 00:00:00+00:00, run_after=2026-04-27 00:00:00+00:00
[2026-04-27T23:49:52.378+0000] {processor.py:208} INFO - Processing /usr/local/python/3.12.1/lib/python3.12/site-packages/airflow/example_dags/example_bash_operator.py took 0.072 seconds
[2026-04-27T23:51:13.471+0000] {processor.py:186} INFO - Started process (PID=64465) to work on /usr/local/python/3.12.1/lib/python3.12/site-packages/airflow/example_dags/example_bash_operator.py
[2026-04-27T23:51:13.472+0000] {processor.py:914} INFO - Processing file /usr/local/python/3.12.1/lib/python3.12/site-packages/airflow/example_dags/example_bash_operator.py for tasks to queue
[2026-04-27T23:51:13.474+0000] {logging_mixin.py:190} INFO - [2026-04-27T23:51:13.474+0000] {dagbag.py:588} INFO - Filling up the DagBag from /usr/local/python/3.12.1/lib/python3.12/site-packages/airflow/example_dags/example_bash_operator.py
[2026-04-27T23:51:13.484+0000] {processor.py:925} INFO - DAG(s) 'example_bash_operator' retrieved from /usr/local/python/3.12.1/lib/python3.12/site-packages/airflow/example_dags/example_bash_operator.py
[2026-04-27T23:51:13.501+0000] {logging_mixin.py:190} INFO - [2026-04-27T23:51:13.501+0000] {dag.py:3239} INFO - Sync 1 DAGs
[2026-04-27T23:51:13.516+0000] {logging_mixin.py:190} INFO - [2026-04-27T23:51:13.516+0000] {dag.py:4180} INFO - Setting next_dagrun for example_bash_operator to 2026-04-26 00:00:00+00:00, run_after=2026-04-27 00:00:00+00:00
[2026-04-27T23:51:13.536+0000] {processor.py:208} INFO - Processing /usr/local/python/3.12.1/lib/python3.12/site-packages/airflow/example_dags/example_bash_operator.py took 0.069 seconds
[2026-04-27T23:52:32.020+0000] {processor.py:186} INFO - Started process (PID=65262) to work on /usr/local/python/3.12.1/lib/python3.12/site-packages/airflow/example_dags/example_bash_operator.py
[2026-04-27T23:52:32.021+0000] {processor.py:914} INFO - Processing file /usr/local/python/3.12.1/lib/python3.12/site-packages/airflow/example_dags/example_bash_operator.py for tasks to queue
[2026-04-27T23:52:32.023+0000] {logging_mixin.py:190} INFO - [2026-04-27T23:52:32.022+0000] {dagbag.py:588} INFO - Filling up the DagBag from /usr/local/python/3.12.1/lib/python3.12/site-packages/airflow/example_dags/example_bash_operator.py
[2026-04-27T23:52:32.036+0000] {processor.py:925} INFO - DAG(s) 'example_bash_operator' retrieved from /usr/local/python/3.12.1/lib/python3.12/site-packages/airflow/example_dags/example_bash_operator.py
[2026-04-27T23:52:32.055+0000] {logging_mixin.py:190} INFO - [2026-04-27T23:52:32.055+0000] {dag.py:3239} INFO - Sync 1 DAGs
[2026-04-27T23:52:32.071+0000] {logging_mixin.py:190} INFO - [2026-04-27T23:52:32.071+0000] {dag.py:4180} INFO - Setting next_dagrun for example_bash_operator to 2026-04-26 00:00:00+00:00, run_after=2026-04-27 00:00:00+00:00
[2026-04-27T23:52:32.087+0000] {processor.py:208} INFO - Processing /usr/local/python/3.12.1/lib/python3.12/site-packages/airflow/example_dags/example_bash_operator.py took 0.071 seconds
[2026-04-27T23:53:46.046+0000] {processor.py:186} INFO - Started process (PID=66140) to work on /usr/local/python/3.12.1/lib/python3.12/site-packages/airflow/example_dags/example_bash_operator.py
[2026-04-27T23:53:46.047+0000] {processor.py:914} INFO - Processing file /usr/local/python/3.12.1/lib/python3.12/site-packages/airflow/example_dags/example_bash_operator.py for tasks to queue
[2026-04-27T23:53:46.049+0000] {logging_mixin.py:190} INFO - [2026-04-27T23:53:46.049+0000] {dagbag.py:588} INFO - Filling up the DagBag from /usr/local/python/3.12.1/lib/python3.12/site-packages/airflow/example_dags/example_bash_operator.py
[2026-04-27T23:53:46.061+0000] {processor.py:925} INFO - DAG(s) 'example_bash_operator' retrieved from /usr/local/python/3.12.1/lib/python3.12/site-packages/airflow/example_dags/example_bash_operator.py
[2026-04-27T23:53:46.080+0000] {logging_mixin.py:190} INFO - [2026-04-27T23:53:46.080+0000] {dag.py:3239} INFO - Sync 1 DAGs
[2026-04-27T23:53:46.098+0000] {logging_mixin.py:190} INFO - [2026-04-27T23:53:46.098+0000] {dag.py:4180} INFO - Setting next_dagrun for example_bash_operator to 2026-04-26 00:00:00+00:00, run_after=2026-04-27 00:00:00+00:00
[2026-04-27T23:53:46.114+0000] {processor.py:208} INFO - Processing /usr/local/python/3.12.1/lib/python3.12/site-packages/airflow/example_dags/example_bash_operator.py took 0.075 seconds
[2026-04-27T23:55:06.146+0000] {processor.py:186} INFO - Started process (PID=67082) to work on /usr/local/python/3.12.1/lib/python3.12/site-packages/airflow/example_dags/example_bash_operator.py
[2026-04-27T23:55:06.147+0000] {processor.py:914} INFO - Processing file /usr/local/python/3.12.1/lib/python3.12/site-packages/airflow/example_dags/example_bash_operator.py for tasks to queue
[2026-04-27T23:55:06.149+0000] {logging_mixin.py:190} INFO - [2026-04-27T23:55:06.149+0000] {dagbag.py:588} INFO - Filling up the DagBag from /usr/local/python/3.12.1/lib/python3.12/site-packages/airflow/example_dags/example_bash_operator.py
[2026-04-27T23:55:06.160+0000] {processor.py:925} INFO - DAG(s) 'example_bash_operator' retrieved from /usr/local/python/3.12.1/lib/python3.12/site-packages/airflow/example_dags/example_bash_operator.py
[2026-04-27T23:55:06.179+0000] {logging_mixin.py:190} INFO - [2026-04-27T23:55:06.179+0000] {dag.py:3239} INFO - Sync 1 DAGs
[2026-04-27T23:55:06.195+0000] {logging_mixin.py:190} INFO - [2026-04-27T23:55:06.195+0000] {dag.py:4180} INFO - Setting next_dagrun for example_bash_operator to 2026-04-26 00:00:00+00:00, run_after=2026-04-27 00:00:00+00:00
[2026-04-27T23:55:06.212+0000] {processor.py:208} INFO - Processing /usr/local/python/3.12.1/lib/python3.12/site-packages/airflow/example_dags/example_bash_operator.py took 0.072 seconds
[2026-04-27T23:56:27.416+0000] {processor.py:186} INFO - Started process (PID=67901) to work on /usr/local/python/3.12.1/lib/python3.12/site-packages/airflow/example_dags/example_bash_operator.py
[2026-04-27T23:56:27.417+0000] {processor.py:914} INFO - Processing file /usr/local/python/3.12.1/lib/python3.12/site-packages/airflow/example_dags/example_bash_operator.py for tasks to queue
[2026-04-27T23:56:27.419+0000] {logging_mixin.py:190} INFO - [2026-04-27T23:56:27.419+0000] {dagbag.py:588} INFO - Filling up the DagBag from /usr/local/python/3.12.1/lib/python3.12/site-packages/airflow/example_dags/example_bash_operator.py
[2026-04-27T23:56:27.432+0000] {processor.py:925} INFO - DAG(s) 'example_bash_operator' retrieved from /usr/local/python/3.12.1/lib/python3.12/site-packages/airflow/example_dags/example_bash_operator.py
[2026-04-27T23:56:27.455+0000] {logging_mixin.py:190} INFO - [2026-04-27T23:56:27.454+0000] {dag.py:3239} INFO - Sync 1 DAGs
[2026-04-27T23:56:27.474+0000] {logging_mixin.py:190} INFO - [2026-04-27T23:56:27.474+0000] {dag.py:4180} INFO - Setting next_dagrun for example_bash_operator to 2026-04-26 00:00:00+00:00, run_after=2026-04-27 00:00:00+00:00
[2026-04-27T23:56:27.491+0000] {processor.py:208} INFO - Processing /usr/local/python/3.12.1/lib/python3.12/site-packages/airflow/example_dags/example_bash_operator.py took 0.080 seconds
[2026-04-27T23:57:46.181+0000] {processor.py:186} INFO - Started process (PID=68817) to work on /usr/local/python/3.12.1/lib/python3.12/site-packages/airflow/example_dags/example_bash_operator.py
[2026-04-27T23:57:46.182+0000] {processor.py:914} INFO - Processing file /usr/local/python/3.12.1/lib/python3.12/site-packages/airflow/example_dags/example_bash_operator.py for tasks to queue
[2026-04-27T23:57:46.184+0000] {logging_mixin.py:190} INFO - [2026-04-27T23:57:46.183+0000] {dagbag.py:588} INFO - Filling up the DagBag from /usr/local/python/3.12.1/lib/python3.12/site-packages/airflow/example_dags/example_bash_operator.py
[2026-04-27T23:57:46.194+0000] {processor.py:925} INFO - DAG(s) 'example_bash_operator' retrieved from /usr/local/python/3.12.1/lib/python3.12/site-packages/airflow/example_dags/example_bash_operator.py
[2026-04-27T23:57:46.211+0000] {logging_mixin.py:190} INFO - [2026-04-27T23:57:46.210+0000] {dag.py:3239} INFO - Sync 1 DAGs
[2026-04-27T23:57:46.226+0000] {logging_mixin.py:190} INFO - [2026-04-27T23:57:46.226+0000] {dag.py:4180} INFO - Setting next_dagrun for example_bash_operator to 2026-04-26 00:00:00+00:00, run_after=2026-04-27 00:00:00+00:00
[2026-04-27T23:57:46.247+0000] {processor.py:208} INFO - Processing /usr/local/python/3.12.1/lib/python3.12/site-packages/airflow/example_dags/example_bash_operator.py took 0.070 seconds
[2026-04-27T23:59:06.982+0000] {processor.py:186} INFO - Started process (PID=69681) to work on /usr/local/python/3.12.1/lib/python3.12/site-packages/airflow/example_dags/example_bash_operator.py
[2026-04-27T23:59:06.983+0000] {processor.py:914} INFO - Processing file /usr/local/python/3.12.1/lib/python3.12/site-packages/airflow/example_dags/example_bash_operator.py for tasks to queue
[2026-04-27T23:59:06.985+0000] {logging_mixin.py:190} INFO - [2026-04-27T23:59:06.984+0000] {dagbag.py:588} INFO - Filling up the DagBag from /usr/local/python/3.12.1/lib/python3.12/site-packages/airflow/example_dags/example_bash_operator.py
[2026-04-27T23:59:06.996+0000] {processor.py:925} INFO - DAG(s) 'example_bash_operator' retrieved from /usr/local/python/3.12.1/lib/python3.12/site-packages/airflow/example_dags/example_bash_operator.py
[2026-04-27T23:59:07.014+0000] {logging_mixin.py:190} INFO - [2026-04-27T23:59:07.014+0000] {dag.py:3239} INFO - Sync 1 DAGs
[2026-04-27T23:59:07.038+0000] {logging_mixin.py:190} INFO - [2026-04-27T23:59:07.037+0000] {dag.py:4180} INFO - Setting next_dagrun for example_bash_operator to 2026-04-26 00:00:00+00:00, run_after=2026-04-27 00:00:00+00:00
[2026-04-27T23:59:07.068+0000] {processor.py:208} INFO - Processing /usr/local/python/3.12.1/lib/python3.12/site-packages/airflow/example_dags/example_bash_operator.py took 0.091 seconds
