[2026-04-27T22:26:07.889+0000] {processor.py:186} INFO - Started process (PID=5764) to work on /usr/local/python/3.12.1/lib/python3.12/site-packages/airflow/example_dags/example_complex.py
[2026-04-27T22:26:07.889+0000] {processor.py:914} INFO - Processing file /usr/local/python/3.12.1/lib/python3.12/site-packages/airflow/example_dags/example_complex.py for tasks to queue
[2026-04-27T22:26:07.891+0000] {logging_mixin.py:190} INFO - [2026-04-27T22:26:07.891+0000] {dagbag.py:588} INFO - Filling up the DagBag from /usr/local/python/3.12.1/lib/python3.12/site-packages/airflow/example_dags/example_complex.py
[2026-04-27T22:26:07.900+0000] {processor.py:925} INFO - DAG(s) 'example_complex' retrieved from /usr/local/python/3.12.1/lib/python3.12/site-packages/airflow/example_dags/example_complex.py
[2026-04-27T22:26:07.923+0000] {logging_mixin.py:190} INFO - [2026-04-27T22:26:07.922+0000] {dag.py:3239} INFO - Sync 1 DAGs
[2026-04-27T22:26:07.932+0000] {logging_mixin.py:190} INFO - [2026-04-27T22:26:07.932+0000] {dag.py:4180} INFO - Setting next_dagrun for example_complex to None, run_after=None
[2026-04-27T22:26:07.950+0000] {processor.py:208} INFO - Processing /usr/local/python/3.12.1/lib/python3.12/site-packages/airflow/example_dags/example_complex.py took 0.066 seconds
[2026-04-27T22:27:32.266+0000] {processor.py:186} INFO - Started process (PID=7498) to work on /usr/local/python/3.12.1/lib/python3.12/site-packages/airflow/example_dags/example_complex.py
[2026-04-27T22:27:32.267+0000] {processor.py:914} INFO - Processing file /usr/local/python/3.12.1/lib/python3.12/site-packages/airflow/example_dags/example_complex.py for tasks to queue
[2026-04-27T22:27:32.268+0000] {logging_mixin.py:190} INFO - [2026-04-27T22:27:32.268+0000] {dagbag.py:588} INFO - Filling up the DagBag from /usr/local/python/3.12.1/lib/python3.12/site-packages/airflow/example_dags/example_complex.py
[2026-04-27T22:27:32.277+0000] {processor.py:925} INFO - DAG(s) 'example_complex' retrieved from /usr/local/python/3.12.1/lib/python3.12/site-packages/airflow/example_dags/example_complex.py
[2026-04-27T22:27:32.305+0000] {logging_mixin.py:190} INFO - [2026-04-27T22:27:32.305+0000] {dag.py:3239} INFO - Sync 1 DAGs
[2026-04-27T22:27:32.315+0000] {logging_mixin.py:190} INFO - [2026-04-27T22:27:32.314+0000] {dag.py:4180} INFO - Setting next_dagrun for example_complex to None, run_after=None
[2026-04-27T22:27:32.331+0000] {processor.py:208} INFO - Processing /usr/local/python/3.12.1/lib/python3.12/site-packages/airflow/example_dags/example_complex.py took 0.069 seconds
[2026-04-27T22:28:54.598+0000] {processor.py:186} INFO - Started process (PID=9156) to work on /usr/local/python/3.12.1/lib/python3.12/site-packages/airflow/example_dags/example_complex.py
[2026-04-27T22:28:54.599+0000] {processor.py:914} INFO - Processing file /usr/local/python/3.12.1/lib/python3.12/site-packages/airflow/example_dags/example_complex.py for tasks to queue
[2026-04-27T22:28:54.601+0000] {logging_mixin.py:190} INFO - [2026-04-27T22:28:54.600+0000] {dagbag.py:588} INFO - Filling up the DagBag from /usr/local/python/3.12.1/lib/python3.12/site-packages/airflow/example_dags/example_complex.py
[2026-04-27T22:28:54.610+0000] {processor.py:925} INFO - DAG(s) 'example_complex' retrieved from /usr/local/python/3.12.1/lib/python3.12/site-packages/airflow/example_dags/example_complex.py
[2026-04-27T22:28:54.635+0000] {logging_mixin.py:190} INFO - [2026-04-27T22:28:54.635+0000] {dag.py:3239} INFO - Sync 1 DAGs
[2026-04-27T22:28:54.654+0000] {logging_mixin.py:190} INFO - [2026-04-27T22:28:54.654+0000] {dag.py:4180} INFO - Setting next_dagrun for example_complex to None, run_after=None
[2026-04-27T22:28:54.707+0000] {processor.py:208} INFO - Processing /usr/local/python/3.12.1/lib/python3.12/site-packages/airflow/example_dags/example_complex.py took 0.113 seconds
[2026-04-27T22:30:16.537+0000] {processor.py:186} INFO - Started process (PID=10840) to work on /usr/local/python/3.12.1/lib/python3.12/site-packages/airflow/example_dags/example_complex.py
[2026-04-27T22:30:16.538+0000] {processor.py:914} INFO - Processing file /usr/local/python/3.12.1/lib/python3.12/site-packages/airflow/example_dags/example_complex.py for tasks to queue
[2026-04-27T22:30:16.540+0000] {logging_mixin.py:190} INFO - [2026-04-27T22:30:16.540+0000] {dagbag.py:588} INFO - Filling up the DagBag from /usr/local/python/3.12.1/lib/python3.12/site-packages/airflow/example_dags/example_complex.py
[2026-04-27T22:30:16.554+0000] {processor.py:925} INFO - DAG(s) 'example_complex' retrieved from /usr/local/python/3.12.1/lib/python3.12/site-packages/airflow/example_dags/example_complex.py
[2026-04-27T22:30:16.597+0000] {logging_mixin.py:190} INFO - [2026-04-27T22:30:16.595+0000] {dag.py:3239} INFO - Sync 1 DAGs
[2026-04-27T22:30:16.629+0000] {logging_mixin.py:190} INFO - [2026-04-27T22:30:16.628+0000] {dag.py:4180} INFO - Setting next_dagrun for example_complex to None, run_after=None
[2026-04-27T22:30:16.666+0000] {processor.py:208} INFO - Processing /usr/local/python/3.12.1/lib/python3.12/site-packages/airflow/example_dags/example_complex.py took 0.135 seconds
[2026-04-27T22:31:36.277+0000] {processor.py:186} INFO - Started process (PID=12110) to work on /usr/local/python/3.12.1/lib/python3.12/site-packages/airflow/example_dags/example_complex.py
[2026-04-27T22:31:36.278+0000] {processor.py:914} INFO - Processing file /usr/local/python/3.12.1/lib/python3.12/site-packages/airflow/example_dags/example_complex.py for tasks to queue
[2026-04-27T22:31:36.280+0000] {logging_mixin.py:190} INFO - [2026-04-27T22:31:36.279+0000] {dagbag.py:588} INFO - Filling up the DagBag from /usr/local/python/3.12.1/lib/python3.12/site-packages/airflow/example_dags/example_complex.py
[2026-04-27T22:31:36.289+0000] {processor.py:925} INFO - DAG(s) 'example_complex' retrieved from /usr/local/python/3.12.1/lib/python3.12/site-packages/airflow/example_dags/example_complex.py
[2026-04-27T22:31:36.308+0000] {logging_mixin.py:190} INFO - [2026-04-27T22:31:36.308+0000] {dag.py:3239} INFO - Sync 1 DAGs
[2026-04-27T22:31:36.317+0000] {logging_mixin.py:190} INFO - [2026-04-27T22:31:36.317+0000] {dag.py:4180} INFO - Setting next_dagrun for example_complex to None, run_after=None
[2026-04-27T22:31:36.333+0000] {processor.py:208} INFO - Processing /usr/local/python/3.12.1/lib/python3.12/site-packages/airflow/example_dags/example_complex.py took 0.060 seconds
[2026-04-27T22:32:53.404+0000] {processor.py:186} INFO - Started process (PID=12998) to work on /usr/local/python/3.12.1/lib/python3.12/site-packages/airflow/example_dags/example_complex.py
[2026-04-27T22:32:53.404+0000] {processor.py:914} INFO - Processing file /usr/local/python/3.12.1/lib/python3.12/site-packages/airflow/example_dags/example_complex.py for tasks to queue
[2026-04-27T22:32:53.406+0000] {logging_mixin.py:190} INFO - [2026-04-27T22:32:53.406+0000] {dagbag.py:588} INFO - Filling up the DagBag from /usr/local/python/3.12.1/lib/python3.12/site-packages/airflow/example_dags/example_complex.py
[2026-04-27T22:32:53.416+0000] {processor.py:925} INFO - DAG(s) 'example_complex' retrieved from /usr/local/python/3.12.1/lib/python3.12/site-packages/airflow/example_dags/example_complex.py
[2026-04-27T22:32:53.436+0000] {logging_mixin.py:190} INFO - [2026-04-27T22:32:53.436+0000] {dag.py:3239} INFO - Sync 1 DAGs
[2026-04-27T22:32:53.446+0000] {logging_mixin.py:190} INFO - [2026-04-27T22:32:53.446+0000] {dag.py:4180} INFO - Setting next_dagrun for example_complex to None, run_after=None
[2026-04-27T22:32:53.462+0000] {processor.py:208} INFO - Processing /usr/local/python/3.12.1/lib/python3.12/site-packages/airflow/example_dags/example_complex.py took 0.064 seconds
[2026-04-27T22:34:14.672+0000] {processor.py:186} INFO - Started process (PID=13923) to work on /usr/local/python/3.12.1/lib/python3.12/site-packages/airflow/example_dags/example_complex.py
[2026-04-27T22:34:14.673+0000] {processor.py:914} INFO - Processing file /usr/local/python/3.12.1/lib/python3.12/site-packages/airflow/example_dags/example_complex.py for tasks to queue
[2026-04-27T22:34:14.674+0000] {logging_mixin.py:190} INFO - [2026-04-27T22:34:14.674+0000] {dagbag.py:588} INFO - Filling up the DagBag from /usr/local/python/3.12.1/lib/python3.12/site-packages/airflow/example_dags/example_complex.py
[2026-04-27T22:34:14.686+0000] {processor.py:925} INFO - DAG(s) 'example_complex' retrieved from /usr/local/python/3.12.1/lib/python3.12/site-packages/airflow/example_dags/example_complex.py
[2026-04-27T22:34:14.708+0000] {logging_mixin.py:190} INFO - [2026-04-27T22:34:14.708+0000] {dag.py:3239} INFO - Sync 1 DAGs
[2026-04-27T22:34:14.717+0000] {logging_mixin.py:190} INFO - [2026-04-27T22:34:14.717+0000] {dag.py:4180} INFO - Setting next_dagrun for example_complex to None, run_after=None
[2026-04-27T22:34:14.735+0000] {processor.py:208} INFO - Processing /usr/local/python/3.12.1/lib/python3.12/site-packages/airflow/example_dags/example_complex.py took 0.067 seconds
[2026-04-27T22:35:34.737+0000] {processor.py:186} INFO - Started process (PID=14806) to work on /usr/local/python/3.12.1/lib/python3.12/site-packages/airflow/example_dags/example_complex.py
[2026-04-27T22:35:34.737+0000] {processor.py:914} INFO - Processing file /usr/local/python/3.12.1/lib/python3.12/site-packages/airflow/example_dags/example_complex.py for tasks to queue
[2026-04-27T22:35:34.739+0000] {logging_mixin.py:190} INFO - [2026-04-27T22:35:34.739+0000] {dagbag.py:588} INFO - Filling up the DagBag from /usr/local/python/3.12.1/lib/python3.12/site-packages/airflow/example_dags/example_complex.py
[2026-04-27T22:35:34.749+0000] {processor.py:925} INFO - DAG(s) 'example_complex' retrieved from /usr/local/python/3.12.1/lib/python3.12/site-packages/airflow/example_dags/example_complex.py
[2026-04-27T22:35:34.773+0000] {logging_mixin.py:190} INFO - [2026-04-27T22:35:34.772+0000] {dag.py:3239} INFO - Sync 1 DAGs
[2026-04-27T22:35:34.787+0000] {logging_mixin.py:190} INFO - [2026-04-27T22:35:34.787+0000] {dag.py:4180} INFO - Setting next_dagrun for example_complex to None, run_after=None
[2026-04-27T22:35:34.808+0000] {processor.py:208} INFO - Processing /usr/local/python/3.12.1/lib/python3.12/site-packages/airflow/example_dags/example_complex.py took 0.076 seconds
[2026-04-27T22:36:54.650+0000] {processor.py:186} INFO - Started process (PID=15761) to work on /usr/local/python/3.12.1/lib/python3.12/site-packages/airflow/example_dags/example_complex.py
[2026-04-27T22:36:54.651+0000] {processor.py:914} INFO - Processing file /usr/local/python/3.12.1/lib/python3.12/site-packages/airflow/example_dags/example_complex.py for tasks to queue
[2026-04-27T22:36:54.652+0000] {logging_mixin.py:190} INFO - [2026-04-27T22:36:54.652+0000] {dagbag.py:588} INFO - Filling up the DagBag from /usr/local/python/3.12.1/lib/python3.12/site-packages/airflow/example_dags/example_complex.py
[2026-04-27T22:36:54.662+0000] {processor.py:925} INFO - DAG(s) 'example_complex' retrieved from /usr/local/python/3.12.1/lib/python3.12/site-packages/airflow/example_dags/example_complex.py
[2026-04-27T22:36:54.716+0000] {logging_mixin.py:190} INFO - [2026-04-27T22:36:54.715+0000] {dag.py:3239} INFO - Sync 1 DAGs
[2026-04-27T22:36:54.730+0000] {logging_mixin.py:190} INFO - [2026-04-27T22:36:54.730+0000] {dag.py:4180} INFO - Setting next_dagrun for example_complex to None, run_after=None
[2026-04-27T22:36:54.759+0000] {processor.py:208} INFO - Processing /usr/local/python/3.12.1/lib/python3.12/site-packages/airflow/example_dags/example_complex.py took 0.113 seconds
[2026-04-27T22:38:10.371+0000] {processor.py:186} INFO - Started process (PID=16596) to work on /usr/local/python/3.12.1/lib/python3.12/site-packages/airflow/example_dags/example_complex.py
[2026-04-27T22:38:10.372+0000] {processor.py:914} INFO - Processing file /usr/local/python/3.12.1/lib/python3.12/site-packages/airflow/example_dags/example_complex.py for tasks to queue
[2026-04-27T22:38:10.373+0000] {logging_mixin.py:190} INFO - [2026-04-27T22:38:10.373+0000] {dagbag.py:588} INFO - Filling up the DagBag from /usr/local/python/3.12.1/lib/python3.12/site-packages/airflow/example_dags/example_complex.py
[2026-04-27T22:38:10.383+0000] {processor.py:925} INFO - DAG(s) 'example_complex' retrieved from /usr/local/python/3.12.1/lib/python3.12/site-packages/airflow/example_dags/example_complex.py
[2026-04-27T22:38:10.405+0000] {logging_mixin.py:190} INFO - [2026-04-27T22:38:10.405+0000] {dag.py:3239} INFO - Sync 1 DAGs
[2026-04-27T22:38:10.416+0000] {logging_mixin.py:190} INFO - [2026-04-27T22:38:10.416+0000] {dag.py:4180} INFO - Setting next_dagrun for example_complex to None, run_after=None
[2026-04-27T22:38:10.432+0000] {processor.py:208} INFO - Processing /usr/local/python/3.12.1/lib/python3.12/site-packages/airflow/example_dags/example_complex.py took 0.066 seconds
[2026-04-27T22:39:31.605+0000] {processor.py:186} INFO - Started process (PID=17397) to work on /usr/local/python/3.12.1/lib/python3.12/site-packages/airflow/example_dags/example_complex.py
[2026-04-27T22:39:31.606+0000] {processor.py:914} INFO - Processing file /usr/local/python/3.12.1/lib/python3.12/site-packages/airflow/example_dags/example_complex.py for tasks to queue
[2026-04-27T22:39:31.608+0000] {logging_mixin.py:190} INFO - [2026-04-27T22:39:31.608+0000] {dagbag.py:588} INFO - Filling up the DagBag from /usr/local/python/3.12.1/lib/python3.12/site-packages/airflow/example_dags/example_complex.py
[2026-04-27T22:39:31.617+0000] {processor.py:925} INFO - DAG(s) 'example_complex' retrieved from /usr/local/python/3.12.1/lib/python3.12/site-packages/airflow/example_dags/example_complex.py
[2026-04-27T22:39:31.638+0000] {logging_mixin.py:190} INFO - [2026-04-27T22:39:31.638+0000] {dag.py:3239} INFO - Sync 1 DAGs
[2026-04-27T22:39:31.648+0000] {logging_mixin.py:190} INFO - [2026-04-27T22:39:31.648+0000] {dag.py:4180} INFO - Setting next_dagrun for example_complex to None, run_after=None
[2026-04-27T22:39:31.669+0000] {processor.py:208} INFO - Processing /usr/local/python/3.12.1/lib/python3.12/site-packages/airflow/example_dags/example_complex.py took 0.069 seconds
[2026-04-27T22:40:51.749+0000] {processor.py:186} INFO - Started process (PID=18383) to work on /usr/local/python/3.12.1/lib/python3.12/site-packages/airflow/example_dags/example_complex.py
[2026-04-27T22:40:51.749+0000] {processor.py:914} INFO - Processing file /usr/local/python/3.12.1/lib/python3.12/site-packages/airflow/example_dags/example_complex.py for tasks to queue
[2026-04-27T22:40:51.751+0000] {logging_mixin.py:190} INFO - [2026-04-27T22:40:51.751+0000] {dagbag.py:588} INFO - Filling up the DagBag from /usr/local/python/3.12.1/lib/python3.12/site-packages/airflow/example_dags/example_complex.py
[2026-04-27T22:40:51.760+0000] {processor.py:925} INFO - DAG(s) 'example_complex' retrieved from /usr/local/python/3.12.1/lib/python3.12/site-packages/airflow/example_dags/example_complex.py
[2026-04-27T22:40:51.781+0000] {logging_mixin.py:190} INFO - [2026-04-27T22:40:51.781+0000] {dag.py:3239} INFO - Sync 1 DAGs
[2026-04-27T22:40:51.791+0000] {logging_mixin.py:190} INFO - [2026-04-27T22:40:51.791+0000] {dag.py:4180} INFO - Setting next_dagrun for example_complex to None, run_after=None
[2026-04-27T22:40:51.807+0000] {processor.py:208} INFO - Processing /usr/local/python/3.12.1/lib/python3.12/site-packages/airflow/example_dags/example_complex.py took 0.063 seconds
[2026-04-27T22:42:08.897+0000] {processor.py:186} INFO - Started process (PID=19210) to work on /usr/local/python/3.12.1/lib/python3.12/site-packages/airflow/example_dags/example_complex.py
[2026-04-27T22:42:08.898+0000] {processor.py:914} INFO - Processing file /usr/local/python/3.12.1/lib/python3.12/site-packages/airflow/example_dags/example_complex.py for tasks to queue
[2026-04-27T22:42:08.900+0000] {logging_mixin.py:190} INFO - [2026-04-27T22:42:08.899+0000] {dagbag.py:588} INFO - Filling up the DagBag from /usr/local/python/3.12.1/lib/python3.12/site-packages/airflow/example_dags/example_complex.py
[2026-04-27T22:42:08.909+0000] {processor.py:925} INFO - DAG(s) 'example_complex' retrieved from /usr/local/python/3.12.1/lib/python3.12/site-packages/airflow/example_dags/example_complex.py
[2026-04-27T22:42:08.931+0000] {logging_mixin.py:190} INFO - [2026-04-27T22:42:08.931+0000] {dag.py:3239} INFO - Sync 1 DAGs
[2026-04-27T22:42:08.940+0000] {logging_mixin.py:190} INFO - [2026-04-27T22:42:08.940+0000] {dag.py:4180} INFO - Setting next_dagrun for example_complex to None, run_after=None
[2026-04-27T22:42:08.958+0000] {processor.py:208} INFO - Processing /usr/local/python/3.12.1/lib/python3.12/site-packages/airflow/example_dags/example_complex.py took 0.065 seconds
[2026-04-27T22:43:27.456+0000] {processor.py:186} INFO - Started process (PID=20034) to work on /usr/local/python/3.12.1/lib/python3.12/site-packages/airflow/example_dags/example_complex.py
[2026-04-27T22:43:27.456+0000] {processor.py:914} INFO - Processing file /usr/local/python/3.12.1/lib/python3.12/site-packages/airflow/example_dags/example_complex.py for tasks to queue
[2026-04-27T22:43:27.458+0000] {logging_mixin.py:190} INFO - [2026-04-27T22:43:27.458+0000] {dagbag.py:588} INFO - Filling up the DagBag from /usr/local/python/3.12.1/lib/python3.12/site-packages/airflow/example_dags/example_complex.py
[2026-04-27T22:43:27.467+0000] {processor.py:925} INFO - DAG(s) 'example_complex' retrieved from /usr/local/python/3.12.1/lib/python3.12/site-packages/airflow/example_dags/example_complex.py
[2026-04-27T22:43:27.487+0000] {logging_mixin.py:190} INFO - [2026-04-27T22:43:27.487+0000] {dag.py:3239} INFO - Sync 1 DAGs
[2026-04-27T22:43:27.497+0000] {logging_mixin.py:190} INFO - [2026-04-27T22:43:27.497+0000] {dag.py:4180} INFO - Setting next_dagrun for example_complex to None, run_after=None
[2026-04-27T22:43:27.514+0000] {processor.py:208} INFO - Processing /usr/local/python/3.12.1/lib/python3.12/site-packages/airflow/example_dags/example_complex.py took 0.063 seconds
[2026-04-27T22:44:46.965+0000] {processor.py:186} INFO - Started process (PID=20949) to work on /usr/local/python/3.12.1/lib/python3.12/site-packages/airflow/example_dags/example_complex.py
[2026-04-27T22:44:46.967+0000] {processor.py:914} INFO - Processing file /usr/local/python/3.12.1/lib/python3.12/site-packages/airflow/example_dags/example_complex.py for tasks to queue
[2026-04-27T22:44:46.969+0000] {logging_mixin.py:190} INFO - [2026-04-27T22:44:46.968+0000] {dagbag.py:588} INFO - Filling up the DagBag from /usr/local/python/3.12.1/lib/python3.12/site-packages/airflow/example_dags/example_complex.py
[2026-04-27T22:44:46.978+0000] {processor.py:925} INFO - DAG(s) 'example_complex' retrieved from /usr/local/python/3.12.1/lib/python3.12/site-packages/airflow/example_dags/example_complex.py
[2026-04-27T22:44:46.999+0000] {logging_mixin.py:190} INFO - [2026-04-27T22:44:46.999+0000] {dag.py:3239} INFO - Sync 1 DAGs
[2026-04-27T22:44:47.008+0000] {logging_mixin.py:190} INFO - [2026-04-27T22:44:47.008+0000] {dag.py:4180} INFO - Setting next_dagrun for example_complex to None, run_after=None
[2026-04-27T22:44:47.025+0000] {processor.py:208} INFO - Processing /usr/local/python/3.12.1/lib/python3.12/site-packages/airflow/example_dags/example_complex.py took 0.064 seconds
[2026-04-27T22:46:07.540+0000] {processor.py:186} INFO - Started process (PID=21873) to work on /usr/local/python/3.12.1/lib/python3.12/site-packages/airflow/example_dags/example_complex.py
[2026-04-27T22:46:07.541+0000] {processor.py:914} INFO - Processing file /usr/local/python/3.12.1/lib/python3.12/site-packages/airflow/example_dags/example_complex.py for tasks to queue
[2026-04-27T22:46:07.543+0000] {logging_mixin.py:190} INFO - [2026-04-27T22:46:07.543+0000] {dagbag.py:588} INFO - Filling up the DagBag from /usr/local/python/3.12.1/lib/python3.12/site-packages/airflow/example_dags/example_complex.py
[2026-04-27T22:46:07.553+0000] {processor.py:925} INFO - DAG(s) 'example_complex' retrieved from /usr/local/python/3.12.1/lib/python3.12/site-packages/airflow/example_dags/example_complex.py
[2026-04-27T22:46:07.576+0000] {logging_mixin.py:190} INFO - [2026-04-27T22:46:07.576+0000] {dag.py:3239} INFO - Sync 1 DAGs
[2026-04-27T22:46:07.586+0000] {logging_mixin.py:190} INFO - [2026-04-27T22:46:07.586+0000] {dag.py:4180} INFO - Setting next_dagrun for example_complex to None, run_after=None
[2026-04-27T22:46:07.604+0000] {processor.py:208} INFO - Processing /usr/local/python/3.12.1/lib/python3.12/site-packages/airflow/example_dags/example_complex.py took 0.070 seconds
[2026-04-27T22:47:28.331+0000] {processor.py:186} INFO - Started process (PID=22681) to work on /usr/local/python/3.12.1/lib/python3.12/site-packages/airflow/example_dags/example_complex.py
[2026-04-27T22:47:28.332+0000] {processor.py:914} INFO - Processing file /usr/local/python/3.12.1/lib/python3.12/site-packages/airflow/example_dags/example_complex.py for tasks to queue
[2026-04-27T22:47:28.333+0000] {logging_mixin.py:190} INFO - [2026-04-27T22:47:28.333+0000] {dagbag.py:588} INFO - Filling up the DagBag from /usr/local/python/3.12.1/lib/python3.12/site-packages/airflow/example_dags/example_complex.py
[2026-04-27T22:47:28.343+0000] {processor.py:925} INFO - DAG(s) 'example_complex' retrieved from /usr/local/python/3.12.1/lib/python3.12/site-packages/airflow/example_dags/example_complex.py
[2026-04-27T22:47:28.364+0000] {logging_mixin.py:190} INFO - [2026-04-27T22:47:28.364+0000] {dag.py:3239} INFO - Sync 1 DAGs
[2026-04-27T22:47:28.375+0000] {logging_mixin.py:190} INFO - [2026-04-27T22:47:28.375+0000] {dag.py:4180} INFO - Setting next_dagrun for example_complex to None, run_after=None
[2026-04-27T22:47:28.392+0000] {processor.py:208} INFO - Processing /usr/local/python/3.12.1/lib/python3.12/site-packages/airflow/example_dags/example_complex.py took 0.066 seconds
[2026-04-27T22:48:45.650+0000] {processor.py:186} INFO - Started process (PID=23506) to work on /usr/local/python/3.12.1/lib/python3.12/site-packages/airflow/example_dags/example_complex.py
[2026-04-27T22:48:45.651+0000] {processor.py:914} INFO - Processing file /usr/local/python/3.12.1/lib/python3.12/site-packages/airflow/example_dags/example_complex.py for tasks to queue
[2026-04-27T22:48:45.653+0000] {logging_mixin.py:190} INFO - [2026-04-27T22:48:45.652+0000] {dagbag.py:588} INFO - Filling up the DagBag from /usr/local/python/3.12.1/lib/python3.12/site-packages/airflow/example_dags/example_complex.py
[2026-04-27T22:48:45.663+0000] {processor.py:925} INFO - DAG(s) 'example_complex' retrieved from /usr/local/python/3.12.1/lib/python3.12/site-packages/airflow/example_dags/example_complex.py
[2026-04-27T22:48:45.688+0000] {logging_mixin.py:190} INFO - [2026-04-27T22:48:45.687+0000] {dag.py:3239} INFO - Sync 1 DAGs
[2026-04-27T22:48:45.700+0000] {logging_mixin.py:190} INFO - [2026-04-27T22:48:45.699+0000] {dag.py:4180} INFO - Setting next_dagrun for example_complex to None, run_after=None
[2026-04-27T22:48:45.717+0000] {processor.py:208} INFO - Processing /usr/local/python/3.12.1/lib/python3.12/site-packages/airflow/example_dags/example_complex.py took 0.072 seconds
[2026-04-27T22:50:06.253+0000] {processor.py:186} INFO - Started process (PID=24431) to work on /usr/local/python/3.12.1/lib/python3.12/site-packages/airflow/example_dags/example_complex.py
[2026-04-27T22:50:06.254+0000] {processor.py:914} INFO - Processing file /usr/local/python/3.12.1/lib/python3.12/site-packages/airflow/example_dags/example_complex.py for tasks to queue
[2026-04-27T22:50:06.256+0000] {logging_mixin.py:190} INFO - [2026-04-27T22:50:06.255+0000] {dagbag.py:588} INFO - Filling up the DagBag from /usr/local/python/3.12.1/lib/python3.12/site-packages/airflow/example_dags/example_complex.py
[2026-04-27T22:50:06.265+0000] {processor.py:925} INFO - DAG(s) 'example_complex' retrieved from /usr/local/python/3.12.1/lib/python3.12/site-packages/airflow/example_dags/example_complex.py
[2026-04-27T22:50:06.285+0000] {logging_mixin.py:190} INFO - [2026-04-27T22:50:06.285+0000] {dag.py:3239} INFO - Sync 1 DAGs
[2026-04-27T22:50:06.295+0000] {logging_mixin.py:190} INFO - [2026-04-27T22:50:06.295+0000] {dag.py:4180} INFO - Setting next_dagrun for example_complex to None, run_after=None
[2026-04-27T22:50:06.311+0000] {processor.py:208} INFO - Processing /usr/local/python/3.12.1/lib/python3.12/site-packages/airflow/example_dags/example_complex.py took 0.063 seconds
[2026-04-27T22:51:23.567+0000] {processor.py:186} INFO - Started process (PID=25211) to work on /usr/local/python/3.12.1/lib/python3.12/site-packages/airflow/example_dags/example_complex.py
[2026-04-27T22:51:23.568+0000] {processor.py:914} INFO - Processing file /usr/local/python/3.12.1/lib/python3.12/site-packages/airflow/example_dags/example_complex.py for tasks to queue
[2026-04-27T22:51:23.569+0000] {logging_mixin.py:190} INFO - [2026-04-27T22:51:23.569+0000] {dagbag.py:588} INFO - Filling up the DagBag from /usr/local/python/3.12.1/lib/python3.12/site-packages/airflow/example_dags/example_complex.py
[2026-04-27T22:51:23.578+0000] {processor.py:925} INFO - DAG(s) 'example_complex' retrieved from /usr/local/python/3.12.1/lib/python3.12/site-packages/airflow/example_dags/example_complex.py
[2026-04-27T22:51:23.598+0000] {logging_mixin.py:190} INFO - [2026-04-27T22:51:23.598+0000] {dag.py:3239} INFO - Sync 1 DAGs
[2026-04-27T22:51:23.608+0000] {logging_mixin.py:190} INFO - [2026-04-27T22:51:23.608+0000] {dag.py:4180} INFO - Setting next_dagrun for example_complex to None, run_after=None
[2026-04-27T22:51:23.632+0000] {processor.py:208} INFO - Processing /usr/local/python/3.12.1/lib/python3.12/site-packages/airflow/example_dags/example_complex.py took 0.069 seconds
[2026-04-27T22:52:41.527+0000] {processor.py:186} INFO - Started process (PID=26096) to work on /usr/local/python/3.12.1/lib/python3.12/site-packages/airflow/example_dags/example_complex.py
[2026-04-27T22:52:41.527+0000] {processor.py:914} INFO - Processing file /usr/local/python/3.12.1/lib/python3.12/site-packages/airflow/example_dags/example_complex.py for tasks to queue
[2026-04-27T22:52:41.529+0000] {logging_mixin.py:190} INFO - [2026-04-27T22:52:41.529+0000] {dagbag.py:588} INFO - Filling up the DagBag from /usr/local/python/3.12.1/lib/python3.12/site-packages/airflow/example_dags/example_complex.py
[2026-04-27T22:52:41.538+0000] {processor.py:925} INFO - DAG(s) 'example_complex' retrieved from /usr/local/python/3.12.1/lib/python3.12/site-packages/airflow/example_dags/example_complex.py
[2026-04-27T22:52:41.558+0000] {logging_mixin.py:190} INFO - [2026-04-27T22:52:41.557+0000] {dag.py:3239} INFO - Sync 1 DAGs
[2026-04-27T22:52:41.567+0000] {logging_mixin.py:190} INFO - [2026-04-27T22:52:41.566+0000] {dag.py:4180} INFO - Setting next_dagrun for example_complex to None, run_after=None
[2026-04-27T22:52:41.582+0000] {processor.py:208} INFO - Processing /usr/local/python/3.12.1/lib/python3.12/site-packages/airflow/example_dags/example_complex.py took 0.060 seconds
[2026-04-27T22:54:01.133+0000] {processor.py:186} INFO - Started process (PID=26992) to work on /usr/local/python/3.12.1/lib/python3.12/site-packages/airflow/example_dags/example_complex.py
[2026-04-27T22:54:01.134+0000] {processor.py:914} INFO - Processing file /usr/local/python/3.12.1/lib/python3.12/site-packages/airflow/example_dags/example_complex.py for tasks to queue
[2026-04-27T22:54:01.135+0000] {logging_mixin.py:190} INFO - [2026-04-27T22:54:01.135+0000] {dagbag.py:588} INFO - Filling up the DagBag from /usr/local/python/3.12.1/lib/python3.12/site-packages/airflow/example_dags/example_complex.py
[2026-04-27T22:54:01.144+0000] {processor.py:925} INFO - DAG(s) 'example_complex' retrieved from /usr/local/python/3.12.1/lib/python3.12/site-packages/airflow/example_dags/example_complex.py
[2026-04-27T22:54:01.164+0000] {logging_mixin.py:190} INFO - [2026-04-27T22:54:01.164+0000] {dag.py:3239} INFO - Sync 1 DAGs
[2026-04-27T22:54:01.173+0000] {logging_mixin.py:190} INFO - [2026-04-27T22:54:01.173+0000] {dag.py:4180} INFO - Setting next_dagrun for example_complex to None, run_after=None
[2026-04-27T22:54:01.191+0000] {processor.py:208} INFO - Processing /usr/local/python/3.12.1/lib/python3.12/site-packages/airflow/example_dags/example_complex.py took 0.062 seconds
[2026-04-27T22:55:21.640+0000] {processor.py:186} INFO - Started process (PID=27847) to work on /usr/local/python/3.12.1/lib/python3.12/site-packages/airflow/example_dags/example_complex.py
[2026-04-27T22:55:21.640+0000] {processor.py:914} INFO - Processing file /usr/local/python/3.12.1/lib/python3.12/site-packages/airflow/example_dags/example_complex.py for tasks to queue
[2026-04-27T22:55:21.642+0000] {logging_mixin.py:190} INFO - [2026-04-27T22:55:21.642+0000] {dagbag.py:588} INFO - Filling up the DagBag from /usr/local/python/3.12.1/lib/python3.12/site-packages/airflow/example_dags/example_complex.py
[2026-04-27T22:55:21.651+0000] {processor.py:925} INFO - DAG(s) 'example_complex' retrieved from /usr/local/python/3.12.1/lib/python3.12/site-packages/airflow/example_dags/example_complex.py
[2026-04-27T22:55:21.672+0000] {logging_mixin.py:190} INFO - [2026-04-27T22:55:21.671+0000] {dag.py:3239} INFO - Sync 1 DAGs
[2026-04-27T22:55:21.680+0000] {logging_mixin.py:190} INFO - [2026-04-27T22:55:21.680+0000] {dag.py:4180} INFO - Setting next_dagrun for example_complex to None, run_after=None
[2026-04-27T22:55:21.696+0000] {processor.py:208} INFO - Processing /usr/local/python/3.12.1/lib/python3.12/site-packages/airflow/example_dags/example_complex.py took 0.061 seconds
[2026-04-27T22:56:41.622+0000] {processor.py:186} INFO - Started process (PID=28736) to work on /usr/local/python/3.12.1/lib/python3.12/site-packages/airflow/example_dags/example_complex.py
[2026-04-27T22:56:41.623+0000] {processor.py:914} INFO - Processing file /usr/local/python/3.12.1/lib/python3.12/site-packages/airflow/example_dags/example_complex.py for tasks to queue
[2026-04-27T22:56:41.625+0000] {logging_mixin.py:190} INFO - [2026-04-27T22:56:41.624+0000] {dagbag.py:588} INFO - Filling up the DagBag from /usr/local/python/3.12.1/lib/python3.12/site-packages/airflow/example_dags/example_complex.py
[2026-04-27T22:56:41.634+0000] {processor.py:925} INFO - DAG(s) 'example_complex' retrieved from /usr/local/python/3.12.1/lib/python3.12/site-packages/airflow/example_dags/example_complex.py
[2026-04-27T22:56:41.654+0000] {logging_mixin.py:190} INFO - [2026-04-27T22:56:41.653+0000] {dag.py:3239} INFO - Sync 1 DAGs
[2026-04-27T22:56:41.668+0000] {logging_mixin.py:190} INFO - [2026-04-27T22:56:41.668+0000] {dag.py:4180} INFO - Setting next_dagrun for example_complex to None, run_after=None
[2026-04-27T22:56:41.701+0000] {processor.py:208} INFO - Processing /usr/local/python/3.12.1/lib/python3.12/site-packages/airflow/example_dags/example_complex.py took 0.083 seconds
[2026-04-27T22:58:03.846+0000] {processor.py:186} INFO - Started process (PID=29640) to work on /usr/local/python/3.12.1/lib/python3.12/site-packages/airflow/example_dags/example_complex.py
[2026-04-27T22:58:03.846+0000] {processor.py:914} INFO - Processing file /usr/local/python/3.12.1/lib/python3.12/site-packages/airflow/example_dags/example_complex.py for tasks to queue
[2026-04-27T22:58:03.848+0000] {logging_mixin.py:190} INFO - [2026-04-27T22:58:03.848+0000] {dagbag.py:588} INFO - Filling up the DagBag from /usr/local/python/3.12.1/lib/python3.12/site-packages/airflow/example_dags/example_complex.py
[2026-04-27T22:58:03.857+0000] {processor.py:925} INFO - DAG(s) 'example_complex' retrieved from /usr/local/python/3.12.1/lib/python3.12/site-packages/airflow/example_dags/example_complex.py
[2026-04-27T22:58:03.876+0000] {logging_mixin.py:190} INFO - [2026-04-27T22:58:03.876+0000] {dag.py:3239} INFO - Sync 1 DAGs
[2026-04-27T22:58:03.885+0000] {logging_mixin.py:190} INFO - [2026-04-27T22:58:03.885+0000] {dag.py:4180} INFO - Setting next_dagrun for example_complex to None, run_after=None
[2026-04-27T22:58:03.901+0000] {processor.py:208} INFO - Processing /usr/local/python/3.12.1/lib/python3.12/site-packages/airflow/example_dags/example_complex.py took 0.059 seconds
[2026-04-27T22:59:23.596+0000] {processor.py:186} INFO - Started process (PID=30437) to work on /usr/local/python/3.12.1/lib/python3.12/site-packages/airflow/example_dags/example_complex.py
[2026-04-27T22:59:23.596+0000] {processor.py:914} INFO - Processing file /usr/local/python/3.12.1/lib/python3.12/site-packages/airflow/example_dags/example_complex.py for tasks to queue
[2026-04-27T22:59:23.598+0000] {logging_mixin.py:190} INFO - [2026-04-27T22:59:23.598+0000] {dagbag.py:588} INFO - Filling up the DagBag from /usr/local/python/3.12.1/lib/python3.12/site-packages/airflow/example_dags/example_complex.py
[2026-04-27T22:59:23.608+0000] {processor.py:925} INFO - DAG(s) 'example_complex' retrieved from /usr/local/python/3.12.1/lib/python3.12/site-packages/airflow/example_dags/example_complex.py
[2026-04-27T22:59:23.628+0000] {logging_mixin.py:190} INFO - [2026-04-27T22:59:23.628+0000] {dag.py:3239} INFO - Sync 1 DAGs
[2026-04-27T22:59:23.638+0000] {logging_mixin.py:190} INFO - [2026-04-27T22:59:23.637+0000] {dag.py:4180} INFO - Setting next_dagrun for example_complex to None, run_after=None
[2026-04-27T22:59:23.654+0000] {processor.py:208} INFO - Processing /usr/local/python/3.12.1/lib/python3.12/site-packages/airflow/example_dags/example_complex.py took 0.064 seconds
[2026-04-27T23:00:44.938+0000] {processor.py:186} INFO - Started process (PID=31426) to work on /usr/local/python/3.12.1/lib/python3.12/site-packages/airflow/example_dags/example_complex.py
[2026-04-27T23:00:44.938+0000] {processor.py:914} INFO - Processing file /usr/local/python/3.12.1/lib/python3.12/site-packages/airflow/example_dags/example_complex.py for tasks to queue
[2026-04-27T23:00:44.940+0000] {logging_mixin.py:190} INFO - [2026-04-27T23:00:44.940+0000] {dagbag.py:588} INFO - Filling up the DagBag from /usr/local/python/3.12.1/lib/python3.12/site-packages/airflow/example_dags/example_complex.py
[2026-04-27T23:00:44.949+0000] {processor.py:925} INFO - DAG(s) 'example_complex' retrieved from /usr/local/python/3.12.1/lib/python3.12/site-packages/airflow/example_dags/example_complex.py
[2026-04-27T23:00:44.969+0000] {logging_mixin.py:190} INFO - [2026-04-27T23:00:44.968+0000] {dag.py:3239} INFO - Sync 1 DAGs
[2026-04-27T23:00:44.978+0000] {logging_mixin.py:190} INFO - [2026-04-27T23:00:44.977+0000] {dag.py:4180} INFO - Setting next_dagrun for example_complex to None, run_after=None
[2026-04-27T23:00:44.994+0000] {processor.py:208} INFO - Processing /usr/local/python/3.12.1/lib/python3.12/site-packages/airflow/example_dags/example_complex.py took 0.061 seconds
[2026-04-27T23:02:06.108+0000] {processor.py:186} INFO - Started process (PID=32299) to work on /usr/local/python/3.12.1/lib/python3.12/site-packages/airflow/example_dags/example_complex.py
[2026-04-27T23:02:06.108+0000] {processor.py:914} INFO - Processing file /usr/local/python/3.12.1/lib/python3.12/site-packages/airflow/example_dags/example_complex.py for tasks to queue
[2026-04-27T23:02:06.110+0000] {logging_mixin.py:190} INFO - [2026-04-27T23:02:06.110+0000] {dagbag.py:588} INFO - Filling up the DagBag from /usr/local/python/3.12.1/lib/python3.12/site-packages/airflow/example_dags/example_complex.py
[2026-04-27T23:02:06.119+0000] {processor.py:925} INFO - DAG(s) 'example_complex' retrieved from /usr/local/python/3.12.1/lib/python3.12/site-packages/airflow/example_dags/example_complex.py
[2026-04-27T23:02:06.139+0000] {logging_mixin.py:190} INFO - [2026-04-27T23:02:06.139+0000] {dag.py:3239} INFO - Sync 1 DAGs
[2026-04-27T23:02:06.148+0000] {logging_mixin.py:190} INFO - [2026-04-27T23:02:06.148+0000] {dag.py:4180} INFO - Setting next_dagrun for example_complex to None, run_after=None
[2026-04-27T23:02:06.164+0000] {processor.py:208} INFO - Processing /usr/local/python/3.12.1/lib/python3.12/site-packages/airflow/example_dags/example_complex.py took 0.060 seconds
[2026-04-27T23:03:27.228+0000] {processor.py:186} INFO - Started process (PID=33111) to work on /usr/local/python/3.12.1/lib/python3.12/site-packages/airflow/example_dags/example_complex.py
[2026-04-27T23:03:27.228+0000] {processor.py:914} INFO - Processing file /usr/local/python/3.12.1/lib/python3.12/site-packages/airflow/example_dags/example_complex.py for tasks to queue
[2026-04-27T23:03:27.231+0000] {logging_mixin.py:190} INFO - [2026-04-27T23:03:27.230+0000] {dagbag.py:588} INFO - Filling up the DagBag from /usr/local/python/3.12.1/lib/python3.12/site-packages/airflow/example_dags/example_complex.py
[2026-04-27T23:03:27.241+0000] {processor.py:925} INFO - DAG(s) 'example_complex' retrieved from /usr/local/python/3.12.1/lib/python3.12/site-packages/airflow/example_dags/example_complex.py
[2026-04-27T23:03:27.261+0000] {logging_mixin.py:190} INFO - [2026-04-27T23:03:27.261+0000] {dag.py:3239} INFO - Sync 1 DAGs
[2026-04-27T23:03:27.270+0000] {logging_mixin.py:190} INFO - [2026-04-27T23:03:27.270+0000] {dag.py:4180} INFO - Setting next_dagrun for example_complex to None, run_after=None
[2026-04-27T23:03:27.286+0000] {processor.py:208} INFO - Processing /usr/local/python/3.12.1/lib/python3.12/site-packages/airflow/example_dags/example_complex.py took 0.065 seconds
[2026-04-27T23:04:47.128+0000] {processor.py:186} INFO - Started process (PID=34026) to work on /usr/local/python/3.12.1/lib/python3.12/site-packages/airflow/example_dags/example_complex.py
[2026-04-27T23:04:47.128+0000] {processor.py:914} INFO - Processing file /usr/local/python/3.12.1/lib/python3.12/site-packages/airflow/example_dags/example_complex.py for tasks to queue
[2026-04-27T23:04:47.130+0000] {logging_mixin.py:190} INFO - [2026-04-27T23:04:47.130+0000] {dagbag.py:588} INFO - Filling up the DagBag from /usr/local/python/3.12.1/lib/python3.12/site-packages/airflow/example_dags/example_complex.py
[2026-04-27T23:04:47.141+0000] {processor.py:925} INFO - DAG(s) 'example_complex' retrieved from /usr/local/python/3.12.1/lib/python3.12/site-packages/airflow/example_dags/example_complex.py
[2026-04-27T23:04:47.168+0000] {logging_mixin.py:190} INFO - [2026-04-27T23:04:47.168+0000] {dag.py:3239} INFO - Sync 1 DAGs
[2026-04-27T23:04:47.183+0000] {logging_mixin.py:190} INFO - [2026-04-27T23:04:47.183+0000] {dag.py:4180} INFO - Setting next_dagrun for example_complex to None, run_after=None
[2026-04-27T23:04:47.200+0000] {processor.py:208} INFO - Processing /usr/local/python/3.12.1/lib/python3.12/site-packages/airflow/example_dags/example_complex.py took 0.077 seconds
[2026-04-27T23:06:09.594+0000] {processor.py:186} INFO - Started process (PID=34960) to work on /usr/local/python/3.12.1/lib/python3.12/site-packages/airflow/example_dags/example_complex.py
[2026-04-27T23:06:09.595+0000] {processor.py:914} INFO - Processing file /usr/local/python/3.12.1/lib/python3.12/site-packages/airflow/example_dags/example_complex.py for tasks to queue
[2026-04-27T23:06:09.597+0000] {logging_mixin.py:190} INFO - [2026-04-27T23:06:09.597+0000] {dagbag.py:588} INFO - Filling up the DagBag from /usr/local/python/3.12.1/lib/python3.12/site-packages/airflow/example_dags/example_complex.py
[2026-04-27T23:06:09.606+0000] {processor.py:925} INFO - DAG(s) 'example_complex' retrieved from /usr/local/python/3.12.1/lib/python3.12/site-packages/airflow/example_dags/example_complex.py
[2026-04-27T23:06:09.626+0000] {logging_mixin.py:190} INFO - [2026-04-27T23:06:09.626+0000] {dag.py:3239} INFO - Sync 1 DAGs
[2026-04-27T23:06:09.636+0000] {logging_mixin.py:190} INFO - [2026-04-27T23:06:09.635+0000] {dag.py:4180} INFO - Setting next_dagrun for example_complex to None, run_after=None
[2026-04-27T23:06:09.651+0000] {processor.py:208} INFO - Processing /usr/local/python/3.12.1/lib/python3.12/site-packages/airflow/example_dags/example_complex.py took 0.061 seconds
[2026-04-27T23:07:30.697+0000] {processor.py:186} INFO - Started process (PID=35766) to work on /usr/local/python/3.12.1/lib/python3.12/site-packages/airflow/example_dags/example_complex.py
[2026-04-27T23:07:30.698+0000] {processor.py:914} INFO - Processing file /usr/local/python/3.12.1/lib/python3.12/site-packages/airflow/example_dags/example_complex.py for tasks to queue
[2026-04-27T23:07:30.700+0000] {logging_mixin.py:190} INFO - [2026-04-27T23:07:30.699+0000] {dagbag.py:588} INFO - Filling up the DagBag from /usr/local/python/3.12.1/lib/python3.12/site-packages/airflow/example_dags/example_complex.py
[2026-04-27T23:07:30.709+0000] {processor.py:925} INFO - DAG(s) 'example_complex' retrieved from /usr/local/python/3.12.1/lib/python3.12/site-packages/airflow/example_dags/example_complex.py
[2026-04-27T23:07:30.728+0000] {logging_mixin.py:190} INFO - [2026-04-27T23:07:30.728+0000] {dag.py:3239} INFO - Sync 1 DAGs
[2026-04-27T23:07:30.737+0000] {logging_mixin.py:190} INFO - [2026-04-27T23:07:30.737+0000] {dag.py:4180} INFO - Setting next_dagrun for example_complex to None, run_after=None
[2026-04-27T23:07:30.753+0000] {processor.py:208} INFO - Processing /usr/local/python/3.12.1/lib/python3.12/site-packages/airflow/example_dags/example_complex.py took 0.060 seconds
[2026-04-27T23:08:52.951+0000] {processor.py:186} INFO - Started process (PID=36698) to work on /usr/local/python/3.12.1/lib/python3.12/site-packages/airflow/example_dags/example_complex.py
[2026-04-27T23:08:52.952+0000] {processor.py:914} INFO - Processing file /usr/local/python/3.12.1/lib/python3.12/site-packages/airflow/example_dags/example_complex.py for tasks to queue
[2026-04-27T23:08:52.954+0000] {logging_mixin.py:190} INFO - [2026-04-27T23:08:52.953+0000] {dagbag.py:588} INFO - Filling up the DagBag from /usr/local/python/3.12.1/lib/python3.12/site-packages/airflow/example_dags/example_complex.py
[2026-04-27T23:08:52.963+0000] {processor.py:925} INFO - DAG(s) 'example_complex' retrieved from /usr/local/python/3.12.1/lib/python3.12/site-packages/airflow/example_dags/example_complex.py
[2026-04-27T23:08:52.983+0000] {logging_mixin.py:190} INFO - [2026-04-27T23:08:52.982+0000] {dag.py:3239} INFO - Sync 1 DAGs
[2026-04-27T23:08:52.995+0000] {logging_mixin.py:190} INFO - [2026-04-27T23:08:52.995+0000] {dag.py:4180} INFO - Setting next_dagrun for example_complex to None, run_after=None
[2026-04-27T23:08:53.012+0000] {processor.py:208} INFO - Processing /usr/local/python/3.12.1/lib/python3.12/site-packages/airflow/example_dags/example_complex.py took 0.065 seconds
[2026-04-27T23:10:11.456+0000] {processor.py:186} INFO - Started process (PID=37613) to work on /usr/local/python/3.12.1/lib/python3.12/site-packages/airflow/example_dags/example_complex.py
[2026-04-27T23:10:11.457+0000] {processor.py:914} INFO - Processing file /usr/local/python/3.12.1/lib/python3.12/site-packages/airflow/example_dags/example_complex.py for tasks to queue
[2026-04-27T23:10:11.459+0000] {logging_mixin.py:190} INFO - [2026-04-27T23:10:11.458+0000] {dagbag.py:588} INFO - Filling up the DagBag from /usr/local/python/3.12.1/lib/python3.12/site-packages/airflow/example_dags/example_complex.py
[2026-04-27T23:10:11.473+0000] {processor.py:925} INFO - DAG(s) 'example_complex' retrieved from /usr/local/python/3.12.1/lib/python3.12/site-packages/airflow/example_dags/example_complex.py
[2026-04-27T23:10:11.535+0000] {logging_mixin.py:190} INFO - [2026-04-27T23:10:11.535+0000] {dag.py:3239} INFO - Sync 1 DAGs
[2026-04-27T23:10:11.545+0000] {logging_mixin.py:190} INFO - [2026-04-27T23:10:11.545+0000] {dag.py:4180} INFO - Setting next_dagrun for example_complex to None, run_after=None
[2026-04-27T23:10:11.561+0000] {processor.py:208} INFO - Processing /usr/local/python/3.12.1/lib/python3.12/site-packages/airflow/example_dags/example_complex.py took 0.110 seconds
[2026-04-27T23:11:30.729+0000] {processor.py:186} INFO - Started process (PID=38410) to work on /usr/local/python/3.12.1/lib/python3.12/site-packages/airflow/example_dags/example_complex.py
[2026-04-27T23:11:30.730+0000] {processor.py:914} INFO - Processing file /usr/local/python/3.12.1/lib/python3.12/site-packages/airflow/example_dags/example_complex.py for tasks to queue
[2026-04-27T23:11:30.731+0000] {logging_mixin.py:190} INFO - [2026-04-27T23:11:30.731+0000] {dagbag.py:588} INFO - Filling up the DagBag from /usr/local/python/3.12.1/lib/python3.12/site-packages/airflow/example_dags/example_complex.py
[2026-04-27T23:11:30.741+0000] {processor.py:925} INFO - DAG(s) 'example_complex' retrieved from /usr/local/python/3.12.1/lib/python3.12/site-packages/airflow/example_dags/example_complex.py
[2026-04-27T23:11:30.761+0000] {logging_mixin.py:190} INFO - [2026-04-27T23:11:30.761+0000] {dag.py:3239} INFO - Sync 1 DAGs
[2026-04-27T23:11:30.771+0000] {logging_mixin.py:190} INFO - [2026-04-27T23:11:30.771+0000] {dag.py:4180} INFO - Setting next_dagrun for example_complex to None, run_after=None
[2026-04-27T23:11:30.788+0000] {processor.py:208} INFO - Processing /usr/local/python/3.12.1/lib/python3.12/site-packages/airflow/example_dags/example_complex.py took 0.063 seconds
[2026-04-27T23:12:52.867+0000] {processor.py:186} INFO - Started process (PID=39342) to work on /usr/local/python/3.12.1/lib/python3.12/site-packages/airflow/example_dags/example_complex.py
[2026-04-27T23:12:52.868+0000] {processor.py:914} INFO - Processing file /usr/local/python/3.12.1/lib/python3.12/site-packages/airflow/example_dags/example_complex.py for tasks to queue
[2026-04-27T23:12:52.869+0000] {logging_mixin.py:190} INFO - [2026-04-27T23:12:52.869+0000] {dagbag.py:588} INFO - Filling up the DagBag from /usr/local/python/3.12.1/lib/python3.12/site-packages/airflow/example_dags/example_complex.py
[2026-04-27T23:12:52.879+0000] {processor.py:925} INFO - DAG(s) 'example_complex' retrieved from /usr/local/python/3.12.1/lib/python3.12/site-packages/airflow/example_dags/example_complex.py
[2026-04-27T23:12:52.899+0000] {logging_mixin.py:190} INFO - [2026-04-27T23:12:52.899+0000] {dag.py:3239} INFO - Sync 1 DAGs
[2026-04-27T23:12:52.908+0000] {logging_mixin.py:190} INFO - [2026-04-27T23:12:52.908+0000] {dag.py:4180} INFO - Setting next_dagrun for example_complex to None, run_after=None
[2026-04-27T23:12:52.925+0000] {processor.py:208} INFO - Processing /usr/local/python/3.12.1/lib/python3.12/site-packages/airflow/example_dags/example_complex.py took 0.063 seconds
[2026-04-27T23:14:13.090+0000] {processor.py:186} INFO - Started process (PID=40187) to work on /usr/local/python/3.12.1/lib/python3.12/site-packages/airflow/example_dags/example_complex.py
[2026-04-27T23:14:13.090+0000] {processor.py:914} INFO - Processing file /usr/local/python/3.12.1/lib/python3.12/site-packages/airflow/example_dags/example_complex.py for tasks to queue
[2026-04-27T23:14:13.092+0000] {logging_mixin.py:190} INFO - [2026-04-27T23:14:13.092+0000] {dagbag.py:588} INFO - Filling up the DagBag from /usr/local/python/3.12.1/lib/python3.12/site-packages/airflow/example_dags/example_complex.py
[2026-04-27T23:14:13.101+0000] {processor.py:925} INFO - DAG(s) 'example_complex' retrieved from /usr/local/python/3.12.1/lib/python3.12/site-packages/airflow/example_dags/example_complex.py
[2026-04-27T23:14:13.121+0000] {logging_mixin.py:190} INFO - [2026-04-27T23:14:13.121+0000] {dag.py:3239} INFO - Sync 1 DAGs
[2026-04-27T23:14:13.130+0000] {logging_mixin.py:190} INFO - [2026-04-27T23:14:13.130+0000] {dag.py:4180} INFO - Setting next_dagrun for example_complex to None, run_after=None
[2026-04-27T23:14:13.146+0000] {processor.py:208} INFO - Processing /usr/local/python/3.12.1/lib/python3.12/site-packages/airflow/example_dags/example_complex.py took 0.060 seconds
[2026-04-27T23:15:29.390+0000] {processor.py:186} INFO - Started process (PID=41031) to work on /usr/local/python/3.12.1/lib/python3.12/site-packages/airflow/example_dags/example_complex.py
[2026-04-27T23:15:29.391+0000] {processor.py:914} INFO - Processing file /usr/local/python/3.12.1/lib/python3.12/site-packages/airflow/example_dags/example_complex.py for tasks to queue
[2026-04-27T23:15:29.393+0000] {logging_mixin.py:190} INFO - [2026-04-27T23:15:29.392+0000] {dagbag.py:588} INFO - Filling up the DagBag from /usr/local/python/3.12.1/lib/python3.12/site-packages/airflow/example_dags/example_complex.py
[2026-04-27T23:15:29.402+0000] {processor.py:925} INFO - DAG(s) 'example_complex' retrieved from /usr/local/python/3.12.1/lib/python3.12/site-packages/airflow/example_dags/example_complex.py
[2026-04-27T23:15:29.421+0000] {logging_mixin.py:190} INFO - [2026-04-27T23:15:29.421+0000] {dag.py:3239} INFO - Sync 1 DAGs
[2026-04-27T23:15:29.431+0000] {logging_mixin.py:190} INFO - [2026-04-27T23:15:29.431+0000] {dag.py:4180} INFO - Setting next_dagrun for example_complex to None, run_after=None
[2026-04-27T23:15:29.447+0000] {processor.py:208} INFO - Processing /usr/local/python/3.12.1/lib/python3.12/site-packages/airflow/example_dags/example_complex.py took 0.061 seconds
[2026-04-27T23:16:52.798+0000] {processor.py:186} INFO - Started process (PID=41964) to work on /usr/local/python/3.12.1/lib/python3.12/site-packages/airflow/example_dags/example_complex.py
[2026-04-27T23:16:52.799+0000] {processor.py:914} INFO - Processing file /usr/local/python/3.12.1/lib/python3.12/site-packages/airflow/example_dags/example_complex.py for tasks to queue
[2026-04-27T23:16:52.801+0000] {logging_mixin.py:190} INFO - [2026-04-27T23:16:52.800+0000] {dagbag.py:588} INFO - Filling up the DagBag from /usr/local/python/3.12.1/lib/python3.12/site-packages/airflow/example_dags/example_complex.py
[2026-04-27T23:16:52.810+0000] {processor.py:925} INFO - DAG(s) 'example_complex' retrieved from /usr/local/python/3.12.1/lib/python3.12/site-packages/airflow/example_dags/example_complex.py
[2026-04-27T23:16:52.830+0000] {logging_mixin.py:190} INFO - [2026-04-27T23:16:52.830+0000] {dag.py:3239} INFO - Sync 1 DAGs
[2026-04-27T23:16:52.839+0000] {logging_mixin.py:190} INFO - [2026-04-27T23:16:52.839+0000] {dag.py:4180} INFO - Setting next_dagrun for example_complex to None, run_after=None
[2026-04-27T23:16:52.856+0000] {processor.py:208} INFO - Processing /usr/local/python/3.12.1/lib/python3.12/site-packages/airflow/example_dags/example_complex.py took 0.062 seconds
[2026-04-27T23:18:11.535+0000] {processor.py:186} INFO - Started process (PID=42821) to work on /usr/local/python/3.12.1/lib/python3.12/site-packages/airflow/example_dags/example_complex.py
[2026-04-27T23:18:11.536+0000] {processor.py:914} INFO - Processing file /usr/local/python/3.12.1/lib/python3.12/site-packages/airflow/example_dags/example_complex.py for tasks to queue
[2026-04-27T23:18:11.537+0000] {logging_mixin.py:190} INFO - [2026-04-27T23:18:11.537+0000] {dagbag.py:588} INFO - Filling up the DagBag from /usr/local/python/3.12.1/lib/python3.12/site-packages/airflow/example_dags/example_complex.py
[2026-04-27T23:18:11.549+0000] {processor.py:925} INFO - DAG(s) 'example_complex' retrieved from /usr/local/python/3.12.1/lib/python3.12/site-packages/airflow/example_dags/example_complex.py
[2026-04-27T23:18:11.579+0000] {logging_mixin.py:190} INFO - [2026-04-27T23:18:11.579+0000] {dag.py:3239} INFO - Sync 1 DAGs
[2026-04-27T23:18:11.593+0000] {logging_mixin.py:190} INFO - [2026-04-27T23:18:11.592+0000] {dag.py:4180} INFO - Setting next_dagrun for example_complex to None, run_after=None
[2026-04-27T23:18:11.614+0000] {processor.py:208} INFO - Processing /usr/local/python/3.12.1/lib/python3.12/site-packages/airflow/example_dags/example_complex.py took 0.083 seconds
[2026-04-27T23:19:30.495+0000] {processor.py:186} INFO - Started process (PID=43613) to work on /usr/local/python/3.12.1/lib/python3.12/site-packages/airflow/example_dags/example_complex.py
[2026-04-27T23:19:30.496+0000] {processor.py:914} INFO - Processing file /usr/local/python/3.12.1/lib/python3.12/site-packages/airflow/example_dags/example_complex.py for tasks to queue
[2026-04-27T23:19:30.498+0000] {logging_mixin.py:190} INFO - [2026-04-27T23:19:30.497+0000] {dagbag.py:588} INFO - Filling up the DagBag from /usr/local/python/3.12.1/lib/python3.12/site-packages/airflow/example_dags/example_complex.py
[2026-04-27T23:19:30.507+0000] {processor.py:925} INFO - DAG(s) 'example_complex' retrieved from /usr/local/python/3.12.1/lib/python3.12/site-packages/airflow/example_dags/example_complex.py
[2026-04-27T23:19:30.529+0000] {logging_mixin.py:190} INFO - [2026-04-27T23:19:30.529+0000] {dag.py:3239} INFO - Sync 1 DAGs
[2026-04-27T23:19:30.542+0000] {logging_mixin.py:190} INFO - [2026-04-27T23:19:30.541+0000] {dag.py:4180} INFO - Setting next_dagrun for example_complex to None, run_after=None
[2026-04-27T23:19:30.558+0000] {processor.py:208} INFO - Processing /usr/local/python/3.12.1/lib/python3.12/site-packages/airflow/example_dags/example_complex.py took 0.067 seconds
[2026-04-27T23:20:51.656+0000] {processor.py:186} INFO - Started process (PID=44590) to work on /usr/local/python/3.12.1/lib/python3.12/site-packages/airflow/example_dags/example_complex.py
[2026-04-27T23:20:51.657+0000] {processor.py:914} INFO - Processing file /usr/local/python/3.12.1/lib/python3.12/site-packages/airflow/example_dags/example_complex.py for tasks to queue
[2026-04-27T23:20:51.659+0000] {logging_mixin.py:190} INFO - [2026-04-27T23:20:51.658+0000] {dagbag.py:588} INFO - Filling up the DagBag from /usr/local/python/3.12.1/lib/python3.12/site-packages/airflow/example_dags/example_complex.py
[2026-04-27T23:20:51.669+0000] {processor.py:925} INFO - DAG(s) 'example_complex' retrieved from /usr/local/python/3.12.1/lib/python3.12/site-packages/airflow/example_dags/example_complex.py
[2026-04-27T23:20:51.690+0000] {logging_mixin.py:190} INFO - [2026-04-27T23:20:51.690+0000] {dag.py:3239} INFO - Sync 1 DAGs
[2026-04-27T23:20:51.700+0000] {logging_mixin.py:190} INFO - [2026-04-27T23:20:51.700+0000] {dag.py:4180} INFO - Setting next_dagrun for example_complex to None, run_after=None
[2026-04-27T23:20:51.720+0000] {processor.py:208} INFO - Processing /usr/local/python/3.12.1/lib/python3.12/site-packages/airflow/example_dags/example_complex.py took 0.068 seconds
[2026-04-27T23:22:13.982+0000] {processor.py:186} INFO - Started process (PID=45465) to work on /usr/local/python/3.12.1/lib/python3.12/site-packages/airflow/example_dags/example_complex.py
[2026-04-27T23:22:13.982+0000] {processor.py:914} INFO - Processing file /usr/local/python/3.12.1/lib/python3.12/site-packages/airflow/example_dags/example_complex.py for tasks to queue
[2026-04-27T23:22:13.984+0000] {logging_mixin.py:190} INFO - [2026-04-27T23:22:13.984+0000] {dagbag.py:588} INFO - Filling up the DagBag from /usr/local/python/3.12.1/lib/python3.12/site-packages/airflow/example_dags/example_complex.py
[2026-04-27T23:22:13.993+0000] {processor.py:925} INFO - DAG(s) 'example_complex' retrieved from /usr/local/python/3.12.1/lib/python3.12/site-packages/airflow/example_dags/example_complex.py
[2026-04-27T23:22:14.015+0000] {logging_mixin.py:190} INFO - [2026-04-27T23:22:14.015+0000] {dag.py:3239} INFO - Sync 1 DAGs
[2026-04-27T23:22:14.025+0000] {logging_mixin.py:190} INFO - [2026-04-27T23:22:14.025+0000] {dag.py:4180} INFO - Setting next_dagrun for example_complex to None, run_after=None
[2026-04-27T23:22:14.158+0000] {processor.py:208} INFO - Processing /usr/local/python/3.12.1/lib/python3.12/site-packages/airflow/example_dags/example_complex.py took 0.181 seconds
[2026-04-27T23:23:38.779+0000] {processor.py:186} INFO - Started process (PID=46344) to work on /usr/local/python/3.12.1/lib/python3.12/site-packages/airflow/example_dags/example_complex.py
[2026-04-27T23:23:38.780+0000] {processor.py:914} INFO - Processing file /usr/local/python/3.12.1/lib/python3.12/site-packages/airflow/example_dags/example_complex.py for tasks to queue
[2026-04-27T23:23:38.782+0000] {logging_mixin.py:190} INFO - [2026-04-27T23:23:38.781+0000] {dagbag.py:588} INFO - Filling up the DagBag from /usr/local/python/3.12.1/lib/python3.12/site-packages/airflow/example_dags/example_complex.py
[2026-04-27T23:23:38.791+0000] {processor.py:925} INFO - DAG(s) 'example_complex' retrieved from /usr/local/python/3.12.1/lib/python3.12/site-packages/airflow/example_dags/example_complex.py
[2026-04-27T23:23:38.813+0000] {logging_mixin.py:190} INFO - [2026-04-27T23:23:38.813+0000] {dag.py:3239} INFO - Sync 1 DAGs
[2026-04-27T23:23:38.822+0000] {logging_mixin.py:190} INFO - [2026-04-27T23:23:38.822+0000] {dag.py:4180} INFO - Setting next_dagrun for example_complex to None, run_after=None
[2026-04-27T23:23:38.841+0000] {processor.py:208} INFO - Processing /usr/local/python/3.12.1/lib/python3.12/site-packages/airflow/example_dags/example_complex.py took 0.067 seconds
[2026-04-27T23:25:09.339+0000] {processor.py:186} INFO - Started process (PID=47411) to work on /usr/local/python/3.12.1/lib/python3.12/site-packages/airflow/example_dags/example_complex.py
[2026-04-27T23:25:09.340+0000] {processor.py:914} INFO - Processing file /usr/local/python/3.12.1/lib/python3.12/site-packages/airflow/example_dags/example_complex.py for tasks to queue
[2026-04-27T23:25:09.342+0000] {logging_mixin.py:190} INFO - [2026-04-27T23:25:09.342+0000] {dagbag.py:588} INFO - Filling up the DagBag from /usr/local/python/3.12.1/lib/python3.12/site-packages/airflow/example_dags/example_complex.py
[2026-04-27T23:25:09.352+0000] {processor.py:925} INFO - DAG(s) 'example_complex' retrieved from /usr/local/python/3.12.1/lib/python3.12/site-packages/airflow/example_dags/example_complex.py
[2026-04-27T23:25:09.372+0000] {logging_mixin.py:190} INFO - [2026-04-27T23:25:09.372+0000] {dag.py:3239} INFO - Sync 1 DAGs
[2026-04-27T23:25:09.381+0000] {logging_mixin.py:190} INFO - [2026-04-27T23:25:09.381+0000] {dag.py:4180} INFO - Setting next_dagrun for example_complex to None, run_after=None
[2026-04-27T23:25:09.398+0000] {processor.py:208} INFO - Processing /usr/local/python/3.12.1/lib/python3.12/site-packages/airflow/example_dags/example_complex.py took 0.064 seconds
[2026-04-27T23:26:33.412+0000] {processor.py:186} INFO - Started process (PID=48231) to work on /usr/local/python/3.12.1/lib/python3.12/site-packages/airflow/example_dags/example_complex.py
[2026-04-27T23:26:33.413+0000] {processor.py:914} INFO - Processing file /usr/local/python/3.12.1/lib/python3.12/site-packages/airflow/example_dags/example_complex.py for tasks to queue
[2026-04-27T23:26:33.415+0000] {logging_mixin.py:190} INFO - [2026-04-27T23:26:33.415+0000] {dagbag.py:588} INFO - Filling up the DagBag from /usr/local/python/3.12.1/lib/python3.12/site-packages/airflow/example_dags/example_complex.py
[2026-04-27T23:26:33.430+0000] {processor.py:925} INFO - DAG(s) 'example_complex' retrieved from /usr/local/python/3.12.1/lib/python3.12/site-packages/airflow/example_dags/example_complex.py
[2026-04-27T23:26:33.456+0000] {logging_mixin.py:190} INFO - [2026-04-27T23:26:33.456+0000] {dag.py:3239} INFO - Sync 1 DAGs
[2026-04-27T23:26:33.593+0000] {logging_mixin.py:190} INFO - [2026-04-27T23:26:33.592+0000] {dag.py:4180} INFO - Setting next_dagrun for example_complex to None, run_after=None
[2026-04-27T23:26:33.608+0000] {processor.py:208} INFO - Processing /usr/local/python/3.12.1/lib/python3.12/site-packages/airflow/example_dags/example_complex.py took 0.201 seconds
[2026-04-27T23:28:02.219+0000] {processor.py:186} INFO - Started process (PID=49282) to work on /usr/local/python/3.12.1/lib/python3.12/site-packages/airflow/example_dags/example_complex.py
[2026-04-27T23:28:02.219+0000] {processor.py:914} INFO - Processing file /usr/local/python/3.12.1/lib/python3.12/site-packages/airflow/example_dags/example_complex.py for tasks to queue
[2026-04-27T23:28:02.221+0000] {logging_mixin.py:190} INFO - [2026-04-27T23:28:02.221+0000] {dagbag.py:588} INFO - Filling up the DagBag from /usr/local/python/3.12.1/lib/python3.12/site-packages/airflow/example_dags/example_complex.py
[2026-04-27T23:28:02.232+0000] {processor.py:925} INFO - DAG(s) 'example_complex' retrieved from /usr/local/python/3.12.1/lib/python3.12/site-packages/airflow/example_dags/example_complex.py
[2026-04-27T23:28:02.255+0000] {logging_mixin.py:190} INFO - [2026-04-27T23:28:02.255+0000] {dag.py:3239} INFO - Sync 1 DAGs
[2026-04-27T23:28:02.265+0000] {logging_mixin.py:190} INFO - [2026-04-27T23:28:02.265+0000] {dag.py:4180} INFO - Setting next_dagrun for example_complex to None, run_after=None
[2026-04-27T23:28:02.282+0000] {processor.py:208} INFO - Processing /usr/local/python/3.12.1/lib/python3.12/site-packages/airflow/example_dags/example_complex.py took 0.067 seconds
[2026-04-27T23:29:33.535+0000] {processor.py:186} INFO - Started process (PID=50176) to work on /usr/local/python/3.12.1/lib/python3.12/site-packages/airflow/example_dags/example_complex.py
[2026-04-27T23:29:33.536+0000] {processor.py:914} INFO - Processing file /usr/local/python/3.12.1/lib/python3.12/site-packages/airflow/example_dags/example_complex.py for tasks to queue
[2026-04-27T23:29:33.537+0000] {logging_mixin.py:190} INFO - [2026-04-27T23:29:33.537+0000] {dagbag.py:588} INFO - Filling up the DagBag from /usr/local/python/3.12.1/lib/python3.12/site-packages/airflow/example_dags/example_complex.py
[2026-04-27T23:29:33.547+0000] {processor.py:925} INFO - DAG(s) 'example_complex' retrieved from /usr/local/python/3.12.1/lib/python3.12/site-packages/airflow/example_dags/example_complex.py
[2026-04-27T23:29:33.571+0000] {logging_mixin.py:190} INFO - [2026-04-27T23:29:33.571+0000] {dag.py:3239} INFO - Sync 1 DAGs
[2026-04-27T23:29:33.580+0000] {logging_mixin.py:190} INFO - [2026-04-27T23:29:33.580+0000] {dag.py:4180} INFO - Setting next_dagrun for example_complex to None, run_after=None
[2026-04-27T23:29:33.596+0000] {processor.py:208} INFO - Processing /usr/local/python/3.12.1/lib/python3.12/site-packages/airflow/example_dags/example_complex.py took 0.066 seconds
[2026-04-27T23:30:57.767+0000] {processor.py:186} INFO - Started process (PID=51180) to work on /usr/local/python/3.12.1/lib/python3.12/site-packages/airflow/example_dags/example_complex.py
[2026-04-27T23:30:57.768+0000] {processor.py:914} INFO - Processing file /usr/local/python/3.12.1/lib/python3.12/site-packages/airflow/example_dags/example_complex.py for tasks to queue
[2026-04-27T23:30:57.770+0000] {logging_mixin.py:190} INFO - [2026-04-27T23:30:57.770+0000] {dagbag.py:588} INFO - Filling up the DagBag from /usr/local/python/3.12.1/lib/python3.12/site-packages/airflow/example_dags/example_complex.py
[2026-04-27T23:30:57.784+0000] {processor.py:925} INFO - DAG(s) 'example_complex' retrieved from /usr/local/python/3.12.1/lib/python3.12/site-packages/airflow/example_dags/example_complex.py
[2026-04-27T23:30:57.817+0000] {logging_mixin.py:190} INFO - [2026-04-27T23:30:57.817+0000] {dag.py:3239} INFO - Sync 1 DAGs
[2026-04-27T23:30:57.985+0000] {logging_mixin.py:190} INFO - [2026-04-27T23:30:57.984+0000] {dag.py:4180} INFO - Setting next_dagrun for example_complex to None, run_after=None
[2026-04-27T23:30:58.000+0000] {processor.py:208} INFO - Processing /usr/local/python/3.12.1/lib/python3.12/site-packages/airflow/example_dags/example_complex.py took 0.239 seconds
[2026-04-27T23:32:33.542+0000] {processor.py:186} INFO - Started process (PID=52147) to work on /usr/local/python/3.12.1/lib/python3.12/site-packages/airflow/example_dags/example_complex.py
[2026-04-27T23:32:33.542+0000] {processor.py:914} INFO - Processing file /usr/local/python/3.12.1/lib/python3.12/site-packages/airflow/example_dags/example_complex.py for tasks to queue
[2026-04-27T23:32:33.545+0000] {logging_mixin.py:190} INFO - [2026-04-27T23:32:33.544+0000] {dagbag.py:588} INFO - Filling up the DagBag from /usr/local/python/3.12.1/lib/python3.12/site-packages/airflow/example_dags/example_complex.py
[2026-04-27T23:32:33.557+0000] {processor.py:925} INFO - DAG(s) 'example_complex' retrieved from /usr/local/python/3.12.1/lib/python3.12/site-packages/airflow/example_dags/example_complex.py
[2026-04-27T23:32:33.578+0000] {logging_mixin.py:190} INFO - [2026-04-27T23:32:33.577+0000] {dag.py:3239} INFO - Sync 1 DAGs
[2026-04-27T23:32:33.587+0000] {logging_mixin.py:190} INFO - [2026-04-27T23:32:33.587+0000] {dag.py:4180} INFO - Setting next_dagrun for example_complex to None, run_after=None
[2026-04-27T23:32:33.603+0000] {processor.py:208} INFO - Processing /usr/local/python/3.12.1/lib/python3.12/site-packages/airflow/example_dags/example_complex.py took 0.067 seconds
[2026-04-27T23:33:54.850+0000] {processor.py:186} INFO - Started process (PID=53080) to work on /usr/local/python/3.12.1/lib/python3.12/site-packages/airflow/example_dags/example_complex.py
[2026-04-27T23:33:54.851+0000] {processor.py:914} INFO - Processing file /usr/local/python/3.12.1/lib/python3.12/site-packages/airflow/example_dags/example_complex.py for tasks to queue
[2026-04-27T23:33:54.853+0000] {logging_mixin.py:190} INFO - [2026-04-27T23:33:54.852+0000] {dagbag.py:588} INFO - Filling up the DagBag from /usr/local/python/3.12.1/lib/python3.12/site-packages/airflow/example_dags/example_complex.py
[2026-04-27T23:33:54.862+0000] {processor.py:925} INFO - DAG(s) 'example_complex' retrieved from /usr/local/python/3.12.1/lib/python3.12/site-packages/airflow/example_dags/example_complex.py
[2026-04-27T23:33:54.883+0000] {logging_mixin.py:190} INFO - [2026-04-27T23:33:54.883+0000] {dag.py:3239} INFO - Sync 1 DAGs
[2026-04-27T23:33:54.899+0000] {logging_mixin.py:190} INFO - [2026-04-27T23:33:54.899+0000] {dag.py:4180} INFO - Setting next_dagrun for example_complex to None, run_after=None
[2026-04-27T23:33:54.921+0000] {processor.py:208} INFO - Processing /usr/local/python/3.12.1/lib/python3.12/site-packages/airflow/example_dags/example_complex.py took 0.075 seconds
[2026-04-27T23:35:12.360+0000] {processor.py:186} INFO - Started process (PID=53987) to work on /usr/local/python/3.12.1/lib/python3.12/site-packages/airflow/example_dags/example_complex.py
[2026-04-27T23:35:12.361+0000] {processor.py:914} INFO - Processing file /usr/local/python/3.12.1/lib/python3.12/site-packages/airflow/example_dags/example_complex.py for tasks to queue
[2026-04-27T23:35:12.363+0000] {logging_mixin.py:190} INFO - [2026-04-27T23:35:12.362+0000] {dagbag.py:588} INFO - Filling up the DagBag from /usr/local/python/3.12.1/lib/python3.12/site-packages/airflow/example_dags/example_complex.py
[2026-04-27T23:35:12.372+0000] {processor.py:925} INFO - DAG(s) 'example_complex' retrieved from /usr/local/python/3.12.1/lib/python3.12/site-packages/airflow/example_dags/example_complex.py
[2026-04-27T23:35:12.395+0000] {logging_mixin.py:190} INFO - [2026-04-27T23:35:12.394+0000] {dag.py:3239} INFO - Sync 1 DAGs
[2026-04-27T23:35:12.407+0000] {logging_mixin.py:190} INFO - [2026-04-27T23:35:12.406+0000] {dag.py:4180} INFO - Setting next_dagrun for example_complex to None, run_after=None
[2026-04-27T23:35:12.427+0000] {processor.py:208} INFO - Processing /usr/local/python/3.12.1/lib/python3.12/site-packages/airflow/example_dags/example_complex.py took 0.071 seconds
[2026-04-27T23:36:32.909+0000] {processor.py:186} INFO - Started process (PID=54782) to work on /usr/local/python/3.12.1/lib/python3.12/site-packages/airflow/example_dags/example_complex.py
[2026-04-27T23:36:32.910+0000] {processor.py:914} INFO - Processing file /usr/local/python/3.12.1/lib/python3.12/site-packages/airflow/example_dags/example_complex.py for tasks to queue
[2026-04-27T23:36:32.912+0000] {logging_mixin.py:190} INFO - [2026-04-27T23:36:32.912+0000] {dagbag.py:588} INFO - Filling up the DagBag from /usr/local/python/3.12.1/lib/python3.12/site-packages/airflow/example_dags/example_complex.py
[2026-04-27T23:36:32.921+0000] {processor.py:925} INFO - DAG(s) 'example_complex' retrieved from /usr/local/python/3.12.1/lib/python3.12/site-packages/airflow/example_dags/example_complex.py
[2026-04-27T23:36:32.949+0000] {logging_mixin.py:190} INFO - [2026-04-27T23:36:32.949+0000] {dag.py:3239} INFO - Sync 1 DAGs
[2026-04-27T23:36:32.958+0000] {logging_mixin.py:190} INFO - [2026-04-27T23:36:32.958+0000] {dag.py:4180} INFO - Setting next_dagrun for example_complex to None, run_after=None
[2026-04-27T23:36:32.975+0000] {processor.py:208} INFO - Processing /usr/local/python/3.12.1/lib/python3.12/site-packages/airflow/example_dags/example_complex.py took 0.070 seconds
[2026-04-27T23:37:55.272+0000] {processor.py:186} INFO - Started process (PID=55723) to work on /usr/local/python/3.12.1/lib/python3.12/site-packages/airflow/example_dags/example_complex.py
[2026-04-27T23:37:55.273+0000] {processor.py:914} INFO - Processing file /usr/local/python/3.12.1/lib/python3.12/site-packages/airflow/example_dags/example_complex.py for tasks to queue
[2026-04-27T23:37:55.275+0000] {logging_mixin.py:190} INFO - [2026-04-27T23:37:55.274+0000] {dagbag.py:588} INFO - Filling up the DagBag from /usr/local/python/3.12.1/lib/python3.12/site-packages/airflow/example_dags/example_complex.py
[2026-04-27T23:37:55.284+0000] {processor.py:925} INFO - DAG(s) 'example_complex' retrieved from /usr/local/python/3.12.1/lib/python3.12/site-packages/airflow/example_dags/example_complex.py
[2026-04-27T23:37:55.305+0000] {logging_mixin.py:190} INFO - [2026-04-27T23:37:55.305+0000] {dag.py:3239} INFO - Sync 1 DAGs
[2026-04-27T23:37:55.315+0000] {logging_mixin.py:190} INFO - [2026-04-27T23:37:55.314+0000] {dag.py:4180} INFO - Setting next_dagrun for example_complex to None, run_after=None
[2026-04-27T23:37:55.334+0000] {processor.py:208} INFO - Processing /usr/local/python/3.12.1/lib/python3.12/site-packages/airflow/example_dags/example_complex.py took 0.066 seconds
[2026-04-27T23:39:13.843+0000] {processor.py:186} INFO - Started process (PID=56578) to work on /usr/local/python/3.12.1/lib/python3.12/site-packages/airflow/example_dags/example_complex.py
[2026-04-27T23:39:13.844+0000] {processor.py:914} INFO - Processing file /usr/local/python/3.12.1/lib/python3.12/site-packages/airflow/example_dags/example_complex.py for tasks to queue
[2026-04-27T23:39:13.846+0000] {logging_mixin.py:190} INFO - [2026-04-27T23:39:13.845+0000] {dagbag.py:588} INFO - Filling up the DagBag from /usr/local/python/3.12.1/lib/python3.12/site-packages/airflow/example_dags/example_complex.py
[2026-04-27T23:39:13.855+0000] {processor.py:925} INFO - DAG(s) 'example_complex' retrieved from /usr/local/python/3.12.1/lib/python3.12/site-packages/airflow/example_dags/example_complex.py
[2026-04-27T23:39:13.879+0000] {logging_mixin.py:190} INFO - [2026-04-27T23:39:13.878+0000] {dag.py:3239} INFO - Sync 1 DAGs
[2026-04-27T23:39:13.890+0000] {logging_mixin.py:190} INFO - [2026-04-27T23:39:13.890+0000] {dag.py:4180} INFO - Setting next_dagrun for example_complex to None, run_after=None
[2026-04-27T23:39:13.908+0000] {processor.py:208} INFO - Processing /usr/local/python/3.12.1/lib/python3.12/site-packages/airflow/example_dags/example_complex.py took 0.070 seconds
[2026-04-27T23:40:36.383+0000] {processor.py:186} INFO - Started process (PID=57496) to work on /usr/local/python/3.12.1/lib/python3.12/site-packages/airflow/example_dags/example_complex.py
[2026-04-27T23:40:36.384+0000] {processor.py:914} INFO - Processing file /usr/local/python/3.12.1/lib/python3.12/site-packages/airflow/example_dags/example_complex.py for tasks to queue
[2026-04-27T23:40:36.386+0000] {logging_mixin.py:190} INFO - [2026-04-27T23:40:36.386+0000] {dagbag.py:588} INFO - Filling up the DagBag from /usr/local/python/3.12.1/lib/python3.12/site-packages/airflow/example_dags/example_complex.py
[2026-04-27T23:40:36.402+0000] {processor.py:925} INFO - DAG(s) 'example_complex' retrieved from /usr/local/python/3.12.1/lib/python3.12/site-packages/airflow/example_dags/example_complex.py
[2026-04-27T23:40:36.457+0000] {logging_mixin.py:190} INFO - [2026-04-27T23:40:36.457+0000] {dag.py:3239} INFO - Sync 1 DAGs
[2026-04-27T23:40:36.470+0000] {logging_mixin.py:190} INFO - [2026-04-27T23:40:36.470+0000] {dag.py:4180} INFO - Setting next_dagrun for example_complex to None, run_after=None
[2026-04-27T23:40:36.507+0000] {processor.py:208} INFO - Processing /usr/local/python/3.12.1/lib/python3.12/site-packages/airflow/example_dags/example_complex.py took 0.129 seconds
[2026-04-27T23:41:55.018+0000] {processor.py:186} INFO - Started process (PID=58409) to work on /usr/local/python/3.12.1/lib/python3.12/site-packages/airflow/example_dags/example_complex.py
[2026-04-27T23:41:55.018+0000] {processor.py:914} INFO - Processing file /usr/local/python/3.12.1/lib/python3.12/site-packages/airflow/example_dags/example_complex.py for tasks to queue
[2026-04-27T23:41:55.020+0000] {logging_mixin.py:190} INFO - [2026-04-27T23:41:55.020+0000] {dagbag.py:588} INFO - Filling up the DagBag from /usr/local/python/3.12.1/lib/python3.12/site-packages/airflow/example_dags/example_complex.py
[2026-04-27T23:41:55.032+0000] {processor.py:925} INFO - DAG(s) 'example_complex' retrieved from /usr/local/python/3.12.1/lib/python3.12/site-packages/airflow/example_dags/example_complex.py
[2026-04-27T23:41:55.057+0000] {logging_mixin.py:190} INFO - [2026-04-27T23:41:55.056+0000] {dag.py:3239} INFO - Sync 1 DAGs
[2026-04-27T23:41:55.067+0000] {logging_mixin.py:190} INFO - [2026-04-27T23:41:55.067+0000] {dag.py:4180} INFO - Setting next_dagrun for example_complex to None, run_after=None
[2026-04-27T23:41:55.084+0000] {processor.py:208} INFO - Processing /usr/local/python/3.12.1/lib/python3.12/site-packages/airflow/example_dags/example_complex.py took 0.071 seconds
[2026-04-27T23:43:11.339+0000] {processor.py:186} INFO - Started process (PID=59232) to work on /usr/local/python/3.12.1/lib/python3.12/site-packages/airflow/example_dags/example_complex.py
[2026-04-27T23:43:11.340+0000] {processor.py:914} INFO - Processing file /usr/local/python/3.12.1/lib/python3.12/site-packages/airflow/example_dags/example_complex.py for tasks to queue
[2026-04-27T23:43:11.342+0000] {logging_mixin.py:190} INFO - [2026-04-27T23:43:11.342+0000] {dagbag.py:588} INFO - Filling up the DagBag from /usr/local/python/3.12.1/lib/python3.12/site-packages/airflow/example_dags/example_complex.py
[2026-04-27T23:43:11.356+0000] {processor.py:925} INFO - DAG(s) 'example_complex' retrieved from /usr/local/python/3.12.1/lib/python3.12/site-packages/airflow/example_dags/example_complex.py
[2026-04-27T23:43:11.377+0000] {logging_mixin.py:190} INFO - [2026-04-27T23:43:11.376+0000] {dag.py:3239} INFO - Sync 1 DAGs
[2026-04-27T23:43:11.387+0000] {logging_mixin.py:190} INFO - [2026-04-27T23:43:11.386+0000] {dag.py:4180} INFO - Setting next_dagrun for example_complex to None, run_after=None
[2026-04-27T23:43:11.403+0000] {processor.py:208} INFO - Processing /usr/local/python/3.12.1/lib/python3.12/site-packages/airflow/example_dags/example_complex.py took 0.069 seconds
[2026-04-27T23:44:31.759+0000] {processor.py:186} INFO - Started process (PID=60037) to work on /usr/local/python/3.12.1/lib/python3.12/site-packages/airflow/example_dags/example_complex.py
[2026-04-27T23:44:31.760+0000] {processor.py:914} INFO - Processing file /usr/local/python/3.12.1/lib/python3.12/site-packages/airflow/example_dags/example_complex.py for tasks to queue
[2026-04-27T23:44:31.762+0000] {logging_mixin.py:190} INFO - [2026-04-27T23:44:31.761+0000] {dagbag.py:588} INFO - Filling up the DagBag from /usr/local/python/3.12.1/lib/python3.12/site-packages/airflow/example_dags/example_complex.py
[2026-04-27T23:44:31.771+0000] {processor.py:925} INFO - DAG(s) 'example_complex' retrieved from /usr/local/python/3.12.1/lib/python3.12/site-packages/airflow/example_dags/example_complex.py
[2026-04-27T23:44:31.791+0000] {logging_mixin.py:190} INFO - [2026-04-27T23:44:31.791+0000] {dag.py:3239} INFO - Sync 1 DAGs
[2026-04-27T23:44:31.801+0000] {logging_mixin.py:190} INFO - [2026-04-27T23:44:31.801+0000] {dag.py:4180} INFO - Setting next_dagrun for example_complex to None, run_after=None
[2026-04-27T23:44:31.818+0000] {processor.py:208} INFO - Processing /usr/local/python/3.12.1/lib/python3.12/site-packages/airflow/example_dags/example_complex.py took 0.063 seconds
[2026-04-27T23:45:52.300+0000] {processor.py:186} INFO - Started process (PID=61024) to work on /usr/local/python/3.12.1/lib/python3.12/site-packages/airflow/example_dags/example_complex.py
[2026-04-27T23:45:52.301+0000] {processor.py:914} INFO - Processing file /usr/local/python/3.12.1/lib/python3.12/site-packages/airflow/example_dags/example_complex.py for tasks to queue
[2026-04-27T23:45:52.303+0000] {logging_mixin.py:190} INFO - [2026-04-27T23:45:52.303+0000] {dagbag.py:588} INFO - Filling up the DagBag from /usr/local/python/3.12.1/lib/python3.12/site-packages/airflow/example_dags/example_complex.py
[2026-04-27T23:45:52.313+0000] {processor.py:925} INFO - DAG(s) 'example_complex' retrieved from /usr/local/python/3.12.1/lib/python3.12/site-packages/airflow/example_dags/example_complex.py
[2026-04-27T23:45:52.342+0000] {logging_mixin.py:190} INFO - [2026-04-27T23:45:52.341+0000] {dag.py:3239} INFO - Sync 1 DAGs
[2026-04-27T23:45:52.353+0000] {logging_mixin.py:190} INFO - [2026-04-27T23:45:52.352+0000] {dag.py:4180} INFO - Setting next_dagrun for example_complex to None, run_after=None
[2026-04-27T23:45:52.371+0000] {processor.py:208} INFO - Processing /usr/local/python/3.12.1/lib/python3.12/site-packages/airflow/example_dags/example_complex.py took 0.078 seconds
[2026-04-27T23:47:10.004+0000] {processor.py:186} INFO - Started process (PID=61794) to work on /usr/local/python/3.12.1/lib/python3.12/site-packages/airflow/example_dags/example_complex.py
[2026-04-27T23:47:10.005+0000] {processor.py:914} INFO - Processing file /usr/local/python/3.12.1/lib/python3.12/site-packages/airflow/example_dags/example_complex.py for tasks to queue
[2026-04-27T23:47:10.006+0000] {logging_mixin.py:190} INFO - [2026-04-27T23:47:10.006+0000] {dagbag.py:588} INFO - Filling up the DagBag from /usr/local/python/3.12.1/lib/python3.12/site-packages/airflow/example_dags/example_complex.py
[2026-04-27T23:47:10.016+0000] {processor.py:925} INFO - DAG(s) 'example_complex' retrieved from /usr/local/python/3.12.1/lib/python3.12/site-packages/airflow/example_dags/example_complex.py
[2026-04-27T23:47:10.046+0000] {logging_mixin.py:190} INFO - [2026-04-27T23:47:10.045+0000] {dag.py:3239} INFO - Sync 1 DAGs
[2026-04-27T23:47:10.056+0000] {logging_mixin.py:190} INFO - [2026-04-27T23:47:10.055+0000] {dag.py:4180} INFO - Setting next_dagrun for example_complex to None, run_after=None
[2026-04-27T23:47:10.072+0000] {processor.py:208} INFO - Processing /usr/local/python/3.12.1/lib/python3.12/site-packages/airflow/example_dags/example_complex.py took 0.072 seconds
[2026-04-27T23:48:29.974+0000] {processor.py:186} INFO - Started process (PID=62593) to work on /usr/local/python/3.12.1/lib/python3.12/site-packages/airflow/example_dags/example_complex.py
[2026-04-27T23:48:29.975+0000] {processor.py:914} INFO - Processing file /usr/local/python/3.12.1/lib/python3.12/site-packages/airflow/example_dags/example_complex.py for tasks to queue
[2026-04-27T23:48:29.977+0000] {logging_mixin.py:190} INFO - [2026-04-27T23:48:29.977+0000] {dagbag.py:588} INFO - Filling up the DagBag from /usr/local/python/3.12.1/lib/python3.12/site-packages/airflow/example_dags/example_complex.py
[2026-04-27T23:48:29.990+0000] {processor.py:925} INFO - DAG(s) 'example_complex' retrieved from /usr/local/python/3.12.1/lib/python3.12/site-packages/airflow/example_dags/example_complex.py
[2026-04-27T23:48:30.010+0000] {logging_mixin.py:190} INFO - [2026-04-27T23:48:30.010+0000] {dag.py:3239} INFO - Sync 1 DAGs
[2026-04-27T23:48:30.019+0000] {logging_mixin.py:190} INFO - [2026-04-27T23:48:30.019+0000] {dag.py:4180} INFO - Setting next_dagrun for example_complex to None, run_after=None
[2026-04-27T23:48:30.037+0000] {processor.py:208} INFO - Processing /usr/local/python/3.12.1/lib/python3.12/site-packages/airflow/example_dags/example_complex.py took 0.069 seconds
[2026-04-27T23:49:47.642+0000] {processor.py:186} INFO - Started process (PID=63502) to work on /usr/local/python/3.12.1/lib/python3.12/site-packages/airflow/example_dags/example_complex.py
[2026-04-27T23:49:47.643+0000] {processor.py:914} INFO - Processing file /usr/local/python/3.12.1/lib/python3.12/site-packages/airflow/example_dags/example_complex.py for tasks to queue
[2026-04-27T23:49:47.646+0000] {logging_mixin.py:190} INFO - [2026-04-27T23:49:47.645+0000] {dagbag.py:588} INFO - Filling up the DagBag from /usr/local/python/3.12.1/lib/python3.12/site-packages/airflow/example_dags/example_complex.py
[2026-04-27T23:49:47.656+0000] {processor.py:925} INFO - DAG(s) 'example_complex' retrieved from /usr/local/python/3.12.1/lib/python3.12/site-packages/airflow/example_dags/example_complex.py
[2026-04-27T23:49:47.678+0000] {logging_mixin.py:190} INFO - [2026-04-27T23:49:47.678+0000] {dag.py:3239} INFO - Sync 1 DAGs
[2026-04-27T23:49:47.689+0000] {logging_mixin.py:190} INFO - [2026-04-27T23:49:47.689+0000] {dag.py:4180} INFO - Setting next_dagrun for example_complex to None, run_after=None
[2026-04-27T23:49:47.708+0000] {processor.py:208} INFO - Processing /usr/local/python/3.12.1/lib/python3.12/site-packages/airflow/example_dags/example_complex.py took 0.072 seconds
[2026-04-27T23:51:08.322+0000] {processor.py:186} INFO - Started process (PID=64437) to work on /usr/local/python/3.12.1/lib/python3.12/site-packages/airflow/example_dags/example_complex.py
[2026-04-27T23:51:08.323+0000] {processor.py:914} INFO - Processing file /usr/local/python/3.12.1/lib/python3.12/site-packages/airflow/example_dags/example_complex.py for tasks to queue
[2026-04-27T23:51:08.324+0000] {logging_mixin.py:190} INFO - [2026-04-27T23:51:08.324+0000] {dagbag.py:588} INFO - Filling up the DagBag from /usr/local/python/3.12.1/lib/python3.12/site-packages/airflow/example_dags/example_complex.py
[2026-04-27T23:51:08.336+0000] {processor.py:925} INFO - DAG(s) 'example_complex' retrieved from /usr/local/python/3.12.1/lib/python3.12/site-packages/airflow/example_dags/example_complex.py
[2026-04-27T23:51:08.360+0000] {logging_mixin.py:190} INFO - [2026-04-27T23:51:08.359+0000] {dag.py:3239} INFO - Sync 1 DAGs
[2026-04-27T23:51:08.369+0000] {logging_mixin.py:190} INFO - [2026-04-27T23:51:08.369+0000] {dag.py:4180} INFO - Setting next_dagrun for example_complex to None, run_after=None
[2026-04-27T23:51:08.385+0000] {processor.py:208} INFO - Processing /usr/local/python/3.12.1/lib/python3.12/site-packages/airflow/example_dags/example_complex.py took 0.068 seconds
[2026-04-27T23:52:26.899+0000] {processor.py:186} INFO - Started process (PID=65212) to work on /usr/local/python/3.12.1/lib/python3.12/site-packages/airflow/example_dags/example_complex.py
[2026-04-27T23:52:26.900+0000] {processor.py:914} INFO - Processing file /usr/local/python/3.12.1/lib/python3.12/site-packages/airflow/example_dags/example_complex.py for tasks to queue
[2026-04-27T23:52:26.915+0000] {logging_mixin.py:190} INFO - [2026-04-27T23:52:26.906+0000] {dagbag.py:588} INFO - Filling up the DagBag from /usr/local/python/3.12.1/lib/python3.12/site-packages/airflow/example_dags/example_complex.py
[2026-04-27T23:52:26.931+0000] {processor.py:925} INFO - DAG(s) 'example_complex' retrieved from /usr/local/python/3.12.1/lib/python3.12/site-packages/airflow/example_dags/example_complex.py
[2026-04-27T23:52:26.971+0000] {logging_mixin.py:190} INFO - [2026-04-27T23:52:26.971+0000] {dag.py:3239} INFO - Sync 1 DAGs
[2026-04-27T23:52:26.981+0000] {logging_mixin.py:190} INFO - [2026-04-27T23:52:26.980+0000] {dag.py:4180} INFO - Setting next_dagrun for example_complex to None, run_after=None
[2026-04-27T23:52:26.998+0000] {processor.py:208} INFO - Processing /usr/local/python/3.12.1/lib/python3.12/site-packages/airflow/example_dags/example_complex.py took 0.121 seconds
[2026-04-27T23:53:40.931+0000] {processor.py:186} INFO - Started process (PID=66078) to work on /usr/local/python/3.12.1/lib/python3.12/site-packages/airflow/example_dags/example_complex.py
[2026-04-27T23:53:40.932+0000] {processor.py:914} INFO - Processing file /usr/local/python/3.12.1/lib/python3.12/site-packages/airflow/example_dags/example_complex.py for tasks to queue
[2026-04-27T23:53:40.934+0000] {logging_mixin.py:190} INFO - [2026-04-27T23:53:40.933+0000] {dagbag.py:588} INFO - Filling up the DagBag from /usr/local/python/3.12.1/lib/python3.12/site-packages/airflow/example_dags/example_complex.py
[2026-04-27T23:53:40.960+0000] {processor.py:925} INFO - DAG(s) 'example_complex' retrieved from /usr/local/python/3.12.1/lib/python3.12/site-packages/airflow/example_dags/example_complex.py
[2026-04-27T23:53:41.011+0000] {logging_mixin.py:190} INFO - [2026-04-27T23:53:41.010+0000] {dag.py:3239} INFO - Sync 1 DAGs
[2026-04-27T23:53:41.027+0000] {logging_mixin.py:190} INFO - [2026-04-27T23:53:41.027+0000] {dag.py:4180} INFO - Setting next_dagrun for example_complex to None, run_after=None
[2026-04-27T23:53:41.154+0000] {processor.py:208} INFO - Processing /usr/local/python/3.12.1/lib/python3.12/site-packages/airflow/example_dags/example_complex.py took 0.229 seconds
[2026-04-27T23:55:01.135+0000] {processor.py:186} INFO - Started process (PID=66992) to work on /usr/local/python/3.12.1/lib/python3.12/site-packages/airflow/example_dags/example_complex.py
[2026-04-27T23:55:01.136+0000] {processor.py:914} INFO - Processing file /usr/local/python/3.12.1/lib/python3.12/site-packages/airflow/example_dags/example_complex.py for tasks to queue
[2026-04-27T23:55:01.138+0000] {logging_mixin.py:190} INFO - [2026-04-27T23:55:01.138+0000] {dagbag.py:588} INFO - Filling up the DagBag from /usr/local/python/3.12.1/lib/python3.12/site-packages/airflow/example_dags/example_complex.py
[2026-04-27T23:55:01.149+0000] {processor.py:925} INFO - DAG(s) 'example_complex' retrieved from /usr/local/python/3.12.1/lib/python3.12/site-packages/airflow/example_dags/example_complex.py
[2026-04-27T23:55:01.172+0000] {logging_mixin.py:190} INFO - [2026-04-27T23:55:01.171+0000] {dag.py:3239} INFO - Sync 1 DAGs
[2026-04-27T23:55:01.185+0000] {logging_mixin.py:190} INFO - [2026-04-27T23:55:01.184+0000] {dag.py:4180} INFO - Setting next_dagrun for example_complex to None, run_after=None
[2026-04-27T23:55:01.201+0000] {processor.py:208} INFO - Processing /usr/local/python/3.12.1/lib/python3.12/site-packages/airflow/example_dags/example_complex.py took 0.072 seconds
[2026-04-27T23:56:23.417+0000] {processor.py:186} INFO - Started process (PID=67874) to work on /usr/local/python/3.12.1/lib/python3.12/site-packages/airflow/example_dags/example_complex.py
[2026-04-27T23:56:23.418+0000] {processor.py:914} INFO - Processing file /usr/local/python/3.12.1/lib/python3.12/site-packages/airflow/example_dags/example_complex.py for tasks to queue
[2026-04-27T23:56:23.420+0000] {logging_mixin.py:190} INFO - [2026-04-27T23:56:23.419+0000] {dagbag.py:588} INFO - Filling up the DagBag from /usr/local/python/3.12.1/lib/python3.12/site-packages/airflow/example_dags/example_complex.py
[2026-04-27T23:56:23.432+0000] {processor.py:925} INFO - DAG(s) 'example_complex' retrieved from /usr/local/python/3.12.1/lib/python3.12/site-packages/airflow/example_dags/example_complex.py
[2026-04-27T23:56:23.459+0000] {logging_mixin.py:190} INFO - [2026-04-27T23:56:23.458+0000] {dag.py:3239} INFO - Sync 1 DAGs
[2026-04-27T23:56:23.469+0000] {logging_mixin.py:190} INFO - [2026-04-27T23:56:23.469+0000] {dag.py:4180} INFO - Setting next_dagrun for example_complex to None, run_after=None
[2026-04-27T23:56:23.486+0000] {processor.py:208} INFO - Processing /usr/local/python/3.12.1/lib/python3.12/site-packages/airflow/example_dags/example_complex.py took 0.074 seconds
[2026-04-27T23:57:41.035+0000] {processor.py:186} INFO - Started process (PID=68730) to work on /usr/local/python/3.12.1/lib/python3.12/site-packages/airflow/example_dags/example_complex.py
[2026-04-27T23:57:41.036+0000] {processor.py:914} INFO - Processing file /usr/local/python/3.12.1/lib/python3.12/site-packages/airflow/example_dags/example_complex.py for tasks to queue
[2026-04-27T23:57:41.039+0000] {logging_mixin.py:190} INFO - [2026-04-27T23:57:41.038+0000] {dagbag.py:588} INFO - Filling up the DagBag from /usr/local/python/3.12.1/lib/python3.12/site-packages/airflow/example_dags/example_complex.py
[2026-04-27T23:57:41.050+0000] {processor.py:925} INFO - DAG(s) 'example_complex' retrieved from /usr/local/python/3.12.1/lib/python3.12/site-packages/airflow/example_dags/example_complex.py
[2026-04-27T23:57:41.072+0000] {logging_mixin.py:190} INFO - [2026-04-27T23:57:41.072+0000] {dag.py:3239} INFO - Sync 1 DAGs
[2026-04-27T23:57:41.086+0000] {logging_mixin.py:190} INFO - [2026-04-27T23:57:41.085+0000] {dag.py:4180} INFO - Setting next_dagrun for example_complex to None, run_after=None
[2026-04-27T23:57:41.104+0000] {processor.py:208} INFO - Processing /usr/local/python/3.12.1/lib/python3.12/site-packages/airflow/example_dags/example_complex.py took 0.075 seconds
[2026-04-27T23:59:01.414+0000] {processor.py:186} INFO - Started process (PID=69599) to work on /usr/local/python/3.12.1/lib/python3.12/site-packages/airflow/example_dags/example_complex.py
[2026-04-27T23:59:01.415+0000] {processor.py:914} INFO - Processing file /usr/local/python/3.12.1/lib/python3.12/site-packages/airflow/example_dags/example_complex.py for tasks to queue
[2026-04-27T23:59:01.416+0000] {logging_mixin.py:190} INFO - [2026-04-27T23:59:01.416+0000] {dagbag.py:588} INFO - Filling up the DagBag from /usr/local/python/3.12.1/lib/python3.12/site-packages/airflow/example_dags/example_complex.py
[2026-04-27T23:59:01.427+0000] {processor.py:925} INFO - DAG(s) 'example_complex' retrieved from /usr/local/python/3.12.1/lib/python3.12/site-packages/airflow/example_dags/example_complex.py
[2026-04-27T23:59:01.456+0000] {logging_mixin.py:190} INFO - [2026-04-27T23:59:01.456+0000] {dag.py:3239} INFO - Sync 1 DAGs
[2026-04-27T23:59:01.466+0000] {logging_mixin.py:190} INFO - [2026-04-27T23:59:01.466+0000] {dag.py:4180} INFO - Setting next_dagrun for example_complex to None, run_after=None
[2026-04-27T23:59:01.483+0000] {processor.py:208} INFO - Processing /usr/local/python/3.12.1/lib/python3.12/site-packages/airflow/example_dags/example_complex.py took 0.074 seconds
