[2026-04-27T22:25:47.798+0000] {processor.py:186} INFO - Started process (PID=5361) to work on /usr/local/python/3.12.1/lib/python3.12/site-packages/airflow/example_dags/example_params_ui_tutorial.py
[2026-04-27T22:25:47.799+0000] {processor.py:914} INFO - Processing file /usr/local/python/3.12.1/lib/python3.12/site-packages/airflow/example_dags/example_params_ui_tutorial.py for tasks to queue
[2026-04-27T22:25:47.800+0000] {logging_mixin.py:190} INFO - [2026-04-27T22:25:47.800+0000] {dagbag.py:588} INFO - Filling up the DagBag from /usr/local/python/3.12.1/lib/python3.12/site-packages/airflow/example_dags/example_params_ui_tutorial.py
[2026-04-27T22:25:47.807+0000] {processor.py:925} INFO - DAG(s) 'example_params_ui_tutorial' retrieved from /usr/local/python/3.12.1/lib/python3.12/site-packages/airflow/example_dags/example_params_ui_tutorial.py
[2026-04-27T22:25:47.919+0000] {logging_mixin.py:190} INFO - [2026-04-27T22:25:47.918+0000] {dag.py:3239} INFO - Sync 1 DAGs
[2026-04-27T22:25:47.927+0000] {logging_mixin.py:190} INFO - [2026-04-27T22:25:47.926+0000] {dag.py:4180} INFO - Setting next_dagrun for example_params_ui_tutorial to None, run_after=None
[2026-04-27T22:25:47.943+0000] {processor.py:208} INFO - Processing /usr/local/python/3.12.1/lib/python3.12/site-packages/airflow/example_dags/example_params_ui_tutorial.py took 0.149 seconds
[2026-04-27T22:27:10.086+0000] {processor.py:186} INFO - Started process (PID=7074) to work on /usr/local/python/3.12.1/lib/python3.12/site-packages/airflow/example_dags/example_params_ui_tutorial.py
[2026-04-27T22:27:10.087+0000] {processor.py:914} INFO - Processing file /usr/local/python/3.12.1/lib/python3.12/site-packages/airflow/example_dags/example_params_ui_tutorial.py for tasks to queue
[2026-04-27T22:27:10.088+0000] {logging_mixin.py:190} INFO - [2026-04-27T22:27:10.088+0000] {dagbag.py:588} INFO - Filling up the DagBag from /usr/local/python/3.12.1/lib/python3.12/site-packages/airflow/example_dags/example_params_ui_tutorial.py
[2026-04-27T22:27:10.095+0000] {processor.py:925} INFO - DAG(s) 'example_params_ui_tutorial' retrieved from /usr/local/python/3.12.1/lib/python3.12/site-packages/airflow/example_dags/example_params_ui_tutorial.py
[2026-04-27T22:27:10.126+0000] {logging_mixin.py:190} INFO - [2026-04-27T22:27:10.126+0000] {dag.py:3239} INFO - Sync 1 DAGs
[2026-04-27T22:27:10.135+0000] {logging_mixin.py:190} INFO - [2026-04-27T22:27:10.135+0000] {dag.py:4180} INFO - Setting next_dagrun for example_params_ui_tutorial to None, run_after=None
[2026-04-27T22:27:10.152+0000] {processor.py:208} INFO - Processing /usr/local/python/3.12.1/lib/python3.12/site-packages/airflow/example_dags/example_params_ui_tutorial.py took 0.070 seconds
[2026-04-27T22:28:20.748+0000] {processor.py:186} INFO - Started process (PID=8514) to work on /usr/local/python/3.12.1/lib/python3.12/site-packages/airflow/example_dags/example_params_ui_tutorial.py
[2026-04-27T22:28:20.749+0000] {processor.py:914} INFO - Processing file /usr/local/python/3.12.1/lib/python3.12/site-packages/airflow/example_dags/example_params_ui_tutorial.py for tasks to queue
[2026-04-27T22:28:20.751+0000] {logging_mixin.py:190} INFO - [2026-04-27T22:28:20.750+0000] {dagbag.py:588} INFO - Filling up the DagBag from /usr/local/python/3.12.1/lib/python3.12/site-packages/airflow/example_dags/example_params_ui_tutorial.py
[2026-04-27T22:28:20.758+0000] {processor.py:925} INFO - DAG(s) 'example_params_ui_tutorial' retrieved from /usr/local/python/3.12.1/lib/python3.12/site-packages/airflow/example_dags/example_params_ui_tutorial.py
[2026-04-27T22:28:20.786+0000] {logging_mixin.py:190} INFO - [2026-04-27T22:28:20.786+0000] {dag.py:3239} INFO - Sync 1 DAGs
[2026-04-27T22:28:20.796+0000] {logging_mixin.py:190} INFO - [2026-04-27T22:28:20.796+0000] {dag.py:4180} INFO - Setting next_dagrun for example_params_ui_tutorial to None, run_after=None
[2026-04-27T22:28:20.813+0000] {processor.py:208} INFO - Processing /usr/local/python/3.12.1/lib/python3.12/site-packages/airflow/example_dags/example_params_ui_tutorial.py took 0.069 seconds
[2026-04-27T22:29:43.876+0000] {processor.py:186} INFO - Started process (PID=10177) to work on /usr/local/python/3.12.1/lib/python3.12/site-packages/airflow/example_dags/example_params_ui_tutorial.py
[2026-04-27T22:29:43.877+0000] {processor.py:914} INFO - Processing file /usr/local/python/3.12.1/lib/python3.12/site-packages/airflow/example_dags/example_params_ui_tutorial.py for tasks to queue
[2026-04-27T22:29:43.878+0000] {logging_mixin.py:190} INFO - [2026-04-27T22:29:43.878+0000] {dagbag.py:588} INFO - Filling up the DagBag from /usr/local/python/3.12.1/lib/python3.12/site-packages/airflow/example_dags/example_params_ui_tutorial.py
[2026-04-27T22:29:43.885+0000] {processor.py:925} INFO - DAG(s) 'example_params_ui_tutorial' retrieved from /usr/local/python/3.12.1/lib/python3.12/site-packages/airflow/example_dags/example_params_ui_tutorial.py
[2026-04-27T22:29:43.913+0000] {logging_mixin.py:190} INFO - [2026-04-27T22:29:43.913+0000] {dag.py:3239} INFO - Sync 1 DAGs
[2026-04-27T22:29:43.923+0000] {logging_mixin.py:190} INFO - [2026-04-27T22:29:43.923+0000] {dag.py:4180} INFO - Setting next_dagrun for example_params_ui_tutorial to None, run_after=None
[2026-04-27T22:29:43.940+0000] {processor.py:208} INFO - Processing /usr/local/python/3.12.1/lib/python3.12/site-packages/airflow/example_dags/example_params_ui_tutorial.py took 0.068 seconds
[2026-04-27T22:31:03.167+0000] {processor.py:186} INFO - Started process (PID=11777) to work on /usr/local/python/3.12.1/lib/python3.12/site-packages/airflow/example_dags/example_params_ui_tutorial.py
[2026-04-27T22:31:03.170+0000] {processor.py:914} INFO - Processing file /usr/local/python/3.12.1/lib/python3.12/site-packages/airflow/example_dags/example_params_ui_tutorial.py for tasks to queue
[2026-04-27T22:31:03.175+0000] {logging_mixin.py:190} INFO - [2026-04-27T22:31:03.173+0000] {dagbag.py:588} INFO - Filling up the DagBag from /usr/local/python/3.12.1/lib/python3.12/site-packages/airflow/example_dags/example_params_ui_tutorial.py
[2026-04-27T22:31:03.196+0000] {processor.py:925} INFO - DAG(s) 'example_params_ui_tutorial' retrieved from /usr/local/python/3.12.1/lib/python3.12/site-packages/airflow/example_dags/example_params_ui_tutorial.py
[2026-04-27T22:31:03.284+0000] {logging_mixin.py:190} INFO - [2026-04-27T22:31:03.284+0000] {dag.py:3239} INFO - Sync 1 DAGs
[2026-04-27T22:31:03.297+0000] {logging_mixin.py:190} INFO - [2026-04-27T22:31:03.297+0000] {dag.py:4180} INFO - Setting next_dagrun for example_params_ui_tutorial to None, run_after=None
[2026-04-27T22:31:03.355+0000] {processor.py:208} INFO - Processing /usr/local/python/3.12.1/lib/python3.12/site-packages/airflow/example_dags/example_params_ui_tutorial.py took 0.203 seconds
[2026-04-27T22:32:21.556+0000] {processor.py:186} INFO - Started process (PID=12625) to work on /usr/local/python/3.12.1/lib/python3.12/site-packages/airflow/example_dags/example_params_ui_tutorial.py
[2026-04-27T22:32:21.557+0000] {processor.py:914} INFO - Processing file /usr/local/python/3.12.1/lib/python3.12/site-packages/airflow/example_dags/example_params_ui_tutorial.py for tasks to queue
[2026-04-27T22:32:21.558+0000] {logging_mixin.py:190} INFO - [2026-04-27T22:32:21.558+0000] {dagbag.py:588} INFO - Filling up the DagBag from /usr/local/python/3.12.1/lib/python3.12/site-packages/airflow/example_dags/example_params_ui_tutorial.py
[2026-04-27T22:32:21.566+0000] {processor.py:925} INFO - DAG(s) 'example_params_ui_tutorial' retrieved from /usr/local/python/3.12.1/lib/python3.12/site-packages/airflow/example_dags/example_params_ui_tutorial.py
[2026-04-27T22:32:21.594+0000] {logging_mixin.py:190} INFO - [2026-04-27T22:32:21.594+0000] {dag.py:3239} INFO - Sync 1 DAGs
[2026-04-27T22:32:21.603+0000] {logging_mixin.py:190} INFO - [2026-04-27T22:32:21.603+0000] {dag.py:4180} INFO - Setting next_dagrun for example_params_ui_tutorial to None, run_after=None
[2026-04-27T22:32:21.620+0000] {processor.py:208} INFO - Processing /usr/local/python/3.12.1/lib/python3.12/site-packages/airflow/example_dags/example_params_ui_tutorial.py took 0.068 seconds
[2026-04-27T22:33:39.643+0000] {processor.py:186} INFO - Started process (PID=13497) to work on /usr/local/python/3.12.1/lib/python3.12/site-packages/airflow/example_dags/example_params_ui_tutorial.py
[2026-04-27T22:33:39.643+0000] {processor.py:914} INFO - Processing file /usr/local/python/3.12.1/lib/python3.12/site-packages/airflow/example_dags/example_params_ui_tutorial.py for tasks to queue
[2026-04-27T22:33:39.645+0000] {logging_mixin.py:190} INFO - [2026-04-27T22:33:39.645+0000] {dagbag.py:588} INFO - Filling up the DagBag from /usr/local/python/3.12.1/lib/python3.12/site-packages/airflow/example_dags/example_params_ui_tutorial.py
[2026-04-27T22:33:39.652+0000] {processor.py:925} INFO - DAG(s) 'example_params_ui_tutorial' retrieved from /usr/local/python/3.12.1/lib/python3.12/site-packages/airflow/example_dags/example_params_ui_tutorial.py
[2026-04-27T22:33:39.680+0000] {logging_mixin.py:190} INFO - [2026-04-27T22:33:39.680+0000] {dag.py:3239} INFO - Sync 1 DAGs
[2026-04-27T22:33:39.690+0000] {logging_mixin.py:190} INFO - [2026-04-27T22:33:39.689+0000] {dag.py:4180} INFO - Setting next_dagrun for example_params_ui_tutorial to None, run_after=None
[2026-04-27T22:33:39.706+0000] {processor.py:208} INFO - Processing /usr/local/python/3.12.1/lib/python3.12/site-packages/airflow/example_dags/example_params_ui_tutorial.py took 0.067 seconds
[2026-04-27T22:35:02.224+0000] {processor.py:186} INFO - Started process (PID=14548) to work on /usr/local/python/3.12.1/lib/python3.12/site-packages/airflow/example_dags/example_params_ui_tutorial.py
[2026-04-27T22:35:02.224+0000] {processor.py:914} INFO - Processing file /usr/local/python/3.12.1/lib/python3.12/site-packages/airflow/example_dags/example_params_ui_tutorial.py for tasks to queue
[2026-04-27T22:35:02.226+0000] {logging_mixin.py:190} INFO - [2026-04-27T22:35:02.226+0000] {dagbag.py:588} INFO - Filling up the DagBag from /usr/local/python/3.12.1/lib/python3.12/site-packages/airflow/example_dags/example_params_ui_tutorial.py
[2026-04-27T22:35:02.233+0000] {processor.py:925} INFO - DAG(s) 'example_params_ui_tutorial' retrieved from /usr/local/python/3.12.1/lib/python3.12/site-packages/airflow/example_dags/example_params_ui_tutorial.py
[2026-04-27T22:35:02.261+0000] {logging_mixin.py:190} INFO - [2026-04-27T22:35:02.261+0000] {dag.py:3239} INFO - Sync 1 DAGs
[2026-04-27T22:35:02.270+0000] {logging_mixin.py:190} INFO - [2026-04-27T22:35:02.270+0000] {dag.py:4180} INFO - Setting next_dagrun for example_params_ui_tutorial to None, run_after=None
[2026-04-27T22:35:02.286+0000] {processor.py:208} INFO - Processing /usr/local/python/3.12.1/lib/python3.12/site-packages/airflow/example_dags/example_params_ui_tutorial.py took 0.067 seconds
[2026-04-27T22:36:22.943+0000] {processor.py:186} INFO - Started process (PID=15395) to work on /usr/local/python/3.12.1/lib/python3.12/site-packages/airflow/example_dags/example_params_ui_tutorial.py
[2026-04-27T22:36:22.944+0000] {processor.py:914} INFO - Processing file /usr/local/python/3.12.1/lib/python3.12/site-packages/airflow/example_dags/example_params_ui_tutorial.py for tasks to queue
[2026-04-27T22:36:22.945+0000] {logging_mixin.py:190} INFO - [2026-04-27T22:36:22.945+0000] {dagbag.py:588} INFO - Filling up the DagBag from /usr/local/python/3.12.1/lib/python3.12/site-packages/airflow/example_dags/example_params_ui_tutorial.py
[2026-04-27T22:36:22.953+0000] {processor.py:925} INFO - DAG(s) 'example_params_ui_tutorial' retrieved from /usr/local/python/3.12.1/lib/python3.12/site-packages/airflow/example_dags/example_params_ui_tutorial.py
[2026-04-27T22:36:22.981+0000] {logging_mixin.py:190} INFO - [2026-04-27T22:36:22.981+0000] {dag.py:3239} INFO - Sync 1 DAGs
[2026-04-27T22:36:22.991+0000] {logging_mixin.py:190} INFO - [2026-04-27T22:36:22.991+0000] {dag.py:4180} INFO - Setting next_dagrun for example_params_ui_tutorial to None, run_after=None
[2026-04-27T22:36:23.013+0000] {processor.py:208} INFO - Processing /usr/local/python/3.12.1/lib/python3.12/site-packages/airflow/example_dags/example_params_ui_tutorial.py took 0.074 seconds
[2026-04-27T22:37:37.586+0000] {processor.py:186} INFO - Started process (PID=16228) to work on /usr/local/python/3.12.1/lib/python3.12/site-packages/airflow/example_dags/example_params_ui_tutorial.py
[2026-04-27T22:37:37.587+0000] {processor.py:914} INFO - Processing file /usr/local/python/3.12.1/lib/python3.12/site-packages/airflow/example_dags/example_params_ui_tutorial.py for tasks to queue
[2026-04-27T22:37:37.589+0000] {logging_mixin.py:190} INFO - [2026-04-27T22:37:37.588+0000] {dagbag.py:588} INFO - Filling up the DagBag from /usr/local/python/3.12.1/lib/python3.12/site-packages/airflow/example_dags/example_params_ui_tutorial.py
[2026-04-27T22:37:37.597+0000] {processor.py:925} INFO - DAG(s) 'example_params_ui_tutorial' retrieved from /usr/local/python/3.12.1/lib/python3.12/site-packages/airflow/example_dags/example_params_ui_tutorial.py
[2026-04-27T22:37:37.626+0000] {logging_mixin.py:190} INFO - [2026-04-27T22:37:37.626+0000] {dag.py:3239} INFO - Sync 1 DAGs
[2026-04-27T22:37:37.636+0000] {logging_mixin.py:190} INFO - [2026-04-27T22:37:37.636+0000] {dag.py:4180} INFO - Setting next_dagrun for example_params_ui_tutorial to None, run_after=None
[2026-04-27T22:37:37.653+0000] {processor.py:208} INFO - Processing /usr/local/python/3.12.1/lib/python3.12/site-packages/airflow/example_dags/example_params_ui_tutorial.py took 0.072 seconds
[2026-04-27T22:38:57.253+0000] {processor.py:186} INFO - Started process (PID=17119) to work on /usr/local/python/3.12.1/lib/python3.12/site-packages/airflow/example_dags/example_params_ui_tutorial.py
[2026-04-27T22:38:57.254+0000] {processor.py:914} INFO - Processing file /usr/local/python/3.12.1/lib/python3.12/site-packages/airflow/example_dags/example_params_ui_tutorial.py for tasks to queue
[2026-04-27T22:38:57.256+0000] {logging_mixin.py:190} INFO - [2026-04-27T22:38:57.256+0000] {dagbag.py:588} INFO - Filling up the DagBag from /usr/local/python/3.12.1/lib/python3.12/site-packages/airflow/example_dags/example_params_ui_tutorial.py
[2026-04-27T22:38:57.266+0000] {processor.py:925} INFO - DAG(s) 'example_params_ui_tutorial' retrieved from /usr/local/python/3.12.1/lib/python3.12/site-packages/airflow/example_dags/example_params_ui_tutorial.py
[2026-04-27T22:38:57.299+0000] {logging_mixin.py:190} INFO - [2026-04-27T22:38:57.298+0000] {dag.py:3239} INFO - Sync 1 DAGs
[2026-04-27T22:38:57.308+0000] {logging_mixin.py:190} INFO - [2026-04-27T22:38:57.308+0000] {dag.py:4180} INFO - Setting next_dagrun for example_params_ui_tutorial to None, run_after=None
[2026-04-27T22:38:57.324+0000] {processor.py:208} INFO - Processing /usr/local/python/3.12.1/lib/python3.12/site-packages/airflow/example_dags/example_params_ui_tutorial.py took 0.078 seconds
[2026-04-27T22:40:19.241+0000] {processor.py:186} INFO - Started process (PID=17989) to work on /usr/local/python/3.12.1/lib/python3.12/site-packages/airflow/example_dags/example_params_ui_tutorial.py
[2026-04-27T22:40:19.244+0000] {processor.py:914} INFO - Processing file /usr/local/python/3.12.1/lib/python3.12/site-packages/airflow/example_dags/example_params_ui_tutorial.py for tasks to queue
[2026-04-27T22:40:19.247+0000] {logging_mixin.py:190} INFO - [2026-04-27T22:40:19.246+0000] {dagbag.py:588} INFO - Filling up the DagBag from /usr/local/python/3.12.1/lib/python3.12/site-packages/airflow/example_dags/example_params_ui_tutorial.py
[2026-04-27T22:40:19.261+0000] {processor.py:925} INFO - DAG(s) 'example_params_ui_tutorial' retrieved from /usr/local/python/3.12.1/lib/python3.12/site-packages/airflow/example_dags/example_params_ui_tutorial.py
[2026-04-27T22:40:19.311+0000] {logging_mixin.py:190} INFO - [2026-04-27T22:40:19.311+0000] {dag.py:3239} INFO - Sync 1 DAGs
[2026-04-27T22:40:19.328+0000] {logging_mixin.py:190} INFO - [2026-04-27T22:40:19.327+0000] {dag.py:4180} INFO - Setting next_dagrun for example_params_ui_tutorial to None, run_after=None
[2026-04-27T22:40:19.345+0000] {processor.py:208} INFO - Processing /usr/local/python/3.12.1/lib/python3.12/site-packages/airflow/example_dags/example_params_ui_tutorial.py took 0.112 seconds
[2026-04-27T22:41:37.509+0000] {processor.py:186} INFO - Started process (PID=18845) to work on /usr/local/python/3.12.1/lib/python3.12/site-packages/airflow/example_dags/example_params_ui_tutorial.py
[2026-04-27T22:41:37.511+0000] {processor.py:914} INFO - Processing file /usr/local/python/3.12.1/lib/python3.12/site-packages/airflow/example_dags/example_params_ui_tutorial.py for tasks to queue
[2026-04-27T22:41:37.514+0000] {logging_mixin.py:190} INFO - [2026-04-27T22:41:37.513+0000] {dagbag.py:588} INFO - Filling up the DagBag from /usr/local/python/3.12.1/lib/python3.12/site-packages/airflow/example_dags/example_params_ui_tutorial.py
[2026-04-27T22:41:37.523+0000] {processor.py:925} INFO - DAG(s) 'example_params_ui_tutorial' retrieved from /usr/local/python/3.12.1/lib/python3.12/site-packages/airflow/example_dags/example_params_ui_tutorial.py
[2026-04-27T22:41:37.567+0000] {logging_mixin.py:190} INFO - [2026-04-27T22:41:37.567+0000] {dag.py:3239} INFO - Sync 1 DAGs
[2026-04-27T22:41:37.576+0000] {logging_mixin.py:190} INFO - [2026-04-27T22:41:37.576+0000] {dag.py:4180} INFO - Setting next_dagrun for example_params_ui_tutorial to None, run_after=None
[2026-04-27T22:41:37.592+0000] {processor.py:208} INFO - Processing /usr/local/python/3.12.1/lib/python3.12/site-packages/airflow/example_dags/example_params_ui_tutorial.py took 0.091 seconds
[2026-04-27T22:42:55.236+0000] {processor.py:186} INFO - Started process (PID=19712) to work on /usr/local/python/3.12.1/lib/python3.12/site-packages/airflow/example_dags/example_params_ui_tutorial.py
[2026-04-27T22:42:55.237+0000] {processor.py:914} INFO - Processing file /usr/local/python/3.12.1/lib/python3.12/site-packages/airflow/example_dags/example_params_ui_tutorial.py for tasks to queue
[2026-04-27T22:42:55.238+0000] {logging_mixin.py:190} INFO - [2026-04-27T22:42:55.238+0000] {dagbag.py:588} INFO - Filling up the DagBag from /usr/local/python/3.12.1/lib/python3.12/site-packages/airflow/example_dags/example_params_ui_tutorial.py
[2026-04-27T22:42:55.246+0000] {processor.py:925} INFO - DAG(s) 'example_params_ui_tutorial' retrieved from /usr/local/python/3.12.1/lib/python3.12/site-packages/airflow/example_dags/example_params_ui_tutorial.py
[2026-04-27T22:42:55.303+0000] {logging_mixin.py:190} INFO - [2026-04-27T22:42:55.302+0000] {dag.py:3239} INFO - Sync 1 DAGs
[2026-04-27T22:42:55.320+0000] {logging_mixin.py:190} INFO - [2026-04-27T22:42:55.319+0000] {dag.py:4180} INFO - Setting next_dagrun for example_params_ui_tutorial to None, run_after=None
[2026-04-27T22:42:55.343+0000] {processor.py:208} INFO - Processing /usr/local/python/3.12.1/lib/python3.12/site-packages/airflow/example_dags/example_params_ui_tutorial.py took 0.111 seconds
[2026-04-27T22:44:14.834+0000] {processor.py:186} INFO - Started process (PID=20586) to work on /usr/local/python/3.12.1/lib/python3.12/site-packages/airflow/example_dags/example_params_ui_tutorial.py
[2026-04-27T22:44:14.835+0000] {processor.py:914} INFO - Processing file /usr/local/python/3.12.1/lib/python3.12/site-packages/airflow/example_dags/example_params_ui_tutorial.py for tasks to queue
[2026-04-27T22:44:14.837+0000] {logging_mixin.py:190} INFO - [2026-04-27T22:44:14.837+0000] {dagbag.py:588} INFO - Filling up the DagBag from /usr/local/python/3.12.1/lib/python3.12/site-packages/airflow/example_dags/example_params_ui_tutorial.py
[2026-04-27T22:44:14.845+0000] {processor.py:925} INFO - DAG(s) 'example_params_ui_tutorial' retrieved from /usr/local/python/3.12.1/lib/python3.12/site-packages/airflow/example_dags/example_params_ui_tutorial.py
[2026-04-27T22:44:14.874+0000] {logging_mixin.py:190} INFO - [2026-04-27T22:44:14.873+0000] {dag.py:3239} INFO - Sync 1 DAGs
[2026-04-27T22:44:14.884+0000] {logging_mixin.py:190} INFO - [2026-04-27T22:44:14.884+0000] {dag.py:4180} INFO - Setting next_dagrun for example_params_ui_tutorial to None, run_after=None
[2026-04-27T22:44:14.900+0000] {processor.py:208} INFO - Processing /usr/local/python/3.12.1/lib/python3.12/site-packages/airflow/example_dags/example_params_ui_tutorial.py took 0.070 seconds
[2026-04-27T22:45:33.511+0000] {processor.py:186} INFO - Started process (PID=21422) to work on /usr/local/python/3.12.1/lib/python3.12/site-packages/airflow/example_dags/example_params_ui_tutorial.py
[2026-04-27T22:45:33.512+0000] {processor.py:914} INFO - Processing file /usr/local/python/3.12.1/lib/python3.12/site-packages/airflow/example_dags/example_params_ui_tutorial.py for tasks to queue
[2026-04-27T22:45:33.514+0000] {logging_mixin.py:190} INFO - [2026-04-27T22:45:33.514+0000] {dagbag.py:588} INFO - Filling up the DagBag from /usr/local/python/3.12.1/lib/python3.12/site-packages/airflow/example_dags/example_params_ui_tutorial.py
[2026-04-27T22:45:33.522+0000] {processor.py:925} INFO - DAG(s) 'example_params_ui_tutorial' retrieved from /usr/local/python/3.12.1/lib/python3.12/site-packages/airflow/example_dags/example_params_ui_tutorial.py
[2026-04-27T22:45:33.555+0000] {logging_mixin.py:190} INFO - [2026-04-27T22:45:33.555+0000] {dag.py:3239} INFO - Sync 1 DAGs
[2026-04-27T22:45:33.582+0000] {logging_mixin.py:190} INFO - [2026-04-27T22:45:33.582+0000] {dag.py:4180} INFO - Setting next_dagrun for example_params_ui_tutorial to None, run_after=None
[2026-04-27T22:45:33.604+0000] {processor.py:208} INFO - Processing /usr/local/python/3.12.1/lib/python3.12/site-packages/airflow/example_dags/example_params_ui_tutorial.py took 0.107 seconds
[2026-04-27T22:46:54.529+0000] {processor.py:186} INFO - Started process (PID=22341) to work on /usr/local/python/3.12.1/lib/python3.12/site-packages/airflow/example_dags/example_params_ui_tutorial.py
[2026-04-27T22:46:54.530+0000] {processor.py:914} INFO - Processing file /usr/local/python/3.12.1/lib/python3.12/site-packages/airflow/example_dags/example_params_ui_tutorial.py for tasks to queue
[2026-04-27T22:46:54.532+0000] {logging_mixin.py:190} INFO - [2026-04-27T22:46:54.531+0000] {dagbag.py:588} INFO - Filling up the DagBag from /usr/local/python/3.12.1/lib/python3.12/site-packages/airflow/example_dags/example_params_ui_tutorial.py
[2026-04-27T22:46:54.541+0000] {processor.py:925} INFO - DAG(s) 'example_params_ui_tutorial' retrieved from /usr/local/python/3.12.1/lib/python3.12/site-packages/airflow/example_dags/example_params_ui_tutorial.py
[2026-04-27T22:46:54.613+0000] {logging_mixin.py:190} INFO - [2026-04-27T22:46:54.613+0000] {dag.py:3239} INFO - Sync 1 DAGs
[2026-04-27T22:46:54.629+0000] {logging_mixin.py:190} INFO - [2026-04-27T22:46:54.628+0000] {dag.py:4180} INFO - Setting next_dagrun for example_params_ui_tutorial to None, run_after=None
[2026-04-27T22:46:54.654+0000] {processor.py:208} INFO - Processing /usr/local/python/3.12.1/lib/python3.12/site-packages/airflow/example_dags/example_params_ui_tutorial.py took 0.129 seconds
[2026-04-27T22:48:14.088+0000] {processor.py:186} INFO - Started process (PID=23203) to work on /usr/local/python/3.12.1/lib/python3.12/site-packages/airflow/example_dags/example_params_ui_tutorial.py
[2026-04-27T22:48:14.089+0000] {processor.py:914} INFO - Processing file /usr/local/python/3.12.1/lib/python3.12/site-packages/airflow/example_dags/example_params_ui_tutorial.py for tasks to queue
[2026-04-27T22:48:14.091+0000] {logging_mixin.py:190} INFO - [2026-04-27T22:48:14.091+0000] {dagbag.py:588} INFO - Filling up the DagBag from /usr/local/python/3.12.1/lib/python3.12/site-packages/airflow/example_dags/example_params_ui_tutorial.py
[2026-04-27T22:48:14.099+0000] {processor.py:925} INFO - DAG(s) 'example_params_ui_tutorial' retrieved from /usr/local/python/3.12.1/lib/python3.12/site-packages/airflow/example_dags/example_params_ui_tutorial.py
[2026-04-27T22:48:14.146+0000] {logging_mixin.py:190} INFO - [2026-04-27T22:48:14.146+0000] {dag.py:3239} INFO - Sync 1 DAGs
[2026-04-27T22:48:14.160+0000] {logging_mixin.py:190} INFO - [2026-04-27T22:48:14.160+0000] {dag.py:4180} INFO - Setting next_dagrun for example_params_ui_tutorial to None, run_after=None
[2026-04-27T22:48:14.178+0000] {processor.py:208} INFO - Processing /usr/local/python/3.12.1/lib/python3.12/site-packages/airflow/example_dags/example_params_ui_tutorial.py took 0.094 seconds
[2026-04-27T22:49:33.098+0000] {processor.py:186} INFO - Started process (PID=23935) to work on /usr/local/python/3.12.1/lib/python3.12/site-packages/airflow/example_dags/example_params_ui_tutorial.py
[2026-04-27T22:49:33.098+0000] {processor.py:914} INFO - Processing file /usr/local/python/3.12.1/lib/python3.12/site-packages/airflow/example_dags/example_params_ui_tutorial.py for tasks to queue
[2026-04-27T22:49:33.100+0000] {logging_mixin.py:190} INFO - [2026-04-27T22:49:33.100+0000] {dagbag.py:588} INFO - Filling up the DagBag from /usr/local/python/3.12.1/lib/python3.12/site-packages/airflow/example_dags/example_params_ui_tutorial.py
[2026-04-27T22:49:33.108+0000] {processor.py:925} INFO - DAG(s) 'example_params_ui_tutorial' retrieved from /usr/local/python/3.12.1/lib/python3.12/site-packages/airflow/example_dags/example_params_ui_tutorial.py
[2026-04-27T22:49:33.139+0000] {logging_mixin.py:190} INFO - [2026-04-27T22:49:33.139+0000] {dag.py:3239} INFO - Sync 1 DAGs
[2026-04-27T22:49:33.150+0000] {logging_mixin.py:190} INFO - [2026-04-27T22:49:33.150+0000] {dag.py:4180} INFO - Setting next_dagrun for example_params_ui_tutorial to None, run_after=None
[2026-04-27T22:49:33.170+0000] {processor.py:208} INFO - Processing /usr/local/python/3.12.1/lib/python3.12/site-packages/airflow/example_dags/example_params_ui_tutorial.py took 0.077 seconds
[2026-04-27T22:50:51.478+0000] {processor.py:186} INFO - Started process (PID=24902) to work on /usr/local/python/3.12.1/lib/python3.12/site-packages/airflow/example_dags/example_params_ui_tutorial.py
[2026-04-27T22:50:51.479+0000] {processor.py:914} INFO - Processing file /usr/local/python/3.12.1/lib/python3.12/site-packages/airflow/example_dags/example_params_ui_tutorial.py for tasks to queue
[2026-04-27T22:50:51.480+0000] {logging_mixin.py:190} INFO - [2026-04-27T22:50:51.480+0000] {dagbag.py:588} INFO - Filling up the DagBag from /usr/local/python/3.12.1/lib/python3.12/site-packages/airflow/example_dags/example_params_ui_tutorial.py
[2026-04-27T22:50:51.487+0000] {processor.py:925} INFO - DAG(s) 'example_params_ui_tutorial' retrieved from /usr/local/python/3.12.1/lib/python3.12/site-packages/airflow/example_dags/example_params_ui_tutorial.py
[2026-04-27T22:50:51.516+0000] {logging_mixin.py:190} INFO - [2026-04-27T22:50:51.515+0000] {dag.py:3239} INFO - Sync 1 DAGs
[2026-04-27T22:50:51.525+0000] {logging_mixin.py:190} INFO - [2026-04-27T22:50:51.525+0000] {dag.py:4180} INFO - Setting next_dagrun for example_params_ui_tutorial to None, run_after=None
[2026-04-27T22:50:51.541+0000] {processor.py:208} INFO - Processing /usr/local/python/3.12.1/lib/python3.12/site-packages/airflow/example_dags/example_params_ui_tutorial.py took 0.067 seconds
[2026-04-27T22:52:07.833+0000] {processor.py:186} INFO - Started process (PID=25730) to work on /usr/local/python/3.12.1/lib/python3.12/site-packages/airflow/example_dags/example_params_ui_tutorial.py
[2026-04-27T22:52:07.833+0000] {processor.py:914} INFO - Processing file /usr/local/python/3.12.1/lib/python3.12/site-packages/airflow/example_dags/example_params_ui_tutorial.py for tasks to queue
[2026-04-27T22:52:07.835+0000] {logging_mixin.py:190} INFO - [2026-04-27T22:52:07.835+0000] {dagbag.py:588} INFO - Filling up the DagBag from /usr/local/python/3.12.1/lib/python3.12/site-packages/airflow/example_dags/example_params_ui_tutorial.py
[2026-04-27T22:52:07.842+0000] {processor.py:925} INFO - DAG(s) 'example_params_ui_tutorial' retrieved from /usr/local/python/3.12.1/lib/python3.12/site-packages/airflow/example_dags/example_params_ui_tutorial.py
[2026-04-27T22:52:07.870+0000] {logging_mixin.py:190} INFO - [2026-04-27T22:52:07.869+0000] {dag.py:3239} INFO - Sync 1 DAGs
[2026-04-27T22:52:07.879+0000] {logging_mixin.py:190} INFO - [2026-04-27T22:52:07.879+0000] {dag.py:4180} INFO - Setting next_dagrun for example_params_ui_tutorial to None, run_after=None
[2026-04-27T22:52:07.895+0000] {processor.py:208} INFO - Processing /usr/local/python/3.12.1/lib/python3.12/site-packages/airflow/example_dags/example_params_ui_tutorial.py took 0.066 seconds
[2026-04-27T22:53:28.950+0000] {processor.py:186} INFO - Started process (PID=26565) to work on /usr/local/python/3.12.1/lib/python3.12/site-packages/airflow/example_dags/example_params_ui_tutorial.py
[2026-04-27T22:53:28.951+0000] {processor.py:914} INFO - Processing file /usr/local/python/3.12.1/lib/python3.12/site-packages/airflow/example_dags/example_params_ui_tutorial.py for tasks to queue
[2026-04-27T22:53:28.952+0000] {logging_mixin.py:190} INFO - [2026-04-27T22:53:28.952+0000] {dagbag.py:588} INFO - Filling up the DagBag from /usr/local/python/3.12.1/lib/python3.12/site-packages/airflow/example_dags/example_params_ui_tutorial.py
[2026-04-27T22:53:28.960+0000] {processor.py:925} INFO - DAG(s) 'example_params_ui_tutorial' retrieved from /usr/local/python/3.12.1/lib/python3.12/site-packages/airflow/example_dags/example_params_ui_tutorial.py
[2026-04-27T22:53:28.988+0000] {logging_mixin.py:190} INFO - [2026-04-27T22:53:28.988+0000] {dag.py:3239} INFO - Sync 1 DAGs
[2026-04-27T22:53:28.997+0000] {logging_mixin.py:190} INFO - [2026-04-27T22:53:28.997+0000] {dag.py:4180} INFO - Setting next_dagrun for example_params_ui_tutorial to None, run_after=None
[2026-04-27T22:53:29.013+0000] {processor.py:208} INFO - Processing /usr/local/python/3.12.1/lib/python3.12/site-packages/airflow/example_dags/example_params_ui_tutorial.py took 0.068 seconds
[2026-04-27T22:54:49.630+0000] {processor.py:186} INFO - Started process (PID=27485) to work on /usr/local/python/3.12.1/lib/python3.12/site-packages/airflow/example_dags/example_params_ui_tutorial.py
[2026-04-27T22:54:49.631+0000] {processor.py:914} INFO - Processing file /usr/local/python/3.12.1/lib/python3.12/site-packages/airflow/example_dags/example_params_ui_tutorial.py for tasks to queue
[2026-04-27T22:54:49.633+0000] {logging_mixin.py:190} INFO - [2026-04-27T22:54:49.632+0000] {dagbag.py:588} INFO - Filling up the DagBag from /usr/local/python/3.12.1/lib/python3.12/site-packages/airflow/example_dags/example_params_ui_tutorial.py
[2026-04-27T22:54:49.640+0000] {processor.py:925} INFO - DAG(s) 'example_params_ui_tutorial' retrieved from /usr/local/python/3.12.1/lib/python3.12/site-packages/airflow/example_dags/example_params_ui_tutorial.py
[2026-04-27T22:54:49.668+0000] {logging_mixin.py:190} INFO - [2026-04-27T22:54:49.667+0000] {dag.py:3239} INFO - Sync 1 DAGs
[2026-04-27T22:54:49.677+0000] {logging_mixin.py:190} INFO - [2026-04-27T22:54:49.677+0000] {dag.py:4180} INFO - Setting next_dagrun for example_params_ui_tutorial to None, run_after=None
[2026-04-27T22:54:49.693+0000] {processor.py:208} INFO - Processing /usr/local/python/3.12.1/lib/python3.12/site-packages/airflow/example_dags/example_params_ui_tutorial.py took 0.066 seconds
[2026-04-27T22:56:08.488+0000] {processor.py:186} INFO - Started process (PID=28401) to work on /usr/local/python/3.12.1/lib/python3.12/site-packages/airflow/example_dags/example_params_ui_tutorial.py
[2026-04-27T22:56:08.489+0000] {processor.py:914} INFO - Processing file /usr/local/python/3.12.1/lib/python3.12/site-packages/airflow/example_dags/example_params_ui_tutorial.py for tasks to queue
[2026-04-27T22:56:08.490+0000] {logging_mixin.py:190} INFO - [2026-04-27T22:56:08.490+0000] {dagbag.py:588} INFO - Filling up the DagBag from /usr/local/python/3.12.1/lib/python3.12/site-packages/airflow/example_dags/example_params_ui_tutorial.py
[2026-04-27T22:56:08.498+0000] {processor.py:925} INFO - DAG(s) 'example_params_ui_tutorial' retrieved from /usr/local/python/3.12.1/lib/python3.12/site-packages/airflow/example_dags/example_params_ui_tutorial.py
[2026-04-27T22:56:08.525+0000] {logging_mixin.py:190} INFO - [2026-04-27T22:56:08.525+0000] {dag.py:3239} INFO - Sync 1 DAGs
[2026-04-27T22:56:08.534+0000] {logging_mixin.py:190} INFO - [2026-04-27T22:56:08.534+0000] {dag.py:4180} INFO - Setting next_dagrun for example_params_ui_tutorial to None, run_after=None
[2026-04-27T22:56:08.550+0000] {processor.py:208} INFO - Processing /usr/local/python/3.12.1/lib/python3.12/site-packages/airflow/example_dags/example_params_ui_tutorial.py took 0.066 seconds
[2026-04-27T22:57:29.042+0000] {processor.py:186} INFO - Started process (PID=29200) to work on /usr/local/python/3.12.1/lib/python3.12/site-packages/airflow/example_dags/example_params_ui_tutorial.py
[2026-04-27T22:57:29.042+0000] {processor.py:914} INFO - Processing file /usr/local/python/3.12.1/lib/python3.12/site-packages/airflow/example_dags/example_params_ui_tutorial.py for tasks to queue
[2026-04-27T22:57:29.044+0000] {logging_mixin.py:190} INFO - [2026-04-27T22:57:29.044+0000] {dagbag.py:588} INFO - Filling up the DagBag from /usr/local/python/3.12.1/lib/python3.12/site-packages/airflow/example_dags/example_params_ui_tutorial.py
[2026-04-27T22:57:29.051+0000] {processor.py:925} INFO - DAG(s) 'example_params_ui_tutorial' retrieved from /usr/local/python/3.12.1/lib/python3.12/site-packages/airflow/example_dags/example_params_ui_tutorial.py
[2026-04-27T22:57:29.079+0000] {logging_mixin.py:190} INFO - [2026-04-27T22:57:29.079+0000] {dag.py:3239} INFO - Sync 1 DAGs
[2026-04-27T22:57:29.088+0000] {logging_mixin.py:190} INFO - [2026-04-27T22:57:29.088+0000] {dag.py:4180} INFO - Setting next_dagrun for example_params_ui_tutorial to None, run_after=None
[2026-04-27T22:57:29.104+0000] {processor.py:208} INFO - Processing /usr/local/python/3.12.1/lib/python3.12/site-packages/airflow/example_dags/example_params_ui_tutorial.py took 0.066 seconds
[2026-04-27T22:58:51.336+0000] {processor.py:186} INFO - Started process (PID=30129) to work on /usr/local/python/3.12.1/lib/python3.12/site-packages/airflow/example_dags/example_params_ui_tutorial.py
[2026-04-27T22:58:51.337+0000] {processor.py:914} INFO - Processing file /usr/local/python/3.12.1/lib/python3.12/site-packages/airflow/example_dags/example_params_ui_tutorial.py for tasks to queue
[2026-04-27T22:58:51.339+0000] {logging_mixin.py:190} INFO - [2026-04-27T22:58:51.338+0000] {dagbag.py:588} INFO - Filling up the DagBag from /usr/local/python/3.12.1/lib/python3.12/site-packages/airflow/example_dags/example_params_ui_tutorial.py
[2026-04-27T22:58:51.346+0000] {processor.py:925} INFO - DAG(s) 'example_params_ui_tutorial' retrieved from /usr/local/python/3.12.1/lib/python3.12/site-packages/airflow/example_dags/example_params_ui_tutorial.py
[2026-04-27T22:58:51.373+0000] {logging_mixin.py:190} INFO - [2026-04-27T22:58:51.373+0000] {dag.py:3239} INFO - Sync 1 DAGs
[2026-04-27T22:58:51.383+0000] {logging_mixin.py:190} INFO - [2026-04-27T22:58:51.383+0000] {dag.py:4180} INFO - Setting next_dagrun for example_params_ui_tutorial to None, run_after=None
[2026-04-27T22:58:51.399+0000] {processor.py:208} INFO - Processing /usr/local/python/3.12.1/lib/python3.12/site-packages/airflow/example_dags/example_params_ui_tutorial.py took 0.067 seconds
[2026-04-27T23:00:10.602+0000] {processor.py:186} INFO - Started process (PID=31046) to work on /usr/local/python/3.12.1/lib/python3.12/site-packages/airflow/example_dags/example_params_ui_tutorial.py
[2026-04-27T23:00:10.603+0000] {processor.py:914} INFO - Processing file /usr/local/python/3.12.1/lib/python3.12/site-packages/airflow/example_dags/example_params_ui_tutorial.py for tasks to queue
[2026-04-27T23:00:10.604+0000] {logging_mixin.py:190} INFO - [2026-04-27T23:00:10.604+0000] {dagbag.py:588} INFO - Filling up the DagBag from /usr/local/python/3.12.1/lib/python3.12/site-packages/airflow/example_dags/example_params_ui_tutorial.py
[2026-04-27T23:00:10.611+0000] {processor.py:925} INFO - DAG(s) 'example_params_ui_tutorial' retrieved from /usr/local/python/3.12.1/lib/python3.12/site-packages/airflow/example_dags/example_params_ui_tutorial.py
[2026-04-27T23:00:10.641+0000] {logging_mixin.py:190} INFO - [2026-04-27T23:00:10.641+0000] {dag.py:3239} INFO - Sync 1 DAGs
[2026-04-27T23:00:10.651+0000] {logging_mixin.py:190} INFO - [2026-04-27T23:00:10.650+0000] {dag.py:4180} INFO - Setting next_dagrun for example_params_ui_tutorial to None, run_after=None
[2026-04-27T23:00:10.667+0000] {processor.py:208} INFO - Processing /usr/local/python/3.12.1/lib/python3.12/site-packages/airflow/example_dags/example_params_ui_tutorial.py took 0.069 seconds
[2026-04-27T23:01:31.618+0000] {processor.py:186} INFO - Started process (PID=31859) to work on /usr/local/python/3.12.1/lib/python3.12/site-packages/airflow/example_dags/example_params_ui_tutorial.py
[2026-04-27T23:01:31.618+0000] {processor.py:914} INFO - Processing file /usr/local/python/3.12.1/lib/python3.12/site-packages/airflow/example_dags/example_params_ui_tutorial.py for tasks to queue
[2026-04-27T23:01:31.620+0000] {logging_mixin.py:190} INFO - [2026-04-27T23:01:31.620+0000] {dagbag.py:588} INFO - Filling up the DagBag from /usr/local/python/3.12.1/lib/python3.12/site-packages/airflow/example_dags/example_params_ui_tutorial.py
[2026-04-27T23:01:31.627+0000] {processor.py:925} INFO - DAG(s) 'example_params_ui_tutorial' retrieved from /usr/local/python/3.12.1/lib/python3.12/site-packages/airflow/example_dags/example_params_ui_tutorial.py
[2026-04-27T23:01:31.655+0000] {logging_mixin.py:190} INFO - [2026-04-27T23:01:31.655+0000] {dag.py:3239} INFO - Sync 1 DAGs
[2026-04-27T23:01:31.664+0000] {logging_mixin.py:190} INFO - [2026-04-27T23:01:31.664+0000] {dag.py:4180} INFO - Setting next_dagrun for example_params_ui_tutorial to None, run_after=None
[2026-04-27T23:01:31.681+0000] {processor.py:208} INFO - Processing /usr/local/python/3.12.1/lib/python3.12/site-packages/airflow/example_dags/example_params_ui_tutorial.py took 0.068 seconds
[2026-04-27T23:02:53.636+0000] {processor.py:186} INFO - Started process (PID=32794) to work on /usr/local/python/3.12.1/lib/python3.12/site-packages/airflow/example_dags/example_params_ui_tutorial.py
[2026-04-27T23:02:53.636+0000] {processor.py:914} INFO - Processing file /usr/local/python/3.12.1/lib/python3.12/site-packages/airflow/example_dags/example_params_ui_tutorial.py for tasks to queue
[2026-04-27T23:02:53.638+0000] {logging_mixin.py:190} INFO - [2026-04-27T23:02:53.638+0000] {dagbag.py:588} INFO - Filling up the DagBag from /usr/local/python/3.12.1/lib/python3.12/site-packages/airflow/example_dags/example_params_ui_tutorial.py
[2026-04-27T23:02:53.645+0000] {processor.py:925} INFO - DAG(s) 'example_params_ui_tutorial' retrieved from /usr/local/python/3.12.1/lib/python3.12/site-packages/airflow/example_dags/example_params_ui_tutorial.py
[2026-04-27T23:02:53.672+0000] {logging_mixin.py:190} INFO - [2026-04-27T23:02:53.672+0000] {dag.py:3239} INFO - Sync 1 DAGs
[2026-04-27T23:02:53.682+0000] {logging_mixin.py:190} INFO - [2026-04-27T23:02:53.681+0000] {dag.py:4180} INFO - Setting next_dagrun for example_params_ui_tutorial to None, run_after=None
[2026-04-27T23:02:53.698+0000] {processor.py:208} INFO - Processing /usr/local/python/3.12.1/lib/python3.12/site-packages/airflow/example_dags/example_params_ui_tutorial.py took 0.067 seconds
[2026-04-27T23:04:14.829+0000] {processor.py:186} INFO - Started process (PID=33663) to work on /usr/local/python/3.12.1/lib/python3.12/site-packages/airflow/example_dags/example_params_ui_tutorial.py
[2026-04-27T23:04:14.830+0000] {processor.py:914} INFO - Processing file /usr/local/python/3.12.1/lib/python3.12/site-packages/airflow/example_dags/example_params_ui_tutorial.py for tasks to queue
[2026-04-27T23:04:14.831+0000] {logging_mixin.py:190} INFO - [2026-04-27T23:04:14.831+0000] {dagbag.py:588} INFO - Filling up the DagBag from /usr/local/python/3.12.1/lib/python3.12/site-packages/airflow/example_dags/example_params_ui_tutorial.py
[2026-04-27T23:04:14.839+0000] {processor.py:925} INFO - DAG(s) 'example_params_ui_tutorial' retrieved from /usr/local/python/3.12.1/lib/python3.12/site-packages/airflow/example_dags/example_params_ui_tutorial.py
[2026-04-27T23:04:14.866+0000] {logging_mixin.py:190} INFO - [2026-04-27T23:04:14.866+0000] {dag.py:3239} INFO - Sync 1 DAGs
[2026-04-27T23:04:14.876+0000] {logging_mixin.py:190} INFO - [2026-04-27T23:04:14.875+0000] {dag.py:4180} INFO - Setting next_dagrun for example_params_ui_tutorial to None, run_after=None
[2026-04-27T23:04:14.891+0000] {processor.py:208} INFO - Processing /usr/local/python/3.12.1/lib/python3.12/site-packages/airflow/example_dags/example_params_ui_tutorial.py took 0.066 seconds
[2026-04-27T23:05:33.500+0000] {processor.py:186} INFO - Started process (PID=34496) to work on /usr/local/python/3.12.1/lib/python3.12/site-packages/airflow/example_dags/example_params_ui_tutorial.py
[2026-04-27T23:05:33.501+0000] {processor.py:914} INFO - Processing file /usr/local/python/3.12.1/lib/python3.12/site-packages/airflow/example_dags/example_params_ui_tutorial.py for tasks to queue
[2026-04-27T23:05:33.502+0000] {logging_mixin.py:190} INFO - [2026-04-27T23:05:33.502+0000] {dagbag.py:588} INFO - Filling up the DagBag from /usr/local/python/3.12.1/lib/python3.12/site-packages/airflow/example_dags/example_params_ui_tutorial.py
[2026-04-27T23:05:33.509+0000] {processor.py:925} INFO - DAG(s) 'example_params_ui_tutorial' retrieved from /usr/local/python/3.12.1/lib/python3.12/site-packages/airflow/example_dags/example_params_ui_tutorial.py
[2026-04-27T23:05:33.537+0000] {logging_mixin.py:190} INFO - [2026-04-27T23:05:33.537+0000] {dag.py:3239} INFO - Sync 1 DAGs
[2026-04-27T23:05:33.546+0000] {logging_mixin.py:190} INFO - [2026-04-27T23:05:33.546+0000] {dag.py:4180} INFO - Setting next_dagrun for example_params_ui_tutorial to None, run_after=None
[2026-04-27T23:05:33.562+0000] {processor.py:208} INFO - Processing /usr/local/python/3.12.1/lib/python3.12/site-packages/airflow/example_dags/example_params_ui_tutorial.py took 0.066 seconds
[2026-04-27T23:06:57.559+0000] {processor.py:186} INFO - Started process (PID=35451) to work on /usr/local/python/3.12.1/lib/python3.12/site-packages/airflow/example_dags/example_params_ui_tutorial.py
[2026-04-27T23:06:57.560+0000] {processor.py:914} INFO - Processing file /usr/local/python/3.12.1/lib/python3.12/site-packages/airflow/example_dags/example_params_ui_tutorial.py for tasks to queue
[2026-04-27T23:06:57.562+0000] {logging_mixin.py:190} INFO - [2026-04-27T23:06:57.561+0000] {dagbag.py:588} INFO - Filling up the DagBag from /usr/local/python/3.12.1/lib/python3.12/site-packages/airflow/example_dags/example_params_ui_tutorial.py
[2026-04-27T23:06:57.569+0000] {processor.py:925} INFO - DAG(s) 'example_params_ui_tutorial' retrieved from /usr/local/python/3.12.1/lib/python3.12/site-packages/airflow/example_dags/example_params_ui_tutorial.py
[2026-04-27T23:06:57.604+0000] {logging_mixin.py:190} INFO - [2026-04-27T23:06:57.604+0000] {dag.py:3239} INFO - Sync 1 DAGs
[2026-04-27T23:06:57.640+0000] {logging_mixin.py:190} INFO - [2026-04-27T23:06:57.640+0000] {dag.py:4180} INFO - Setting next_dagrun for example_params_ui_tutorial to None, run_after=None
[2026-04-27T23:06:57.674+0000] {processor.py:208} INFO - Processing /usr/local/python/3.12.1/lib/python3.12/site-packages/airflow/example_dags/example_params_ui_tutorial.py took 0.119 seconds
[2026-04-27T23:08:19.192+0000] {processor.py:186} INFO - Started process (PID=36320) to work on /usr/local/python/3.12.1/lib/python3.12/site-packages/airflow/example_dags/example_params_ui_tutorial.py
[2026-04-27T23:08:19.192+0000] {processor.py:914} INFO - Processing file /usr/local/python/3.12.1/lib/python3.12/site-packages/airflow/example_dags/example_params_ui_tutorial.py for tasks to queue
[2026-04-27T23:08:19.194+0000] {logging_mixin.py:190} INFO - [2026-04-27T23:08:19.194+0000] {dagbag.py:588} INFO - Filling up the DagBag from /usr/local/python/3.12.1/lib/python3.12/site-packages/airflow/example_dags/example_params_ui_tutorial.py
[2026-04-27T23:08:19.201+0000] {processor.py:925} INFO - DAG(s) 'example_params_ui_tutorial' retrieved from /usr/local/python/3.12.1/lib/python3.12/site-packages/airflow/example_dags/example_params_ui_tutorial.py
[2026-04-27T23:08:19.229+0000] {logging_mixin.py:190} INFO - [2026-04-27T23:08:19.229+0000] {dag.py:3239} INFO - Sync 1 DAGs
[2026-04-27T23:08:19.238+0000] {logging_mixin.py:190} INFO - [2026-04-27T23:08:19.238+0000] {dag.py:4180} INFO - Setting next_dagrun for example_params_ui_tutorial to None, run_after=None
[2026-04-27T23:08:19.254+0000] {processor.py:208} INFO - Processing /usr/local/python/3.12.1/lib/python3.12/site-packages/airflow/example_dags/example_params_ui_tutorial.py took 0.066 seconds
[2026-04-27T23:09:39.388+0000] {processor.py:186} INFO - Started process (PID=37184) to work on /usr/local/python/3.12.1/lib/python3.12/site-packages/airflow/example_dags/example_params_ui_tutorial.py
[2026-04-27T23:09:39.388+0000] {processor.py:914} INFO - Processing file /usr/local/python/3.12.1/lib/python3.12/site-packages/airflow/example_dags/example_params_ui_tutorial.py for tasks to queue
[2026-04-27T23:09:39.390+0000] {logging_mixin.py:190} INFO - [2026-04-27T23:09:39.390+0000] {dagbag.py:588} INFO - Filling up the DagBag from /usr/local/python/3.12.1/lib/python3.12/site-packages/airflow/example_dags/example_params_ui_tutorial.py
[2026-04-27T23:09:39.397+0000] {processor.py:925} INFO - DAG(s) 'example_params_ui_tutorial' retrieved from /usr/local/python/3.12.1/lib/python3.12/site-packages/airflow/example_dags/example_params_ui_tutorial.py
[2026-04-27T23:09:39.425+0000] {logging_mixin.py:190} INFO - [2026-04-27T23:09:39.424+0000] {dag.py:3239} INFO - Sync 1 DAGs
[2026-04-27T23:09:39.434+0000] {logging_mixin.py:190} INFO - [2026-04-27T23:09:39.434+0000] {dag.py:4180} INFO - Setting next_dagrun for example_params_ui_tutorial to None, run_after=None
[2026-04-27T23:09:39.450+0000] {processor.py:208} INFO - Processing /usr/local/python/3.12.1/lib/python3.12/site-packages/airflow/example_dags/example_params_ui_tutorial.py took 0.066 seconds
[2026-04-27T23:10:58.065+0000] {processor.py:186} INFO - Started process (PID=38107) to work on /usr/local/python/3.12.1/lib/python3.12/site-packages/airflow/example_dags/example_params_ui_tutorial.py
[2026-04-27T23:10:58.066+0000] {processor.py:914} INFO - Processing file /usr/local/python/3.12.1/lib/python3.12/site-packages/airflow/example_dags/example_params_ui_tutorial.py for tasks to queue
[2026-04-27T23:10:58.067+0000] {logging_mixin.py:190} INFO - [2026-04-27T23:10:58.067+0000] {dagbag.py:588} INFO - Filling up the DagBag from /usr/local/python/3.12.1/lib/python3.12/site-packages/airflow/example_dags/example_params_ui_tutorial.py
[2026-04-27T23:10:58.075+0000] {processor.py:925} INFO - DAG(s) 'example_params_ui_tutorial' retrieved from /usr/local/python/3.12.1/lib/python3.12/site-packages/airflow/example_dags/example_params_ui_tutorial.py
[2026-04-27T23:10:58.108+0000] {logging_mixin.py:190} INFO - [2026-04-27T23:10:58.108+0000] {dag.py:3239} INFO - Sync 1 DAGs
[2026-04-27T23:10:58.121+0000] {logging_mixin.py:190} INFO - [2026-04-27T23:10:58.121+0000] {dag.py:4180} INFO - Setting next_dagrun for example_params_ui_tutorial to None, run_after=None
[2026-04-27T23:10:58.137+0000] {processor.py:208} INFO - Processing /usr/local/python/3.12.1/lib/python3.12/site-packages/airflow/example_dags/example_params_ui_tutorial.py took 0.076 seconds
[2026-04-27T23:12:18.152+0000] {processor.py:186} INFO - Started process (PID=38943) to work on /usr/local/python/3.12.1/lib/python3.12/site-packages/airflow/example_dags/example_params_ui_tutorial.py
[2026-04-27T23:12:18.152+0000] {processor.py:914} INFO - Processing file /usr/local/python/3.12.1/lib/python3.12/site-packages/airflow/example_dags/example_params_ui_tutorial.py for tasks to queue
[2026-04-27T23:12:18.154+0000] {logging_mixin.py:190} INFO - [2026-04-27T23:12:18.154+0000] {dagbag.py:588} INFO - Filling up the DagBag from /usr/local/python/3.12.1/lib/python3.12/site-packages/airflow/example_dags/example_params_ui_tutorial.py
[2026-04-27T23:12:18.162+0000] {processor.py:925} INFO - DAG(s) 'example_params_ui_tutorial' retrieved from /usr/local/python/3.12.1/lib/python3.12/site-packages/airflow/example_dags/example_params_ui_tutorial.py
[2026-04-27T23:12:18.243+0000] {logging_mixin.py:190} INFO - [2026-04-27T23:12:18.243+0000] {dag.py:3239} INFO - Sync 1 DAGs
[2026-04-27T23:12:18.260+0000] {logging_mixin.py:190} INFO - [2026-04-27T23:12:18.260+0000] {dag.py:4180} INFO - Setting next_dagrun for example_params_ui_tutorial to None, run_after=None
[2026-04-27T23:12:18.276+0000] {processor.py:208} INFO - Processing /usr/local/python/3.12.1/lib/python3.12/site-packages/airflow/example_dags/example_params_ui_tutorial.py took 0.129 seconds
[2026-04-27T23:13:38.390+0000] {processor.py:186} INFO - Started process (PID=39809) to work on /usr/local/python/3.12.1/lib/python3.12/site-packages/airflow/example_dags/example_params_ui_tutorial.py
[2026-04-27T23:13:38.390+0000] {processor.py:914} INFO - Processing file /usr/local/python/3.12.1/lib/python3.12/site-packages/airflow/example_dags/example_params_ui_tutorial.py for tasks to queue
[2026-04-27T23:13:38.392+0000] {logging_mixin.py:190} INFO - [2026-04-27T23:13:38.392+0000] {dagbag.py:588} INFO - Filling up the DagBag from /usr/local/python/3.12.1/lib/python3.12/site-packages/airflow/example_dags/example_params_ui_tutorial.py
[2026-04-27T23:13:38.399+0000] {processor.py:925} INFO - DAG(s) 'example_params_ui_tutorial' retrieved from /usr/local/python/3.12.1/lib/python3.12/site-packages/airflow/example_dags/example_params_ui_tutorial.py
[2026-04-27T23:13:38.427+0000] {logging_mixin.py:190} INFO - [2026-04-27T23:13:38.427+0000] {dag.py:3239} INFO - Sync 1 DAGs
[2026-04-27T23:13:38.436+0000] {logging_mixin.py:190} INFO - [2026-04-27T23:13:38.436+0000] {dag.py:4180} INFO - Setting next_dagrun for example_params_ui_tutorial to None, run_after=None
[2026-04-27T23:13:38.453+0000] {processor.py:208} INFO - Processing /usr/local/python/3.12.1/lib/python3.12/site-packages/airflow/example_dags/example_params_ui_tutorial.py took 0.068 seconds
[2026-04-27T23:14:58.264+0000] {processor.py:186} INFO - Started process (PID=40695) to work on /usr/local/python/3.12.1/lib/python3.12/site-packages/airflow/example_dags/example_params_ui_tutorial.py
[2026-04-27T23:14:58.264+0000] {processor.py:914} INFO - Processing file /usr/local/python/3.12.1/lib/python3.12/site-packages/airflow/example_dags/example_params_ui_tutorial.py for tasks to queue
[2026-04-27T23:14:58.266+0000] {logging_mixin.py:190} INFO - [2026-04-27T23:14:58.266+0000] {dagbag.py:588} INFO - Filling up the DagBag from /usr/local/python/3.12.1/lib/python3.12/site-packages/airflow/example_dags/example_params_ui_tutorial.py
[2026-04-27T23:14:58.273+0000] {processor.py:925} INFO - DAG(s) 'example_params_ui_tutorial' retrieved from /usr/local/python/3.12.1/lib/python3.12/site-packages/airflow/example_dags/example_params_ui_tutorial.py
[2026-04-27T23:14:58.300+0000] {logging_mixin.py:190} INFO - [2026-04-27T23:14:58.300+0000] {dag.py:3239} INFO - Sync 1 DAGs
[2026-04-27T23:14:58.310+0000] {logging_mixin.py:190} INFO - [2026-04-27T23:14:58.310+0000] {dag.py:4180} INFO - Setting next_dagrun for example_params_ui_tutorial to None, run_after=None
[2026-04-27T23:14:58.326+0000] {processor.py:208} INFO - Processing /usr/local/python/3.12.1/lib/python3.12/site-packages/airflow/example_dags/example_params_ui_tutorial.py took 0.066 seconds
[2026-04-27T23:16:17.043+0000] {processor.py:186} INFO - Started process (PID=41586) to work on /usr/local/python/3.12.1/lib/python3.12/site-packages/airflow/example_dags/example_params_ui_tutorial.py
[2026-04-27T23:16:17.043+0000] {processor.py:914} INFO - Processing file /usr/local/python/3.12.1/lib/python3.12/site-packages/airflow/example_dags/example_params_ui_tutorial.py for tasks to queue
[2026-04-27T23:16:17.045+0000] {logging_mixin.py:190} INFO - [2026-04-27T23:16:17.045+0000] {dagbag.py:588} INFO - Filling up the DagBag from /usr/local/python/3.12.1/lib/python3.12/site-packages/airflow/example_dags/example_params_ui_tutorial.py
[2026-04-27T23:16:17.053+0000] {processor.py:925} INFO - DAG(s) 'example_params_ui_tutorial' retrieved from /usr/local/python/3.12.1/lib/python3.12/site-packages/airflow/example_dags/example_params_ui_tutorial.py
[2026-04-27T23:16:17.081+0000] {logging_mixin.py:190} INFO - [2026-04-27T23:16:17.081+0000] {dag.py:3239} INFO - Sync 1 DAGs
[2026-04-27T23:16:17.091+0000] {logging_mixin.py:190} INFO - [2026-04-27T23:16:17.091+0000] {dag.py:4180} INFO - Setting next_dagrun for example_params_ui_tutorial to None, run_after=None
[2026-04-27T23:16:17.107+0000] {processor.py:208} INFO - Processing /usr/local/python/3.12.1/lib/python3.12/site-packages/airflow/example_dags/example_params_ui_tutorial.py took 0.069 seconds
[2026-04-27T23:17:37.867+0000] {processor.py:186} INFO - Started process (PID=42437) to work on /usr/local/python/3.12.1/lib/python3.12/site-packages/airflow/example_dags/example_params_ui_tutorial.py
[2026-04-27T23:17:37.867+0000] {processor.py:914} INFO - Processing file /usr/local/python/3.12.1/lib/python3.12/site-packages/airflow/example_dags/example_params_ui_tutorial.py for tasks to queue
[2026-04-27T23:17:37.869+0000] {logging_mixin.py:190} INFO - [2026-04-27T23:17:37.869+0000] {dagbag.py:588} INFO - Filling up the DagBag from /usr/local/python/3.12.1/lib/python3.12/site-packages/airflow/example_dags/example_params_ui_tutorial.py
[2026-04-27T23:17:37.877+0000] {processor.py:925} INFO - DAG(s) 'example_params_ui_tutorial' retrieved from /usr/local/python/3.12.1/lib/python3.12/site-packages/airflow/example_dags/example_params_ui_tutorial.py
[2026-04-27T23:17:37.905+0000] {logging_mixin.py:190} INFO - [2026-04-27T23:17:37.904+0000] {dag.py:3239} INFO - Sync 1 DAGs
[2026-04-27T23:17:37.914+0000] {logging_mixin.py:190} INFO - [2026-04-27T23:17:37.914+0000] {dag.py:4180} INFO - Setting next_dagrun for example_params_ui_tutorial to None, run_after=None
[2026-04-27T23:17:37.930+0000] {processor.py:208} INFO - Processing /usr/local/python/3.12.1/lib/python3.12/site-packages/airflow/example_dags/example_params_ui_tutorial.py took 0.067 seconds
[2026-04-27T23:18:58.536+0000] {processor.py:186} INFO - Started process (PID=43331) to work on /usr/local/python/3.12.1/lib/python3.12/site-packages/airflow/example_dags/example_params_ui_tutorial.py
[2026-04-27T23:18:58.537+0000] {processor.py:914} INFO - Processing file /usr/local/python/3.12.1/lib/python3.12/site-packages/airflow/example_dags/example_params_ui_tutorial.py for tasks to queue
[2026-04-27T23:18:58.539+0000] {logging_mixin.py:190} INFO - [2026-04-27T23:18:58.539+0000] {dagbag.py:588} INFO - Filling up the DagBag from /usr/local/python/3.12.1/lib/python3.12/site-packages/airflow/example_dags/example_params_ui_tutorial.py
[2026-04-27T23:18:58.546+0000] {processor.py:925} INFO - DAG(s) 'example_params_ui_tutorial' retrieved from /usr/local/python/3.12.1/lib/python3.12/site-packages/airflow/example_dags/example_params_ui_tutorial.py
[2026-04-27T23:18:58.575+0000] {logging_mixin.py:190} INFO - [2026-04-27T23:18:58.575+0000] {dag.py:3239} INFO - Sync 1 DAGs
[2026-04-27T23:18:58.585+0000] {logging_mixin.py:190} INFO - [2026-04-27T23:18:58.584+0000] {dag.py:4180} INFO - Setting next_dagrun for example_params_ui_tutorial to None, run_after=None
[2026-04-27T23:18:58.601+0000] {processor.py:208} INFO - Processing /usr/local/python/3.12.1/lib/python3.12/site-packages/airflow/example_dags/example_params_ui_tutorial.py took 0.069 seconds
[2026-04-27T23:20:17.917+0000] {processor.py:186} INFO - Started process (PID=44203) to work on /usr/local/python/3.12.1/lib/python3.12/site-packages/airflow/example_dags/example_params_ui_tutorial.py
[2026-04-27T23:20:17.918+0000] {processor.py:914} INFO - Processing file /usr/local/python/3.12.1/lib/python3.12/site-packages/airflow/example_dags/example_params_ui_tutorial.py for tasks to queue
[2026-04-27T23:20:17.920+0000] {logging_mixin.py:190} INFO - [2026-04-27T23:20:17.919+0000] {dagbag.py:588} INFO - Filling up the DagBag from /usr/local/python/3.12.1/lib/python3.12/site-packages/airflow/example_dags/example_params_ui_tutorial.py
[2026-04-27T23:20:17.927+0000] {processor.py:925} INFO - DAG(s) 'example_params_ui_tutorial' retrieved from /usr/local/python/3.12.1/lib/python3.12/site-packages/airflow/example_dags/example_params_ui_tutorial.py
[2026-04-27T23:20:17.961+0000] {logging_mixin.py:190} INFO - [2026-04-27T23:20:17.961+0000] {dag.py:3239} INFO - Sync 1 DAGs
[2026-04-27T23:20:17.971+0000] {logging_mixin.py:190} INFO - [2026-04-27T23:20:17.971+0000] {dag.py:4180} INFO - Setting next_dagrun for example_params_ui_tutorial to None, run_after=None
[2026-04-27T23:20:17.988+0000] {processor.py:208} INFO - Processing /usr/local/python/3.12.1/lib/python3.12/site-packages/airflow/example_dags/example_params_ui_tutorial.py took 0.075 seconds
[2026-04-27T23:21:37.838+0000] {processor.py:186} INFO - Started process (PID=45058) to work on /usr/local/python/3.12.1/lib/python3.12/site-packages/airflow/example_dags/example_params_ui_tutorial.py
[2026-04-27T23:21:37.839+0000] {processor.py:914} INFO - Processing file /usr/local/python/3.12.1/lib/python3.12/site-packages/airflow/example_dags/example_params_ui_tutorial.py for tasks to queue
[2026-04-27T23:21:37.841+0000] {logging_mixin.py:190} INFO - [2026-04-27T23:21:37.840+0000] {dagbag.py:588} INFO - Filling up the DagBag from /usr/local/python/3.12.1/lib/python3.12/site-packages/airflow/example_dags/example_params_ui_tutorial.py
[2026-04-27T23:21:37.849+0000] {processor.py:925} INFO - DAG(s) 'example_params_ui_tutorial' retrieved from /usr/local/python/3.12.1/lib/python3.12/site-packages/airflow/example_dags/example_params_ui_tutorial.py
[2026-04-27T23:21:37.879+0000] {logging_mixin.py:190} INFO - [2026-04-27T23:21:37.879+0000] {dag.py:3239} INFO - Sync 1 DAGs
[2026-04-27T23:21:37.888+0000] {logging_mixin.py:190} INFO - [2026-04-27T23:21:37.888+0000] {dag.py:4180} INFO - Setting next_dagrun for example_params_ui_tutorial to None, run_after=None
[2026-04-27T23:21:37.904+0000] {processor.py:208} INFO - Processing /usr/local/python/3.12.1/lib/python3.12/site-packages/airflow/example_dags/example_params_ui_tutorial.py took 0.072 seconds
[2026-04-27T23:23:02.462+0000] {processor.py:186} INFO - Started process (PID=46005) to work on /usr/local/python/3.12.1/lib/python3.12/site-packages/airflow/example_dags/example_params_ui_tutorial.py
[2026-04-27T23:23:02.462+0000] {processor.py:914} INFO - Processing file /usr/local/python/3.12.1/lib/python3.12/site-packages/airflow/example_dags/example_params_ui_tutorial.py for tasks to queue
[2026-04-27T23:23:02.464+0000] {logging_mixin.py:190} INFO - [2026-04-27T23:23:02.464+0000] {dagbag.py:588} INFO - Filling up the DagBag from /usr/local/python/3.12.1/lib/python3.12/site-packages/airflow/example_dags/example_params_ui_tutorial.py
[2026-04-27T23:23:02.471+0000] {processor.py:925} INFO - DAG(s) 'example_params_ui_tutorial' retrieved from /usr/local/python/3.12.1/lib/python3.12/site-packages/airflow/example_dags/example_params_ui_tutorial.py
[2026-04-27T23:23:02.500+0000] {logging_mixin.py:190} INFO - [2026-04-27T23:23:02.500+0000] {dag.py:3239} INFO - Sync 1 DAGs
[2026-04-27T23:23:02.509+0000] {logging_mixin.py:190} INFO - [2026-04-27T23:23:02.509+0000] {dag.py:4180} INFO - Setting next_dagrun for example_params_ui_tutorial to None, run_after=None
[2026-04-27T23:23:02.526+0000] {processor.py:208} INFO - Processing /usr/local/python/3.12.1/lib/python3.12/site-packages/airflow/example_dags/example_params_ui_tutorial.py took 0.069 seconds
[2026-04-27T23:24:27.978+0000] {processor.py:186} INFO - Started process (PID=46850) to work on /usr/local/python/3.12.1/lib/python3.12/site-packages/airflow/example_dags/example_params_ui_tutorial.py
[2026-04-27T23:24:27.978+0000] {processor.py:914} INFO - Processing file /usr/local/python/3.12.1/lib/python3.12/site-packages/airflow/example_dags/example_params_ui_tutorial.py for tasks to queue
[2026-04-27T23:24:27.980+0000] {logging_mixin.py:190} INFO - [2026-04-27T23:24:27.980+0000] {dagbag.py:588} INFO - Filling up the DagBag from /usr/local/python/3.12.1/lib/python3.12/site-packages/airflow/example_dags/example_params_ui_tutorial.py
[2026-04-27T23:24:27.989+0000] {processor.py:925} INFO - DAG(s) 'example_params_ui_tutorial' retrieved from /usr/local/python/3.12.1/lib/python3.12/site-packages/airflow/example_dags/example_params_ui_tutorial.py
[2026-04-27T23:24:28.020+0000] {logging_mixin.py:190} INFO - [2026-04-27T23:24:28.020+0000] {dag.py:3239} INFO - Sync 1 DAGs
[2026-04-27T23:24:28.033+0000] {logging_mixin.py:190} INFO - [2026-04-27T23:24:28.033+0000] {dag.py:4180} INFO - Setting next_dagrun for example_params_ui_tutorial to None, run_after=None
[2026-04-27T23:24:28.184+0000] {processor.py:208} INFO - Processing /usr/local/python/3.12.1/lib/python3.12/site-packages/airflow/example_dags/example_params_ui_tutorial.py took 0.210 seconds
[2026-04-27T23:25:56.492+0000] {processor.py:186} INFO - Started process (PID=47894) to work on /usr/local/python/3.12.1/lib/python3.12/site-packages/airflow/example_dags/example_params_ui_tutorial.py
[2026-04-27T23:25:56.495+0000] {processor.py:914} INFO - Processing file /usr/local/python/3.12.1/lib/python3.12/site-packages/airflow/example_dags/example_params_ui_tutorial.py for tasks to queue
[2026-04-27T23:25:56.497+0000] {logging_mixin.py:190} INFO - [2026-04-27T23:25:56.497+0000] {dagbag.py:588} INFO - Filling up the DagBag from /usr/local/python/3.12.1/lib/python3.12/site-packages/airflow/example_dags/example_params_ui_tutorial.py
[2026-04-27T23:25:56.510+0000] {processor.py:925} INFO - DAG(s) 'example_params_ui_tutorial' retrieved from /usr/local/python/3.12.1/lib/python3.12/site-packages/airflow/example_dags/example_params_ui_tutorial.py
[2026-04-27T23:25:56.591+0000] {logging_mixin.py:190} INFO - [2026-04-27T23:25:56.591+0000] {dag.py:3239} INFO - Sync 1 DAGs
[2026-04-27T23:25:56.602+0000] {logging_mixin.py:190} INFO - [2026-04-27T23:25:56.602+0000] {dag.py:4180} INFO - Setting next_dagrun for example_params_ui_tutorial to None, run_after=None
[2026-04-27T23:25:56.619+0000] {processor.py:208} INFO - Processing /usr/local/python/3.12.1/lib/python3.12/site-packages/airflow/example_dags/example_params_ui_tutorial.py took 0.134 seconds
[2026-04-27T23:27:26.281+0000] {processor.py:186} INFO - Started process (PID=48817) to work on /usr/local/python/3.12.1/lib/python3.12/site-packages/airflow/example_dags/example_params_ui_tutorial.py
[2026-04-27T23:27:26.282+0000] {processor.py:914} INFO - Processing file /usr/local/python/3.12.1/lib/python3.12/site-packages/airflow/example_dags/example_params_ui_tutorial.py for tasks to queue
[2026-04-27T23:27:26.285+0000] {logging_mixin.py:190} INFO - [2026-04-27T23:27:26.283+0000] {dagbag.py:588} INFO - Filling up the DagBag from /usr/local/python/3.12.1/lib/python3.12/site-packages/airflow/example_dags/example_params_ui_tutorial.py
[2026-04-27T23:27:26.305+0000] {processor.py:925} INFO - DAG(s) 'example_params_ui_tutorial' retrieved from /usr/local/python/3.12.1/lib/python3.12/site-packages/airflow/example_dags/example_params_ui_tutorial.py
[2026-04-27T23:27:26.339+0000] {logging_mixin.py:190} INFO - [2026-04-27T23:27:26.338+0000] {dag.py:3239} INFO - Sync 1 DAGs
[2026-04-27T23:27:26.350+0000] {logging_mixin.py:190} INFO - [2026-04-27T23:27:26.350+0000] {dag.py:4180} INFO - Setting next_dagrun for example_params_ui_tutorial to None, run_after=None
[2026-04-27T23:27:26.366+0000] {processor.py:208} INFO - Processing /usr/local/python/3.12.1/lib/python3.12/site-packages/airflow/example_dags/example_params_ui_tutorial.py took 0.095 seconds
[2026-04-27T23:28:51.320+0000] {processor.py:186} INFO - Started process (PID=49799) to work on /usr/local/python/3.12.1/lib/python3.12/site-packages/airflow/example_dags/example_params_ui_tutorial.py
[2026-04-27T23:28:51.321+0000] {processor.py:914} INFO - Processing file /usr/local/python/3.12.1/lib/python3.12/site-packages/airflow/example_dags/example_params_ui_tutorial.py for tasks to queue
[2026-04-27T23:28:51.322+0000] {logging_mixin.py:190} INFO - [2026-04-27T23:28:51.322+0000] {dagbag.py:588} INFO - Filling up the DagBag from /usr/local/python/3.12.1/lib/python3.12/site-packages/airflow/example_dags/example_params_ui_tutorial.py
[2026-04-27T23:28:51.331+0000] {processor.py:925} INFO - DAG(s) 'example_params_ui_tutorial' retrieved from /usr/local/python/3.12.1/lib/python3.12/site-packages/airflow/example_dags/example_params_ui_tutorial.py
[2026-04-27T23:28:51.362+0000] {logging_mixin.py:190} INFO - [2026-04-27T23:28:51.361+0000] {dag.py:3239} INFO - Sync 1 DAGs
[2026-04-27T23:28:51.509+0000] {logging_mixin.py:190} INFO - [2026-04-27T23:28:51.509+0000] {dag.py:4180} INFO - Setting next_dagrun for example_params_ui_tutorial to None, run_after=None
[2026-04-27T23:28:51.527+0000] {processor.py:208} INFO - Processing /usr/local/python/3.12.1/lib/python3.12/site-packages/airflow/example_dags/example_params_ui_tutorial.py took 0.211 seconds
[2026-04-27T23:30:20.125+0000] {processor.py:186} INFO - Started process (PID=50767) to work on /usr/local/python/3.12.1/lib/python3.12/site-packages/airflow/example_dags/example_params_ui_tutorial.py
[2026-04-27T23:30:20.126+0000] {processor.py:914} INFO - Processing file /usr/local/python/3.12.1/lib/python3.12/site-packages/airflow/example_dags/example_params_ui_tutorial.py for tasks to queue
[2026-04-27T23:30:20.128+0000] {logging_mixin.py:190} INFO - [2026-04-27T23:30:20.127+0000] {dagbag.py:588} INFO - Filling up the DagBag from /usr/local/python/3.12.1/lib/python3.12/site-packages/airflow/example_dags/example_params_ui_tutorial.py
[2026-04-27T23:30:20.136+0000] {processor.py:925} INFO - DAG(s) 'example_params_ui_tutorial' retrieved from /usr/local/python/3.12.1/lib/python3.12/site-packages/airflow/example_dags/example_params_ui_tutorial.py
[2026-04-27T23:30:20.167+0000] {logging_mixin.py:190} INFO - [2026-04-27T23:30:20.166+0000] {dag.py:3239} INFO - Sync 1 DAGs
[2026-04-27T23:30:20.176+0000] {logging_mixin.py:190} INFO - [2026-04-27T23:30:20.176+0000] {dag.py:4180} INFO - Setting next_dagrun for example_params_ui_tutorial to None, run_after=None
[2026-04-27T23:30:20.194+0000] {processor.py:208} INFO - Processing /usr/local/python/3.12.1/lib/python3.12/site-packages/airflow/example_dags/example_params_ui_tutorial.py took 0.074 seconds
[2026-04-27T23:31:52.671+0000] {processor.py:186} INFO - Started process (PID=51769) to work on /usr/local/python/3.12.1/lib/python3.12/site-packages/airflow/example_dags/example_params_ui_tutorial.py
[2026-04-27T23:31:52.674+0000] {processor.py:914} INFO - Processing file /usr/local/python/3.12.1/lib/python3.12/site-packages/airflow/example_dags/example_params_ui_tutorial.py for tasks to queue
[2026-04-27T23:31:52.678+0000] {logging_mixin.py:190} INFO - [2026-04-27T23:31:52.676+0000] {dagbag.py:588} INFO - Filling up the DagBag from /usr/local/python/3.12.1/lib/python3.12/site-packages/airflow/example_dags/example_params_ui_tutorial.py
[2026-04-27T23:31:52.815+0000] {processor.py:925} INFO - DAG(s) 'example_params_ui_tutorial' retrieved from /usr/local/python/3.12.1/lib/python3.12/site-packages/airflow/example_dags/example_params_ui_tutorial.py
[2026-04-27T23:31:52.846+0000] {logging_mixin.py:190} INFO - [2026-04-27T23:31:52.846+0000] {dag.py:3239} INFO - Sync 1 DAGs
[2026-04-27T23:31:52.854+0000] {logging_mixin.py:190} INFO - [2026-04-27T23:31:52.854+0000] {dag.py:4180} INFO - Setting next_dagrun for example_params_ui_tutorial to None, run_after=None
[2026-04-27T23:31:52.869+0000] {processor.py:208} INFO - Processing /usr/local/python/3.12.1/lib/python3.12/site-packages/airflow/example_dags/example_params_ui_tutorial.py took 0.207 seconds
[2026-04-27T23:33:18.716+0000] {processor.py:186} INFO - Started process (PID=52683) to work on /usr/local/python/3.12.1/lib/python3.12/site-packages/airflow/example_dags/example_params_ui_tutorial.py
[2026-04-27T23:33:18.717+0000] {processor.py:914} INFO - Processing file /usr/local/python/3.12.1/lib/python3.12/site-packages/airflow/example_dags/example_params_ui_tutorial.py for tasks to queue
[2026-04-27T23:33:18.719+0000] {logging_mixin.py:190} INFO - [2026-04-27T23:33:18.719+0000] {dagbag.py:588} INFO - Filling up the DagBag from /usr/local/python/3.12.1/lib/python3.12/site-packages/airflow/example_dags/example_params_ui_tutorial.py
[2026-04-27T23:33:18.727+0000] {processor.py:925} INFO - DAG(s) 'example_params_ui_tutorial' retrieved from /usr/local/python/3.12.1/lib/python3.12/site-packages/airflow/example_dags/example_params_ui_tutorial.py
[2026-04-27T23:33:18.759+0000] {logging_mixin.py:190} INFO - [2026-04-27T23:33:18.759+0000] {dag.py:3239} INFO - Sync 1 DAGs
[2026-04-27T23:33:18.770+0000] {logging_mixin.py:190} INFO - [2026-04-27T23:33:18.770+0000] {dag.py:4180} INFO - Setting next_dagrun for example_params_ui_tutorial to None, run_after=None
[2026-04-27T23:33:18.788+0000] {processor.py:208} INFO - Processing /usr/local/python/3.12.1/lib/python3.12/site-packages/airflow/example_dags/example_params_ui_tutorial.py took 0.076 seconds
[2026-04-27T23:34:37.896+0000] {processor.py:186} INFO - Started process (PID=53540) to work on /usr/local/python/3.12.1/lib/python3.12/site-packages/airflow/example_dags/example_params_ui_tutorial.py
[2026-04-27T23:34:37.896+0000] {processor.py:914} INFO - Processing file /usr/local/python/3.12.1/lib/python3.12/site-packages/airflow/example_dags/example_params_ui_tutorial.py for tasks to queue
[2026-04-27T23:34:37.898+0000] {logging_mixin.py:190} INFO - [2026-04-27T23:34:37.898+0000] {dagbag.py:588} INFO - Filling up the DagBag from /usr/local/python/3.12.1/lib/python3.12/site-packages/airflow/example_dags/example_params_ui_tutorial.py
[2026-04-27T23:34:37.906+0000] {processor.py:925} INFO - DAG(s) 'example_params_ui_tutorial' retrieved from /usr/local/python/3.12.1/lib/python3.12/site-packages/airflow/example_dags/example_params_ui_tutorial.py
[2026-04-27T23:34:37.938+0000] {logging_mixin.py:190} INFO - [2026-04-27T23:34:37.938+0000] {dag.py:3239} INFO - Sync 1 DAGs
[2026-04-27T23:34:37.951+0000] {logging_mixin.py:190} INFO - [2026-04-27T23:34:37.951+0000] {dag.py:4180} INFO - Setting next_dagrun for example_params_ui_tutorial to None, run_after=None
[2026-04-27T23:34:37.974+0000] {processor.py:208} INFO - Processing /usr/local/python/3.12.1/lib/python3.12/site-packages/airflow/example_dags/example_params_ui_tutorial.py took 0.083 seconds
[2026-04-27T23:35:57.433+0000] {processor.py:186} INFO - Started process (PID=54444) to work on /usr/local/python/3.12.1/lib/python3.12/site-packages/airflow/example_dags/example_params_ui_tutorial.py
[2026-04-27T23:35:57.434+0000] {processor.py:914} INFO - Processing file /usr/local/python/3.12.1/lib/python3.12/site-packages/airflow/example_dags/example_params_ui_tutorial.py for tasks to queue
[2026-04-27T23:35:57.437+0000] {logging_mixin.py:190} INFO - [2026-04-27T23:35:57.436+0000] {dagbag.py:588} INFO - Filling up the DagBag from /usr/local/python/3.12.1/lib/python3.12/site-packages/airflow/example_dags/example_params_ui_tutorial.py
[2026-04-27T23:35:57.451+0000] {processor.py:925} INFO - DAG(s) 'example_params_ui_tutorial' retrieved from /usr/local/python/3.12.1/lib/python3.12/site-packages/airflow/example_dags/example_params_ui_tutorial.py
[2026-04-27T23:35:57.512+0000] {logging_mixin.py:190} INFO - [2026-04-27T23:35:57.511+0000] {dag.py:3239} INFO - Sync 1 DAGs
[2026-04-27T23:35:57.530+0000] {logging_mixin.py:190} INFO - [2026-04-27T23:35:57.530+0000] {dag.py:4180} INFO - Setting next_dagrun for example_params_ui_tutorial to None, run_after=None
[2026-04-27T23:35:57.558+0000] {processor.py:208} INFO - Processing /usr/local/python/3.12.1/lib/python3.12/site-packages/airflow/example_dags/example_params_ui_tutorial.py took 0.133 seconds
[2026-04-27T23:37:19.312+0000] {processor.py:186} INFO - Started process (PID=55333) to work on /usr/local/python/3.12.1/lib/python3.12/site-packages/airflow/example_dags/example_params_ui_tutorial.py
[2026-04-27T23:37:19.313+0000] {processor.py:914} INFO - Processing file /usr/local/python/3.12.1/lib/python3.12/site-packages/airflow/example_dags/example_params_ui_tutorial.py for tasks to queue
[2026-04-27T23:37:19.316+0000] {logging_mixin.py:190} INFO - [2026-04-27T23:37:19.316+0000] {dagbag.py:588} INFO - Filling up the DagBag from /usr/local/python/3.12.1/lib/python3.12/site-packages/airflow/example_dags/example_params_ui_tutorial.py
[2026-04-27T23:37:19.328+0000] {processor.py:925} INFO - DAG(s) 'example_params_ui_tutorial' retrieved from /usr/local/python/3.12.1/lib/python3.12/site-packages/airflow/example_dags/example_params_ui_tutorial.py
[2026-04-27T23:37:19.366+0000] {logging_mixin.py:190} INFO - [2026-04-27T23:37:19.365+0000] {dag.py:3239} INFO - Sync 1 DAGs
[2026-04-27T23:37:19.376+0000] {logging_mixin.py:190} INFO - [2026-04-27T23:37:19.376+0000] {dag.py:4180} INFO - Setting next_dagrun for example_params_ui_tutorial to None, run_after=None
[2026-04-27T23:37:19.393+0000] {processor.py:208} INFO - Processing /usr/local/python/3.12.1/lib/python3.12/site-packages/airflow/example_dags/example_params_ui_tutorial.py took 0.092 seconds
[2026-04-27T23:38:40.636+0000] {processor.py:186} INFO - Started process (PID=56215) to work on /usr/local/python/3.12.1/lib/python3.12/site-packages/airflow/example_dags/example_params_ui_tutorial.py
[2026-04-27T23:38:40.637+0000] {processor.py:914} INFO - Processing file /usr/local/python/3.12.1/lib/python3.12/site-packages/airflow/example_dags/example_params_ui_tutorial.py for tasks to queue
[2026-04-27T23:38:40.639+0000] {logging_mixin.py:190} INFO - [2026-04-27T23:38:40.639+0000] {dagbag.py:588} INFO - Filling up the DagBag from /usr/local/python/3.12.1/lib/python3.12/site-packages/airflow/example_dags/example_params_ui_tutorial.py
[2026-04-27T23:38:40.650+0000] {processor.py:925} INFO - DAG(s) 'example_params_ui_tutorial' retrieved from /usr/local/python/3.12.1/lib/python3.12/site-packages/airflow/example_dags/example_params_ui_tutorial.py
[2026-04-27T23:38:40.682+0000] {logging_mixin.py:190} INFO - [2026-04-27T23:38:40.682+0000] {dag.py:3239} INFO - Sync 1 DAGs
[2026-04-27T23:38:40.694+0000] {logging_mixin.py:190} INFO - [2026-04-27T23:38:40.694+0000] {dag.py:4180} INFO - Setting next_dagrun for example_params_ui_tutorial to None, run_after=None
[2026-04-27T23:38:40.712+0000] {processor.py:208} INFO - Processing /usr/local/python/3.12.1/lib/python3.12/site-packages/airflow/example_dags/example_params_ui_tutorial.py took 0.082 seconds
[2026-04-27T23:39:59.471+0000] {processor.py:186} INFO - Started process (PID=57108) to work on /usr/local/python/3.12.1/lib/python3.12/site-packages/airflow/example_dags/example_params_ui_tutorial.py
[2026-04-27T23:39:59.472+0000] {processor.py:914} INFO - Processing file /usr/local/python/3.12.1/lib/python3.12/site-packages/airflow/example_dags/example_params_ui_tutorial.py for tasks to queue
[2026-04-27T23:39:59.473+0000] {logging_mixin.py:190} INFO - [2026-04-27T23:39:59.473+0000] {dagbag.py:588} INFO - Filling up the DagBag from /usr/local/python/3.12.1/lib/python3.12/site-packages/airflow/example_dags/example_params_ui_tutorial.py
[2026-04-27T23:39:59.481+0000] {processor.py:925} INFO - DAG(s) 'example_params_ui_tutorial' retrieved from /usr/local/python/3.12.1/lib/python3.12/site-packages/airflow/example_dags/example_params_ui_tutorial.py
[2026-04-27T23:39:59.509+0000] {logging_mixin.py:190} INFO - [2026-04-27T23:39:59.509+0000] {dag.py:3239} INFO - Sync 1 DAGs
[2026-04-27T23:39:59.519+0000] {logging_mixin.py:190} INFO - [2026-04-27T23:39:59.519+0000] {dag.py:4180} INFO - Setting next_dagrun for example_params_ui_tutorial to None, run_after=None
[2026-04-27T23:39:59.537+0000] {processor.py:208} INFO - Processing /usr/local/python/3.12.1/lib/python3.12/site-packages/airflow/example_dags/example_params_ui_tutorial.py took 0.071 seconds
[2026-04-27T23:41:19.177+0000] {processor.py:186} INFO - Started process (PID=58001) to work on /usr/local/python/3.12.1/lib/python3.12/site-packages/airflow/example_dags/example_params_ui_tutorial.py
[2026-04-27T23:41:19.178+0000] {processor.py:914} INFO - Processing file /usr/local/python/3.12.1/lib/python3.12/site-packages/airflow/example_dags/example_params_ui_tutorial.py for tasks to queue
[2026-04-27T23:41:19.180+0000] {logging_mixin.py:190} INFO - [2026-04-27T23:41:19.179+0000] {dagbag.py:588} INFO - Filling up the DagBag from /usr/local/python/3.12.1/lib/python3.12/site-packages/airflow/example_dags/example_params_ui_tutorial.py
[2026-04-27T23:41:19.194+0000] {processor.py:925} INFO - DAG(s) 'example_params_ui_tutorial' retrieved from /usr/local/python/3.12.1/lib/python3.12/site-packages/airflow/example_dags/example_params_ui_tutorial.py
[2026-04-27T23:41:19.223+0000] {logging_mixin.py:190} INFO - [2026-04-27T23:41:19.223+0000] {dag.py:3239} INFO - Sync 1 DAGs
[2026-04-27T23:41:19.235+0000] {logging_mixin.py:190} INFO - [2026-04-27T23:41:19.235+0000] {dag.py:4180} INFO - Setting next_dagrun for example_params_ui_tutorial to None, run_after=None
[2026-04-27T23:41:19.253+0000] {processor.py:208} INFO - Processing /usr/local/python/3.12.1/lib/python3.12/site-packages/airflow/example_dags/example_params_ui_tutorial.py took 0.081 seconds
[2026-04-27T23:42:38.336+0000] {processor.py:186} INFO - Started process (PID=58862) to work on /usr/local/python/3.12.1/lib/python3.12/site-packages/airflow/example_dags/example_params_ui_tutorial.py
[2026-04-27T23:42:38.337+0000] {processor.py:914} INFO - Processing file /usr/local/python/3.12.1/lib/python3.12/site-packages/airflow/example_dags/example_params_ui_tutorial.py for tasks to queue
[2026-04-27T23:42:38.340+0000] {logging_mixin.py:190} INFO - [2026-04-27T23:42:38.339+0000] {dagbag.py:588} INFO - Filling up the DagBag from /usr/local/python/3.12.1/lib/python3.12/site-packages/airflow/example_dags/example_params_ui_tutorial.py
[2026-04-27T23:42:38.349+0000] {processor.py:925} INFO - DAG(s) 'example_params_ui_tutorial' retrieved from /usr/local/python/3.12.1/lib/python3.12/site-packages/airflow/example_dags/example_params_ui_tutorial.py
[2026-04-27T23:42:38.378+0000] {logging_mixin.py:190} INFO - [2026-04-27T23:42:38.378+0000] {dag.py:3239} INFO - Sync 1 DAGs
[2026-04-27T23:42:38.388+0000] {logging_mixin.py:190} INFO - [2026-04-27T23:42:38.388+0000] {dag.py:4180} INFO - Setting next_dagrun for example_params_ui_tutorial to None, run_after=None
[2026-04-27T23:42:38.405+0000] {processor.py:208} INFO - Processing /usr/local/python/3.12.1/lib/python3.12/site-packages/airflow/example_dags/example_params_ui_tutorial.py took 0.075 seconds
[2026-04-27T23:43:55.747+0000] {processor.py:186} INFO - Started process (PID=59690) to work on /usr/local/python/3.12.1/lib/python3.12/site-packages/airflow/example_dags/example_params_ui_tutorial.py
[2026-04-27T23:43:55.748+0000] {processor.py:914} INFO - Processing file /usr/local/python/3.12.1/lib/python3.12/site-packages/airflow/example_dags/example_params_ui_tutorial.py for tasks to queue
[2026-04-27T23:43:55.750+0000] {logging_mixin.py:190} INFO - [2026-04-27T23:43:55.749+0000] {dagbag.py:588} INFO - Filling up the DagBag from /usr/local/python/3.12.1/lib/python3.12/site-packages/airflow/example_dags/example_params_ui_tutorial.py
[2026-04-27T23:43:55.757+0000] {processor.py:925} INFO - DAG(s) 'example_params_ui_tutorial' retrieved from /usr/local/python/3.12.1/lib/python3.12/site-packages/airflow/example_dags/example_params_ui_tutorial.py
[2026-04-27T23:43:55.786+0000] {logging_mixin.py:190} INFO - [2026-04-27T23:43:55.785+0000] {dag.py:3239} INFO - Sync 1 DAGs
[2026-04-27T23:43:55.795+0000] {logging_mixin.py:190} INFO - [2026-04-27T23:43:55.795+0000] {dag.py:4180} INFO - Setting next_dagrun for example_params_ui_tutorial to None, run_after=None
[2026-04-27T23:43:55.811+0000] {processor.py:208} INFO - Processing /usr/local/python/3.12.1/lib/python3.12/site-packages/airflow/example_dags/example_params_ui_tutorial.py took 0.069 seconds
[2026-04-27T23:45:16.174+0000] {processor.py:186} INFO - Started process (PID=60617) to work on /usr/local/python/3.12.1/lib/python3.12/site-packages/airflow/example_dags/example_params_ui_tutorial.py
[2026-04-27T23:45:16.175+0000] {processor.py:914} INFO - Processing file /usr/local/python/3.12.1/lib/python3.12/site-packages/airflow/example_dags/example_params_ui_tutorial.py for tasks to queue
[2026-04-27T23:45:16.177+0000] {logging_mixin.py:190} INFO - [2026-04-27T23:45:16.176+0000] {dagbag.py:588} INFO - Filling up the DagBag from /usr/local/python/3.12.1/lib/python3.12/site-packages/airflow/example_dags/example_params_ui_tutorial.py
[2026-04-27T23:45:16.185+0000] {processor.py:925} INFO - DAG(s) 'example_params_ui_tutorial' retrieved from /usr/local/python/3.12.1/lib/python3.12/site-packages/airflow/example_dags/example_params_ui_tutorial.py
[2026-04-27T23:45:16.214+0000] {logging_mixin.py:190} INFO - [2026-04-27T23:45:16.214+0000] {dag.py:3239} INFO - Sync 1 DAGs
[2026-04-27T23:45:16.225+0000] {logging_mixin.py:190} INFO - [2026-04-27T23:45:16.225+0000] {dag.py:4180} INFO - Setting next_dagrun for example_params_ui_tutorial to None, run_after=None
[2026-04-27T23:45:16.247+0000] {processor.py:208} INFO - Processing /usr/local/python/3.12.1/lib/python3.12/site-packages/airflow/example_dags/example_params_ui_tutorial.py took 0.078 seconds
[2026-04-27T23:46:35.891+0000] {processor.py:186} INFO - Started process (PID=61424) to work on /usr/local/python/3.12.1/lib/python3.12/site-packages/airflow/example_dags/example_params_ui_tutorial.py
[2026-04-27T23:46:35.893+0000] {processor.py:914} INFO - Processing file /usr/local/python/3.12.1/lib/python3.12/site-packages/airflow/example_dags/example_params_ui_tutorial.py for tasks to queue
[2026-04-27T23:46:35.900+0000] {logging_mixin.py:190} INFO - [2026-04-27T23:46:35.898+0000] {dagbag.py:588} INFO - Filling up the DagBag from /usr/local/python/3.12.1/lib/python3.12/site-packages/airflow/example_dags/example_params_ui_tutorial.py
[2026-04-27T23:46:35.926+0000] {processor.py:925} INFO - DAG(s) 'example_params_ui_tutorial' retrieved from /usr/local/python/3.12.1/lib/python3.12/site-packages/airflow/example_dags/example_params_ui_tutorial.py
[2026-04-27T23:46:36.004+0000] {logging_mixin.py:190} INFO - [2026-04-27T23:46:36.004+0000] {dag.py:3239} INFO - Sync 1 DAGs
[2026-04-27T23:46:36.015+0000] {logging_mixin.py:190} INFO - [2026-04-27T23:46:36.014+0000] {dag.py:4180} INFO - Setting next_dagrun for example_params_ui_tutorial to None, run_after=None
[2026-04-27T23:46:36.040+0000] {processor.py:208} INFO - Processing /usr/local/python/3.12.1/lib/python3.12/site-packages/airflow/example_dags/example_params_ui_tutorial.py took 0.164 seconds
[2026-04-27T23:47:53.378+0000] {processor.py:186} INFO - Started process (PID=62263) to work on /usr/local/python/3.12.1/lib/python3.12/site-packages/airflow/example_dags/example_params_ui_tutorial.py
[2026-04-27T23:47:53.378+0000] {processor.py:914} INFO - Processing file /usr/local/python/3.12.1/lib/python3.12/site-packages/airflow/example_dags/example_params_ui_tutorial.py for tasks to queue
[2026-04-27T23:47:53.380+0000] {logging_mixin.py:190} INFO - [2026-04-27T23:47:53.380+0000] {dagbag.py:588} INFO - Filling up the DagBag from /usr/local/python/3.12.1/lib/python3.12/site-packages/airflow/example_dags/example_params_ui_tutorial.py
[2026-04-27T23:47:53.388+0000] {processor.py:925} INFO - DAG(s) 'example_params_ui_tutorial' retrieved from /usr/local/python/3.12.1/lib/python3.12/site-packages/airflow/example_dags/example_params_ui_tutorial.py
[2026-04-27T23:47:53.416+0000] {logging_mixin.py:190} INFO - [2026-04-27T23:47:53.416+0000] {dag.py:3239} INFO - Sync 1 DAGs
[2026-04-27T23:47:53.427+0000] {logging_mixin.py:190} INFO - [2026-04-27T23:47:53.427+0000] {dag.py:4180} INFO - Setting next_dagrun for example_params_ui_tutorial to None, run_after=None
[2026-04-27T23:47:53.451+0000] {processor.py:208} INFO - Processing /usr/local/python/3.12.1/lib/python3.12/site-packages/airflow/example_dags/example_params_ui_tutorial.py took 0.078 seconds
[2026-04-27T23:49:13.935+0000] {processor.py:186} INFO - Started process (PID=63125) to work on /usr/local/python/3.12.1/lib/python3.12/site-packages/airflow/example_dags/example_params_ui_tutorial.py
[2026-04-27T23:49:13.936+0000] {processor.py:914} INFO - Processing file /usr/local/python/3.12.1/lib/python3.12/site-packages/airflow/example_dags/example_params_ui_tutorial.py for tasks to queue
[2026-04-27T23:49:13.938+0000] {logging_mixin.py:190} INFO - [2026-04-27T23:49:13.937+0000] {dagbag.py:588} INFO - Filling up the DagBag from /usr/local/python/3.12.1/lib/python3.12/site-packages/airflow/example_dags/example_params_ui_tutorial.py
[2026-04-27T23:49:13.947+0000] {processor.py:925} INFO - DAG(s) 'example_params_ui_tutorial' retrieved from /usr/local/python/3.12.1/lib/python3.12/site-packages/airflow/example_dags/example_params_ui_tutorial.py
[2026-04-27T23:49:13.974+0000] {logging_mixin.py:190} INFO - [2026-04-27T23:49:13.974+0000] {dag.py:3239} INFO - Sync 1 DAGs
[2026-04-27T23:49:13.984+0000] {logging_mixin.py:190} INFO - [2026-04-27T23:49:13.984+0000] {dag.py:4180} INFO - Setting next_dagrun for example_params_ui_tutorial to None, run_after=None
[2026-04-27T23:49:14.001+0000] {processor.py:208} INFO - Processing /usr/local/python/3.12.1/lib/python3.12/site-packages/airflow/example_dags/example_params_ui_tutorial.py took 0.071 seconds
[2026-04-27T23:50:32.908+0000] {processor.py:186} INFO - Started process (PID=63968) to work on /usr/local/python/3.12.1/lib/python3.12/site-packages/airflow/example_dags/example_params_ui_tutorial.py
[2026-04-27T23:50:32.909+0000] {processor.py:914} INFO - Processing file /usr/local/python/3.12.1/lib/python3.12/site-packages/airflow/example_dags/example_params_ui_tutorial.py for tasks to queue
[2026-04-27T23:50:32.911+0000] {logging_mixin.py:190} INFO - [2026-04-27T23:50:32.910+0000] {dagbag.py:588} INFO - Filling up the DagBag from /usr/local/python/3.12.1/lib/python3.12/site-packages/airflow/example_dags/example_params_ui_tutorial.py
[2026-04-27T23:50:32.918+0000] {processor.py:925} INFO - DAG(s) 'example_params_ui_tutorial' retrieved from /usr/local/python/3.12.1/lib/python3.12/site-packages/airflow/example_dags/example_params_ui_tutorial.py
[2026-04-27T23:50:32.953+0000] {logging_mixin.py:190} INFO - [2026-04-27T23:50:32.953+0000] {dag.py:3239} INFO - Sync 1 DAGs
[2026-04-27T23:50:32.963+0000] {logging_mixin.py:190} INFO - [2026-04-27T23:50:32.963+0000] {dag.py:4180} INFO - Setting next_dagrun for example_params_ui_tutorial to None, run_after=None
[2026-04-27T23:50:32.979+0000] {processor.py:208} INFO - Processing /usr/local/python/3.12.1/lib/python3.12/site-packages/airflow/example_dags/example_params_ui_tutorial.py took 0.076 seconds
[2026-04-27T23:51:52.991+0000] {processor.py:186} INFO - Started process (PID=64895) to work on /usr/local/python/3.12.1/lib/python3.12/site-packages/airflow/example_dags/example_params_ui_tutorial.py
[2026-04-27T23:51:52.992+0000] {processor.py:914} INFO - Processing file /usr/local/python/3.12.1/lib/python3.12/site-packages/airflow/example_dags/example_params_ui_tutorial.py for tasks to queue
[2026-04-27T23:51:52.994+0000] {logging_mixin.py:190} INFO - [2026-04-27T23:51:52.993+0000] {dagbag.py:588} INFO - Filling up the DagBag from /usr/local/python/3.12.1/lib/python3.12/site-packages/airflow/example_dags/example_params_ui_tutorial.py
[2026-04-27T23:51:53.001+0000] {processor.py:925} INFO - DAG(s) 'example_params_ui_tutorial' retrieved from /usr/local/python/3.12.1/lib/python3.12/site-packages/airflow/example_dags/example_params_ui_tutorial.py
[2026-04-27T23:51:53.031+0000] {logging_mixin.py:190} INFO - [2026-04-27T23:51:53.030+0000] {dag.py:3239} INFO - Sync 1 DAGs
[2026-04-27T23:51:53.042+0000] {logging_mixin.py:190} INFO - [2026-04-27T23:51:53.042+0000] {dag.py:4180} INFO - Setting next_dagrun for example_params_ui_tutorial to None, run_after=None
[2026-04-27T23:51:53.059+0000] {processor.py:208} INFO - Processing /usr/local/python/3.12.1/lib/python3.12/site-packages/airflow/example_dags/example_params_ui_tutorial.py took 0.072 seconds
[2026-04-27T23:53:08.208+0000] {processor.py:186} INFO - Started process (PID=65734) to work on /usr/local/python/3.12.1/lib/python3.12/site-packages/airflow/example_dags/example_params_ui_tutorial.py
[2026-04-27T23:53:08.218+0000] {processor.py:914} INFO - Processing file /usr/local/python/3.12.1/lib/python3.12/site-packages/airflow/example_dags/example_params_ui_tutorial.py for tasks to queue
[2026-04-27T23:53:08.221+0000] {logging_mixin.py:190} INFO - [2026-04-27T23:53:08.221+0000] {dagbag.py:588} INFO - Filling up the DagBag from /usr/local/python/3.12.1/lib/python3.12/site-packages/airflow/example_dags/example_params_ui_tutorial.py
[2026-04-27T23:53:08.234+0000] {processor.py:925} INFO - DAG(s) 'example_params_ui_tutorial' retrieved from /usr/local/python/3.12.1/lib/python3.12/site-packages/airflow/example_dags/example_params_ui_tutorial.py
[2026-04-27T23:53:08.292+0000] {logging_mixin.py:190} INFO - [2026-04-27T23:53:08.292+0000] {dag.py:3239} INFO - Sync 1 DAGs
[2026-04-27T23:53:08.304+0000] {logging_mixin.py:190} INFO - [2026-04-27T23:53:08.303+0000] {dag.py:4180} INFO - Setting next_dagrun for example_params_ui_tutorial to None, run_after=None
[2026-04-27T23:53:08.324+0000] {processor.py:208} INFO - Processing /usr/local/python/3.12.1/lib/python3.12/site-packages/airflow/example_dags/example_params_ui_tutorial.py took 0.124 seconds
[2026-04-27T23:54:26.632+0000] {processor.py:186} INFO - Started process (PID=66533) to work on /usr/local/python/3.12.1/lib/python3.12/site-packages/airflow/example_dags/example_params_ui_tutorial.py
[2026-04-27T23:54:26.633+0000] {processor.py:914} INFO - Processing file /usr/local/python/3.12.1/lib/python3.12/site-packages/airflow/example_dags/example_params_ui_tutorial.py for tasks to queue
[2026-04-27T23:54:26.635+0000] {logging_mixin.py:190} INFO - [2026-04-27T23:54:26.635+0000] {dagbag.py:588} INFO - Filling up the DagBag from /usr/local/python/3.12.1/lib/python3.12/site-packages/airflow/example_dags/example_params_ui_tutorial.py
[2026-04-27T23:54:26.645+0000] {processor.py:925} INFO - DAG(s) 'example_params_ui_tutorial' retrieved from /usr/local/python/3.12.1/lib/python3.12/site-packages/airflow/example_dags/example_params_ui_tutorial.py
[2026-04-27T23:54:26.672+0000] {logging_mixin.py:190} INFO - [2026-04-27T23:54:26.672+0000] {dag.py:3239} INFO - Sync 1 DAGs
[2026-04-27T23:54:26.682+0000] {logging_mixin.py:190} INFO - [2026-04-27T23:54:26.682+0000] {dag.py:4180} INFO - Setting next_dagrun for example_params_ui_tutorial to None, run_after=None
[2026-04-27T23:54:26.698+0000] {processor.py:208} INFO - Processing /usr/local/python/3.12.1/lib/python3.12/site-packages/airflow/example_dags/example_params_ui_tutorial.py took 0.072 seconds
[2026-04-27T23:55:46.700+0000] {processor.py:186} INFO - Started process (PID=67512) to work on /usr/local/python/3.12.1/lib/python3.12/site-packages/airflow/example_dags/example_params_ui_tutorial.py
[2026-04-27T23:55:46.701+0000] {processor.py:914} INFO - Processing file /usr/local/python/3.12.1/lib/python3.12/site-packages/airflow/example_dags/example_params_ui_tutorial.py for tasks to queue
[2026-04-27T23:55:46.703+0000] {logging_mixin.py:190} INFO - [2026-04-27T23:55:46.703+0000] {dagbag.py:588} INFO - Filling up the DagBag from /usr/local/python/3.12.1/lib/python3.12/site-packages/airflow/example_dags/example_params_ui_tutorial.py
[2026-04-27T23:55:46.711+0000] {processor.py:925} INFO - DAG(s) 'example_params_ui_tutorial' retrieved from /usr/local/python/3.12.1/lib/python3.12/site-packages/airflow/example_dags/example_params_ui_tutorial.py
[2026-04-27T23:55:46.747+0000] {logging_mixin.py:190} INFO - [2026-04-27T23:55:46.747+0000] {dag.py:3239} INFO - Sync 1 DAGs
[2026-04-27T23:55:46.757+0000] {logging_mixin.py:190} INFO - [2026-04-27T23:55:46.757+0000] {dag.py:4180} INFO - Setting next_dagrun for example_params_ui_tutorial to None, run_after=None
[2026-04-27T23:55:46.773+0000] {processor.py:208} INFO - Processing /usr/local/python/3.12.1/lib/python3.12/site-packages/airflow/example_dags/example_params_ui_tutorial.py took 0.078 seconds
[2026-04-27T23:57:07.422+0000] {processor.py:186} INFO - Started process (PID=68389) to work on /usr/local/python/3.12.1/lib/python3.12/site-packages/airflow/example_dags/example_params_ui_tutorial.py
[2026-04-27T23:57:07.423+0000] {processor.py:914} INFO - Processing file /usr/local/python/3.12.1/lib/python3.12/site-packages/airflow/example_dags/example_params_ui_tutorial.py for tasks to queue
[2026-04-27T23:57:07.425+0000] {logging_mixin.py:190} INFO - [2026-04-27T23:57:07.425+0000] {dagbag.py:588} INFO - Filling up the DagBag from /usr/local/python/3.12.1/lib/python3.12/site-packages/airflow/example_dags/example_params_ui_tutorial.py
[2026-04-27T23:57:07.434+0000] {processor.py:925} INFO - DAG(s) 'example_params_ui_tutorial' retrieved from /usr/local/python/3.12.1/lib/python3.12/site-packages/airflow/example_dags/example_params_ui_tutorial.py
[2026-04-27T23:57:07.466+0000] {logging_mixin.py:190} INFO - [2026-04-27T23:57:07.465+0000] {dag.py:3239} INFO - Sync 1 DAGs
[2026-04-27T23:57:07.476+0000] {logging_mixin.py:190} INFO - [2026-04-27T23:57:07.476+0000] {dag.py:4180} INFO - Setting next_dagrun for example_params_ui_tutorial to None, run_after=None
[2026-04-27T23:57:07.494+0000] {processor.py:208} INFO - Processing /usr/local/python/3.12.1/lib/python3.12/site-packages/airflow/example_dags/example_params_ui_tutorial.py took 0.076 seconds
[2026-04-27T23:58:26.205+0000] {processor.py:186} INFO - Started process (PID=69190) to work on /usr/local/python/3.12.1/lib/python3.12/site-packages/airflow/example_dags/example_params_ui_tutorial.py
[2026-04-27T23:58:26.206+0000] {processor.py:914} INFO - Processing file /usr/local/python/3.12.1/lib/python3.12/site-packages/airflow/example_dags/example_params_ui_tutorial.py for tasks to queue
[2026-04-27T23:58:26.207+0000] {logging_mixin.py:190} INFO - [2026-04-27T23:58:26.207+0000] {dagbag.py:588} INFO - Filling up the DagBag from /usr/local/python/3.12.1/lib/python3.12/site-packages/airflow/example_dags/example_params_ui_tutorial.py
[2026-04-27T23:58:26.215+0000] {processor.py:925} INFO - DAG(s) 'example_params_ui_tutorial' retrieved from /usr/local/python/3.12.1/lib/python3.12/site-packages/airflow/example_dags/example_params_ui_tutorial.py
[2026-04-27T23:58:26.249+0000] {logging_mixin.py:190} INFO - [2026-04-27T23:58:26.249+0000] {dag.py:3239} INFO - Sync 1 DAGs
[2026-04-27T23:58:26.259+0000] {logging_mixin.py:190} INFO - [2026-04-27T23:58:26.259+0000] {dag.py:4180} INFO - Setting next_dagrun for example_params_ui_tutorial to None, run_after=None
[2026-04-27T23:58:26.276+0000] {processor.py:208} INFO - Processing /usr/local/python/3.12.1/lib/python3.12/site-packages/airflow/example_dags/example_params_ui_tutorial.py took 0.076 seconds
[2026-04-27T23:59:47.227+0000] {processor.py:186} INFO - Started process (PID=70117) to work on /usr/local/python/3.12.1/lib/python3.12/site-packages/airflow/example_dags/example_params_ui_tutorial.py
[2026-04-27T23:59:47.228+0000] {processor.py:914} INFO - Processing file /usr/local/python/3.12.1/lib/python3.12/site-packages/airflow/example_dags/example_params_ui_tutorial.py for tasks to queue
[2026-04-27T23:59:47.230+0000] {logging_mixin.py:190} INFO - [2026-04-27T23:59:47.230+0000] {dagbag.py:588} INFO - Filling up the DagBag from /usr/local/python/3.12.1/lib/python3.12/site-packages/airflow/example_dags/example_params_ui_tutorial.py
[2026-04-27T23:59:47.240+0000] {processor.py:925} INFO - DAG(s) 'example_params_ui_tutorial' retrieved from /usr/local/python/3.12.1/lib/python3.12/site-packages/airflow/example_dags/example_params_ui_tutorial.py
[2026-04-27T23:59:47.269+0000] {logging_mixin.py:190} INFO - [2026-04-27T23:59:47.269+0000] {dag.py:3239} INFO - Sync 1 DAGs
[2026-04-27T23:59:47.279+0000] {logging_mixin.py:190} INFO - [2026-04-27T23:59:47.278+0000] {dag.py:4180} INFO - Setting next_dagrun for example_params_ui_tutorial to None, run_after=None
[2026-04-27T23:59:47.294+0000] {processor.py:208} INFO - Processing /usr/local/python/3.12.1/lib/python3.12/site-packages/airflow/example_dags/example_params_ui_tutorial.py took 0.072 seconds
