[2026-04-13T13:17:27.076+0000] {local_task_job_runner.py:123} INFO - ::group::Pre task execution logs
[2026-04-13T13:17:27.085+0000] {taskinstance.py:2612} INFO - Dependencies all met for dep_context=non-requeueable deps ti=<TaskInstance: atividade_pratica2_cristina.print_hello manual__2026-04-13T13:17:23.501737+00:00 [queued]>
[2026-04-13T13:17:27.091+0000] {taskinstance.py:2612} INFO - Dependencies all met for dep_context=requeueable deps ti=<TaskInstance: atividade_pratica2_cristina.print_hello manual__2026-04-13T13:17:23.501737+00:00 [queued]>
[2026-04-13T13:17:27.091+0000] {taskinstance.py:2865} INFO - Starting attempt 1 of 1
[2026-04-13T13:17:27.113+0000] {taskinstance.py:2888} INFO - Executing <Task(PythonOperator): print_hello> on 2026-04-13 13:17:23.501737+00:00
[2026-04-13T13:17:27.125+0000] {standard_task_runner.py:72} INFO - Started process 24262 to run task
[2026-04-13T13:17:27.131+0000] {standard_task_runner.py:104} INFO - Running: ['airflow', 'tasks', 'run', 'atividade_pratica2_cristina', 'print_hello', 'manual__2026-04-13T13:17:23.501737+00:00', '--job-id', '80', '--raw', '--subdir', 'DAGS_FOLDER/atividade_pratica2.py', '--cfg-path', '/tmp/tmp9gzbk7i4']
[2026-04-13T13:17:27.131+0000] {standard_task_runner.py:105} INFO - Job 80: Subtask print_hello
[2026-04-13T13:17:27.192+0000] {task_command.py:467} INFO - Running <TaskInstance: atividade_pratica2_cristina.print_hello manual__2026-04-13T13:17:23.501737+00:00 [running]> on host codespaces-1f1e00
[2026-04-13T13:17:27.236+0000] {taskinstance.py:3131} INFO - Exporting env vars: AIRFLOW_CTX_DAG_OWNER='airflow' AIRFLOW_CTX_DAG_ID='atividade_pratica2_cristina' AIRFLOW_CTX_TASK_ID='print_hello' AIRFLOW_CTX_EXECUTION_DATE='2026-04-13T13:17:23.501737+00:00' AIRFLOW_CTX_TRY_NUMBER='1' AIRFLOW_CTX_DAG_RUN_ID='manual__2026-04-13T13:17:23.501737+00:00'
[2026-04-13T13:17:27.237+0000] {logging_mixin.py:190} INFO - Task instance is in running state
[2026-04-13T13:17:27.237+0000] {logging_mixin.py:190} INFO -  Previous state of the Task instance: queued
[2026-04-13T13:17:27.237+0000] {logging_mixin.py:190} INFO - Current task name:print_hello state:running start_date:2026-04-13 13:17:27.086122+00:00
[2026-04-13T13:17:27.238+0000] {logging_mixin.py:190} INFO - Dag name:atividade_pratica2_cristina and current dag run status:running
[2026-04-13T13:17:27.238+0000] {taskinstance.py:731} INFO - ::endgroup::
[2026-04-13T13:17:27.238+0000] {logging_mixin.py:190} INFO - Iniciando atividade pratica 2
[2026-04-13T13:17:27.239+0000] {python.py:240} INFO - Done. Returned value was: None
[2026-04-13T13:17:27.243+0000] {taskinstance.py:340} INFO - ::group::Post task execution logs
[2026-04-13T13:17:27.243+0000] {taskinstance.py:352} INFO - Marking task as SUCCESS. dag_id=atividade_pratica2_cristina, task_id=print_hello, run_id=manual__2026-04-13T13:17:23.501737+00:00, execution_date=20260413T131723, start_date=20260413T131727, end_date=20260413T131727
[2026-04-13T13:17:27.251+0000] {logging_mixin.py:190} INFO - Task instance in success state
[2026-04-13T13:17:27.251+0000] {logging_mixin.py:190} INFO -  Previous state of the Task instance: running
[2026-04-13T13:17:27.251+0000] {logging_mixin.py:190} INFO - Dag name:atividade_pratica2_cristina queued_at:2026-04-13 13:17:23.511916+00:00
[2026-04-13T13:17:27.252+0000] {logging_mixin.py:190} INFO - Task hostname:codespaces-1f1e00 operator:PythonOperator
[2026-04-13T13:17:27.270+0000] {local_task_job_runner.py:266} INFO - Task exited with return code 0
[2026-04-13T13:17:27.285+0000] {taskinstance.py:3900} INFO - 1 downstream tasks scheduled from follow-on schedule check
[2026-04-13T13:17:27.289+0000] {local_task_job_runner.py:245} INFO - ::endgroup::
