[2026-04-12T17:21:27.797+0000] {local_task_job_runner.py:123} INFO - ::group::Pre task execution logs
[2026-04-12T17:21:27.805+0000] {taskinstance.py:2612} INFO - Dependencies all met for dep_context=non-requeueable deps ti=<TaskInstance: xcom_dag_v2.update_currency manual__2026-04-12T17:21:10.695387+00:00 [queued]>
[2026-04-12T17:21:27.809+0000] {taskinstance.py:2612} INFO - Dependencies all met for dep_context=requeueable deps ti=<TaskInstance: xcom_dag_v2.update_currency manual__2026-04-12T17:21:10.695387+00:00 [queued]>
[2026-04-12T17:21:27.809+0000] {taskinstance.py:2865} INFO - Starting attempt 1 of 1
[2026-04-12T17:21:27.822+0000] {taskinstance.py:2888} INFO - Executing <Task(PostgresOperator): update_currency> on 2026-04-12 17:21:10.695387+00:00
[2026-04-12T17:21:27.826+0000] {standard_task_runner.py:72} INFO - Started process 52788 to run task
[2026-04-12T17:21:27.829+0000] {standard_task_runner.py:104} INFO - Running: ['airflow', 'tasks', 'run', 'xcom_dag_v2', 'update_currency', 'manual__2026-04-12T17:21:10.695387+00:00', '--job-id', '67', '--raw', '--subdir', 'DAGS_FOLDER/xcom_dag.py', '--cfg-path', '/tmp/tmpsdzsruxu']
[2026-04-12T17:21:27.829+0000] {standard_task_runner.py:105} INFO - Job 67: Subtask update_currency
[2026-04-12T17:21:27.857+0000] {task_command.py:467} INFO - Running <TaskInstance: xcom_dag_v2.update_currency manual__2026-04-12T17:21:10.695387+00:00 [running]> on host codespaces-1f1e00
[2026-04-12T17:21:27.912+0000] {taskinstance.py:3131} INFO - Exporting env vars: AIRFLOW_CTX_DAG_OWNER='airflow' AIRFLOW_CTX_DAG_ID='xcom_dag_v2' AIRFLOW_CTX_TASK_ID='update_currency' AIRFLOW_CTX_EXECUTION_DATE='2026-04-12T17:21:10.695387+00:00' AIRFLOW_CTX_TRY_NUMBER='1' AIRFLOW_CTX_DAG_RUN_ID='manual__2026-04-12T17:21:10.695387+00:00'
[2026-04-12T17:21:27.912+0000] {logging_mixin.py:190} INFO - Task instance is in running state
[2026-04-12T17:21:27.913+0000] {logging_mixin.py:190} INFO -  Previous state of the Task instance: queued
[2026-04-12T17:21:27.913+0000] {logging_mixin.py:190} INFO - Current task name:update_currency state:running start_date:2026-04-12 17:21:27.805316+00:00
[2026-04-12T17:21:27.913+0000] {logging_mixin.py:190} INFO - Dag name:xcom_dag_v2 and current dag run status:running
[2026-04-12T17:21:27.913+0000] {taskinstance.py:731} INFO - ::endgroup::
[2026-04-12T17:21:27.914+0000] {sql.py:266} INFO - Executing: UPDATE currency SET currency_amount= currency_amount + 500 WHERE player_id in(1, 2)
[2026-04-12T17:21:27.917+0000] {base.py:84} INFO - Retrieving connection 'postgres_default'
[2026-04-12T17:21:27.919+0000] {base.py:84} INFO - Retrieving connection 'postgres_default'
[2026-04-12T17:21:27.927+0000] {sql.py:509} INFO - Running statement: UPDATE currency SET currency_amount= currency_amount + 500 WHERE player_id in(1, 2), parameters: None
[2026-04-12T17:21:27.929+0000] {sql.py:518} INFO - Rows affected: 2
[2026-04-12T17:21:27.934+0000] {taskinstance.py:340} INFO - ::group::Post task execution logs
[2026-04-12T17:21:27.934+0000] {taskinstance.py:352} INFO - Marking task as SUCCESS. dag_id=xcom_dag_v2, task_id=update_currency, run_id=manual__2026-04-12T17:21:10.695387+00:00, execution_date=20260412T172110, start_date=20260412T172127, end_date=20260412T172127
[2026-04-12T17:21:27.944+0000] {logging_mixin.py:190} INFO - Task instance in success state
[2026-04-12T17:21:27.944+0000] {logging_mixin.py:190} INFO -  Previous state of the Task instance: running
[2026-04-12T17:21:27.944+0000] {logging_mixin.py:190} INFO - Dag name:xcom_dag_v2 queued_at:2026-04-12 17:21:10.703229+00:00
[2026-04-12T17:21:27.944+0000] {logging_mixin.py:190} INFO - Task hostname:codespaces-1f1e00 operator:PostgresOperator
[2026-04-12T17:21:27.963+0000] {local_task_job_runner.py:266} INFO - Task exited with return code 0
[2026-04-12T17:21:27.972+0000] {taskinstance.py:3900} INFO - 0 downstream tasks scheduled from follow-on schedule check
[2026-04-12T17:21:27.973+0000] {local_task_job_runner.py:245} INFO - ::endgroup::
