[2026-04-20T00:49:34.587+0000] {processor.py:186} INFO - Started process (PID=16048) to work on /usr/local/python/3.12.1/lib/python3.12/site-packages/airflow/example_dags/example_short_circuit_decorator.py
[2026-04-20T00:49:34.588+0000] {processor.py:914} INFO - Processing file /usr/local/python/3.12.1/lib/python3.12/site-packages/airflow/example_dags/example_short_circuit_decorator.py for tasks to queue
[2026-04-20T00:49:34.589+0000] {logging_mixin.py:190} INFO - [2026-04-20T00:49:34.589+0000] {dagbag.py:588} INFO - Filling up the DagBag from /usr/local/python/3.12.1/lib/python3.12/site-packages/airflow/example_dags/example_short_circuit_decorator.py
[2026-04-20T00:49:34.597+0000] {processor.py:925} INFO - DAG(s) 'example_short_circuit_decorator' retrieved from /usr/local/python/3.12.1/lib/python3.12/site-packages/airflow/example_dags/example_short_circuit_decorator.py
[2026-04-20T00:49:34.613+0000] {logging_mixin.py:190} INFO - [2026-04-20T00:49:34.613+0000] {dag.py:3239} INFO - Sync 1 DAGs
[2026-04-20T00:49:34.623+0000] {logging_mixin.py:190} INFO - [2026-04-20T00:49:34.623+0000] {dag.py:4180} INFO - Setting next_dagrun for example_short_circuit_decorator to None, run_after=None
[2026-04-20T00:49:34.639+0000] {processor.py:208} INFO - Processing /usr/local/python/3.12.1/lib/python3.12/site-packages/airflow/example_dags/example_short_circuit_decorator.py took 0.056 seconds
[2026-04-20T00:50:44.506+0000] {processor.py:186} INFO - Started process (PID=16940) to work on /usr/local/python/3.12.1/lib/python3.12/site-packages/airflow/example_dags/example_short_circuit_decorator.py
[2026-04-20T00:50:44.507+0000] {processor.py:914} INFO - Processing file /usr/local/python/3.12.1/lib/python3.12/site-packages/airflow/example_dags/example_short_circuit_decorator.py for tasks to queue
[2026-04-20T00:50:44.510+0000] {logging_mixin.py:190} INFO - [2026-04-20T00:50:44.509+0000] {dagbag.py:588} INFO - Filling up the DagBag from /usr/local/python/3.12.1/lib/python3.12/site-packages/airflow/example_dags/example_short_circuit_decorator.py
[2026-04-20T00:50:44.528+0000] {processor.py:925} INFO - DAG(s) 'example_short_circuit_decorator' retrieved from /usr/local/python/3.12.1/lib/python3.12/site-packages/airflow/example_dags/example_short_circuit_decorator.py
[2026-04-20T00:50:44.546+0000] {logging_mixin.py:190} INFO - [2026-04-20T00:50:44.546+0000] {dag.py:3239} INFO - Sync 1 DAGs
[2026-04-20T00:50:44.557+0000] {logging_mixin.py:190} INFO - [2026-04-20T00:50:44.557+0000] {dag.py:4180} INFO - Setting next_dagrun for example_short_circuit_decorator to None, run_after=None
[2026-04-20T00:50:44.573+0000] {processor.py:208} INFO - Processing /usr/local/python/3.12.1/lib/python3.12/site-packages/airflow/example_dags/example_short_circuit_decorator.py took 0.073 seconds
[2026-04-20T00:51:57.895+0000] {processor.py:186} INFO - Started process (PID=18367) to work on /usr/local/python/3.12.1/lib/python3.12/site-packages/airflow/example_dags/example_short_circuit_decorator.py
[2026-04-20T00:51:57.896+0000] {processor.py:914} INFO - Processing file /usr/local/python/3.12.1/lib/python3.12/site-packages/airflow/example_dags/example_short_circuit_decorator.py for tasks to queue
[2026-04-20T00:51:57.898+0000] {logging_mixin.py:190} INFO - [2026-04-20T00:51:57.898+0000] {dagbag.py:588} INFO - Filling up the DagBag from /usr/local/python/3.12.1/lib/python3.12/site-packages/airflow/example_dags/example_short_circuit_decorator.py
[2026-04-20T00:51:57.931+0000] {processor.py:925} INFO - DAG(s) 'example_short_circuit_decorator' retrieved from /usr/local/python/3.12.1/lib/python3.12/site-packages/airflow/example_dags/example_short_circuit_decorator.py
[2026-04-20T00:51:57.946+0000] {logging_mixin.py:190} INFO - [2026-04-20T00:51:57.946+0000] {dag.py:3239} INFO - Sync 1 DAGs
[2026-04-20T00:51:57.956+0000] {logging_mixin.py:190} INFO - [2026-04-20T00:51:57.956+0000] {dag.py:4180} INFO - Setting next_dagrun for example_short_circuit_decorator to None, run_after=None
[2026-04-20T00:51:57.973+0000] {processor.py:208} INFO - Processing /usr/local/python/3.12.1/lib/python3.12/site-packages/airflow/example_dags/example_short_circuit_decorator.py took 0.084 seconds
[2026-04-20T00:53:18.997+0000] {processor.py:186} INFO - Started process (PID=19785) to work on /usr/local/python/3.12.1/lib/python3.12/site-packages/airflow/example_dags/example_short_circuit_decorator.py
[2026-04-20T00:53:18.997+0000] {processor.py:914} INFO - Processing file /usr/local/python/3.12.1/lib/python3.12/site-packages/airflow/example_dags/example_short_circuit_decorator.py for tasks to queue
[2026-04-20T00:53:18.999+0000] {logging_mixin.py:190} INFO - [2026-04-20T00:53:18.999+0000] {dagbag.py:588} INFO - Filling up the DagBag from /usr/local/python/3.12.1/lib/python3.12/site-packages/airflow/example_dags/example_short_circuit_decorator.py
[2026-04-20T00:53:19.010+0000] {processor.py:925} INFO - DAG(s) 'example_short_circuit_decorator' retrieved from /usr/local/python/3.12.1/lib/python3.12/site-packages/airflow/example_dags/example_short_circuit_decorator.py
[2026-04-20T00:53:19.027+0000] {logging_mixin.py:190} INFO - [2026-04-20T00:53:19.027+0000] {dag.py:3239} INFO - Sync 1 DAGs
[2026-04-20T00:53:19.037+0000] {logging_mixin.py:190} INFO - [2026-04-20T00:53:19.037+0000] {dag.py:4180} INFO - Setting next_dagrun for example_short_circuit_decorator to None, run_after=None
[2026-04-20T00:53:19.056+0000] {processor.py:208} INFO - Processing /usr/local/python/3.12.1/lib/python3.12/site-packages/airflow/example_dags/example_short_circuit_decorator.py took 0.063 seconds
[2026-04-20T00:54:36.681+0000] {processor.py:186} INFO - Started process (PID=20709) to work on /usr/local/python/3.12.1/lib/python3.12/site-packages/airflow/example_dags/example_short_circuit_decorator.py
[2026-04-20T00:54:36.682+0000] {processor.py:914} INFO - Processing file /usr/local/python/3.12.1/lib/python3.12/site-packages/airflow/example_dags/example_short_circuit_decorator.py for tasks to queue
[2026-04-20T00:54:36.684+0000] {logging_mixin.py:190} INFO - [2026-04-20T00:54:36.683+0000] {dagbag.py:588} INFO - Filling up the DagBag from /usr/local/python/3.12.1/lib/python3.12/site-packages/airflow/example_dags/example_short_circuit_decorator.py
[2026-04-20T00:54:36.692+0000] {processor.py:925} INFO - DAG(s) 'example_short_circuit_decorator' retrieved from /usr/local/python/3.12.1/lib/python3.12/site-packages/airflow/example_dags/example_short_circuit_decorator.py
[2026-04-20T00:54:36.707+0000] {logging_mixin.py:190} INFO - [2026-04-20T00:54:36.707+0000] {dag.py:3239} INFO - Sync 1 DAGs
[2026-04-20T00:54:36.717+0000] {logging_mixin.py:190} INFO - [2026-04-20T00:54:36.717+0000] {dag.py:4180} INFO - Setting next_dagrun for example_short_circuit_decorator to None, run_after=None
[2026-04-20T00:54:36.733+0000] {processor.py:208} INFO - Processing /usr/local/python/3.12.1/lib/python3.12/site-packages/airflow/example_dags/example_short_circuit_decorator.py took 0.056 seconds
[2026-04-20T00:55:50.035+0000] {processor.py:186} INFO - Started process (PID=21473) to work on /usr/local/python/3.12.1/lib/python3.12/site-packages/airflow/example_dags/example_short_circuit_decorator.py
[2026-04-20T00:55:50.037+0000] {processor.py:914} INFO - Processing file /usr/local/python/3.12.1/lib/python3.12/site-packages/airflow/example_dags/example_short_circuit_decorator.py for tasks to queue
[2026-04-20T00:55:50.038+0000] {logging_mixin.py:190} INFO - [2026-04-20T00:55:50.038+0000] {dagbag.py:588} INFO - Filling up the DagBag from /usr/local/python/3.12.1/lib/python3.12/site-packages/airflow/example_dags/example_short_circuit_decorator.py
[2026-04-20T00:55:50.046+0000] {processor.py:925} INFO - DAG(s) 'example_short_circuit_decorator' retrieved from /usr/local/python/3.12.1/lib/python3.12/site-packages/airflow/example_dags/example_short_circuit_decorator.py
[2026-04-20T00:55:50.061+0000] {logging_mixin.py:190} INFO - [2026-04-20T00:55:50.061+0000] {dag.py:3239} INFO - Sync 1 DAGs
[2026-04-20T00:55:50.072+0000] {logging_mixin.py:190} INFO - [2026-04-20T00:55:50.072+0000] {dag.py:4180} INFO - Setting next_dagrun for example_short_circuit_decorator to None, run_after=None
[2026-04-20T00:55:50.107+0000] {processor.py:208} INFO - Processing /usr/local/python/3.12.1/lib/python3.12/site-packages/airflow/example_dags/example_short_circuit_decorator.py took 0.080 seconds
[2026-04-20T00:57:08.679+0000] {processor.py:186} INFO - Started process (PID=22423) to work on /usr/local/python/3.12.1/lib/python3.12/site-packages/airflow/example_dags/example_short_circuit_decorator.py
[2026-04-20T00:57:08.679+0000] {processor.py:914} INFO - Processing file /usr/local/python/3.12.1/lib/python3.12/site-packages/airflow/example_dags/example_short_circuit_decorator.py for tasks to queue
[2026-04-20T00:57:08.681+0000] {logging_mixin.py:190} INFO - [2026-04-20T00:57:08.681+0000] {dagbag.py:588} INFO - Filling up the DagBag from /usr/local/python/3.12.1/lib/python3.12/site-packages/airflow/example_dags/example_short_circuit_decorator.py
[2026-04-20T00:57:08.689+0000] {processor.py:925} INFO - DAG(s) 'example_short_circuit_decorator' retrieved from /usr/local/python/3.12.1/lib/python3.12/site-packages/airflow/example_dags/example_short_circuit_decorator.py
[2026-04-20T00:57:08.703+0000] {logging_mixin.py:190} INFO - [2026-04-20T00:57:08.703+0000] {dag.py:3239} INFO - Sync 1 DAGs
[2026-04-20T00:57:08.713+0000] {logging_mixin.py:190} INFO - [2026-04-20T00:57:08.713+0000] {dag.py:4180} INFO - Setting next_dagrun for example_short_circuit_decorator to None, run_after=None
[2026-04-20T00:57:08.730+0000] {processor.py:208} INFO - Processing /usr/local/python/3.12.1/lib/python3.12/site-packages/airflow/example_dags/example_short_circuit_decorator.py took 0.055 seconds
[2026-04-20T00:58:20.912+0000] {processor.py:186} INFO - Started process (PID=23202) to work on /usr/local/python/3.12.1/lib/python3.12/site-packages/airflow/example_dags/example_short_circuit_decorator.py
[2026-04-20T00:58:20.913+0000] {processor.py:914} INFO - Processing file /usr/local/python/3.12.1/lib/python3.12/site-packages/airflow/example_dags/example_short_circuit_decorator.py for tasks to queue
[2026-04-20T00:58:20.915+0000] {logging_mixin.py:190} INFO - [2026-04-20T00:58:20.914+0000] {dagbag.py:588} INFO - Filling up the DagBag from /usr/local/python/3.12.1/lib/python3.12/site-packages/airflow/example_dags/example_short_circuit_decorator.py
[2026-04-20T00:58:20.922+0000] {processor.py:925} INFO - DAG(s) 'example_short_circuit_decorator' retrieved from /usr/local/python/3.12.1/lib/python3.12/site-packages/airflow/example_dags/example_short_circuit_decorator.py
[2026-04-20T00:58:20.937+0000] {logging_mixin.py:190} INFO - [2026-04-20T00:58:20.937+0000] {dag.py:3239} INFO - Sync 1 DAGs
[2026-04-20T00:58:20.947+0000] {logging_mixin.py:190} INFO - [2026-04-20T00:58:20.947+0000] {dag.py:4180} INFO - Setting next_dagrun for example_short_circuit_decorator to None, run_after=None
[2026-04-20T00:58:20.963+0000] {processor.py:208} INFO - Processing /usr/local/python/3.12.1/lib/python3.12/site-packages/airflow/example_dags/example_short_circuit_decorator.py took 0.055 seconds
[2026-04-20T00:59:44.328+0000] {processor.py:186} INFO - Started process (PID=24298) to work on /usr/local/python/3.12.1/lib/python3.12/site-packages/airflow/example_dags/example_short_circuit_decorator.py
[2026-04-20T00:59:44.328+0000] {processor.py:914} INFO - Processing file /usr/local/python/3.12.1/lib/python3.12/site-packages/airflow/example_dags/example_short_circuit_decorator.py for tasks to queue
[2026-04-20T00:59:44.330+0000] {logging_mixin.py:190} INFO - [2026-04-20T00:59:44.330+0000] {dagbag.py:588} INFO - Filling up the DagBag from /usr/local/python/3.12.1/lib/python3.12/site-packages/airflow/example_dags/example_short_circuit_decorator.py
[2026-04-20T00:59:44.338+0000] {processor.py:925} INFO - DAG(s) 'example_short_circuit_decorator' retrieved from /usr/local/python/3.12.1/lib/python3.12/site-packages/airflow/example_dags/example_short_circuit_decorator.py
[2026-04-20T00:59:44.352+0000] {logging_mixin.py:190} INFO - [2026-04-20T00:59:44.352+0000] {dag.py:3239} INFO - Sync 1 DAGs
[2026-04-20T00:59:44.363+0000] {logging_mixin.py:190} INFO - [2026-04-20T00:59:44.363+0000] {dag.py:4180} INFO - Setting next_dagrun for example_short_circuit_decorator to None, run_after=None
[2026-04-20T00:59:44.379+0000] {processor.py:208} INFO - Processing /usr/local/python/3.12.1/lib/python3.12/site-packages/airflow/example_dags/example_short_circuit_decorator.py took 0.056 seconds
[2026-04-20T01:00:59.184+0000] {processor.py:186} INFO - Started process (PID=25063) to work on /usr/local/python/3.12.1/lib/python3.12/site-packages/airflow/example_dags/example_short_circuit_decorator.py
[2026-04-20T01:00:59.185+0000] {processor.py:914} INFO - Processing file /usr/local/python/3.12.1/lib/python3.12/site-packages/airflow/example_dags/example_short_circuit_decorator.py for tasks to queue
[2026-04-20T01:00:59.186+0000] {logging_mixin.py:190} INFO - [2026-04-20T01:00:59.186+0000] {dagbag.py:588} INFO - Filling up the DagBag from /usr/local/python/3.12.1/lib/python3.12/site-packages/airflow/example_dags/example_short_circuit_decorator.py
[2026-04-20T01:00:59.194+0000] {processor.py:925} INFO - DAG(s) 'example_short_circuit_decorator' retrieved from /usr/local/python/3.12.1/lib/python3.12/site-packages/airflow/example_dags/example_short_circuit_decorator.py
[2026-04-20T01:00:59.208+0000] {logging_mixin.py:190} INFO - [2026-04-20T01:00:59.208+0000] {dag.py:3239} INFO - Sync 1 DAGs
[2026-04-20T01:00:59.218+0000] {logging_mixin.py:190} INFO - [2026-04-20T01:00:59.218+0000] {dag.py:4180} INFO - Setting next_dagrun for example_short_circuit_decorator to None, run_after=None
[2026-04-20T01:00:59.234+0000] {processor.py:208} INFO - Processing /usr/local/python/3.12.1/lib/python3.12/site-packages/airflow/example_dags/example_short_circuit_decorator.py took 0.054 seconds
[2026-04-20T01:02:10.138+0000] {processor.py:186} INFO - Started process (PID=25931) to work on /usr/local/python/3.12.1/lib/python3.12/site-packages/airflow/example_dags/example_short_circuit_decorator.py
[2026-04-20T01:02:10.139+0000] {processor.py:914} INFO - Processing file /usr/local/python/3.12.1/lib/python3.12/site-packages/airflow/example_dags/example_short_circuit_decorator.py for tasks to queue
[2026-04-20T01:02:10.142+0000] {logging_mixin.py:190} INFO - [2026-04-20T01:02:10.141+0000] {dagbag.py:588} INFO - Filling up the DagBag from /usr/local/python/3.12.1/lib/python3.12/site-packages/airflow/example_dags/example_short_circuit_decorator.py
[2026-04-20T01:02:10.155+0000] {processor.py:925} INFO - DAG(s) 'example_short_circuit_decorator' retrieved from /usr/local/python/3.12.1/lib/python3.12/site-packages/airflow/example_dags/example_short_circuit_decorator.py
[2026-04-20T01:02:10.178+0000] {logging_mixin.py:190} INFO - [2026-04-20T01:02:10.178+0000] {dag.py:3239} INFO - Sync 1 DAGs
[2026-04-20T01:02:10.189+0000] {logging_mixin.py:190} INFO - [2026-04-20T01:02:10.189+0000] {dag.py:4180} INFO - Setting next_dagrun for example_short_circuit_decorator to None, run_after=None
[2026-04-20T01:02:10.206+0000] {processor.py:208} INFO - Processing /usr/local/python/3.12.1/lib/python3.12/site-packages/airflow/example_dags/example_short_circuit_decorator.py took 0.075 seconds
[2026-04-20T01:03:24.927+0000] {processor.py:186} INFO - Started process (PID=26694) to work on /usr/local/python/3.12.1/lib/python3.12/site-packages/airflow/example_dags/example_short_circuit_decorator.py
[2026-04-20T01:03:24.927+0000] {processor.py:914} INFO - Processing file /usr/local/python/3.12.1/lib/python3.12/site-packages/airflow/example_dags/example_short_circuit_decorator.py for tasks to queue
[2026-04-20T01:03:24.929+0000] {logging_mixin.py:190} INFO - [2026-04-20T01:03:24.928+0000] {dagbag.py:588} INFO - Filling up the DagBag from /usr/local/python/3.12.1/lib/python3.12/site-packages/airflow/example_dags/example_short_circuit_decorator.py
[2026-04-20T01:03:24.937+0000] {processor.py:925} INFO - DAG(s) 'example_short_circuit_decorator' retrieved from /usr/local/python/3.12.1/lib/python3.12/site-packages/airflow/example_dags/example_short_circuit_decorator.py
[2026-04-20T01:03:24.951+0000] {logging_mixin.py:190} INFO - [2026-04-20T01:03:24.951+0000] {dag.py:3239} INFO - Sync 1 DAGs
[2026-04-20T01:03:24.961+0000] {logging_mixin.py:190} INFO - [2026-04-20T01:03:24.961+0000] {dag.py:4180} INFO - Setting next_dagrun for example_short_circuit_decorator to None, run_after=None
[2026-04-20T01:03:24.977+0000] {processor.py:208} INFO - Processing /usr/local/python/3.12.1/lib/python3.12/site-packages/airflow/example_dags/example_short_circuit_decorator.py took 0.055 seconds
[2026-04-20T01:04:39.496+0000] {processor.py:186} INFO - Started process (PID=27525) to work on /usr/local/python/3.12.1/lib/python3.12/site-packages/airflow/example_dags/example_short_circuit_decorator.py
[2026-04-20T01:04:39.497+0000] {processor.py:914} INFO - Processing file /usr/local/python/3.12.1/lib/python3.12/site-packages/airflow/example_dags/example_short_circuit_decorator.py for tasks to queue
[2026-04-20T01:04:39.499+0000] {logging_mixin.py:190} INFO - [2026-04-20T01:04:39.498+0000] {dagbag.py:588} INFO - Filling up the DagBag from /usr/local/python/3.12.1/lib/python3.12/site-packages/airflow/example_dags/example_short_circuit_decorator.py
[2026-04-20T01:04:39.506+0000] {processor.py:925} INFO - DAG(s) 'example_short_circuit_decorator' retrieved from /usr/local/python/3.12.1/lib/python3.12/site-packages/airflow/example_dags/example_short_circuit_decorator.py
[2026-04-20T01:04:39.522+0000] {logging_mixin.py:190} INFO - [2026-04-20T01:04:39.522+0000] {dag.py:3239} INFO - Sync 1 DAGs
[2026-04-20T01:04:39.537+0000] {logging_mixin.py:190} INFO - [2026-04-20T01:04:39.537+0000] {dag.py:4180} INFO - Setting next_dagrun for example_short_circuit_decorator to None, run_after=None
[2026-04-20T01:04:39.554+0000] {processor.py:208} INFO - Processing /usr/local/python/3.12.1/lib/python3.12/site-packages/airflow/example_dags/example_short_circuit_decorator.py took 0.061 seconds
[2026-04-20T01:06:01.621+0000] {processor.py:186} INFO - Started process (PID=28668) to work on /usr/local/python/3.12.1/lib/python3.12/site-packages/airflow/example_dags/example_short_circuit_decorator.py
[2026-04-20T01:06:01.621+0000] {processor.py:914} INFO - Processing file /usr/local/python/3.12.1/lib/python3.12/site-packages/airflow/example_dags/example_short_circuit_decorator.py for tasks to queue
[2026-04-20T01:06:01.623+0000] {logging_mixin.py:190} INFO - [2026-04-20T01:06:01.622+0000] {dagbag.py:588} INFO - Filling up the DagBag from /usr/local/python/3.12.1/lib/python3.12/site-packages/airflow/example_dags/example_short_circuit_decorator.py
[2026-04-20T01:06:01.631+0000] {processor.py:925} INFO - DAG(s) 'example_short_circuit_decorator' retrieved from /usr/local/python/3.12.1/lib/python3.12/site-packages/airflow/example_dags/example_short_circuit_decorator.py
[2026-04-20T01:06:01.650+0000] {logging_mixin.py:190} INFO - [2026-04-20T01:06:01.650+0000] {dag.py:3239} INFO - Sync 1 DAGs
[2026-04-20T01:06:01.660+0000] {logging_mixin.py:190} INFO - [2026-04-20T01:06:01.660+0000] {dag.py:4180} INFO - Setting next_dagrun for example_short_circuit_decorator to None, run_after=None
[2026-04-20T01:06:01.676+0000] {processor.py:208} INFO - Processing /usr/local/python/3.12.1/lib/python3.12/site-packages/airflow/example_dags/example_short_circuit_decorator.py took 0.060 seconds
[2026-04-20T01:07:22.799+0000] {processor.py:186} INFO - Started process (PID=29799) to work on /usr/local/python/3.12.1/lib/python3.12/site-packages/airflow/example_dags/example_short_circuit_decorator.py
[2026-04-20T01:07:22.800+0000] {processor.py:914} INFO - Processing file /usr/local/python/3.12.1/lib/python3.12/site-packages/airflow/example_dags/example_short_circuit_decorator.py for tasks to queue
[2026-04-20T01:07:22.801+0000] {logging_mixin.py:190} INFO - [2026-04-20T01:07:22.800+0000] {dagbag.py:588} INFO - Filling up the DagBag from /usr/local/python/3.12.1/lib/python3.12/site-packages/airflow/example_dags/example_short_circuit_decorator.py
[2026-04-20T01:07:22.809+0000] {processor.py:925} INFO - DAG(s) 'example_short_circuit_decorator' retrieved from /usr/local/python/3.12.1/lib/python3.12/site-packages/airflow/example_dags/example_short_circuit_decorator.py
[2026-04-20T01:07:22.824+0000] {logging_mixin.py:190} INFO - [2026-04-20T01:07:22.823+0000] {dag.py:3239} INFO - Sync 1 DAGs
[2026-04-20T01:07:22.834+0000] {logging_mixin.py:190} INFO - [2026-04-20T01:07:22.834+0000] {dag.py:4180} INFO - Setting next_dagrun for example_short_circuit_decorator to None, run_after=None
[2026-04-20T01:07:22.851+0000] {processor.py:208} INFO - Processing /usr/local/python/3.12.1/lib/python3.12/site-packages/airflow/example_dags/example_short_circuit_decorator.py took 0.056 seconds
[2026-04-20T01:08:36.748+0000] {processor.py:186} INFO - Started process (PID=30598) to work on /usr/local/python/3.12.1/lib/python3.12/site-packages/airflow/example_dags/example_short_circuit_decorator.py
[2026-04-20T01:08:36.749+0000] {processor.py:914} INFO - Processing file /usr/local/python/3.12.1/lib/python3.12/site-packages/airflow/example_dags/example_short_circuit_decorator.py for tasks to queue
[2026-04-20T01:08:36.751+0000] {logging_mixin.py:190} INFO - [2026-04-20T01:08:36.750+0000] {dagbag.py:588} INFO - Filling up the DagBag from /usr/local/python/3.12.1/lib/python3.12/site-packages/airflow/example_dags/example_short_circuit_decorator.py
[2026-04-20T01:08:36.759+0000] {processor.py:925} INFO - DAG(s) 'example_short_circuit_decorator' retrieved from /usr/local/python/3.12.1/lib/python3.12/site-packages/airflow/example_dags/example_short_circuit_decorator.py
[2026-04-20T01:08:36.775+0000] {logging_mixin.py:190} INFO - [2026-04-20T01:08:36.775+0000] {dag.py:3239} INFO - Sync 1 DAGs
[2026-04-20T01:08:36.785+0000] {logging_mixin.py:190} INFO - [2026-04-20T01:08:36.785+0000] {dag.py:4180} INFO - Setting next_dagrun for example_short_circuit_decorator to None, run_after=None
[2026-04-20T01:08:36.801+0000] {processor.py:208} INFO - Processing /usr/local/python/3.12.1/lib/python3.12/site-packages/airflow/example_dags/example_short_circuit_decorator.py took 0.064 seconds
[2026-04-20T01:09:55.641+0000] {processor.py:186} INFO - Started process (PID=31704) to work on /usr/local/python/3.12.1/lib/python3.12/site-packages/airflow/example_dags/example_short_circuit_decorator.py
[2026-04-20T01:09:55.642+0000] {processor.py:914} INFO - Processing file /usr/local/python/3.12.1/lib/python3.12/site-packages/airflow/example_dags/example_short_circuit_decorator.py for tasks to queue
[2026-04-20T01:09:55.643+0000] {logging_mixin.py:190} INFO - [2026-04-20T01:09:55.643+0000] {dagbag.py:588} INFO - Filling up the DagBag from /usr/local/python/3.12.1/lib/python3.12/site-packages/airflow/example_dags/example_short_circuit_decorator.py
[2026-04-20T01:09:55.651+0000] {processor.py:925} INFO - DAG(s) 'example_short_circuit_decorator' retrieved from /usr/local/python/3.12.1/lib/python3.12/site-packages/airflow/example_dags/example_short_circuit_decorator.py
[2026-04-20T01:09:55.665+0000] {logging_mixin.py:190} INFO - [2026-04-20T01:09:55.665+0000] {dag.py:3239} INFO - Sync 1 DAGs
[2026-04-20T01:09:55.676+0000] {logging_mixin.py:190} INFO - [2026-04-20T01:09:55.675+0000] {dag.py:4180} INFO - Setting next_dagrun for example_short_circuit_decorator to None, run_after=None
[2026-04-20T01:09:55.694+0000] {processor.py:208} INFO - Processing /usr/local/python/3.12.1/lib/python3.12/site-packages/airflow/example_dags/example_short_circuit_decorator.py took 0.057 seconds
[2026-04-20T01:11:18.181+0000] {processor.py:186} INFO - Started process (PID=32958) to work on /usr/local/python/3.12.1/lib/python3.12/site-packages/airflow/example_dags/example_short_circuit_decorator.py
[2026-04-20T01:11:18.181+0000] {processor.py:914} INFO - Processing file /usr/local/python/3.12.1/lib/python3.12/site-packages/airflow/example_dags/example_short_circuit_decorator.py for tasks to queue
[2026-04-20T01:11:18.182+0000] {logging_mixin.py:190} INFO - [2026-04-20T01:11:18.182+0000] {dagbag.py:588} INFO - Filling up the DagBag from /usr/local/python/3.12.1/lib/python3.12/site-packages/airflow/example_dags/example_short_circuit_decorator.py
[2026-04-20T01:11:18.191+0000] {processor.py:925} INFO - DAG(s) 'example_short_circuit_decorator' retrieved from /usr/local/python/3.12.1/lib/python3.12/site-packages/airflow/example_dags/example_short_circuit_decorator.py
[2026-04-20T01:11:18.207+0000] {logging_mixin.py:190} INFO - [2026-04-20T01:11:18.206+0000] {dag.py:3239} INFO - Sync 1 DAGs
[2026-04-20T01:11:18.217+0000] {logging_mixin.py:190} INFO - [2026-04-20T01:11:18.217+0000] {dag.py:4180} INFO - Setting next_dagrun for example_short_circuit_decorator to None, run_after=None
[2026-04-20T01:11:18.233+0000] {processor.py:208} INFO - Processing /usr/local/python/3.12.1/lib/python3.12/site-packages/airflow/example_dags/example_short_circuit_decorator.py took 0.057 seconds
[2026-04-20T01:12:33.461+0000] {processor.py:186} INFO - Started process (PID=33708) to work on /usr/local/python/3.12.1/lib/python3.12/site-packages/airflow/example_dags/example_short_circuit_decorator.py
[2026-04-20T01:12:33.462+0000] {processor.py:914} INFO - Processing file /usr/local/python/3.12.1/lib/python3.12/site-packages/airflow/example_dags/example_short_circuit_decorator.py for tasks to queue
[2026-04-20T01:12:33.463+0000] {logging_mixin.py:190} INFO - [2026-04-20T01:12:33.463+0000] {dagbag.py:588} INFO - Filling up the DagBag from /usr/local/python/3.12.1/lib/python3.12/site-packages/airflow/example_dags/example_short_circuit_decorator.py
[2026-04-20T01:12:33.474+0000] {processor.py:925} INFO - DAG(s) 'example_short_circuit_decorator' retrieved from /usr/local/python/3.12.1/lib/python3.12/site-packages/airflow/example_dags/example_short_circuit_decorator.py
[2026-04-20T01:12:33.488+0000] {logging_mixin.py:190} INFO - [2026-04-20T01:12:33.488+0000] {dag.py:3239} INFO - Sync 1 DAGs
[2026-04-20T01:12:33.498+0000] {logging_mixin.py:190} INFO - [2026-04-20T01:12:33.498+0000] {dag.py:4180} INFO - Setting next_dagrun for example_short_circuit_decorator to None, run_after=None
[2026-04-20T01:12:33.514+0000] {processor.py:208} INFO - Processing /usr/local/python/3.12.1/lib/python3.12/site-packages/airflow/example_dags/example_short_circuit_decorator.py took 0.059 seconds
[2026-04-20T01:13:51.314+0000] {processor.py:186} INFO - Started process (PID=34494) to work on /usr/local/python/3.12.1/lib/python3.12/site-packages/airflow/example_dags/example_short_circuit_decorator.py
[2026-04-20T01:13:51.314+0000] {processor.py:914} INFO - Processing file /usr/local/python/3.12.1/lib/python3.12/site-packages/airflow/example_dags/example_short_circuit_decorator.py for tasks to queue
[2026-04-20T01:13:51.316+0000] {logging_mixin.py:190} INFO - [2026-04-20T01:13:51.315+0000] {dagbag.py:588} INFO - Filling up the DagBag from /usr/local/python/3.12.1/lib/python3.12/site-packages/airflow/example_dags/example_short_circuit_decorator.py
[2026-04-20T01:13:51.324+0000] {processor.py:925} INFO - DAG(s) 'example_short_circuit_decorator' retrieved from /usr/local/python/3.12.1/lib/python3.12/site-packages/airflow/example_dags/example_short_circuit_decorator.py
[2026-04-20T01:13:51.338+0000] {logging_mixin.py:190} INFO - [2026-04-20T01:13:51.337+0000] {dag.py:3239} INFO - Sync 1 DAGs
[2026-04-20T01:13:51.347+0000] {logging_mixin.py:190} INFO - [2026-04-20T01:13:51.347+0000] {dag.py:4180} INFO - Setting next_dagrun for example_short_circuit_decorator to None, run_after=None
[2026-04-20T01:13:51.364+0000] {processor.py:208} INFO - Processing /usr/local/python/3.12.1/lib/python3.12/site-packages/airflow/example_dags/example_short_circuit_decorator.py took 0.054 seconds
[2026-04-20T01:15:05.949+0000] {processor.py:186} INFO - Started process (PID=35310) to work on /usr/local/python/3.12.1/lib/python3.12/site-packages/airflow/example_dags/example_short_circuit_decorator.py
[2026-04-20T01:15:05.949+0000] {processor.py:914} INFO - Processing file /usr/local/python/3.12.1/lib/python3.12/site-packages/airflow/example_dags/example_short_circuit_decorator.py for tasks to queue
[2026-04-20T01:15:05.950+0000] {logging_mixin.py:190} INFO - [2026-04-20T01:15:05.950+0000] {dagbag.py:588} INFO - Filling up the DagBag from /usr/local/python/3.12.1/lib/python3.12/site-packages/airflow/example_dags/example_short_circuit_decorator.py
[2026-04-20T01:15:05.958+0000] {processor.py:925} INFO - DAG(s) 'example_short_circuit_decorator' retrieved from /usr/local/python/3.12.1/lib/python3.12/site-packages/airflow/example_dags/example_short_circuit_decorator.py
[2026-04-20T01:15:05.972+0000] {logging_mixin.py:190} INFO - [2026-04-20T01:15:05.972+0000] {dag.py:3239} INFO - Sync 1 DAGs
[2026-04-20T01:15:05.982+0000] {logging_mixin.py:190} INFO - [2026-04-20T01:15:05.982+0000] {dag.py:4180} INFO - Setting next_dagrun for example_short_circuit_decorator to None, run_after=None
[2026-04-20T01:15:05.998+0000] {processor.py:208} INFO - Processing /usr/local/python/3.12.1/lib/python3.12/site-packages/airflow/example_dags/example_short_circuit_decorator.py took 0.053 seconds
[2026-04-20T01:16:21.581+0000] {processor.py:186} INFO - Started process (PID=36066) to work on /usr/local/python/3.12.1/lib/python3.12/site-packages/airflow/example_dags/example_short_circuit_decorator.py
[2026-04-20T01:16:21.581+0000] {processor.py:914} INFO - Processing file /usr/local/python/3.12.1/lib/python3.12/site-packages/airflow/example_dags/example_short_circuit_decorator.py for tasks to queue
[2026-04-20T01:16:21.582+0000] {logging_mixin.py:190} INFO - [2026-04-20T01:16:21.582+0000] {dagbag.py:588} INFO - Filling up the DagBag from /usr/local/python/3.12.1/lib/python3.12/site-packages/airflow/example_dags/example_short_circuit_decorator.py
[2026-04-20T01:16:21.590+0000] {processor.py:925} INFO - DAG(s) 'example_short_circuit_decorator' retrieved from /usr/local/python/3.12.1/lib/python3.12/site-packages/airflow/example_dags/example_short_circuit_decorator.py
[2026-04-20T01:16:21.605+0000] {logging_mixin.py:190} INFO - [2026-04-20T01:16:21.604+0000] {dag.py:3239} INFO - Sync 1 DAGs
[2026-04-20T01:16:21.615+0000] {logging_mixin.py:190} INFO - [2026-04-20T01:16:21.615+0000] {dag.py:4180} INFO - Setting next_dagrun for example_short_circuit_decorator to None, run_after=None
[2026-04-20T01:16:21.633+0000] {processor.py:208} INFO - Processing /usr/local/python/3.12.1/lib/python3.12/site-packages/airflow/example_dags/example_short_circuit_decorator.py took 0.057 seconds
[2026-04-20T01:17:39.326+0000] {processor.py:186} INFO - Started process (PID=36852) to work on /usr/local/python/3.12.1/lib/python3.12/site-packages/airflow/example_dags/example_short_circuit_decorator.py
[2026-04-20T01:17:39.327+0000] {processor.py:914} INFO - Processing file /usr/local/python/3.12.1/lib/python3.12/site-packages/airflow/example_dags/example_short_circuit_decorator.py for tasks to queue
[2026-04-20T01:17:39.328+0000] {logging_mixin.py:190} INFO - [2026-04-20T01:17:39.327+0000] {dagbag.py:588} INFO - Filling up the DagBag from /usr/local/python/3.12.1/lib/python3.12/site-packages/airflow/example_dags/example_short_circuit_decorator.py
[2026-04-20T01:17:39.336+0000] {processor.py:925} INFO - DAG(s) 'example_short_circuit_decorator' retrieved from /usr/local/python/3.12.1/lib/python3.12/site-packages/airflow/example_dags/example_short_circuit_decorator.py
[2026-04-20T01:17:39.350+0000] {logging_mixin.py:190} INFO - [2026-04-20T01:17:39.350+0000] {dag.py:3239} INFO - Sync 1 DAGs
[2026-04-20T01:17:39.360+0000] {logging_mixin.py:190} INFO - [2026-04-20T01:17:39.360+0000] {dag.py:4180} INFO - Setting next_dagrun for example_short_circuit_decorator to None, run_after=None
[2026-04-20T01:17:39.376+0000] {processor.py:208} INFO - Processing /usr/local/python/3.12.1/lib/python3.12/site-packages/airflow/example_dags/example_short_circuit_decorator.py took 0.054 seconds
[2026-04-20T01:18:57.189+0000] {processor.py:186} INFO - Started process (PID=37633) to work on /usr/local/python/3.12.1/lib/python3.12/site-packages/airflow/example_dags/example_short_circuit_decorator.py
[2026-04-20T01:18:57.190+0000] {processor.py:914} INFO - Processing file /usr/local/python/3.12.1/lib/python3.12/site-packages/airflow/example_dags/example_short_circuit_decorator.py for tasks to queue
[2026-04-20T01:18:57.191+0000] {logging_mixin.py:190} INFO - [2026-04-20T01:18:57.190+0000] {dagbag.py:588} INFO - Filling up the DagBag from /usr/local/python/3.12.1/lib/python3.12/site-packages/airflow/example_dags/example_short_circuit_decorator.py
[2026-04-20T01:18:57.199+0000] {processor.py:925} INFO - DAG(s) 'example_short_circuit_decorator' retrieved from /usr/local/python/3.12.1/lib/python3.12/site-packages/airflow/example_dags/example_short_circuit_decorator.py
[2026-04-20T01:18:57.216+0000] {logging_mixin.py:190} INFO - [2026-04-20T01:18:57.216+0000] {dag.py:3239} INFO - Sync 1 DAGs
[2026-04-20T01:18:57.245+0000] {logging_mixin.py:190} INFO - [2026-04-20T01:18:57.243+0000] {dag.py:4180} INFO - Setting next_dagrun for example_short_circuit_decorator to None, run_after=None
[2026-04-20T01:18:57.279+0000] {processor.py:208} INFO - Processing /usr/local/python/3.12.1/lib/python3.12/site-packages/airflow/example_dags/example_short_circuit_decorator.py took 0.094 seconds
[2026-04-20T01:20:09.992+0000] {processor.py:186} INFO - Started process (PID=38506) to work on /usr/local/python/3.12.1/lib/python3.12/site-packages/airflow/example_dags/example_short_circuit_decorator.py
[2026-04-20T01:20:09.993+0000] {processor.py:914} INFO - Processing file /usr/local/python/3.12.1/lib/python3.12/site-packages/airflow/example_dags/example_short_circuit_decorator.py for tasks to queue
[2026-04-20T01:20:09.994+0000] {logging_mixin.py:190} INFO - [2026-04-20T01:20:09.993+0000] {dagbag.py:588} INFO - Filling up the DagBag from /usr/local/python/3.12.1/lib/python3.12/site-packages/airflow/example_dags/example_short_circuit_decorator.py
[2026-04-20T01:20:10.002+0000] {processor.py:925} INFO - DAG(s) 'example_short_circuit_decorator' retrieved from /usr/local/python/3.12.1/lib/python3.12/site-packages/airflow/example_dags/example_short_circuit_decorator.py
[2026-04-20T01:20:10.016+0000] {logging_mixin.py:190} INFO - [2026-04-20T01:20:10.016+0000] {dag.py:3239} INFO - Sync 1 DAGs
[2026-04-20T01:20:10.027+0000] {logging_mixin.py:190} INFO - [2026-04-20T01:20:10.026+0000] {dag.py:4180} INFO - Setting next_dagrun for example_short_circuit_decorator to None, run_after=None
[2026-04-20T01:20:10.044+0000] {processor.py:208} INFO - Processing /usr/local/python/3.12.1/lib/python3.12/site-packages/airflow/example_dags/example_short_circuit_decorator.py took 0.057 seconds
[2026-04-20T01:21:27.062+0000] {processor.py:186} INFO - Started process (PID=39280) to work on /usr/local/python/3.12.1/lib/python3.12/site-packages/airflow/example_dags/example_short_circuit_decorator.py
[2026-04-20T01:21:27.063+0000] {processor.py:914} INFO - Processing file /usr/local/python/3.12.1/lib/python3.12/site-packages/airflow/example_dags/example_short_circuit_decorator.py for tasks to queue
[2026-04-20T01:21:27.066+0000] {logging_mixin.py:190} INFO - [2026-04-20T01:21:27.064+0000] {dagbag.py:588} INFO - Filling up the DagBag from /usr/local/python/3.12.1/lib/python3.12/site-packages/airflow/example_dags/example_short_circuit_decorator.py
[2026-04-20T01:21:27.099+0000] {processor.py:925} INFO - DAG(s) 'example_short_circuit_decorator' retrieved from /usr/local/python/3.12.1/lib/python3.12/site-packages/airflow/example_dags/example_short_circuit_decorator.py
[2026-04-20T01:21:27.157+0000] {logging_mixin.py:190} INFO - [2026-04-20T01:21:27.156+0000] {dag.py:3239} INFO - Sync 1 DAGs
[2026-04-20T01:21:27.239+0000] {logging_mixin.py:190} INFO - [2026-04-20T01:21:27.238+0000] {dag.py:4180} INFO - Setting next_dagrun for example_short_circuit_decorator to None, run_after=None
[2026-04-20T01:21:27.319+0000] {processor.py:208} INFO - Processing /usr/local/python/3.12.1/lib/python3.12/site-packages/airflow/example_dags/example_short_circuit_decorator.py took 0.266 seconds
[2026-04-20T01:22:39.771+0000] {processor.py:186} INFO - Started process (PID=39974) to work on /usr/local/python/3.12.1/lib/python3.12/site-packages/airflow/example_dags/example_short_circuit_decorator.py
[2026-04-20T01:22:39.772+0000] {processor.py:914} INFO - Processing file /usr/local/python/3.12.1/lib/python3.12/site-packages/airflow/example_dags/example_short_circuit_decorator.py for tasks to queue
[2026-04-20T01:22:39.773+0000] {logging_mixin.py:190} INFO - [2026-04-20T01:22:39.773+0000] {dagbag.py:588} INFO - Filling up the DagBag from /usr/local/python/3.12.1/lib/python3.12/site-packages/airflow/example_dags/example_short_circuit_decorator.py
[2026-04-20T01:22:39.784+0000] {processor.py:925} INFO - DAG(s) 'example_short_circuit_decorator' retrieved from /usr/local/python/3.12.1/lib/python3.12/site-packages/airflow/example_dags/example_short_circuit_decorator.py
[2026-04-20T01:22:39.799+0000] {logging_mixin.py:190} INFO - [2026-04-20T01:22:39.799+0000] {dag.py:3239} INFO - Sync 1 DAGs
[2026-04-20T01:22:39.810+0000] {logging_mixin.py:190} INFO - [2026-04-20T01:22:39.810+0000] {dag.py:4180} INFO - Setting next_dagrun for example_short_circuit_decorator to None, run_after=None
[2026-04-20T01:22:39.826+0000] {processor.py:208} INFO - Processing /usr/local/python/3.12.1/lib/python3.12/site-packages/airflow/example_dags/example_short_circuit_decorator.py took 0.060 seconds
[2026-04-20T01:23:56.893+0000] {processor.py:186} INFO - Started process (PID=40734) to work on /usr/local/python/3.12.1/lib/python3.12/site-packages/airflow/example_dags/example_short_circuit_decorator.py
[2026-04-20T01:23:56.894+0000] {processor.py:914} INFO - Processing file /usr/local/python/3.12.1/lib/python3.12/site-packages/airflow/example_dags/example_short_circuit_decorator.py for tasks to queue
[2026-04-20T01:23:56.895+0000] {logging_mixin.py:190} INFO - [2026-04-20T01:23:56.895+0000] {dagbag.py:588} INFO - Filling up the DagBag from /usr/local/python/3.12.1/lib/python3.12/site-packages/airflow/example_dags/example_short_circuit_decorator.py
[2026-04-20T01:23:56.905+0000] {processor.py:925} INFO - DAG(s) 'example_short_circuit_decorator' retrieved from /usr/local/python/3.12.1/lib/python3.12/site-packages/airflow/example_dags/example_short_circuit_decorator.py
[2026-04-20T01:23:56.924+0000] {logging_mixin.py:190} INFO - [2026-04-20T01:23:56.924+0000] {dag.py:3239} INFO - Sync 1 DAGs
[2026-04-20T01:23:56.934+0000] {logging_mixin.py:190} INFO - [2026-04-20T01:23:56.934+0000] {dag.py:4180} INFO - Setting next_dagrun for example_short_circuit_decorator to None, run_after=None
[2026-04-20T01:23:56.950+0000] {processor.py:208} INFO - Processing /usr/local/python/3.12.1/lib/python3.12/site-packages/airflow/example_dags/example_short_circuit_decorator.py took 0.061 seconds
[2026-04-20T01:25:11.932+0000] {processor.py:186} INFO - Started process (PID=41621) to work on /usr/local/python/3.12.1/lib/python3.12/site-packages/airflow/example_dags/example_short_circuit_decorator.py
[2026-04-20T01:25:11.933+0000] {processor.py:914} INFO - Processing file /usr/local/python/3.12.1/lib/python3.12/site-packages/airflow/example_dags/example_short_circuit_decorator.py for tasks to queue
[2026-04-20T01:25:11.934+0000] {logging_mixin.py:190} INFO - [2026-04-20T01:25:11.934+0000] {dagbag.py:588} INFO - Filling up the DagBag from /usr/local/python/3.12.1/lib/python3.12/site-packages/airflow/example_dags/example_short_circuit_decorator.py
[2026-04-20T01:25:11.942+0000] {processor.py:925} INFO - DAG(s) 'example_short_circuit_decorator' retrieved from /usr/local/python/3.12.1/lib/python3.12/site-packages/airflow/example_dags/example_short_circuit_decorator.py
[2026-04-20T01:25:11.956+0000] {logging_mixin.py:190} INFO - [2026-04-20T01:25:11.956+0000] {dag.py:3239} INFO - Sync 1 DAGs
[2026-04-20T01:25:11.967+0000] {logging_mixin.py:190} INFO - [2026-04-20T01:25:11.967+0000] {dag.py:4180} INFO - Setting next_dagrun for example_short_circuit_decorator to None, run_after=None
[2026-04-20T01:25:11.989+0000] {processor.py:208} INFO - Processing /usr/local/python/3.12.1/lib/python3.12/site-packages/airflow/example_dags/example_short_circuit_decorator.py took 0.060 seconds
[2026-04-20T01:26:27.691+0000] {processor.py:186} INFO - Started process (PID=42325) to work on /usr/local/python/3.12.1/lib/python3.12/site-packages/airflow/example_dags/example_short_circuit_decorator.py
[2026-04-20T01:26:27.692+0000] {processor.py:914} INFO - Processing file /usr/local/python/3.12.1/lib/python3.12/site-packages/airflow/example_dags/example_short_circuit_decorator.py for tasks to queue
[2026-04-20T01:26:27.693+0000] {logging_mixin.py:190} INFO - [2026-04-20T01:26:27.692+0000] {dagbag.py:588} INFO - Filling up the DagBag from /usr/local/python/3.12.1/lib/python3.12/site-packages/airflow/example_dags/example_short_circuit_decorator.py
[2026-04-20T01:26:27.700+0000] {processor.py:925} INFO - DAG(s) 'example_short_circuit_decorator' retrieved from /usr/local/python/3.12.1/lib/python3.12/site-packages/airflow/example_dags/example_short_circuit_decorator.py
[2026-04-20T01:26:27.715+0000] {logging_mixin.py:190} INFO - [2026-04-20T01:26:27.715+0000] {dag.py:3239} INFO - Sync 1 DAGs
[2026-04-20T01:26:27.725+0000] {logging_mixin.py:190} INFO - [2026-04-20T01:26:27.725+0000] {dag.py:4180} INFO - Setting next_dagrun for example_short_circuit_decorator to None, run_after=None
[2026-04-20T01:26:27.743+0000] {processor.py:208} INFO - Processing /usr/local/python/3.12.1/lib/python3.12/site-packages/airflow/example_dags/example_short_circuit_decorator.py took 0.056 seconds
[2026-04-20T01:27:45.980+0000] {processor.py:186} INFO - Started process (PID=43116) to work on /usr/local/python/3.12.1/lib/python3.12/site-packages/airflow/example_dags/example_short_circuit_decorator.py
[2026-04-20T01:27:45.980+0000] {processor.py:914} INFO - Processing file /usr/local/python/3.12.1/lib/python3.12/site-packages/airflow/example_dags/example_short_circuit_decorator.py for tasks to queue
[2026-04-20T01:27:45.981+0000] {logging_mixin.py:190} INFO - [2026-04-20T01:27:45.981+0000] {dagbag.py:588} INFO - Filling up the DagBag from /usr/local/python/3.12.1/lib/python3.12/site-packages/airflow/example_dags/example_short_circuit_decorator.py
[2026-04-20T01:27:45.991+0000] {processor.py:925} INFO - DAG(s) 'example_short_circuit_decorator' retrieved from /usr/local/python/3.12.1/lib/python3.12/site-packages/airflow/example_dags/example_short_circuit_decorator.py
[2026-04-20T01:27:46.005+0000] {logging_mixin.py:190} INFO - [2026-04-20T01:27:46.005+0000] {dag.py:3239} INFO - Sync 1 DAGs
[2026-04-20T01:27:46.015+0000] {logging_mixin.py:190} INFO - [2026-04-20T01:27:46.015+0000] {dag.py:4180} INFO - Setting next_dagrun for example_short_circuit_decorator to None, run_after=None
[2026-04-20T01:27:46.031+0000] {processor.py:208} INFO - Processing /usr/local/python/3.12.1/lib/python3.12/site-packages/airflow/example_dags/example_short_circuit_decorator.py took 0.057 seconds
[2026-04-20T01:29:05.244+0000] {processor.py:186} INFO - Started process (PID=43919) to work on /usr/local/python/3.12.1/lib/python3.12/site-packages/airflow/example_dags/example_short_circuit_decorator.py
[2026-04-20T01:29:05.246+0000] {processor.py:914} INFO - Processing file /usr/local/python/3.12.1/lib/python3.12/site-packages/airflow/example_dags/example_short_circuit_decorator.py for tasks to queue
[2026-04-20T01:29:05.247+0000] {logging_mixin.py:190} INFO - [2026-04-20T01:29:05.247+0000] {dagbag.py:588} INFO - Filling up the DagBag from /usr/local/python/3.12.1/lib/python3.12/site-packages/airflow/example_dags/example_short_circuit_decorator.py
[2026-04-20T01:29:05.259+0000] {processor.py:925} INFO - DAG(s) 'example_short_circuit_decorator' retrieved from /usr/local/python/3.12.1/lib/python3.12/site-packages/airflow/example_dags/example_short_circuit_decorator.py
[2026-04-20T01:29:05.283+0000] {logging_mixin.py:190} INFO - [2026-04-20T01:29:05.283+0000] {dag.py:3239} INFO - Sync 1 DAGs
[2026-04-20T01:29:05.298+0000] {logging_mixin.py:190} INFO - [2026-04-20T01:29:05.298+0000] {dag.py:4180} INFO - Setting next_dagrun for example_short_circuit_decorator to None, run_after=None
[2026-04-20T01:29:05.318+0000] {processor.py:208} INFO - Processing /usr/local/python/3.12.1/lib/python3.12/site-packages/airflow/example_dags/example_short_circuit_decorator.py took 0.080 seconds
[2026-04-20T01:30:22.510+0000] {processor.py:186} INFO - Started process (PID=44798) to work on /usr/local/python/3.12.1/lib/python3.12/site-packages/airflow/example_dags/example_short_circuit_decorator.py
[2026-04-20T01:30:22.511+0000] {processor.py:914} INFO - Processing file /usr/local/python/3.12.1/lib/python3.12/site-packages/airflow/example_dags/example_short_circuit_decorator.py for tasks to queue
[2026-04-20T01:30:22.512+0000] {logging_mixin.py:190} INFO - [2026-04-20T01:30:22.512+0000] {dagbag.py:588} INFO - Filling up the DagBag from /usr/local/python/3.12.1/lib/python3.12/site-packages/airflow/example_dags/example_short_circuit_decorator.py
[2026-04-20T01:30:22.520+0000] {processor.py:925} INFO - DAG(s) 'example_short_circuit_decorator' retrieved from /usr/local/python/3.12.1/lib/python3.12/site-packages/airflow/example_dags/example_short_circuit_decorator.py
[2026-04-20T01:30:22.534+0000] {logging_mixin.py:190} INFO - [2026-04-20T01:30:22.534+0000] {dag.py:3239} INFO - Sync 1 DAGs
[2026-04-20T01:30:22.544+0000] {logging_mixin.py:190} INFO - [2026-04-20T01:30:22.544+0000] {dag.py:4180} INFO - Setting next_dagrun for example_short_circuit_decorator to None, run_after=None
[2026-04-20T01:30:22.560+0000] {processor.py:208} INFO - Processing /usr/local/python/3.12.1/lib/python3.12/site-packages/airflow/example_dags/example_short_circuit_decorator.py took 0.054 seconds
[2026-04-20T01:31:40.002+0000] {processor.py:186} INFO - Started process (PID=45581) to work on /usr/local/python/3.12.1/lib/python3.12/site-packages/airflow/example_dags/example_short_circuit_decorator.py
[2026-04-20T01:31:40.003+0000] {processor.py:914} INFO - Processing file /usr/local/python/3.12.1/lib/python3.12/site-packages/airflow/example_dags/example_short_circuit_decorator.py for tasks to queue
[2026-04-20T01:31:40.004+0000] {logging_mixin.py:190} INFO - [2026-04-20T01:31:40.004+0000] {dagbag.py:588} INFO - Filling up the DagBag from /usr/local/python/3.12.1/lib/python3.12/site-packages/airflow/example_dags/example_short_circuit_decorator.py
[2026-04-20T01:31:40.012+0000] {processor.py:925} INFO - DAG(s) 'example_short_circuit_decorator' retrieved from /usr/local/python/3.12.1/lib/python3.12/site-packages/airflow/example_dags/example_short_circuit_decorator.py
[2026-04-20T01:31:40.026+0000] {logging_mixin.py:190} INFO - [2026-04-20T01:31:40.026+0000] {dag.py:3239} INFO - Sync 1 DAGs
[2026-04-20T01:31:40.037+0000] {logging_mixin.py:190} INFO - [2026-04-20T01:31:40.037+0000] {dag.py:4180} INFO - Setting next_dagrun for example_short_circuit_decorator to None, run_after=None
[2026-04-20T01:31:40.054+0000] {processor.py:208} INFO - Processing /usr/local/python/3.12.1/lib/python3.12/site-packages/airflow/example_dags/example_short_circuit_decorator.py took 0.058 seconds
[2026-04-20T01:32:56.513+0000] {processor.py:186} INFO - Started process (PID=46342) to work on /usr/local/python/3.12.1/lib/python3.12/site-packages/airflow/example_dags/example_short_circuit_decorator.py
[2026-04-20T01:32:56.514+0000] {processor.py:914} INFO - Processing file /usr/local/python/3.12.1/lib/python3.12/site-packages/airflow/example_dags/example_short_circuit_decorator.py for tasks to queue
[2026-04-20T01:32:56.515+0000] {logging_mixin.py:190} INFO - [2026-04-20T01:32:56.514+0000] {dagbag.py:588} INFO - Filling up the DagBag from /usr/local/python/3.12.1/lib/python3.12/site-packages/airflow/example_dags/example_short_circuit_decorator.py
[2026-04-20T01:32:56.522+0000] {processor.py:925} INFO - DAG(s) 'example_short_circuit_decorator' retrieved from /usr/local/python/3.12.1/lib/python3.12/site-packages/airflow/example_dags/example_short_circuit_decorator.py
[2026-04-20T01:32:56.537+0000] {logging_mixin.py:190} INFO - [2026-04-20T01:32:56.537+0000] {dag.py:3239} INFO - Sync 1 DAGs
[2026-04-20T01:32:56.547+0000] {logging_mixin.py:190} INFO - [2026-04-20T01:32:56.546+0000] {dag.py:4180} INFO - Setting next_dagrun for example_short_circuit_decorator to None, run_after=None
[2026-04-20T01:32:56.563+0000] {processor.py:208} INFO - Processing /usr/local/python/3.12.1/lib/python3.12/site-packages/airflow/example_dags/example_short_circuit_decorator.py took 0.054 seconds
[2026-04-20T01:34:16.804+0000] {processor.py:186} INFO - Started process (PID=47256) to work on /usr/local/python/3.12.1/lib/python3.12/site-packages/airflow/example_dags/example_short_circuit_decorator.py
[2026-04-20T01:34:16.805+0000] {processor.py:914} INFO - Processing file /usr/local/python/3.12.1/lib/python3.12/site-packages/airflow/example_dags/example_short_circuit_decorator.py for tasks to queue
[2026-04-20T01:34:16.806+0000] {logging_mixin.py:190} INFO - [2026-04-20T01:34:16.806+0000] {dagbag.py:588} INFO - Filling up the DagBag from /usr/local/python/3.12.1/lib/python3.12/site-packages/airflow/example_dags/example_short_circuit_decorator.py
[2026-04-20T01:34:16.815+0000] {processor.py:925} INFO - DAG(s) 'example_short_circuit_decorator' retrieved from /usr/local/python/3.12.1/lib/python3.12/site-packages/airflow/example_dags/example_short_circuit_decorator.py
[2026-04-20T01:34:16.830+0000] {logging_mixin.py:190} INFO - [2026-04-20T01:34:16.830+0000] {dag.py:3239} INFO - Sync 1 DAGs
[2026-04-20T01:34:16.840+0000] {logging_mixin.py:190} INFO - [2026-04-20T01:34:16.840+0000] {dag.py:4180} INFO - Setting next_dagrun for example_short_circuit_decorator to None, run_after=None
[2026-04-20T01:34:16.863+0000] {processor.py:208} INFO - Processing /usr/local/python/3.12.1/lib/python3.12/site-packages/airflow/example_dags/example_short_circuit_decorator.py took 0.064 seconds
[2026-04-20T01:35:34.508+0000] {processor.py:186} INFO - Started process (PID=48050) to work on /usr/local/python/3.12.1/lib/python3.12/site-packages/airflow/example_dags/example_short_circuit_decorator.py
[2026-04-20T01:35:34.509+0000] {processor.py:914} INFO - Processing file /usr/local/python/3.12.1/lib/python3.12/site-packages/airflow/example_dags/example_short_circuit_decorator.py for tasks to queue
[2026-04-20T01:35:34.510+0000] {logging_mixin.py:190} INFO - [2026-04-20T01:35:34.510+0000] {dagbag.py:588} INFO - Filling up the DagBag from /usr/local/python/3.12.1/lib/python3.12/site-packages/airflow/example_dags/example_short_circuit_decorator.py
[2026-04-20T01:35:34.518+0000] {processor.py:925} INFO - DAG(s) 'example_short_circuit_decorator' retrieved from /usr/local/python/3.12.1/lib/python3.12/site-packages/airflow/example_dags/example_short_circuit_decorator.py
[2026-04-20T01:35:34.532+0000] {logging_mixin.py:190} INFO - [2026-04-20T01:35:34.532+0000] {dag.py:3239} INFO - Sync 1 DAGs
[2026-04-20T01:35:34.543+0000] {logging_mixin.py:190} INFO - [2026-04-20T01:35:34.543+0000] {dag.py:4180} INFO - Setting next_dagrun for example_short_circuit_decorator to None, run_after=None
[2026-04-20T01:35:34.560+0000] {processor.py:208} INFO - Processing /usr/local/python/3.12.1/lib/python3.12/site-packages/airflow/example_dags/example_short_circuit_decorator.py took 0.056 seconds
[2026-04-20T01:36:52.822+0000] {processor.py:186} INFO - Started process (PID=48818) to work on /usr/local/python/3.12.1/lib/python3.12/site-packages/airflow/example_dags/example_short_circuit_decorator.py
[2026-04-20T01:36:52.823+0000] {processor.py:914} INFO - Processing file /usr/local/python/3.12.1/lib/python3.12/site-packages/airflow/example_dags/example_short_circuit_decorator.py for tasks to queue
[2026-04-20T01:36:52.824+0000] {logging_mixin.py:190} INFO - [2026-04-20T01:36:52.824+0000] {dagbag.py:588} INFO - Filling up the DagBag from /usr/local/python/3.12.1/lib/python3.12/site-packages/airflow/example_dags/example_short_circuit_decorator.py
[2026-04-20T01:36:52.832+0000] {processor.py:925} INFO - DAG(s) 'example_short_circuit_decorator' retrieved from /usr/local/python/3.12.1/lib/python3.12/site-packages/airflow/example_dags/example_short_circuit_decorator.py
[2026-04-20T01:36:52.846+0000] {logging_mixin.py:190} INFO - [2026-04-20T01:36:52.846+0000] {dag.py:3239} INFO - Sync 1 DAGs
[2026-04-20T01:36:52.859+0000] {logging_mixin.py:190} INFO - [2026-04-20T01:36:52.859+0000] {dag.py:4180} INFO - Setting next_dagrun for example_short_circuit_decorator to None, run_after=None
[2026-04-20T01:36:52.877+0000] {processor.py:208} INFO - Processing /usr/local/python/3.12.1/lib/python3.12/site-packages/airflow/example_dags/example_short_circuit_decorator.py took 0.059 seconds
[2026-04-20T01:38:15.313+0000] {processor.py:186} INFO - Started process (PID=49685) to work on /usr/local/python/3.12.1/lib/python3.12/site-packages/airflow/example_dags/example_short_circuit_decorator.py
[2026-04-20T01:38:15.314+0000] {processor.py:914} INFO - Processing file /usr/local/python/3.12.1/lib/python3.12/site-packages/airflow/example_dags/example_short_circuit_decorator.py for tasks to queue
[2026-04-20T01:38:15.315+0000] {logging_mixin.py:190} INFO - [2026-04-20T01:38:15.314+0000] {dagbag.py:588} INFO - Filling up the DagBag from /usr/local/python/3.12.1/lib/python3.12/site-packages/airflow/example_dags/example_short_circuit_decorator.py
[2026-04-20T01:38:15.323+0000] {processor.py:925} INFO - DAG(s) 'example_short_circuit_decorator' retrieved from /usr/local/python/3.12.1/lib/python3.12/site-packages/airflow/example_dags/example_short_circuit_decorator.py
[2026-04-20T01:38:15.337+0000] {logging_mixin.py:190} INFO - [2026-04-20T01:38:15.337+0000] {dag.py:3239} INFO - Sync 1 DAGs
[2026-04-20T01:38:15.347+0000] {logging_mixin.py:190} INFO - [2026-04-20T01:38:15.347+0000] {dag.py:4180} INFO - Setting next_dagrun for example_short_circuit_decorator to None, run_after=None
[2026-04-20T01:38:15.364+0000] {processor.py:208} INFO - Processing /usr/local/python/3.12.1/lib/python3.12/site-packages/airflow/example_dags/example_short_circuit_decorator.py took 0.056 seconds
[2026-04-20T01:39:29.859+0000] {processor.py:186} INFO - Started process (PID=50517) to work on /usr/local/python/3.12.1/lib/python3.12/site-packages/airflow/example_dags/example_short_circuit_decorator.py
[2026-04-20T01:39:29.860+0000] {processor.py:914} INFO - Processing file /usr/local/python/3.12.1/lib/python3.12/site-packages/airflow/example_dags/example_short_circuit_decorator.py for tasks to queue
[2026-04-20T01:39:29.861+0000] {logging_mixin.py:190} INFO - [2026-04-20T01:39:29.861+0000] {dagbag.py:588} INFO - Filling up the DagBag from /usr/local/python/3.12.1/lib/python3.12/site-packages/airflow/example_dags/example_short_circuit_decorator.py
[2026-04-20T01:39:29.870+0000] {processor.py:925} INFO - DAG(s) 'example_short_circuit_decorator' retrieved from /usr/local/python/3.12.1/lib/python3.12/site-packages/airflow/example_dags/example_short_circuit_decorator.py
[2026-04-20T01:39:29.890+0000] {logging_mixin.py:190} INFO - [2026-04-20T01:39:29.890+0000] {dag.py:3239} INFO - Sync 1 DAGs
[2026-04-20T01:39:29.901+0000] {logging_mixin.py:190} INFO - [2026-04-20T01:39:29.901+0000] {dag.py:4180} INFO - Setting next_dagrun for example_short_circuit_decorator to None, run_after=None
[2026-04-20T01:39:29.917+0000] {processor.py:208} INFO - Processing /usr/local/python/3.12.1/lib/python3.12/site-packages/airflow/example_dags/example_short_circuit_decorator.py took 0.062 seconds
[2026-04-20T01:40:43.730+0000] {processor.py:186} INFO - Started process (PID=51264) to work on /usr/local/python/3.12.1/lib/python3.12/site-packages/airflow/example_dags/example_short_circuit_decorator.py
[2026-04-20T01:40:43.730+0000] {processor.py:914} INFO - Processing file /usr/local/python/3.12.1/lib/python3.12/site-packages/airflow/example_dags/example_short_circuit_decorator.py for tasks to queue
[2026-04-20T01:40:43.731+0000] {logging_mixin.py:190} INFO - [2026-04-20T01:40:43.731+0000] {dagbag.py:588} INFO - Filling up the DagBag from /usr/local/python/3.12.1/lib/python3.12/site-packages/airflow/example_dags/example_short_circuit_decorator.py
[2026-04-20T01:40:43.740+0000] {processor.py:925} INFO - DAG(s) 'example_short_circuit_decorator' retrieved from /usr/local/python/3.12.1/lib/python3.12/site-packages/airflow/example_dags/example_short_circuit_decorator.py
[2026-04-20T01:40:43.754+0000] {logging_mixin.py:190} INFO - [2026-04-20T01:40:43.753+0000] {dag.py:3239} INFO - Sync 1 DAGs
[2026-04-20T01:40:43.764+0000] {logging_mixin.py:190} INFO - [2026-04-20T01:40:43.763+0000] {dag.py:4180} INFO - Setting next_dagrun for example_short_circuit_decorator to None, run_after=None
[2026-04-20T01:40:43.785+0000] {processor.py:208} INFO - Processing /usr/local/python/3.12.1/lib/python3.12/site-packages/airflow/example_dags/example_short_circuit_decorator.py took 0.060 seconds
[2026-04-20T01:41:57.393+0000] {processor.py:186} INFO - Started process (PID=51947) to work on /usr/local/python/3.12.1/lib/python3.12/site-packages/airflow/example_dags/example_short_circuit_decorator.py
[2026-04-20T01:41:57.393+0000] {processor.py:914} INFO - Processing file /usr/local/python/3.12.1/lib/python3.12/site-packages/airflow/example_dags/example_short_circuit_decorator.py for tasks to queue
[2026-04-20T01:41:57.394+0000] {logging_mixin.py:190} INFO - [2026-04-20T01:41:57.394+0000] {dagbag.py:588} INFO - Filling up the DagBag from /usr/local/python/3.12.1/lib/python3.12/site-packages/airflow/example_dags/example_short_circuit_decorator.py
[2026-04-20T01:41:57.402+0000] {processor.py:925} INFO - DAG(s) 'example_short_circuit_decorator' retrieved from /usr/local/python/3.12.1/lib/python3.12/site-packages/airflow/example_dags/example_short_circuit_decorator.py
[2026-04-20T01:41:57.424+0000] {logging_mixin.py:190} INFO - [2026-04-20T01:41:57.424+0000] {dag.py:3239} INFO - Sync 1 DAGs
[2026-04-20T01:41:57.446+0000] {logging_mixin.py:190} INFO - [2026-04-20T01:41:57.445+0000] {dag.py:4180} INFO - Setting next_dagrun for example_short_circuit_decorator to None, run_after=None
[2026-04-20T01:41:57.477+0000] {processor.py:208} INFO - Processing /usr/local/python/3.12.1/lib/python3.12/site-packages/airflow/example_dags/example_short_circuit_decorator.py took 0.089 seconds
[2026-04-20T01:43:15.241+0000] {processor.py:186} INFO - Started process (PID=52797) to work on /usr/local/python/3.12.1/lib/python3.12/site-packages/airflow/example_dags/example_short_circuit_decorator.py
[2026-04-20T01:43:15.242+0000] {processor.py:914} INFO - Processing file /usr/local/python/3.12.1/lib/python3.12/site-packages/airflow/example_dags/example_short_circuit_decorator.py for tasks to queue
[2026-04-20T01:43:15.243+0000] {logging_mixin.py:190} INFO - [2026-04-20T01:43:15.243+0000] {dagbag.py:588} INFO - Filling up the DagBag from /usr/local/python/3.12.1/lib/python3.12/site-packages/airflow/example_dags/example_short_circuit_decorator.py
[2026-04-20T01:43:15.251+0000] {processor.py:925} INFO - DAG(s) 'example_short_circuit_decorator' retrieved from /usr/local/python/3.12.1/lib/python3.12/site-packages/airflow/example_dags/example_short_circuit_decorator.py
[2026-04-20T01:43:15.265+0000] {logging_mixin.py:190} INFO - [2026-04-20T01:43:15.265+0000] {dag.py:3239} INFO - Sync 1 DAGs
[2026-04-20T01:43:15.279+0000] {logging_mixin.py:190} INFO - [2026-04-20T01:43:15.279+0000] {dag.py:4180} INFO - Setting next_dagrun for example_short_circuit_decorator to None, run_after=None
[2026-04-20T01:43:15.298+0000] {processor.py:208} INFO - Processing /usr/local/python/3.12.1/lib/python3.12/site-packages/airflow/example_dags/example_short_circuit_decorator.py took 0.061 seconds
[2026-04-20T01:44:36.006+0000] {processor.py:186} INFO - Started process (PID=53663) to work on /usr/local/python/3.12.1/lib/python3.12/site-packages/airflow/example_dags/example_short_circuit_decorator.py
[2026-04-20T01:44:36.007+0000] {processor.py:914} INFO - Processing file /usr/local/python/3.12.1/lib/python3.12/site-packages/airflow/example_dags/example_short_circuit_decorator.py for tasks to queue
[2026-04-20T01:44:36.008+0000] {logging_mixin.py:190} INFO - [2026-04-20T01:44:36.008+0000] {dagbag.py:588} INFO - Filling up the DagBag from /usr/local/python/3.12.1/lib/python3.12/site-packages/airflow/example_dags/example_short_circuit_decorator.py
[2026-04-20T01:44:36.016+0000] {processor.py:925} INFO - DAG(s) 'example_short_circuit_decorator' retrieved from /usr/local/python/3.12.1/lib/python3.12/site-packages/airflow/example_dags/example_short_circuit_decorator.py
[2026-04-20T01:44:36.031+0000] {logging_mixin.py:190} INFO - [2026-04-20T01:44:36.031+0000] {dag.py:3239} INFO - Sync 1 DAGs
[2026-04-20T01:44:36.041+0000] {logging_mixin.py:190} INFO - [2026-04-20T01:44:36.040+0000] {dag.py:4180} INFO - Setting next_dagrun for example_short_circuit_decorator to None, run_after=None
[2026-04-20T01:44:36.057+0000] {processor.py:208} INFO - Processing /usr/local/python/3.12.1/lib/python3.12/site-packages/airflow/example_dags/example_short_circuit_decorator.py took 0.057 seconds
[2026-04-20T01:45:54.929+0000] {processor.py:186} INFO - Started process (PID=54456) to work on /usr/local/python/3.12.1/lib/python3.12/site-packages/airflow/example_dags/example_short_circuit_decorator.py
[2026-04-20T01:45:54.930+0000] {processor.py:914} INFO - Processing file /usr/local/python/3.12.1/lib/python3.12/site-packages/airflow/example_dags/example_short_circuit_decorator.py for tasks to queue
[2026-04-20T01:45:54.931+0000] {logging_mixin.py:190} INFO - [2026-04-20T01:45:54.931+0000] {dagbag.py:588} INFO - Filling up the DagBag from /usr/local/python/3.12.1/lib/python3.12/site-packages/airflow/example_dags/example_short_circuit_decorator.py
[2026-04-20T01:45:54.943+0000] {processor.py:925} INFO - DAG(s) 'example_short_circuit_decorator' retrieved from /usr/local/python/3.12.1/lib/python3.12/site-packages/airflow/example_dags/example_short_circuit_decorator.py
[2026-04-20T01:45:54.958+0000] {logging_mixin.py:190} INFO - [2026-04-20T01:45:54.958+0000] {dag.py:3239} INFO - Sync 1 DAGs
[2026-04-20T01:45:54.969+0000] {logging_mixin.py:190} INFO - [2026-04-20T01:45:54.969+0000] {dag.py:4180} INFO - Setting next_dagrun for example_short_circuit_decorator to None, run_after=None
[2026-04-20T01:45:54.988+0000] {processor.py:208} INFO - Processing /usr/local/python/3.12.1/lib/python3.12/site-packages/airflow/example_dags/example_short_circuit_decorator.py took 0.065 seconds
[2026-04-20T01:47:20.053+0000] {processor.py:186} INFO - Started process (PID=55340) to work on /usr/local/python/3.12.1/lib/python3.12/site-packages/airflow/example_dags/example_short_circuit_decorator.py
[2026-04-20T01:47:20.054+0000] {processor.py:914} INFO - Processing file /usr/local/python/3.12.1/lib/python3.12/site-packages/airflow/example_dags/example_short_circuit_decorator.py for tasks to queue
[2026-04-20T01:47:20.055+0000] {logging_mixin.py:190} INFO - [2026-04-20T01:47:20.054+0000] {dagbag.py:588} INFO - Filling up the DagBag from /usr/local/python/3.12.1/lib/python3.12/site-packages/airflow/example_dags/example_short_circuit_decorator.py
[2026-04-20T01:47:20.063+0000] {processor.py:925} INFO - DAG(s) 'example_short_circuit_decorator' retrieved from /usr/local/python/3.12.1/lib/python3.12/site-packages/airflow/example_dags/example_short_circuit_decorator.py
[2026-04-20T01:47:20.082+0000] {logging_mixin.py:190} INFO - [2026-04-20T01:47:20.081+0000] {dag.py:3239} INFO - Sync 1 DAGs
[2026-04-20T01:47:20.092+0000] {logging_mixin.py:190} INFO - [2026-04-20T01:47:20.092+0000] {dag.py:4180} INFO - Setting next_dagrun for example_short_circuit_decorator to None, run_after=None
[2026-04-20T01:47:20.108+0000] {processor.py:208} INFO - Processing /usr/local/python/3.12.1/lib/python3.12/site-packages/airflow/example_dags/example_short_circuit_decorator.py took 0.060 seconds
[2026-04-20T01:48:44.206+0000] {processor.py:186} INFO - Started process (PID=56165) to work on /usr/local/python/3.12.1/lib/python3.12/site-packages/airflow/example_dags/example_short_circuit_decorator.py
[2026-04-20T01:48:44.206+0000] {processor.py:914} INFO - Processing file /usr/local/python/3.12.1/lib/python3.12/site-packages/airflow/example_dags/example_short_circuit_decorator.py for tasks to queue
[2026-04-20T01:48:44.207+0000] {logging_mixin.py:190} INFO - [2026-04-20T01:48:44.207+0000] {dagbag.py:588} INFO - Filling up the DagBag from /usr/local/python/3.12.1/lib/python3.12/site-packages/airflow/example_dags/example_short_circuit_decorator.py
[2026-04-20T01:48:44.216+0000] {processor.py:925} INFO - DAG(s) 'example_short_circuit_decorator' retrieved from /usr/local/python/3.12.1/lib/python3.12/site-packages/airflow/example_dags/example_short_circuit_decorator.py
[2026-04-20T01:48:44.231+0000] {logging_mixin.py:190} INFO - [2026-04-20T01:48:44.231+0000] {dag.py:3239} INFO - Sync 1 DAGs
[2026-04-20T01:48:44.241+0000] {logging_mixin.py:190} INFO - [2026-04-20T01:48:44.241+0000] {dag.py:4180} INFO - Setting next_dagrun for example_short_circuit_decorator to None, run_after=None
[2026-04-20T01:48:44.258+0000] {processor.py:208} INFO - Processing /usr/local/python/3.12.1/lib/python3.12/site-packages/airflow/example_dags/example_short_circuit_decorator.py took 0.058 seconds
[2026-04-20T01:50:09.605+0000] {processor.py:186} INFO - Started process (PID=57066) to work on /usr/local/python/3.12.1/lib/python3.12/site-packages/airflow/example_dags/example_short_circuit_decorator.py
[2026-04-20T01:50:09.606+0000] {processor.py:914} INFO - Processing file /usr/local/python/3.12.1/lib/python3.12/site-packages/airflow/example_dags/example_short_circuit_decorator.py for tasks to queue
[2026-04-20T01:50:09.607+0000] {logging_mixin.py:190} INFO - [2026-04-20T01:50:09.607+0000] {dagbag.py:588} INFO - Filling up the DagBag from /usr/local/python/3.12.1/lib/python3.12/site-packages/airflow/example_dags/example_short_circuit_decorator.py
[2026-04-20T01:50:09.615+0000] {processor.py:925} INFO - DAG(s) 'example_short_circuit_decorator' retrieved from /usr/local/python/3.12.1/lib/python3.12/site-packages/airflow/example_dags/example_short_circuit_decorator.py
[2026-04-20T01:50:09.631+0000] {logging_mixin.py:190} INFO - [2026-04-20T01:50:09.631+0000] {dag.py:3239} INFO - Sync 1 DAGs
[2026-04-20T01:50:09.764+0000] {logging_mixin.py:190} INFO - [2026-04-20T01:50:09.764+0000] {dag.py:4180} INFO - Setting next_dagrun for example_short_circuit_decorator to None, run_after=None
[2026-04-20T01:50:09.783+0000] {processor.py:208} INFO - Processing /usr/local/python/3.12.1/lib/python3.12/site-packages/airflow/example_dags/example_short_circuit_decorator.py took 0.183 seconds
[2026-04-20T01:51:35.529+0000] {processor.py:186} INFO - Started process (PID=57905) to work on /usr/local/python/3.12.1/lib/python3.12/site-packages/airflow/example_dags/example_short_circuit_decorator.py
[2026-04-20T01:51:35.529+0000] {processor.py:914} INFO - Processing file /usr/local/python/3.12.1/lib/python3.12/site-packages/airflow/example_dags/example_short_circuit_decorator.py for tasks to queue
[2026-04-20T01:51:35.530+0000] {logging_mixin.py:190} INFO - [2026-04-20T01:51:35.530+0000] {dagbag.py:588} INFO - Filling up the DagBag from /usr/local/python/3.12.1/lib/python3.12/site-packages/airflow/example_dags/example_short_circuit_decorator.py
[2026-04-20T01:51:35.538+0000] {processor.py:925} INFO - DAG(s) 'example_short_circuit_decorator' retrieved from /usr/local/python/3.12.1/lib/python3.12/site-packages/airflow/example_dags/example_short_circuit_decorator.py
[2026-04-20T01:51:35.553+0000] {logging_mixin.py:190} INFO - [2026-04-20T01:51:35.553+0000] {dag.py:3239} INFO - Sync 1 DAGs
[2026-04-20T01:51:35.563+0000] {logging_mixin.py:190} INFO - [2026-04-20T01:51:35.563+0000] {dag.py:4180} INFO - Setting next_dagrun for example_short_circuit_decorator to None, run_after=None
[2026-04-20T01:51:35.694+0000] {processor.py:208} INFO - Processing /usr/local/python/3.12.1/lib/python3.12/site-packages/airflow/example_dags/example_short_circuit_decorator.py took 0.169 seconds
[2026-04-20T01:53:00.463+0000] {processor.py:186} INFO - Started process (PID=58783) to work on /usr/local/python/3.12.1/lib/python3.12/site-packages/airflow/example_dags/example_short_circuit_decorator.py
[2026-04-20T01:53:00.463+0000] {processor.py:914} INFO - Processing file /usr/local/python/3.12.1/lib/python3.12/site-packages/airflow/example_dags/example_short_circuit_decorator.py for tasks to queue
[2026-04-20T01:53:00.465+0000] {logging_mixin.py:190} INFO - [2026-04-20T01:53:00.464+0000] {dagbag.py:588} INFO - Filling up the DagBag from /usr/local/python/3.12.1/lib/python3.12/site-packages/airflow/example_dags/example_short_circuit_decorator.py
[2026-04-20T01:53:00.475+0000] {processor.py:925} INFO - DAG(s) 'example_short_circuit_decorator' retrieved from /usr/local/python/3.12.1/lib/python3.12/site-packages/airflow/example_dags/example_short_circuit_decorator.py
[2026-04-20T01:53:00.494+0000] {logging_mixin.py:190} INFO - [2026-04-20T01:53:00.493+0000] {dag.py:3239} INFO - Sync 1 DAGs
[2026-04-20T01:53:00.504+0000] {logging_mixin.py:190} INFO - [2026-04-20T01:53:00.504+0000] {dag.py:4180} INFO - Setting next_dagrun for example_short_circuit_decorator to None, run_after=None
[2026-04-20T01:53:00.521+0000] {processor.py:208} INFO - Processing /usr/local/python/3.12.1/lib/python3.12/site-packages/airflow/example_dags/example_short_circuit_decorator.py took 0.062 seconds
[2026-04-20T01:54:18.393+0000] {processor.py:186} INFO - Started process (PID=59704) to work on /usr/local/python/3.12.1/lib/python3.12/site-packages/airflow/example_dags/example_short_circuit_decorator.py
[2026-04-20T01:54:18.394+0000] {processor.py:914} INFO - Processing file /usr/local/python/3.12.1/lib/python3.12/site-packages/airflow/example_dags/example_short_circuit_decorator.py for tasks to queue
[2026-04-20T01:54:18.395+0000] {logging_mixin.py:190} INFO - [2026-04-20T01:54:18.395+0000] {dagbag.py:588} INFO - Filling up the DagBag from /usr/local/python/3.12.1/lib/python3.12/site-packages/airflow/example_dags/example_short_circuit_decorator.py
[2026-04-20T01:54:18.403+0000] {processor.py:925} INFO - DAG(s) 'example_short_circuit_decorator' retrieved from /usr/local/python/3.12.1/lib/python3.12/site-packages/airflow/example_dags/example_short_circuit_decorator.py
[2026-04-20T01:54:18.418+0000] {logging_mixin.py:190} INFO - [2026-04-20T01:54:18.417+0000] {dag.py:3239} INFO - Sync 1 DAGs
[2026-04-20T01:54:18.428+0000] {logging_mixin.py:190} INFO - [2026-04-20T01:54:18.428+0000] {dag.py:4180} INFO - Setting next_dagrun for example_short_circuit_decorator to None, run_after=None
[2026-04-20T01:54:18.443+0000] {processor.py:208} INFO - Processing /usr/local/python/3.12.1/lib/python3.12/site-packages/airflow/example_dags/example_short_circuit_decorator.py took 0.055 seconds
[2026-04-20T01:55:37.570+0000] {processor.py:186} INFO - Started process (PID=60499) to work on /usr/local/python/3.12.1/lib/python3.12/site-packages/airflow/example_dags/example_short_circuit_decorator.py
[2026-04-20T01:55:37.571+0000] {processor.py:914} INFO - Processing file /usr/local/python/3.12.1/lib/python3.12/site-packages/airflow/example_dags/example_short_circuit_decorator.py for tasks to queue
[2026-04-20T01:55:37.573+0000] {logging_mixin.py:190} INFO - [2026-04-20T01:55:37.572+0000] {dagbag.py:588} INFO - Filling up the DagBag from /usr/local/python/3.12.1/lib/python3.12/site-packages/airflow/example_dags/example_short_circuit_decorator.py
[2026-04-20T01:55:37.584+0000] {processor.py:925} INFO - DAG(s) 'example_short_circuit_decorator' retrieved from /usr/local/python/3.12.1/lib/python3.12/site-packages/airflow/example_dags/example_short_circuit_decorator.py
[2026-04-20T01:55:37.601+0000] {logging_mixin.py:190} INFO - [2026-04-20T01:55:37.601+0000] {dag.py:3239} INFO - Sync 1 DAGs
[2026-04-20T01:55:37.611+0000] {logging_mixin.py:190} INFO - [2026-04-20T01:55:37.611+0000] {dag.py:4180} INFO - Setting next_dagrun for example_short_circuit_decorator to None, run_after=None
[2026-04-20T01:55:37.628+0000] {processor.py:208} INFO - Processing /usr/local/python/3.12.1/lib/python3.12/site-packages/airflow/example_dags/example_short_circuit_decorator.py took 0.063 seconds
[2026-04-20T01:56:54.067+0000] {processor.py:186} INFO - Started process (PID=61266) to work on /usr/local/python/3.12.1/lib/python3.12/site-packages/airflow/example_dags/example_short_circuit_decorator.py
[2026-04-20T01:56:54.067+0000] {processor.py:914} INFO - Processing file /usr/local/python/3.12.1/lib/python3.12/site-packages/airflow/example_dags/example_short_circuit_decorator.py for tasks to queue
[2026-04-20T01:56:54.069+0000] {logging_mixin.py:190} INFO - [2026-04-20T01:56:54.068+0000] {dagbag.py:588} INFO - Filling up the DagBag from /usr/local/python/3.12.1/lib/python3.12/site-packages/airflow/example_dags/example_short_circuit_decorator.py
[2026-04-20T01:56:54.079+0000] {processor.py:925} INFO - DAG(s) 'example_short_circuit_decorator' retrieved from /usr/local/python/3.12.1/lib/python3.12/site-packages/airflow/example_dags/example_short_circuit_decorator.py
[2026-04-20T01:56:54.095+0000] {logging_mixin.py:190} INFO - [2026-04-20T01:56:54.095+0000] {dag.py:3239} INFO - Sync 1 DAGs
[2026-04-20T01:56:54.106+0000] {logging_mixin.py:190} INFO - [2026-04-20T01:56:54.106+0000] {dag.py:4180} INFO - Setting next_dagrun for example_short_circuit_decorator to None, run_after=None
[2026-04-20T01:56:54.123+0000] {processor.py:208} INFO - Processing /usr/local/python/3.12.1/lib/python3.12/site-packages/airflow/example_dags/example_short_circuit_decorator.py took 0.062 seconds
[2026-04-20T01:58:09.113+0000] {processor.py:186} INFO - Started process (PID=62092) to work on /usr/local/python/3.12.1/lib/python3.12/site-packages/airflow/example_dags/example_short_circuit_decorator.py
[2026-04-20T01:58:09.113+0000] {processor.py:914} INFO - Processing file /usr/local/python/3.12.1/lib/python3.12/site-packages/airflow/example_dags/example_short_circuit_decorator.py for tasks to queue
[2026-04-20T01:58:09.114+0000] {logging_mixin.py:190} INFO - [2026-04-20T01:58:09.114+0000] {dagbag.py:588} INFO - Filling up the DagBag from /usr/local/python/3.12.1/lib/python3.12/site-packages/airflow/example_dags/example_short_circuit_decorator.py
[2026-04-20T01:58:09.124+0000] {processor.py:925} INFO - DAG(s) 'example_short_circuit_decorator' retrieved from /usr/local/python/3.12.1/lib/python3.12/site-packages/airflow/example_dags/example_short_circuit_decorator.py
[2026-04-20T01:58:09.139+0000] {logging_mixin.py:190} INFO - [2026-04-20T01:58:09.139+0000] {dag.py:3239} INFO - Sync 1 DAGs
[2026-04-20T01:58:09.149+0000] {logging_mixin.py:190} INFO - [2026-04-20T01:58:09.148+0000] {dag.py:4180} INFO - Setting next_dagrun for example_short_circuit_decorator to None, run_after=None
[2026-04-20T01:58:09.164+0000] {processor.py:208} INFO - Processing /usr/local/python/3.12.1/lib/python3.12/site-packages/airflow/example_dags/example_short_circuit_decorator.py took 0.056 seconds
[2026-04-20T14:13:45.081+0000] {processor.py:186} INFO - Started process (PID=7327) to work on /usr/local/python/3.12.1/lib/python3.12/site-packages/airflow/example_dags/example_short_circuit_decorator.py
[2026-04-20T14:13:45.082+0000] {processor.py:914} INFO - Processing file /usr/local/python/3.12.1/lib/python3.12/site-packages/airflow/example_dags/example_short_circuit_decorator.py for tasks to queue
[2026-04-20T14:13:45.084+0000] {logging_mixin.py:190} INFO - [2026-04-20T14:13:45.084+0000] {dagbag.py:588} INFO - Filling up the DagBag from /usr/local/python/3.12.1/lib/python3.12/site-packages/airflow/example_dags/example_short_circuit_decorator.py
[2026-04-20T14:13:45.092+0000] {processor.py:925} INFO - DAG(s) 'example_short_circuit_decorator' retrieved from /usr/local/python/3.12.1/lib/python3.12/site-packages/airflow/example_dags/example_short_circuit_decorator.py
[2026-04-20T14:13:45.108+0000] {logging_mixin.py:190} INFO - [2026-04-20T14:13:45.108+0000] {dag.py:3239} INFO - Sync 1 DAGs
[2026-04-20T14:13:45.119+0000] {logging_mixin.py:190} INFO - [2026-04-20T14:13:45.118+0000] {dag.py:4180} INFO - Setting next_dagrun for example_short_circuit_decorator to None, run_after=None
[2026-04-20T14:13:45.135+0000] {processor.py:208} INFO - Processing /usr/local/python/3.12.1/lib/python3.12/site-packages/airflow/example_dags/example_short_circuit_decorator.py took 0.058 seconds
[2026-04-20T14:14:54.346+0000] {processor.py:186} INFO - Started process (PID=7922) to work on /usr/local/python/3.12.1/lib/python3.12/site-packages/airflow/example_dags/example_short_circuit_decorator.py
[2026-04-20T14:14:54.346+0000] {processor.py:914} INFO - Processing file /usr/local/python/3.12.1/lib/python3.12/site-packages/airflow/example_dags/example_short_circuit_decorator.py for tasks to queue
[2026-04-20T14:14:54.348+0000] {logging_mixin.py:190} INFO - [2026-04-20T14:14:54.348+0000] {dagbag.py:588} INFO - Filling up the DagBag from /usr/local/python/3.12.1/lib/python3.12/site-packages/airflow/example_dags/example_short_circuit_decorator.py
[2026-04-20T14:14:54.356+0000] {processor.py:925} INFO - DAG(s) 'example_short_circuit_decorator' retrieved from /usr/local/python/3.12.1/lib/python3.12/site-packages/airflow/example_dags/example_short_circuit_decorator.py
[2026-04-20T14:14:54.371+0000] {logging_mixin.py:190} INFO - [2026-04-20T14:14:54.371+0000] {dag.py:3239} INFO - Sync 1 DAGs
[2026-04-20T14:14:54.381+0000] {logging_mixin.py:190} INFO - [2026-04-20T14:14:54.381+0000] {dag.py:4180} INFO - Setting next_dagrun for example_short_circuit_decorator to None, run_after=None
[2026-04-20T14:14:54.398+0000] {processor.py:208} INFO - Processing /usr/local/python/3.12.1/lib/python3.12/site-packages/airflow/example_dags/example_short_circuit_decorator.py took 0.057 seconds
[2026-04-20T14:16:15.208+0000] {processor.py:186} INFO - Started process (PID=9683) to work on /usr/local/python/3.12.1/lib/python3.12/site-packages/airflow/example_dags/example_short_circuit_decorator.py
[2026-04-20T14:16:15.213+0000] {processor.py:914} INFO - Processing file /usr/local/python/3.12.1/lib/python3.12/site-packages/airflow/example_dags/example_short_circuit_decorator.py for tasks to queue
[2026-04-20T14:16:15.220+0000] {logging_mixin.py:190} INFO - [2026-04-20T14:16:15.219+0000] {dagbag.py:588} INFO - Filling up the DagBag from /usr/local/python/3.12.1/lib/python3.12/site-packages/airflow/example_dags/example_short_circuit_decorator.py
[2026-04-20T14:16:15.243+0000] {processor.py:925} INFO - DAG(s) 'example_short_circuit_decorator' retrieved from /usr/local/python/3.12.1/lib/python3.12/site-packages/airflow/example_dags/example_short_circuit_decorator.py
[2026-04-20T14:16:15.270+0000] {logging_mixin.py:190} INFO - [2026-04-20T14:16:15.269+0000] {dag.py:3239} INFO - Sync 1 DAGs
[2026-04-20T14:16:15.303+0000] {logging_mixin.py:190} INFO - [2026-04-20T14:16:15.301+0000] {dag.py:4180} INFO - Setting next_dagrun for example_short_circuit_decorator to None, run_after=None
[2026-04-20T14:16:15.335+0000] {processor.py:208} INFO - Processing /usr/local/python/3.12.1/lib/python3.12/site-packages/airflow/example_dags/example_short_circuit_decorator.py took 0.140 seconds
