[2026-04-20T00:50:02.647+0000] {processor.py:186} INFO - Started process (PID=16432) to work on /usr/local/python/3.12.1/lib/python3.12/site-packages/airflow/example_dags/example_branch_operator_decorator.py
[2026-04-20T00:50:02.648+0000] {processor.py:914} INFO - Processing file /usr/local/python/3.12.1/lib/python3.12/site-packages/airflow/example_dags/example_branch_operator_decorator.py for tasks to queue
[2026-04-20T00:50:02.650+0000] {logging_mixin.py:190} INFO - [2026-04-20T00:50:02.649+0000] {dagbag.py:588} INFO - Filling up the DagBag from /usr/local/python/3.12.1/lib/python3.12/site-packages/airflow/example_dags/example_branch_operator_decorator.py
[2026-04-20T00:50:02.668+0000] {processor.py:925} INFO - DAG(s) 'example_branch_python_operator_decorator' retrieved from /usr/local/python/3.12.1/lib/python3.12/site-packages/airflow/example_dags/example_branch_operator_decorator.py
[2026-04-20T00:50:02.766+0000] {logging_mixin.py:190} INFO - [2026-04-20T00:50:02.766+0000] {dag.py:3239} INFO - Sync 1 DAGs
[2026-04-20T00:50:02.782+0000] {logging_mixin.py:190} INFO - [2026-04-20T00:50:02.782+0000] {dag.py:4180} INFO - Setting next_dagrun for example_branch_python_operator_decorator to 2026-04-19 00:00:00+00:00, run_after=2026-04-20 00:00:00+00:00
[2026-04-20T00:50:02.801+0000] {processor.py:208} INFO - Processing /usr/local/python/3.12.1/lib/python3.12/site-packages/airflow/example_dags/example_branch_operator_decorator.py took 0.158 seconds
[2026-04-20T00:51:18.565+0000] {processor.py:186} INFO - Started process (PID=17584) to work on /usr/local/python/3.12.1/lib/python3.12/site-packages/airflow/example_dags/example_branch_operator_decorator.py
[2026-04-20T00:51:18.566+0000] {processor.py:914} INFO - Processing file /usr/local/python/3.12.1/lib/python3.12/site-packages/airflow/example_dags/example_branch_operator_decorator.py for tasks to queue
[2026-04-20T00:51:18.567+0000] {logging_mixin.py:190} INFO - [2026-04-20T00:51:18.567+0000] {dagbag.py:588} INFO - Filling up the DagBag from /usr/local/python/3.12.1/lib/python3.12/site-packages/airflow/example_dags/example_branch_operator_decorator.py
[2026-04-20T00:51:18.586+0000] {processor.py:925} INFO - DAG(s) 'example_branch_python_operator_decorator' retrieved from /usr/local/python/3.12.1/lib/python3.12/site-packages/airflow/example_dags/example_branch_operator_decorator.py
[2026-04-20T00:51:18.616+0000] {logging_mixin.py:190} INFO - [2026-04-20T00:51:18.615+0000] {dag.py:3239} INFO - Sync 1 DAGs
[2026-04-20T00:51:18.644+0000] {logging_mixin.py:190} INFO - [2026-04-20T00:51:18.644+0000] {dag.py:4180} INFO - Setting next_dagrun for example_branch_python_operator_decorator to 2026-04-19 00:00:00+00:00, run_after=2026-04-20 00:00:00+00:00
[2026-04-20T00:51:18.696+0000] {processor.py:208} INFO - Processing /usr/local/python/3.12.1/lib/python3.12/site-packages/airflow/example_dags/example_branch_operator_decorator.py took 0.135 seconds
[2026-04-20T00:52:35.129+0000] {processor.py:186} INFO - Started process (PID=19072) to work on /usr/local/python/3.12.1/lib/python3.12/site-packages/airflow/example_dags/example_branch_operator_decorator.py
[2026-04-20T00:52:35.130+0000] {processor.py:914} INFO - Processing file /usr/local/python/3.12.1/lib/python3.12/site-packages/airflow/example_dags/example_branch_operator_decorator.py for tasks to queue
[2026-04-20T00:52:35.131+0000] {logging_mixin.py:190} INFO - [2026-04-20T00:52:35.131+0000] {dagbag.py:588} INFO - Filling up the DagBag from /usr/local/python/3.12.1/lib/python3.12/site-packages/airflow/example_dags/example_branch_operator_decorator.py
[2026-04-20T00:52:35.149+0000] {processor.py:925} INFO - DAG(s) 'example_branch_python_operator_decorator' retrieved from /usr/local/python/3.12.1/lib/python3.12/site-packages/airflow/example_dags/example_branch_operator_decorator.py
[2026-04-20T00:52:35.168+0000] {logging_mixin.py:190} INFO - [2026-04-20T00:52:35.168+0000] {dag.py:3239} INFO - Sync 1 DAGs
[2026-04-20T00:52:35.184+0000] {logging_mixin.py:190} INFO - [2026-04-20T00:52:35.184+0000] {dag.py:4180} INFO - Setting next_dagrun for example_branch_python_operator_decorator to 2026-04-19 00:00:00+00:00, run_after=2026-04-20 00:00:00+00:00
[2026-04-20T00:52:35.199+0000] {processor.py:208} INFO - Processing /usr/local/python/3.12.1/lib/python3.12/site-packages/airflow/example_dags/example_branch_operator_decorator.py took 0.075 seconds
[2026-04-20T00:53:55.302+0000] {processor.py:186} INFO - Started process (PID=20189) to work on /usr/local/python/3.12.1/lib/python3.12/site-packages/airflow/example_dags/example_branch_operator_decorator.py
[2026-04-20T00:53:55.303+0000] {processor.py:914} INFO - Processing file /usr/local/python/3.12.1/lib/python3.12/site-packages/airflow/example_dags/example_branch_operator_decorator.py for tasks to queue
[2026-04-20T00:53:55.304+0000] {logging_mixin.py:190} INFO - [2026-04-20T00:53:55.304+0000] {dagbag.py:588} INFO - Filling up the DagBag from /usr/local/python/3.12.1/lib/python3.12/site-packages/airflow/example_dags/example_branch_operator_decorator.py
[2026-04-20T00:53:55.322+0000] {processor.py:925} INFO - DAG(s) 'example_branch_python_operator_decorator' retrieved from /usr/local/python/3.12.1/lib/python3.12/site-packages/airflow/example_dags/example_branch_operator_decorator.py
[2026-04-20T00:53:55.340+0000] {logging_mixin.py:190} INFO - [2026-04-20T00:53:55.340+0000] {dag.py:3239} INFO - Sync 1 DAGs
[2026-04-20T00:53:55.357+0000] {logging_mixin.py:190} INFO - [2026-04-20T00:53:55.357+0000] {dag.py:4180} INFO - Setting next_dagrun for example_branch_python_operator_decorator to 2026-04-19 00:00:00+00:00, run_after=2026-04-20 00:00:00+00:00
[2026-04-20T00:53:55.375+0000] {processor.py:208} INFO - Processing /usr/local/python/3.12.1/lib/python3.12/site-packages/airflow/example_dags/example_branch_operator_decorator.py took 0.077 seconds
[2026-04-20T00:55:12.553+0000] {processor.py:186} INFO - Started process (PID=21111) to work on /usr/local/python/3.12.1/lib/python3.12/site-packages/airflow/example_dags/example_branch_operator_decorator.py
[2026-04-20T00:55:12.554+0000] {processor.py:914} INFO - Processing file /usr/local/python/3.12.1/lib/python3.12/site-packages/airflow/example_dags/example_branch_operator_decorator.py for tasks to queue
[2026-04-20T00:55:12.555+0000] {logging_mixin.py:190} INFO - [2026-04-20T00:55:12.555+0000] {dagbag.py:588} INFO - Filling up the DagBag from /usr/local/python/3.12.1/lib/python3.12/site-packages/airflow/example_dags/example_branch_operator_decorator.py
[2026-04-20T00:55:12.573+0000] {processor.py:925} INFO - DAG(s) 'example_branch_python_operator_decorator' retrieved from /usr/local/python/3.12.1/lib/python3.12/site-packages/airflow/example_dags/example_branch_operator_decorator.py
[2026-04-20T00:55:12.592+0000] {logging_mixin.py:190} INFO - [2026-04-20T00:55:12.591+0000] {dag.py:3239} INFO - Sync 1 DAGs
[2026-04-20T00:55:12.607+0000] {logging_mixin.py:190} INFO - [2026-04-20T00:55:12.607+0000] {dag.py:4180} INFO - Setting next_dagrun for example_branch_python_operator_decorator to 2026-04-19 00:00:00+00:00, run_after=2026-04-20 00:00:00+00:00
[2026-04-20T00:55:12.624+0000] {processor.py:208} INFO - Processing /usr/local/python/3.12.1/lib/python3.12/site-packages/airflow/example_dags/example_branch_operator_decorator.py took 0.075 seconds
[2026-04-20T00:56:29.719+0000] {processor.py:186} INFO - Started process (PID=21968) to work on /usr/local/python/3.12.1/lib/python3.12/site-packages/airflow/example_dags/example_branch_operator_decorator.py
[2026-04-20T00:56:29.720+0000] {processor.py:914} INFO - Processing file /usr/local/python/3.12.1/lib/python3.12/site-packages/airflow/example_dags/example_branch_operator_decorator.py for tasks to queue
[2026-04-20T00:56:29.723+0000] {logging_mixin.py:190} INFO - [2026-04-20T00:56:29.722+0000] {dagbag.py:588} INFO - Filling up the DagBag from /usr/local/python/3.12.1/lib/python3.12/site-packages/airflow/example_dags/example_branch_operator_decorator.py
[2026-04-20T00:56:29.742+0000] {processor.py:925} INFO - DAG(s) 'example_branch_python_operator_decorator' retrieved from /usr/local/python/3.12.1/lib/python3.12/site-packages/airflow/example_dags/example_branch_operator_decorator.py
[2026-04-20T00:56:29.761+0000] {logging_mixin.py:190} INFO - [2026-04-20T00:56:29.761+0000] {dag.py:3239} INFO - Sync 1 DAGs
[2026-04-20T00:56:29.777+0000] {logging_mixin.py:190} INFO - [2026-04-20T00:56:29.777+0000] {dag.py:4180} INFO - Setting next_dagrun for example_branch_python_operator_decorator to 2026-04-19 00:00:00+00:00, run_after=2026-04-20 00:00:00+00:00
[2026-04-20T00:56:29.793+0000] {processor.py:208} INFO - Processing /usr/local/python/3.12.1/lib/python3.12/site-packages/airflow/example_dags/example_branch_operator_decorator.py took 0.083 seconds
[2026-04-20T00:57:44.893+0000] {processor.py:186} INFO - Started process (PID=22807) to work on /usr/local/python/3.12.1/lib/python3.12/site-packages/airflow/example_dags/example_branch_operator_decorator.py
[2026-04-20T00:57:44.894+0000] {processor.py:914} INFO - Processing file /usr/local/python/3.12.1/lib/python3.12/site-packages/airflow/example_dags/example_branch_operator_decorator.py for tasks to queue
[2026-04-20T00:57:44.895+0000] {logging_mixin.py:190} INFO - [2026-04-20T00:57:44.895+0000] {dagbag.py:588} INFO - Filling up the DagBag from /usr/local/python/3.12.1/lib/python3.12/site-packages/airflow/example_dags/example_branch_operator_decorator.py
[2026-04-20T00:57:44.918+0000] {processor.py:925} INFO - DAG(s) 'example_branch_python_operator_decorator' retrieved from /usr/local/python/3.12.1/lib/python3.12/site-packages/airflow/example_dags/example_branch_operator_decorator.py
[2026-04-20T00:57:44.937+0000] {logging_mixin.py:190} INFO - [2026-04-20T00:57:44.937+0000] {dag.py:3239} INFO - Sync 1 DAGs
[2026-04-20T00:57:44.954+0000] {logging_mixin.py:190} INFO - [2026-04-20T00:57:44.954+0000] {dag.py:4180} INFO - Setting next_dagrun for example_branch_python_operator_decorator to 2026-04-19 00:00:00+00:00, run_after=2026-04-20 00:00:00+00:00
[2026-04-20T00:57:44.970+0000] {processor.py:208} INFO - Processing /usr/local/python/3.12.1/lib/python3.12/site-packages/airflow/example_dags/example_branch_operator_decorator.py took 0.081 seconds
[2026-04-20T00:59:00.672+0000] {processor.py:186} INFO - Started process (PID=23578) to work on /usr/local/python/3.12.1/lib/python3.12/site-packages/airflow/example_dags/example_branch_operator_decorator.py
[2026-04-20T00:59:00.672+0000] {processor.py:914} INFO - Processing file /usr/local/python/3.12.1/lib/python3.12/site-packages/airflow/example_dags/example_branch_operator_decorator.py for tasks to queue
[2026-04-20T00:59:00.674+0000] {logging_mixin.py:190} INFO - [2026-04-20T00:59:00.674+0000] {dagbag.py:588} INFO - Filling up the DagBag from /usr/local/python/3.12.1/lib/python3.12/site-packages/airflow/example_dags/example_branch_operator_decorator.py
[2026-04-20T00:59:00.692+0000] {processor.py:925} INFO - DAG(s) 'example_branch_python_operator_decorator' retrieved from /usr/local/python/3.12.1/lib/python3.12/site-packages/airflow/example_dags/example_branch_operator_decorator.py
[2026-04-20T00:59:00.710+0000] {logging_mixin.py:190} INFO - [2026-04-20T00:59:00.710+0000] {dag.py:3239} INFO - Sync 1 DAGs
[2026-04-20T00:59:00.727+0000] {logging_mixin.py:190} INFO - [2026-04-20T00:59:00.727+0000] {dag.py:4180} INFO - Setting next_dagrun for example_branch_python_operator_decorator to 2026-04-19 00:00:00+00:00, run_after=2026-04-20 00:00:00+00:00
[2026-04-20T00:59:00.744+0000] {processor.py:208} INFO - Processing /usr/local/python/3.12.1/lib/python3.12/site-packages/airflow/example_dags/example_branch_operator_decorator.py took 0.076 seconds
[2026-04-20T01:00:21.049+0000] {processor.py:186} INFO - Started process (PID=24703) to work on /usr/local/python/3.12.1/lib/python3.12/site-packages/airflow/example_dags/example_branch_operator_decorator.py
[2026-04-20T01:00:21.049+0000] {processor.py:914} INFO - Processing file /usr/local/python/3.12.1/lib/python3.12/site-packages/airflow/example_dags/example_branch_operator_decorator.py for tasks to queue
[2026-04-20T01:00:21.051+0000] {logging_mixin.py:190} INFO - [2026-04-20T01:00:21.051+0000] {dagbag.py:588} INFO - Filling up the DagBag from /usr/local/python/3.12.1/lib/python3.12/site-packages/airflow/example_dags/example_branch_operator_decorator.py
[2026-04-20T01:00:21.069+0000] {processor.py:925} INFO - DAG(s) 'example_branch_python_operator_decorator' retrieved from /usr/local/python/3.12.1/lib/python3.12/site-packages/airflow/example_dags/example_branch_operator_decorator.py
[2026-04-20T01:00:21.087+0000] {logging_mixin.py:190} INFO - [2026-04-20T01:00:21.087+0000] {dag.py:3239} INFO - Sync 1 DAGs
[2026-04-20T01:00:21.103+0000] {logging_mixin.py:190} INFO - [2026-04-20T01:00:21.103+0000] {dag.py:4180} INFO - Setting next_dagrun for example_branch_python_operator_decorator to 2026-04-19 00:00:00+00:00, run_after=2026-04-20 00:00:00+00:00
[2026-04-20T01:00:21.119+0000] {processor.py:208} INFO - Processing /usr/local/python/3.12.1/lib/python3.12/site-packages/airflow/example_dags/example_branch_operator_decorator.py took 0.075 seconds
[2026-04-20T01:01:35.688+0000] {processor.py:186} INFO - Started process (PID=25499) to work on /usr/local/python/3.12.1/lib/python3.12/site-packages/airflow/example_dags/example_branch_operator_decorator.py
[2026-04-20T01:01:35.690+0000] {processor.py:914} INFO - Processing file /usr/local/python/3.12.1/lib/python3.12/site-packages/airflow/example_dags/example_branch_operator_decorator.py for tasks to queue
[2026-04-20T01:01:35.697+0000] {logging_mixin.py:190} INFO - [2026-04-20T01:01:35.696+0000] {dagbag.py:588} INFO - Filling up the DagBag from /usr/local/python/3.12.1/lib/python3.12/site-packages/airflow/example_dags/example_branch_operator_decorator.py
[2026-04-20T01:01:35.755+0000] {processor.py:925} INFO - DAG(s) 'example_branch_python_operator_decorator' retrieved from /usr/local/python/3.12.1/lib/python3.12/site-packages/airflow/example_dags/example_branch_operator_decorator.py
[2026-04-20T01:01:35.828+0000] {logging_mixin.py:190} INFO - [2026-04-20T01:01:35.828+0000] {dag.py:3239} INFO - Sync 1 DAGs
[2026-04-20T01:01:35.935+0000] {logging_mixin.py:190} INFO - [2026-04-20T01:01:35.935+0000] {dag.py:4180} INFO - Setting next_dagrun for example_branch_python_operator_decorator to 2026-04-19 00:00:00+00:00, run_after=2026-04-20 00:00:00+00:00
[2026-04-20T01:01:36.073+0000] {processor.py:208} INFO - Processing /usr/local/python/3.12.1/lib/python3.12/site-packages/airflow/example_dags/example_branch_operator_decorator.py took 0.403 seconds
[2026-04-20T01:02:48.744+0000] {processor.py:186} INFO - Started process (PID=26310) to work on /usr/local/python/3.12.1/lib/python3.12/site-packages/airflow/example_dags/example_branch_operator_decorator.py
[2026-04-20T01:02:48.744+0000] {processor.py:914} INFO - Processing file /usr/local/python/3.12.1/lib/python3.12/site-packages/airflow/example_dags/example_branch_operator_decorator.py for tasks to queue
[2026-04-20T01:02:48.746+0000] {logging_mixin.py:190} INFO - [2026-04-20T01:02:48.746+0000] {dagbag.py:588} INFO - Filling up the DagBag from /usr/local/python/3.12.1/lib/python3.12/site-packages/airflow/example_dags/example_branch_operator_decorator.py
[2026-04-20T01:02:48.764+0000] {processor.py:925} INFO - DAG(s) 'example_branch_python_operator_decorator' retrieved from /usr/local/python/3.12.1/lib/python3.12/site-packages/airflow/example_dags/example_branch_operator_decorator.py
[2026-04-20T01:02:48.782+0000] {logging_mixin.py:190} INFO - [2026-04-20T01:02:48.782+0000] {dag.py:3239} INFO - Sync 1 DAGs
[2026-04-20T01:02:48.799+0000] {logging_mixin.py:190} INFO - [2026-04-20T01:02:48.799+0000] {dag.py:4180} INFO - Setting next_dagrun for example_branch_python_operator_decorator to 2026-04-19 00:00:00+00:00, run_after=2026-04-20 00:00:00+00:00
[2026-04-20T01:02:48.815+0000] {processor.py:208} INFO - Processing /usr/local/python/3.12.1/lib/python3.12/site-packages/airflow/example_dags/example_branch_operator_decorator.py took 0.075 seconds
[2026-04-20T01:04:02.981+0000] {processor.py:186} INFO - Started process (PID=27052) to work on /usr/local/python/3.12.1/lib/python3.12/site-packages/airflow/example_dags/example_branch_operator_decorator.py
[2026-04-20T01:04:02.982+0000] {processor.py:914} INFO - Processing file /usr/local/python/3.12.1/lib/python3.12/site-packages/airflow/example_dags/example_branch_operator_decorator.py for tasks to queue
[2026-04-20T01:04:02.986+0000] {logging_mixin.py:190} INFO - [2026-04-20T01:04:02.985+0000] {dagbag.py:588} INFO - Filling up the DagBag from /usr/local/python/3.12.1/lib/python3.12/site-packages/airflow/example_dags/example_branch_operator_decorator.py
[2026-04-20T01:04:03.044+0000] {processor.py:925} INFO - DAG(s) 'example_branch_python_operator_decorator' retrieved from /usr/local/python/3.12.1/lib/python3.12/site-packages/airflow/example_dags/example_branch_operator_decorator.py
[2026-04-20T01:04:03.081+0000] {logging_mixin.py:190} INFO - [2026-04-20T01:04:03.080+0000] {dag.py:3239} INFO - Sync 1 DAGs
[2026-04-20T01:04:03.112+0000] {logging_mixin.py:190} INFO - [2026-04-20T01:04:03.111+0000] {dag.py:4180} INFO - Setting next_dagrun for example_branch_python_operator_decorator to 2026-04-19 00:00:00+00:00, run_after=2026-04-20 00:00:00+00:00
[2026-04-20T01:04:03.145+0000] {processor.py:208} INFO - Processing /usr/local/python/3.12.1/lib/python3.12/site-packages/airflow/example_dags/example_branch_operator_decorator.py took 0.169 seconds
[2026-04-20T01:05:21.317+0000] {processor.py:186} INFO - Started process (PID=28164) to work on /usr/local/python/3.12.1/lib/python3.12/site-packages/airflow/example_dags/example_branch_operator_decorator.py
[2026-04-20T01:05:21.318+0000] {processor.py:914} INFO - Processing file /usr/local/python/3.12.1/lib/python3.12/site-packages/airflow/example_dags/example_branch_operator_decorator.py for tasks to queue
[2026-04-20T01:05:21.320+0000] {logging_mixin.py:190} INFO - [2026-04-20T01:05:21.319+0000] {dagbag.py:588} INFO - Filling up the DagBag from /usr/local/python/3.12.1/lib/python3.12/site-packages/airflow/example_dags/example_branch_operator_decorator.py
[2026-04-20T01:05:21.337+0000] {processor.py:925} INFO - DAG(s) 'example_branch_python_operator_decorator' retrieved from /usr/local/python/3.12.1/lib/python3.12/site-packages/airflow/example_dags/example_branch_operator_decorator.py
[2026-04-20T01:05:21.356+0000] {logging_mixin.py:190} INFO - [2026-04-20T01:05:21.356+0000] {dag.py:3239} INFO - Sync 1 DAGs
[2026-04-20T01:05:21.374+0000] {logging_mixin.py:190} INFO - [2026-04-20T01:05:21.374+0000] {dag.py:4180} INFO - Setting next_dagrun for example_branch_python_operator_decorator to 2026-04-19 00:00:00+00:00, run_after=2026-04-20 00:00:00+00:00
[2026-04-20T01:05:21.391+0000] {processor.py:208} INFO - Processing /usr/local/python/3.12.1/lib/python3.12/site-packages/airflow/example_dags/example_branch_operator_decorator.py took 0.078 seconds
[2026-04-20T01:06:42.375+0000] {processor.py:186} INFO - Started process (PID=29170) to work on /usr/local/python/3.12.1/lib/python3.12/site-packages/airflow/example_dags/example_branch_operator_decorator.py
[2026-04-20T01:06:42.376+0000] {processor.py:914} INFO - Processing file /usr/local/python/3.12.1/lib/python3.12/site-packages/airflow/example_dags/example_branch_operator_decorator.py for tasks to queue
[2026-04-20T01:06:42.377+0000] {logging_mixin.py:190} INFO - [2026-04-20T01:06:42.377+0000] {dagbag.py:588} INFO - Filling up the DagBag from /usr/local/python/3.12.1/lib/python3.12/site-packages/airflow/example_dags/example_branch_operator_decorator.py
[2026-04-20T01:06:42.395+0000] {processor.py:925} INFO - DAG(s) 'example_branch_python_operator_decorator' retrieved from /usr/local/python/3.12.1/lib/python3.12/site-packages/airflow/example_dags/example_branch_operator_decorator.py
[2026-04-20T01:06:42.414+0000] {logging_mixin.py:190} INFO - [2026-04-20T01:06:42.414+0000] {dag.py:3239} INFO - Sync 1 DAGs
[2026-04-20T01:06:42.432+0000] {logging_mixin.py:190} INFO - [2026-04-20T01:06:42.432+0000] {dag.py:4180} INFO - Setting next_dagrun for example_branch_python_operator_decorator to 2026-04-19 00:00:00+00:00, run_after=2026-04-20 00:00:00+00:00
[2026-04-20T01:06:42.449+0000] {processor.py:208} INFO - Processing /usr/local/python/3.12.1/lib/python3.12/site-packages/airflow/example_dags/example_branch_operator_decorator.py took 0.078 seconds
[2026-04-20T01:08:01.937+0000] {processor.py:186} INFO - Started process (PID=30180) to work on /usr/local/python/3.12.1/lib/python3.12/site-packages/airflow/example_dags/example_branch_operator_decorator.py
[2026-04-20T01:08:01.937+0000] {processor.py:914} INFO - Processing file /usr/local/python/3.12.1/lib/python3.12/site-packages/airflow/example_dags/example_branch_operator_decorator.py for tasks to queue
[2026-04-20T01:08:01.938+0000] {logging_mixin.py:190} INFO - [2026-04-20T01:08:01.938+0000] {dagbag.py:588} INFO - Filling up the DagBag from /usr/local/python/3.12.1/lib/python3.12/site-packages/airflow/example_dags/example_branch_operator_decorator.py
[2026-04-20T01:08:01.960+0000] {processor.py:925} INFO - DAG(s) 'example_branch_python_operator_decorator' retrieved from /usr/local/python/3.12.1/lib/python3.12/site-packages/airflow/example_dags/example_branch_operator_decorator.py
[2026-04-20T01:08:01.982+0000] {logging_mixin.py:190} INFO - [2026-04-20T01:08:01.982+0000] {dag.py:3239} INFO - Sync 1 DAGs
[2026-04-20T01:08:02.000+0000] {logging_mixin.py:190} INFO - [2026-04-20T01:08:02.000+0000] {dag.py:4180} INFO - Setting next_dagrun for example_branch_python_operator_decorator to 2026-04-19 00:00:00+00:00, run_after=2026-04-20 00:00:00+00:00
[2026-04-20T01:08:02.018+0000] {processor.py:208} INFO - Processing /usr/local/python/3.12.1/lib/python3.12/site-packages/airflow/example_dags/example_branch_operator_decorator.py took 0.086 seconds
[2026-04-20T01:09:14.052+0000] {processor.py:186} INFO - Started process (PID=31055) to work on /usr/local/python/3.12.1/lib/python3.12/site-packages/airflow/example_dags/example_branch_operator_decorator.py
[2026-04-20T01:09:14.053+0000] {processor.py:914} INFO - Processing file /usr/local/python/3.12.1/lib/python3.12/site-packages/airflow/example_dags/example_branch_operator_decorator.py for tasks to queue
[2026-04-20T01:09:14.054+0000] {logging_mixin.py:190} INFO - [2026-04-20T01:09:14.054+0000] {dagbag.py:588} INFO - Filling up the DagBag from /usr/local/python/3.12.1/lib/python3.12/site-packages/airflow/example_dags/example_branch_operator_decorator.py
[2026-04-20T01:09:14.074+0000] {processor.py:925} INFO - DAG(s) 'example_branch_python_operator_decorator' retrieved from /usr/local/python/3.12.1/lib/python3.12/site-packages/airflow/example_dags/example_branch_operator_decorator.py
[2026-04-20T01:09:14.095+0000] {logging_mixin.py:190} INFO - [2026-04-20T01:09:14.094+0000] {dag.py:3239} INFO - Sync 1 DAGs
[2026-04-20T01:09:14.113+0000] {logging_mixin.py:190} INFO - [2026-04-20T01:09:14.113+0000] {dag.py:4180} INFO - Setting next_dagrun for example_branch_python_operator_decorator to 2026-04-19 00:00:00+00:00, run_after=2026-04-20 00:00:00+00:00
[2026-04-20T01:09:14.131+0000] {processor.py:208} INFO - Processing /usr/local/python/3.12.1/lib/python3.12/site-packages/airflow/example_dags/example_branch_operator_decorator.py took 0.085 seconds
[2026-04-20T01:10:42.150+0000] {processor.py:186} INFO - Started process (PID=32453) to work on /usr/local/python/3.12.1/lib/python3.12/site-packages/airflow/example_dags/example_branch_operator_decorator.py
[2026-04-20T01:10:42.152+0000] {processor.py:914} INFO - Processing file /usr/local/python/3.12.1/lib/python3.12/site-packages/airflow/example_dags/example_branch_operator_decorator.py for tasks to queue
[2026-04-20T01:10:42.156+0000] {logging_mixin.py:190} INFO - [2026-04-20T01:10:42.155+0000] {dagbag.py:588} INFO - Filling up the DagBag from /usr/local/python/3.12.1/lib/python3.12/site-packages/airflow/example_dags/example_branch_operator_decorator.py
[2026-04-20T01:10:42.226+0000] {processor.py:925} INFO - DAG(s) 'example_branch_python_operator_decorator' retrieved from /usr/local/python/3.12.1/lib/python3.12/site-packages/airflow/example_dags/example_branch_operator_decorator.py
[2026-04-20T01:10:42.266+0000] {logging_mixin.py:190} INFO - [2026-04-20T01:10:42.266+0000] {dag.py:3239} INFO - Sync 1 DAGs
[2026-04-20T01:10:42.298+0000] {logging_mixin.py:190} INFO - [2026-04-20T01:10:42.298+0000] {dag.py:4180} INFO - Setting next_dagrun for example_branch_python_operator_decorator to 2026-04-19 00:00:00+00:00, run_after=2026-04-20 00:00:00+00:00
[2026-04-20T01:10:42.316+0000] {processor.py:208} INFO - Processing /usr/local/python/3.12.1/lib/python3.12/site-packages/airflow/example_dags/example_branch_operator_decorator.py took 0.178 seconds
[2026-04-20T01:11:58.403+0000] {processor.py:186} INFO - Started process (PID=33328) to work on /usr/local/python/3.12.1/lib/python3.12/site-packages/airflow/example_dags/example_branch_operator_decorator.py
[2026-04-20T01:11:58.404+0000] {processor.py:914} INFO - Processing file /usr/local/python/3.12.1/lib/python3.12/site-packages/airflow/example_dags/example_branch_operator_decorator.py for tasks to queue
[2026-04-20T01:11:58.405+0000] {logging_mixin.py:190} INFO - [2026-04-20T01:11:58.404+0000] {dagbag.py:588} INFO - Filling up the DagBag from /usr/local/python/3.12.1/lib/python3.12/site-packages/airflow/example_dags/example_branch_operator_decorator.py
[2026-04-20T01:11:58.422+0000] {processor.py:925} INFO - DAG(s) 'example_branch_python_operator_decorator' retrieved from /usr/local/python/3.12.1/lib/python3.12/site-packages/airflow/example_dags/example_branch_operator_decorator.py
[2026-04-20T01:11:58.440+0000] {logging_mixin.py:190} INFO - [2026-04-20T01:11:58.440+0000] {dag.py:3239} INFO - Sync 1 DAGs
[2026-04-20T01:11:58.457+0000] {logging_mixin.py:190} INFO - [2026-04-20T01:11:58.457+0000] {dag.py:4180} INFO - Setting next_dagrun for example_branch_python_operator_decorator to 2026-04-19 00:00:00+00:00, run_after=2026-04-20 00:00:00+00:00
[2026-04-20T01:11:58.474+0000] {processor.py:208} INFO - Processing /usr/local/python/3.12.1/lib/python3.12/site-packages/airflow/example_dags/example_branch_operator_decorator.py took 0.075 seconds
[2026-04-20T01:13:12.635+0000] {processor.py:186} INFO - Started process (PID=34134) to work on /usr/local/python/3.12.1/lib/python3.12/site-packages/airflow/example_dags/example_branch_operator_decorator.py
[2026-04-20T01:13:12.636+0000] {processor.py:914} INFO - Processing file /usr/local/python/3.12.1/lib/python3.12/site-packages/airflow/example_dags/example_branch_operator_decorator.py for tasks to queue
[2026-04-20T01:13:12.637+0000] {logging_mixin.py:190} INFO - [2026-04-20T01:13:12.637+0000] {dagbag.py:588} INFO - Filling up the DagBag from /usr/local/python/3.12.1/lib/python3.12/site-packages/airflow/example_dags/example_branch_operator_decorator.py
[2026-04-20T01:13:12.659+0000] {processor.py:925} INFO - DAG(s) 'example_branch_python_operator_decorator' retrieved from /usr/local/python/3.12.1/lib/python3.12/site-packages/airflow/example_dags/example_branch_operator_decorator.py
[2026-04-20T01:13:12.678+0000] {logging_mixin.py:190} INFO - [2026-04-20T01:13:12.678+0000] {dag.py:3239} INFO - Sync 1 DAGs
[2026-04-20T01:13:12.695+0000] {logging_mixin.py:190} INFO - [2026-04-20T01:13:12.694+0000] {dag.py:4180} INFO - Setting next_dagrun for example_branch_python_operator_decorator to 2026-04-19 00:00:00+00:00, run_after=2026-04-20 00:00:00+00:00
[2026-04-20T01:13:12.711+0000] {processor.py:208} INFO - Processing /usr/local/python/3.12.1/lib/python3.12/site-packages/airflow/example_dags/example_branch_operator_decorator.py took 0.084 seconds
[2026-04-20T01:14:28.589+0000] {processor.py:186} INFO - Started process (PID=34889) to work on /usr/local/python/3.12.1/lib/python3.12/site-packages/airflow/example_dags/example_branch_operator_decorator.py
[2026-04-20T01:14:28.590+0000] {processor.py:914} INFO - Processing file /usr/local/python/3.12.1/lib/python3.12/site-packages/airflow/example_dags/example_branch_operator_decorator.py for tasks to queue
[2026-04-20T01:14:28.591+0000] {logging_mixin.py:190} INFO - [2026-04-20T01:14:28.591+0000] {dagbag.py:588} INFO - Filling up the DagBag from /usr/local/python/3.12.1/lib/python3.12/site-packages/airflow/example_dags/example_branch_operator_decorator.py
[2026-04-20T01:14:28.609+0000] {processor.py:925} INFO - DAG(s) 'example_branch_python_operator_decorator' retrieved from /usr/local/python/3.12.1/lib/python3.12/site-packages/airflow/example_dags/example_branch_operator_decorator.py
[2026-04-20T01:14:28.627+0000] {logging_mixin.py:190} INFO - [2026-04-20T01:14:28.627+0000] {dag.py:3239} INFO - Sync 1 DAGs
[2026-04-20T01:14:28.644+0000] {logging_mixin.py:190} INFO - [2026-04-20T01:14:28.644+0000] {dag.py:4180} INFO - Setting next_dagrun for example_branch_python_operator_decorator to 2026-04-19 00:00:00+00:00, run_after=2026-04-20 00:00:00+00:00
[2026-04-20T01:14:28.659+0000] {processor.py:208} INFO - Processing /usr/local/python/3.12.1/lib/python3.12/site-packages/airflow/example_dags/example_branch_operator_decorator.py took 0.074 seconds
[2026-04-20T01:15:46.036+0000] {processor.py:186} INFO - Started process (PID=35679) to work on /usr/local/python/3.12.1/lib/python3.12/site-packages/airflow/example_dags/example_branch_operator_decorator.py
[2026-04-20T01:15:46.036+0000] {processor.py:914} INFO - Processing file /usr/local/python/3.12.1/lib/python3.12/site-packages/airflow/example_dags/example_branch_operator_decorator.py for tasks to queue
[2026-04-20T01:15:46.037+0000] {logging_mixin.py:190} INFO - [2026-04-20T01:15:46.037+0000] {dagbag.py:588} INFO - Filling up the DagBag from /usr/local/python/3.12.1/lib/python3.12/site-packages/airflow/example_dags/example_branch_operator_decorator.py
[2026-04-20T01:15:46.055+0000] {processor.py:925} INFO - DAG(s) 'example_branch_python_operator_decorator' retrieved from /usr/local/python/3.12.1/lib/python3.12/site-packages/airflow/example_dags/example_branch_operator_decorator.py
[2026-04-20T01:15:46.074+0000] {logging_mixin.py:190} INFO - [2026-04-20T01:15:46.074+0000] {dag.py:3239} INFO - Sync 1 DAGs
[2026-04-20T01:15:46.091+0000] {logging_mixin.py:190} INFO - [2026-04-20T01:15:46.091+0000] {dag.py:4180} INFO - Setting next_dagrun for example_branch_python_operator_decorator to 2026-04-19 00:00:00+00:00, run_after=2026-04-20 00:00:00+00:00
[2026-04-20T01:15:46.108+0000] {processor.py:208} INFO - Processing /usr/local/python/3.12.1/lib/python3.12/site-packages/airflow/example_dags/example_branch_operator_decorator.py took 0.076 seconds
[2026-04-20T01:17:00.812+0000] {processor.py:186} INFO - Started process (PID=36432) to work on /usr/local/python/3.12.1/lib/python3.12/site-packages/airflow/example_dags/example_branch_operator_decorator.py
[2026-04-20T01:17:00.813+0000] {processor.py:914} INFO - Processing file /usr/local/python/3.12.1/lib/python3.12/site-packages/airflow/example_dags/example_branch_operator_decorator.py for tasks to queue
[2026-04-20T01:17:00.814+0000] {logging_mixin.py:190} INFO - [2026-04-20T01:17:00.813+0000] {dagbag.py:588} INFO - Filling up the DagBag from /usr/local/python/3.12.1/lib/python3.12/site-packages/airflow/example_dags/example_branch_operator_decorator.py
[2026-04-20T01:17:00.831+0000] {processor.py:925} INFO - DAG(s) 'example_branch_python_operator_decorator' retrieved from /usr/local/python/3.12.1/lib/python3.12/site-packages/airflow/example_dags/example_branch_operator_decorator.py
[2026-04-20T01:17:00.850+0000] {logging_mixin.py:190} INFO - [2026-04-20T01:17:00.850+0000] {dag.py:3239} INFO - Sync 1 DAGs
[2026-04-20T01:17:00.866+0000] {logging_mixin.py:190} INFO - [2026-04-20T01:17:00.866+0000] {dag.py:4180} INFO - Setting next_dagrun for example_branch_python_operator_decorator to 2026-04-19 00:00:00+00:00, run_after=2026-04-20 00:00:00+00:00
[2026-04-20T01:17:00.882+0000] {processor.py:208} INFO - Processing /usr/local/python/3.12.1/lib/python3.12/site-packages/airflow/example_dags/example_branch_operator_decorator.py took 0.075 seconds
[2026-04-20T01:18:20.884+0000] {processor.py:186} INFO - Started process (PID=37290) to work on /usr/local/python/3.12.1/lib/python3.12/site-packages/airflow/example_dags/example_branch_operator_decorator.py
[2026-04-20T01:18:20.885+0000] {processor.py:914} INFO - Processing file /usr/local/python/3.12.1/lib/python3.12/site-packages/airflow/example_dags/example_branch_operator_decorator.py for tasks to queue
[2026-04-20T01:18:20.886+0000] {logging_mixin.py:190} INFO - [2026-04-20T01:18:20.885+0000] {dagbag.py:588} INFO - Filling up the DagBag from /usr/local/python/3.12.1/lib/python3.12/site-packages/airflow/example_dags/example_branch_operator_decorator.py
[2026-04-20T01:18:20.904+0000] {processor.py:925} INFO - DAG(s) 'example_branch_python_operator_decorator' retrieved from /usr/local/python/3.12.1/lib/python3.12/site-packages/airflow/example_dags/example_branch_operator_decorator.py
[2026-04-20T01:18:20.923+0000] {logging_mixin.py:190} INFO - [2026-04-20T01:18:20.922+0000] {dag.py:3239} INFO - Sync 1 DAGs
[2026-04-20T01:18:20.942+0000] {logging_mixin.py:190} INFO - [2026-04-20T01:18:20.941+0000] {dag.py:4180} INFO - Setting next_dagrun for example_branch_python_operator_decorator to 2026-04-19 00:00:00+00:00, run_after=2026-04-20 00:00:00+00:00
[2026-04-20T01:18:20.964+0000] {processor.py:208} INFO - Processing /usr/local/python/3.12.1/lib/python3.12/site-packages/airflow/example_dags/example_branch_operator_decorator.py took 0.084 seconds
[2026-04-20T01:19:34.774+0000] {processor.py:186} INFO - Started process (PID=38098) to work on /usr/local/python/3.12.1/lib/python3.12/site-packages/airflow/example_dags/example_branch_operator_decorator.py
[2026-04-20T01:19:34.775+0000] {processor.py:914} INFO - Processing file /usr/local/python/3.12.1/lib/python3.12/site-packages/airflow/example_dags/example_branch_operator_decorator.py for tasks to queue
[2026-04-20T01:19:34.776+0000] {logging_mixin.py:190} INFO - [2026-04-20T01:19:34.776+0000] {dagbag.py:588} INFO - Filling up the DagBag from /usr/local/python/3.12.1/lib/python3.12/site-packages/airflow/example_dags/example_branch_operator_decorator.py
[2026-04-20T01:19:34.818+0000] {processor.py:925} INFO - DAG(s) 'example_branch_python_operator_decorator' retrieved from /usr/local/python/3.12.1/lib/python3.12/site-packages/airflow/example_dags/example_branch_operator_decorator.py
[2026-04-20T01:19:34.837+0000] {logging_mixin.py:190} INFO - [2026-04-20T01:19:34.837+0000] {dag.py:3239} INFO - Sync 1 DAGs
[2026-04-20T01:19:34.854+0000] {logging_mixin.py:190} INFO - [2026-04-20T01:19:34.854+0000] {dag.py:4180} INFO - Setting next_dagrun for example_branch_python_operator_decorator to 2026-04-19 00:00:00+00:00, run_after=2026-04-20 00:00:00+00:00
[2026-04-20T01:19:34.870+0000] {processor.py:208} INFO - Processing /usr/local/python/3.12.1/lib/python3.12/site-packages/airflow/example_dags/example_branch_operator_decorator.py took 0.103 seconds
[2026-04-20T01:20:50.995+0000] {processor.py:186} INFO - Started process (PID=38882) to work on /usr/local/python/3.12.1/lib/python3.12/site-packages/airflow/example_dags/example_branch_operator_decorator.py
[2026-04-20T01:20:50.996+0000] {processor.py:914} INFO - Processing file /usr/local/python/3.12.1/lib/python3.12/site-packages/airflow/example_dags/example_branch_operator_decorator.py for tasks to queue
[2026-04-20T01:20:50.997+0000] {logging_mixin.py:190} INFO - [2026-04-20T01:20:50.997+0000] {dagbag.py:588} INFO - Filling up the DagBag from /usr/local/python/3.12.1/lib/python3.12/site-packages/airflow/example_dags/example_branch_operator_decorator.py
[2026-04-20T01:20:51.016+0000] {processor.py:925} INFO - DAG(s) 'example_branch_python_operator_decorator' retrieved from /usr/local/python/3.12.1/lib/python3.12/site-packages/airflow/example_dags/example_branch_operator_decorator.py
[2026-04-20T01:20:51.035+0000] {logging_mixin.py:190} INFO - [2026-04-20T01:20:51.035+0000] {dag.py:3239} INFO - Sync 1 DAGs
[2026-04-20T01:20:51.052+0000] {logging_mixin.py:190} INFO - [2026-04-20T01:20:51.052+0000] {dag.py:4180} INFO - Setting next_dagrun for example_branch_python_operator_decorator to 2026-04-19 00:00:00+00:00, run_after=2026-04-20 00:00:00+00:00
[2026-04-20T01:20:51.067+0000] {processor.py:208} INFO - Processing /usr/local/python/3.12.1/lib/python3.12/site-packages/airflow/example_dags/example_branch_operator_decorator.py took 0.076 seconds
[2026-04-20T01:22:04.891+0000] {processor.py:186} INFO - Started process (PID=39653) to work on /usr/local/python/3.12.1/lib/python3.12/site-packages/airflow/example_dags/example_branch_operator_decorator.py
[2026-04-20T01:22:04.891+0000] {processor.py:914} INFO - Processing file /usr/local/python/3.12.1/lib/python3.12/site-packages/airflow/example_dags/example_branch_operator_decorator.py for tasks to queue
[2026-04-20T01:22:04.892+0000] {logging_mixin.py:190} INFO - [2026-04-20T01:22:04.892+0000] {dagbag.py:588} INFO - Filling up the DagBag from /usr/local/python/3.12.1/lib/python3.12/site-packages/airflow/example_dags/example_branch_operator_decorator.py
[2026-04-20T01:22:04.910+0000] {processor.py:925} INFO - DAG(s) 'example_branch_python_operator_decorator' retrieved from /usr/local/python/3.12.1/lib/python3.12/site-packages/airflow/example_dags/example_branch_operator_decorator.py
[2026-04-20T01:22:04.929+0000] {logging_mixin.py:190} INFO - [2026-04-20T01:22:04.929+0000] {dag.py:3239} INFO - Sync 1 DAGs
[2026-04-20T01:22:04.950+0000] {logging_mixin.py:190} INFO - [2026-04-20T01:22:04.950+0000] {dag.py:4180} INFO - Setting next_dagrun for example_branch_python_operator_decorator to 2026-04-19 00:00:00+00:00, run_after=2026-04-20 00:00:00+00:00
[2026-04-20T01:22:04.967+0000] {processor.py:208} INFO - Processing /usr/local/python/3.12.1/lib/python3.12/site-packages/airflow/example_dags/example_branch_operator_decorator.py took 0.080 seconds
[2026-04-20T01:23:17.777+0000] {processor.py:186} INFO - Started process (PID=40373) to work on /usr/local/python/3.12.1/lib/python3.12/site-packages/airflow/example_dags/example_branch_operator_decorator.py
[2026-04-20T01:23:17.778+0000] {processor.py:914} INFO - Processing file /usr/local/python/3.12.1/lib/python3.12/site-packages/airflow/example_dags/example_branch_operator_decorator.py for tasks to queue
[2026-04-20T01:23:17.779+0000] {logging_mixin.py:190} INFO - [2026-04-20T01:23:17.778+0000] {dagbag.py:588} INFO - Filling up the DagBag from /usr/local/python/3.12.1/lib/python3.12/site-packages/airflow/example_dags/example_branch_operator_decorator.py
[2026-04-20T01:23:17.799+0000] {processor.py:925} INFO - DAG(s) 'example_branch_python_operator_decorator' retrieved from /usr/local/python/3.12.1/lib/python3.12/site-packages/airflow/example_dags/example_branch_operator_decorator.py
[2026-04-20T01:23:17.820+0000] {logging_mixin.py:190} INFO - [2026-04-20T01:23:17.820+0000] {dag.py:3239} INFO - Sync 1 DAGs
[2026-04-20T01:23:17.837+0000] {logging_mixin.py:190} INFO - [2026-04-20T01:23:17.837+0000] {dag.py:4180} INFO - Setting next_dagrun for example_branch_python_operator_decorator to 2026-04-19 00:00:00+00:00, run_after=2026-04-20 00:00:00+00:00
[2026-04-20T01:23:17.853+0000] {processor.py:208} INFO - Processing /usr/local/python/3.12.1/lib/python3.12/site-packages/airflow/example_dags/example_branch_operator_decorator.py took 0.081 seconds
[2026-04-20T01:24:38.265+0000] {processor.py:186} INFO - Started process (PID=41226) to work on /usr/local/python/3.12.1/lib/python3.12/site-packages/airflow/example_dags/example_branch_operator_decorator.py
[2026-04-20T01:24:38.266+0000] {processor.py:914} INFO - Processing file /usr/local/python/3.12.1/lib/python3.12/site-packages/airflow/example_dags/example_branch_operator_decorator.py for tasks to queue
[2026-04-20T01:24:38.267+0000] {logging_mixin.py:190} INFO - [2026-04-20T01:24:38.267+0000] {dagbag.py:588} INFO - Filling up the DagBag from /usr/local/python/3.12.1/lib/python3.12/site-packages/airflow/example_dags/example_branch_operator_decorator.py
[2026-04-20T01:24:38.290+0000] {processor.py:925} INFO - DAG(s) 'example_branch_python_operator_decorator' retrieved from /usr/local/python/3.12.1/lib/python3.12/site-packages/airflow/example_dags/example_branch_operator_decorator.py
[2026-04-20T01:24:38.309+0000] {logging_mixin.py:190} INFO - [2026-04-20T01:24:38.309+0000] {dag.py:3239} INFO - Sync 1 DAGs
[2026-04-20T01:24:38.326+0000] {logging_mixin.py:190} INFO - [2026-04-20T01:24:38.326+0000] {dag.py:4180} INFO - Setting next_dagrun for example_branch_python_operator_decorator to 2026-04-19 00:00:00+00:00, run_after=2026-04-20 00:00:00+00:00
[2026-04-20T01:24:38.342+0000] {processor.py:208} INFO - Processing /usr/local/python/3.12.1/lib/python3.12/site-packages/airflow/example_dags/example_branch_operator_decorator.py took 0.081 seconds
[2026-04-20T01:25:49.209+0000] {processor.py:186} INFO - Started process (PID=41900) to work on /usr/local/python/3.12.1/lib/python3.12/site-packages/airflow/example_dags/example_branch_operator_decorator.py
[2026-04-20T01:25:49.209+0000] {processor.py:914} INFO - Processing file /usr/local/python/3.12.1/lib/python3.12/site-packages/airflow/example_dags/example_branch_operator_decorator.py for tasks to queue
[2026-04-20T01:25:49.210+0000] {logging_mixin.py:190} INFO - [2026-04-20T01:25:49.210+0000] {dagbag.py:588} INFO - Filling up the DagBag from /usr/local/python/3.12.1/lib/python3.12/site-packages/airflow/example_dags/example_branch_operator_decorator.py
[2026-04-20T01:25:49.228+0000] {processor.py:925} INFO - DAG(s) 'example_branch_python_operator_decorator' retrieved from /usr/local/python/3.12.1/lib/python3.12/site-packages/airflow/example_dags/example_branch_operator_decorator.py
[2026-04-20T01:25:49.247+0000] {logging_mixin.py:190} INFO - [2026-04-20T01:25:49.247+0000] {dag.py:3239} INFO - Sync 1 DAGs
[2026-04-20T01:25:49.264+0000] {logging_mixin.py:190} INFO - [2026-04-20T01:25:49.264+0000] {dag.py:4180} INFO - Setting next_dagrun for example_branch_python_operator_decorator to 2026-04-19 00:00:00+00:00, run_after=2026-04-20 00:00:00+00:00
[2026-04-20T01:25:49.283+0000] {processor.py:208} INFO - Processing /usr/local/python/3.12.1/lib/python3.12/site-packages/airflow/example_dags/example_branch_operator_decorator.py took 0.079 seconds
[2026-04-20T01:27:09.548+0000] {processor.py:186} INFO - Started process (PID=42762) to work on /usr/local/python/3.12.1/lib/python3.12/site-packages/airflow/example_dags/example_branch_operator_decorator.py
[2026-04-20T01:27:09.552+0000] {processor.py:914} INFO - Processing file /usr/local/python/3.12.1/lib/python3.12/site-packages/airflow/example_dags/example_branch_operator_decorator.py for tasks to queue
[2026-04-20T01:27:09.554+0000] {logging_mixin.py:190} INFO - [2026-04-20T01:27:09.553+0000] {dagbag.py:588} INFO - Filling up the DagBag from /usr/local/python/3.12.1/lib/python3.12/site-packages/airflow/example_dags/example_branch_operator_decorator.py
[2026-04-20T01:27:09.592+0000] {processor.py:925} INFO - DAG(s) 'example_branch_python_operator_decorator' retrieved from /usr/local/python/3.12.1/lib/python3.12/site-packages/airflow/example_dags/example_branch_operator_decorator.py
[2026-04-20T01:27:09.629+0000] {logging_mixin.py:190} INFO - [2026-04-20T01:27:09.628+0000] {dag.py:3239} INFO - Sync 1 DAGs
[2026-04-20T01:27:09.653+0000] {logging_mixin.py:190} INFO - [2026-04-20T01:27:09.653+0000] {dag.py:4180} INFO - Setting next_dagrun for example_branch_python_operator_decorator to 2026-04-19 00:00:00+00:00, run_after=2026-04-20 00:00:00+00:00
[2026-04-20T01:27:09.672+0000] {processor.py:208} INFO - Processing /usr/local/python/3.12.1/lib/python3.12/site-packages/airflow/example_dags/example_branch_operator_decorator.py took 0.141 seconds
[2026-04-20T01:28:28.164+0000] {processor.py:186} INFO - Started process (PID=43553) to work on /usr/local/python/3.12.1/lib/python3.12/site-packages/airflow/example_dags/example_branch_operator_decorator.py
[2026-04-20T01:28:28.165+0000] {processor.py:914} INFO - Processing file /usr/local/python/3.12.1/lib/python3.12/site-packages/airflow/example_dags/example_branch_operator_decorator.py for tasks to queue
[2026-04-20T01:28:28.166+0000] {logging_mixin.py:190} INFO - [2026-04-20T01:28:28.165+0000] {dagbag.py:588} INFO - Filling up the DagBag from /usr/local/python/3.12.1/lib/python3.12/site-packages/airflow/example_dags/example_branch_operator_decorator.py
[2026-04-20T01:28:28.189+0000] {processor.py:925} INFO - DAG(s) 'example_branch_python_operator_decorator' retrieved from /usr/local/python/3.12.1/lib/python3.12/site-packages/airflow/example_dags/example_branch_operator_decorator.py
[2026-04-20T01:28:28.208+0000] {logging_mixin.py:190} INFO - [2026-04-20T01:28:28.208+0000] {dag.py:3239} INFO - Sync 1 DAGs
[2026-04-20T01:28:28.224+0000] {logging_mixin.py:190} INFO - [2026-04-20T01:28:28.224+0000] {dag.py:4180} INFO - Setting next_dagrun for example_branch_python_operator_decorator to 2026-04-19 00:00:00+00:00, run_after=2026-04-20 00:00:00+00:00
[2026-04-20T01:28:28.242+0000] {processor.py:208} INFO - Processing /usr/local/python/3.12.1/lib/python3.12/site-packages/airflow/example_dags/example_branch_operator_decorator.py took 0.083 seconds
[2026-04-20T01:29:43.042+0000] {processor.py:186} INFO - Started process (PID=44372) to work on /usr/local/python/3.12.1/lib/python3.12/site-packages/airflow/example_dags/example_branch_operator_decorator.py
[2026-04-20T01:29:43.042+0000] {processor.py:914} INFO - Processing file /usr/local/python/3.12.1/lib/python3.12/site-packages/airflow/example_dags/example_branch_operator_decorator.py for tasks to queue
[2026-04-20T01:29:43.043+0000] {logging_mixin.py:190} INFO - [2026-04-20T01:29:43.043+0000] {dagbag.py:588} INFO - Filling up the DagBag from /usr/local/python/3.12.1/lib/python3.12/site-packages/airflow/example_dags/example_branch_operator_decorator.py
[2026-04-20T01:29:43.061+0000] {processor.py:925} INFO - DAG(s) 'example_branch_python_operator_decorator' retrieved from /usr/local/python/3.12.1/lib/python3.12/site-packages/airflow/example_dags/example_branch_operator_decorator.py
[2026-04-20T01:29:43.087+0000] {logging_mixin.py:190} INFO - [2026-04-20T01:29:43.086+0000] {dag.py:3239} INFO - Sync 1 DAGs
[2026-04-20T01:29:43.103+0000] {logging_mixin.py:190} INFO - [2026-04-20T01:29:43.103+0000] {dag.py:4180} INFO - Setting next_dagrun for example_branch_python_operator_decorator to 2026-04-19 00:00:00+00:00, run_after=2026-04-20 00:00:00+00:00
[2026-04-20T01:29:43.121+0000] {processor.py:208} INFO - Processing /usr/local/python/3.12.1/lib/python3.12/site-packages/airflow/example_dags/example_branch_operator_decorator.py took 0.083 seconds
[2026-04-20T01:31:01.537+0000] {processor.py:186} INFO - Started process (PID=45156) to work on /usr/local/python/3.12.1/lib/python3.12/site-packages/airflow/example_dags/example_branch_operator_decorator.py
[2026-04-20T01:31:01.538+0000] {processor.py:914} INFO - Processing file /usr/local/python/3.12.1/lib/python3.12/site-packages/airflow/example_dags/example_branch_operator_decorator.py for tasks to queue
[2026-04-20T01:31:01.539+0000] {logging_mixin.py:190} INFO - [2026-04-20T01:31:01.538+0000] {dagbag.py:588} INFO - Filling up the DagBag from /usr/local/python/3.12.1/lib/python3.12/site-packages/airflow/example_dags/example_branch_operator_decorator.py
[2026-04-20T01:31:01.558+0000] {processor.py:925} INFO - DAG(s) 'example_branch_python_operator_decorator' retrieved from /usr/local/python/3.12.1/lib/python3.12/site-packages/airflow/example_dags/example_branch_operator_decorator.py
[2026-04-20T01:31:01.582+0000] {logging_mixin.py:190} INFO - [2026-04-20T01:31:01.581+0000] {dag.py:3239} INFO - Sync 1 DAGs
[2026-04-20T01:31:01.599+0000] {logging_mixin.py:190} INFO - [2026-04-20T01:31:01.599+0000] {dag.py:4180} INFO - Setting next_dagrun for example_branch_python_operator_decorator to 2026-04-19 00:00:00+00:00, run_after=2026-04-20 00:00:00+00:00
[2026-04-20T01:31:01.616+0000] {processor.py:208} INFO - Processing /usr/local/python/3.12.1/lib/python3.12/site-packages/airflow/example_dags/example_branch_operator_decorator.py took 0.084 seconds
[2026-04-20T01:32:20.435+0000] {processor.py:186} INFO - Started process (PID=46008) to work on /usr/local/python/3.12.1/lib/python3.12/site-packages/airflow/example_dags/example_branch_operator_decorator.py
[2026-04-20T01:32:20.435+0000] {processor.py:914} INFO - Processing file /usr/local/python/3.12.1/lib/python3.12/site-packages/airflow/example_dags/example_branch_operator_decorator.py for tasks to queue
[2026-04-20T01:32:20.436+0000] {logging_mixin.py:190} INFO - [2026-04-20T01:32:20.436+0000] {dagbag.py:588} INFO - Filling up the DagBag from /usr/local/python/3.12.1/lib/python3.12/site-packages/airflow/example_dags/example_branch_operator_decorator.py
[2026-04-20T01:32:20.454+0000] {processor.py:925} INFO - DAG(s) 'example_branch_python_operator_decorator' retrieved from /usr/local/python/3.12.1/lib/python3.12/site-packages/airflow/example_dags/example_branch_operator_decorator.py
[2026-04-20T01:32:20.476+0000] {logging_mixin.py:190} INFO - [2026-04-20T01:32:20.476+0000] {dag.py:3239} INFO - Sync 1 DAGs
[2026-04-20T01:32:20.495+0000] {logging_mixin.py:190} INFO - [2026-04-20T01:32:20.495+0000] {dag.py:4180} INFO - Setting next_dagrun for example_branch_python_operator_decorator to 2026-04-19 00:00:00+00:00, run_after=2026-04-20 00:00:00+00:00
[2026-04-20T01:32:20.511+0000] {processor.py:208} INFO - Processing /usr/local/python/3.12.1/lib/python3.12/site-packages/airflow/example_dags/example_branch_operator_decorator.py took 0.081 seconds
[2026-04-20T01:33:36.855+0000] {processor.py:186} INFO - Started process (PID=46767) to work on /usr/local/python/3.12.1/lib/python3.12/site-packages/airflow/example_dags/example_branch_operator_decorator.py
[2026-04-20T01:33:36.855+0000] {processor.py:914} INFO - Processing file /usr/local/python/3.12.1/lib/python3.12/site-packages/airflow/example_dags/example_branch_operator_decorator.py for tasks to queue
[2026-04-20T01:33:36.856+0000] {logging_mixin.py:190} INFO - [2026-04-20T01:33:36.856+0000] {dagbag.py:588} INFO - Filling up the DagBag from /usr/local/python/3.12.1/lib/python3.12/site-packages/airflow/example_dags/example_branch_operator_decorator.py
[2026-04-20T01:33:36.877+0000] {processor.py:925} INFO - DAG(s) 'example_branch_python_operator_decorator' retrieved from /usr/local/python/3.12.1/lib/python3.12/site-packages/airflow/example_dags/example_branch_operator_decorator.py
[2026-04-20T01:33:36.898+0000] {logging_mixin.py:190} INFO - [2026-04-20T01:33:36.898+0000] {dag.py:3239} INFO - Sync 1 DAGs
[2026-04-20T01:33:36.915+0000] {logging_mixin.py:190} INFO - [2026-04-20T01:33:36.915+0000] {dag.py:4180} INFO - Setting next_dagrun for example_branch_python_operator_decorator to 2026-04-19 00:00:00+00:00, run_after=2026-04-20 00:00:00+00:00
[2026-04-20T01:33:36.930+0000] {processor.py:208} INFO - Processing /usr/local/python/3.12.1/lib/python3.12/site-packages/airflow/example_dags/example_branch_operator_decorator.py took 0.080 seconds
[2026-04-20T01:34:59.647+0000] {processor.py:186} INFO - Started process (PID=47639) to work on /usr/local/python/3.12.1/lib/python3.12/site-packages/airflow/example_dags/example_branch_operator_decorator.py
[2026-04-20T01:34:59.648+0000] {processor.py:914} INFO - Processing file /usr/local/python/3.12.1/lib/python3.12/site-packages/airflow/example_dags/example_branch_operator_decorator.py for tasks to queue
[2026-04-20T01:34:59.649+0000] {logging_mixin.py:190} INFO - [2026-04-20T01:34:59.648+0000] {dagbag.py:588} INFO - Filling up the DagBag from /usr/local/python/3.12.1/lib/python3.12/site-packages/airflow/example_dags/example_branch_operator_decorator.py
[2026-04-20T01:34:59.668+0000] {processor.py:925} INFO - DAG(s) 'example_branch_python_operator_decorator' retrieved from /usr/local/python/3.12.1/lib/python3.12/site-packages/airflow/example_dags/example_branch_operator_decorator.py
[2026-04-20T01:34:59.692+0000] {logging_mixin.py:190} INFO - [2026-04-20T01:34:59.692+0000] {dag.py:3239} INFO - Sync 1 DAGs
[2026-04-20T01:34:59.708+0000] {logging_mixin.py:190} INFO - [2026-04-20T01:34:59.708+0000] {dag.py:4180} INFO - Setting next_dagrun for example_branch_python_operator_decorator to 2026-04-19 00:00:00+00:00, run_after=2026-04-20 00:00:00+00:00
[2026-04-20T01:34:59.725+0000] {processor.py:208} INFO - Processing /usr/local/python/3.12.1/lib/python3.12/site-packages/airflow/example_dags/example_branch_operator_decorator.py took 0.082 seconds
[2026-04-20T01:36:14.063+0000] {processor.py:186} INFO - Started process (PID=48472) to work on /usr/local/python/3.12.1/lib/python3.12/site-packages/airflow/example_dags/example_branch_operator_decorator.py
[2026-04-20T01:36:14.064+0000] {processor.py:914} INFO - Processing file /usr/local/python/3.12.1/lib/python3.12/site-packages/airflow/example_dags/example_branch_operator_decorator.py for tasks to queue
[2026-04-20T01:36:14.065+0000] {logging_mixin.py:190} INFO - [2026-04-20T01:36:14.065+0000] {dagbag.py:588} INFO - Filling up the DagBag from /usr/local/python/3.12.1/lib/python3.12/site-packages/airflow/example_dags/example_branch_operator_decorator.py
[2026-04-20T01:36:14.089+0000] {processor.py:925} INFO - DAG(s) 'example_branch_python_operator_decorator' retrieved from /usr/local/python/3.12.1/lib/python3.12/site-packages/airflow/example_dags/example_branch_operator_decorator.py
[2026-04-20T01:36:14.108+0000] {logging_mixin.py:190} INFO - [2026-04-20T01:36:14.108+0000] {dag.py:3239} INFO - Sync 1 DAGs
[2026-04-20T01:36:14.125+0000] {logging_mixin.py:190} INFO - [2026-04-20T01:36:14.125+0000] {dag.py:4180} INFO - Setting next_dagrun for example_branch_python_operator_decorator to 2026-04-19 00:00:00+00:00, run_after=2026-04-20 00:00:00+00:00
[2026-04-20T01:36:14.141+0000] {processor.py:208} INFO - Processing /usr/local/python/3.12.1/lib/python3.12/site-packages/airflow/example_dags/example_branch_operator_decorator.py took 0.082 seconds
[2026-04-20T01:37:35.498+0000] {processor.py:186} INFO - Started process (PID=49275) to work on /usr/local/python/3.12.1/lib/python3.12/site-packages/airflow/example_dags/example_branch_operator_decorator.py
[2026-04-20T01:37:35.499+0000] {processor.py:914} INFO - Processing file /usr/local/python/3.12.1/lib/python3.12/site-packages/airflow/example_dags/example_branch_operator_decorator.py for tasks to queue
[2026-04-20T01:37:35.500+0000] {logging_mixin.py:190} INFO - [2026-04-20T01:37:35.500+0000] {dagbag.py:588} INFO - Filling up the DagBag from /usr/local/python/3.12.1/lib/python3.12/site-packages/airflow/example_dags/example_branch_operator_decorator.py
[2026-04-20T01:37:35.518+0000] {processor.py:925} INFO - DAG(s) 'example_branch_python_operator_decorator' retrieved from /usr/local/python/3.12.1/lib/python3.12/site-packages/airflow/example_dags/example_branch_operator_decorator.py
[2026-04-20T01:37:35.536+0000] {logging_mixin.py:190} INFO - [2026-04-20T01:37:35.536+0000] {dag.py:3239} INFO - Sync 1 DAGs
[2026-04-20T01:37:35.553+0000] {logging_mixin.py:190} INFO - [2026-04-20T01:37:35.553+0000] {dag.py:4180} INFO - Setting next_dagrun for example_branch_python_operator_decorator to 2026-04-19 00:00:00+00:00, run_after=2026-04-20 00:00:00+00:00
[2026-04-20T01:37:35.571+0000] {processor.py:208} INFO - Processing /usr/local/python/3.12.1/lib/python3.12/site-packages/airflow/example_dags/example_branch_operator_decorator.py took 0.077 seconds
[2026-04-20T01:38:54.348+0000] {processor.py:186} INFO - Started process (PID=50050) to work on /usr/local/python/3.12.1/lib/python3.12/site-packages/airflow/example_dags/example_branch_operator_decorator.py
[2026-04-20T01:38:54.349+0000] {processor.py:914} INFO - Processing file /usr/local/python/3.12.1/lib/python3.12/site-packages/airflow/example_dags/example_branch_operator_decorator.py for tasks to queue
[2026-04-20T01:38:54.350+0000] {logging_mixin.py:190} INFO - [2026-04-20T01:38:54.349+0000] {dagbag.py:588} INFO - Filling up the DagBag from /usr/local/python/3.12.1/lib/python3.12/site-packages/airflow/example_dags/example_branch_operator_decorator.py
[2026-04-20T01:38:54.371+0000] {processor.py:925} INFO - DAG(s) 'example_branch_python_operator_decorator' retrieved from /usr/local/python/3.12.1/lib/python3.12/site-packages/airflow/example_dags/example_branch_operator_decorator.py
[2026-04-20T01:38:54.394+0000] {logging_mixin.py:190} INFO - [2026-04-20T01:38:54.394+0000] {dag.py:3239} INFO - Sync 1 DAGs
[2026-04-20T01:38:54.411+0000] {logging_mixin.py:190} INFO - [2026-04-20T01:38:54.411+0000] {dag.py:4180} INFO - Setting next_dagrun for example_branch_python_operator_decorator to 2026-04-19 00:00:00+00:00, run_after=2026-04-20 00:00:00+00:00
[2026-04-20T01:38:54.429+0000] {processor.py:208} INFO - Processing /usr/local/python/3.12.1/lib/python3.12/site-packages/airflow/example_dags/example_branch_operator_decorator.py took 0.085 seconds
[2026-04-20T01:40:09.191+0000] {processor.py:186} INFO - Started process (PID=50944) to work on /usr/local/python/3.12.1/lib/python3.12/site-packages/airflow/example_dags/example_branch_operator_decorator.py
[2026-04-20T01:40:09.192+0000] {processor.py:914} INFO - Processing file /usr/local/python/3.12.1/lib/python3.12/site-packages/airflow/example_dags/example_branch_operator_decorator.py for tasks to queue
[2026-04-20T01:40:09.193+0000] {logging_mixin.py:190} INFO - [2026-04-20T01:40:09.192+0000] {dagbag.py:588} INFO - Filling up the DagBag from /usr/local/python/3.12.1/lib/python3.12/site-packages/airflow/example_dags/example_branch_operator_decorator.py
[2026-04-20T01:40:09.211+0000] {processor.py:925} INFO - DAG(s) 'example_branch_python_operator_decorator' retrieved from /usr/local/python/3.12.1/lib/python3.12/site-packages/airflow/example_dags/example_branch_operator_decorator.py
[2026-04-20T01:40:09.229+0000] {logging_mixin.py:190} INFO - [2026-04-20T01:40:09.229+0000] {dag.py:3239} INFO - Sync 1 DAGs
[2026-04-20T01:40:09.245+0000] {logging_mixin.py:190} INFO - [2026-04-20T01:40:09.245+0000] {dag.py:4180} INFO - Setting next_dagrun for example_branch_python_operator_decorator to 2026-04-19 00:00:00+00:00, run_after=2026-04-20 00:00:00+00:00
[2026-04-20T01:40:09.260+0000] {processor.py:208} INFO - Processing /usr/local/python/3.12.1/lib/python3.12/site-packages/airflow/example_dags/example_branch_operator_decorator.py took 0.073 seconds
[2026-04-20T01:41:18.823+0000] {processor.py:186} INFO - Started process (PID=51590) to work on /usr/local/python/3.12.1/lib/python3.12/site-packages/airflow/example_dags/example_branch_operator_decorator.py
[2026-04-20T01:41:18.824+0000] {processor.py:914} INFO - Processing file /usr/local/python/3.12.1/lib/python3.12/site-packages/airflow/example_dags/example_branch_operator_decorator.py for tasks to queue
[2026-04-20T01:41:18.826+0000] {logging_mixin.py:190} INFO - [2026-04-20T01:41:18.825+0000] {dagbag.py:588} INFO - Filling up the DagBag from /usr/local/python/3.12.1/lib/python3.12/site-packages/airflow/example_dags/example_branch_operator_decorator.py
[2026-04-20T01:41:18.858+0000] {processor.py:925} INFO - DAG(s) 'example_branch_python_operator_decorator' retrieved from /usr/local/python/3.12.1/lib/python3.12/site-packages/airflow/example_dags/example_branch_operator_decorator.py
[2026-04-20T01:41:18.899+0000] {logging_mixin.py:190} INFO - [2026-04-20T01:41:18.898+0000] {dag.py:3239} INFO - Sync 1 DAGs
[2026-04-20T01:41:18.932+0000] {logging_mixin.py:190} INFO - [2026-04-20T01:41:18.932+0000] {dag.py:4180} INFO - Setting next_dagrun for example_branch_python_operator_decorator to 2026-04-19 00:00:00+00:00, run_after=2026-04-20 00:00:00+00:00
[2026-04-20T01:41:18.957+0000] {processor.py:208} INFO - Processing /usr/local/python/3.12.1/lib/python3.12/site-packages/airflow/example_dags/example_branch_operator_decorator.py took 0.140 seconds
[2026-04-20T01:42:36.996+0000] {processor.py:186} INFO - Started process (PID=52379) to work on /usr/local/python/3.12.1/lib/python3.12/site-packages/airflow/example_dags/example_branch_operator_decorator.py
[2026-04-20T01:42:36.997+0000] {processor.py:914} INFO - Processing file /usr/local/python/3.12.1/lib/python3.12/site-packages/airflow/example_dags/example_branch_operator_decorator.py for tasks to queue
[2026-04-20T01:42:36.998+0000] {logging_mixin.py:190} INFO - [2026-04-20T01:42:36.998+0000] {dagbag.py:588} INFO - Filling up the DagBag from /usr/local/python/3.12.1/lib/python3.12/site-packages/airflow/example_dags/example_branch_operator_decorator.py
[2026-04-20T01:42:37.016+0000] {processor.py:925} INFO - DAG(s) 'example_branch_python_operator_decorator' retrieved from /usr/local/python/3.12.1/lib/python3.12/site-packages/airflow/example_dags/example_branch_operator_decorator.py
[2026-04-20T01:42:37.034+0000] {logging_mixin.py:190} INFO - [2026-04-20T01:42:37.034+0000] {dag.py:3239} INFO - Sync 1 DAGs
[2026-04-20T01:42:37.051+0000] {logging_mixin.py:190} INFO - [2026-04-20T01:42:37.050+0000] {dag.py:4180} INFO - Setting next_dagrun for example_branch_python_operator_decorator to 2026-04-19 00:00:00+00:00, run_after=2026-04-20 00:00:00+00:00
[2026-04-20T01:42:37.068+0000] {processor.py:208} INFO - Processing /usr/local/python/3.12.1/lib/python3.12/site-packages/airflow/example_dags/example_branch_operator_decorator.py took 0.077 seconds
[2026-04-20T01:43:57.064+0000] {processor.py:186} INFO - Started process (PID=53174) to work on /usr/local/python/3.12.1/lib/python3.12/site-packages/airflow/example_dags/example_branch_operator_decorator.py
[2026-04-20T01:43:57.064+0000] {processor.py:914} INFO - Processing file /usr/local/python/3.12.1/lib/python3.12/site-packages/airflow/example_dags/example_branch_operator_decorator.py for tasks to queue
[2026-04-20T01:43:57.065+0000] {logging_mixin.py:190} INFO - [2026-04-20T01:43:57.065+0000] {dagbag.py:588} INFO - Filling up the DagBag from /usr/local/python/3.12.1/lib/python3.12/site-packages/airflow/example_dags/example_branch_operator_decorator.py
[2026-04-20T01:43:57.089+0000] {processor.py:925} INFO - DAG(s) 'example_branch_python_operator_decorator' retrieved from /usr/local/python/3.12.1/lib/python3.12/site-packages/airflow/example_dags/example_branch_operator_decorator.py
[2026-04-20T01:43:57.108+0000] {logging_mixin.py:190} INFO - [2026-04-20T01:43:57.108+0000] {dag.py:3239} INFO - Sync 1 DAGs
[2026-04-20T01:43:57.125+0000] {logging_mixin.py:190} INFO - [2026-04-20T01:43:57.125+0000] {dag.py:4180} INFO - Setting next_dagrun for example_branch_python_operator_decorator to 2026-04-19 00:00:00+00:00, run_after=2026-04-20 00:00:00+00:00
[2026-04-20T01:43:57.141+0000] {processor.py:208} INFO - Processing /usr/local/python/3.12.1/lib/python3.12/site-packages/airflow/example_dags/example_branch_operator_decorator.py took 0.082 seconds
[2026-04-20T01:45:14.372+0000] {processor.py:186} INFO - Started process (PID=54082) to work on /usr/local/python/3.12.1/lib/python3.12/site-packages/airflow/example_dags/example_branch_operator_decorator.py
[2026-04-20T01:45:14.372+0000] {processor.py:914} INFO - Processing file /usr/local/python/3.12.1/lib/python3.12/site-packages/airflow/example_dags/example_branch_operator_decorator.py for tasks to queue
[2026-04-20T01:45:14.374+0000] {logging_mixin.py:190} INFO - [2026-04-20T01:45:14.373+0000] {dagbag.py:588} INFO - Filling up the DagBag from /usr/local/python/3.12.1/lib/python3.12/site-packages/airflow/example_dags/example_branch_operator_decorator.py
[2026-04-20T01:45:14.394+0000] {processor.py:925} INFO - DAG(s) 'example_branch_python_operator_decorator' retrieved from /usr/local/python/3.12.1/lib/python3.12/site-packages/airflow/example_dags/example_branch_operator_decorator.py
[2026-04-20T01:45:14.416+0000] {logging_mixin.py:190} INFO - [2026-04-20T01:45:14.416+0000] {dag.py:3239} INFO - Sync 1 DAGs
[2026-04-20T01:45:14.551+0000] {logging_mixin.py:190} INFO - [2026-04-20T01:45:14.550+0000] {dag.py:4180} INFO - Setting next_dagrun for example_branch_python_operator_decorator to 2026-04-19 00:00:00+00:00, run_after=2026-04-20 00:00:00+00:00
[2026-04-20T01:45:14.566+0000] {processor.py:208} INFO - Processing /usr/local/python/3.12.1/lib/python3.12/site-packages/airflow/example_dags/example_branch_operator_decorator.py took 0.202 seconds
[2026-04-20T01:46:37.653+0000] {processor.py:186} INFO - Started process (PID=54904) to work on /usr/local/python/3.12.1/lib/python3.12/site-packages/airflow/example_dags/example_branch_operator_decorator.py
[2026-04-20T01:46:37.654+0000] {processor.py:914} INFO - Processing file /usr/local/python/3.12.1/lib/python3.12/site-packages/airflow/example_dags/example_branch_operator_decorator.py for tasks to queue
[2026-04-20T01:46:37.655+0000] {logging_mixin.py:190} INFO - [2026-04-20T01:46:37.654+0000] {dagbag.py:588} INFO - Filling up the DagBag from /usr/local/python/3.12.1/lib/python3.12/site-packages/airflow/example_dags/example_branch_operator_decorator.py
[2026-04-20T01:46:37.676+0000] {processor.py:925} INFO - DAG(s) 'example_branch_python_operator_decorator' retrieved from /usr/local/python/3.12.1/lib/python3.12/site-packages/airflow/example_dags/example_branch_operator_decorator.py
[2026-04-20T01:46:37.702+0000] {logging_mixin.py:190} INFO - [2026-04-20T01:46:37.701+0000] {dag.py:3239} INFO - Sync 1 DAGs
[2026-04-20T01:46:37.718+0000] {logging_mixin.py:190} INFO - [2026-04-20T01:46:37.718+0000] {dag.py:4180} INFO - Setting next_dagrun for example_branch_python_operator_decorator to 2026-04-19 00:00:00+00:00, run_after=2026-04-20 00:00:00+00:00
[2026-04-20T01:46:37.735+0000] {processor.py:208} INFO - Processing /usr/local/python/3.12.1/lib/python3.12/site-packages/airflow/example_dags/example_branch_operator_decorator.py took 0.086 seconds
[2026-04-20T01:48:04.358+0000] {processor.py:186} INFO - Started process (PID=55730) to work on /usr/local/python/3.12.1/lib/python3.12/site-packages/airflow/example_dags/example_branch_operator_decorator.py
[2026-04-20T01:48:04.359+0000] {processor.py:914} INFO - Processing file /usr/local/python/3.12.1/lib/python3.12/site-packages/airflow/example_dags/example_branch_operator_decorator.py for tasks to queue
[2026-04-20T01:48:04.360+0000] {logging_mixin.py:190} INFO - [2026-04-20T01:48:04.359+0000] {dagbag.py:588} INFO - Filling up the DagBag from /usr/local/python/3.12.1/lib/python3.12/site-packages/airflow/example_dags/example_branch_operator_decorator.py
[2026-04-20T01:48:04.382+0000] {processor.py:925} INFO - DAG(s) 'example_branch_python_operator_decorator' retrieved from /usr/local/python/3.12.1/lib/python3.12/site-packages/airflow/example_dags/example_branch_operator_decorator.py
[2026-04-20T01:48:04.518+0000] {logging_mixin.py:190} INFO - [2026-04-20T01:48:04.518+0000] {dag.py:3239} INFO - Sync 1 DAGs
[2026-04-20T01:48:04.533+0000] {logging_mixin.py:190} INFO - [2026-04-20T01:48:04.533+0000] {dag.py:4180} INFO - Setting next_dagrun for example_branch_python_operator_decorator to 2026-04-19 00:00:00+00:00, run_after=2026-04-20 00:00:00+00:00
[2026-04-20T01:48:04.549+0000] {processor.py:208} INFO - Processing /usr/local/python/3.12.1/lib/python3.12/site-packages/airflow/example_dags/example_branch_operator_decorator.py took 0.195 seconds
[2026-04-20T01:49:23.964+0000] {processor.py:186} INFO - Started process (PID=56591) to work on /usr/local/python/3.12.1/lib/python3.12/site-packages/airflow/example_dags/example_branch_operator_decorator.py
[2026-04-20T01:49:23.965+0000] {processor.py:914} INFO - Processing file /usr/local/python/3.12.1/lib/python3.12/site-packages/airflow/example_dags/example_branch_operator_decorator.py for tasks to queue
[2026-04-20T01:49:23.966+0000] {logging_mixin.py:190} INFO - [2026-04-20T01:49:23.966+0000] {dagbag.py:588} INFO - Filling up the DagBag from /usr/local/python/3.12.1/lib/python3.12/site-packages/airflow/example_dags/example_branch_operator_decorator.py
[2026-04-20T01:49:23.990+0000] {processor.py:925} INFO - DAG(s) 'example_branch_python_operator_decorator' retrieved from /usr/local/python/3.12.1/lib/python3.12/site-packages/airflow/example_dags/example_branch_operator_decorator.py
[2026-04-20T01:49:24.009+0000] {logging_mixin.py:190} INFO - [2026-04-20T01:49:24.009+0000] {dag.py:3239} INFO - Sync 1 DAGs
[2026-04-20T01:49:24.149+0000] {logging_mixin.py:190} INFO - [2026-04-20T01:49:24.148+0000] {dag.py:4180} INFO - Setting next_dagrun for example_branch_python_operator_decorator to 2026-04-19 00:00:00+00:00, run_after=2026-04-20 00:00:00+00:00
[2026-04-20T01:49:24.164+0000] {processor.py:208} INFO - Processing /usr/local/python/3.12.1/lib/python3.12/site-packages/airflow/example_dags/example_branch_operator_decorator.py took 0.205 seconds
[2026-04-20T01:50:53.795+0000] {processor.py:186} INFO - Started process (PID=57461) to work on /usr/local/python/3.12.1/lib/python3.12/site-packages/airflow/example_dags/example_branch_operator_decorator.py
[2026-04-20T01:50:53.795+0000] {processor.py:914} INFO - Processing file /usr/local/python/3.12.1/lib/python3.12/site-packages/airflow/example_dags/example_branch_operator_decorator.py for tasks to queue
[2026-04-20T01:50:53.796+0000] {logging_mixin.py:190} INFO - [2026-04-20T01:50:53.796+0000] {dagbag.py:588} INFO - Filling up the DagBag from /usr/local/python/3.12.1/lib/python3.12/site-packages/airflow/example_dags/example_branch_operator_decorator.py
[2026-04-20T01:50:53.816+0000] {processor.py:925} INFO - DAG(s) 'example_branch_python_operator_decorator' retrieved from /usr/local/python/3.12.1/lib/python3.12/site-packages/airflow/example_dags/example_branch_operator_decorator.py
[2026-04-20T01:50:53.836+0000] {logging_mixin.py:190} INFO - [2026-04-20T01:50:53.836+0000] {dag.py:3239} INFO - Sync 1 DAGs
[2026-04-20T01:50:53.852+0000] {logging_mixin.py:190} INFO - [2026-04-20T01:50:53.852+0000] {dag.py:4180} INFO - Setting next_dagrun for example_branch_python_operator_decorator to 2026-04-19 00:00:00+00:00, run_after=2026-04-20 00:00:00+00:00
[2026-04-20T01:50:53.991+0000] {processor.py:208} INFO - Processing /usr/local/python/3.12.1/lib/python3.12/site-packages/airflow/example_dags/example_branch_operator_decorator.py took 0.201 seconds
[2026-04-20T01:52:20.668+0000] {processor.py:186} INFO - Started process (PID=58417) to work on /usr/local/python/3.12.1/lib/python3.12/site-packages/airflow/example_dags/example_branch_operator_decorator.py
[2026-04-20T01:52:20.669+0000] {processor.py:914} INFO - Processing file /usr/local/python/3.12.1/lib/python3.12/site-packages/airflow/example_dags/example_branch_operator_decorator.py for tasks to queue
[2026-04-20T01:52:20.670+0000] {logging_mixin.py:190} INFO - [2026-04-20T01:52:20.669+0000] {dagbag.py:588} INFO - Filling up the DagBag from /usr/local/python/3.12.1/lib/python3.12/site-packages/airflow/example_dags/example_branch_operator_decorator.py
[2026-04-20T01:52:20.802+0000] {processor.py:925} INFO - DAG(s) 'example_branch_python_operator_decorator' retrieved from /usr/local/python/3.12.1/lib/python3.12/site-packages/airflow/example_dags/example_branch_operator_decorator.py
[2026-04-20T01:52:20.818+0000] {logging_mixin.py:190} INFO - [2026-04-20T01:52:20.818+0000] {dag.py:3239} INFO - Sync 1 DAGs
[2026-04-20T01:52:20.832+0000] {logging_mixin.py:190} INFO - [2026-04-20T01:52:20.832+0000] {dag.py:4180} INFO - Setting next_dagrun for example_branch_python_operator_decorator to 2026-04-19 00:00:00+00:00, run_after=2026-04-20 00:00:00+00:00
[2026-04-20T01:52:20.852+0000] {processor.py:208} INFO - Processing /usr/local/python/3.12.1/lib/python3.12/site-packages/airflow/example_dags/example_branch_operator_decorator.py took 0.189 seconds
[2026-04-20T01:53:41.840+0000] {processor.py:186} INFO - Started process (PID=59231) to work on /usr/local/python/3.12.1/lib/python3.12/site-packages/airflow/example_dags/example_branch_operator_decorator.py
[2026-04-20T01:53:41.841+0000] {processor.py:914} INFO - Processing file /usr/local/python/3.12.1/lib/python3.12/site-packages/airflow/example_dags/example_branch_operator_decorator.py for tasks to queue
[2026-04-20T01:53:41.841+0000] {logging_mixin.py:190} INFO - [2026-04-20T01:53:41.841+0000] {dagbag.py:588} INFO - Filling up the DagBag from /usr/local/python/3.12.1/lib/python3.12/site-packages/airflow/example_dags/example_branch_operator_decorator.py
[2026-04-20T01:53:41.860+0000] {processor.py:925} INFO - DAG(s) 'example_branch_python_operator_decorator' retrieved from /usr/local/python/3.12.1/lib/python3.12/site-packages/airflow/example_dags/example_branch_operator_decorator.py
[2026-04-20T01:53:41.885+0000] {logging_mixin.py:190} INFO - [2026-04-20T01:53:41.885+0000] {dag.py:3239} INFO - Sync 1 DAGs
[2026-04-20T01:53:41.902+0000] {logging_mixin.py:190} INFO - [2026-04-20T01:53:41.902+0000] {dag.py:4180} INFO - Setting next_dagrun for example_branch_python_operator_decorator to 2026-04-19 00:00:00+00:00, run_after=2026-04-20 00:00:00+00:00
[2026-04-20T01:53:41.919+0000] {processor.py:208} INFO - Processing /usr/local/python/3.12.1/lib/python3.12/site-packages/airflow/example_dags/example_branch_operator_decorator.py took 0.083 seconds
[2026-04-20T01:54:58.939+0000] {processor.py:186} INFO - Started process (PID=60082) to work on /usr/local/python/3.12.1/lib/python3.12/site-packages/airflow/example_dags/example_branch_operator_decorator.py
[2026-04-20T01:54:58.940+0000] {processor.py:914} INFO - Processing file /usr/local/python/3.12.1/lib/python3.12/site-packages/airflow/example_dags/example_branch_operator_decorator.py for tasks to queue
[2026-04-20T01:54:58.942+0000] {logging_mixin.py:190} INFO - [2026-04-20T01:54:58.941+0000] {dagbag.py:588} INFO - Filling up the DagBag from /usr/local/python/3.12.1/lib/python3.12/site-packages/airflow/example_dags/example_branch_operator_decorator.py
[2026-04-20T01:54:58.971+0000] {processor.py:925} INFO - DAG(s) 'example_branch_python_operator_decorator' retrieved from /usr/local/python/3.12.1/lib/python3.12/site-packages/airflow/example_dags/example_branch_operator_decorator.py
[2026-04-20T01:54:59.004+0000] {logging_mixin.py:190} INFO - [2026-04-20T01:54:59.004+0000] {dag.py:3239} INFO - Sync 1 DAGs
[2026-04-20T01:54:59.031+0000] {logging_mixin.py:190} INFO - [2026-04-20T01:54:59.031+0000] {dag.py:4180} INFO - Setting next_dagrun for example_branch_python_operator_decorator to 2026-04-19 00:00:00+00:00, run_after=2026-04-20 00:00:00+00:00
[2026-04-20T01:54:59.053+0000] {processor.py:208} INFO - Processing /usr/local/python/3.12.1/lib/python3.12/site-packages/airflow/example_dags/example_branch_operator_decorator.py took 0.121 seconds
[2026-04-20T01:56:17.543+0000] {processor.py:186} INFO - Started process (PID=60928) to work on /usr/local/python/3.12.1/lib/python3.12/site-packages/airflow/example_dags/example_branch_operator_decorator.py
[2026-04-20T01:56:17.544+0000] {processor.py:914} INFO - Processing file /usr/local/python/3.12.1/lib/python3.12/site-packages/airflow/example_dags/example_branch_operator_decorator.py for tasks to queue
[2026-04-20T01:56:17.545+0000] {logging_mixin.py:190} INFO - [2026-04-20T01:56:17.545+0000] {dagbag.py:588} INFO - Filling up the DagBag from /usr/local/python/3.12.1/lib/python3.12/site-packages/airflow/example_dags/example_branch_operator_decorator.py
[2026-04-20T01:56:17.563+0000] {processor.py:925} INFO - DAG(s) 'example_branch_python_operator_decorator' retrieved from /usr/local/python/3.12.1/lib/python3.12/site-packages/airflow/example_dags/example_branch_operator_decorator.py
[2026-04-20T01:56:17.588+0000] {logging_mixin.py:190} INFO - [2026-04-20T01:56:17.588+0000] {dag.py:3239} INFO - Sync 1 DAGs
[2026-04-20T01:56:17.605+0000] {logging_mixin.py:190} INFO - [2026-04-20T01:56:17.605+0000] {dag.py:4180} INFO - Setting next_dagrun for example_branch_python_operator_decorator to 2026-04-19 00:00:00+00:00, run_after=2026-04-20 00:00:00+00:00
[2026-04-20T01:56:17.622+0000] {processor.py:208} INFO - Processing /usr/local/python/3.12.1/lib/python3.12/site-packages/airflow/example_dags/example_branch_operator_decorator.py took 0.083 seconds
[2026-04-20T01:57:31.645+0000] {processor.py:186} INFO - Started process (PID=61682) to work on /usr/local/python/3.12.1/lib/python3.12/site-packages/airflow/example_dags/example_branch_operator_decorator.py
[2026-04-20T01:57:31.646+0000] {processor.py:914} INFO - Processing file /usr/local/python/3.12.1/lib/python3.12/site-packages/airflow/example_dags/example_branch_operator_decorator.py for tasks to queue
[2026-04-20T01:57:31.647+0000] {logging_mixin.py:190} INFO - [2026-04-20T01:57:31.647+0000] {dagbag.py:588} INFO - Filling up the DagBag from /usr/local/python/3.12.1/lib/python3.12/site-packages/airflow/example_dags/example_branch_operator_decorator.py
[2026-04-20T01:57:31.667+0000] {processor.py:925} INFO - DAG(s) 'example_branch_python_operator_decorator' retrieved from /usr/local/python/3.12.1/lib/python3.12/site-packages/airflow/example_dags/example_branch_operator_decorator.py
[2026-04-20T01:57:31.692+0000] {logging_mixin.py:190} INFO - [2026-04-20T01:57:31.692+0000] {dag.py:3239} INFO - Sync 1 DAGs
[2026-04-20T01:57:31.709+0000] {logging_mixin.py:190} INFO - [2026-04-20T01:57:31.708+0000] {dag.py:4180} INFO - Setting next_dagrun for example_branch_python_operator_decorator to 2026-04-19 00:00:00+00:00, run_after=2026-04-20 00:00:00+00:00
[2026-04-20T01:57:31.725+0000] {processor.py:208} INFO - Processing /usr/local/python/3.12.1/lib/python3.12/site-packages/airflow/example_dags/example_branch_operator_decorator.py took 0.084 seconds
[2026-04-20T14:14:13.223+0000] {processor.py:186} INFO - Started process (PID=7501) to work on /usr/local/python/3.12.1/lib/python3.12/site-packages/airflow/example_dags/example_branch_operator_decorator.py
[2026-04-20T14:14:13.224+0000] {processor.py:914} INFO - Processing file /usr/local/python/3.12.1/lib/python3.12/site-packages/airflow/example_dags/example_branch_operator_decorator.py for tasks to queue
[2026-04-20T14:14:13.226+0000] {logging_mixin.py:190} INFO - [2026-04-20T14:14:13.226+0000] {dagbag.py:588} INFO - Filling up the DagBag from /usr/local/python/3.12.1/lib/python3.12/site-packages/airflow/example_dags/example_branch_operator_decorator.py
[2026-04-20T14:14:13.243+0000] {processor.py:925} INFO - DAG(s) 'example_branch_python_operator_decorator' retrieved from /usr/local/python/3.12.1/lib/python3.12/site-packages/airflow/example_dags/example_branch_operator_decorator.py
[2026-04-20T14:14:13.332+0000] {logging_mixin.py:190} INFO - [2026-04-20T14:14:13.332+0000] {dag.py:3239} INFO - Sync 1 DAGs
[2026-04-20T14:14:13.349+0000] {logging_mixin.py:190} INFO - [2026-04-20T14:14:13.349+0000] {dag.py:4180} INFO - Setting next_dagrun for example_branch_python_operator_decorator to 2026-04-19 00:00:00+00:00, run_after=2026-04-20 00:00:00+00:00
[2026-04-20T14:14:13.367+0000] {processor.py:208} INFO - Processing /usr/local/python/3.12.1/lib/python3.12/site-packages/airflow/example_dags/example_branch_operator_decorator.py took 0.149 seconds
[2026-04-20T14:15:32.063+0000] {processor.py:186} INFO - Started process (PID=8808) to work on /usr/local/python/3.12.1/lib/python3.12/site-packages/airflow/example_dags/example_branch_operator_decorator.py
[2026-04-20T14:15:32.064+0000] {processor.py:914} INFO - Processing file /usr/local/python/3.12.1/lib/python3.12/site-packages/airflow/example_dags/example_branch_operator_decorator.py for tasks to queue
[2026-04-20T14:15:32.066+0000] {logging_mixin.py:190} INFO - [2026-04-20T14:15:32.066+0000] {dagbag.py:588} INFO - Filling up the DagBag from /usr/local/python/3.12.1/lib/python3.12/site-packages/airflow/example_dags/example_branch_operator_decorator.py
[2026-04-20T14:15:32.098+0000] {processor.py:925} INFO - DAG(s) 'example_branch_python_operator_decorator' retrieved from /usr/local/python/3.12.1/lib/python3.12/site-packages/airflow/example_dags/example_branch_operator_decorator.py
[2026-04-20T14:15:32.125+0000] {logging_mixin.py:190} INFO - [2026-04-20T14:15:32.125+0000] {dag.py:3239} INFO - Sync 1 DAGs
[2026-04-20T14:15:32.142+0000] {logging_mixin.py:190} INFO - [2026-04-20T14:15:32.142+0000] {dag.py:4180} INFO - Setting next_dagrun for example_branch_python_operator_decorator to 2026-04-19 00:00:00+00:00, run_after=2026-04-20 00:00:00+00:00
[2026-04-20T14:15:32.158+0000] {processor.py:208} INFO - Processing /usr/local/python/3.12.1/lib/python3.12/site-packages/airflow/example_dags/example_branch_operator_decorator.py took 0.102 seconds
