[2026-04-20T00:49:59.741+0000] {processor.py:186} INFO - Started process (PID=16408) to work on /usr/local/python/3.12.1/lib/python3.12/site-packages/airflow/example_dags/example_display_name.py
[2026-04-20T00:49:59.742+0000] {processor.py:914} INFO - Processing file /usr/local/python/3.12.1/lib/python3.12/site-packages/airflow/example_dags/example_display_name.py for tasks to queue
[2026-04-20T00:49:59.745+0000] {logging_mixin.py:190} INFO - [2026-04-20T00:49:59.744+0000] {dagbag.py:588} INFO - Filling up the DagBag from /usr/local/python/3.12.1/lib/python3.12/site-packages/airflow/example_dags/example_display_name.py
[2026-04-20T00:49:59.750+0000] {processor.py:925} INFO - DAG(s) 'example_display_name' retrieved from /usr/local/python/3.12.1/lib/python3.12/site-packages/airflow/example_dags/example_display_name.py
[2026-04-20T00:49:59.762+0000] {logging_mixin.py:190} INFO - [2026-04-20T00:49:59.761+0000] {dag.py:3239} INFO - Sync 1 DAGs
[2026-04-20T00:49:59.771+0000] {logging_mixin.py:190} INFO - [2026-04-20T00:49:59.771+0000] {dag.py:4180} INFO - Setting next_dagrun for example_display_name to None, run_after=None
[2026-04-20T00:49:59.788+0000] {processor.py:208} INFO - Processing /usr/local/python/3.12.1/lib/python3.12/site-packages/airflow/example_dags/example_display_name.py took 0.051 seconds
[2026-04-20T00:51:16.247+0000] {processor.py:186} INFO - Started process (PID=17567) to work on /usr/local/python/3.12.1/lib/python3.12/site-packages/airflow/example_dags/example_display_name.py
[2026-04-20T00:51:16.248+0000] {processor.py:914} INFO - Processing file /usr/local/python/3.12.1/lib/python3.12/site-packages/airflow/example_dags/example_display_name.py for tasks to queue
[2026-04-20T00:51:16.250+0000] {logging_mixin.py:190} INFO - [2026-04-20T00:51:16.249+0000] {dagbag.py:588} INFO - Filling up the DagBag from /usr/local/python/3.12.1/lib/python3.12/site-packages/airflow/example_dags/example_display_name.py
[2026-04-20T00:51:16.256+0000] {processor.py:925} INFO - DAG(s) 'example_display_name' retrieved from /usr/local/python/3.12.1/lib/python3.12/site-packages/airflow/example_dags/example_display_name.py
[2026-04-20T00:51:16.267+0000] {logging_mixin.py:190} INFO - [2026-04-20T00:51:16.267+0000] {dag.py:3239} INFO - Sync 1 DAGs
[2026-04-20T00:51:16.277+0000] {logging_mixin.py:190} INFO - [2026-04-20T00:51:16.277+0000] {dag.py:4180} INFO - Setting next_dagrun for example_display_name to None, run_after=None
[2026-04-20T00:51:16.293+0000] {processor.py:208} INFO - Processing /usr/local/python/3.12.1/lib/python3.12/site-packages/airflow/example_dags/example_display_name.py took 0.049 seconds
[2026-04-20T00:52:32.440+0000] {processor.py:186} INFO - Started process (PID=19054) to work on /usr/local/python/3.12.1/lib/python3.12/site-packages/airflow/example_dags/example_display_name.py
[2026-04-20T00:52:32.441+0000] {processor.py:914} INFO - Processing file /usr/local/python/3.12.1/lib/python3.12/site-packages/airflow/example_dags/example_display_name.py for tasks to queue
[2026-04-20T00:52:32.442+0000] {logging_mixin.py:190} INFO - [2026-04-20T00:52:32.442+0000] {dagbag.py:588} INFO - Filling up the DagBag from /usr/local/python/3.12.1/lib/python3.12/site-packages/airflow/example_dags/example_display_name.py
[2026-04-20T00:52:32.449+0000] {processor.py:925} INFO - DAG(s) 'example_display_name' retrieved from /usr/local/python/3.12.1/lib/python3.12/site-packages/airflow/example_dags/example_display_name.py
[2026-04-20T00:52:32.462+0000] {logging_mixin.py:190} INFO - [2026-04-20T00:52:32.462+0000] {dag.py:3239} INFO - Sync 1 DAGs
[2026-04-20T00:52:32.472+0000] {logging_mixin.py:190} INFO - [2026-04-20T00:52:32.472+0000] {dag.py:4180} INFO - Setting next_dagrun for example_display_name to None, run_after=None
[2026-04-20T00:52:32.488+0000] {processor.py:208} INFO - Processing /usr/local/python/3.12.1/lib/python3.12/site-packages/airflow/example_dags/example_display_name.py took 0.052 seconds
[2026-04-20T00:53:51.690+0000] {processor.py:186} INFO - Started process (PID=20176) to work on /usr/local/python/3.12.1/lib/python3.12/site-packages/airflow/example_dags/example_display_name.py
[2026-04-20T00:53:51.691+0000] {processor.py:914} INFO - Processing file /usr/local/python/3.12.1/lib/python3.12/site-packages/airflow/example_dags/example_display_name.py for tasks to queue
[2026-04-20T00:53:51.692+0000] {logging_mixin.py:190} INFO - [2026-04-20T00:53:51.692+0000] {dagbag.py:588} INFO - Filling up the DagBag from /usr/local/python/3.12.1/lib/python3.12/site-packages/airflow/example_dags/example_display_name.py
[2026-04-20T00:53:51.699+0000] {processor.py:925} INFO - DAG(s) 'example_display_name' retrieved from /usr/local/python/3.12.1/lib/python3.12/site-packages/airflow/example_dags/example_display_name.py
[2026-04-20T00:53:51.711+0000] {logging_mixin.py:190} INFO - [2026-04-20T00:53:51.710+0000] {dag.py:3239} INFO - Sync 1 DAGs
[2026-04-20T00:53:51.720+0000] {logging_mixin.py:190} INFO - [2026-04-20T00:53:51.720+0000] {dag.py:4180} INFO - Setting next_dagrun for example_display_name to None, run_after=None
[2026-04-20T00:53:51.736+0000] {processor.py:208} INFO - Processing /usr/local/python/3.12.1/lib/python3.12/site-packages/airflow/example_dags/example_display_name.py took 0.055 seconds
[2026-04-20T00:55:08.829+0000] {processor.py:186} INFO - Started process (PID=21074) to work on /usr/local/python/3.12.1/lib/python3.12/site-packages/airflow/example_dags/example_display_name.py
[2026-04-20T00:55:08.830+0000] {processor.py:914} INFO - Processing file /usr/local/python/3.12.1/lib/python3.12/site-packages/airflow/example_dags/example_display_name.py for tasks to queue
[2026-04-20T00:55:08.832+0000] {logging_mixin.py:190} INFO - [2026-04-20T00:55:08.831+0000] {dagbag.py:588} INFO - Filling up the DagBag from /usr/local/python/3.12.1/lib/python3.12/site-packages/airflow/example_dags/example_display_name.py
[2026-04-20T00:55:08.838+0000] {processor.py:925} INFO - DAG(s) 'example_display_name' retrieved from /usr/local/python/3.12.1/lib/python3.12/site-packages/airflow/example_dags/example_display_name.py
[2026-04-20T00:55:08.854+0000] {logging_mixin.py:190} INFO - [2026-04-20T00:55:08.853+0000] {dag.py:3239} INFO - Sync 1 DAGs
[2026-04-20T00:55:08.863+0000] {logging_mixin.py:190} INFO - [2026-04-20T00:55:08.863+0000] {dag.py:4180} INFO - Setting next_dagrun for example_display_name to None, run_after=None
[2026-04-20T00:55:08.880+0000] {processor.py:208} INFO - Processing /usr/local/python/3.12.1/lib/python3.12/site-packages/airflow/example_dags/example_display_name.py took 0.056 seconds
[2026-04-20T00:56:27.026+0000] {processor.py:186} INFO - Started process (PID=21950) to work on /usr/local/python/3.12.1/lib/python3.12/site-packages/airflow/example_dags/example_display_name.py
[2026-04-20T00:56:27.027+0000] {processor.py:914} INFO - Processing file /usr/local/python/3.12.1/lib/python3.12/site-packages/airflow/example_dags/example_display_name.py for tasks to queue
[2026-04-20T00:56:27.030+0000] {logging_mixin.py:190} INFO - [2026-04-20T00:56:27.029+0000] {dagbag.py:588} INFO - Filling up the DagBag from /usr/local/python/3.12.1/lib/python3.12/site-packages/airflow/example_dags/example_display_name.py
[2026-04-20T00:56:27.040+0000] {processor.py:925} INFO - DAG(s) 'example_display_name' retrieved from /usr/local/python/3.12.1/lib/python3.12/site-packages/airflow/example_dags/example_display_name.py
[2026-04-20T00:56:27.062+0000] {logging_mixin.py:190} INFO - [2026-04-20T00:56:27.062+0000] {dag.py:3239} INFO - Sync 1 DAGs
[2026-04-20T00:56:27.073+0000] {logging_mixin.py:190} INFO - [2026-04-20T00:56:27.073+0000] {dag.py:4180} INFO - Setting next_dagrun for example_display_name to None, run_after=None
[2026-04-20T00:56:27.091+0000] {processor.py:208} INFO - Processing /usr/local/python/3.12.1/lib/python3.12/site-packages/airflow/example_dags/example_display_name.py took 0.072 seconds
[2026-04-20T00:57:42.141+0000] {processor.py:186} INFO - Started process (PID=22795) to work on /usr/local/python/3.12.1/lib/python3.12/site-packages/airflow/example_dags/example_display_name.py
[2026-04-20T00:57:42.142+0000] {processor.py:914} INFO - Processing file /usr/local/python/3.12.1/lib/python3.12/site-packages/airflow/example_dags/example_display_name.py for tasks to queue
[2026-04-20T00:57:42.145+0000] {logging_mixin.py:190} INFO - [2026-04-20T00:57:42.144+0000] {dagbag.py:588} INFO - Filling up the DagBag from /usr/local/python/3.12.1/lib/python3.12/site-packages/airflow/example_dags/example_display_name.py
[2026-04-20T00:57:42.154+0000] {processor.py:925} INFO - DAG(s) 'example_display_name' retrieved from /usr/local/python/3.12.1/lib/python3.12/site-packages/airflow/example_dags/example_display_name.py
[2026-04-20T00:57:42.181+0000] {logging_mixin.py:190} INFO - [2026-04-20T00:57:42.181+0000] {dag.py:3239} INFO - Sync 1 DAGs
[2026-04-20T00:57:42.198+0000] {logging_mixin.py:190} INFO - [2026-04-20T00:57:42.197+0000] {dag.py:4180} INFO - Setting next_dagrun for example_display_name to None, run_after=None
[2026-04-20T00:57:42.258+0000] {processor.py:208} INFO - Processing /usr/local/python/3.12.1/lib/python3.12/site-packages/airflow/example_dags/example_display_name.py took 0.124 seconds
[2026-04-20T00:58:56.956+0000] {processor.py:186} INFO - Started process (PID=23554) to work on /usr/local/python/3.12.1/lib/python3.12/site-packages/airflow/example_dags/example_display_name.py
[2026-04-20T00:58:56.957+0000] {processor.py:914} INFO - Processing file /usr/local/python/3.12.1/lib/python3.12/site-packages/airflow/example_dags/example_display_name.py for tasks to queue
[2026-04-20T00:58:56.959+0000] {logging_mixin.py:190} INFO - [2026-04-20T00:58:56.958+0000] {dagbag.py:588} INFO - Filling up the DagBag from /usr/local/python/3.12.1/lib/python3.12/site-packages/airflow/example_dags/example_display_name.py
[2026-04-20T00:58:56.965+0000] {processor.py:925} INFO - DAG(s) 'example_display_name' retrieved from /usr/local/python/3.12.1/lib/python3.12/site-packages/airflow/example_dags/example_display_name.py
[2026-04-20T00:58:56.976+0000] {logging_mixin.py:190} INFO - [2026-04-20T00:58:56.976+0000] {dag.py:3239} INFO - Sync 1 DAGs
[2026-04-20T00:58:56.986+0000] {logging_mixin.py:190} INFO - [2026-04-20T00:58:56.986+0000] {dag.py:4180} INFO - Setting next_dagrun for example_display_name to None, run_after=None
[2026-04-20T00:58:57.003+0000] {processor.py:208} INFO - Processing /usr/local/python/3.12.1/lib/python3.12/site-packages/airflow/example_dags/example_display_name.py took 0.050 seconds
[2026-04-20T01:00:18.291+0000] {processor.py:186} INFO - Started process (PID=24686) to work on /usr/local/python/3.12.1/lib/python3.12/site-packages/airflow/example_dags/example_display_name.py
[2026-04-20T01:00:18.292+0000] {processor.py:914} INFO - Processing file /usr/local/python/3.12.1/lib/python3.12/site-packages/airflow/example_dags/example_display_name.py for tasks to queue
[2026-04-20T01:00:18.294+0000] {logging_mixin.py:190} INFO - [2026-04-20T01:00:18.293+0000] {dagbag.py:588} INFO - Filling up the DagBag from /usr/local/python/3.12.1/lib/python3.12/site-packages/airflow/example_dags/example_display_name.py
[2026-04-20T01:00:18.299+0000] {processor.py:925} INFO - DAG(s) 'example_display_name' retrieved from /usr/local/python/3.12.1/lib/python3.12/site-packages/airflow/example_dags/example_display_name.py
[2026-04-20T01:00:18.311+0000] {logging_mixin.py:190} INFO - [2026-04-20T01:00:18.311+0000] {dag.py:3239} INFO - Sync 1 DAGs
[2026-04-20T01:00:18.320+0000] {logging_mixin.py:190} INFO - [2026-04-20T01:00:18.320+0000] {dag.py:4180} INFO - Setting next_dagrun for example_display_name to None, run_after=None
[2026-04-20T01:00:18.336+0000] {processor.py:208} INFO - Processing /usr/local/python/3.12.1/lib/python3.12/site-packages/airflow/example_dags/example_display_name.py took 0.049 seconds
[2026-04-20T01:01:32.914+0000] {processor.py:186} INFO - Started process (PID=25450) to work on /usr/local/python/3.12.1/lib/python3.12/site-packages/airflow/example_dags/example_display_name.py
[2026-04-20T01:01:32.914+0000] {processor.py:914} INFO - Processing file /usr/local/python/3.12.1/lib/python3.12/site-packages/airflow/example_dags/example_display_name.py for tasks to queue
[2026-04-20T01:01:32.916+0000] {logging_mixin.py:190} INFO - [2026-04-20T01:01:32.916+0000] {dagbag.py:588} INFO - Filling up the DagBag from /usr/local/python/3.12.1/lib/python3.12/site-packages/airflow/example_dags/example_display_name.py
[2026-04-20T01:01:32.922+0000] {processor.py:925} INFO - DAG(s) 'example_display_name' retrieved from /usr/local/python/3.12.1/lib/python3.12/site-packages/airflow/example_dags/example_display_name.py
[2026-04-20T01:01:32.934+0000] {logging_mixin.py:190} INFO - [2026-04-20T01:01:32.934+0000] {dag.py:3239} INFO - Sync 1 DAGs
[2026-04-20T01:01:32.944+0000] {logging_mixin.py:190} INFO - [2026-04-20T01:01:32.944+0000] {dag.py:4180} INFO - Setting next_dagrun for example_display_name to None, run_after=None
[2026-04-20T01:01:32.961+0000] {processor.py:208} INFO - Processing /usr/local/python/3.12.1/lib/python3.12/site-packages/airflow/example_dags/example_display_name.py took 0.051 seconds
[2026-04-20T01:02:45.499+0000] {processor.py:186} INFO - Started process (PID=26265) to work on /usr/local/python/3.12.1/lib/python3.12/site-packages/airflow/example_dags/example_display_name.py
[2026-04-20T01:02:45.500+0000] {processor.py:914} INFO - Processing file /usr/local/python/3.12.1/lib/python3.12/site-packages/airflow/example_dags/example_display_name.py for tasks to queue
[2026-04-20T01:02:45.501+0000] {logging_mixin.py:190} INFO - [2026-04-20T01:02:45.501+0000] {dagbag.py:588} INFO - Filling up the DagBag from /usr/local/python/3.12.1/lib/python3.12/site-packages/airflow/example_dags/example_display_name.py
[2026-04-20T01:02:45.507+0000] {processor.py:925} INFO - DAG(s) 'example_display_name' retrieved from /usr/local/python/3.12.1/lib/python3.12/site-packages/airflow/example_dags/example_display_name.py
[2026-04-20T01:02:45.519+0000] {logging_mixin.py:190} INFO - [2026-04-20T01:02:45.518+0000] {dag.py:3239} INFO - Sync 1 DAGs
[2026-04-20T01:02:45.530+0000] {logging_mixin.py:190} INFO - [2026-04-20T01:02:45.530+0000] {dag.py:4180} INFO - Setting next_dagrun for example_display_name to None, run_after=None
[2026-04-20T01:02:45.547+0000] {processor.py:208} INFO - Processing /usr/local/python/3.12.1/lib/python3.12/site-packages/airflow/example_dags/example_display_name.py took 0.052 seconds
[2026-04-20T01:04:00.075+0000] {processor.py:186} INFO - Started process (PID=27040) to work on /usr/local/python/3.12.1/lib/python3.12/site-packages/airflow/example_dags/example_display_name.py
[2026-04-20T01:04:00.075+0000] {processor.py:914} INFO - Processing file /usr/local/python/3.12.1/lib/python3.12/site-packages/airflow/example_dags/example_display_name.py for tasks to queue
[2026-04-20T01:04:00.077+0000] {logging_mixin.py:190} INFO - [2026-04-20T01:04:00.076+0000] {dagbag.py:588} INFO - Filling up the DagBag from /usr/local/python/3.12.1/lib/python3.12/site-packages/airflow/example_dags/example_display_name.py
[2026-04-20T01:04:00.085+0000] {processor.py:925} INFO - DAG(s) 'example_display_name' retrieved from /usr/local/python/3.12.1/lib/python3.12/site-packages/airflow/example_dags/example_display_name.py
[2026-04-20T01:04:00.097+0000] {logging_mixin.py:190} INFO - [2026-04-20T01:04:00.097+0000] {dag.py:3239} INFO - Sync 1 DAGs
[2026-04-20T01:04:00.107+0000] {logging_mixin.py:190} INFO - [2026-04-20T01:04:00.107+0000] {dag.py:4180} INFO - Setting next_dagrun for example_display_name to None, run_after=None
[2026-04-20T01:04:00.125+0000] {processor.py:208} INFO - Processing /usr/local/python/3.12.1/lib/python3.12/site-packages/airflow/example_dags/example_display_name.py took 0.055 seconds
[2026-04-20T01:05:15.312+0000] {processor.py:186} INFO - Started process (PID=28048) to work on /usr/local/python/3.12.1/lib/python3.12/site-packages/airflow/example_dags/example_display_name.py
[2026-04-20T01:05:15.313+0000] {processor.py:914} INFO - Processing file /usr/local/python/3.12.1/lib/python3.12/site-packages/airflow/example_dags/example_display_name.py for tasks to queue
[2026-04-20T01:05:15.314+0000] {logging_mixin.py:190} INFO - [2026-04-20T01:05:15.314+0000] {dagbag.py:588} INFO - Filling up the DagBag from /usr/local/python/3.12.1/lib/python3.12/site-packages/airflow/example_dags/example_display_name.py
[2026-04-20T01:05:15.320+0000] {processor.py:925} INFO - DAG(s) 'example_display_name' retrieved from /usr/local/python/3.12.1/lib/python3.12/site-packages/airflow/example_dags/example_display_name.py
[2026-04-20T01:05:15.331+0000] {logging_mixin.py:190} INFO - [2026-04-20T01:05:15.331+0000] {dag.py:3239} INFO - Sync 1 DAGs
[2026-04-20T01:05:15.341+0000] {logging_mixin.py:190} INFO - [2026-04-20T01:05:15.341+0000] {dag.py:4180} INFO - Setting next_dagrun for example_display_name to None, run_after=None
[2026-04-20T01:05:15.357+0000] {processor.py:208} INFO - Processing /usr/local/python/3.12.1/lib/python3.12/site-packages/airflow/example_dags/example_display_name.py took 0.049 seconds
[2026-04-20T01:06:38.202+0000] {processor.py:186} INFO - Started process (PID=29125) to work on /usr/local/python/3.12.1/lib/python3.12/site-packages/airflow/example_dags/example_display_name.py
[2026-04-20T01:06:38.202+0000] {processor.py:914} INFO - Processing file /usr/local/python/3.12.1/lib/python3.12/site-packages/airflow/example_dags/example_display_name.py for tasks to queue
[2026-04-20T01:06:38.204+0000] {logging_mixin.py:190} INFO - [2026-04-20T01:06:38.203+0000] {dagbag.py:588} INFO - Filling up the DagBag from /usr/local/python/3.12.1/lib/python3.12/site-packages/airflow/example_dags/example_display_name.py
[2026-04-20T01:06:38.250+0000] {processor.py:925} INFO - DAG(s) 'example_display_name' retrieved from /usr/local/python/3.12.1/lib/python3.12/site-packages/airflow/example_dags/example_display_name.py
[2026-04-20T01:06:38.270+0000] {logging_mixin.py:190} INFO - [2026-04-20T01:06:38.269+0000] {dag.py:3239} INFO - Sync 1 DAGs
[2026-04-20T01:06:38.289+0000] {logging_mixin.py:190} INFO - [2026-04-20T01:06:38.289+0000] {dag.py:4180} INFO - Setting next_dagrun for example_display_name to None, run_after=None
[2026-04-20T01:06:38.363+0000] {processor.py:208} INFO - Processing /usr/local/python/3.12.1/lib/python3.12/site-packages/airflow/example_dags/example_display_name.py took 0.167 seconds
[2026-04-20T01:07:58.228+0000] {processor.py:186} INFO - Started process (PID=30155) to work on /usr/local/python/3.12.1/lib/python3.12/site-packages/airflow/example_dags/example_display_name.py
[2026-04-20T01:07:58.229+0000] {processor.py:914} INFO - Processing file /usr/local/python/3.12.1/lib/python3.12/site-packages/airflow/example_dags/example_display_name.py for tasks to queue
[2026-04-20T01:07:58.230+0000] {logging_mixin.py:190} INFO - [2026-04-20T01:07:58.230+0000] {dagbag.py:588} INFO - Filling up the DagBag from /usr/local/python/3.12.1/lib/python3.12/site-packages/airflow/example_dags/example_display_name.py
[2026-04-20T01:07:58.237+0000] {processor.py:925} INFO - DAG(s) 'example_display_name' retrieved from /usr/local/python/3.12.1/lib/python3.12/site-packages/airflow/example_dags/example_display_name.py
[2026-04-20T01:07:58.248+0000] {logging_mixin.py:190} INFO - [2026-04-20T01:07:58.248+0000] {dag.py:3239} INFO - Sync 1 DAGs
[2026-04-20T01:07:58.259+0000] {logging_mixin.py:190} INFO - [2026-04-20T01:07:58.259+0000] {dag.py:4180} INFO - Setting next_dagrun for example_display_name to None, run_after=None
[2026-04-20T01:07:58.281+0000] {processor.py:208} INFO - Processing /usr/local/python/3.12.1/lib/python3.12/site-packages/airflow/example_dags/example_display_name.py took 0.057 seconds
[2026-04-20T01:09:11.289+0000] {processor.py:186} INFO - Started process (PID=31037) to work on /usr/local/python/3.12.1/lib/python3.12/site-packages/airflow/example_dags/example_display_name.py
[2026-04-20T01:09:11.289+0000] {processor.py:914} INFO - Processing file /usr/local/python/3.12.1/lib/python3.12/site-packages/airflow/example_dags/example_display_name.py for tasks to queue
[2026-04-20T01:09:11.291+0000] {logging_mixin.py:190} INFO - [2026-04-20T01:09:11.290+0000] {dagbag.py:588} INFO - Filling up the DagBag from /usr/local/python/3.12.1/lib/python3.12/site-packages/airflow/example_dags/example_display_name.py
[2026-04-20T01:09:11.305+0000] {processor.py:925} INFO - DAG(s) 'example_display_name' retrieved from /usr/local/python/3.12.1/lib/python3.12/site-packages/airflow/example_dags/example_display_name.py
[2026-04-20T01:09:11.332+0000] {logging_mixin.py:190} INFO - [2026-04-20T01:09:11.332+0000] {dag.py:3239} INFO - Sync 1 DAGs
[2026-04-20T01:09:11.359+0000] {logging_mixin.py:190} INFO - [2026-04-20T01:09:11.358+0000] {dag.py:4180} INFO - Setting next_dagrun for example_display_name to None, run_after=None
[2026-04-20T01:09:11.389+0000] {processor.py:208} INFO - Processing /usr/local/python/3.12.1/lib/python3.12/site-packages/airflow/example_dags/example_display_name.py took 0.109 seconds
[2026-04-20T01:10:39.378+0000] {processor.py:186} INFO - Started process (PID=32409) to work on /usr/local/python/3.12.1/lib/python3.12/site-packages/airflow/example_dags/example_display_name.py
[2026-04-20T01:10:39.378+0000] {processor.py:914} INFO - Processing file /usr/local/python/3.12.1/lib/python3.12/site-packages/airflow/example_dags/example_display_name.py for tasks to queue
[2026-04-20T01:10:39.379+0000] {logging_mixin.py:190} INFO - [2026-04-20T01:10:39.379+0000] {dagbag.py:588} INFO - Filling up the DagBag from /usr/local/python/3.12.1/lib/python3.12/site-packages/airflow/example_dags/example_display_name.py
[2026-04-20T01:10:39.386+0000] {processor.py:925} INFO - DAG(s) 'example_display_name' retrieved from /usr/local/python/3.12.1/lib/python3.12/site-packages/airflow/example_dags/example_display_name.py
[2026-04-20T01:10:39.398+0000] {logging_mixin.py:190} INFO - [2026-04-20T01:10:39.397+0000] {dag.py:3239} INFO - Sync 1 DAGs
[2026-04-20T01:10:39.408+0000] {logging_mixin.py:190} INFO - [2026-04-20T01:10:39.408+0000] {dag.py:4180} INFO - Setting next_dagrun for example_display_name to None, run_after=None
[2026-04-20T01:10:39.424+0000] {processor.py:208} INFO - Processing /usr/local/python/3.12.1/lib/python3.12/site-packages/airflow/example_dags/example_display_name.py took 0.051 seconds
[2026-04-20T01:11:55.432+0000] {processor.py:186} INFO - Started process (PID=33292) to work on /usr/local/python/3.12.1/lib/python3.12/site-packages/airflow/example_dags/example_display_name.py
[2026-04-20T01:11:55.433+0000] {processor.py:914} INFO - Processing file /usr/local/python/3.12.1/lib/python3.12/site-packages/airflow/example_dags/example_display_name.py for tasks to queue
[2026-04-20T01:11:55.434+0000] {logging_mixin.py:190} INFO - [2026-04-20T01:11:55.434+0000] {dagbag.py:588} INFO - Filling up the DagBag from /usr/local/python/3.12.1/lib/python3.12/site-packages/airflow/example_dags/example_display_name.py
[2026-04-20T01:11:55.440+0000] {processor.py:925} INFO - DAG(s) 'example_display_name' retrieved from /usr/local/python/3.12.1/lib/python3.12/site-packages/airflow/example_dags/example_display_name.py
[2026-04-20T01:11:55.452+0000] {logging_mixin.py:190} INFO - [2026-04-20T01:11:55.452+0000] {dag.py:3239} INFO - Sync 1 DAGs
[2026-04-20T01:11:55.463+0000] {logging_mixin.py:190} INFO - [2026-04-20T01:11:55.462+0000] {dag.py:4180} INFO - Setting next_dagrun for example_display_name to None, run_after=None
[2026-04-20T01:11:55.480+0000] {processor.py:208} INFO - Processing /usr/local/python/3.12.1/lib/python3.12/site-packages/airflow/example_dags/example_display_name.py took 0.052 seconds
[2026-04-20T01:13:09.304+0000] {processor.py:186} INFO - Started process (PID=34118) to work on /usr/local/python/3.12.1/lib/python3.12/site-packages/airflow/example_dags/example_display_name.py
[2026-04-20T01:13:09.305+0000] {processor.py:914} INFO - Processing file /usr/local/python/3.12.1/lib/python3.12/site-packages/airflow/example_dags/example_display_name.py for tasks to queue
[2026-04-20T01:13:09.306+0000] {logging_mixin.py:190} INFO - [2026-04-20T01:13:09.305+0000] {dagbag.py:588} INFO - Filling up the DagBag from /usr/local/python/3.12.1/lib/python3.12/site-packages/airflow/example_dags/example_display_name.py
[2026-04-20T01:13:09.312+0000] {processor.py:925} INFO - DAG(s) 'example_display_name' retrieved from /usr/local/python/3.12.1/lib/python3.12/site-packages/airflow/example_dags/example_display_name.py
[2026-04-20T01:13:09.323+0000] {logging_mixin.py:190} INFO - [2026-04-20T01:13:09.323+0000] {dag.py:3239} INFO - Sync 1 DAGs
[2026-04-20T01:13:09.333+0000] {logging_mixin.py:190} INFO - [2026-04-20T01:13:09.333+0000] {dag.py:4180} INFO - Setting next_dagrun for example_display_name to None, run_after=None
[2026-04-20T01:13:09.349+0000] {processor.py:208} INFO - Processing /usr/local/python/3.12.1/lib/python3.12/site-packages/airflow/example_dags/example_display_name.py took 0.049 seconds
[2026-04-20T01:14:24.782+0000] {processor.py:186} INFO - Started process (PID=34870) to work on /usr/local/python/3.12.1/lib/python3.12/site-packages/airflow/example_dags/example_display_name.py
[2026-04-20T01:14:24.783+0000] {processor.py:914} INFO - Processing file /usr/local/python/3.12.1/lib/python3.12/site-packages/airflow/example_dags/example_display_name.py for tasks to queue
[2026-04-20T01:14:24.784+0000] {logging_mixin.py:190} INFO - [2026-04-20T01:14:24.783+0000] {dagbag.py:588} INFO - Filling up the DagBag from /usr/local/python/3.12.1/lib/python3.12/site-packages/airflow/example_dags/example_display_name.py
[2026-04-20T01:14:24.790+0000] {processor.py:925} INFO - DAG(s) 'example_display_name' retrieved from /usr/local/python/3.12.1/lib/python3.12/site-packages/airflow/example_dags/example_display_name.py
[2026-04-20T01:14:24.801+0000] {logging_mixin.py:190} INFO - [2026-04-20T01:14:24.800+0000] {dag.py:3239} INFO - Sync 1 DAGs
[2026-04-20T01:14:24.813+0000] {logging_mixin.py:190} INFO - [2026-04-20T01:14:24.813+0000] {dag.py:4180} INFO - Setting next_dagrun for example_display_name to None, run_after=None
[2026-04-20T01:14:24.830+0000] {processor.py:208} INFO - Processing /usr/local/python/3.12.1/lib/python3.12/site-packages/airflow/example_dags/example_display_name.py took 0.053 seconds
[2026-04-20T01:15:42.434+0000] {processor.py:186} INFO - Started process (PID=35660) to work on /usr/local/python/3.12.1/lib/python3.12/site-packages/airflow/example_dags/example_display_name.py
[2026-04-20T01:15:42.435+0000] {processor.py:914} INFO - Processing file /usr/local/python/3.12.1/lib/python3.12/site-packages/airflow/example_dags/example_display_name.py for tasks to queue
[2026-04-20T01:15:42.435+0000] {logging_mixin.py:190} INFO - [2026-04-20T01:15:42.435+0000] {dagbag.py:588} INFO - Filling up the DagBag from /usr/local/python/3.12.1/lib/python3.12/site-packages/airflow/example_dags/example_display_name.py
[2026-04-20T01:15:42.442+0000] {processor.py:925} INFO - DAG(s) 'example_display_name' retrieved from /usr/local/python/3.12.1/lib/python3.12/site-packages/airflow/example_dags/example_display_name.py
[2026-04-20T01:15:42.453+0000] {logging_mixin.py:190} INFO - [2026-04-20T01:15:42.452+0000] {dag.py:3239} INFO - Sync 1 DAGs
[2026-04-20T01:15:42.462+0000] {logging_mixin.py:190} INFO - [2026-04-20T01:15:42.462+0000] {dag.py:4180} INFO - Setting next_dagrun for example_display_name to None, run_after=None
[2026-04-20T01:15:42.479+0000] {processor.py:208} INFO - Processing /usr/local/python/3.12.1/lib/python3.12/site-packages/airflow/example_dags/example_display_name.py took 0.049 seconds
[2026-04-20T01:16:56.990+0000] {processor.py:186} INFO - Started process (PID=36407) to work on /usr/local/python/3.12.1/lib/python3.12/site-packages/airflow/example_dags/example_display_name.py
[2026-04-20T01:16:56.991+0000] {processor.py:914} INFO - Processing file /usr/local/python/3.12.1/lib/python3.12/site-packages/airflow/example_dags/example_display_name.py for tasks to queue
[2026-04-20T01:16:56.992+0000] {logging_mixin.py:190} INFO - [2026-04-20T01:16:56.992+0000] {dagbag.py:588} INFO - Filling up the DagBag from /usr/local/python/3.12.1/lib/python3.12/site-packages/airflow/example_dags/example_display_name.py
[2026-04-20T01:16:56.998+0000] {processor.py:925} INFO - DAG(s) 'example_display_name' retrieved from /usr/local/python/3.12.1/lib/python3.12/site-packages/airflow/example_dags/example_display_name.py
[2026-04-20T01:16:57.009+0000] {logging_mixin.py:190} INFO - [2026-04-20T01:16:57.009+0000] {dag.py:3239} INFO - Sync 1 DAGs
[2026-04-20T01:16:57.019+0000] {logging_mixin.py:190} INFO - [2026-04-20T01:16:57.019+0000] {dag.py:4180} INFO - Setting next_dagrun for example_display_name to None, run_after=None
[2026-04-20T01:16:57.035+0000] {processor.py:208} INFO - Processing /usr/local/python/3.12.1/lib/python3.12/site-packages/airflow/example_dags/example_display_name.py took 0.049 seconds
[2026-04-20T01:18:17.081+0000] {processor.py:186} INFO - Started process (PID=37266) to work on /usr/local/python/3.12.1/lib/python3.12/site-packages/airflow/example_dags/example_display_name.py
[2026-04-20T01:18:17.081+0000] {processor.py:914} INFO - Processing file /usr/local/python/3.12.1/lib/python3.12/site-packages/airflow/example_dags/example_display_name.py for tasks to queue
[2026-04-20T01:18:17.082+0000] {logging_mixin.py:190} INFO - [2026-04-20T01:18:17.082+0000] {dagbag.py:588} INFO - Filling up the DagBag from /usr/local/python/3.12.1/lib/python3.12/site-packages/airflow/example_dags/example_display_name.py
[2026-04-20T01:18:17.088+0000] {processor.py:925} INFO - DAG(s) 'example_display_name' retrieved from /usr/local/python/3.12.1/lib/python3.12/site-packages/airflow/example_dags/example_display_name.py
[2026-04-20T01:18:17.104+0000] {logging_mixin.py:190} INFO - [2026-04-20T01:18:17.104+0000] {dag.py:3239} INFO - Sync 1 DAGs
[2026-04-20T01:18:17.114+0000] {logging_mixin.py:190} INFO - [2026-04-20T01:18:17.114+0000] {dag.py:4180} INFO - Setting next_dagrun for example_display_name to None, run_after=None
[2026-04-20T01:18:17.131+0000] {processor.py:208} INFO - Processing /usr/local/python/3.12.1/lib/python3.12/site-packages/airflow/example_dags/example_display_name.py took 0.054 seconds
[2026-04-20T01:19:32.797+0000] {processor.py:186} INFO - Started process (PID=38090) to work on /usr/local/python/3.12.1/lib/python3.12/site-packages/airflow/example_dags/example_display_name.py
[2026-04-20T01:19:32.798+0000] {processor.py:914} INFO - Processing file /usr/local/python/3.12.1/lib/python3.12/site-packages/airflow/example_dags/example_display_name.py for tasks to queue
[2026-04-20T01:19:32.799+0000] {logging_mixin.py:190} INFO - [2026-04-20T01:19:32.798+0000] {dagbag.py:588} INFO - Filling up the DagBag from /usr/local/python/3.12.1/lib/python3.12/site-packages/airflow/example_dags/example_display_name.py
[2026-04-20T01:19:32.805+0000] {processor.py:925} INFO - DAG(s) 'example_display_name' retrieved from /usr/local/python/3.12.1/lib/python3.12/site-packages/airflow/example_dags/example_display_name.py
[2026-04-20T01:19:32.816+0000] {logging_mixin.py:190} INFO - [2026-04-20T01:19:32.816+0000] {dag.py:3239} INFO - Sync 1 DAGs
[2026-04-20T01:19:32.826+0000] {logging_mixin.py:190} INFO - [2026-04-20T01:19:32.826+0000] {dag.py:4180} INFO - Setting next_dagrun for example_display_name to None, run_after=None
[2026-04-20T01:19:32.842+0000] {processor.py:208} INFO - Processing /usr/local/python/3.12.1/lib/python3.12/site-packages/airflow/example_dags/example_display_name.py took 0.049 seconds
[2026-04-20T01:20:47.059+0000] {processor.py:186} INFO - Started process (PID=38857) to work on /usr/local/python/3.12.1/lib/python3.12/site-packages/airflow/example_dags/example_display_name.py
[2026-04-20T01:20:47.060+0000] {processor.py:914} INFO - Processing file /usr/local/python/3.12.1/lib/python3.12/site-packages/airflow/example_dags/example_display_name.py for tasks to queue
[2026-04-20T01:20:47.061+0000] {logging_mixin.py:190} INFO - [2026-04-20T01:20:47.061+0000] {dagbag.py:588} INFO - Filling up the DagBag from /usr/local/python/3.12.1/lib/python3.12/site-packages/airflow/example_dags/example_display_name.py
[2026-04-20T01:20:47.067+0000] {processor.py:925} INFO - DAG(s) 'example_display_name' retrieved from /usr/local/python/3.12.1/lib/python3.12/site-packages/airflow/example_dags/example_display_name.py
[2026-04-20T01:20:47.078+0000] {logging_mixin.py:190} INFO - [2026-04-20T01:20:47.078+0000] {dag.py:3239} INFO - Sync 1 DAGs
[2026-04-20T01:20:47.088+0000] {logging_mixin.py:190} INFO - [2026-04-20T01:20:47.088+0000] {dag.py:4180} INFO - Setting next_dagrun for example_display_name to None, run_after=None
[2026-04-20T01:20:47.105+0000] {processor.py:208} INFO - Processing /usr/local/python/3.12.1/lib/python3.12/site-packages/airflow/example_dags/example_display_name.py took 0.050 seconds
[2026-04-20T01:22:02.019+0000] {processor.py:186} INFO - Started process (PID=39616) to work on /usr/local/python/3.12.1/lib/python3.12/site-packages/airflow/example_dags/example_display_name.py
[2026-04-20T01:22:02.020+0000] {processor.py:914} INFO - Processing file /usr/local/python/3.12.1/lib/python3.12/site-packages/airflow/example_dags/example_display_name.py for tasks to queue
[2026-04-20T01:22:02.021+0000] {logging_mixin.py:190} INFO - [2026-04-20T01:22:02.020+0000] {dagbag.py:588} INFO - Filling up the DagBag from /usr/local/python/3.12.1/lib/python3.12/site-packages/airflow/example_dags/example_display_name.py
[2026-04-20T01:22:02.027+0000] {processor.py:925} INFO - DAG(s) 'example_display_name' retrieved from /usr/local/python/3.12.1/lib/python3.12/site-packages/airflow/example_dags/example_display_name.py
[2026-04-20T01:22:02.038+0000] {logging_mixin.py:190} INFO - [2026-04-20T01:22:02.038+0000] {dag.py:3239} INFO - Sync 1 DAGs
[2026-04-20T01:22:02.049+0000] {logging_mixin.py:190} INFO - [2026-04-20T01:22:02.048+0000] {dag.py:4180} INFO - Setting next_dagrun for example_display_name to None, run_after=None
[2026-04-20T01:22:02.065+0000] {processor.py:208} INFO - Processing /usr/local/python/3.12.1/lib/python3.12/site-packages/airflow/example_dags/example_display_name.py took 0.050 seconds
[2026-04-20T01:23:15.264+0000] {processor.py:186} INFO - Started process (PID=40355) to work on /usr/local/python/3.12.1/lib/python3.12/site-packages/airflow/example_dags/example_display_name.py
[2026-04-20T01:23:15.265+0000] {processor.py:914} INFO - Processing file /usr/local/python/3.12.1/lib/python3.12/site-packages/airflow/example_dags/example_display_name.py for tasks to queue
[2026-04-20T01:23:15.266+0000] {logging_mixin.py:190} INFO - [2026-04-20T01:23:15.266+0000] {dagbag.py:588} INFO - Filling up the DagBag from /usr/local/python/3.12.1/lib/python3.12/site-packages/airflow/example_dags/example_display_name.py
[2026-04-20T01:23:15.273+0000] {processor.py:925} INFO - DAG(s) 'example_display_name' retrieved from /usr/local/python/3.12.1/lib/python3.12/site-packages/airflow/example_dags/example_display_name.py
[2026-04-20T01:23:15.285+0000] {logging_mixin.py:190} INFO - [2026-04-20T01:23:15.284+0000] {dag.py:3239} INFO - Sync 1 DAGs
[2026-04-20T01:23:15.295+0000] {logging_mixin.py:190} INFO - [2026-04-20T01:23:15.295+0000] {dag.py:4180} INFO - Setting next_dagrun for example_display_name to None, run_after=None
[2026-04-20T01:23:15.312+0000] {processor.py:208} INFO - Processing /usr/local/python/3.12.1/lib/python3.12/site-packages/airflow/example_dags/example_display_name.py took 0.052 seconds
[2026-04-20T01:24:34.584+0000] {processor.py:186} INFO - Started process (PID=41213) to work on /usr/local/python/3.12.1/lib/python3.12/site-packages/airflow/example_dags/example_display_name.py
[2026-04-20T01:24:34.584+0000] {processor.py:914} INFO - Processing file /usr/local/python/3.12.1/lib/python3.12/site-packages/airflow/example_dags/example_display_name.py for tasks to queue
[2026-04-20T01:24:34.585+0000] {logging_mixin.py:190} INFO - [2026-04-20T01:24:34.585+0000] {dagbag.py:588} INFO - Filling up the DagBag from /usr/local/python/3.12.1/lib/python3.12/site-packages/airflow/example_dags/example_display_name.py
[2026-04-20T01:24:34.592+0000] {processor.py:925} INFO - DAG(s) 'example_display_name' retrieved from /usr/local/python/3.12.1/lib/python3.12/site-packages/airflow/example_dags/example_display_name.py
[2026-04-20T01:24:34.603+0000] {logging_mixin.py:190} INFO - [2026-04-20T01:24:34.603+0000] {dag.py:3239} INFO - Sync 1 DAGs
[2026-04-20T01:24:34.613+0000] {logging_mixin.py:190} INFO - [2026-04-20T01:24:34.613+0000] {dag.py:4180} INFO - Setting next_dagrun for example_display_name to None, run_after=None
[2026-04-20T01:24:34.630+0000] {processor.py:208} INFO - Processing /usr/local/python/3.12.1/lib/python3.12/site-packages/airflow/example_dags/example_display_name.py took 0.055 seconds
[2026-04-20T01:25:45.379+0000] {processor.py:186} INFO - Started process (PID=41881) to work on /usr/local/python/3.12.1/lib/python3.12/site-packages/airflow/example_dags/example_display_name.py
[2026-04-20T01:25:45.380+0000] {processor.py:914} INFO - Processing file /usr/local/python/3.12.1/lib/python3.12/site-packages/airflow/example_dags/example_display_name.py for tasks to queue
[2026-04-20T01:25:45.381+0000] {logging_mixin.py:190} INFO - [2026-04-20T01:25:45.381+0000] {dagbag.py:588} INFO - Filling up the DagBag from /usr/local/python/3.12.1/lib/python3.12/site-packages/airflow/example_dags/example_display_name.py
[2026-04-20T01:25:45.388+0000] {processor.py:925} INFO - DAG(s) 'example_display_name' retrieved from /usr/local/python/3.12.1/lib/python3.12/site-packages/airflow/example_dags/example_display_name.py
[2026-04-20T01:25:45.400+0000] {logging_mixin.py:190} INFO - [2026-04-20T01:25:45.400+0000] {dag.py:3239} INFO - Sync 1 DAGs
[2026-04-20T01:25:45.410+0000] {logging_mixin.py:190} INFO - [2026-04-20T01:25:45.410+0000] {dag.py:4180} INFO - Setting next_dagrun for example_display_name to None, run_after=None
[2026-04-20T01:25:45.426+0000] {processor.py:208} INFO - Processing /usr/local/python/3.12.1/lib/python3.12/site-packages/airflow/example_dags/example_display_name.py took 0.053 seconds
[2026-04-20T01:27:06.236+0000] {processor.py:186} INFO - Started process (PID=42740) to work on /usr/local/python/3.12.1/lib/python3.12/site-packages/airflow/example_dags/example_display_name.py
[2026-04-20T01:27:06.236+0000] {processor.py:914} INFO - Processing file /usr/local/python/3.12.1/lib/python3.12/site-packages/airflow/example_dags/example_display_name.py for tasks to queue
[2026-04-20T01:27:06.237+0000] {logging_mixin.py:190} INFO - [2026-04-20T01:27:06.237+0000] {dagbag.py:588} INFO - Filling up the DagBag from /usr/local/python/3.12.1/lib/python3.12/site-packages/airflow/example_dags/example_display_name.py
[2026-04-20T01:27:06.244+0000] {processor.py:925} INFO - DAG(s) 'example_display_name' retrieved from /usr/local/python/3.12.1/lib/python3.12/site-packages/airflow/example_dags/example_display_name.py
[2026-04-20T01:27:06.255+0000] {logging_mixin.py:190} INFO - [2026-04-20T01:27:06.255+0000] {dag.py:3239} INFO - Sync 1 DAGs
[2026-04-20T01:27:06.266+0000] {logging_mixin.py:190} INFO - [2026-04-20T01:27:06.266+0000] {dag.py:4180} INFO - Setting next_dagrun for example_display_name to None, run_after=None
[2026-04-20T01:27:06.285+0000] {processor.py:208} INFO - Processing /usr/local/python/3.12.1/lib/python3.12/site-packages/airflow/example_dags/example_display_name.py took 0.054 seconds
[2026-04-20T01:28:25.084+0000] {processor.py:186} INFO - Started process (PID=43541) to work on /usr/local/python/3.12.1/lib/python3.12/site-packages/airflow/example_dags/example_display_name.py
[2026-04-20T01:28:25.084+0000] {processor.py:914} INFO - Processing file /usr/local/python/3.12.1/lib/python3.12/site-packages/airflow/example_dags/example_display_name.py for tasks to queue
[2026-04-20T01:28:25.086+0000] {logging_mixin.py:190} INFO - [2026-04-20T01:28:25.085+0000] {dagbag.py:588} INFO - Filling up the DagBag from /usr/local/python/3.12.1/lib/python3.12/site-packages/airflow/example_dags/example_display_name.py
[2026-04-20T01:28:25.093+0000] {processor.py:925} INFO - DAG(s) 'example_display_name' retrieved from /usr/local/python/3.12.1/lib/python3.12/site-packages/airflow/example_dags/example_display_name.py
[2026-04-20T01:28:25.105+0000] {logging_mixin.py:190} INFO - [2026-04-20T01:28:25.105+0000] {dag.py:3239} INFO - Sync 1 DAGs
[2026-04-20T01:28:25.115+0000] {logging_mixin.py:190} INFO - [2026-04-20T01:28:25.114+0000] {dag.py:4180} INFO - Setting next_dagrun for example_display_name to None, run_after=None
[2026-04-20T01:28:25.131+0000] {processor.py:208} INFO - Processing /usr/local/python/3.12.1/lib/python3.12/site-packages/airflow/example_dags/example_display_name.py took 0.052 seconds
[2026-04-20T01:29:39.185+0000] {processor.py:186} INFO - Started process (PID=44347) to work on /usr/local/python/3.12.1/lib/python3.12/site-packages/airflow/example_dags/example_display_name.py
[2026-04-20T01:29:39.186+0000] {processor.py:914} INFO - Processing file /usr/local/python/3.12.1/lib/python3.12/site-packages/airflow/example_dags/example_display_name.py for tasks to queue
[2026-04-20T01:29:39.187+0000] {logging_mixin.py:190} INFO - [2026-04-20T01:29:39.187+0000] {dagbag.py:588} INFO - Filling up the DagBag from /usr/local/python/3.12.1/lib/python3.12/site-packages/airflow/example_dags/example_display_name.py
[2026-04-20T01:29:39.194+0000] {processor.py:925} INFO - DAG(s) 'example_display_name' retrieved from /usr/local/python/3.12.1/lib/python3.12/site-packages/airflow/example_dags/example_display_name.py
[2026-04-20T01:29:39.205+0000] {logging_mixin.py:190} INFO - [2026-04-20T01:29:39.205+0000] {dag.py:3239} INFO - Sync 1 DAGs
[2026-04-20T01:29:39.215+0000] {logging_mixin.py:190} INFO - [2026-04-20T01:29:39.215+0000] {dag.py:4180} INFO - Setting next_dagrun for example_display_name to None, run_after=None
[2026-04-20T01:29:39.231+0000] {processor.py:208} INFO - Processing /usr/local/python/3.12.1/lib/python3.12/site-packages/airflow/example_dags/example_display_name.py took 0.053 seconds
[2026-04-20T01:30:57.622+0000] {processor.py:186} INFO - Started process (PID=45116) to work on /usr/local/python/3.12.1/lib/python3.12/site-packages/airflow/example_dags/example_display_name.py
[2026-04-20T01:30:57.623+0000] {processor.py:914} INFO - Processing file /usr/local/python/3.12.1/lib/python3.12/site-packages/airflow/example_dags/example_display_name.py for tasks to queue
[2026-04-20T01:30:57.624+0000] {logging_mixin.py:190} INFO - [2026-04-20T01:30:57.623+0000] {dagbag.py:588} INFO - Filling up the DagBag from /usr/local/python/3.12.1/lib/python3.12/site-packages/airflow/example_dags/example_display_name.py
[2026-04-20T01:30:57.630+0000] {processor.py:925} INFO - DAG(s) 'example_display_name' retrieved from /usr/local/python/3.12.1/lib/python3.12/site-packages/airflow/example_dags/example_display_name.py
[2026-04-20T01:30:57.641+0000] {logging_mixin.py:190} INFO - [2026-04-20T01:30:57.640+0000] {dag.py:3239} INFO - Sync 1 DAGs
[2026-04-20T01:30:57.651+0000] {logging_mixin.py:190} INFO - [2026-04-20T01:30:57.650+0000] {dag.py:4180} INFO - Setting next_dagrun for example_display_name to None, run_after=None
[2026-04-20T01:30:57.667+0000] {processor.py:208} INFO - Processing /usr/local/python/3.12.1/lib/python3.12/site-packages/airflow/example_dags/example_display_name.py took 0.049 seconds
[2026-04-20T01:32:17.042+0000] {processor.py:186} INFO - Started process (PID=45971) to work on /usr/local/python/3.12.1/lib/python3.12/site-packages/airflow/example_dags/example_display_name.py
[2026-04-20T01:32:17.042+0000] {processor.py:914} INFO - Processing file /usr/local/python/3.12.1/lib/python3.12/site-packages/airflow/example_dags/example_display_name.py for tasks to queue
[2026-04-20T01:32:17.043+0000] {logging_mixin.py:190} INFO - [2026-04-20T01:32:17.043+0000] {dagbag.py:588} INFO - Filling up the DagBag from /usr/local/python/3.12.1/lib/python3.12/site-packages/airflow/example_dags/example_display_name.py
[2026-04-20T01:32:17.049+0000] {processor.py:925} INFO - DAG(s) 'example_display_name' retrieved from /usr/local/python/3.12.1/lib/python3.12/site-packages/airflow/example_dags/example_display_name.py
[2026-04-20T01:32:17.061+0000] {logging_mixin.py:190} INFO - [2026-04-20T01:32:17.061+0000] {dag.py:3239} INFO - Sync 1 DAGs
[2026-04-20T01:32:17.073+0000] {logging_mixin.py:190} INFO - [2026-04-20T01:32:17.073+0000] {dag.py:4180} INFO - Setting next_dagrun for example_display_name to None, run_after=None
[2026-04-20T01:32:17.093+0000] {processor.py:208} INFO - Processing /usr/local/python/3.12.1/lib/python3.12/site-packages/airflow/example_dags/example_display_name.py took 0.056 seconds
[2026-04-20T01:33:32.931+0000] {processor.py:186} INFO - Started process (PID=46748) to work on /usr/local/python/3.12.1/lib/python3.12/site-packages/airflow/example_dags/example_display_name.py
[2026-04-20T01:33:32.932+0000] {processor.py:914} INFO - Processing file /usr/local/python/3.12.1/lib/python3.12/site-packages/airflow/example_dags/example_display_name.py for tasks to queue
[2026-04-20T01:33:32.933+0000] {logging_mixin.py:190} INFO - [2026-04-20T01:33:32.933+0000] {dagbag.py:588} INFO - Filling up the DagBag from /usr/local/python/3.12.1/lib/python3.12/site-packages/airflow/example_dags/example_display_name.py
[2026-04-20T01:33:32.954+0000] {processor.py:925} INFO - DAG(s) 'example_display_name' retrieved from /usr/local/python/3.12.1/lib/python3.12/site-packages/airflow/example_dags/example_display_name.py
[2026-04-20T01:33:32.982+0000] {logging_mixin.py:190} INFO - [2026-04-20T01:33:32.982+0000] {dag.py:3239} INFO - Sync 1 DAGs
[2026-04-20T01:33:33.003+0000] {logging_mixin.py:190} INFO - [2026-04-20T01:33:33.003+0000] {dag.py:4180} INFO - Setting next_dagrun for example_display_name to None, run_after=None
[2026-04-20T01:33:33.035+0000] {processor.py:208} INFO - Processing /usr/local/python/3.12.1/lib/python3.12/site-packages/airflow/example_dags/example_display_name.py took 0.115 seconds
[2026-04-20T01:34:55.722+0000] {processor.py:186} INFO - Started process (PID=47620) to work on /usr/local/python/3.12.1/lib/python3.12/site-packages/airflow/example_dags/example_display_name.py
[2026-04-20T01:34:55.722+0000] {processor.py:914} INFO - Processing file /usr/local/python/3.12.1/lib/python3.12/site-packages/airflow/example_dags/example_display_name.py for tasks to queue
[2026-04-20T01:34:55.723+0000] {logging_mixin.py:190} INFO - [2026-04-20T01:34:55.723+0000] {dagbag.py:588} INFO - Filling up the DagBag from /usr/local/python/3.12.1/lib/python3.12/site-packages/airflow/example_dags/example_display_name.py
[2026-04-20T01:34:55.729+0000] {processor.py:925} INFO - DAG(s) 'example_display_name' retrieved from /usr/local/python/3.12.1/lib/python3.12/site-packages/airflow/example_dags/example_display_name.py
[2026-04-20T01:34:55.741+0000] {logging_mixin.py:190} INFO - [2026-04-20T01:34:55.740+0000] {dag.py:3239} INFO - Sync 1 DAGs
[2026-04-20T01:34:55.752+0000] {logging_mixin.py:190} INFO - [2026-04-20T01:34:55.752+0000] {dag.py:4180} INFO - Setting next_dagrun for example_display_name to None, run_after=None
[2026-04-20T01:34:55.770+0000] {processor.py:208} INFO - Processing /usr/local/python/3.12.1/lib/python3.12/site-packages/airflow/example_dags/example_display_name.py took 0.053 seconds
[2026-04-20T01:36:10.659+0000] {processor.py:186} INFO - Started process (PID=48434) to work on /usr/local/python/3.12.1/lib/python3.12/site-packages/airflow/example_dags/example_display_name.py
[2026-04-20T01:36:10.660+0000] {processor.py:914} INFO - Processing file /usr/local/python/3.12.1/lib/python3.12/site-packages/airflow/example_dags/example_display_name.py for tasks to queue
[2026-04-20T01:36:10.661+0000] {logging_mixin.py:190} INFO - [2026-04-20T01:36:10.661+0000] {dagbag.py:588} INFO - Filling up the DagBag from /usr/local/python/3.12.1/lib/python3.12/site-packages/airflow/example_dags/example_display_name.py
[2026-04-20T01:36:10.668+0000] {processor.py:925} INFO - DAG(s) 'example_display_name' retrieved from /usr/local/python/3.12.1/lib/python3.12/site-packages/airflow/example_dags/example_display_name.py
[2026-04-20T01:36:10.683+0000] {logging_mixin.py:190} INFO - [2026-04-20T01:36:10.683+0000] {dag.py:3239} INFO - Sync 1 DAGs
[2026-04-20T01:36:10.694+0000] {logging_mixin.py:190} INFO - [2026-04-20T01:36:10.694+0000] {dag.py:4180} INFO - Setting next_dagrun for example_display_name to None, run_after=None
[2026-04-20T01:36:10.711+0000] {processor.py:208} INFO - Processing /usr/local/python/3.12.1/lib/python3.12/site-packages/airflow/example_dags/example_display_name.py took 0.056 seconds
[2026-04-20T01:37:31.464+0000] {processor.py:186} INFO - Started process (PID=49232) to work on /usr/local/python/3.12.1/lib/python3.12/site-packages/airflow/example_dags/example_display_name.py
[2026-04-20T01:37:31.464+0000] {processor.py:914} INFO - Processing file /usr/local/python/3.12.1/lib/python3.12/site-packages/airflow/example_dags/example_display_name.py for tasks to queue
[2026-04-20T01:37:31.465+0000] {logging_mixin.py:190} INFO - [2026-04-20T01:37:31.465+0000] {dagbag.py:588} INFO - Filling up the DagBag from /usr/local/python/3.12.1/lib/python3.12/site-packages/airflow/example_dags/example_display_name.py
[2026-04-20T01:37:31.473+0000] {processor.py:925} INFO - DAG(s) 'example_display_name' retrieved from /usr/local/python/3.12.1/lib/python3.12/site-packages/airflow/example_dags/example_display_name.py
[2026-04-20T01:37:31.486+0000] {logging_mixin.py:190} INFO - [2026-04-20T01:37:31.485+0000] {dag.py:3239} INFO - Sync 1 DAGs
[2026-04-20T01:37:31.496+0000] {logging_mixin.py:190} INFO - [2026-04-20T01:37:31.495+0000] {dag.py:4180} INFO - Setting next_dagrun for example_display_name to None, run_after=None
[2026-04-20T01:37:31.512+0000] {processor.py:208} INFO - Processing /usr/local/python/3.12.1/lib/python3.12/site-packages/airflow/example_dags/example_display_name.py took 0.053 seconds
[2026-04-20T01:38:50.497+0000] {processor.py:186} INFO - Started process (PID=50025) to work on /usr/local/python/3.12.1/lib/python3.12/site-packages/airflow/example_dags/example_display_name.py
[2026-04-20T01:38:50.498+0000] {processor.py:914} INFO - Processing file /usr/local/python/3.12.1/lib/python3.12/site-packages/airflow/example_dags/example_display_name.py for tasks to queue
[2026-04-20T01:38:50.499+0000] {logging_mixin.py:190} INFO - [2026-04-20T01:38:50.498+0000] {dagbag.py:588} INFO - Filling up the DagBag from /usr/local/python/3.12.1/lib/python3.12/site-packages/airflow/example_dags/example_display_name.py
[2026-04-20T01:38:50.505+0000] {processor.py:925} INFO - DAG(s) 'example_display_name' retrieved from /usr/local/python/3.12.1/lib/python3.12/site-packages/airflow/example_dags/example_display_name.py
[2026-04-20T01:38:50.516+0000] {logging_mixin.py:190} INFO - [2026-04-20T01:38:50.516+0000] {dag.py:3239} INFO - Sync 1 DAGs
[2026-04-20T01:38:50.526+0000] {logging_mixin.py:190} INFO - [2026-04-20T01:38:50.526+0000] {dag.py:4180} INFO - Setting next_dagrun for example_display_name to None, run_after=None
[2026-04-20T01:38:50.543+0000] {processor.py:208} INFO - Processing /usr/local/python/3.12.1/lib/python3.12/site-packages/airflow/example_dags/example_display_name.py took 0.050 seconds
[2026-04-20T01:40:05.622+0000] {processor.py:186} INFO - Started process (PID=50867) to work on /usr/local/python/3.12.1/lib/python3.12/site-packages/airflow/example_dags/example_display_name.py
[2026-04-20T01:40:05.623+0000] {processor.py:914} INFO - Processing file /usr/local/python/3.12.1/lib/python3.12/site-packages/airflow/example_dags/example_display_name.py for tasks to queue
[2026-04-20T01:40:05.624+0000] {logging_mixin.py:190} INFO - [2026-04-20T01:40:05.624+0000] {dagbag.py:588} INFO - Filling up the DagBag from /usr/local/python/3.12.1/lib/python3.12/site-packages/airflow/example_dags/example_display_name.py
[2026-04-20T01:40:05.630+0000] {processor.py:925} INFO - DAG(s) 'example_display_name' retrieved from /usr/local/python/3.12.1/lib/python3.12/site-packages/airflow/example_dags/example_display_name.py
[2026-04-20T01:40:05.642+0000] {logging_mixin.py:190} INFO - [2026-04-20T01:40:05.642+0000] {dag.py:3239} INFO - Sync 1 DAGs
[2026-04-20T01:40:05.652+0000] {logging_mixin.py:190} INFO - [2026-04-20T01:40:05.652+0000] {dag.py:4180} INFO - Setting next_dagrun for example_display_name to None, run_after=None
[2026-04-20T01:40:05.669+0000] {processor.py:208} INFO - Processing /usr/local/python/3.12.1/lib/python3.12/site-packages/airflow/example_dags/example_display_name.py took 0.050 seconds
[2026-04-20T01:41:14.891+0000] {processor.py:186} INFO - Started process (PID=51571) to work on /usr/local/python/3.12.1/lib/python3.12/site-packages/airflow/example_dags/example_display_name.py
[2026-04-20T01:41:14.892+0000] {processor.py:914} INFO - Processing file /usr/local/python/3.12.1/lib/python3.12/site-packages/airflow/example_dags/example_display_name.py for tasks to queue
[2026-04-20T01:41:14.893+0000] {logging_mixin.py:190} INFO - [2026-04-20T01:41:14.892+0000] {dagbag.py:588} INFO - Filling up the DagBag from /usr/local/python/3.12.1/lib/python3.12/site-packages/airflow/example_dags/example_display_name.py
[2026-04-20T01:41:14.899+0000] {processor.py:925} INFO - DAG(s) 'example_display_name' retrieved from /usr/local/python/3.12.1/lib/python3.12/site-packages/airflow/example_dags/example_display_name.py
[2026-04-20T01:41:14.910+0000] {logging_mixin.py:190} INFO - [2026-04-20T01:41:14.910+0000] {dag.py:3239} INFO - Sync 1 DAGs
[2026-04-20T01:41:14.920+0000] {logging_mixin.py:190} INFO - [2026-04-20T01:41:14.920+0000] {dag.py:4180} INFO - Setting next_dagrun for example_display_name to None, run_after=None
[2026-04-20T01:41:14.936+0000] {processor.py:208} INFO - Processing /usr/local/python/3.12.1/lib/python3.12/site-packages/airflow/example_dags/example_display_name.py took 0.049 seconds
[2026-04-20T01:42:33.742+0000] {processor.py:186} INFO - Started process (PID=52361) to work on /usr/local/python/3.12.1/lib/python3.12/site-packages/airflow/example_dags/example_display_name.py
[2026-04-20T01:42:33.743+0000] {processor.py:914} INFO - Processing file /usr/local/python/3.12.1/lib/python3.12/site-packages/airflow/example_dags/example_display_name.py for tasks to queue
[2026-04-20T01:42:33.744+0000] {logging_mixin.py:190} INFO - [2026-04-20T01:42:33.744+0000] {dagbag.py:588} INFO - Filling up the DagBag from /usr/local/python/3.12.1/lib/python3.12/site-packages/airflow/example_dags/example_display_name.py
[2026-04-20T01:42:33.750+0000] {processor.py:925} INFO - DAG(s) 'example_display_name' retrieved from /usr/local/python/3.12.1/lib/python3.12/site-packages/airflow/example_dags/example_display_name.py
[2026-04-20T01:42:33.761+0000] {logging_mixin.py:190} INFO - [2026-04-20T01:42:33.761+0000] {dag.py:3239} INFO - Sync 1 DAGs
[2026-04-20T01:42:33.774+0000] {logging_mixin.py:190} INFO - [2026-04-20T01:42:33.773+0000] {dag.py:4180} INFO - Setting next_dagrun for example_display_name to None, run_after=None
[2026-04-20T01:42:33.792+0000] {processor.py:208} INFO - Processing /usr/local/python/3.12.1/lib/python3.12/site-packages/airflow/example_dags/example_display_name.py took 0.054 seconds
[2026-04-20T01:43:54.714+0000] {processor.py:186} INFO - Started process (PID=53162) to work on /usr/local/python/3.12.1/lib/python3.12/site-packages/airflow/example_dags/example_display_name.py
[2026-04-20T01:43:54.715+0000] {processor.py:914} INFO - Processing file /usr/local/python/3.12.1/lib/python3.12/site-packages/airflow/example_dags/example_display_name.py for tasks to queue
[2026-04-20T01:43:54.716+0000] {logging_mixin.py:190} INFO - [2026-04-20T01:43:54.716+0000] {dagbag.py:588} INFO - Filling up the DagBag from /usr/local/python/3.12.1/lib/python3.12/site-packages/airflow/example_dags/example_display_name.py
[2026-04-20T01:43:54.722+0000] {processor.py:925} INFO - DAG(s) 'example_display_name' retrieved from /usr/local/python/3.12.1/lib/python3.12/site-packages/airflow/example_dags/example_display_name.py
[2026-04-20T01:43:54.733+0000] {logging_mixin.py:190} INFO - [2026-04-20T01:43:54.733+0000] {dag.py:3239} INFO - Sync 1 DAGs
[2026-04-20T01:43:54.743+0000] {logging_mixin.py:190} INFO - [2026-04-20T01:43:54.743+0000] {dag.py:4180} INFO - Setting next_dagrun for example_display_name to None, run_after=None
[2026-04-20T01:43:54.759+0000] {processor.py:208} INFO - Processing /usr/local/python/3.12.1/lib/python3.12/site-packages/airflow/example_dags/example_display_name.py took 0.049 seconds
[2026-04-20T01:45:11.101+0000] {processor.py:186} INFO - Started process (PID=54052) to work on /usr/local/python/3.12.1/lib/python3.12/site-packages/airflow/example_dags/example_display_name.py
[2026-04-20T01:45:11.102+0000] {processor.py:914} INFO - Processing file /usr/local/python/3.12.1/lib/python3.12/site-packages/airflow/example_dags/example_display_name.py for tasks to queue
[2026-04-20T01:45:11.103+0000] {logging_mixin.py:190} INFO - [2026-04-20T01:45:11.103+0000] {dagbag.py:588} INFO - Filling up the DagBag from /usr/local/python/3.12.1/lib/python3.12/site-packages/airflow/example_dags/example_display_name.py
[2026-04-20T01:45:11.109+0000] {processor.py:925} INFO - DAG(s) 'example_display_name' retrieved from /usr/local/python/3.12.1/lib/python3.12/site-packages/airflow/example_dags/example_display_name.py
[2026-04-20T01:45:11.120+0000] {logging_mixin.py:190} INFO - [2026-04-20T01:45:11.120+0000] {dag.py:3239} INFO - Sync 1 DAGs
[2026-04-20T01:45:11.131+0000] {logging_mixin.py:190} INFO - [2026-04-20T01:45:11.130+0000] {dag.py:4180} INFO - Setting next_dagrun for example_display_name to None, run_after=None
[2026-04-20T01:45:11.146+0000] {processor.py:208} INFO - Processing /usr/local/python/3.12.1/lib/python3.12/site-packages/airflow/example_dags/example_display_name.py took 0.051 seconds
[2026-04-20T01:46:33.642+0000] {processor.py:186} INFO - Started process (PID=54861) to work on /usr/local/python/3.12.1/lib/python3.12/site-packages/airflow/example_dags/example_display_name.py
[2026-04-20T01:46:33.643+0000] {processor.py:914} INFO - Processing file /usr/local/python/3.12.1/lib/python3.12/site-packages/airflow/example_dags/example_display_name.py for tasks to queue
[2026-04-20T01:46:33.644+0000] {logging_mixin.py:190} INFO - [2026-04-20T01:46:33.643+0000] {dagbag.py:588} INFO - Filling up the DagBag from /usr/local/python/3.12.1/lib/python3.12/site-packages/airflow/example_dags/example_display_name.py
[2026-04-20T01:46:33.650+0000] {processor.py:925} INFO - DAG(s) 'example_display_name' retrieved from /usr/local/python/3.12.1/lib/python3.12/site-packages/airflow/example_dags/example_display_name.py
[2026-04-20T01:46:33.661+0000] {logging_mixin.py:190} INFO - [2026-04-20T01:46:33.661+0000] {dag.py:3239} INFO - Sync 1 DAGs
[2026-04-20T01:46:33.675+0000] {logging_mixin.py:190} INFO - [2026-04-20T01:46:33.675+0000] {dag.py:4180} INFO - Setting next_dagrun for example_display_name to None, run_after=None
[2026-04-20T01:46:33.693+0000] {processor.py:208} INFO - Processing /usr/local/python/3.12.1/lib/python3.12/site-packages/airflow/example_dags/example_display_name.py took 0.056 seconds
[2026-04-20T01:48:01.158+0000] {processor.py:186} INFO - Started process (PID=55718) to work on /usr/local/python/3.12.1/lib/python3.12/site-packages/airflow/example_dags/example_display_name.py
[2026-04-20T01:48:01.158+0000] {processor.py:914} INFO - Processing file /usr/local/python/3.12.1/lib/python3.12/site-packages/airflow/example_dags/example_display_name.py for tasks to queue
[2026-04-20T01:48:01.159+0000] {logging_mixin.py:190} INFO - [2026-04-20T01:48:01.159+0000] {dagbag.py:588} INFO - Filling up the DagBag from /usr/local/python/3.12.1/lib/python3.12/site-packages/airflow/example_dags/example_display_name.py
[2026-04-20T01:48:01.166+0000] {processor.py:925} INFO - DAG(s) 'example_display_name' retrieved from /usr/local/python/3.12.1/lib/python3.12/site-packages/airflow/example_dags/example_display_name.py
[2026-04-20T01:48:01.181+0000] {logging_mixin.py:190} INFO - [2026-04-20T01:48:01.181+0000] {dag.py:3239} INFO - Sync 1 DAGs
[2026-04-20T01:48:01.306+0000] {logging_mixin.py:190} INFO - [2026-04-20T01:48:01.306+0000] {dag.py:4180} INFO - Setting next_dagrun for example_display_name to None, run_after=None
[2026-04-20T01:48:01.322+0000] {processor.py:208} INFO - Processing /usr/local/python/3.12.1/lib/python3.12/site-packages/airflow/example_dags/example_display_name.py took 0.170 seconds
[2026-04-20T01:49:20.030+0000] {processor.py:186} INFO - Started process (PID=56566) to work on /usr/local/python/3.12.1/lib/python3.12/site-packages/airflow/example_dags/example_display_name.py
[2026-04-20T01:49:20.031+0000] {processor.py:914} INFO - Processing file /usr/local/python/3.12.1/lib/python3.12/site-packages/airflow/example_dags/example_display_name.py for tasks to queue
[2026-04-20T01:49:20.032+0000] {logging_mixin.py:190} INFO - [2026-04-20T01:49:20.032+0000] {dagbag.py:588} INFO - Filling up the DagBag from /usr/local/python/3.12.1/lib/python3.12/site-packages/airflow/example_dags/example_display_name.py
[2026-04-20T01:49:20.038+0000] {processor.py:925} INFO - DAG(s) 'example_display_name' retrieved from /usr/local/python/3.12.1/lib/python3.12/site-packages/airflow/example_dags/example_display_name.py
[2026-04-20T01:49:20.054+0000] {logging_mixin.py:190} INFO - [2026-04-20T01:49:20.054+0000] {dag.py:3239} INFO - Sync 1 DAGs
[2026-04-20T01:49:20.065+0000] {logging_mixin.py:190} INFO - [2026-04-20T01:49:20.065+0000] {dag.py:4180} INFO - Setting next_dagrun for example_display_name to None, run_after=None
[2026-04-20T01:49:20.085+0000] {processor.py:208} INFO - Processing /usr/local/python/3.12.1/lib/python3.12/site-packages/airflow/example_dags/example_display_name.py took 0.059 seconds
[2026-04-20T01:50:49.880+0000] {processor.py:186} INFO - Started process (PID=57436) to work on /usr/local/python/3.12.1/lib/python3.12/site-packages/airflow/example_dags/example_display_name.py
[2026-04-20T01:50:49.882+0000] {processor.py:914} INFO - Processing file /usr/local/python/3.12.1/lib/python3.12/site-packages/airflow/example_dags/example_display_name.py for tasks to queue
[2026-04-20T01:50:49.883+0000] {logging_mixin.py:190} INFO - [2026-04-20T01:50:49.882+0000] {dagbag.py:588} INFO - Filling up the DagBag from /usr/local/python/3.12.1/lib/python3.12/site-packages/airflow/example_dags/example_display_name.py
[2026-04-20T01:50:49.890+0000] {processor.py:925} INFO - DAG(s) 'example_display_name' retrieved from /usr/local/python/3.12.1/lib/python3.12/site-packages/airflow/example_dags/example_display_name.py
[2026-04-20T01:50:49.901+0000] {logging_mixin.py:190} INFO - [2026-04-20T01:50:49.901+0000] {dag.py:3239} INFO - Sync 1 DAGs
[2026-04-20T01:50:49.911+0000] {logging_mixin.py:190} INFO - [2026-04-20T01:50:49.911+0000] {dag.py:4180} INFO - Setting next_dagrun for example_display_name to None, run_after=None
[2026-04-20T01:50:49.927+0000] {processor.py:208} INFO - Processing /usr/local/python/3.12.1/lib/python3.12/site-packages/airflow/example_dags/example_display_name.py took 0.053 seconds
[2026-04-20T01:52:16.532+0000] {processor.py:186} INFO - Started process (PID=58392) to work on /usr/local/python/3.12.1/lib/python3.12/site-packages/airflow/example_dags/example_display_name.py
[2026-04-20T01:52:16.534+0000] {processor.py:914} INFO - Processing file /usr/local/python/3.12.1/lib/python3.12/site-packages/airflow/example_dags/example_display_name.py for tasks to queue
[2026-04-20T01:52:16.535+0000] {logging_mixin.py:190} INFO - [2026-04-20T01:52:16.535+0000] {dagbag.py:588} INFO - Filling up the DagBag from /usr/local/python/3.12.1/lib/python3.12/site-packages/airflow/example_dags/example_display_name.py
[2026-04-20T01:52:16.551+0000] {processor.py:925} INFO - DAG(s) 'example_display_name' retrieved from /usr/local/python/3.12.1/lib/python3.12/site-packages/airflow/example_dags/example_display_name.py
[2026-04-20T01:52:16.699+0000] {logging_mixin.py:190} INFO - [2026-04-20T01:52:16.699+0000] {dag.py:3239} INFO - Sync 1 DAGs
[2026-04-20T01:52:16.713+0000] {logging_mixin.py:190} INFO - [2026-04-20T01:52:16.712+0000] {dag.py:4180} INFO - Setting next_dagrun for example_display_name to None, run_after=None
[2026-04-20T01:52:16.735+0000] {processor.py:208} INFO - Processing /usr/local/python/3.12.1/lib/python3.12/site-packages/airflow/example_dags/example_display_name.py took 0.211 seconds
[2026-04-20T01:53:38.966+0000] {processor.py:186} INFO - Started process (PID=59213) to work on /usr/local/python/3.12.1/lib/python3.12/site-packages/airflow/example_dags/example_display_name.py
[2026-04-20T01:53:38.967+0000] {processor.py:914} INFO - Processing file /usr/local/python/3.12.1/lib/python3.12/site-packages/airflow/example_dags/example_display_name.py for tasks to queue
[2026-04-20T01:53:38.968+0000] {logging_mixin.py:190} INFO - [2026-04-20T01:53:38.968+0000] {dagbag.py:588} INFO - Filling up the DagBag from /usr/local/python/3.12.1/lib/python3.12/site-packages/airflow/example_dags/example_display_name.py
[2026-04-20T01:53:38.976+0000] {processor.py:925} INFO - DAG(s) 'example_display_name' retrieved from /usr/local/python/3.12.1/lib/python3.12/site-packages/airflow/example_dags/example_display_name.py
[2026-04-20T01:53:38.990+0000] {logging_mixin.py:190} INFO - [2026-04-20T01:53:38.990+0000] {dag.py:3239} INFO - Sync 1 DAGs
[2026-04-20T01:53:39.000+0000] {logging_mixin.py:190} INFO - [2026-04-20T01:53:39.000+0000] {dag.py:4180} INFO - Setting next_dagrun for example_display_name to None, run_after=None
[2026-04-20T01:53:39.016+0000] {processor.py:208} INFO - Processing /usr/local/python/3.12.1/lib/python3.12/site-packages/airflow/example_dags/example_display_name.py took 0.054 seconds
[2026-04-20T01:54:56.415+0000] {processor.py:186} INFO - Started process (PID=60064) to work on /usr/local/python/3.12.1/lib/python3.12/site-packages/airflow/example_dags/example_display_name.py
[2026-04-20T01:54:56.415+0000] {processor.py:914} INFO - Processing file /usr/local/python/3.12.1/lib/python3.12/site-packages/airflow/example_dags/example_display_name.py for tasks to queue
[2026-04-20T01:54:56.417+0000] {logging_mixin.py:190} INFO - [2026-04-20T01:54:56.416+0000] {dagbag.py:588} INFO - Filling up the DagBag from /usr/local/python/3.12.1/lib/python3.12/site-packages/airflow/example_dags/example_display_name.py
[2026-04-20T01:54:56.423+0000] {processor.py:925} INFO - DAG(s) 'example_display_name' retrieved from /usr/local/python/3.12.1/lib/python3.12/site-packages/airflow/example_dags/example_display_name.py
[2026-04-20T01:54:56.435+0000] {logging_mixin.py:190} INFO - [2026-04-20T01:54:56.435+0000] {dag.py:3239} INFO - Sync 1 DAGs
[2026-04-20T01:54:56.445+0000] {logging_mixin.py:190} INFO - [2026-04-20T01:54:56.445+0000] {dag.py:4180} INFO - Setting next_dagrun for example_display_name to None, run_after=None
[2026-04-20T01:54:56.462+0000] {processor.py:208} INFO - Processing /usr/local/python/3.12.1/lib/python3.12/site-packages/airflow/example_dags/example_display_name.py took 0.053 seconds
[2026-04-20T01:56:15.294+0000] {processor.py:186} INFO - Started process (PID=60911) to work on /usr/local/python/3.12.1/lib/python3.12/site-packages/airflow/example_dags/example_display_name.py
[2026-04-20T01:56:15.295+0000] {processor.py:914} INFO - Processing file /usr/local/python/3.12.1/lib/python3.12/site-packages/airflow/example_dags/example_display_name.py for tasks to queue
[2026-04-20T01:56:15.297+0000] {logging_mixin.py:190} INFO - [2026-04-20T01:56:15.296+0000] {dagbag.py:588} INFO - Filling up the DagBag from /usr/local/python/3.12.1/lib/python3.12/site-packages/airflow/example_dags/example_display_name.py
[2026-04-20T01:56:15.312+0000] {processor.py:925} INFO - DAG(s) 'example_display_name' retrieved from /usr/local/python/3.12.1/lib/python3.12/site-packages/airflow/example_dags/example_display_name.py
[2026-04-20T01:56:15.329+0000] {logging_mixin.py:190} INFO - [2026-04-20T01:56:15.329+0000] {dag.py:3239} INFO - Sync 1 DAGs
[2026-04-20T01:56:15.351+0000] {logging_mixin.py:190} INFO - [2026-04-20T01:56:15.350+0000] {dag.py:4180} INFO - Setting next_dagrun for example_display_name to None, run_after=None
[2026-04-20T01:56:15.397+0000] {processor.py:208} INFO - Processing /usr/local/python/3.12.1/lib/python3.12/site-packages/airflow/example_dags/example_display_name.py took 0.115 seconds
[2026-04-20T01:57:29.058+0000] {processor.py:186} INFO - Started process (PID=61666) to work on /usr/local/python/3.12.1/lib/python3.12/site-packages/airflow/example_dags/example_display_name.py
[2026-04-20T01:57:29.059+0000] {processor.py:914} INFO - Processing file /usr/local/python/3.12.1/lib/python3.12/site-packages/airflow/example_dags/example_display_name.py for tasks to queue
[2026-04-20T01:57:29.060+0000] {logging_mixin.py:190} INFO - [2026-04-20T01:57:29.059+0000] {dagbag.py:588} INFO - Filling up the DagBag from /usr/local/python/3.12.1/lib/python3.12/site-packages/airflow/example_dags/example_display_name.py
[2026-04-20T01:57:29.068+0000] {processor.py:925} INFO - DAG(s) 'example_display_name' retrieved from /usr/local/python/3.12.1/lib/python3.12/site-packages/airflow/example_dags/example_display_name.py
[2026-04-20T01:57:29.085+0000] {logging_mixin.py:190} INFO - [2026-04-20T01:57:29.084+0000] {dag.py:3239} INFO - Sync 1 DAGs
[2026-04-20T01:57:29.099+0000] {logging_mixin.py:190} INFO - [2026-04-20T01:57:29.099+0000] {dag.py:4180} INFO - Setting next_dagrun for example_display_name to None, run_after=None
[2026-04-20T01:57:29.116+0000] {processor.py:208} INFO - Processing /usr/local/python/3.12.1/lib/python3.12/site-packages/airflow/example_dags/example_display_name.py took 0.062 seconds
[2026-04-20T14:14:09.772+0000] {processor.py:186} INFO - Started process (PID=7488) to work on /usr/local/python/3.12.1/lib/python3.12/site-packages/airflow/example_dags/example_display_name.py
[2026-04-20T14:14:09.773+0000] {processor.py:914} INFO - Processing file /usr/local/python/3.12.1/lib/python3.12/site-packages/airflow/example_dags/example_display_name.py for tasks to queue
[2026-04-20T14:14:09.777+0000] {logging_mixin.py:190} INFO - [2026-04-20T14:14:09.777+0000] {dagbag.py:588} INFO - Filling up the DagBag from /usr/local/python/3.12.1/lib/python3.12/site-packages/airflow/example_dags/example_display_name.py
[2026-04-20T14:14:09.789+0000] {processor.py:925} INFO - DAG(s) 'example_display_name' retrieved from /usr/local/python/3.12.1/lib/python3.12/site-packages/airflow/example_dags/example_display_name.py
[2026-04-20T14:14:09.801+0000] {logging_mixin.py:190} INFO - [2026-04-20T14:14:09.801+0000] {dag.py:3239} INFO - Sync 1 DAGs
[2026-04-20T14:14:09.811+0000] {logging_mixin.py:190} INFO - [2026-04-20T14:14:09.811+0000] {dag.py:4180} INFO - Setting next_dagrun for example_display_name to None, run_after=None
[2026-04-20T14:14:09.827+0000] {processor.py:208} INFO - Processing /usr/local/python/3.12.1/lib/python3.12/site-packages/airflow/example_dags/example_display_name.py took 0.059 seconds
[2026-04-20T14:15:29.412+0000] {processor.py:186} INFO - Started process (PID=8794) to work on /usr/local/python/3.12.1/lib/python3.12/site-packages/airflow/example_dags/example_display_name.py
[2026-04-20T14:15:29.413+0000] {processor.py:914} INFO - Processing file /usr/local/python/3.12.1/lib/python3.12/site-packages/airflow/example_dags/example_display_name.py for tasks to queue
[2026-04-20T14:15:29.415+0000] {logging_mixin.py:190} INFO - [2026-04-20T14:15:29.414+0000] {dagbag.py:588} INFO - Filling up the DagBag from /usr/local/python/3.12.1/lib/python3.12/site-packages/airflow/example_dags/example_display_name.py
[2026-04-20T14:15:29.421+0000] {processor.py:925} INFO - DAG(s) 'example_display_name' retrieved from /usr/local/python/3.12.1/lib/python3.12/site-packages/airflow/example_dags/example_display_name.py
[2026-04-20T14:15:29.433+0000] {logging_mixin.py:190} INFO - [2026-04-20T14:15:29.433+0000] {dag.py:3239} INFO - Sync 1 DAGs
[2026-04-20T14:15:29.443+0000] {logging_mixin.py:190} INFO - [2026-04-20T14:15:29.443+0000] {dag.py:4180} INFO - Setting next_dagrun for example_display_name to None, run_after=None
[2026-04-20T14:15:29.459+0000] {processor.py:208} INFO - Processing /usr/local/python/3.12.1/lib/python3.12/site-packages/airflow/example_dags/example_display_name.py took 0.052 seconds
