[2026-04-20T00:49:38.002+0000] {processor.py:186} INFO - Started process (PID=16112) to work on /usr/local/python/3.12.1/lib/python3.12/site-packages/airflow/example_dags/example_setup_teardown.py
[2026-04-20T00:49:38.002+0000] {processor.py:914} INFO - Processing file /usr/local/python/3.12.1/lib/python3.12/site-packages/airflow/example_dags/example_setup_teardown.py for tasks to queue
[2026-04-20T00:49:38.004+0000] {logging_mixin.py:190} INFO - [2026-04-20T00:49:38.003+0000] {dagbag.py:588} INFO - Filling up the DagBag from /usr/local/python/3.12.1/lib/python3.12/site-packages/airflow/example_dags/example_setup_teardown.py
[2026-04-20T00:49:38.010+0000] {processor.py:925} INFO - DAG(s) 'example_setup_teardown' retrieved from /usr/local/python/3.12.1/lib/python3.12/site-packages/airflow/example_dags/example_setup_teardown.py
[2026-04-20T00:49:38.024+0000] {logging_mixin.py:190} INFO - [2026-04-20T00:49:38.024+0000] {dag.py:3239} INFO - Sync 1 DAGs
[2026-04-20T00:49:38.035+0000] {logging_mixin.py:190} INFO - [2026-04-20T00:49:38.034+0000] {dag.py:4180} INFO - Setting next_dagrun for example_setup_teardown to None, run_after=None
[2026-04-20T00:49:38.050+0000] {processor.py:208} INFO - Processing /usr/local/python/3.12.1/lib/python3.12/site-packages/airflow/example_dags/example_setup_teardown.py took 0.053 seconds
[2026-04-20T00:50:46.969+0000] {processor.py:186} INFO - Started process (PID=16973) to work on /usr/local/python/3.12.1/lib/python3.12/site-packages/airflow/example_dags/example_setup_teardown.py
[2026-04-20T00:50:46.975+0000] {processor.py:914} INFO - Processing file /usr/local/python/3.12.1/lib/python3.12/site-packages/airflow/example_dags/example_setup_teardown.py for tasks to queue
[2026-04-20T00:50:46.978+0000] {logging_mixin.py:190} INFO - [2026-04-20T00:50:46.978+0000] {dagbag.py:588} INFO - Filling up the DagBag from /usr/local/python/3.12.1/lib/python3.12/site-packages/airflow/example_dags/example_setup_teardown.py
[2026-04-20T00:50:46.989+0000] {processor.py:925} INFO - DAG(s) 'example_setup_teardown' retrieved from /usr/local/python/3.12.1/lib/python3.12/site-packages/airflow/example_dags/example_setup_teardown.py
[2026-04-20T00:50:47.010+0000] {logging_mixin.py:190} INFO - [2026-04-20T00:50:47.010+0000] {dag.py:3239} INFO - Sync 1 DAGs
[2026-04-20T00:50:47.026+0000] {logging_mixin.py:190} INFO - [2026-04-20T00:50:47.026+0000] {dag.py:4180} INFO - Setting next_dagrun for example_setup_teardown to None, run_after=None
[2026-04-20T00:50:47.122+0000] {processor.py:208} INFO - Processing /usr/local/python/3.12.1/lib/python3.12/site-packages/airflow/example_dags/example_setup_teardown.py took 0.160 seconds
[2026-04-20T00:52:01.305+0000] {processor.py:186} INFO - Started process (PID=18447) to work on /usr/local/python/3.12.1/lib/python3.12/site-packages/airflow/example_dags/example_setup_teardown.py
[2026-04-20T00:52:01.306+0000] {processor.py:914} INFO - Processing file /usr/local/python/3.12.1/lib/python3.12/site-packages/airflow/example_dags/example_setup_teardown.py for tasks to queue
[2026-04-20T00:52:01.307+0000] {logging_mixin.py:190} INFO - [2026-04-20T00:52:01.307+0000] {dagbag.py:588} INFO - Filling up the DagBag from /usr/local/python/3.12.1/lib/python3.12/site-packages/airflow/example_dags/example_setup_teardown.py
[2026-04-20T00:52:01.314+0000] {processor.py:925} INFO - DAG(s) 'example_setup_teardown' retrieved from /usr/local/python/3.12.1/lib/python3.12/site-packages/airflow/example_dags/example_setup_teardown.py
[2026-04-20T00:52:01.327+0000] {logging_mixin.py:190} INFO - [2026-04-20T00:52:01.327+0000] {dag.py:3239} INFO - Sync 1 DAGs
[2026-04-20T00:52:01.337+0000] {logging_mixin.py:190} INFO - [2026-04-20T00:52:01.337+0000] {dag.py:4180} INFO - Setting next_dagrun for example_setup_teardown to None, run_after=None
[2026-04-20T00:52:01.353+0000] {processor.py:208} INFO - Processing /usr/local/python/3.12.1/lib/python3.12/site-packages/airflow/example_dags/example_setup_teardown.py took 0.052 seconds
[2026-04-20T00:53:21.857+0000] {processor.py:186} INFO - Started process (PID=19797) to work on /usr/local/python/3.12.1/lib/python3.12/site-packages/airflow/example_dags/example_setup_teardown.py
[2026-04-20T00:53:21.858+0000] {processor.py:914} INFO - Processing file /usr/local/python/3.12.1/lib/python3.12/site-packages/airflow/example_dags/example_setup_teardown.py for tasks to queue
[2026-04-20T00:53:21.859+0000] {logging_mixin.py:190} INFO - [2026-04-20T00:53:21.859+0000] {dagbag.py:588} INFO - Filling up the DagBag from /usr/local/python/3.12.1/lib/python3.12/site-packages/airflow/example_dags/example_setup_teardown.py
[2026-04-20T00:53:21.866+0000] {processor.py:925} INFO - DAG(s) 'example_setup_teardown' retrieved from /usr/local/python/3.12.1/lib/python3.12/site-packages/airflow/example_dags/example_setup_teardown.py
[2026-04-20T00:53:21.878+0000] {logging_mixin.py:190} INFO - [2026-04-20T00:53:21.877+0000] {dag.py:3239} INFO - Sync 1 DAGs
[2026-04-20T00:53:21.887+0000] {logging_mixin.py:190} INFO - [2026-04-20T00:53:21.887+0000] {dag.py:4180} INFO - Setting next_dagrun for example_setup_teardown to None, run_after=None
[2026-04-20T00:53:21.903+0000] {processor.py:208} INFO - Processing /usr/local/python/3.12.1/lib/python3.12/site-packages/airflow/example_dags/example_setup_teardown.py took 0.050 seconds
[2026-04-20T00:54:40.109+0000] {processor.py:186} INFO - Started process (PID=20751) to work on /usr/local/python/3.12.1/lib/python3.12/site-packages/airflow/example_dags/example_setup_teardown.py
[2026-04-20T00:54:40.110+0000] {processor.py:914} INFO - Processing file /usr/local/python/3.12.1/lib/python3.12/site-packages/airflow/example_dags/example_setup_teardown.py for tasks to queue
[2026-04-20T00:54:40.111+0000] {logging_mixin.py:190} INFO - [2026-04-20T00:54:40.111+0000] {dagbag.py:588} INFO - Filling up the DagBag from /usr/local/python/3.12.1/lib/python3.12/site-packages/airflow/example_dags/example_setup_teardown.py
[2026-04-20T00:54:40.117+0000] {processor.py:925} INFO - DAG(s) 'example_setup_teardown' retrieved from /usr/local/python/3.12.1/lib/python3.12/site-packages/airflow/example_dags/example_setup_teardown.py
[2026-04-20T00:54:40.132+0000] {logging_mixin.py:190} INFO - [2026-04-20T00:54:40.131+0000] {dag.py:3239} INFO - Sync 1 DAGs
[2026-04-20T00:54:40.147+0000] {logging_mixin.py:190} INFO - [2026-04-20T00:54:40.146+0000] {dag.py:4180} INFO - Setting next_dagrun for example_setup_teardown to None, run_after=None
[2026-04-20T00:54:40.176+0000] {processor.py:208} INFO - Processing /usr/local/python/3.12.1/lib/python3.12/site-packages/airflow/example_dags/example_setup_teardown.py took 0.071 seconds
[2026-04-20T00:55:52.008+0000] {processor.py:186} INFO - Started process (PID=21493) to work on /usr/local/python/3.12.1/lib/python3.12/site-packages/airflow/example_dags/example_setup_teardown.py
[2026-04-20T00:55:52.009+0000] {processor.py:914} INFO - Processing file /usr/local/python/3.12.1/lib/python3.12/site-packages/airflow/example_dags/example_setup_teardown.py for tasks to queue
[2026-04-20T00:55:52.011+0000] {logging_mixin.py:190} INFO - [2026-04-20T00:55:52.011+0000] {dagbag.py:588} INFO - Filling up the DagBag from /usr/local/python/3.12.1/lib/python3.12/site-packages/airflow/example_dags/example_setup_teardown.py
[2026-04-20T00:55:52.018+0000] {processor.py:925} INFO - DAG(s) 'example_setup_teardown' retrieved from /usr/local/python/3.12.1/lib/python3.12/site-packages/airflow/example_dags/example_setup_teardown.py
[2026-04-20T00:55:52.032+0000] {logging_mixin.py:190} INFO - [2026-04-20T00:55:52.032+0000] {dag.py:3239} INFO - Sync 1 DAGs
[2026-04-20T00:55:52.042+0000] {logging_mixin.py:190} INFO - [2026-04-20T00:55:52.042+0000] {dag.py:4180} INFO - Setting next_dagrun for example_setup_teardown to None, run_after=None
[2026-04-20T00:55:52.059+0000] {processor.py:208} INFO - Processing /usr/local/python/3.12.1/lib/python3.12/site-packages/airflow/example_dags/example_setup_teardown.py took 0.054 seconds
[2026-04-20T00:57:11.422+0000] {processor.py:186} INFO - Started process (PID=22487) to work on /usr/local/python/3.12.1/lib/python3.12/site-packages/airflow/example_dags/example_setup_teardown.py
[2026-04-20T00:57:11.423+0000] {processor.py:914} INFO - Processing file /usr/local/python/3.12.1/lib/python3.12/site-packages/airflow/example_dags/example_setup_teardown.py for tasks to queue
[2026-04-20T00:57:11.424+0000] {logging_mixin.py:190} INFO - [2026-04-20T00:57:11.424+0000] {dagbag.py:588} INFO - Filling up the DagBag from /usr/local/python/3.12.1/lib/python3.12/site-packages/airflow/example_dags/example_setup_teardown.py
[2026-04-20T00:57:11.431+0000] {processor.py:925} INFO - DAG(s) 'example_setup_teardown' retrieved from /usr/local/python/3.12.1/lib/python3.12/site-packages/airflow/example_dags/example_setup_teardown.py
[2026-04-20T00:57:11.443+0000] {logging_mixin.py:190} INFO - [2026-04-20T00:57:11.443+0000] {dag.py:3239} INFO - Sync 1 DAGs
[2026-04-20T00:57:11.453+0000] {logging_mixin.py:190} INFO - [2026-04-20T00:57:11.453+0000] {dag.py:4180} INFO - Setting next_dagrun for example_setup_teardown to None, run_after=None
[2026-04-20T00:57:11.469+0000] {processor.py:208} INFO - Processing /usr/local/python/3.12.1/lib/python3.12/site-packages/airflow/example_dags/example_setup_teardown.py took 0.051 seconds
[2026-04-20T00:58:24.197+0000] {processor.py:186} INFO - Started process (PID=23238) to work on /usr/local/python/3.12.1/lib/python3.12/site-packages/airflow/example_dags/example_setup_teardown.py
[2026-04-20T00:58:24.197+0000] {processor.py:914} INFO - Processing file /usr/local/python/3.12.1/lib/python3.12/site-packages/airflow/example_dags/example_setup_teardown.py for tasks to queue
[2026-04-20T00:58:24.199+0000] {logging_mixin.py:190} INFO - [2026-04-20T00:58:24.199+0000] {dagbag.py:588} INFO - Filling up the DagBag from /usr/local/python/3.12.1/lib/python3.12/site-packages/airflow/example_dags/example_setup_teardown.py
[2026-04-20T00:58:24.205+0000] {processor.py:925} INFO - DAG(s) 'example_setup_teardown' retrieved from /usr/local/python/3.12.1/lib/python3.12/site-packages/airflow/example_dags/example_setup_teardown.py
[2026-04-20T00:58:24.217+0000] {logging_mixin.py:190} INFO - [2026-04-20T00:58:24.217+0000] {dag.py:3239} INFO - Sync 1 DAGs
[2026-04-20T00:58:24.227+0000] {logging_mixin.py:190} INFO - [2026-04-20T00:58:24.227+0000] {dag.py:4180} INFO - Setting next_dagrun for example_setup_teardown to None, run_after=None
[2026-04-20T00:58:24.244+0000] {processor.py:208} INFO - Processing /usr/local/python/3.12.1/lib/python3.12/site-packages/airflow/example_dags/example_setup_teardown.py took 0.052 seconds
[2026-04-20T00:59:46.063+0000] {processor.py:186} INFO - Started process (PID=24308) to work on /usr/local/python/3.12.1/lib/python3.12/site-packages/airflow/example_dags/example_setup_teardown.py
[2026-04-20T00:59:46.064+0000] {processor.py:914} INFO - Processing file /usr/local/python/3.12.1/lib/python3.12/site-packages/airflow/example_dags/example_setup_teardown.py for tasks to queue
[2026-04-20T00:59:46.066+0000] {logging_mixin.py:190} INFO - [2026-04-20T00:59:46.065+0000] {dagbag.py:588} INFO - Filling up the DagBag from /usr/local/python/3.12.1/lib/python3.12/site-packages/airflow/example_dags/example_setup_teardown.py
[2026-04-20T00:59:46.074+0000] {processor.py:925} INFO - DAG(s) 'example_setup_teardown' retrieved from /usr/local/python/3.12.1/lib/python3.12/site-packages/airflow/example_dags/example_setup_teardown.py
[2026-04-20T00:59:46.087+0000] {logging_mixin.py:190} INFO - [2026-04-20T00:59:46.086+0000] {dag.py:3239} INFO - Sync 1 DAGs
[2026-04-20T00:59:46.096+0000] {logging_mixin.py:190} INFO - [2026-04-20T00:59:46.096+0000] {dag.py:4180} INFO - Setting next_dagrun for example_setup_teardown to None, run_after=None
[2026-04-20T00:59:46.113+0000] {processor.py:208} INFO - Processing /usr/local/python/3.12.1/lib/python3.12/site-packages/airflow/example_dags/example_setup_teardown.py took 0.054 seconds
[2026-04-20T01:01:02.049+0000] {processor.py:186} INFO - Started process (PID=25075) to work on /usr/local/python/3.12.1/lib/python3.12/site-packages/airflow/example_dags/example_setup_teardown.py
[2026-04-20T01:01:02.049+0000] {processor.py:914} INFO - Processing file /usr/local/python/3.12.1/lib/python3.12/site-packages/airflow/example_dags/example_setup_teardown.py for tasks to queue
[2026-04-20T01:01:02.051+0000] {logging_mixin.py:190} INFO - [2026-04-20T01:01:02.051+0000] {dagbag.py:588} INFO - Filling up the DagBag from /usr/local/python/3.12.1/lib/python3.12/site-packages/airflow/example_dags/example_setup_teardown.py
[2026-04-20T01:01:02.057+0000] {processor.py:925} INFO - DAG(s) 'example_setup_teardown' retrieved from /usr/local/python/3.12.1/lib/python3.12/site-packages/airflow/example_dags/example_setup_teardown.py
[2026-04-20T01:01:02.070+0000] {logging_mixin.py:190} INFO - [2026-04-20T01:01:02.070+0000] {dag.py:3239} INFO - Sync 1 DAGs
[2026-04-20T01:01:02.079+0000] {logging_mixin.py:190} INFO - [2026-04-20T01:01:02.079+0000] {dag.py:4180} INFO - Setting next_dagrun for example_setup_teardown to None, run_after=None
[2026-04-20T01:01:02.096+0000] {processor.py:208} INFO - Processing /usr/local/python/3.12.1/lib/python3.12/site-packages/airflow/example_dags/example_setup_teardown.py took 0.052 seconds
[2026-04-20T01:02:13.552+0000] {processor.py:186} INFO - Started process (PID=25948) to work on /usr/local/python/3.12.1/lib/python3.12/site-packages/airflow/example_dags/example_setup_teardown.py
[2026-04-20T01:02:13.553+0000] {processor.py:914} INFO - Processing file /usr/local/python/3.12.1/lib/python3.12/site-packages/airflow/example_dags/example_setup_teardown.py for tasks to queue
[2026-04-20T01:02:13.556+0000] {logging_mixin.py:190} INFO - [2026-04-20T01:02:13.555+0000] {dagbag.py:588} INFO - Filling up the DagBag from /usr/local/python/3.12.1/lib/python3.12/site-packages/airflow/example_dags/example_setup_teardown.py
[2026-04-20T01:02:13.575+0000] {processor.py:925} INFO - DAG(s) 'example_setup_teardown' retrieved from /usr/local/python/3.12.1/lib/python3.12/site-packages/airflow/example_dags/example_setup_teardown.py
[2026-04-20T01:02:13.616+0000] {logging_mixin.py:190} INFO - [2026-04-20T01:02:13.616+0000] {dag.py:3239} INFO - Sync 1 DAGs
[2026-04-20T01:02:13.637+0000] {logging_mixin.py:190} INFO - [2026-04-20T01:02:13.637+0000] {dag.py:4180} INFO - Setting next_dagrun for example_setup_teardown to None, run_after=None
[2026-04-20T01:02:13.690+0000] {processor.py:208} INFO - Processing /usr/local/python/3.12.1/lib/python3.12/site-packages/airflow/example_dags/example_setup_teardown.py took 0.145 seconds
[2026-04-20T01:03:27.793+0000] {processor.py:186} INFO - Started process (PID=26718) to work on /usr/local/python/3.12.1/lib/python3.12/site-packages/airflow/example_dags/example_setup_teardown.py
[2026-04-20T01:03:27.794+0000] {processor.py:914} INFO - Processing file /usr/local/python/3.12.1/lib/python3.12/site-packages/airflow/example_dags/example_setup_teardown.py for tasks to queue
[2026-04-20T01:03:27.796+0000] {logging_mixin.py:190} INFO - [2026-04-20T01:03:27.795+0000] {dagbag.py:588} INFO - Filling up the DagBag from /usr/local/python/3.12.1/lib/python3.12/site-packages/airflow/example_dags/example_setup_teardown.py
[2026-04-20T01:03:27.802+0000] {processor.py:925} INFO - DAG(s) 'example_setup_teardown' retrieved from /usr/local/python/3.12.1/lib/python3.12/site-packages/airflow/example_dags/example_setup_teardown.py
[2026-04-20T01:03:27.815+0000] {logging_mixin.py:190} INFO - [2026-04-20T01:03:27.814+0000] {dag.py:3239} INFO - Sync 1 DAGs
[2026-04-20T01:03:27.824+0000] {logging_mixin.py:190} INFO - [2026-04-20T01:03:27.824+0000] {dag.py:4180} INFO - Setting next_dagrun for example_setup_teardown to None, run_after=None
[2026-04-20T01:03:27.840+0000] {processor.py:208} INFO - Processing /usr/local/python/3.12.1/lib/python3.12/site-packages/airflow/example_dags/example_setup_teardown.py took 0.051 seconds
[2026-04-20T01:04:42.597+0000] {processor.py:186} INFO - Started process (PID=27537) to work on /usr/local/python/3.12.1/lib/python3.12/site-packages/airflow/example_dags/example_setup_teardown.py
[2026-04-20T01:04:42.598+0000] {processor.py:914} INFO - Processing file /usr/local/python/3.12.1/lib/python3.12/site-packages/airflow/example_dags/example_setup_teardown.py for tasks to queue
[2026-04-20T01:04:42.599+0000] {logging_mixin.py:190} INFO - [2026-04-20T01:04:42.599+0000] {dagbag.py:588} INFO - Filling up the DagBag from /usr/local/python/3.12.1/lib/python3.12/site-packages/airflow/example_dags/example_setup_teardown.py
[2026-04-20T01:04:42.606+0000] {processor.py:925} INFO - DAG(s) 'example_setup_teardown' retrieved from /usr/local/python/3.12.1/lib/python3.12/site-packages/airflow/example_dags/example_setup_teardown.py
[2026-04-20T01:04:42.622+0000] {logging_mixin.py:190} INFO - [2026-04-20T01:04:42.622+0000] {dag.py:3239} INFO - Sync 1 DAGs
[2026-04-20T01:04:42.632+0000] {logging_mixin.py:190} INFO - [2026-04-20T01:04:42.632+0000] {dag.py:4180} INFO - Setting next_dagrun for example_setup_teardown to None, run_after=None
[2026-04-20T01:04:42.651+0000] {processor.py:208} INFO - Processing /usr/local/python/3.12.1/lib/python3.12/site-packages/airflow/example_dags/example_setup_teardown.py took 0.058 seconds
[2026-04-20T01:06:04.473+0000] {processor.py:186} INFO - Started process (PID=28705) to work on /usr/local/python/3.12.1/lib/python3.12/site-packages/airflow/example_dags/example_setup_teardown.py
[2026-04-20T01:06:04.473+0000] {processor.py:914} INFO - Processing file /usr/local/python/3.12.1/lib/python3.12/site-packages/airflow/example_dags/example_setup_teardown.py for tasks to queue
[2026-04-20T01:06:04.475+0000] {logging_mixin.py:190} INFO - [2026-04-20T01:06:04.475+0000] {dagbag.py:588} INFO - Filling up the DagBag from /usr/local/python/3.12.1/lib/python3.12/site-packages/airflow/example_dags/example_setup_teardown.py
[2026-04-20T01:06:04.482+0000] {processor.py:925} INFO - DAG(s) 'example_setup_teardown' retrieved from /usr/local/python/3.12.1/lib/python3.12/site-packages/airflow/example_dags/example_setup_teardown.py
[2026-04-20T01:06:04.495+0000] {logging_mixin.py:190} INFO - [2026-04-20T01:06:04.495+0000] {dag.py:3239} INFO - Sync 1 DAGs
[2026-04-20T01:06:04.506+0000] {logging_mixin.py:190} INFO - [2026-04-20T01:06:04.506+0000] {dag.py:4180} INFO - Setting next_dagrun for example_setup_teardown to None, run_after=None
[2026-04-20T01:06:04.523+0000] {processor.py:208} INFO - Processing /usr/local/python/3.12.1/lib/python3.12/site-packages/airflow/example_dags/example_setup_teardown.py took 0.055 seconds
[2026-04-20T01:07:24.529+0000] {processor.py:186} INFO - Started process (PID=29810) to work on /usr/local/python/3.12.1/lib/python3.12/site-packages/airflow/example_dags/example_setup_teardown.py
[2026-04-20T01:07:24.530+0000] {processor.py:914} INFO - Processing file /usr/local/python/3.12.1/lib/python3.12/site-packages/airflow/example_dags/example_setup_teardown.py for tasks to queue
[2026-04-20T01:07:24.530+0000] {logging_mixin.py:190} INFO - [2026-04-20T01:07:24.530+0000] {dagbag.py:588} INFO - Filling up the DagBag from /usr/local/python/3.12.1/lib/python3.12/site-packages/airflow/example_dags/example_setup_teardown.py
[2026-04-20T01:07:24.537+0000] {processor.py:925} INFO - DAG(s) 'example_setup_teardown' retrieved from /usr/local/python/3.12.1/lib/python3.12/site-packages/airflow/example_dags/example_setup_teardown.py
[2026-04-20T01:07:24.550+0000] {logging_mixin.py:190} INFO - [2026-04-20T01:07:24.550+0000] {dag.py:3239} INFO - Sync 1 DAGs
[2026-04-20T01:07:24.560+0000] {logging_mixin.py:190} INFO - [2026-04-20T01:07:24.560+0000] {dag.py:4180} INFO - Setting next_dagrun for example_setup_teardown to None, run_after=None
[2026-04-20T01:07:24.576+0000] {processor.py:208} INFO - Processing /usr/local/python/3.12.1/lib/python3.12/site-packages/airflow/example_dags/example_setup_teardown.py took 0.051 seconds
[2026-04-20T01:08:40.140+0000] {processor.py:186} INFO - Started process (PID=30678) to work on /usr/local/python/3.12.1/lib/python3.12/site-packages/airflow/example_dags/example_setup_teardown.py
[2026-04-20T01:08:40.140+0000] {processor.py:914} INFO - Processing file /usr/local/python/3.12.1/lib/python3.12/site-packages/airflow/example_dags/example_setup_teardown.py for tasks to queue
[2026-04-20T01:08:40.141+0000] {logging_mixin.py:190} INFO - [2026-04-20T01:08:40.141+0000] {dagbag.py:588} INFO - Filling up the DagBag from /usr/local/python/3.12.1/lib/python3.12/site-packages/airflow/example_dags/example_setup_teardown.py
[2026-04-20T01:08:40.148+0000] {processor.py:925} INFO - DAG(s) 'example_setup_teardown' retrieved from /usr/local/python/3.12.1/lib/python3.12/site-packages/airflow/example_dags/example_setup_teardown.py
[2026-04-20T01:08:40.160+0000] {logging_mixin.py:190} INFO - [2026-04-20T01:08:40.160+0000] {dag.py:3239} INFO - Sync 1 DAGs
[2026-04-20T01:08:40.170+0000] {logging_mixin.py:190} INFO - [2026-04-20T01:08:40.170+0000] {dag.py:4180} INFO - Setting next_dagrun for example_setup_teardown to None, run_after=None
[2026-04-20T01:08:40.185+0000] {processor.py:208} INFO - Processing /usr/local/python/3.12.1/lib/python3.12/site-packages/airflow/example_dags/example_setup_teardown.py took 0.050 seconds
[2026-04-20T01:10:00.642+0000] {processor.py:186} INFO - Started process (PID=31803) to work on /usr/local/python/3.12.1/lib/python3.12/site-packages/airflow/example_dags/example_setup_teardown.py
[2026-04-20T01:10:00.643+0000] {processor.py:914} INFO - Processing file /usr/local/python/3.12.1/lib/python3.12/site-packages/airflow/example_dags/example_setup_teardown.py for tasks to queue
[2026-04-20T01:10:00.645+0000] {logging_mixin.py:190} INFO - [2026-04-20T01:10:00.644+0000] {dagbag.py:588} INFO - Filling up the DagBag from /usr/local/python/3.12.1/lib/python3.12/site-packages/airflow/example_dags/example_setup_teardown.py
[2026-04-20T01:10:00.653+0000] {processor.py:925} INFO - DAG(s) 'example_setup_teardown' retrieved from /usr/local/python/3.12.1/lib/python3.12/site-packages/airflow/example_dags/example_setup_teardown.py
[2026-04-20T01:10:00.666+0000] {logging_mixin.py:190} INFO - [2026-04-20T01:10:00.666+0000] {dag.py:3239} INFO - Sync 1 DAGs
[2026-04-20T01:10:00.677+0000] {logging_mixin.py:190} INFO - [2026-04-20T01:10:00.677+0000] {dag.py:4180} INFO - Setting next_dagrun for example_setup_teardown to None, run_after=None
[2026-04-20T01:10:00.695+0000] {processor.py:208} INFO - Processing /usr/local/python/3.12.1/lib/python3.12/site-packages/airflow/example_dags/example_setup_teardown.py took 0.061 seconds
[2026-04-20T01:11:21.590+0000] {processor.py:186} INFO - Started process (PID=32976) to work on /usr/local/python/3.12.1/lib/python3.12/site-packages/airflow/example_dags/example_setup_teardown.py
[2026-04-20T01:11:21.591+0000] {processor.py:914} INFO - Processing file /usr/local/python/3.12.1/lib/python3.12/site-packages/airflow/example_dags/example_setup_teardown.py for tasks to queue
[2026-04-20T01:11:21.592+0000] {logging_mixin.py:190} INFO - [2026-04-20T01:11:21.592+0000] {dagbag.py:588} INFO - Filling up the DagBag from /usr/local/python/3.12.1/lib/python3.12/site-packages/airflow/example_dags/example_setup_teardown.py
[2026-04-20T01:11:21.599+0000] {processor.py:925} INFO - DAG(s) 'example_setup_teardown' retrieved from /usr/local/python/3.12.1/lib/python3.12/site-packages/airflow/example_dags/example_setup_teardown.py
[2026-04-20T01:11:21.611+0000] {logging_mixin.py:190} INFO - [2026-04-20T01:11:21.611+0000] {dag.py:3239} INFO - Sync 1 DAGs
[2026-04-20T01:11:21.621+0000] {logging_mixin.py:190} INFO - [2026-04-20T01:11:21.620+0000] {dag.py:4180} INFO - Setting next_dagrun for example_setup_teardown to None, run_after=None
[2026-04-20T01:11:21.642+0000] {processor.py:208} INFO - Processing /usr/local/python/3.12.1/lib/python3.12/site-packages/airflow/example_dags/example_setup_teardown.py took 0.056 seconds
[2026-04-20T01:12:36.610+0000] {processor.py:186} INFO - Started process (PID=33726) to work on /usr/local/python/3.12.1/lib/python3.12/site-packages/airflow/example_dags/example_setup_teardown.py
[2026-04-20T01:12:36.610+0000] {processor.py:914} INFO - Processing file /usr/local/python/3.12.1/lib/python3.12/site-packages/airflow/example_dags/example_setup_teardown.py for tasks to queue
[2026-04-20T01:12:36.612+0000] {logging_mixin.py:190} INFO - [2026-04-20T01:12:36.611+0000] {dagbag.py:588} INFO - Filling up the DagBag from /usr/local/python/3.12.1/lib/python3.12/site-packages/airflow/example_dags/example_setup_teardown.py
[2026-04-20T01:12:36.618+0000] {processor.py:925} INFO - DAG(s) 'example_setup_teardown' retrieved from /usr/local/python/3.12.1/lib/python3.12/site-packages/airflow/example_dags/example_setup_teardown.py
[2026-04-20T01:12:36.630+0000] {logging_mixin.py:190} INFO - [2026-04-20T01:12:36.630+0000] {dag.py:3239} INFO - Sync 1 DAGs
[2026-04-20T01:12:36.640+0000] {logging_mixin.py:190} INFO - [2026-04-20T01:12:36.640+0000] {dag.py:4180} INFO - Setting next_dagrun for example_setup_teardown to None, run_after=None
[2026-04-20T01:12:36.656+0000] {processor.py:208} INFO - Processing /usr/local/python/3.12.1/lib/python3.12/site-packages/airflow/example_dags/example_setup_teardown.py took 0.050 seconds
[2026-04-20T01:13:53.733+0000] {processor.py:186} INFO - Started process (PID=34511) to work on /usr/local/python/3.12.1/lib/python3.12/site-packages/airflow/example_dags/example_setup_teardown.py
[2026-04-20T01:13:53.734+0000] {processor.py:914} INFO - Processing file /usr/local/python/3.12.1/lib/python3.12/site-packages/airflow/example_dags/example_setup_teardown.py for tasks to queue
[2026-04-20T01:13:53.735+0000] {logging_mixin.py:190} INFO - [2026-04-20T01:13:53.735+0000] {dagbag.py:588} INFO - Filling up the DagBag from /usr/local/python/3.12.1/lib/python3.12/site-packages/airflow/example_dags/example_setup_teardown.py
[2026-04-20T01:13:53.742+0000] {processor.py:925} INFO - DAG(s) 'example_setup_teardown' retrieved from /usr/local/python/3.12.1/lib/python3.12/site-packages/airflow/example_dags/example_setup_teardown.py
[2026-04-20T01:13:53.754+0000] {logging_mixin.py:190} INFO - [2026-04-20T01:13:53.754+0000] {dag.py:3239} INFO - Sync 1 DAGs
[2026-04-20T01:13:53.764+0000] {logging_mixin.py:190} INFO - [2026-04-20T01:13:53.764+0000] {dag.py:4180} INFO - Setting next_dagrun for example_setup_teardown to None, run_after=None
[2026-04-20T01:13:53.780+0000] {processor.py:208} INFO - Processing /usr/local/python/3.12.1/lib/python3.12/site-packages/airflow/example_dags/example_setup_teardown.py took 0.051 seconds
[2026-04-20T01:15:09.348+0000] {processor.py:186} INFO - Started process (PID=35327) to work on /usr/local/python/3.12.1/lib/python3.12/site-packages/airflow/example_dags/example_setup_teardown.py
[2026-04-20T01:15:09.349+0000] {processor.py:914} INFO - Processing file /usr/local/python/3.12.1/lib/python3.12/site-packages/airflow/example_dags/example_setup_teardown.py for tasks to queue
[2026-04-20T01:15:09.350+0000] {logging_mixin.py:190} INFO - [2026-04-20T01:15:09.350+0000] {dagbag.py:588} INFO - Filling up the DagBag from /usr/local/python/3.12.1/lib/python3.12/site-packages/airflow/example_dags/example_setup_teardown.py
[2026-04-20T01:15:09.357+0000] {processor.py:925} INFO - DAG(s) 'example_setup_teardown' retrieved from /usr/local/python/3.12.1/lib/python3.12/site-packages/airflow/example_dags/example_setup_teardown.py
[2026-04-20T01:15:09.370+0000] {logging_mixin.py:190} INFO - [2026-04-20T01:15:09.370+0000] {dag.py:3239} INFO - Sync 1 DAGs
[2026-04-20T01:15:09.381+0000] {logging_mixin.py:190} INFO - [2026-04-20T01:15:09.380+0000] {dag.py:4180} INFO - Setting next_dagrun for example_setup_teardown to None, run_after=None
[2026-04-20T01:15:09.397+0000] {processor.py:208} INFO - Processing /usr/local/python/3.12.1/lib/python3.12/site-packages/airflow/example_dags/example_setup_teardown.py took 0.053 seconds
[2026-04-20T01:16:23.595+0000] {processor.py:186} INFO - Started process (PID=36095) to work on /usr/local/python/3.12.1/lib/python3.12/site-packages/airflow/example_dags/example_setup_teardown.py
[2026-04-20T01:16:23.595+0000] {processor.py:914} INFO - Processing file /usr/local/python/3.12.1/lib/python3.12/site-packages/airflow/example_dags/example_setup_teardown.py for tasks to queue
[2026-04-20T01:16:23.597+0000] {logging_mixin.py:190} INFO - [2026-04-20T01:16:23.596+0000] {dagbag.py:588} INFO - Filling up the DagBag from /usr/local/python/3.12.1/lib/python3.12/site-packages/airflow/example_dags/example_setup_teardown.py
[2026-04-20T01:16:23.603+0000] {processor.py:925} INFO - DAG(s) 'example_setup_teardown' retrieved from /usr/local/python/3.12.1/lib/python3.12/site-packages/airflow/example_dags/example_setup_teardown.py
[2026-04-20T01:16:23.615+0000] {logging_mixin.py:190} INFO - [2026-04-20T01:16:23.615+0000] {dag.py:3239} INFO - Sync 1 DAGs
[2026-04-20T01:16:23.625+0000] {logging_mixin.py:190} INFO - [2026-04-20T01:16:23.625+0000] {dag.py:4180} INFO - Setting next_dagrun for example_setup_teardown to None, run_after=None
[2026-04-20T01:16:23.643+0000] {processor.py:208} INFO - Processing /usr/local/python/3.12.1/lib/python3.12/site-packages/airflow/example_dags/example_setup_teardown.py took 0.052 seconds
[2026-04-20T01:17:42.236+0000] {processor.py:186} INFO - Started process (PID=36875) to work on /usr/local/python/3.12.1/lib/python3.12/site-packages/airflow/example_dags/example_setup_teardown.py
[2026-04-20T01:17:42.237+0000] {processor.py:914} INFO - Processing file /usr/local/python/3.12.1/lib/python3.12/site-packages/airflow/example_dags/example_setup_teardown.py for tasks to queue
[2026-04-20T01:17:42.238+0000] {logging_mixin.py:190} INFO - [2026-04-20T01:17:42.238+0000] {dagbag.py:588} INFO - Filling up the DagBag from /usr/local/python/3.12.1/lib/python3.12/site-packages/airflow/example_dags/example_setup_teardown.py
[2026-04-20T01:17:42.245+0000] {processor.py:925} INFO - DAG(s) 'example_setup_teardown' retrieved from /usr/local/python/3.12.1/lib/python3.12/site-packages/airflow/example_dags/example_setup_teardown.py
[2026-04-20T01:17:42.257+0000] {logging_mixin.py:190} INFO - [2026-04-20T01:17:42.257+0000] {dag.py:3239} INFO - Sync 1 DAGs
[2026-04-20T01:17:42.267+0000] {logging_mixin.py:190} INFO - [2026-04-20T01:17:42.267+0000] {dag.py:4180} INFO - Setting next_dagrun for example_setup_teardown to None, run_after=None
[2026-04-20T01:17:42.283+0000] {processor.py:208} INFO - Processing /usr/local/python/3.12.1/lib/python3.12/site-packages/airflow/example_dags/example_setup_teardown.py took 0.051 seconds
[2026-04-20T01:19:00.616+0000] {processor.py:186} INFO - Started process (PID=37656) to work on /usr/local/python/3.12.1/lib/python3.12/site-packages/airflow/example_dags/example_setup_teardown.py
[2026-04-20T01:19:00.616+0000] {processor.py:914} INFO - Processing file /usr/local/python/3.12.1/lib/python3.12/site-packages/airflow/example_dags/example_setup_teardown.py for tasks to queue
[2026-04-20T01:19:00.618+0000] {logging_mixin.py:190} INFO - [2026-04-20T01:19:00.617+0000] {dagbag.py:588} INFO - Filling up the DagBag from /usr/local/python/3.12.1/lib/python3.12/site-packages/airflow/example_dags/example_setup_teardown.py
[2026-04-20T01:19:00.624+0000] {processor.py:925} INFO - DAG(s) 'example_setup_teardown' retrieved from /usr/local/python/3.12.1/lib/python3.12/site-packages/airflow/example_dags/example_setup_teardown.py
[2026-04-20T01:19:00.637+0000] {logging_mixin.py:190} INFO - [2026-04-20T01:19:00.637+0000] {dag.py:3239} INFO - Sync 1 DAGs
[2026-04-20T01:19:00.647+0000] {logging_mixin.py:190} INFO - [2026-04-20T01:19:00.646+0000] {dag.py:4180} INFO - Setting next_dagrun for example_setup_teardown to None, run_after=None
[2026-04-20T01:19:00.663+0000] {processor.py:208} INFO - Processing /usr/local/python/3.12.1/lib/python3.12/site-packages/airflow/example_dags/example_setup_teardown.py took 0.051 seconds
[2026-04-20T01:20:13.410+0000] {processor.py:186} INFO - Started process (PID=38525) to work on /usr/local/python/3.12.1/lib/python3.12/site-packages/airflow/example_dags/example_setup_teardown.py
[2026-04-20T01:20:13.411+0000] {processor.py:914} INFO - Processing file /usr/local/python/3.12.1/lib/python3.12/site-packages/airflow/example_dags/example_setup_teardown.py for tasks to queue
[2026-04-20T01:20:13.412+0000] {logging_mixin.py:190} INFO - [2026-04-20T01:20:13.412+0000] {dagbag.py:588} INFO - Filling up the DagBag from /usr/local/python/3.12.1/lib/python3.12/site-packages/airflow/example_dags/example_setup_teardown.py
[2026-04-20T01:20:13.419+0000] {processor.py:925} INFO - DAG(s) 'example_setup_teardown' retrieved from /usr/local/python/3.12.1/lib/python3.12/site-packages/airflow/example_dags/example_setup_teardown.py
[2026-04-20T01:20:13.434+0000] {logging_mixin.py:190} INFO - [2026-04-20T01:20:13.434+0000] {dag.py:3239} INFO - Sync 1 DAGs
[2026-04-20T01:20:13.444+0000] {logging_mixin.py:190} INFO - [2026-04-20T01:20:13.444+0000] {dag.py:4180} INFO - Setting next_dagrun for example_setup_teardown to None, run_after=None
[2026-04-20T01:20:13.460+0000] {processor.py:208} INFO - Processing /usr/local/python/3.12.1/lib/python3.12/site-packages/airflow/example_dags/example_setup_teardown.py took 0.054 seconds
[2026-04-20T01:21:30.768+0000] {processor.py:186} INFO - Started process (PID=39310) to work on /usr/local/python/3.12.1/lib/python3.12/site-packages/airflow/example_dags/example_setup_teardown.py
[2026-04-20T01:21:30.768+0000] {processor.py:914} INFO - Processing file /usr/local/python/3.12.1/lib/python3.12/site-packages/airflow/example_dags/example_setup_teardown.py for tasks to queue
[2026-04-20T01:21:30.771+0000] {logging_mixin.py:190} INFO - [2026-04-20T01:21:30.770+0000] {dagbag.py:588} INFO - Filling up the DagBag from /usr/local/python/3.12.1/lib/python3.12/site-packages/airflow/example_dags/example_setup_teardown.py
[2026-04-20T01:21:30.780+0000] {processor.py:925} INFO - DAG(s) 'example_setup_teardown' retrieved from /usr/local/python/3.12.1/lib/python3.12/site-packages/airflow/example_dags/example_setup_teardown.py
[2026-04-20T01:21:30.797+0000] {logging_mixin.py:190} INFO - [2026-04-20T01:21:30.796+0000] {dag.py:3239} INFO - Sync 1 DAGs
[2026-04-20T01:21:30.811+0000] {logging_mixin.py:190} INFO - [2026-04-20T01:21:30.811+0000] {dag.py:4180} INFO - Setting next_dagrun for example_setup_teardown to None, run_after=None
[2026-04-20T01:21:30.831+0000] {processor.py:208} INFO - Processing /usr/local/python/3.12.1/lib/python3.12/site-packages/airflow/example_dags/example_setup_teardown.py took 0.069 seconds
[2026-04-20T01:22:43.187+0000] {processor.py:186} INFO - Started process (PID=39986) to work on /usr/local/python/3.12.1/lib/python3.12/site-packages/airflow/example_dags/example_setup_teardown.py
[2026-04-20T01:22:43.188+0000] {processor.py:914} INFO - Processing file /usr/local/python/3.12.1/lib/python3.12/site-packages/airflow/example_dags/example_setup_teardown.py for tasks to queue
[2026-04-20T01:22:43.190+0000] {logging_mixin.py:190} INFO - [2026-04-20T01:22:43.189+0000] {dagbag.py:588} INFO - Filling up the DagBag from /usr/local/python/3.12.1/lib/python3.12/site-packages/airflow/example_dags/example_setup_teardown.py
[2026-04-20T01:22:43.197+0000] {processor.py:925} INFO - DAG(s) 'example_setup_teardown' retrieved from /usr/local/python/3.12.1/lib/python3.12/site-packages/airflow/example_dags/example_setup_teardown.py
[2026-04-20T01:22:43.209+0000] {logging_mixin.py:190} INFO - [2026-04-20T01:22:43.209+0000] {dag.py:3239} INFO - Sync 1 DAGs
[2026-04-20T01:22:43.219+0000] {logging_mixin.py:190} INFO - [2026-04-20T01:22:43.219+0000] {dag.py:4180} INFO - Setting next_dagrun for example_setup_teardown to None, run_after=None
[2026-04-20T01:22:43.238+0000] {processor.py:208} INFO - Processing /usr/local/python/3.12.1/lib/python3.12/site-packages/airflow/example_dags/example_setup_teardown.py took 0.056 seconds
[2026-04-20T01:23:59.624+0000] {processor.py:186} INFO - Started process (PID=40745) to work on /usr/local/python/3.12.1/lib/python3.12/site-packages/airflow/example_dags/example_setup_teardown.py
[2026-04-20T01:23:59.624+0000] {processor.py:914} INFO - Processing file /usr/local/python/3.12.1/lib/python3.12/site-packages/airflow/example_dags/example_setup_teardown.py for tasks to queue
[2026-04-20T01:23:59.626+0000] {logging_mixin.py:190} INFO - [2026-04-20T01:23:59.625+0000] {dagbag.py:588} INFO - Filling up the DagBag from /usr/local/python/3.12.1/lib/python3.12/site-packages/airflow/example_dags/example_setup_teardown.py
[2026-04-20T01:23:59.632+0000] {processor.py:925} INFO - DAG(s) 'example_setup_teardown' retrieved from /usr/local/python/3.12.1/lib/python3.12/site-packages/airflow/example_dags/example_setup_teardown.py
[2026-04-20T01:23:59.644+0000] {logging_mixin.py:190} INFO - [2026-04-20T01:23:59.644+0000] {dag.py:3239} INFO - Sync 1 DAGs
[2026-04-20T01:23:59.656+0000] {logging_mixin.py:190} INFO - [2026-04-20T01:23:59.656+0000] {dag.py:4180} INFO - Setting next_dagrun for example_setup_teardown to None, run_after=None
[2026-04-20T01:23:59.678+0000] {processor.py:208} INFO - Processing /usr/local/python/3.12.1/lib/python3.12/site-packages/airflow/example_dags/example_setup_teardown.py took 0.059 seconds
[2026-04-20T01:25:14.502+0000] {processor.py:186} INFO - Started process (PID=41645) to work on /usr/local/python/3.12.1/lib/python3.12/site-packages/airflow/example_dags/example_setup_teardown.py
[2026-04-20T01:25:14.503+0000] {processor.py:914} INFO - Processing file /usr/local/python/3.12.1/lib/python3.12/site-packages/airflow/example_dags/example_setup_teardown.py for tasks to queue
[2026-04-20T01:25:14.504+0000] {logging_mixin.py:190} INFO - [2026-04-20T01:25:14.504+0000] {dagbag.py:588} INFO - Filling up the DagBag from /usr/local/python/3.12.1/lib/python3.12/site-packages/airflow/example_dags/example_setup_teardown.py
[2026-04-20T01:25:14.512+0000] {processor.py:925} INFO - DAG(s) 'example_setup_teardown' retrieved from /usr/local/python/3.12.1/lib/python3.12/site-packages/airflow/example_dags/example_setup_teardown.py
[2026-04-20T01:25:14.524+0000] {logging_mixin.py:190} INFO - [2026-04-20T01:25:14.524+0000] {dag.py:3239} INFO - Sync 1 DAGs
[2026-04-20T01:25:14.534+0000] {logging_mixin.py:190} INFO - [2026-04-20T01:25:14.534+0000] {dag.py:4180} INFO - Setting next_dagrun for example_setup_teardown to None, run_after=None
[2026-04-20T01:25:14.549+0000] {processor.py:208} INFO - Processing /usr/local/python/3.12.1/lib/python3.12/site-packages/airflow/example_dags/example_setup_teardown.py took 0.053 seconds
[2026-04-20T01:26:30.775+0000] {processor.py:186} INFO - Started process (PID=42343) to work on /usr/local/python/3.12.1/lib/python3.12/site-packages/airflow/example_dags/example_setup_teardown.py
[2026-04-20T01:26:30.776+0000] {processor.py:914} INFO - Processing file /usr/local/python/3.12.1/lib/python3.12/site-packages/airflow/example_dags/example_setup_teardown.py for tasks to queue
[2026-04-20T01:26:30.778+0000] {logging_mixin.py:190} INFO - [2026-04-20T01:26:30.778+0000] {dagbag.py:588} INFO - Filling up the DagBag from /usr/local/python/3.12.1/lib/python3.12/site-packages/airflow/example_dags/example_setup_teardown.py
[2026-04-20T01:26:30.785+0000] {processor.py:925} INFO - DAG(s) 'example_setup_teardown' retrieved from /usr/local/python/3.12.1/lib/python3.12/site-packages/airflow/example_dags/example_setup_teardown.py
[2026-04-20T01:26:30.798+0000] {logging_mixin.py:190} INFO - [2026-04-20T01:26:30.798+0000] {dag.py:3239} INFO - Sync 1 DAGs
[2026-04-20T01:26:30.808+0000] {logging_mixin.py:190} INFO - [2026-04-20T01:26:30.808+0000] {dag.py:4180} INFO - Setting next_dagrun for example_setup_teardown to None, run_after=None
[2026-04-20T01:26:30.824+0000] {processor.py:208} INFO - Processing /usr/local/python/3.12.1/lib/python3.12/site-packages/airflow/example_dags/example_setup_teardown.py took 0.054 seconds
[2026-04-20T01:27:48.846+0000] {processor.py:186} INFO - Started process (PID=43128) to work on /usr/local/python/3.12.1/lib/python3.12/site-packages/airflow/example_dags/example_setup_teardown.py
[2026-04-20T01:27:48.847+0000] {processor.py:914} INFO - Processing file /usr/local/python/3.12.1/lib/python3.12/site-packages/airflow/example_dags/example_setup_teardown.py for tasks to queue
[2026-04-20T01:27:48.849+0000] {logging_mixin.py:190} INFO - [2026-04-20T01:27:48.848+0000] {dagbag.py:588} INFO - Filling up the DagBag from /usr/local/python/3.12.1/lib/python3.12/site-packages/airflow/example_dags/example_setup_teardown.py
[2026-04-20T01:27:48.856+0000] {processor.py:925} INFO - DAG(s) 'example_setup_teardown' retrieved from /usr/local/python/3.12.1/lib/python3.12/site-packages/airflow/example_dags/example_setup_teardown.py
[2026-04-20T01:27:48.869+0000] {logging_mixin.py:190} INFO - [2026-04-20T01:27:48.869+0000] {dag.py:3239} INFO - Sync 1 DAGs
[2026-04-20T01:27:48.883+0000] {logging_mixin.py:190} INFO - [2026-04-20T01:27:48.883+0000] {dag.py:4180} INFO - Setting next_dagrun for example_setup_teardown to None, run_after=None
[2026-04-20T01:27:48.900+0000] {processor.py:208} INFO - Processing /usr/local/python/3.12.1/lib/python3.12/site-packages/airflow/example_dags/example_setup_teardown.py took 0.060 seconds
[2026-04-20T01:29:07.891+0000] {processor.py:186} INFO - Started process (PID=43984) to work on /usr/local/python/3.12.1/lib/python3.12/site-packages/airflow/example_dags/example_setup_teardown.py
[2026-04-20T01:29:07.892+0000] {processor.py:914} INFO - Processing file /usr/local/python/3.12.1/lib/python3.12/site-packages/airflow/example_dags/example_setup_teardown.py for tasks to queue
[2026-04-20T01:29:07.893+0000] {logging_mixin.py:190} INFO - [2026-04-20T01:29:07.893+0000] {dagbag.py:588} INFO - Filling up the DagBag from /usr/local/python/3.12.1/lib/python3.12/site-packages/airflow/example_dags/example_setup_teardown.py
[2026-04-20T01:29:07.900+0000] {processor.py:925} INFO - DAG(s) 'example_setup_teardown' retrieved from /usr/local/python/3.12.1/lib/python3.12/site-packages/airflow/example_dags/example_setup_teardown.py
[2026-04-20T01:29:07.912+0000] {logging_mixin.py:190} INFO - [2026-04-20T01:29:07.912+0000] {dag.py:3239} INFO - Sync 1 DAGs
[2026-04-20T01:29:07.923+0000] {logging_mixin.py:190} INFO - [2026-04-20T01:29:07.923+0000] {dag.py:4180} INFO - Setting next_dagrun for example_setup_teardown to None, run_after=None
[2026-04-20T01:29:07.939+0000] {processor.py:208} INFO - Processing /usr/local/python/3.12.1/lib/python3.12/site-packages/airflow/example_dags/example_setup_teardown.py took 0.052 seconds
[2026-04-20T01:30:24.549+0000] {processor.py:186} INFO - Started process (PID=44809) to work on /usr/local/python/3.12.1/lib/python3.12/site-packages/airflow/example_dags/example_setup_teardown.py
[2026-04-20T01:30:24.550+0000] {processor.py:914} INFO - Processing file /usr/local/python/3.12.1/lib/python3.12/site-packages/airflow/example_dags/example_setup_teardown.py for tasks to queue
[2026-04-20T01:30:24.551+0000] {logging_mixin.py:190} INFO - [2026-04-20T01:30:24.551+0000] {dagbag.py:588} INFO - Filling up the DagBag from /usr/local/python/3.12.1/lib/python3.12/site-packages/airflow/example_dags/example_setup_teardown.py
[2026-04-20T01:30:24.558+0000] {processor.py:925} INFO - DAG(s) 'example_setup_teardown' retrieved from /usr/local/python/3.12.1/lib/python3.12/site-packages/airflow/example_dags/example_setup_teardown.py
[2026-04-20T01:30:24.573+0000] {logging_mixin.py:190} INFO - [2026-04-20T01:30:24.573+0000] {dag.py:3239} INFO - Sync 1 DAGs
[2026-04-20T01:30:24.584+0000] {logging_mixin.py:190} INFO - [2026-04-20T01:30:24.584+0000] {dag.py:4180} INFO - Setting next_dagrun for example_setup_teardown to None, run_after=None
[2026-04-20T01:30:24.601+0000] {processor.py:208} INFO - Processing /usr/local/python/3.12.1/lib/python3.12/site-packages/airflow/example_dags/example_setup_teardown.py took 0.056 seconds
[2026-04-20T01:31:42.753+0000] {processor.py:186} INFO - Started process (PID=45598) to work on /usr/local/python/3.12.1/lib/python3.12/site-packages/airflow/example_dags/example_setup_teardown.py
[2026-04-20T01:31:42.754+0000] {processor.py:914} INFO - Processing file /usr/local/python/3.12.1/lib/python3.12/site-packages/airflow/example_dags/example_setup_teardown.py for tasks to queue
[2026-04-20T01:31:42.755+0000] {logging_mixin.py:190} INFO - [2026-04-20T01:31:42.755+0000] {dagbag.py:588} INFO - Filling up the DagBag from /usr/local/python/3.12.1/lib/python3.12/site-packages/airflow/example_dags/example_setup_teardown.py
[2026-04-20T01:31:42.762+0000] {processor.py:925} INFO - DAG(s) 'example_setup_teardown' retrieved from /usr/local/python/3.12.1/lib/python3.12/site-packages/airflow/example_dags/example_setup_teardown.py
[2026-04-20T01:31:42.778+0000] {logging_mixin.py:190} INFO - [2026-04-20T01:31:42.778+0000] {dag.py:3239} INFO - Sync 1 DAGs
[2026-04-20T01:31:42.790+0000] {logging_mixin.py:190} INFO - [2026-04-20T01:31:42.790+0000] {dag.py:4180} INFO - Setting next_dagrun for example_setup_teardown to None, run_after=None
[2026-04-20T01:31:42.810+0000] {processor.py:208} INFO - Processing /usr/local/python/3.12.1/lib/python3.12/site-packages/airflow/example_dags/example_setup_teardown.py took 0.061 seconds
[2026-04-20T01:32:59.201+0000] {processor.py:186} INFO - Started process (PID=46358) to work on /usr/local/python/3.12.1/lib/python3.12/site-packages/airflow/example_dags/example_setup_teardown.py
[2026-04-20T01:32:59.202+0000] {processor.py:914} INFO - Processing file /usr/local/python/3.12.1/lib/python3.12/site-packages/airflow/example_dags/example_setup_teardown.py for tasks to queue
[2026-04-20T01:32:59.203+0000] {logging_mixin.py:190} INFO - [2026-04-20T01:32:59.203+0000] {dagbag.py:588} INFO - Filling up the DagBag from /usr/local/python/3.12.1/lib/python3.12/site-packages/airflow/example_dags/example_setup_teardown.py
[2026-04-20T01:32:59.210+0000] {processor.py:925} INFO - DAG(s) 'example_setup_teardown' retrieved from /usr/local/python/3.12.1/lib/python3.12/site-packages/airflow/example_dags/example_setup_teardown.py
[2026-04-20T01:32:59.222+0000] {logging_mixin.py:190} INFO - [2026-04-20T01:32:59.222+0000] {dag.py:3239} INFO - Sync 1 DAGs
[2026-04-20T01:32:59.232+0000] {logging_mixin.py:190} INFO - [2026-04-20T01:32:59.232+0000] {dag.py:4180} INFO - Setting next_dagrun for example_setup_teardown to None, run_after=None
[2026-04-20T01:32:59.250+0000] {processor.py:208} INFO - Processing /usr/local/python/3.12.1/lib/python3.12/site-packages/airflow/example_dags/example_setup_teardown.py took 0.054 seconds
[2026-04-20T01:34:20.284+0000] {processor.py:186} INFO - Started process (PID=47274) to work on /usr/local/python/3.12.1/lib/python3.12/site-packages/airflow/example_dags/example_setup_teardown.py
[2026-04-20T01:34:20.285+0000] {processor.py:914} INFO - Processing file /usr/local/python/3.12.1/lib/python3.12/site-packages/airflow/example_dags/example_setup_teardown.py for tasks to queue
[2026-04-20T01:34:20.286+0000] {logging_mixin.py:190} INFO - [2026-04-20T01:34:20.286+0000] {dagbag.py:588} INFO - Filling up the DagBag from /usr/local/python/3.12.1/lib/python3.12/site-packages/airflow/example_dags/example_setup_teardown.py
[2026-04-20T01:34:20.293+0000] {processor.py:925} INFO - DAG(s) 'example_setup_teardown' retrieved from /usr/local/python/3.12.1/lib/python3.12/site-packages/airflow/example_dags/example_setup_teardown.py
[2026-04-20T01:34:20.305+0000] {logging_mixin.py:190} INFO - [2026-04-20T01:34:20.305+0000] {dag.py:3239} INFO - Sync 1 DAGs
[2026-04-20T01:34:20.316+0000] {logging_mixin.py:190} INFO - [2026-04-20T01:34:20.315+0000] {dag.py:4180} INFO - Setting next_dagrun for example_setup_teardown to None, run_after=None
[2026-04-20T01:34:20.333+0000] {processor.py:208} INFO - Processing /usr/local/python/3.12.1/lib/python3.12/site-packages/airflow/example_dags/example_setup_teardown.py took 0.055 seconds
[2026-04-20T01:35:37.920+0000] {processor.py:186} INFO - Started process (PID=48063) to work on /usr/local/python/3.12.1/lib/python3.12/site-packages/airflow/example_dags/example_setup_teardown.py
[2026-04-20T01:35:37.921+0000] {processor.py:914} INFO - Processing file /usr/local/python/3.12.1/lib/python3.12/site-packages/airflow/example_dags/example_setup_teardown.py for tasks to queue
[2026-04-20T01:35:37.922+0000] {logging_mixin.py:190} INFO - [2026-04-20T01:35:37.922+0000] {dagbag.py:588} INFO - Filling up the DagBag from /usr/local/python/3.12.1/lib/python3.12/site-packages/airflow/example_dags/example_setup_teardown.py
[2026-04-20T01:35:37.929+0000] {processor.py:925} INFO - DAG(s) 'example_setup_teardown' retrieved from /usr/local/python/3.12.1/lib/python3.12/site-packages/airflow/example_dags/example_setup_teardown.py
[2026-04-20T01:35:37.941+0000] {logging_mixin.py:190} INFO - [2026-04-20T01:35:37.941+0000] {dag.py:3239} INFO - Sync 1 DAGs
[2026-04-20T01:35:37.956+0000] {logging_mixin.py:190} INFO - [2026-04-20T01:35:37.956+0000] {dag.py:4180} INFO - Setting next_dagrun for example_setup_teardown to None, run_after=None
[2026-04-20T01:35:37.981+0000] {processor.py:208} INFO - Processing /usr/local/python/3.12.1/lib/python3.12/site-packages/airflow/example_dags/example_setup_teardown.py took 0.065 seconds
[2026-04-20T01:36:56.248+0000] {processor.py:186} INFO - Started process (PID=48854) to work on /usr/local/python/3.12.1/lib/python3.12/site-packages/airflow/example_dags/example_setup_teardown.py
[2026-04-20T01:36:56.249+0000] {processor.py:914} INFO - Processing file /usr/local/python/3.12.1/lib/python3.12/site-packages/airflow/example_dags/example_setup_teardown.py for tasks to queue
[2026-04-20T01:36:56.250+0000] {logging_mixin.py:190} INFO - [2026-04-20T01:36:56.250+0000] {dagbag.py:588} INFO - Filling up the DagBag from /usr/local/python/3.12.1/lib/python3.12/site-packages/airflow/example_dags/example_setup_teardown.py
[2026-04-20T01:36:56.257+0000] {processor.py:925} INFO - DAG(s) 'example_setup_teardown' retrieved from /usr/local/python/3.12.1/lib/python3.12/site-packages/airflow/example_dags/example_setup_teardown.py
[2026-04-20T01:36:56.270+0000] {logging_mixin.py:190} INFO - [2026-04-20T01:36:56.270+0000] {dag.py:3239} INFO - Sync 1 DAGs
[2026-04-20T01:36:56.284+0000] {logging_mixin.py:190} INFO - [2026-04-20T01:36:56.284+0000] {dag.py:4180} INFO - Setting next_dagrun for example_setup_teardown to None, run_after=None
[2026-04-20T01:36:56.301+0000] {processor.py:208} INFO - Processing /usr/local/python/3.12.1/lib/python3.12/site-packages/airflow/example_dags/example_setup_teardown.py took 0.057 seconds
[2026-04-20T01:38:18.028+0000] {processor.py:186} INFO - Started process (PID=49726) to work on /usr/local/python/3.12.1/lib/python3.12/site-packages/airflow/example_dags/example_setup_teardown.py
[2026-04-20T01:38:18.029+0000] {processor.py:914} INFO - Processing file /usr/local/python/3.12.1/lib/python3.12/site-packages/airflow/example_dags/example_setup_teardown.py for tasks to queue
[2026-04-20T01:38:18.031+0000] {logging_mixin.py:190} INFO - [2026-04-20T01:38:18.030+0000] {dagbag.py:588} INFO - Filling up the DagBag from /usr/local/python/3.12.1/lib/python3.12/site-packages/airflow/example_dags/example_setup_teardown.py
[2026-04-20T01:38:18.037+0000] {processor.py:925} INFO - DAG(s) 'example_setup_teardown' retrieved from /usr/local/python/3.12.1/lib/python3.12/site-packages/airflow/example_dags/example_setup_teardown.py
[2026-04-20T01:38:18.050+0000] {logging_mixin.py:190} INFO - [2026-04-20T01:38:18.050+0000] {dag.py:3239} INFO - Sync 1 DAGs
[2026-04-20T01:38:18.060+0000] {logging_mixin.py:190} INFO - [2026-04-20T01:38:18.060+0000] {dag.py:4180} INFO - Setting next_dagrun for example_setup_teardown to None, run_after=None
[2026-04-20T01:38:18.082+0000] {processor.py:208} INFO - Processing /usr/local/python/3.12.1/lib/python3.12/site-packages/airflow/example_dags/example_setup_teardown.py took 0.058 seconds
[2026-04-20T01:39:32.324+0000] {processor.py:186} INFO - Started process (PID=50529) to work on /usr/local/python/3.12.1/lib/python3.12/site-packages/airflow/example_dags/example_setup_teardown.py
[2026-04-20T01:39:32.324+0000] {processor.py:914} INFO - Processing file /usr/local/python/3.12.1/lib/python3.12/site-packages/airflow/example_dags/example_setup_teardown.py for tasks to queue
[2026-04-20T01:39:32.326+0000] {logging_mixin.py:190} INFO - [2026-04-20T01:39:32.326+0000] {dagbag.py:588} INFO - Filling up the DagBag from /usr/local/python/3.12.1/lib/python3.12/site-packages/airflow/example_dags/example_setup_teardown.py
[2026-04-20T01:39:32.332+0000] {processor.py:925} INFO - DAG(s) 'example_setup_teardown' retrieved from /usr/local/python/3.12.1/lib/python3.12/site-packages/airflow/example_dags/example_setup_teardown.py
[2026-04-20T01:39:32.345+0000] {logging_mixin.py:190} INFO - [2026-04-20T01:39:32.345+0000] {dag.py:3239} INFO - Sync 1 DAGs
[2026-04-20T01:39:32.356+0000] {logging_mixin.py:190} INFO - [2026-04-20T01:39:32.356+0000] {dag.py:4180} INFO - Setting next_dagrun for example_setup_teardown to None, run_after=None
[2026-04-20T01:39:32.379+0000] {processor.py:208} INFO - Processing /usr/local/python/3.12.1/lib/python3.12/site-packages/airflow/example_dags/example_setup_teardown.py took 0.059 seconds
[2026-04-20T01:40:46.306+0000] {processor.py:186} INFO - Started process (PID=51281) to work on /usr/local/python/3.12.1/lib/python3.12/site-packages/airflow/example_dags/example_setup_teardown.py
[2026-04-20T01:40:46.307+0000] {processor.py:914} INFO - Processing file /usr/local/python/3.12.1/lib/python3.12/site-packages/airflow/example_dags/example_setup_teardown.py for tasks to queue
[2026-04-20T01:40:46.308+0000] {logging_mixin.py:190} INFO - [2026-04-20T01:40:46.308+0000] {dagbag.py:588} INFO - Filling up the DagBag from /usr/local/python/3.12.1/lib/python3.12/site-packages/airflow/example_dags/example_setup_teardown.py
[2026-04-20T01:40:46.315+0000] {processor.py:925} INFO - DAG(s) 'example_setup_teardown' retrieved from /usr/local/python/3.12.1/lib/python3.12/site-packages/airflow/example_dags/example_setup_teardown.py
[2026-04-20T01:40:46.328+0000] {logging_mixin.py:190} INFO - [2026-04-20T01:40:46.327+0000] {dag.py:3239} INFO - Sync 1 DAGs
[2026-04-20T01:40:46.342+0000] {logging_mixin.py:190} INFO - [2026-04-20T01:40:46.342+0000] {dag.py:4180} INFO - Setting next_dagrun for example_setup_teardown to None, run_after=None
[2026-04-20T01:40:46.373+0000] {processor.py:208} INFO - Processing /usr/local/python/3.12.1/lib/python3.12/site-packages/airflow/example_dags/example_setup_teardown.py took 0.071 seconds
[2026-04-20T01:42:00.911+0000] {processor.py:186} INFO - Started process (PID=51989) to work on /usr/local/python/3.12.1/lib/python3.12/site-packages/airflow/example_dags/example_setup_teardown.py
[2026-04-20T01:42:00.912+0000] {processor.py:914} INFO - Processing file /usr/local/python/3.12.1/lib/python3.12/site-packages/airflow/example_dags/example_setup_teardown.py for tasks to queue
[2026-04-20T01:42:00.914+0000] {logging_mixin.py:190} INFO - [2026-04-20T01:42:00.914+0000] {dagbag.py:588} INFO - Filling up the DagBag from /usr/local/python/3.12.1/lib/python3.12/site-packages/airflow/example_dags/example_setup_teardown.py
[2026-04-20T01:42:00.920+0000] {processor.py:925} INFO - DAG(s) 'example_setup_teardown' retrieved from /usr/local/python/3.12.1/lib/python3.12/site-packages/airflow/example_dags/example_setup_teardown.py
[2026-04-20T01:42:00.933+0000] {logging_mixin.py:190} INFO - [2026-04-20T01:42:00.933+0000] {dag.py:3239} INFO - Sync 1 DAGs
[2026-04-20T01:42:00.943+0000] {logging_mixin.py:190} INFO - [2026-04-20T01:42:00.943+0000] {dag.py:4180} INFO - Setting next_dagrun for example_setup_teardown to None, run_after=None
[2026-04-20T01:42:00.961+0000] {processor.py:208} INFO - Processing /usr/local/python/3.12.1/lib/python3.12/site-packages/airflow/example_dags/example_setup_teardown.py took 0.055 seconds
[2026-04-20T01:43:18.668+0000] {processor.py:186} INFO - Started process (PID=52815) to work on /usr/local/python/3.12.1/lib/python3.12/site-packages/airflow/example_dags/example_setup_teardown.py
[2026-04-20T01:43:18.668+0000] {processor.py:914} INFO - Processing file /usr/local/python/3.12.1/lib/python3.12/site-packages/airflow/example_dags/example_setup_teardown.py for tasks to queue
[2026-04-20T01:43:18.670+0000] {logging_mixin.py:190} INFO - [2026-04-20T01:43:18.670+0000] {dagbag.py:588} INFO - Filling up the DagBag from /usr/local/python/3.12.1/lib/python3.12/site-packages/airflow/example_dags/example_setup_teardown.py
[2026-04-20T01:43:18.679+0000] {processor.py:925} INFO - DAG(s) 'example_setup_teardown' retrieved from /usr/local/python/3.12.1/lib/python3.12/site-packages/airflow/example_dags/example_setup_teardown.py
[2026-04-20T01:43:18.696+0000] {logging_mixin.py:190} INFO - [2026-04-20T01:43:18.695+0000] {dag.py:3239} INFO - Sync 1 DAGs
[2026-04-20T01:43:18.706+0000] {logging_mixin.py:190} INFO - [2026-04-20T01:43:18.706+0000] {dag.py:4180} INFO - Setting next_dagrun for example_setup_teardown to None, run_after=None
[2026-04-20T01:43:18.722+0000] {processor.py:208} INFO - Processing /usr/local/python/3.12.1/lib/python3.12/site-packages/airflow/example_dags/example_setup_teardown.py took 0.060 seconds
[2026-04-20T01:44:37.586+0000] {processor.py:186} INFO - Started process (PID=53680) to work on /usr/local/python/3.12.1/lib/python3.12/site-packages/airflow/example_dags/example_setup_teardown.py
[2026-04-20T01:44:37.587+0000] {processor.py:914} INFO - Processing file /usr/local/python/3.12.1/lib/python3.12/site-packages/airflow/example_dags/example_setup_teardown.py for tasks to queue
[2026-04-20T01:44:37.588+0000] {logging_mixin.py:190} INFO - [2026-04-20T01:44:37.588+0000] {dagbag.py:588} INFO - Filling up the DagBag from /usr/local/python/3.12.1/lib/python3.12/site-packages/airflow/example_dags/example_setup_teardown.py
[2026-04-20T01:44:37.595+0000] {processor.py:925} INFO - DAG(s) 'example_setup_teardown' retrieved from /usr/local/python/3.12.1/lib/python3.12/site-packages/airflow/example_dags/example_setup_teardown.py
[2026-04-20T01:44:37.607+0000] {logging_mixin.py:190} INFO - [2026-04-20T01:44:37.606+0000] {dag.py:3239} INFO - Sync 1 DAGs
[2026-04-20T01:44:37.616+0000] {logging_mixin.py:190} INFO - [2026-04-20T01:44:37.616+0000] {dag.py:4180} INFO - Setting next_dagrun for example_setup_teardown to None, run_after=None
[2026-04-20T01:44:37.632+0000] {processor.py:208} INFO - Processing /usr/local/python/3.12.1/lib/python3.12/site-packages/airflow/example_dags/example_setup_teardown.py took 0.052 seconds
[2026-04-20T01:45:58.360+0000] {processor.py:186} INFO - Started process (PID=54475) to work on /usr/local/python/3.12.1/lib/python3.12/site-packages/airflow/example_dags/example_setup_teardown.py
[2026-04-20T01:45:58.361+0000] {processor.py:914} INFO - Processing file /usr/local/python/3.12.1/lib/python3.12/site-packages/airflow/example_dags/example_setup_teardown.py for tasks to queue
[2026-04-20T01:45:58.362+0000] {logging_mixin.py:190} INFO - [2026-04-20T01:45:58.362+0000] {dagbag.py:588} INFO - Filling up the DagBag from /usr/local/python/3.12.1/lib/python3.12/site-packages/airflow/example_dags/example_setup_teardown.py
[2026-04-20T01:45:58.372+0000] {processor.py:925} INFO - DAG(s) 'example_setup_teardown' retrieved from /usr/local/python/3.12.1/lib/python3.12/site-packages/airflow/example_dags/example_setup_teardown.py
[2026-04-20T01:45:58.388+0000] {logging_mixin.py:190} INFO - [2026-04-20T01:45:58.388+0000] {dag.py:3239} INFO - Sync 1 DAGs
[2026-04-20T01:45:58.398+0000] {logging_mixin.py:190} INFO - [2026-04-20T01:45:58.398+0000] {dag.py:4180} INFO - Setting next_dagrun for example_setup_teardown to None, run_after=None
[2026-04-20T01:45:58.414+0000] {processor.py:208} INFO - Processing /usr/local/python/3.12.1/lib/python3.12/site-packages/airflow/example_dags/example_setup_teardown.py took 0.058 seconds
[2026-04-20T01:47:22.835+0000] {processor.py:186} INFO - Started process (PID=55358) to work on /usr/local/python/3.12.1/lib/python3.12/site-packages/airflow/example_dags/example_setup_teardown.py
[2026-04-20T01:47:22.835+0000] {processor.py:914} INFO - Processing file /usr/local/python/3.12.1/lib/python3.12/site-packages/airflow/example_dags/example_setup_teardown.py for tasks to queue
[2026-04-20T01:47:22.837+0000] {logging_mixin.py:190} INFO - [2026-04-20T01:47:22.836+0000] {dagbag.py:588} INFO - Filling up the DagBag from /usr/local/python/3.12.1/lib/python3.12/site-packages/airflow/example_dags/example_setup_teardown.py
[2026-04-20T01:47:22.843+0000] {processor.py:925} INFO - DAG(s) 'example_setup_teardown' retrieved from /usr/local/python/3.12.1/lib/python3.12/site-packages/airflow/example_dags/example_setup_teardown.py
[2026-04-20T01:47:22.855+0000] {logging_mixin.py:190} INFO - [2026-04-20T01:47:22.855+0000] {dag.py:3239} INFO - Sync 1 DAGs
[2026-04-20T01:47:22.868+0000] {logging_mixin.py:190} INFO - [2026-04-20T01:47:22.868+0000] {dag.py:4180} INFO - Setting next_dagrun for example_setup_teardown to None, run_after=None
[2026-04-20T01:47:22.889+0000] {processor.py:208} INFO - Processing /usr/local/python/3.12.1/lib/python3.12/site-packages/airflow/example_dags/example_setup_teardown.py took 0.059 seconds
[2026-04-20T01:48:46.631+0000] {processor.py:186} INFO - Started process (PID=56176) to work on /usr/local/python/3.12.1/lib/python3.12/site-packages/airflow/example_dags/example_setup_teardown.py
[2026-04-20T01:48:46.632+0000] {processor.py:914} INFO - Processing file /usr/local/python/3.12.1/lib/python3.12/site-packages/airflow/example_dags/example_setup_teardown.py for tasks to queue
[2026-04-20T01:48:46.633+0000] {logging_mixin.py:190} INFO - [2026-04-20T01:48:46.633+0000] {dagbag.py:588} INFO - Filling up the DagBag from /usr/local/python/3.12.1/lib/python3.12/site-packages/airflow/example_dags/example_setup_teardown.py
[2026-04-20T01:48:46.640+0000] {processor.py:925} INFO - DAG(s) 'example_setup_teardown' retrieved from /usr/local/python/3.12.1/lib/python3.12/site-packages/airflow/example_dags/example_setup_teardown.py
[2026-04-20T01:48:46.652+0000] {logging_mixin.py:190} INFO - [2026-04-20T01:48:46.652+0000] {dag.py:3239} INFO - Sync 1 DAGs
[2026-04-20T01:48:46.663+0000] {logging_mixin.py:190} INFO - [2026-04-20T01:48:46.663+0000] {dag.py:4180} INFO - Setting next_dagrun for example_setup_teardown to None, run_after=None
[2026-04-20T01:48:46.691+0000] {processor.py:208} INFO - Processing /usr/local/python/3.12.1/lib/python3.12/site-packages/airflow/example_dags/example_setup_teardown.py took 0.065 seconds
[2026-04-20T01:50:12.433+0000] {processor.py:186} INFO - Started process (PID=57084) to work on /usr/local/python/3.12.1/lib/python3.12/site-packages/airflow/example_dags/example_setup_teardown.py
[2026-04-20T01:50:12.434+0000] {processor.py:914} INFO - Processing file /usr/local/python/3.12.1/lib/python3.12/site-packages/airflow/example_dags/example_setup_teardown.py for tasks to queue
[2026-04-20T01:50:12.435+0000] {logging_mixin.py:190} INFO - [2026-04-20T01:50:12.434+0000] {dagbag.py:588} INFO - Filling up the DagBag from /usr/local/python/3.12.1/lib/python3.12/site-packages/airflow/example_dags/example_setup_teardown.py
[2026-04-20T01:50:12.442+0000] {processor.py:925} INFO - DAG(s) 'example_setup_teardown' retrieved from /usr/local/python/3.12.1/lib/python3.12/site-packages/airflow/example_dags/example_setup_teardown.py
[2026-04-20T01:50:12.455+0000] {logging_mixin.py:190} INFO - [2026-04-20T01:50:12.455+0000] {dag.py:3239} INFO - Sync 1 DAGs
[2026-04-20T01:50:12.577+0000] {logging_mixin.py:190} INFO - [2026-04-20T01:50:12.577+0000] {dag.py:4180} INFO - Setting next_dagrun for example_setup_teardown to None, run_after=None
[2026-04-20T01:50:12.595+0000] {processor.py:208} INFO - Processing /usr/local/python/3.12.1/lib/python3.12/site-packages/airflow/example_dags/example_setup_teardown.py took 0.168 seconds
[2026-04-20T01:51:38.488+0000] {processor.py:186} INFO - Started process (PID=57917) to work on /usr/local/python/3.12.1/lib/python3.12/site-packages/airflow/example_dags/example_setup_teardown.py
[2026-04-20T01:51:38.488+0000] {processor.py:914} INFO - Processing file /usr/local/python/3.12.1/lib/python3.12/site-packages/airflow/example_dags/example_setup_teardown.py for tasks to queue
[2026-04-20T01:51:38.489+0000] {logging_mixin.py:190} INFO - [2026-04-20T01:51:38.489+0000] {dagbag.py:588} INFO - Filling up the DagBag from /usr/local/python/3.12.1/lib/python3.12/site-packages/airflow/example_dags/example_setup_teardown.py
[2026-04-20T01:51:38.497+0000] {processor.py:925} INFO - DAG(s) 'example_setup_teardown' retrieved from /usr/local/python/3.12.1/lib/python3.12/site-packages/airflow/example_dags/example_setup_teardown.py
[2026-04-20T01:51:38.514+0000] {logging_mixin.py:190} INFO - [2026-04-20T01:51:38.514+0000] {dag.py:3239} INFO - Sync 1 DAGs
[2026-04-20T01:51:38.524+0000] {logging_mixin.py:190} INFO - [2026-04-20T01:51:38.524+0000] {dag.py:4180} INFO - Setting next_dagrun for example_setup_teardown to None, run_after=None
[2026-04-20T01:51:38.650+0000] {processor.py:208} INFO - Processing /usr/local/python/3.12.1/lib/python3.12/site-packages/airflow/example_dags/example_setup_teardown.py took 0.167 seconds
[2026-04-20T01:53:03.989+0000] {processor.py:186} INFO - Started process (PID=58825) to work on /usr/local/python/3.12.1/lib/python3.12/site-packages/airflow/example_dags/example_setup_teardown.py
[2026-04-20T01:53:03.990+0000] {processor.py:914} INFO - Processing file /usr/local/python/3.12.1/lib/python3.12/site-packages/airflow/example_dags/example_setup_teardown.py for tasks to queue
[2026-04-20T01:53:03.991+0000] {logging_mixin.py:190} INFO - [2026-04-20T01:53:03.990+0000] {dagbag.py:588} INFO - Filling up the DagBag from /usr/local/python/3.12.1/lib/python3.12/site-packages/airflow/example_dags/example_setup_teardown.py
[2026-04-20T01:53:03.998+0000] {processor.py:925} INFO - DAG(s) 'example_setup_teardown' retrieved from /usr/local/python/3.12.1/lib/python3.12/site-packages/airflow/example_dags/example_setup_teardown.py
[2026-04-20T01:53:04.010+0000] {logging_mixin.py:190} INFO - [2026-04-20T01:53:04.010+0000] {dag.py:3239} INFO - Sync 1 DAGs
[2026-04-20T01:53:04.020+0000] {logging_mixin.py:190} INFO - [2026-04-20T01:53:04.020+0000] {dag.py:4180} INFO - Setting next_dagrun for example_setup_teardown to None, run_after=None
[2026-04-20T01:53:04.037+0000] {processor.py:208} INFO - Processing /usr/local/python/3.12.1/lib/python3.12/site-packages/airflow/example_dags/example_setup_teardown.py took 0.053 seconds
[2026-04-20T01:54:21.812+0000] {processor.py:186} INFO - Started process (PID=59723) to work on /usr/local/python/3.12.1/lib/python3.12/site-packages/airflow/example_dags/example_setup_teardown.py
[2026-04-20T01:54:21.812+0000] {processor.py:914} INFO - Processing file /usr/local/python/3.12.1/lib/python3.12/site-packages/airflow/example_dags/example_setup_teardown.py for tasks to queue
[2026-04-20T01:54:21.813+0000] {logging_mixin.py:190} INFO - [2026-04-20T01:54:21.813+0000] {dagbag.py:588} INFO - Filling up the DagBag from /usr/local/python/3.12.1/lib/python3.12/site-packages/airflow/example_dags/example_setup_teardown.py
[2026-04-20T01:54:21.820+0000] {processor.py:925} INFO - DAG(s) 'example_setup_teardown' retrieved from /usr/local/python/3.12.1/lib/python3.12/site-packages/airflow/example_dags/example_setup_teardown.py
[2026-04-20T01:54:21.832+0000] {logging_mixin.py:190} INFO - [2026-04-20T01:54:21.832+0000] {dag.py:3239} INFO - Sync 1 DAGs
[2026-04-20T01:54:21.842+0000] {logging_mixin.py:190} INFO - [2026-04-20T01:54:21.842+0000] {dag.py:4180} INFO - Setting next_dagrun for example_setup_teardown to None, run_after=None
[2026-04-20T01:54:21.858+0000] {processor.py:208} INFO - Processing /usr/local/python/3.12.1/lib/python3.12/site-packages/airflow/example_dags/example_setup_teardown.py took 0.052 seconds
[2026-04-20T01:55:39.756+0000] {processor.py:186} INFO - Started process (PID=60511) to work on /usr/local/python/3.12.1/lib/python3.12/site-packages/airflow/example_dags/example_setup_teardown.py
[2026-04-20T01:55:39.756+0000] {processor.py:914} INFO - Processing file /usr/local/python/3.12.1/lib/python3.12/site-packages/airflow/example_dags/example_setup_teardown.py for tasks to queue
[2026-04-20T01:55:39.757+0000] {logging_mixin.py:190} INFO - [2026-04-20T01:55:39.757+0000] {dagbag.py:588} INFO - Filling up the DagBag from /usr/local/python/3.12.1/lib/python3.12/site-packages/airflow/example_dags/example_setup_teardown.py
[2026-04-20T01:55:39.766+0000] {processor.py:925} INFO - DAG(s) 'example_setup_teardown' retrieved from /usr/local/python/3.12.1/lib/python3.12/site-packages/airflow/example_dags/example_setup_teardown.py
[2026-04-20T01:55:39.784+0000] {logging_mixin.py:190} INFO - [2026-04-20T01:55:39.783+0000] {dag.py:3239} INFO - Sync 1 DAGs
[2026-04-20T01:55:39.796+0000] {logging_mixin.py:190} INFO - [2026-04-20T01:55:39.796+0000] {dag.py:4180} INFO - Setting next_dagrun for example_setup_teardown to None, run_after=None
[2026-04-20T01:55:39.813+0000] {processor.py:208} INFO - Processing /usr/local/python/3.12.1/lib/python3.12/site-packages/airflow/example_dags/example_setup_teardown.py took 0.062 seconds
[2026-04-20T01:56:56.932+0000] {processor.py:186} INFO - Started process (PID=61295) to work on /usr/local/python/3.12.1/lib/python3.12/site-packages/airflow/example_dags/example_setup_teardown.py
[2026-04-20T01:56:56.933+0000] {processor.py:914} INFO - Processing file /usr/local/python/3.12.1/lib/python3.12/site-packages/airflow/example_dags/example_setup_teardown.py for tasks to queue
[2026-04-20T01:56:56.934+0000] {logging_mixin.py:190} INFO - [2026-04-20T01:56:56.934+0000] {dagbag.py:588} INFO - Filling up the DagBag from /usr/local/python/3.12.1/lib/python3.12/site-packages/airflow/example_dags/example_setup_teardown.py
[2026-04-20T01:56:56.947+0000] {processor.py:925} INFO - DAG(s) 'example_setup_teardown' retrieved from /usr/local/python/3.12.1/lib/python3.12/site-packages/airflow/example_dags/example_setup_teardown.py
[2026-04-20T01:56:56.959+0000] {logging_mixin.py:190} INFO - [2026-04-20T01:56:56.959+0000] {dag.py:3239} INFO - Sync 1 DAGs
[2026-04-20T01:56:56.971+0000] {logging_mixin.py:190} INFO - [2026-04-20T01:56:56.971+0000] {dag.py:4180} INFO - Setting next_dagrun for example_setup_teardown to None, run_after=None
[2026-04-20T01:56:56.990+0000] {processor.py:208} INFO - Processing /usr/local/python/3.12.1/lib/python3.12/site-packages/airflow/example_dags/example_setup_teardown.py took 0.064 seconds
[2026-04-20T01:58:12.065+0000] {processor.py:186} INFO - Started process (PID=62111) to work on /usr/local/python/3.12.1/lib/python3.12/site-packages/airflow/example_dags/example_setup_teardown.py
[2026-04-20T01:58:12.066+0000] {processor.py:914} INFO - Processing file /usr/local/python/3.12.1/lib/python3.12/site-packages/airflow/example_dags/example_setup_teardown.py for tasks to queue
[2026-04-20T01:58:12.067+0000] {logging_mixin.py:190} INFO - [2026-04-20T01:58:12.067+0000] {dagbag.py:588} INFO - Filling up the DagBag from /usr/local/python/3.12.1/lib/python3.12/site-packages/airflow/example_dags/example_setup_teardown.py
[2026-04-20T01:58:12.076+0000] {processor.py:925} INFO - DAG(s) 'example_setup_teardown' retrieved from /usr/local/python/3.12.1/lib/python3.12/site-packages/airflow/example_dags/example_setup_teardown.py
[2026-04-20T01:58:12.091+0000] {logging_mixin.py:190} INFO - [2026-04-20T01:58:12.090+0000] {dag.py:3239} INFO - Sync 1 DAGs
[2026-04-20T01:58:12.100+0000] {logging_mixin.py:190} INFO - [2026-04-20T01:58:12.100+0000] {dag.py:4180} INFO - Setting next_dagrun for example_setup_teardown to None, run_after=None
[2026-04-20T01:58:12.117+0000] {processor.py:208} INFO - Processing /usr/local/python/3.12.1/lib/python3.12/site-packages/airflow/example_dags/example_setup_teardown.py took 0.056 seconds
[2026-04-20T14:13:48.492+0000] {processor.py:186} INFO - Started process (PID=7344) to work on /usr/local/python/3.12.1/lib/python3.12/site-packages/airflow/example_dags/example_setup_teardown.py
[2026-04-20T14:13:48.493+0000] {processor.py:914} INFO - Processing file /usr/local/python/3.12.1/lib/python3.12/site-packages/airflow/example_dags/example_setup_teardown.py for tasks to queue
[2026-04-20T14:13:48.494+0000] {logging_mixin.py:190} INFO - [2026-04-20T14:13:48.494+0000] {dagbag.py:588} INFO - Filling up the DagBag from /usr/local/python/3.12.1/lib/python3.12/site-packages/airflow/example_dags/example_setup_teardown.py
[2026-04-20T14:13:48.501+0000] {processor.py:925} INFO - DAG(s) 'example_setup_teardown' retrieved from /usr/local/python/3.12.1/lib/python3.12/site-packages/airflow/example_dags/example_setup_teardown.py
[2026-04-20T14:13:48.518+0000] {logging_mixin.py:190} INFO - [2026-04-20T14:13:48.518+0000] {dag.py:3239} INFO - Sync 1 DAGs
[2026-04-20T14:13:48.528+0000] {logging_mixin.py:190} INFO - [2026-04-20T14:13:48.528+0000] {dag.py:4180} INFO - Setting next_dagrun for example_setup_teardown to None, run_after=None
[2026-04-20T14:13:48.545+0000] {processor.py:208} INFO - Processing /usr/local/python/3.12.1/lib/python3.12/site-packages/airflow/example_dags/example_setup_teardown.py took 0.058 seconds
[2026-04-20T14:14:57.079+0000] {processor.py:186} INFO - Started process (PID=7952) to work on /usr/local/python/3.12.1/lib/python3.12/site-packages/airflow/example_dags/example_setup_teardown.py
[2026-04-20T14:14:57.080+0000] {processor.py:914} INFO - Processing file /usr/local/python/3.12.1/lib/python3.12/site-packages/airflow/example_dags/example_setup_teardown.py for tasks to queue
[2026-04-20T14:14:57.082+0000] {logging_mixin.py:190} INFO - [2026-04-20T14:14:57.082+0000] {dagbag.py:588} INFO - Filling up the DagBag from /usr/local/python/3.12.1/lib/python3.12/site-packages/airflow/example_dags/example_setup_teardown.py
[2026-04-20T14:14:57.092+0000] {processor.py:925} INFO - DAG(s) 'example_setup_teardown' retrieved from /usr/local/python/3.12.1/lib/python3.12/site-packages/airflow/example_dags/example_setup_teardown.py
[2026-04-20T14:14:57.106+0000] {logging_mixin.py:190} INFO - [2026-04-20T14:14:57.106+0000] {dag.py:3239} INFO - Sync 1 DAGs
[2026-04-20T14:14:57.116+0000] {logging_mixin.py:190} INFO - [2026-04-20T14:14:57.116+0000] {dag.py:4180} INFO - Setting next_dagrun for example_setup_teardown to None, run_after=None
[2026-04-20T14:14:57.133+0000] {processor.py:208} INFO - Processing /usr/local/python/3.12.1/lib/python3.12/site-packages/airflow/example_dags/example_setup_teardown.py took 0.058 seconds
[2026-04-20T14:16:18.560+0000] {processor.py:186} INFO - Started process (PID=9738) to work on /usr/local/python/3.12.1/lib/python3.12/site-packages/airflow/example_dags/example_setup_teardown.py
[2026-04-20T14:16:18.561+0000] {processor.py:914} INFO - Processing file /usr/local/python/3.12.1/lib/python3.12/site-packages/airflow/example_dags/example_setup_teardown.py for tasks to queue
[2026-04-20T14:16:18.564+0000] {logging_mixin.py:190} INFO - [2026-04-20T14:16:18.563+0000] {dagbag.py:588} INFO - Filling up the DagBag from /usr/local/python/3.12.1/lib/python3.12/site-packages/airflow/example_dags/example_setup_teardown.py
[2026-04-20T14:16:18.574+0000] {processor.py:925} INFO - DAG(s) 'example_setup_teardown' retrieved from /usr/local/python/3.12.1/lib/python3.12/site-packages/airflow/example_dags/example_setup_teardown.py
[2026-04-20T14:16:18.592+0000] {logging_mixin.py:190} INFO - [2026-04-20T14:16:18.592+0000] {dag.py:3239} INFO - Sync 1 DAGs
[2026-04-20T14:16:18.604+0000] {logging_mixin.py:190} INFO - [2026-04-20T14:16:18.604+0000] {dag.py:4180} INFO - Setting next_dagrun for example_setup_teardown to None, run_after=None
[2026-04-20T14:16:18.621+0000] {processor.py:208} INFO - Processing /usr/local/python/3.12.1/lib/python3.12/site-packages/airflow/example_dags/example_setup_teardown.py took 0.068 seconds
