[2026-04-20T00:50:08.403+0000] {processor.py:186} INFO - Started process (PID=16536) to work on /usr/local/python/3.12.1/lib/python3.12/site-packages/airflow/example_dags/example_bash_decorator.py
[2026-04-20T00:50:08.404+0000] {processor.py:914} INFO - Processing file /usr/local/python/3.12.1/lib/python3.12/site-packages/airflow/example_dags/example_bash_decorator.py for tasks to queue
[2026-04-20T00:50:08.405+0000] {logging_mixin.py:190} INFO - [2026-04-20T00:50:08.405+0000] {dagbag.py:588} INFO - Filling up the DagBag from /usr/local/python/3.12.1/lib/python3.12/site-packages/airflow/example_dags/example_bash_decorator.py
[2026-04-20T00:50:08.418+0000] {processor.py:925} INFO - DAG(s) 'example_bash_decorator' retrieved from /usr/local/python/3.12.1/lib/python3.12/site-packages/airflow/example_dags/example_bash_decorator.py
[2026-04-20T00:50:08.506+0000] {logging_mixin.py:190} INFO - [2026-04-20T00:50:08.506+0000] {dag.py:3239} INFO - Sync 1 DAGs
[2026-04-20T00:50:08.517+0000] {logging_mixin.py:190} INFO - [2026-04-20T00:50:08.517+0000] {dag.py:4180} INFO - Setting next_dagrun for example_bash_decorator to None, run_after=None
[2026-04-20T00:50:08.539+0000] {processor.py:208} INFO - Processing /usr/local/python/3.12.1/lib/python3.12/site-packages/airflow/example_dags/example_bash_decorator.py took 0.140 seconds
[2026-04-20T00:51:24.014+0000] {processor.py:186} INFO - Started process (PID=17700) to work on /usr/local/python/3.12.1/lib/python3.12/site-packages/airflow/example_dags/example_bash_decorator.py
[2026-04-20T00:51:24.015+0000] {processor.py:914} INFO - Processing file /usr/local/python/3.12.1/lib/python3.12/site-packages/airflow/example_dags/example_bash_decorator.py for tasks to queue
[2026-04-20T00:51:24.016+0000] {logging_mixin.py:190} INFO - [2026-04-20T00:51:24.016+0000] {dagbag.py:588} INFO - Filling up the DagBag from /usr/local/python/3.12.1/lib/python3.12/site-packages/airflow/example_dags/example_bash_decorator.py
[2026-04-20T00:51:24.029+0000] {processor.py:925} INFO - DAG(s) 'example_bash_decorator' retrieved from /usr/local/python/3.12.1/lib/python3.12/site-packages/airflow/example_dags/example_bash_decorator.py
[2026-04-20T00:51:24.045+0000] {logging_mixin.py:190} INFO - [2026-04-20T00:51:24.045+0000] {dag.py:3239} INFO - Sync 1 DAGs
[2026-04-20T00:51:24.055+0000] {logging_mixin.py:190} INFO - [2026-04-20T00:51:24.055+0000] {dag.py:4180} INFO - Setting next_dagrun for example_bash_decorator to None, run_after=None
[2026-04-20T00:51:24.071+0000] {processor.py:208} INFO - Processing /usr/local/python/3.12.1/lib/python3.12/site-packages/airflow/example_dags/example_bash_decorator.py took 0.061 seconds
[2026-04-20T00:52:40.479+0000] {processor.py:186} INFO - Started process (PID=19149) to work on /usr/local/python/3.12.1/lib/python3.12/site-packages/airflow/example_dags/example_bash_decorator.py
[2026-04-20T00:52:40.480+0000] {processor.py:914} INFO - Processing file /usr/local/python/3.12.1/lib/python3.12/site-packages/airflow/example_dags/example_bash_decorator.py for tasks to queue
[2026-04-20T00:52:40.482+0000] {logging_mixin.py:190} INFO - [2026-04-20T00:52:40.482+0000] {dagbag.py:588} INFO - Filling up the DagBag from /usr/local/python/3.12.1/lib/python3.12/site-packages/airflow/example_dags/example_bash_decorator.py
[2026-04-20T00:52:40.495+0000] {processor.py:925} INFO - DAG(s) 'example_bash_decorator' retrieved from /usr/local/python/3.12.1/lib/python3.12/site-packages/airflow/example_dags/example_bash_decorator.py
[2026-04-20T00:52:40.510+0000] {logging_mixin.py:190} INFO - [2026-04-20T00:52:40.510+0000] {dag.py:3239} INFO - Sync 1 DAGs
[2026-04-20T00:52:40.520+0000] {logging_mixin.py:190} INFO - [2026-04-20T00:52:40.520+0000] {dag.py:4180} INFO - Setting next_dagrun for example_bash_decorator to None, run_after=None
[2026-04-20T00:52:40.537+0000] {processor.py:208} INFO - Processing /usr/local/python/3.12.1/lib/python3.12/site-packages/airflow/example_dags/example_bash_decorator.py took 0.064 seconds
[2026-04-20T00:54:00.244+0000] {processor.py:186} INFO - Started process (PID=20241) to work on /usr/local/python/3.12.1/lib/python3.12/site-packages/airflow/example_dags/example_bash_decorator.py
[2026-04-20T00:54:00.244+0000] {processor.py:914} INFO - Processing file /usr/local/python/3.12.1/lib/python3.12/site-packages/airflow/example_dags/example_bash_decorator.py for tasks to queue
[2026-04-20T00:54:00.246+0000] {logging_mixin.py:190} INFO - [2026-04-20T00:54:00.245+0000] {dagbag.py:588} INFO - Filling up the DagBag from /usr/local/python/3.12.1/lib/python3.12/site-packages/airflow/example_dags/example_bash_decorator.py
[2026-04-20T00:54:00.258+0000] {processor.py:925} INFO - DAG(s) 'example_bash_decorator' retrieved from /usr/local/python/3.12.1/lib/python3.12/site-packages/airflow/example_dags/example_bash_decorator.py
[2026-04-20T00:54:00.272+0000] {logging_mixin.py:190} INFO - [2026-04-20T00:54:00.272+0000] {dag.py:3239} INFO - Sync 1 DAGs
[2026-04-20T00:54:00.282+0000] {logging_mixin.py:190} INFO - [2026-04-20T00:54:00.282+0000] {dag.py:4180} INFO - Setting next_dagrun for example_bash_decorator to None, run_after=None
[2026-04-20T00:54:00.298+0000] {processor.py:208} INFO - Processing /usr/local/python/3.12.1/lib/python3.12/site-packages/airflow/example_dags/example_bash_decorator.py took 0.058 seconds
[2026-04-20T00:55:17.342+0000] {processor.py:186} INFO - Started process (PID=21138) to work on /usr/local/python/3.12.1/lib/python3.12/site-packages/airflow/example_dags/example_bash_decorator.py
[2026-04-20T00:55:17.342+0000] {processor.py:914} INFO - Processing file /usr/local/python/3.12.1/lib/python3.12/site-packages/airflow/example_dags/example_bash_decorator.py for tasks to queue
[2026-04-20T00:55:17.344+0000] {logging_mixin.py:190} INFO - [2026-04-20T00:55:17.344+0000] {dagbag.py:588} INFO - Filling up the DagBag from /usr/local/python/3.12.1/lib/python3.12/site-packages/airflow/example_dags/example_bash_decorator.py
[2026-04-20T00:55:17.358+0000] {processor.py:925} INFO - DAG(s) 'example_bash_decorator' retrieved from /usr/local/python/3.12.1/lib/python3.12/site-packages/airflow/example_dags/example_bash_decorator.py
[2026-04-20T00:55:17.374+0000] {logging_mixin.py:190} INFO - [2026-04-20T00:55:17.374+0000] {dag.py:3239} INFO - Sync 1 DAGs
[2026-04-20T00:55:17.383+0000] {logging_mixin.py:190} INFO - [2026-04-20T00:55:17.383+0000] {dag.py:4180} INFO - Setting next_dagrun for example_bash_decorator to None, run_after=None
[2026-04-20T00:55:17.398+0000] {processor.py:208} INFO - Processing /usr/local/python/3.12.1/lib/python3.12/site-packages/airflow/example_dags/example_bash_decorator.py took 0.061 seconds
[2026-04-20T00:56:34.962+0000] {processor.py:186} INFO - Started process (PID=22025) to work on /usr/local/python/3.12.1/lib/python3.12/site-packages/airflow/example_dags/example_bash_decorator.py
[2026-04-20T00:56:34.963+0000] {processor.py:914} INFO - Processing file /usr/local/python/3.12.1/lib/python3.12/site-packages/airflow/example_dags/example_bash_decorator.py for tasks to queue
[2026-04-20T00:56:34.967+0000] {logging_mixin.py:190} INFO - [2026-04-20T00:56:34.966+0000] {dagbag.py:588} INFO - Filling up the DagBag from /usr/local/python/3.12.1/lib/python3.12/site-packages/airflow/example_dags/example_bash_decorator.py
[2026-04-20T00:56:34.984+0000] {processor.py:925} INFO - DAG(s) 'example_bash_decorator' retrieved from /usr/local/python/3.12.1/lib/python3.12/site-packages/airflow/example_dags/example_bash_decorator.py
[2026-04-20T00:56:35.000+0000] {logging_mixin.py:190} INFO - [2026-04-20T00:56:34.999+0000] {dag.py:3239} INFO - Sync 1 DAGs
[2026-04-20T00:56:35.009+0000] {logging_mixin.py:190} INFO - [2026-04-20T00:56:35.009+0000] {dag.py:4180} INFO - Setting next_dagrun for example_bash_decorator to None, run_after=None
[2026-04-20T00:56:35.025+0000] {processor.py:208} INFO - Processing /usr/local/python/3.12.1/lib/python3.12/site-packages/airflow/example_dags/example_bash_decorator.py took 0.068 seconds
[2026-04-20T00:57:49.895+0000] {processor.py:186} INFO - Started process (PID=22839) to work on /usr/local/python/3.12.1/lib/python3.12/site-packages/airflow/example_dags/example_bash_decorator.py
[2026-04-20T00:57:49.896+0000] {processor.py:914} INFO - Processing file /usr/local/python/3.12.1/lib/python3.12/site-packages/airflow/example_dags/example_bash_decorator.py for tasks to queue
[2026-04-20T00:57:49.898+0000] {logging_mixin.py:190} INFO - [2026-04-20T00:57:49.897+0000] {dagbag.py:588} INFO - Filling up the DagBag from /usr/local/python/3.12.1/lib/python3.12/site-packages/airflow/example_dags/example_bash_decorator.py
[2026-04-20T00:57:49.910+0000] {processor.py:925} INFO - DAG(s) 'example_bash_decorator' retrieved from /usr/local/python/3.12.1/lib/python3.12/site-packages/airflow/example_dags/example_bash_decorator.py
[2026-04-20T00:57:49.924+0000] {logging_mixin.py:190} INFO - [2026-04-20T00:57:49.924+0000] {dag.py:3239} INFO - Sync 1 DAGs
[2026-04-20T00:57:49.934+0000] {logging_mixin.py:190} INFO - [2026-04-20T00:57:49.934+0000] {dag.py:4180} INFO - Setting next_dagrun for example_bash_decorator to None, run_after=None
[2026-04-20T00:57:49.949+0000] {processor.py:208} INFO - Processing /usr/local/python/3.12.1/lib/python3.12/site-packages/airflow/example_dags/example_bash_decorator.py took 0.058 seconds
[2026-04-20T00:59:05.001+0000] {processor.py:186} INFO - Started process (PID=23683) to work on /usr/local/python/3.12.1/lib/python3.12/site-packages/airflow/example_dags/example_bash_decorator.py
[2026-04-20T00:59:05.002+0000] {processor.py:914} INFO - Processing file /usr/local/python/3.12.1/lib/python3.12/site-packages/airflow/example_dags/example_bash_decorator.py for tasks to queue
[2026-04-20T00:59:05.004+0000] {logging_mixin.py:190} INFO - [2026-04-20T00:59:05.003+0000] {dagbag.py:588} INFO - Filling up the DagBag from /usr/local/python/3.12.1/lib/python3.12/site-packages/airflow/example_dags/example_bash_decorator.py
[2026-04-20T00:59:05.015+0000] {processor.py:925} INFO - DAG(s) 'example_bash_decorator' retrieved from /usr/local/python/3.12.1/lib/python3.12/site-packages/airflow/example_dags/example_bash_decorator.py
[2026-04-20T00:59:05.032+0000] {logging_mixin.py:190} INFO - [2026-04-20T00:59:05.032+0000] {dag.py:3239} INFO - Sync 1 DAGs
[2026-04-20T00:59:05.041+0000] {logging_mixin.py:190} INFO - [2026-04-20T00:59:05.041+0000] {dag.py:4180} INFO - Setting next_dagrun for example_bash_decorator to None, run_after=None
[2026-04-20T00:59:05.059+0000] {processor.py:208} INFO - Processing /usr/local/python/3.12.1/lib/python3.12/site-packages/airflow/example_dags/example_bash_decorator.py took 0.061 seconds
[2026-04-20T01:00:26.216+0000] {processor.py:186} INFO - Started process (PID=24755) to work on /usr/local/python/3.12.1/lib/python3.12/site-packages/airflow/example_dags/example_bash_decorator.py
[2026-04-20T01:00:26.217+0000] {processor.py:914} INFO - Processing file /usr/local/python/3.12.1/lib/python3.12/site-packages/airflow/example_dags/example_bash_decorator.py for tasks to queue
[2026-04-20T01:00:26.218+0000] {logging_mixin.py:190} INFO - [2026-04-20T01:00:26.218+0000] {dagbag.py:588} INFO - Filling up the DagBag from /usr/local/python/3.12.1/lib/python3.12/site-packages/airflow/example_dags/example_bash_decorator.py
[2026-04-20T01:00:26.230+0000] {processor.py:925} INFO - DAG(s) 'example_bash_decorator' retrieved from /usr/local/python/3.12.1/lib/python3.12/site-packages/airflow/example_dags/example_bash_decorator.py
[2026-04-20T01:00:26.244+0000] {logging_mixin.py:190} INFO - [2026-04-20T01:00:26.244+0000] {dag.py:3239} INFO - Sync 1 DAGs
[2026-04-20T01:00:26.254+0000] {logging_mixin.py:190} INFO - [2026-04-20T01:00:26.253+0000] {dag.py:4180} INFO - Setting next_dagrun for example_bash_decorator to None, run_after=None
[2026-04-20T01:00:26.269+0000] {processor.py:208} INFO - Processing /usr/local/python/3.12.1/lib/python3.12/site-packages/airflow/example_dags/example_bash_decorator.py took 0.057 seconds
[2026-04-20T01:01:39.885+0000] {processor.py:186} INFO - Started process (PID=25574) to work on /usr/local/python/3.12.1/lib/python3.12/site-packages/airflow/example_dags/example_bash_decorator.py
[2026-04-20T01:01:39.886+0000] {processor.py:914} INFO - Processing file /usr/local/python/3.12.1/lib/python3.12/site-packages/airflow/example_dags/example_bash_decorator.py for tasks to queue
[2026-04-20T01:01:39.887+0000] {logging_mixin.py:190} INFO - [2026-04-20T01:01:39.887+0000] {dagbag.py:588} INFO - Filling up the DagBag from /usr/local/python/3.12.1/lib/python3.12/site-packages/airflow/example_dags/example_bash_decorator.py
[2026-04-20T01:01:39.899+0000] {processor.py:925} INFO - DAG(s) 'example_bash_decorator' retrieved from /usr/local/python/3.12.1/lib/python3.12/site-packages/airflow/example_dags/example_bash_decorator.py
[2026-04-20T01:01:39.914+0000] {logging_mixin.py:190} INFO - [2026-04-20T01:01:39.914+0000] {dag.py:3239} INFO - Sync 1 DAGs
[2026-04-20T01:01:39.924+0000] {logging_mixin.py:190} INFO - [2026-04-20T01:01:39.923+0000] {dag.py:4180} INFO - Setting next_dagrun for example_bash_decorator to None, run_after=None
[2026-04-20T01:01:39.940+0000] {processor.py:208} INFO - Processing /usr/local/python/3.12.1/lib/python3.12/site-packages/airflow/example_dags/example_bash_decorator.py took 0.059 seconds
[2026-04-20T01:02:54.061+0000] {processor.py:186} INFO - Started process (PID=26338) to work on /usr/local/python/3.12.1/lib/python3.12/site-packages/airflow/example_dags/example_bash_decorator.py
[2026-04-20T01:02:54.062+0000] {processor.py:914} INFO - Processing file /usr/local/python/3.12.1/lib/python3.12/site-packages/airflow/example_dags/example_bash_decorator.py for tasks to queue
[2026-04-20T01:02:54.064+0000] {logging_mixin.py:190} INFO - [2026-04-20T01:02:54.063+0000] {dagbag.py:588} INFO - Filling up the DagBag from /usr/local/python/3.12.1/lib/python3.12/site-packages/airflow/example_dags/example_bash_decorator.py
[2026-04-20T01:02:54.076+0000] {processor.py:925} INFO - DAG(s) 'example_bash_decorator' retrieved from /usr/local/python/3.12.1/lib/python3.12/site-packages/airflow/example_dags/example_bash_decorator.py
[2026-04-20T01:02:54.091+0000] {logging_mixin.py:190} INFO - [2026-04-20T01:02:54.091+0000] {dag.py:3239} INFO - Sync 1 DAGs
[2026-04-20T01:02:54.101+0000] {logging_mixin.py:190} INFO - [2026-04-20T01:02:54.101+0000] {dag.py:4180} INFO - Setting next_dagrun for example_bash_decorator to None, run_after=None
[2026-04-20T01:02:54.118+0000] {processor.py:208} INFO - Processing /usr/local/python/3.12.1/lib/python3.12/site-packages/airflow/example_dags/example_bash_decorator.py took 0.061 seconds
[2026-04-20T01:04:07.915+0000] {processor.py:186} INFO - Started process (PID=27146) to work on /usr/local/python/3.12.1/lib/python3.12/site-packages/airflow/example_dags/example_bash_decorator.py
[2026-04-20T01:04:07.916+0000] {processor.py:914} INFO - Processing file /usr/local/python/3.12.1/lib/python3.12/site-packages/airflow/example_dags/example_bash_decorator.py for tasks to queue
[2026-04-20T01:04:07.918+0000] {logging_mixin.py:190} INFO - [2026-04-20T01:04:07.917+0000] {dagbag.py:588} INFO - Filling up the DagBag from /usr/local/python/3.12.1/lib/python3.12/site-packages/airflow/example_dags/example_bash_decorator.py
[2026-04-20T01:04:07.930+0000] {processor.py:925} INFO - DAG(s) 'example_bash_decorator' retrieved from /usr/local/python/3.12.1/lib/python3.12/site-packages/airflow/example_dags/example_bash_decorator.py
[2026-04-20T01:04:07.945+0000] {logging_mixin.py:190} INFO - [2026-04-20T01:04:07.945+0000] {dag.py:3239} INFO - Sync 1 DAGs
[2026-04-20T01:04:07.955+0000] {logging_mixin.py:190} INFO - [2026-04-20T01:04:07.955+0000] {dag.py:4180} INFO - Setting next_dagrun for example_bash_decorator to None, run_after=None
[2026-04-20T01:04:07.970+0000] {processor.py:208} INFO - Processing /usr/local/python/3.12.1/lib/python3.12/site-packages/airflow/example_dags/example_bash_decorator.py took 0.059 seconds
[2026-04-20T01:05:26.318+0000] {processor.py:186} INFO - Started process (PID=28252) to work on /usr/local/python/3.12.1/lib/python3.12/site-packages/airflow/example_dags/example_bash_decorator.py
[2026-04-20T01:05:26.318+0000] {processor.py:914} INFO - Processing file /usr/local/python/3.12.1/lib/python3.12/site-packages/airflow/example_dags/example_bash_decorator.py for tasks to queue
[2026-04-20T01:05:26.320+0000] {logging_mixin.py:190} INFO - [2026-04-20T01:05:26.320+0000] {dagbag.py:588} INFO - Filling up the DagBag from /usr/local/python/3.12.1/lib/python3.12/site-packages/airflow/example_dags/example_bash_decorator.py
[2026-04-20T01:05:26.332+0000] {processor.py:925} INFO - DAG(s) 'example_bash_decorator' retrieved from /usr/local/python/3.12.1/lib/python3.12/site-packages/airflow/example_dags/example_bash_decorator.py
[2026-04-20T01:05:26.346+0000] {logging_mixin.py:190} INFO - [2026-04-20T01:05:26.346+0000] {dag.py:3239} INFO - Sync 1 DAGs
[2026-04-20T01:05:26.356+0000] {logging_mixin.py:190} INFO - [2026-04-20T01:05:26.355+0000] {dag.py:4180} INFO - Setting next_dagrun for example_bash_decorator to None, run_after=None
[2026-04-20T01:05:26.372+0000] {processor.py:208} INFO - Processing /usr/local/python/3.12.1/lib/python3.12/site-packages/airflow/example_dags/example_bash_decorator.py took 0.058 seconds
[2026-04-20T01:06:48.279+0000] {processor.py:186} INFO - Started process (PID=29209) to work on /usr/local/python/3.12.1/lib/python3.12/site-packages/airflow/example_dags/example_bash_decorator.py
[2026-04-20T01:06:48.279+0000] {processor.py:914} INFO - Processing file /usr/local/python/3.12.1/lib/python3.12/site-packages/airflow/example_dags/example_bash_decorator.py for tasks to queue
[2026-04-20T01:06:48.280+0000] {logging_mixin.py:190} INFO - [2026-04-20T01:06:48.280+0000] {dagbag.py:588} INFO - Filling up the DagBag from /usr/local/python/3.12.1/lib/python3.12/site-packages/airflow/example_dags/example_bash_decorator.py
[2026-04-20T01:06:48.292+0000] {processor.py:925} INFO - DAG(s) 'example_bash_decorator' retrieved from /usr/local/python/3.12.1/lib/python3.12/site-packages/airflow/example_dags/example_bash_decorator.py
[2026-04-20T01:06:48.307+0000] {logging_mixin.py:190} INFO - [2026-04-20T01:06:48.306+0000] {dag.py:3239} INFO - Sync 1 DAGs
[2026-04-20T01:06:48.317+0000] {logging_mixin.py:190} INFO - [2026-04-20T01:06:48.316+0000] {dag.py:4180} INFO - Setting next_dagrun for example_bash_decorator to None, run_after=None
[2026-04-20T01:06:48.332+0000] {processor.py:208} INFO - Processing /usr/local/python/3.12.1/lib/python3.12/site-packages/airflow/example_dags/example_bash_decorator.py took 0.058 seconds
[2026-04-20T01:08:07.078+0000] {processor.py:186} INFO - Started process (PID=30289) to work on /usr/local/python/3.12.1/lib/python3.12/site-packages/airflow/example_dags/example_bash_decorator.py
[2026-04-20T01:08:07.079+0000] {processor.py:914} INFO - Processing file /usr/local/python/3.12.1/lib/python3.12/site-packages/airflow/example_dags/example_bash_decorator.py for tasks to queue
[2026-04-20T01:08:07.080+0000] {logging_mixin.py:190} INFO - [2026-04-20T01:08:07.079+0000] {dagbag.py:588} INFO - Filling up the DagBag from /usr/local/python/3.12.1/lib/python3.12/site-packages/airflow/example_dags/example_bash_decorator.py
[2026-04-20T01:08:07.092+0000] {processor.py:925} INFO - DAG(s) 'example_bash_decorator' retrieved from /usr/local/python/3.12.1/lib/python3.12/site-packages/airflow/example_dags/example_bash_decorator.py
[2026-04-20T01:08:07.107+0000] {logging_mixin.py:190} INFO - [2026-04-20T01:08:07.107+0000] {dag.py:3239} INFO - Sync 1 DAGs
[2026-04-20T01:08:07.117+0000] {logging_mixin.py:190} INFO - [2026-04-20T01:08:07.117+0000] {dag.py:4180} INFO - Setting next_dagrun for example_bash_decorator to None, run_after=None
[2026-04-20T01:08:07.133+0000] {processor.py:208} INFO - Processing /usr/local/python/3.12.1/lib/python3.12/site-packages/airflow/example_dags/example_bash_decorator.py took 0.059 seconds
[2026-04-20T01:09:19.275+0000] {processor.py:186} INFO - Started process (PID=31110) to work on /usr/local/python/3.12.1/lib/python3.12/site-packages/airflow/example_dags/example_bash_decorator.py
[2026-04-20T01:09:19.276+0000] {processor.py:914} INFO - Processing file /usr/local/python/3.12.1/lib/python3.12/site-packages/airflow/example_dags/example_bash_decorator.py for tasks to queue
[2026-04-20T01:09:19.277+0000] {logging_mixin.py:190} INFO - [2026-04-20T01:09:19.277+0000] {dagbag.py:588} INFO - Filling up the DagBag from /usr/local/python/3.12.1/lib/python3.12/site-packages/airflow/example_dags/example_bash_decorator.py
[2026-04-20T01:09:19.289+0000] {processor.py:925} INFO - DAG(s) 'example_bash_decorator' retrieved from /usr/local/python/3.12.1/lib/python3.12/site-packages/airflow/example_dags/example_bash_decorator.py
[2026-04-20T01:09:19.304+0000] {logging_mixin.py:190} INFO - [2026-04-20T01:09:19.304+0000] {dag.py:3239} INFO - Sync 1 DAGs
[2026-04-20T01:09:19.314+0000] {logging_mixin.py:190} INFO - [2026-04-20T01:09:19.314+0000] {dag.py:4180} INFO - Setting next_dagrun for example_bash_decorator to None, run_after=None
[2026-04-20T01:09:19.331+0000] {processor.py:208} INFO - Processing /usr/local/python/3.12.1/lib/python3.12/site-packages/airflow/example_dags/example_bash_decorator.py took 0.060 seconds
[2026-04-20T01:10:47.310+0000] {processor.py:186} INFO - Started process (PID=32566) to work on /usr/local/python/3.12.1/lib/python3.12/site-packages/airflow/example_dags/example_bash_decorator.py
[2026-04-20T01:10:47.311+0000] {processor.py:914} INFO - Processing file /usr/local/python/3.12.1/lib/python3.12/site-packages/airflow/example_dags/example_bash_decorator.py for tasks to queue
[2026-04-20T01:10:47.312+0000] {logging_mixin.py:190} INFO - [2026-04-20T01:10:47.312+0000] {dagbag.py:588} INFO - Filling up the DagBag from /usr/local/python/3.12.1/lib/python3.12/site-packages/airflow/example_dags/example_bash_decorator.py
[2026-04-20T01:10:47.324+0000] {processor.py:925} INFO - DAG(s) 'example_bash_decorator' retrieved from /usr/local/python/3.12.1/lib/python3.12/site-packages/airflow/example_dags/example_bash_decorator.py
[2026-04-20T01:10:47.339+0000] {logging_mixin.py:190} INFO - [2026-04-20T01:10:47.338+0000] {dag.py:3239} INFO - Sync 1 DAGs
[2026-04-20T01:10:47.351+0000] {logging_mixin.py:190} INFO - [2026-04-20T01:10:47.350+0000] {dag.py:4180} INFO - Setting next_dagrun for example_bash_decorator to None, run_after=None
[2026-04-20T01:10:47.367+0000] {processor.py:208} INFO - Processing /usr/local/python/3.12.1/lib/python3.12/site-packages/airflow/example_dags/example_bash_decorator.py took 0.061 seconds
[2026-04-20T01:12:03.177+0000] {processor.py:186} INFO - Started process (PID=33355) to work on /usr/local/python/3.12.1/lib/python3.12/site-packages/airflow/example_dags/example_bash_decorator.py
[2026-04-20T01:12:03.178+0000] {processor.py:914} INFO - Processing file /usr/local/python/3.12.1/lib/python3.12/site-packages/airflow/example_dags/example_bash_decorator.py for tasks to queue
[2026-04-20T01:12:03.179+0000] {logging_mixin.py:190} INFO - [2026-04-20T01:12:03.178+0000] {dagbag.py:588} INFO - Filling up the DagBag from /usr/local/python/3.12.1/lib/python3.12/site-packages/airflow/example_dags/example_bash_decorator.py
[2026-04-20T01:12:03.191+0000] {processor.py:925} INFO - DAG(s) 'example_bash_decorator' retrieved from /usr/local/python/3.12.1/lib/python3.12/site-packages/airflow/example_dags/example_bash_decorator.py
[2026-04-20T01:12:03.206+0000] {logging_mixin.py:190} INFO - [2026-04-20T01:12:03.206+0000] {dag.py:3239} INFO - Sync 1 DAGs
[2026-04-20T01:12:03.217+0000] {logging_mixin.py:190} INFO - [2026-04-20T01:12:03.216+0000] {dag.py:4180} INFO - Setting next_dagrun for example_bash_decorator to None, run_after=None
[2026-04-20T01:12:03.234+0000] {processor.py:208} INFO - Processing /usr/local/python/3.12.1/lib/python3.12/site-packages/airflow/example_dags/example_bash_decorator.py took 0.061 seconds
[2026-04-20T01:13:17.746+0000] {processor.py:186} INFO - Started process (PID=34164) to work on /usr/local/python/3.12.1/lib/python3.12/site-packages/airflow/example_dags/example_bash_decorator.py
[2026-04-20T01:13:17.747+0000] {processor.py:914} INFO - Processing file /usr/local/python/3.12.1/lib/python3.12/site-packages/airflow/example_dags/example_bash_decorator.py for tasks to queue
[2026-04-20T01:13:17.747+0000] {logging_mixin.py:190} INFO - [2026-04-20T01:13:17.747+0000] {dagbag.py:588} INFO - Filling up the DagBag from /usr/local/python/3.12.1/lib/python3.12/site-packages/airflow/example_dags/example_bash_decorator.py
[2026-04-20T01:13:17.759+0000] {processor.py:925} INFO - DAG(s) 'example_bash_decorator' retrieved from /usr/local/python/3.12.1/lib/python3.12/site-packages/airflow/example_dags/example_bash_decorator.py
[2026-04-20T01:13:17.773+0000] {logging_mixin.py:190} INFO - [2026-04-20T01:13:17.773+0000] {dag.py:3239} INFO - Sync 1 DAGs
[2026-04-20T01:13:17.783+0000] {logging_mixin.py:190} INFO - [2026-04-20T01:13:17.783+0000] {dag.py:4180} INFO - Setting next_dagrun for example_bash_decorator to None, run_after=None
[2026-04-20T01:13:17.799+0000] {processor.py:208} INFO - Processing /usr/local/python/3.12.1/lib/python3.12/site-packages/airflow/example_dags/example_bash_decorator.py took 0.057 seconds
[2026-04-20T01:14:33.417+0000] {processor.py:186} INFO - Started process (PID=34937) to work on /usr/local/python/3.12.1/lib/python3.12/site-packages/airflow/example_dags/example_bash_decorator.py
[2026-04-20T01:14:33.418+0000] {processor.py:914} INFO - Processing file /usr/local/python/3.12.1/lib/python3.12/site-packages/airflow/example_dags/example_bash_decorator.py for tasks to queue
[2026-04-20T01:14:33.419+0000] {logging_mixin.py:190} INFO - [2026-04-20T01:14:33.419+0000] {dagbag.py:588} INFO - Filling up the DagBag from /usr/local/python/3.12.1/lib/python3.12/site-packages/airflow/example_dags/example_bash_decorator.py
[2026-04-20T01:14:33.431+0000] {processor.py:925} INFO - DAG(s) 'example_bash_decorator' retrieved from /usr/local/python/3.12.1/lib/python3.12/site-packages/airflow/example_dags/example_bash_decorator.py
[2026-04-20T01:14:33.445+0000] {logging_mixin.py:190} INFO - [2026-04-20T01:14:33.445+0000] {dag.py:3239} INFO - Sync 1 DAGs
[2026-04-20T01:14:33.455+0000] {logging_mixin.py:190} INFO - [2026-04-20T01:14:33.455+0000] {dag.py:4180} INFO - Setting next_dagrun for example_bash_decorator to None, run_after=None
[2026-04-20T01:14:33.470+0000] {processor.py:208} INFO - Processing /usr/local/python/3.12.1/lib/python3.12/site-packages/airflow/example_dags/example_bash_decorator.py took 0.057 seconds
[2026-04-20T01:15:50.268+0000] {processor.py:186} INFO - Started process (PID=35705) to work on /usr/local/python/3.12.1/lib/python3.12/site-packages/airflow/example_dags/example_bash_decorator.py
[2026-04-20T01:15:50.269+0000] {processor.py:914} INFO - Processing file /usr/local/python/3.12.1/lib/python3.12/site-packages/airflow/example_dags/example_bash_decorator.py for tasks to queue
[2026-04-20T01:15:50.270+0000] {logging_mixin.py:190} INFO - [2026-04-20T01:15:50.270+0000] {dagbag.py:588} INFO - Filling up the DagBag from /usr/local/python/3.12.1/lib/python3.12/site-packages/airflow/example_dags/example_bash_decorator.py
[2026-04-20T01:15:50.282+0000] {processor.py:925} INFO - DAG(s) 'example_bash_decorator' retrieved from /usr/local/python/3.12.1/lib/python3.12/site-packages/airflow/example_dags/example_bash_decorator.py
[2026-04-20T01:15:50.297+0000] {logging_mixin.py:190} INFO - [2026-04-20T01:15:50.297+0000] {dag.py:3239} INFO - Sync 1 DAGs
[2026-04-20T01:15:50.307+0000] {logging_mixin.py:190} INFO - [2026-04-20T01:15:50.307+0000] {dag.py:4180} INFO - Setting next_dagrun for example_bash_decorator to None, run_after=None
[2026-04-20T01:15:50.323+0000] {processor.py:208} INFO - Processing /usr/local/python/3.12.1/lib/python3.12/site-packages/airflow/example_dags/example_bash_decorator.py took 0.059 seconds
[2026-04-20T01:17:05.433+0000] {processor.py:186} INFO - Started process (PID=36537) to work on /usr/local/python/3.12.1/lib/python3.12/site-packages/airflow/example_dags/example_bash_decorator.py
[2026-04-20T01:17:05.434+0000] {processor.py:914} INFO - Processing file /usr/local/python/3.12.1/lib/python3.12/site-packages/airflow/example_dags/example_bash_decorator.py for tasks to queue
[2026-04-20T01:17:05.435+0000] {logging_mixin.py:190} INFO - [2026-04-20T01:17:05.434+0000] {dagbag.py:588} INFO - Filling up the DagBag from /usr/local/python/3.12.1/lib/python3.12/site-packages/airflow/example_dags/example_bash_decorator.py
[2026-04-20T01:17:05.447+0000] {processor.py:925} INFO - DAG(s) 'example_bash_decorator' retrieved from /usr/local/python/3.12.1/lib/python3.12/site-packages/airflow/example_dags/example_bash_decorator.py
[2026-04-20T01:17:05.462+0000] {logging_mixin.py:190} INFO - [2026-04-20T01:17:05.462+0000] {dag.py:3239} INFO - Sync 1 DAGs
[2026-04-20T01:17:05.472+0000] {logging_mixin.py:190} INFO - [2026-04-20T01:17:05.471+0000] {dag.py:4180} INFO - Setting next_dagrun for example_bash_decorator to None, run_after=None
[2026-04-20T01:17:05.489+0000] {processor.py:208} INFO - Processing /usr/local/python/3.12.1/lib/python3.12/site-packages/airflow/example_dags/example_bash_decorator.py took 0.060 seconds
[2026-04-20T01:18:24.934+0000] {processor.py:186} INFO - Started process (PID=37328) to work on /usr/local/python/3.12.1/lib/python3.12/site-packages/airflow/example_dags/example_bash_decorator.py
[2026-04-20T01:18:24.935+0000] {processor.py:914} INFO - Processing file /usr/local/python/3.12.1/lib/python3.12/site-packages/airflow/example_dags/example_bash_decorator.py for tasks to queue
[2026-04-20T01:18:24.936+0000] {logging_mixin.py:190} INFO - [2026-04-20T01:18:24.935+0000] {dagbag.py:588} INFO - Filling up the DagBag from /usr/local/python/3.12.1/lib/python3.12/site-packages/airflow/example_dags/example_bash_decorator.py
[2026-04-20T01:18:24.947+0000] {processor.py:925} INFO - DAG(s) 'example_bash_decorator' retrieved from /usr/local/python/3.12.1/lib/python3.12/site-packages/airflow/example_dags/example_bash_decorator.py
[2026-04-20T01:18:24.964+0000] {logging_mixin.py:190} INFO - [2026-04-20T01:18:24.964+0000] {dag.py:3239} INFO - Sync 1 DAGs
[2026-04-20T01:18:24.974+0000] {logging_mixin.py:190} INFO - [2026-04-20T01:18:24.974+0000] {dag.py:4180} INFO - Setting next_dagrun for example_bash_decorator to None, run_after=None
[2026-04-20T01:18:24.990+0000] {processor.py:208} INFO - Processing /usr/local/python/3.12.1/lib/python3.12/site-packages/airflow/example_dags/example_bash_decorator.py took 0.060 seconds
[2026-04-20T01:19:39.559+0000] {processor.py:186} INFO - Started process (PID=38147) to work on /usr/local/python/3.12.1/lib/python3.12/site-packages/airflow/example_dags/example_bash_decorator.py
[2026-04-20T01:19:39.560+0000] {processor.py:914} INFO - Processing file /usr/local/python/3.12.1/lib/python3.12/site-packages/airflow/example_dags/example_bash_decorator.py for tasks to queue
[2026-04-20T01:19:39.561+0000] {logging_mixin.py:190} INFO - [2026-04-20T01:19:39.561+0000] {dagbag.py:588} INFO - Filling up the DagBag from /usr/local/python/3.12.1/lib/python3.12/site-packages/airflow/example_dags/example_bash_decorator.py
[2026-04-20T01:19:39.575+0000] {processor.py:925} INFO - DAG(s) 'example_bash_decorator' retrieved from /usr/local/python/3.12.1/lib/python3.12/site-packages/airflow/example_dags/example_bash_decorator.py
[2026-04-20T01:19:39.589+0000] {logging_mixin.py:190} INFO - [2026-04-20T01:19:39.589+0000] {dag.py:3239} INFO - Sync 1 DAGs
[2026-04-20T01:19:39.599+0000] {logging_mixin.py:190} INFO - [2026-04-20T01:19:39.599+0000] {dag.py:4180} INFO - Setting next_dagrun for example_bash_decorator to None, run_after=None
[2026-04-20T01:19:39.616+0000] {processor.py:208} INFO - Processing /usr/local/python/3.12.1/lib/python3.12/site-packages/airflow/example_dags/example_bash_decorator.py took 0.061 seconds
[2026-04-20T01:20:55.990+0000] {processor.py:186} INFO - Started process (PID=38910) to work on /usr/local/python/3.12.1/lib/python3.12/site-packages/airflow/example_dags/example_bash_decorator.py
[2026-04-20T01:20:55.991+0000] {processor.py:914} INFO - Processing file /usr/local/python/3.12.1/lib/python3.12/site-packages/airflow/example_dags/example_bash_decorator.py for tasks to queue
[2026-04-20T01:20:55.993+0000] {logging_mixin.py:190} INFO - [2026-04-20T01:20:55.992+0000] {dagbag.py:588} INFO - Filling up the DagBag from /usr/local/python/3.12.1/lib/python3.12/site-packages/airflow/example_dags/example_bash_decorator.py
[2026-04-20T01:20:56.005+0000] {processor.py:925} INFO - DAG(s) 'example_bash_decorator' retrieved from /usr/local/python/3.12.1/lib/python3.12/site-packages/airflow/example_dags/example_bash_decorator.py
[2026-04-20T01:20:56.020+0000] {logging_mixin.py:190} INFO - [2026-04-20T01:20:56.020+0000] {dag.py:3239} INFO - Sync 1 DAGs
[2026-04-20T01:20:56.029+0000] {logging_mixin.py:190} INFO - [2026-04-20T01:20:56.029+0000] {dag.py:4180} INFO - Setting next_dagrun for example_bash_decorator to None, run_after=None
[2026-04-20T01:20:56.047+0000] {processor.py:208} INFO - Processing /usr/local/python/3.12.1/lib/python3.12/site-packages/airflow/example_dags/example_bash_decorator.py took 0.062 seconds
[2026-04-20T01:22:10.040+0000] {processor.py:186} INFO - Started process (PID=39739) to work on /usr/local/python/3.12.1/lib/python3.12/site-packages/airflow/example_dags/example_bash_decorator.py
[2026-04-20T01:22:10.040+0000] {processor.py:914} INFO - Processing file /usr/local/python/3.12.1/lib/python3.12/site-packages/airflow/example_dags/example_bash_decorator.py for tasks to queue
[2026-04-20T01:22:10.041+0000] {logging_mixin.py:190} INFO - [2026-04-20T01:22:10.041+0000] {dagbag.py:588} INFO - Filling up the DagBag from /usr/local/python/3.12.1/lib/python3.12/site-packages/airflow/example_dags/example_bash_decorator.py
[2026-04-20T01:22:10.053+0000] {processor.py:925} INFO - DAG(s) 'example_bash_decorator' retrieved from /usr/local/python/3.12.1/lib/python3.12/site-packages/airflow/example_dags/example_bash_decorator.py
[2026-04-20T01:22:10.069+0000] {logging_mixin.py:190} INFO - [2026-04-20T01:22:10.069+0000] {dag.py:3239} INFO - Sync 1 DAGs
[2026-04-20T01:22:10.082+0000] {logging_mixin.py:190} INFO - [2026-04-20T01:22:10.082+0000] {dag.py:4180} INFO - Setting next_dagrun for example_bash_decorator to None, run_after=None
[2026-04-20T01:22:10.099+0000] {processor.py:208} INFO - Processing /usr/local/python/3.12.1/lib/python3.12/site-packages/airflow/example_dags/example_bash_decorator.py took 0.064 seconds
[2026-04-20T01:23:22.621+0000] {processor.py:186} INFO - Started process (PID=40418) to work on /usr/local/python/3.12.1/lib/python3.12/site-packages/airflow/example_dags/example_bash_decorator.py
[2026-04-20T01:23:22.622+0000] {processor.py:914} INFO - Processing file /usr/local/python/3.12.1/lib/python3.12/site-packages/airflow/example_dags/example_bash_decorator.py for tasks to queue
[2026-04-20T01:23:22.623+0000] {logging_mixin.py:190} INFO - [2026-04-20T01:23:22.623+0000] {dagbag.py:588} INFO - Filling up the DagBag from /usr/local/python/3.12.1/lib/python3.12/site-packages/airflow/example_dags/example_bash_decorator.py
[2026-04-20T01:23:22.636+0000] {processor.py:925} INFO - DAG(s) 'example_bash_decorator' retrieved from /usr/local/python/3.12.1/lib/python3.12/site-packages/airflow/example_dags/example_bash_decorator.py
[2026-04-20T01:23:22.652+0000] {logging_mixin.py:190} INFO - [2026-04-20T01:23:22.652+0000] {dag.py:3239} INFO - Sync 1 DAGs
[2026-04-20T01:23:22.662+0000] {logging_mixin.py:190} INFO - [2026-04-20T01:23:22.662+0000] {dag.py:4180} INFO - Setting next_dagrun for example_bash_decorator to None, run_after=None
[2026-04-20T01:23:22.682+0000] {processor.py:208} INFO - Processing /usr/local/python/3.12.1/lib/python3.12/site-packages/airflow/example_dags/example_bash_decorator.py took 0.066 seconds
[2026-04-20T01:24:42.483+0000] {processor.py:186} INFO - Started process (PID=41270) to work on /usr/local/python/3.12.1/lib/python3.12/site-packages/airflow/example_dags/example_bash_decorator.py
[2026-04-20T01:24:42.484+0000] {processor.py:914} INFO - Processing file /usr/local/python/3.12.1/lib/python3.12/site-packages/airflow/example_dags/example_bash_decorator.py for tasks to queue
[2026-04-20T01:24:42.485+0000] {logging_mixin.py:190} INFO - [2026-04-20T01:24:42.485+0000] {dagbag.py:588} INFO - Filling up the DagBag from /usr/local/python/3.12.1/lib/python3.12/site-packages/airflow/example_dags/example_bash_decorator.py
[2026-04-20T01:24:42.502+0000] {processor.py:925} INFO - DAG(s) 'example_bash_decorator' retrieved from /usr/local/python/3.12.1/lib/python3.12/site-packages/airflow/example_dags/example_bash_decorator.py
[2026-04-20T01:24:42.517+0000] {logging_mixin.py:190} INFO - [2026-04-20T01:24:42.517+0000] {dag.py:3239} INFO - Sync 1 DAGs
[2026-04-20T01:24:42.526+0000] {logging_mixin.py:190} INFO - [2026-04-20T01:24:42.526+0000] {dag.py:4180} INFO - Setting next_dagrun for example_bash_decorator to None, run_after=None
[2026-04-20T01:24:42.541+0000] {processor.py:208} INFO - Processing /usr/local/python/3.12.1/lib/python3.12/site-packages/airflow/example_dags/example_bash_decorator.py took 0.066 seconds
[2026-04-20T01:25:53.951+0000] {processor.py:186} INFO - Started process (PID=41945) to work on /usr/local/python/3.12.1/lib/python3.12/site-packages/airflow/example_dags/example_bash_decorator.py
[2026-04-20T01:25:53.952+0000] {processor.py:914} INFO - Processing file /usr/local/python/3.12.1/lib/python3.12/site-packages/airflow/example_dags/example_bash_decorator.py for tasks to queue
[2026-04-20T01:25:53.953+0000] {logging_mixin.py:190} INFO - [2026-04-20T01:25:53.952+0000] {dagbag.py:588} INFO - Filling up the DagBag from /usr/local/python/3.12.1/lib/python3.12/site-packages/airflow/example_dags/example_bash_decorator.py
[2026-04-20T01:25:53.965+0000] {processor.py:925} INFO - DAG(s) 'example_bash_decorator' retrieved from /usr/local/python/3.12.1/lib/python3.12/site-packages/airflow/example_dags/example_bash_decorator.py
[2026-04-20T01:25:53.984+0000] {logging_mixin.py:190} INFO - [2026-04-20T01:25:53.984+0000] {dag.py:3239} INFO - Sync 1 DAGs
[2026-04-20T01:25:53.994+0000] {logging_mixin.py:190} INFO - [2026-04-20T01:25:53.994+0000] {dag.py:4180} INFO - Setting next_dagrun for example_bash_decorator to None, run_after=None
[2026-04-20T01:25:54.010+0000] {processor.py:208} INFO - Processing /usr/local/python/3.12.1/lib/python3.12/site-packages/airflow/example_dags/example_bash_decorator.py took 0.063 seconds
[2026-04-20T01:27:12.924+0000] {processor.py:186} INFO - Started process (PID=42779) to work on /usr/local/python/3.12.1/lib/python3.12/site-packages/airflow/example_dags/example_bash_decorator.py
[2026-04-20T01:27:12.925+0000] {processor.py:914} INFO - Processing file /usr/local/python/3.12.1/lib/python3.12/site-packages/airflow/example_dags/example_bash_decorator.py for tasks to queue
[2026-04-20T01:27:12.926+0000] {logging_mixin.py:190} INFO - [2026-04-20T01:27:12.925+0000] {dagbag.py:588} INFO - Filling up the DagBag from /usr/local/python/3.12.1/lib/python3.12/site-packages/airflow/example_dags/example_bash_decorator.py
[2026-04-20T01:27:12.938+0000] {processor.py:925} INFO - DAG(s) 'example_bash_decorator' retrieved from /usr/local/python/3.12.1/lib/python3.12/site-packages/airflow/example_dags/example_bash_decorator.py
[2026-04-20T01:27:12.957+0000] {logging_mixin.py:190} INFO - [2026-04-20T01:27:12.957+0000] {dag.py:3239} INFO - Sync 1 DAGs
[2026-04-20T01:27:12.974+0000] {logging_mixin.py:190} INFO - [2026-04-20T01:27:12.974+0000] {dag.py:4180} INFO - Setting next_dagrun for example_bash_decorator to None, run_after=None
[2026-04-20T01:27:13.001+0000] {processor.py:208} INFO - Processing /usr/local/python/3.12.1/lib/python3.12/site-packages/airflow/example_dags/example_bash_decorator.py took 0.081 seconds
[2026-04-20T01:28:32.746+0000] {processor.py:186} INFO - Started process (PID=43582) to work on /usr/local/python/3.12.1/lib/python3.12/site-packages/airflow/example_dags/example_bash_decorator.py
[2026-04-20T01:28:32.747+0000] {processor.py:914} INFO - Processing file /usr/local/python/3.12.1/lib/python3.12/site-packages/airflow/example_dags/example_bash_decorator.py for tasks to queue
[2026-04-20T01:28:32.748+0000] {logging_mixin.py:190} INFO - [2026-04-20T01:28:32.748+0000] {dagbag.py:588} INFO - Filling up the DagBag from /usr/local/python/3.12.1/lib/python3.12/site-packages/airflow/example_dags/example_bash_decorator.py
[2026-04-20T01:28:32.760+0000] {processor.py:925} INFO - DAG(s) 'example_bash_decorator' retrieved from /usr/local/python/3.12.1/lib/python3.12/site-packages/airflow/example_dags/example_bash_decorator.py
[2026-04-20T01:28:32.778+0000] {logging_mixin.py:190} INFO - [2026-04-20T01:28:32.778+0000] {dag.py:3239} INFO - Sync 1 DAGs
[2026-04-20T01:28:32.792+0000] {logging_mixin.py:190} INFO - [2026-04-20T01:28:32.792+0000] {dag.py:4180} INFO - Setting next_dagrun for example_bash_decorator to None, run_after=None
[2026-04-20T01:28:32.807+0000] {processor.py:208} INFO - Processing /usr/local/python/3.12.1/lib/python3.12/site-packages/airflow/example_dags/example_bash_decorator.py took 0.065 seconds
[2026-04-20T01:29:48.189+0000] {processor.py:186} INFO - Started process (PID=44418) to work on /usr/local/python/3.12.1/lib/python3.12/site-packages/airflow/example_dags/example_bash_decorator.py
[2026-04-20T01:29:48.189+0000] {processor.py:914} INFO - Processing file /usr/local/python/3.12.1/lib/python3.12/site-packages/airflow/example_dags/example_bash_decorator.py for tasks to queue
[2026-04-20T01:29:48.190+0000] {logging_mixin.py:190} INFO - [2026-04-20T01:29:48.190+0000] {dagbag.py:588} INFO - Filling up the DagBag from /usr/local/python/3.12.1/lib/python3.12/site-packages/airflow/example_dags/example_bash_decorator.py
[2026-04-20T01:29:48.202+0000] {processor.py:925} INFO - DAG(s) 'example_bash_decorator' retrieved from /usr/local/python/3.12.1/lib/python3.12/site-packages/airflow/example_dags/example_bash_decorator.py
[2026-04-20T01:29:48.219+0000] {logging_mixin.py:190} INFO - [2026-04-20T01:29:48.219+0000] {dag.py:3239} INFO - Sync 1 DAGs
[2026-04-20T01:29:48.230+0000] {logging_mixin.py:190} INFO - [2026-04-20T01:29:48.230+0000] {dag.py:4180} INFO - Setting next_dagrun for example_bash_decorator to None, run_after=None
[2026-04-20T01:29:48.246+0000] {processor.py:208} INFO - Processing /usr/local/python/3.12.1/lib/python3.12/site-packages/airflow/example_dags/example_bash_decorator.py took 0.062 seconds
[2026-04-20T01:31:05.537+0000] {processor.py:186} INFO - Started process (PID=45208) to work on /usr/local/python/3.12.1/lib/python3.12/site-packages/airflow/example_dags/example_bash_decorator.py
[2026-04-20T01:31:05.537+0000] {processor.py:914} INFO - Processing file /usr/local/python/3.12.1/lib/python3.12/site-packages/airflow/example_dags/example_bash_decorator.py for tasks to queue
[2026-04-20T01:31:05.538+0000] {logging_mixin.py:190} INFO - [2026-04-20T01:31:05.538+0000] {dagbag.py:588} INFO - Filling up the DagBag from /usr/local/python/3.12.1/lib/python3.12/site-packages/airflow/example_dags/example_bash_decorator.py
[2026-04-20T01:31:05.550+0000] {processor.py:925} INFO - DAG(s) 'example_bash_decorator' retrieved from /usr/local/python/3.12.1/lib/python3.12/site-packages/airflow/example_dags/example_bash_decorator.py
[2026-04-20T01:31:05.567+0000] {logging_mixin.py:190} INFO - [2026-04-20T01:31:05.566+0000] {dag.py:3239} INFO - Sync 1 DAGs
[2026-04-20T01:31:05.580+0000] {logging_mixin.py:190} INFO - [2026-04-20T01:31:05.580+0000] {dag.py:4180} INFO - Setting next_dagrun for example_bash_decorator to None, run_after=None
[2026-04-20T01:31:05.597+0000] {processor.py:208} INFO - Processing /usr/local/python/3.12.1/lib/python3.12/site-packages/airflow/example_dags/example_bash_decorator.py took 0.065 seconds
[2026-04-20T01:32:25.372+0000] {processor.py:186} INFO - Started process (PID=46036) to work on /usr/local/python/3.12.1/lib/python3.12/site-packages/airflow/example_dags/example_bash_decorator.py
[2026-04-20T01:32:25.372+0000] {processor.py:914} INFO - Processing file /usr/local/python/3.12.1/lib/python3.12/site-packages/airflow/example_dags/example_bash_decorator.py for tasks to queue
[2026-04-20T01:32:25.374+0000] {logging_mixin.py:190} INFO - [2026-04-20T01:32:25.373+0000] {dagbag.py:588} INFO - Filling up the DagBag from /usr/local/python/3.12.1/lib/python3.12/site-packages/airflow/example_dags/example_bash_decorator.py
[2026-04-20T01:32:25.389+0000] {processor.py:925} INFO - DAG(s) 'example_bash_decorator' retrieved from /usr/local/python/3.12.1/lib/python3.12/site-packages/airflow/example_dags/example_bash_decorator.py
[2026-04-20T01:32:25.403+0000] {logging_mixin.py:190} INFO - [2026-04-20T01:32:25.403+0000] {dag.py:3239} INFO - Sync 1 DAGs
[2026-04-20T01:32:25.413+0000] {logging_mixin.py:190} INFO - [2026-04-20T01:32:25.413+0000] {dag.py:4180} INFO - Setting next_dagrun for example_bash_decorator to None, run_after=None
[2026-04-20T01:32:25.429+0000] {processor.py:208} INFO - Processing /usr/local/python/3.12.1/lib/python3.12/site-packages/airflow/example_dags/example_bash_decorator.py took 0.065 seconds
[2026-04-20T01:33:42.028+0000] {processor.py:186} INFO - Started process (PID=46818) to work on /usr/local/python/3.12.1/lib/python3.12/site-packages/airflow/example_dags/example_bash_decorator.py
[2026-04-20T01:33:42.029+0000] {processor.py:914} INFO - Processing file /usr/local/python/3.12.1/lib/python3.12/site-packages/airflow/example_dags/example_bash_decorator.py for tasks to queue
[2026-04-20T01:33:42.030+0000] {logging_mixin.py:190} INFO - [2026-04-20T01:33:42.029+0000] {dagbag.py:588} INFO - Filling up the DagBag from /usr/local/python/3.12.1/lib/python3.12/site-packages/airflow/example_dags/example_bash_decorator.py
[2026-04-20T01:33:42.042+0000] {processor.py:925} INFO - DAG(s) 'example_bash_decorator' retrieved from /usr/local/python/3.12.1/lib/python3.12/site-packages/airflow/example_dags/example_bash_decorator.py
[2026-04-20T01:33:42.056+0000] {logging_mixin.py:190} INFO - [2026-04-20T01:33:42.056+0000] {dag.py:3239} INFO - Sync 1 DAGs
[2026-04-20T01:33:42.066+0000] {logging_mixin.py:190} INFO - [2026-04-20T01:33:42.066+0000] {dag.py:4180} INFO - Setting next_dagrun for example_bash_decorator to None, run_after=None
[2026-04-20T01:33:42.087+0000] {processor.py:208} INFO - Processing /usr/local/python/3.12.1/lib/python3.12/site-packages/airflow/example_dags/example_bash_decorator.py took 0.063 seconds
[2026-04-20T01:35:03.644+0000] {processor.py:186} INFO - Started process (PID=47683) to work on /usr/local/python/3.12.1/lib/python3.12/site-packages/airflow/example_dags/example_bash_decorator.py
[2026-04-20T01:35:03.645+0000] {processor.py:914} INFO - Processing file /usr/local/python/3.12.1/lib/python3.12/site-packages/airflow/example_dags/example_bash_decorator.py for tasks to queue
[2026-04-20T01:35:03.646+0000] {logging_mixin.py:190} INFO - [2026-04-20T01:35:03.646+0000] {dagbag.py:588} INFO - Filling up the DagBag from /usr/local/python/3.12.1/lib/python3.12/site-packages/airflow/example_dags/example_bash_decorator.py
[2026-04-20T01:35:03.658+0000] {processor.py:925} INFO - DAG(s) 'example_bash_decorator' retrieved from /usr/local/python/3.12.1/lib/python3.12/site-packages/airflow/example_dags/example_bash_decorator.py
[2026-04-20T01:35:03.677+0000] {logging_mixin.py:190} INFO - [2026-04-20T01:35:03.676+0000] {dag.py:3239} INFO - Sync 1 DAGs
[2026-04-20T01:35:03.689+0000] {logging_mixin.py:190} INFO - [2026-04-20T01:35:03.689+0000] {dag.py:4180} INFO - Setting next_dagrun for example_bash_decorator to None, run_after=None
[2026-04-20T01:35:03.705+0000] {processor.py:208} INFO - Processing /usr/local/python/3.12.1/lib/python3.12/site-packages/airflow/example_dags/example_bash_decorator.py took 0.065 seconds
[2026-04-20T01:36:19.136+0000] {processor.py:186} INFO - Started process (PID=48506) to work on /usr/local/python/3.12.1/lib/python3.12/site-packages/airflow/example_dags/example_bash_decorator.py
[2026-04-20T01:36:19.137+0000] {processor.py:914} INFO - Processing file /usr/local/python/3.12.1/lib/python3.12/site-packages/airflow/example_dags/example_bash_decorator.py for tasks to queue
[2026-04-20T01:36:19.138+0000] {logging_mixin.py:190} INFO - [2026-04-20T01:36:19.137+0000] {dagbag.py:588} INFO - Filling up the DagBag from /usr/local/python/3.12.1/lib/python3.12/site-packages/airflow/example_dags/example_bash_decorator.py
[2026-04-20T01:36:19.150+0000] {processor.py:925} INFO - DAG(s) 'example_bash_decorator' retrieved from /usr/local/python/3.12.1/lib/python3.12/site-packages/airflow/example_dags/example_bash_decorator.py
[2026-04-20T01:36:19.165+0000] {logging_mixin.py:190} INFO - [2026-04-20T01:36:19.165+0000] {dag.py:3239} INFO - Sync 1 DAGs
[2026-04-20T01:36:19.179+0000] {logging_mixin.py:190} INFO - [2026-04-20T01:36:19.178+0000] {dag.py:4180} INFO - Setting next_dagrun for example_bash_decorator to None, run_after=None
[2026-04-20T01:36:19.197+0000] {processor.py:208} INFO - Processing /usr/local/python/3.12.1/lib/python3.12/site-packages/airflow/example_dags/example_bash_decorator.py took 0.066 seconds
[2026-04-20T01:37:40.457+0000] {processor.py:186} INFO - Started process (PID=49309) to work on /usr/local/python/3.12.1/lib/python3.12/site-packages/airflow/example_dags/example_bash_decorator.py
[2026-04-20T01:37:40.458+0000] {processor.py:914} INFO - Processing file /usr/local/python/3.12.1/lib/python3.12/site-packages/airflow/example_dags/example_bash_decorator.py for tasks to queue
[2026-04-20T01:37:40.459+0000] {logging_mixin.py:190} INFO - [2026-04-20T01:37:40.458+0000] {dagbag.py:588} INFO - Filling up the DagBag from /usr/local/python/3.12.1/lib/python3.12/site-packages/airflow/example_dags/example_bash_decorator.py
[2026-04-20T01:37:40.478+0000] {processor.py:925} INFO - DAG(s) 'example_bash_decorator' retrieved from /usr/local/python/3.12.1/lib/python3.12/site-packages/airflow/example_dags/example_bash_decorator.py
[2026-04-20T01:37:40.495+0000] {logging_mixin.py:190} INFO - [2026-04-20T01:37:40.495+0000] {dag.py:3239} INFO - Sync 1 DAGs
[2026-04-20T01:37:40.505+0000] {logging_mixin.py:190} INFO - [2026-04-20T01:37:40.505+0000] {dag.py:4180} INFO - Setting next_dagrun for example_bash_decorator to None, run_after=None
[2026-04-20T01:37:40.522+0000] {processor.py:208} INFO - Processing /usr/local/python/3.12.1/lib/python3.12/site-packages/airflow/example_dags/example_bash_decorator.py took 0.069 seconds
[2026-04-20T01:38:59.267+0000] {processor.py:186} INFO - Started process (PID=50094) to work on /usr/local/python/3.12.1/lib/python3.12/site-packages/airflow/example_dags/example_bash_decorator.py
[2026-04-20T01:38:59.267+0000] {processor.py:914} INFO - Processing file /usr/local/python/3.12.1/lib/python3.12/site-packages/airflow/example_dags/example_bash_decorator.py for tasks to queue
[2026-04-20T01:38:59.269+0000] {logging_mixin.py:190} INFO - [2026-04-20T01:38:59.268+0000] {dagbag.py:588} INFO - Filling up the DagBag from /usr/local/python/3.12.1/lib/python3.12/site-packages/airflow/example_dags/example_bash_decorator.py
[2026-04-20T01:38:59.284+0000] {processor.py:925} INFO - DAG(s) 'example_bash_decorator' retrieved from /usr/local/python/3.12.1/lib/python3.12/site-packages/airflow/example_dags/example_bash_decorator.py
[2026-04-20T01:38:59.299+0000] {logging_mixin.py:190} INFO - [2026-04-20T01:38:59.299+0000] {dag.py:3239} INFO - Sync 1 DAGs
[2026-04-20T01:38:59.309+0000] {logging_mixin.py:190} INFO - [2026-04-20T01:38:59.309+0000] {dag.py:4180} INFO - Setting next_dagrun for example_bash_decorator to None, run_after=None
[2026-04-20T01:38:59.328+0000] {processor.py:208} INFO - Processing /usr/local/python/3.12.1/lib/python3.12/site-packages/airflow/example_dags/example_bash_decorator.py took 0.066 seconds
[2026-04-20T01:40:13.492+0000] {processor.py:186} INFO - Started process (PID=50972) to work on /usr/local/python/3.12.1/lib/python3.12/site-packages/airflow/example_dags/example_bash_decorator.py
[2026-04-20T01:40:13.492+0000] {processor.py:914} INFO - Processing file /usr/local/python/3.12.1/lib/python3.12/site-packages/airflow/example_dags/example_bash_decorator.py for tasks to queue
[2026-04-20T01:40:13.493+0000] {logging_mixin.py:190} INFO - [2026-04-20T01:40:13.493+0000] {dagbag.py:588} INFO - Filling up the DagBag from /usr/local/python/3.12.1/lib/python3.12/site-packages/airflow/example_dags/example_bash_decorator.py
[2026-04-20T01:40:13.506+0000] {processor.py:925} INFO - DAG(s) 'example_bash_decorator' retrieved from /usr/local/python/3.12.1/lib/python3.12/site-packages/airflow/example_dags/example_bash_decorator.py
[2026-04-20T01:40:13.521+0000] {logging_mixin.py:190} INFO - [2026-04-20T01:40:13.520+0000] {dag.py:3239} INFO - Sync 1 DAGs
[2026-04-20T01:40:13.530+0000] {logging_mixin.py:190} INFO - [2026-04-20T01:40:13.530+0000] {dag.py:4180} INFO - Setting next_dagrun for example_bash_decorator to None, run_after=None
[2026-04-20T01:40:13.547+0000] {processor.py:208} INFO - Processing /usr/local/python/3.12.1/lib/python3.12/site-packages/airflow/example_dags/example_bash_decorator.py took 0.060 seconds
[2026-04-20T01:41:24.690+0000] {processor.py:186} INFO - Started process (PID=51648) to work on /usr/local/python/3.12.1/lib/python3.12/site-packages/airflow/example_dags/example_bash_decorator.py
[2026-04-20T01:41:24.691+0000] {processor.py:914} INFO - Processing file /usr/local/python/3.12.1/lib/python3.12/site-packages/airflow/example_dags/example_bash_decorator.py for tasks to queue
[2026-04-20T01:41:24.692+0000] {logging_mixin.py:190} INFO - [2026-04-20T01:41:24.692+0000] {dagbag.py:588} INFO - Filling up the DagBag from /usr/local/python/3.12.1/lib/python3.12/site-packages/airflow/example_dags/example_bash_decorator.py
[2026-04-20T01:41:24.704+0000] {processor.py:925} INFO - DAG(s) 'example_bash_decorator' retrieved from /usr/local/python/3.12.1/lib/python3.12/site-packages/airflow/example_dags/example_bash_decorator.py
[2026-04-20T01:41:24.718+0000] {logging_mixin.py:190} INFO - [2026-04-20T01:41:24.718+0000] {dag.py:3239} INFO - Sync 1 DAGs
[2026-04-20T01:41:24.728+0000] {logging_mixin.py:190} INFO - [2026-04-20T01:41:24.728+0000] {dag.py:4180} INFO - Setting next_dagrun for example_bash_decorator to None, run_after=None
[2026-04-20T01:41:24.744+0000] {processor.py:208} INFO - Processing /usr/local/python/3.12.1/lib/python3.12/site-packages/airflow/example_dags/example_bash_decorator.py took 0.058 seconds
[2026-04-20T01:42:42.318+0000] {processor.py:186} INFO - Started process (PID=52432) to work on /usr/local/python/3.12.1/lib/python3.12/site-packages/airflow/example_dags/example_bash_decorator.py
[2026-04-20T01:42:42.319+0000] {processor.py:914} INFO - Processing file /usr/local/python/3.12.1/lib/python3.12/site-packages/airflow/example_dags/example_bash_decorator.py for tasks to queue
[2026-04-20T01:42:42.319+0000] {logging_mixin.py:190} INFO - [2026-04-20T01:42:42.319+0000] {dagbag.py:588} INFO - Filling up the DagBag from /usr/local/python/3.12.1/lib/python3.12/site-packages/airflow/example_dags/example_bash_decorator.py
[2026-04-20T01:42:42.331+0000] {processor.py:925} INFO - DAG(s) 'example_bash_decorator' retrieved from /usr/local/python/3.12.1/lib/python3.12/site-packages/airflow/example_dags/example_bash_decorator.py
[2026-04-20T01:42:42.346+0000] {logging_mixin.py:190} INFO - [2026-04-20T01:42:42.346+0000] {dag.py:3239} INFO - Sync 1 DAGs
[2026-04-20T01:42:42.356+0000] {logging_mixin.py:190} INFO - [2026-04-20T01:42:42.356+0000] {dag.py:4180} INFO - Setting next_dagrun for example_bash_decorator to None, run_after=None
[2026-04-20T01:42:42.375+0000] {processor.py:208} INFO - Processing /usr/local/python/3.12.1/lib/python3.12/site-packages/airflow/example_dags/example_bash_decorator.py took 0.061 seconds
[2026-04-20T01:44:02.873+0000] {processor.py:186} INFO - Started process (PID=53226) to work on /usr/local/python/3.12.1/lib/python3.12/site-packages/airflow/example_dags/example_bash_decorator.py
[2026-04-20T01:44:02.873+0000] {processor.py:914} INFO - Processing file /usr/local/python/3.12.1/lib/python3.12/site-packages/airflow/example_dags/example_bash_decorator.py for tasks to queue
[2026-04-20T01:44:02.874+0000] {logging_mixin.py:190} INFO - [2026-04-20T01:44:02.874+0000] {dagbag.py:588} INFO - Filling up the DagBag from /usr/local/python/3.12.1/lib/python3.12/site-packages/airflow/example_dags/example_bash_decorator.py
[2026-04-20T01:44:02.887+0000] {processor.py:925} INFO - DAG(s) 'example_bash_decorator' retrieved from /usr/local/python/3.12.1/lib/python3.12/site-packages/airflow/example_dags/example_bash_decorator.py
[2026-04-20T01:44:02.903+0000] {logging_mixin.py:190} INFO - [2026-04-20T01:44:02.902+0000] {dag.py:3239} INFO - Sync 1 DAGs
[2026-04-20T01:44:02.915+0000] {logging_mixin.py:190} INFO - [2026-04-20T01:44:02.915+0000] {dag.py:4180} INFO - Setting next_dagrun for example_bash_decorator to None, run_after=None
[2026-04-20T01:44:02.934+0000] {processor.py:208} INFO - Processing /usr/local/python/3.12.1/lib/python3.12/site-packages/airflow/example_dags/example_bash_decorator.py took 0.065 seconds
[2026-04-20T01:45:19.894+0000] {processor.py:186} INFO - Started process (PID=54116) to work on /usr/local/python/3.12.1/lib/python3.12/site-packages/airflow/example_dags/example_bash_decorator.py
[2026-04-20T01:45:19.895+0000] {processor.py:914} INFO - Processing file /usr/local/python/3.12.1/lib/python3.12/site-packages/airflow/example_dags/example_bash_decorator.py for tasks to queue
[2026-04-20T01:45:19.896+0000] {logging_mixin.py:190} INFO - [2026-04-20T01:45:19.896+0000] {dagbag.py:588} INFO - Filling up the DagBag from /usr/local/python/3.12.1/lib/python3.12/site-packages/airflow/example_dags/example_bash_decorator.py
[2026-04-20T01:45:19.908+0000] {processor.py:925} INFO - DAG(s) 'example_bash_decorator' retrieved from /usr/local/python/3.12.1/lib/python3.12/site-packages/airflow/example_dags/example_bash_decorator.py
[2026-04-20T01:45:19.922+0000] {logging_mixin.py:190} INFO - [2026-04-20T01:45:19.922+0000] {dag.py:3239} INFO - Sync 1 DAGs
[2026-04-20T01:45:19.935+0000] {logging_mixin.py:190} INFO - [2026-04-20T01:45:19.935+0000] {dag.py:4180} INFO - Setting next_dagrun for example_bash_decorator to None, run_after=None
[2026-04-20T01:45:20.092+0000] {processor.py:208} INFO - Processing /usr/local/python/3.12.1/lib/python3.12/site-packages/airflow/example_dags/example_bash_decorator.py took 0.202 seconds
[2026-04-20T01:46:42.796+0000] {processor.py:186} INFO - Started process (PID=54926) to work on /usr/local/python/3.12.1/lib/python3.12/site-packages/airflow/example_dags/example_bash_decorator.py
[2026-04-20T01:46:42.797+0000] {processor.py:914} INFO - Processing file /usr/local/python/3.12.1/lib/python3.12/site-packages/airflow/example_dags/example_bash_decorator.py for tasks to queue
[2026-04-20T01:46:42.798+0000] {logging_mixin.py:190} INFO - [2026-04-20T01:46:42.798+0000] {dagbag.py:588} INFO - Filling up the DagBag from /usr/local/python/3.12.1/lib/python3.12/site-packages/airflow/example_dags/example_bash_decorator.py
[2026-04-20T01:46:42.810+0000] {processor.py:925} INFO - DAG(s) 'example_bash_decorator' retrieved from /usr/local/python/3.12.1/lib/python3.12/site-packages/airflow/example_dags/example_bash_decorator.py
[2026-04-20T01:46:42.824+0000] {logging_mixin.py:190} INFO - [2026-04-20T01:46:42.824+0000] {dag.py:3239} INFO - Sync 1 DAGs
[2026-04-20T01:46:42.834+0000] {logging_mixin.py:190} INFO - [2026-04-20T01:46:42.834+0000] {dag.py:4180} INFO - Setting next_dagrun for example_bash_decorator to None, run_after=None
[2026-04-20T01:46:42.850+0000] {processor.py:208} INFO - Processing /usr/local/python/3.12.1/lib/python3.12/site-packages/airflow/example_dags/example_bash_decorator.py took 0.058 seconds
[2026-04-20T01:48:09.612+0000] {processor.py:186} INFO - Started process (PID=55842) to work on /usr/local/python/3.12.1/lib/python3.12/site-packages/airflow/example_dags/example_bash_decorator.py
[2026-04-20T01:48:09.613+0000] {processor.py:914} INFO - Processing file /usr/local/python/3.12.1/lib/python3.12/site-packages/airflow/example_dags/example_bash_decorator.py for tasks to queue
[2026-04-20T01:48:09.614+0000] {logging_mixin.py:190} INFO - [2026-04-20T01:48:09.614+0000] {dagbag.py:588} INFO - Filling up the DagBag from /usr/local/python/3.12.1/lib/python3.12/site-packages/airflow/example_dags/example_bash_decorator.py
[2026-04-20T01:48:09.629+0000] {processor.py:925} INFO - DAG(s) 'example_bash_decorator' retrieved from /usr/local/python/3.12.1/lib/python3.12/site-packages/airflow/example_dags/example_bash_decorator.py
[2026-04-20T01:48:09.644+0000] {logging_mixin.py:190} INFO - [2026-04-20T01:48:09.644+0000] {dag.py:3239} INFO - Sync 1 DAGs
[2026-04-20T01:48:09.655+0000] {logging_mixin.py:190} INFO - [2026-04-20T01:48:09.655+0000] {dag.py:4180} INFO - Setting next_dagrun for example_bash_decorator to None, run_after=None
[2026-04-20T01:48:09.672+0000] {processor.py:208} INFO - Processing /usr/local/python/3.12.1/lib/python3.12/site-packages/airflow/example_dags/example_bash_decorator.py took 0.067 seconds
[2026-04-20T01:49:29.303+0000] {processor.py:186} INFO - Started process (PID=56642) to work on /usr/local/python/3.12.1/lib/python3.12/site-packages/airflow/example_dags/example_bash_decorator.py
[2026-04-20T01:49:29.304+0000] {processor.py:914} INFO - Processing file /usr/local/python/3.12.1/lib/python3.12/site-packages/airflow/example_dags/example_bash_decorator.py for tasks to queue
[2026-04-20T01:49:29.305+0000] {logging_mixin.py:190} INFO - [2026-04-20T01:49:29.305+0000] {dagbag.py:588} INFO - Filling up the DagBag from /usr/local/python/3.12.1/lib/python3.12/site-packages/airflow/example_dags/example_bash_decorator.py
[2026-04-20T01:49:29.317+0000] {processor.py:925} INFO - DAG(s) 'example_bash_decorator' retrieved from /usr/local/python/3.12.1/lib/python3.12/site-packages/airflow/example_dags/example_bash_decorator.py
[2026-04-20T01:49:29.331+0000] {logging_mixin.py:190} INFO - [2026-04-20T01:49:29.331+0000] {dag.py:3239} INFO - Sync 1 DAGs
[2026-04-20T01:49:29.341+0000] {logging_mixin.py:190} INFO - [2026-04-20T01:49:29.341+0000] {dag.py:4180} INFO - Setting next_dagrun for example_bash_decorator to None, run_after=None
[2026-04-20T01:49:29.471+0000] {processor.py:208} INFO - Processing /usr/local/python/3.12.1/lib/python3.12/site-packages/airflow/example_dags/example_bash_decorator.py took 0.172 seconds
[2026-04-20T01:50:59.095+0000] {processor.py:186} INFO - Started process (PID=57490) to work on /usr/local/python/3.12.1/lib/python3.12/site-packages/airflow/example_dags/example_bash_decorator.py
[2026-04-20T01:50:59.095+0000] {processor.py:914} INFO - Processing file /usr/local/python/3.12.1/lib/python3.12/site-packages/airflow/example_dags/example_bash_decorator.py for tasks to queue
[2026-04-20T01:50:59.096+0000] {logging_mixin.py:190} INFO - [2026-04-20T01:50:59.096+0000] {dagbag.py:588} INFO - Filling up the DagBag from /usr/local/python/3.12.1/lib/python3.12/site-packages/airflow/example_dags/example_bash_decorator.py
[2026-04-20T01:50:59.108+0000] {processor.py:925} INFO - DAG(s) 'example_bash_decorator' retrieved from /usr/local/python/3.12.1/lib/python3.12/site-packages/airflow/example_dags/example_bash_decorator.py
[2026-04-20T01:50:59.123+0000] {logging_mixin.py:190} INFO - [2026-04-20T01:50:59.122+0000] {dag.py:3239} INFO - Sync 1 DAGs
[2026-04-20T01:50:59.132+0000] {logging_mixin.py:190} INFO - [2026-04-20T01:50:59.132+0000] {dag.py:4180} INFO - Setting next_dagrun for example_bash_decorator to None, run_after=None
[2026-04-20T01:50:59.148+0000] {processor.py:208} INFO - Processing /usr/local/python/3.12.1/lib/python3.12/site-packages/airflow/example_dags/example_bash_decorator.py took 0.058 seconds
[2026-04-20T01:52:26.594+0000] {processor.py:186} INFO - Started process (PID=58468) to work on /usr/local/python/3.12.1/lib/python3.12/site-packages/airflow/example_dags/example_bash_decorator.py
[2026-04-20T01:52:26.595+0000] {processor.py:914} INFO - Processing file /usr/local/python/3.12.1/lib/python3.12/site-packages/airflow/example_dags/example_bash_decorator.py for tasks to queue
[2026-04-20T01:52:26.596+0000] {logging_mixin.py:190} INFO - [2026-04-20T01:52:26.595+0000] {dagbag.py:588} INFO - Filling up the DagBag from /usr/local/python/3.12.1/lib/python3.12/site-packages/airflow/example_dags/example_bash_decorator.py
[2026-04-20T01:52:26.607+0000] {processor.py:925} INFO - DAG(s) 'example_bash_decorator' retrieved from /usr/local/python/3.12.1/lib/python3.12/site-packages/airflow/example_dags/example_bash_decorator.py
[2026-04-20T01:52:26.622+0000] {logging_mixin.py:190} INFO - [2026-04-20T01:52:26.622+0000] {dag.py:3239} INFO - Sync 1 DAGs
[2026-04-20T01:52:26.632+0000] {logging_mixin.py:190} INFO - [2026-04-20T01:52:26.632+0000] {dag.py:4180} INFO - Setting next_dagrun for example_bash_decorator to None, run_after=None
[2026-04-20T01:52:26.661+0000] {processor.py:208} INFO - Processing /usr/local/python/3.12.1/lib/python3.12/site-packages/airflow/example_dags/example_bash_decorator.py took 0.071 seconds
[2026-04-20T01:53:46.987+0000] {processor.py:186} INFO - Started process (PID=59283) to work on /usr/local/python/3.12.1/lib/python3.12/site-packages/airflow/example_dags/example_bash_decorator.py
[2026-04-20T01:53:46.988+0000] {processor.py:914} INFO - Processing file /usr/local/python/3.12.1/lib/python3.12/site-packages/airflow/example_dags/example_bash_decorator.py for tasks to queue
[2026-04-20T01:53:46.989+0000] {logging_mixin.py:190} INFO - [2026-04-20T01:53:46.988+0000] {dagbag.py:588} INFO - Filling up the DagBag from /usr/local/python/3.12.1/lib/python3.12/site-packages/airflow/example_dags/example_bash_decorator.py
[2026-04-20T01:53:47.001+0000] {processor.py:925} INFO - DAG(s) 'example_bash_decorator' retrieved from /usr/local/python/3.12.1/lib/python3.12/site-packages/airflow/example_dags/example_bash_decorator.py
[2026-04-20T01:53:47.015+0000] {logging_mixin.py:190} INFO - [2026-04-20T01:53:47.015+0000] {dag.py:3239} INFO - Sync 1 DAGs
[2026-04-20T01:53:47.025+0000] {logging_mixin.py:190} INFO - [2026-04-20T01:53:47.025+0000] {dag.py:4180} INFO - Setting next_dagrun for example_bash_decorator to None, run_after=None
[2026-04-20T01:53:47.043+0000] {processor.py:208} INFO - Processing /usr/local/python/3.12.1/lib/python3.12/site-packages/airflow/example_dags/example_bash_decorator.py took 0.061 seconds
[2026-04-20T01:55:04.447+0000] {processor.py:186} INFO - Started process (PID=60130) to work on /usr/local/python/3.12.1/lib/python3.12/site-packages/airflow/example_dags/example_bash_decorator.py
[2026-04-20T01:55:04.448+0000] {processor.py:914} INFO - Processing file /usr/local/python/3.12.1/lib/python3.12/site-packages/airflow/example_dags/example_bash_decorator.py for tasks to queue
[2026-04-20T01:55:04.449+0000] {logging_mixin.py:190} INFO - [2026-04-20T01:55:04.449+0000] {dagbag.py:588} INFO - Filling up the DagBag from /usr/local/python/3.12.1/lib/python3.12/site-packages/airflow/example_dags/example_bash_decorator.py
[2026-04-20T01:55:04.478+0000] {processor.py:925} INFO - DAG(s) 'example_bash_decorator' retrieved from /usr/local/python/3.12.1/lib/python3.12/site-packages/airflow/example_dags/example_bash_decorator.py
[2026-04-20T01:55:04.497+0000] {logging_mixin.py:190} INFO - [2026-04-20T01:55:04.497+0000] {dag.py:3239} INFO - Sync 1 DAGs
[2026-04-20T01:55:04.508+0000] {logging_mixin.py:190} INFO - [2026-04-20T01:55:04.508+0000] {dag.py:4180} INFO - Setting next_dagrun for example_bash_decorator to None, run_after=None
[2026-04-20T01:55:04.524+0000] {processor.py:208} INFO - Processing /usr/local/python/3.12.1/lib/python3.12/site-packages/airflow/example_dags/example_bash_decorator.py took 0.083 seconds
[2026-04-20T01:56:22.063+0000] {processor.py:186} INFO - Started process (PID=60962) to work on /usr/local/python/3.12.1/lib/python3.12/site-packages/airflow/example_dags/example_bash_decorator.py
[2026-04-20T01:56:22.064+0000] {processor.py:914} INFO - Processing file /usr/local/python/3.12.1/lib/python3.12/site-packages/airflow/example_dags/example_bash_decorator.py for tasks to queue
[2026-04-20T01:56:22.065+0000] {logging_mixin.py:190} INFO - [2026-04-20T01:56:22.064+0000] {dagbag.py:588} INFO - Filling up the DagBag from /usr/local/python/3.12.1/lib/python3.12/site-packages/airflow/example_dags/example_bash_decorator.py
[2026-04-20T01:56:22.081+0000] {processor.py:925} INFO - DAG(s) 'example_bash_decorator' retrieved from /usr/local/python/3.12.1/lib/python3.12/site-packages/airflow/example_dags/example_bash_decorator.py
[2026-04-20T01:56:22.098+0000] {logging_mixin.py:190} INFO - [2026-04-20T01:56:22.098+0000] {dag.py:3239} INFO - Sync 1 DAGs
[2026-04-20T01:56:22.108+0000] {logging_mixin.py:190} INFO - [2026-04-20T01:56:22.108+0000] {dag.py:4180} INFO - Setting next_dagrun for example_bash_decorator to None, run_after=None
[2026-04-20T01:56:22.125+0000] {processor.py:208} INFO - Processing /usr/local/python/3.12.1/lib/python3.12/site-packages/airflow/example_dags/example_bash_decorator.py took 0.067 seconds
[2026-04-20T01:57:36.505+0000] {processor.py:186} INFO - Started process (PID=61705) to work on /usr/local/python/3.12.1/lib/python3.12/site-packages/airflow/example_dags/example_bash_decorator.py
[2026-04-20T01:57:36.505+0000] {processor.py:914} INFO - Processing file /usr/local/python/3.12.1/lib/python3.12/site-packages/airflow/example_dags/example_bash_decorator.py for tasks to queue
[2026-04-20T01:57:36.507+0000] {logging_mixin.py:190} INFO - [2026-04-20T01:57:36.506+0000] {dagbag.py:588} INFO - Filling up the DagBag from /usr/local/python/3.12.1/lib/python3.12/site-packages/airflow/example_dags/example_bash_decorator.py
[2026-04-20T01:57:36.520+0000] {processor.py:925} INFO - DAG(s) 'example_bash_decorator' retrieved from /usr/local/python/3.12.1/lib/python3.12/site-packages/airflow/example_dags/example_bash_decorator.py
[2026-04-20T01:57:36.535+0000] {logging_mixin.py:190} INFO - [2026-04-20T01:57:36.535+0000] {dag.py:3239} INFO - Sync 1 DAGs
[2026-04-20T01:57:36.546+0000] {logging_mixin.py:190} INFO - [2026-04-20T01:57:36.546+0000] {dag.py:4180} INFO - Setting next_dagrun for example_bash_decorator to None, run_after=None
[2026-04-20T01:57:36.563+0000] {processor.py:208} INFO - Processing /usr/local/python/3.12.1/lib/python3.12/site-packages/airflow/example_dags/example_bash_decorator.py took 0.063 seconds
[2026-04-20T14:14:17.339+0000] {processor.py:186} INFO - Started process (PID=7608) to work on /usr/local/python/3.12.1/lib/python3.12/site-packages/airflow/example_dags/example_bash_decorator.py
[2026-04-20T14:14:17.340+0000] {processor.py:914} INFO - Processing file /usr/local/python/3.12.1/lib/python3.12/site-packages/airflow/example_dags/example_bash_decorator.py for tasks to queue
[2026-04-20T14:14:17.342+0000] {logging_mixin.py:190} INFO - [2026-04-20T14:14:17.342+0000] {dagbag.py:588} INFO - Filling up the DagBag from /usr/local/python/3.12.1/lib/python3.12/site-packages/airflow/example_dags/example_bash_decorator.py
[2026-04-20T14:14:17.353+0000] {processor.py:925} INFO - DAG(s) 'example_bash_decorator' retrieved from /usr/local/python/3.12.1/lib/python3.12/site-packages/airflow/example_dags/example_bash_decorator.py
[2026-04-20T14:14:17.436+0000] {logging_mixin.py:190} INFO - [2026-04-20T14:14:17.436+0000] {dag.py:3239} INFO - Sync 1 DAGs
[2026-04-20T14:14:17.444+0000] {logging_mixin.py:190} INFO - [2026-04-20T14:14:17.444+0000] {dag.py:4180} INFO - Setting next_dagrun for example_bash_decorator to None, run_after=None
[2026-04-20T14:14:17.462+0000] {processor.py:208} INFO - Processing /usr/local/python/3.12.1/lib/python3.12/site-packages/airflow/example_dags/example_bash_decorator.py took 0.127 seconds
[2026-04-20T14:15:37.302+0000] {processor.py:186} INFO - Started process (PID=8931) to work on /usr/local/python/3.12.1/lib/python3.12/site-packages/airflow/example_dags/example_bash_decorator.py
[2026-04-20T14:15:37.303+0000] {processor.py:914} INFO - Processing file /usr/local/python/3.12.1/lib/python3.12/site-packages/airflow/example_dags/example_bash_decorator.py for tasks to queue
[2026-04-20T14:15:37.309+0000] {logging_mixin.py:190} INFO - [2026-04-20T14:15:37.308+0000] {dagbag.py:588} INFO - Filling up the DagBag from /usr/local/python/3.12.1/lib/python3.12/site-packages/airflow/example_dags/example_bash_decorator.py
[2026-04-20T14:15:37.331+0000] {processor.py:925} INFO - DAG(s) 'example_bash_decorator' retrieved from /usr/local/python/3.12.1/lib/python3.12/site-packages/airflow/example_dags/example_bash_decorator.py
[2026-04-20T14:15:37.352+0000] {logging_mixin.py:190} INFO - [2026-04-20T14:15:37.351+0000] {dag.py:3239} INFO - Sync 1 DAGs
[2026-04-20T14:15:37.361+0000] {logging_mixin.py:190} INFO - [2026-04-20T14:15:37.361+0000] {dag.py:4180} INFO - Setting next_dagrun for example_bash_decorator to None, run_after=None
[2026-04-20T14:15:37.450+0000] {processor.py:208} INFO - Processing /usr/local/python/3.12.1/lib/python3.12/site-packages/airflow/example_dags/example_bash_decorator.py took 0.154 seconds
