[2026-04-20T00:49:28.110+0000] {processor.py:186} INFO - Started process (PID=15886) to work on /usr/local/python/3.12.1/lib/python3.12/site-packages/airflow/example_dags/tutorial.py
[2026-04-20T00:49:28.111+0000] {processor.py:914} INFO - Processing file /usr/local/python/3.12.1/lib/python3.12/site-packages/airflow/example_dags/tutorial.py for tasks to queue
[2026-04-20T00:49:28.114+0000] {logging_mixin.py:190} INFO - [2026-04-20T00:49:28.113+0000] {dagbag.py:588} INFO - Filling up the DagBag from /usr/local/python/3.12.1/lib/python3.12/site-packages/airflow/example_dags/tutorial.py
[2026-04-20T00:49:28.123+0000] {processor.py:925} INFO - DAG(s) 'tutorial' retrieved from /usr/local/python/3.12.1/lib/python3.12/site-packages/airflow/example_dags/tutorial.py
[2026-04-20T00:49:28.151+0000] {logging_mixin.py:190} INFO - [2026-04-20T00:49:28.151+0000] {dag.py:3239} INFO - Sync 1 DAGs
[2026-04-20T00:49:28.213+0000] {logging_mixin.py:190} INFO - [2026-04-20T00:49:28.213+0000] {dag.py:4180} INFO - Setting next_dagrun for tutorial to 2026-04-19 00:00:00+00:00, run_after=2026-04-20 00:00:00+00:00
[2026-04-20T00:49:28.308+0000] {processor.py:208} INFO - Processing /usr/local/python/3.12.1/lib/python3.12/site-packages/airflow/example_dags/tutorial.py took 0.207 seconds
[2026-04-20T00:50:37.777+0000] {processor.py:186} INFO - Started process (PID=16890) to work on /usr/local/python/3.12.1/lib/python3.12/site-packages/airflow/example_dags/tutorial.py
[2026-04-20T00:50:37.777+0000] {processor.py:914} INFO - Processing file /usr/local/python/3.12.1/lib/python3.12/site-packages/airflow/example_dags/tutorial.py for tasks to queue
[2026-04-20T00:50:37.779+0000] {logging_mixin.py:190} INFO - [2026-04-20T00:50:37.779+0000] {dagbag.py:588} INFO - Filling up the DagBag from /usr/local/python/3.12.1/lib/python3.12/site-packages/airflow/example_dags/tutorial.py
[2026-04-20T00:50:37.785+0000] {processor.py:925} INFO - DAG(s) 'tutorial' retrieved from /usr/local/python/3.12.1/lib/python3.12/site-packages/airflow/example_dags/tutorial.py
[2026-04-20T00:50:37.797+0000] {logging_mixin.py:190} INFO - [2026-04-20T00:50:37.796+0000] {dag.py:3239} INFO - Sync 1 DAGs
[2026-04-20T00:50:37.812+0000] {logging_mixin.py:190} INFO - [2026-04-20T00:50:37.812+0000] {dag.py:4180} INFO - Setting next_dagrun for tutorial to 2026-04-19 00:00:00+00:00, run_after=2026-04-20 00:00:00+00:00
[2026-04-20T00:50:37.829+0000] {processor.py:208} INFO - Processing /usr/local/python/3.12.1/lib/python3.12/site-packages/airflow/example_dags/tutorial.py took 0.057 seconds
[2026-04-20T00:51:51.110+0000] {processor.py:186} INFO - Started process (PID=18248) to work on /usr/local/python/3.12.1/lib/python3.12/site-packages/airflow/example_dags/tutorial.py
[2026-04-20T00:51:51.111+0000] {processor.py:914} INFO - Processing file /usr/local/python/3.12.1/lib/python3.12/site-packages/airflow/example_dags/tutorial.py for tasks to queue
[2026-04-20T00:51:51.113+0000] {logging_mixin.py:190} INFO - [2026-04-20T00:51:51.113+0000] {dagbag.py:588} INFO - Filling up the DagBag from /usr/local/python/3.12.1/lib/python3.12/site-packages/airflow/example_dags/tutorial.py
[2026-04-20T00:51:51.119+0000] {processor.py:925} INFO - DAG(s) 'tutorial' retrieved from /usr/local/python/3.12.1/lib/python3.12/site-packages/airflow/example_dags/tutorial.py
[2026-04-20T00:51:51.131+0000] {logging_mixin.py:190} INFO - [2026-04-20T00:51:51.131+0000] {dag.py:3239} INFO - Sync 1 DAGs
[2026-04-20T00:51:51.151+0000] {logging_mixin.py:190} INFO - [2026-04-20T00:51:51.151+0000] {dag.py:4180} INFO - Setting next_dagrun for tutorial to 2026-04-19 00:00:00+00:00, run_after=2026-04-20 00:00:00+00:00
[2026-04-20T00:51:51.166+0000] {processor.py:208} INFO - Processing /usr/local/python/3.12.1/lib/python3.12/site-packages/airflow/example_dags/tutorial.py took 0.062 seconds
[2026-04-20T00:53:11.712+0000] {processor.py:186} INFO - Started process (PID=19714) to work on /usr/local/python/3.12.1/lib/python3.12/site-packages/airflow/example_dags/tutorial.py
[2026-04-20T00:53:11.712+0000] {processor.py:914} INFO - Processing file /usr/local/python/3.12.1/lib/python3.12/site-packages/airflow/example_dags/tutorial.py for tasks to queue
[2026-04-20T00:53:11.714+0000] {logging_mixin.py:190} INFO - [2026-04-20T00:53:11.714+0000] {dagbag.py:588} INFO - Filling up the DagBag from /usr/local/python/3.12.1/lib/python3.12/site-packages/airflow/example_dags/tutorial.py
[2026-04-20T00:53:11.720+0000] {processor.py:925} INFO - DAG(s) 'tutorial' retrieved from /usr/local/python/3.12.1/lib/python3.12/site-packages/airflow/example_dags/tutorial.py
[2026-04-20T00:53:11.731+0000] {logging_mixin.py:190} INFO - [2026-04-20T00:53:11.731+0000] {dag.py:3239} INFO - Sync 1 DAGs
[2026-04-20T00:53:11.746+0000] {logging_mixin.py:190} INFO - [2026-04-20T00:53:11.746+0000] {dag.py:4180} INFO - Setting next_dagrun for tutorial to 2026-04-19 00:00:00+00:00, run_after=2026-04-20 00:00:00+00:00
[2026-04-20T00:53:11.763+0000] {processor.py:208} INFO - Processing /usr/local/python/3.12.1/lib/python3.12/site-packages/airflow/example_dags/tutorial.py took 0.055 seconds
[2026-04-20T00:54:31.077+0000] {processor.py:186} INFO - Started process (PID=20672) to work on /usr/local/python/3.12.1/lib/python3.12/site-packages/airflow/example_dags/tutorial.py
[2026-04-20T00:54:31.077+0000] {processor.py:914} INFO - Processing file /usr/local/python/3.12.1/lib/python3.12/site-packages/airflow/example_dags/tutorial.py for tasks to queue
[2026-04-20T00:54:31.079+0000] {logging_mixin.py:190} INFO - [2026-04-20T00:54:31.078+0000] {dagbag.py:588} INFO - Filling up the DagBag from /usr/local/python/3.12.1/lib/python3.12/site-packages/airflow/example_dags/tutorial.py
[2026-04-20T00:54:31.085+0000] {processor.py:925} INFO - DAG(s) 'tutorial' retrieved from /usr/local/python/3.12.1/lib/python3.12/site-packages/airflow/example_dags/tutorial.py
[2026-04-20T00:54:31.097+0000] {logging_mixin.py:190} INFO - [2026-04-20T00:54:31.096+0000] {dag.py:3239} INFO - Sync 1 DAGs
[2026-04-20T00:54:31.112+0000] {logging_mixin.py:190} INFO - [2026-04-20T00:54:31.112+0000] {dag.py:4180} INFO - Setting next_dagrun for tutorial to 2026-04-19 00:00:00+00:00, run_after=2026-04-20 00:00:00+00:00
[2026-04-20T00:54:31.128+0000] {processor.py:208} INFO - Processing /usr/local/python/3.12.1/lib/python3.12/site-packages/airflow/example_dags/tutorial.py took 0.055 seconds
[2026-04-20T00:55:43.281+0000] {processor.py:186} INFO - Started process (PID=21415) to work on /usr/local/python/3.12.1/lib/python3.12/site-packages/airflow/example_dags/tutorial.py
[2026-04-20T00:55:43.282+0000] {processor.py:914} INFO - Processing file /usr/local/python/3.12.1/lib/python3.12/site-packages/airflow/example_dags/tutorial.py for tasks to queue
[2026-04-20T00:55:43.284+0000] {logging_mixin.py:190} INFO - [2026-04-20T00:55:43.284+0000] {dagbag.py:588} INFO - Filling up the DagBag from /usr/local/python/3.12.1/lib/python3.12/site-packages/airflow/example_dags/tutorial.py
[2026-04-20T00:55:43.290+0000] {processor.py:925} INFO - DAG(s) 'tutorial' retrieved from /usr/local/python/3.12.1/lib/python3.12/site-packages/airflow/example_dags/tutorial.py
[2026-04-20T00:55:43.302+0000] {logging_mixin.py:190} INFO - [2026-04-20T00:55:43.302+0000] {dag.py:3239} INFO - Sync 1 DAGs
[2026-04-20T00:55:43.318+0000] {logging_mixin.py:190} INFO - [2026-04-20T00:55:43.318+0000] {dag.py:4180} INFO - Setting next_dagrun for tutorial to 2026-04-19 00:00:00+00:00, run_after=2026-04-20 00:00:00+00:00
[2026-04-20T00:55:43.335+0000] {processor.py:208} INFO - Processing /usr/local/python/3.12.1/lib/python3.12/site-packages/airflow/example_dags/tutorial.py took 0.057 seconds
[2026-04-20T00:57:02.558+0000] {processor.py:186} INFO - Started process (PID=22300) to work on /usr/local/python/3.12.1/lib/python3.12/site-packages/airflow/example_dags/tutorial.py
[2026-04-20T00:57:02.559+0000] {processor.py:914} INFO - Processing file /usr/local/python/3.12.1/lib/python3.12/site-packages/airflow/example_dags/tutorial.py for tasks to queue
[2026-04-20T00:57:02.561+0000] {logging_mixin.py:190} INFO - [2026-04-20T00:57:02.561+0000] {dagbag.py:588} INFO - Filling up the DagBag from /usr/local/python/3.12.1/lib/python3.12/site-packages/airflow/example_dags/tutorial.py
[2026-04-20T00:57:02.568+0000] {processor.py:925} INFO - DAG(s) 'tutorial' retrieved from /usr/local/python/3.12.1/lib/python3.12/site-packages/airflow/example_dags/tutorial.py
[2026-04-20T00:57:02.579+0000] {logging_mixin.py:190} INFO - [2026-04-20T00:57:02.579+0000] {dag.py:3239} INFO - Sync 1 DAGs
[2026-04-20T00:57:02.595+0000] {logging_mixin.py:190} INFO - [2026-04-20T00:57:02.594+0000] {dag.py:4180} INFO - Setting next_dagrun for tutorial to 2026-04-19 00:00:00+00:00, run_after=2026-04-20 00:00:00+00:00
[2026-04-20T00:57:02.611+0000] {processor.py:208} INFO - Processing /usr/local/python/3.12.1/lib/python3.12/site-packages/airflow/example_dags/tutorial.py took 0.057 seconds
[2026-04-20T00:58:14.046+0000] {processor.py:186} INFO - Started process (PID=23164) to work on /usr/local/python/3.12.1/lib/python3.12/site-packages/airflow/example_dags/tutorial.py
[2026-04-20T00:58:14.047+0000] {processor.py:914} INFO - Processing file /usr/local/python/3.12.1/lib/python3.12/site-packages/airflow/example_dags/tutorial.py for tasks to queue
[2026-04-20T00:58:14.049+0000] {logging_mixin.py:190} INFO - [2026-04-20T00:58:14.048+0000] {dagbag.py:588} INFO - Filling up the DagBag from /usr/local/python/3.12.1/lib/python3.12/site-packages/airflow/example_dags/tutorial.py
[2026-04-20T00:58:14.055+0000] {processor.py:925} INFO - DAG(s) 'tutorial' retrieved from /usr/local/python/3.12.1/lib/python3.12/site-packages/airflow/example_dags/tutorial.py
[2026-04-20T00:58:14.067+0000] {logging_mixin.py:190} INFO - [2026-04-20T00:58:14.067+0000] {dag.py:3239} INFO - Sync 1 DAGs
[2026-04-20T00:58:14.083+0000] {logging_mixin.py:190} INFO - [2026-04-20T00:58:14.083+0000] {dag.py:4180} INFO - Setting next_dagrun for tutorial to 2026-04-19 00:00:00+00:00, run_after=2026-04-20 00:00:00+00:00
[2026-04-20T00:58:14.099+0000] {processor.py:208} INFO - Processing /usr/local/python/3.12.1/lib/python3.12/site-packages/airflow/example_dags/tutorial.py took 0.057 seconds
[2026-04-20T00:59:37.015+0000] {processor.py:186} INFO - Started process (PID=24231) to work on /usr/local/python/3.12.1/lib/python3.12/site-packages/airflow/example_dags/tutorial.py
[2026-04-20T00:59:37.015+0000] {processor.py:914} INFO - Processing file /usr/local/python/3.12.1/lib/python3.12/site-packages/airflow/example_dags/tutorial.py for tasks to queue
[2026-04-20T00:59:37.017+0000] {logging_mixin.py:190} INFO - [2026-04-20T00:59:37.016+0000] {dagbag.py:588} INFO - Filling up the DagBag from /usr/local/python/3.12.1/lib/python3.12/site-packages/airflow/example_dags/tutorial.py
[2026-04-20T00:59:37.023+0000] {processor.py:925} INFO - DAG(s) 'tutorial' retrieved from /usr/local/python/3.12.1/lib/python3.12/site-packages/airflow/example_dags/tutorial.py
[2026-04-20T00:59:37.035+0000] {logging_mixin.py:190} INFO - [2026-04-20T00:59:37.034+0000] {dag.py:3239} INFO - Sync 1 DAGs
[2026-04-20T00:59:37.052+0000] {logging_mixin.py:190} INFO - [2026-04-20T00:59:37.051+0000] {dag.py:4180} INFO - Setting next_dagrun for tutorial to 2026-04-19 00:00:00+00:00, run_after=2026-04-20 00:00:00+00:00
[2026-04-20T00:59:37.068+0000] {processor.py:208} INFO - Processing /usr/local/python/3.12.1/lib/python3.12/site-packages/airflow/example_dags/tutorial.py took 0.058 seconds
[2026-04-20T01:00:53.056+0000] {processor.py:186} INFO - Started process (PID=25009) to work on /usr/local/python/3.12.1/lib/python3.12/site-packages/airflow/example_dags/tutorial.py
[2026-04-20T01:00:53.057+0000] {processor.py:914} INFO - Processing file /usr/local/python/3.12.1/lib/python3.12/site-packages/airflow/example_dags/tutorial.py for tasks to queue
[2026-04-20T01:00:53.059+0000] {logging_mixin.py:190} INFO - [2026-04-20T01:00:53.058+0000] {dagbag.py:588} INFO - Filling up the DagBag from /usr/local/python/3.12.1/lib/python3.12/site-packages/airflow/example_dags/tutorial.py
[2026-04-20T01:00:53.065+0000] {processor.py:925} INFO - DAG(s) 'tutorial' retrieved from /usr/local/python/3.12.1/lib/python3.12/site-packages/airflow/example_dags/tutorial.py
[2026-04-20T01:00:53.078+0000] {logging_mixin.py:190} INFO - [2026-04-20T01:00:53.077+0000] {dag.py:3239} INFO - Sync 1 DAGs
[2026-04-20T01:00:53.093+0000] {logging_mixin.py:190} INFO - [2026-04-20T01:00:53.093+0000] {dag.py:4180} INFO - Setting next_dagrun for tutorial to 2026-04-19 00:00:00+00:00, run_after=2026-04-20 00:00:00+00:00
[2026-04-20T01:00:53.111+0000] {processor.py:208} INFO - Processing /usr/local/python/3.12.1/lib/python3.12/site-packages/airflow/example_dags/tutorial.py took 0.059 seconds
[2026-04-20T01:02:04.052+0000] {processor.py:186} INFO - Started process (PID=25831) to work on /usr/local/python/3.12.1/lib/python3.12/site-packages/airflow/example_dags/tutorial.py
[2026-04-20T01:02:04.053+0000] {processor.py:914} INFO - Processing file /usr/local/python/3.12.1/lib/python3.12/site-packages/airflow/example_dags/tutorial.py for tasks to queue
[2026-04-20T01:02:04.054+0000] {logging_mixin.py:190} INFO - [2026-04-20T01:02:04.054+0000] {dagbag.py:588} INFO - Filling up the DagBag from /usr/local/python/3.12.1/lib/python3.12/site-packages/airflow/example_dags/tutorial.py
[2026-04-20T01:02:04.061+0000] {processor.py:925} INFO - DAG(s) 'tutorial' retrieved from /usr/local/python/3.12.1/lib/python3.12/site-packages/airflow/example_dags/tutorial.py
[2026-04-20T01:02:04.075+0000] {logging_mixin.py:190} INFO - [2026-04-20T01:02:04.074+0000] {dag.py:3239} INFO - Sync 1 DAGs
[2026-04-20T01:02:04.101+0000] {logging_mixin.py:190} INFO - [2026-04-20T01:02:04.100+0000] {dag.py:4180} INFO - Setting next_dagrun for tutorial to 2026-04-19 00:00:00+00:00, run_after=2026-04-20 00:00:00+00:00
[2026-04-20T01:02:04.131+0000] {processor.py:208} INFO - Processing /usr/local/python/3.12.1/lib/python3.12/site-packages/airflow/example_dags/tutorial.py took 0.083 seconds
[2026-04-20T01:03:17.929+0000] {processor.py:186} INFO - Started process (PID=26650) to work on /usr/local/python/3.12.1/lib/python3.12/site-packages/airflow/example_dags/tutorial.py
[2026-04-20T01:03:17.930+0000] {processor.py:914} INFO - Processing file /usr/local/python/3.12.1/lib/python3.12/site-packages/airflow/example_dags/tutorial.py for tasks to queue
[2026-04-20T01:03:17.933+0000] {logging_mixin.py:190} INFO - [2026-04-20T01:03:17.933+0000] {dagbag.py:588} INFO - Filling up the DagBag from /usr/local/python/3.12.1/lib/python3.12/site-packages/airflow/example_dags/tutorial.py
[2026-04-20T01:03:17.945+0000] {processor.py:925} INFO - DAG(s) 'tutorial' retrieved from /usr/local/python/3.12.1/lib/python3.12/site-packages/airflow/example_dags/tutorial.py
[2026-04-20T01:03:17.961+0000] {logging_mixin.py:190} INFO - [2026-04-20T01:03:17.961+0000] {dag.py:3239} INFO - Sync 1 DAGs
[2026-04-20T01:03:17.988+0000] {logging_mixin.py:190} INFO - [2026-04-20T01:03:17.988+0000] {dag.py:4180} INFO - Setting next_dagrun for tutorial to 2026-04-19 00:00:00+00:00, run_after=2026-04-20 00:00:00+00:00
[2026-04-20T01:03:18.004+0000] {processor.py:208} INFO - Processing /usr/local/python/3.12.1/lib/python3.12/site-packages/airflow/example_dags/tutorial.py took 0.082 seconds
[2026-04-20T01:04:32.762+0000] {processor.py:186} INFO - Started process (PID=27469) to work on /usr/local/python/3.12.1/lib/python3.12/site-packages/airflow/example_dags/tutorial.py
[2026-04-20T01:04:32.763+0000] {processor.py:914} INFO - Processing file /usr/local/python/3.12.1/lib/python3.12/site-packages/airflow/example_dags/tutorial.py for tasks to queue
[2026-04-20T01:04:32.765+0000] {logging_mixin.py:190} INFO - [2026-04-20T01:04:32.764+0000] {dagbag.py:588} INFO - Filling up the DagBag from /usr/local/python/3.12.1/lib/python3.12/site-packages/airflow/example_dags/tutorial.py
[2026-04-20T01:04:32.771+0000] {processor.py:925} INFO - DAG(s) 'tutorial' retrieved from /usr/local/python/3.12.1/lib/python3.12/site-packages/airflow/example_dags/tutorial.py
[2026-04-20T01:04:32.786+0000] {logging_mixin.py:190} INFO - [2026-04-20T01:04:32.785+0000] {dag.py:3239} INFO - Sync 1 DAGs
[2026-04-20T01:04:32.801+0000] {logging_mixin.py:190} INFO - [2026-04-20T01:04:32.801+0000] {dag.py:4180} INFO - Setting next_dagrun for tutorial to 2026-04-19 00:00:00+00:00, run_after=2026-04-20 00:00:00+00:00
[2026-04-20T01:04:32.817+0000] {processor.py:208} INFO - Processing /usr/local/python/3.12.1/lib/python3.12/site-packages/airflow/example_dags/tutorial.py took 0.059 seconds
[2026-04-20T01:05:54.177+0000] {processor.py:186} INFO - Started process (PID=28601) to work on /usr/local/python/3.12.1/lib/python3.12/site-packages/airflow/example_dags/tutorial.py
[2026-04-20T01:05:54.178+0000] {processor.py:914} INFO - Processing file /usr/local/python/3.12.1/lib/python3.12/site-packages/airflow/example_dags/tutorial.py for tasks to queue
[2026-04-20T01:05:54.180+0000] {logging_mixin.py:190} INFO - [2026-04-20T01:05:54.179+0000] {dagbag.py:588} INFO - Filling up the DagBag from /usr/local/python/3.12.1/lib/python3.12/site-packages/airflow/example_dags/tutorial.py
[2026-04-20T01:05:54.186+0000] {processor.py:925} INFO - DAG(s) 'tutorial' retrieved from /usr/local/python/3.12.1/lib/python3.12/site-packages/airflow/example_dags/tutorial.py
[2026-04-20T01:05:54.198+0000] {logging_mixin.py:190} INFO - [2026-04-20T01:05:54.197+0000] {dag.py:3239} INFO - Sync 1 DAGs
[2026-04-20T01:05:54.213+0000] {logging_mixin.py:190} INFO - [2026-04-20T01:05:54.213+0000] {dag.py:4180} INFO - Setting next_dagrun for tutorial to 2026-04-19 00:00:00+00:00, run_after=2026-04-20 00:00:00+00:00
[2026-04-20T01:05:54.229+0000] {processor.py:208} INFO - Processing /usr/local/python/3.12.1/lib/python3.12/site-packages/airflow/example_dags/tutorial.py took 0.056 seconds
[2026-04-20T01:07:15.390+0000] {processor.py:186} INFO - Started process (PID=29617) to work on /usr/local/python/3.12.1/lib/python3.12/site-packages/airflow/example_dags/tutorial.py
[2026-04-20T01:07:15.391+0000] {processor.py:914} INFO - Processing file /usr/local/python/3.12.1/lib/python3.12/site-packages/airflow/example_dags/tutorial.py for tasks to queue
[2026-04-20T01:07:15.392+0000] {logging_mixin.py:190} INFO - [2026-04-20T01:07:15.392+0000] {dagbag.py:588} INFO - Filling up the DagBag from /usr/local/python/3.12.1/lib/python3.12/site-packages/airflow/example_dags/tutorial.py
[2026-04-20T01:07:15.399+0000] {processor.py:925} INFO - DAG(s) 'tutorial' retrieved from /usr/local/python/3.12.1/lib/python3.12/site-packages/airflow/example_dags/tutorial.py
[2026-04-20T01:07:15.411+0000] {logging_mixin.py:190} INFO - [2026-04-20T01:07:15.411+0000] {dag.py:3239} INFO - Sync 1 DAGs
[2026-04-20T01:07:15.426+0000] {logging_mixin.py:190} INFO - [2026-04-20T01:07:15.426+0000] {dag.py:4180} INFO - Setting next_dagrun for tutorial to 2026-04-19 00:00:00+00:00, run_after=2026-04-20 00:00:00+00:00
[2026-04-20T01:07:15.442+0000] {processor.py:208} INFO - Processing /usr/local/python/3.12.1/lib/python3.12/site-packages/airflow/example_dags/tutorial.py took 0.056 seconds
[2026-04-20T01:08:30.811+0000] {processor.py:186} INFO - Started process (PID=30544) to work on /usr/local/python/3.12.1/lib/python3.12/site-packages/airflow/example_dags/tutorial.py
[2026-04-20T01:08:30.811+0000] {processor.py:914} INFO - Processing file /usr/local/python/3.12.1/lib/python3.12/site-packages/airflow/example_dags/tutorial.py for tasks to queue
[2026-04-20T01:08:30.812+0000] {logging_mixin.py:190} INFO - [2026-04-20T01:08:30.812+0000] {dagbag.py:588} INFO - Filling up the DagBag from /usr/local/python/3.12.1/lib/python3.12/site-packages/airflow/example_dags/tutorial.py
[2026-04-20T01:08:30.822+0000] {processor.py:925} INFO - DAG(s) 'tutorial' retrieved from /usr/local/python/3.12.1/lib/python3.12/site-packages/airflow/example_dags/tutorial.py
[2026-04-20T01:08:30.838+0000] {logging_mixin.py:190} INFO - [2026-04-20T01:08:30.838+0000] {dag.py:3239} INFO - Sync 1 DAGs
[2026-04-20T01:08:30.856+0000] {logging_mixin.py:190} INFO - [2026-04-20T01:08:30.856+0000] {dag.py:4180} INFO - Setting next_dagrun for tutorial to 2026-04-19 00:00:00+00:00, run_after=2026-04-20 00:00:00+00:00
[2026-04-20T01:08:30.874+0000] {processor.py:208} INFO - Processing /usr/local/python/3.12.1/lib/python3.12/site-packages/airflow/example_dags/tutorial.py took 0.067 seconds
[2026-04-20T01:09:45.154+0000] {processor.py:186} INFO - Started process (PID=31505) to work on /usr/local/python/3.12.1/lib/python3.12/site-packages/airflow/example_dags/tutorial.py
[2026-04-20T01:09:45.154+0000] {processor.py:914} INFO - Processing file /usr/local/python/3.12.1/lib/python3.12/site-packages/airflow/example_dags/tutorial.py for tasks to queue
[2026-04-20T01:09:45.155+0000] {logging_mixin.py:190} INFO - [2026-04-20T01:09:45.155+0000] {dagbag.py:588} INFO - Filling up the DagBag from /usr/local/python/3.12.1/lib/python3.12/site-packages/airflow/example_dags/tutorial.py
[2026-04-20T01:09:45.162+0000] {processor.py:925} INFO - DAG(s) 'tutorial' retrieved from /usr/local/python/3.12.1/lib/python3.12/site-packages/airflow/example_dags/tutorial.py
[2026-04-20T01:09:45.175+0000] {logging_mixin.py:190} INFO - [2026-04-20T01:09:45.175+0000] {dag.py:3239} INFO - Sync 1 DAGs
[2026-04-20T01:09:45.210+0000] {logging_mixin.py:190} INFO - [2026-04-20T01:09:45.210+0000] {dag.py:4180} INFO - Setting next_dagrun for tutorial to 2026-04-19 00:00:00+00:00, run_after=2026-04-20 00:00:00+00:00
[2026-04-20T01:09:45.228+0000] {processor.py:208} INFO - Processing /usr/local/python/3.12.1/lib/python3.12/site-packages/airflow/example_dags/tutorial.py took 0.078 seconds
[2026-04-20T01:11:12.452+0000] {processor.py:186} INFO - Started process (PID=32903) to work on /usr/local/python/3.12.1/lib/python3.12/site-packages/airflow/example_dags/tutorial.py
[2026-04-20T01:11:12.453+0000] {processor.py:914} INFO - Processing file /usr/local/python/3.12.1/lib/python3.12/site-packages/airflow/example_dags/tutorial.py for tasks to queue
[2026-04-20T01:11:12.455+0000] {logging_mixin.py:190} INFO - [2026-04-20T01:11:12.455+0000] {dagbag.py:588} INFO - Filling up the DagBag from /usr/local/python/3.12.1/lib/python3.12/site-packages/airflow/example_dags/tutorial.py
[2026-04-20T01:11:12.463+0000] {processor.py:925} INFO - DAG(s) 'tutorial' retrieved from /usr/local/python/3.12.1/lib/python3.12/site-packages/airflow/example_dags/tutorial.py
[2026-04-20T01:11:12.475+0000] {logging_mixin.py:190} INFO - [2026-04-20T01:11:12.475+0000] {dag.py:3239} INFO - Sync 1 DAGs
[2026-04-20T01:11:12.491+0000] {logging_mixin.py:190} INFO - [2026-04-20T01:11:12.491+0000] {dag.py:4180} INFO - Setting next_dagrun for tutorial to 2026-04-19 00:00:00+00:00, run_after=2026-04-20 00:00:00+00:00
[2026-04-20T01:11:12.508+0000] {processor.py:208} INFO - Processing /usr/local/python/3.12.1/lib/python3.12/site-packages/airflow/example_dags/tutorial.py took 0.065 seconds
[2026-04-20T01:12:27.472+0000] {processor.py:186} INFO - Started process (PID=33659) to work on /usr/local/python/3.12.1/lib/python3.12/site-packages/airflow/example_dags/tutorial.py
[2026-04-20T01:12:27.474+0000] {processor.py:914} INFO - Processing file /usr/local/python/3.12.1/lib/python3.12/site-packages/airflow/example_dags/tutorial.py for tasks to queue
[2026-04-20T01:12:27.476+0000] {logging_mixin.py:190} INFO - [2026-04-20T01:12:27.475+0000] {dagbag.py:588} INFO - Filling up the DagBag from /usr/local/python/3.12.1/lib/python3.12/site-packages/airflow/example_dags/tutorial.py
[2026-04-20T01:12:27.487+0000] {processor.py:925} INFO - DAG(s) 'tutorial' retrieved from /usr/local/python/3.12.1/lib/python3.12/site-packages/airflow/example_dags/tutorial.py
[2026-04-20T01:12:27.503+0000] {logging_mixin.py:190} INFO - [2026-04-20T01:12:27.503+0000] {dag.py:3239} INFO - Sync 1 DAGs
[2026-04-20T01:12:27.534+0000] {logging_mixin.py:190} INFO - [2026-04-20T01:12:27.533+0000] {dag.py:4180} INFO - Setting next_dagrun for tutorial to 2026-04-19 00:00:00+00:00, run_after=2026-04-20 00:00:00+00:00
[2026-04-20T01:12:27.562+0000] {processor.py:208} INFO - Processing /usr/local/python/3.12.1/lib/python3.12/site-packages/airflow/example_dags/tutorial.py took 0.097 seconds
[2026-04-20T01:13:44.588+0000] {processor.py:186} INFO - Started process (PID=34439) to work on /usr/local/python/3.12.1/lib/python3.12/site-packages/airflow/example_dags/tutorial.py
[2026-04-20T01:13:44.588+0000] {processor.py:914} INFO - Processing file /usr/local/python/3.12.1/lib/python3.12/site-packages/airflow/example_dags/tutorial.py for tasks to queue
[2026-04-20T01:13:44.589+0000] {logging_mixin.py:190} INFO - [2026-04-20T01:13:44.589+0000] {dagbag.py:588} INFO - Filling up the DagBag from /usr/local/python/3.12.1/lib/python3.12/site-packages/airflow/example_dags/tutorial.py
[2026-04-20T01:13:44.596+0000] {processor.py:925} INFO - DAG(s) 'tutorial' retrieved from /usr/local/python/3.12.1/lib/python3.12/site-packages/airflow/example_dags/tutorial.py
[2026-04-20T01:13:44.607+0000] {logging_mixin.py:190} INFO - [2026-04-20T01:13:44.607+0000] {dag.py:3239} INFO - Sync 1 DAGs
[2026-04-20T01:13:44.622+0000] {logging_mixin.py:190} INFO - [2026-04-20T01:13:44.622+0000] {dag.py:4180} INFO - Setting next_dagrun for tutorial to 2026-04-19 00:00:00+00:00, run_after=2026-04-20 00:00:00+00:00
[2026-04-20T01:13:44.638+0000] {processor.py:208} INFO - Processing /usr/local/python/3.12.1/lib/python3.12/site-packages/airflow/example_dags/tutorial.py took 0.054 seconds
[2026-04-20T01:14:59.665+0000] {processor.py:186} INFO - Started process (PID=35195) to work on /usr/local/python/3.12.1/lib/python3.12/site-packages/airflow/example_dags/tutorial.py
[2026-04-20T01:14:59.666+0000] {processor.py:914} INFO - Processing file /usr/local/python/3.12.1/lib/python3.12/site-packages/airflow/example_dags/tutorial.py for tasks to queue
[2026-04-20T01:14:59.667+0000] {logging_mixin.py:190} INFO - [2026-04-20T01:14:59.666+0000] {dagbag.py:588} INFO - Filling up the DagBag from /usr/local/python/3.12.1/lib/python3.12/site-packages/airflow/example_dags/tutorial.py
[2026-04-20T01:14:59.673+0000] {processor.py:925} INFO - DAG(s) 'tutorial' retrieved from /usr/local/python/3.12.1/lib/python3.12/site-packages/airflow/example_dags/tutorial.py
[2026-04-20T01:14:59.685+0000] {logging_mixin.py:190} INFO - [2026-04-20T01:14:59.684+0000] {dag.py:3239} INFO - Sync 1 DAGs
[2026-04-20T01:14:59.700+0000] {logging_mixin.py:190} INFO - [2026-04-20T01:14:59.699+0000] {dag.py:4180} INFO - Setting next_dagrun for tutorial to 2026-04-19 00:00:00+00:00, run_after=2026-04-20 00:00:00+00:00
[2026-04-20T01:14:59.715+0000] {processor.py:208} INFO - Processing /usr/local/python/3.12.1/lib/python3.12/site-packages/airflow/example_dags/tutorial.py took 0.055 seconds
[2026-04-20T01:16:14.469+0000] {processor.py:186} INFO - Started process (PID=36025) to work on /usr/local/python/3.12.1/lib/python3.12/site-packages/airflow/example_dags/tutorial.py
[2026-04-20T01:16:14.470+0000] {processor.py:914} INFO - Processing file /usr/local/python/3.12.1/lib/python3.12/site-packages/airflow/example_dags/tutorial.py for tasks to queue
[2026-04-20T01:16:14.472+0000] {logging_mixin.py:190} INFO - [2026-04-20T01:16:14.471+0000] {dagbag.py:588} INFO - Filling up the DagBag from /usr/local/python/3.12.1/lib/python3.12/site-packages/airflow/example_dags/tutorial.py
[2026-04-20T01:16:14.482+0000] {processor.py:925} INFO - DAG(s) 'tutorial' retrieved from /usr/local/python/3.12.1/lib/python3.12/site-packages/airflow/example_dags/tutorial.py
[2026-04-20T01:16:14.499+0000] {logging_mixin.py:190} INFO - [2026-04-20T01:16:14.498+0000] {dag.py:3239} INFO - Sync 1 DAGs
[2026-04-20T01:16:14.538+0000] {logging_mixin.py:190} INFO - [2026-04-20T01:16:14.537+0000] {dag.py:4180} INFO - Setting next_dagrun for tutorial to 2026-04-19 00:00:00+00:00, run_after=2026-04-20 00:00:00+00:00
[2026-04-20T01:16:14.572+0000] {processor.py:208} INFO - Processing /usr/local/python/3.12.1/lib/python3.12/site-packages/airflow/example_dags/tutorial.py took 0.113 seconds
[2026-04-20T01:17:31.911+0000] {processor.py:186} INFO - Started process (PID=36795) to work on /usr/local/python/3.12.1/lib/python3.12/site-packages/airflow/example_dags/tutorial.py
[2026-04-20T01:17:31.912+0000] {processor.py:914} INFO - Processing file /usr/local/python/3.12.1/lib/python3.12/site-packages/airflow/example_dags/tutorial.py for tasks to queue
[2026-04-20T01:17:31.913+0000] {logging_mixin.py:190} INFO - [2026-04-20T01:17:31.912+0000] {dagbag.py:588} INFO - Filling up the DagBag from /usr/local/python/3.12.1/lib/python3.12/site-packages/airflow/example_dags/tutorial.py
[2026-04-20T01:17:31.920+0000] {processor.py:925} INFO - DAG(s) 'tutorial' retrieved from /usr/local/python/3.12.1/lib/python3.12/site-packages/airflow/example_dags/tutorial.py
[2026-04-20T01:17:31.934+0000] {logging_mixin.py:190} INFO - [2026-04-20T01:17:31.933+0000] {dag.py:3239} INFO - Sync 1 DAGs
[2026-04-20T01:17:31.955+0000] {logging_mixin.py:190} INFO - [2026-04-20T01:17:31.955+0000] {dag.py:4180} INFO - Setting next_dagrun for tutorial to 2026-04-19 00:00:00+00:00, run_after=2026-04-20 00:00:00+00:00
[2026-04-20T01:17:31.971+0000] {processor.py:208} INFO - Processing /usr/local/python/3.12.1/lib/python3.12/site-packages/airflow/example_dags/tutorial.py took 0.064 seconds
[2026-04-20T01:18:50.027+0000] {processor.py:186} INFO - Started process (PID=37577) to work on /usr/local/python/3.12.1/lib/python3.12/site-packages/airflow/example_dags/tutorial.py
[2026-04-20T01:18:50.028+0000] {processor.py:914} INFO - Processing file /usr/local/python/3.12.1/lib/python3.12/site-packages/airflow/example_dags/tutorial.py for tasks to queue
[2026-04-20T01:18:50.029+0000] {logging_mixin.py:190} INFO - [2026-04-20T01:18:50.029+0000] {dagbag.py:588} INFO - Filling up the DagBag from /usr/local/python/3.12.1/lib/python3.12/site-packages/airflow/example_dags/tutorial.py
[2026-04-20T01:18:50.036+0000] {processor.py:925} INFO - DAG(s) 'tutorial' retrieved from /usr/local/python/3.12.1/lib/python3.12/site-packages/airflow/example_dags/tutorial.py
[2026-04-20T01:18:50.047+0000] {logging_mixin.py:190} INFO - [2026-04-20T01:18:50.047+0000] {dag.py:3239} INFO - Sync 1 DAGs
[2026-04-20T01:18:50.062+0000] {logging_mixin.py:190} INFO - [2026-04-20T01:18:50.061+0000] {dag.py:4180} INFO - Setting next_dagrun for tutorial to 2026-04-19 00:00:00+00:00, run_after=2026-04-20 00:00:00+00:00
[2026-04-20T01:18:50.077+0000] {processor.py:208} INFO - Processing /usr/local/python/3.12.1/lib/python3.12/site-packages/airflow/example_dags/tutorial.py took 0.054 seconds
[2026-04-20T01:20:03.547+0000] {processor.py:186} INFO - Started process (PID=38383) to work on /usr/local/python/3.12.1/lib/python3.12/site-packages/airflow/example_dags/tutorial.py
[2026-04-20T01:20:03.549+0000] {processor.py:914} INFO - Processing file /usr/local/python/3.12.1/lib/python3.12/site-packages/airflow/example_dags/tutorial.py for tasks to queue
[2026-04-20T01:20:03.550+0000] {logging_mixin.py:190} INFO - [2026-04-20T01:20:03.549+0000] {dagbag.py:588} INFO - Filling up the DagBag from /usr/local/python/3.12.1/lib/python3.12/site-packages/airflow/example_dags/tutorial.py
[2026-04-20T01:20:03.556+0000] {processor.py:925} INFO - DAG(s) 'tutorial' retrieved from /usr/local/python/3.12.1/lib/python3.12/site-packages/airflow/example_dags/tutorial.py
[2026-04-20T01:20:03.568+0000] {logging_mixin.py:190} INFO - [2026-04-20T01:20:03.568+0000] {dag.py:3239} INFO - Sync 1 DAGs
[2026-04-20T01:20:03.584+0000] {logging_mixin.py:190} INFO - [2026-04-20T01:20:03.584+0000] {dag.py:4180} INFO - Setting next_dagrun for tutorial to 2026-04-19 00:00:00+00:00, run_after=2026-04-20 00:00:00+00:00
[2026-04-20T01:20:03.603+0000] {processor.py:208} INFO - Processing /usr/local/python/3.12.1/lib/python3.12/site-packages/airflow/example_dags/tutorial.py took 0.062 seconds
[2026-04-20T01:21:21.291+0000] {processor.py:186} INFO - Started process (PID=39237) to work on /usr/local/python/3.12.1/lib/python3.12/site-packages/airflow/example_dags/tutorial.py
[2026-04-20T01:21:21.291+0000] {processor.py:914} INFO - Processing file /usr/local/python/3.12.1/lib/python3.12/site-packages/airflow/example_dags/tutorial.py for tasks to queue
[2026-04-20T01:21:21.292+0000] {logging_mixin.py:190} INFO - [2026-04-20T01:21:21.292+0000] {dagbag.py:588} INFO - Filling up the DagBag from /usr/local/python/3.12.1/lib/python3.12/site-packages/airflow/example_dags/tutorial.py
[2026-04-20T01:21:21.299+0000] {processor.py:925} INFO - DAG(s) 'tutorial' retrieved from /usr/local/python/3.12.1/lib/python3.12/site-packages/airflow/example_dags/tutorial.py
[2026-04-20T01:21:21.311+0000] {logging_mixin.py:190} INFO - [2026-04-20T01:21:21.311+0000] {dag.py:3239} INFO - Sync 1 DAGs
[2026-04-20T01:21:21.327+0000] {logging_mixin.py:190} INFO - [2026-04-20T01:21:21.327+0000] {dag.py:4180} INFO - Setting next_dagrun for tutorial to 2026-04-19 00:00:00+00:00, run_after=2026-04-20 00:00:00+00:00
[2026-04-20T01:21:21.344+0000] {processor.py:208} INFO - Processing /usr/local/python/3.12.1/lib/python3.12/site-packages/airflow/example_dags/tutorial.py took 0.058 seconds
[2026-04-20T01:22:34.148+0000] {processor.py:186} INFO - Started process (PID=39920) to work on /usr/local/python/3.12.1/lib/python3.12/site-packages/airflow/example_dags/tutorial.py
[2026-04-20T01:22:34.149+0000] {processor.py:914} INFO - Processing file /usr/local/python/3.12.1/lib/python3.12/site-packages/airflow/example_dags/tutorial.py for tasks to queue
[2026-04-20T01:22:34.150+0000] {logging_mixin.py:190} INFO - [2026-04-20T01:22:34.150+0000] {dagbag.py:588} INFO - Filling up the DagBag from /usr/local/python/3.12.1/lib/python3.12/site-packages/airflow/example_dags/tutorial.py
[2026-04-20T01:22:34.160+0000] {processor.py:925} INFO - DAG(s) 'tutorial' retrieved from /usr/local/python/3.12.1/lib/python3.12/site-packages/airflow/example_dags/tutorial.py
[2026-04-20T01:22:34.179+0000] {logging_mixin.py:190} INFO - [2026-04-20T01:22:34.179+0000] {dag.py:3239} INFO - Sync 1 DAGs
[2026-04-20T01:22:34.202+0000] {logging_mixin.py:190} INFO - [2026-04-20T01:22:34.202+0000] {dag.py:4180} INFO - Setting next_dagrun for tutorial to 2026-04-19 00:00:00+00:00, run_after=2026-04-20 00:00:00+00:00
[2026-04-20T01:22:34.228+0000] {processor.py:208} INFO - Processing /usr/local/python/3.12.1/lib/python3.12/site-packages/airflow/example_dags/tutorial.py took 0.087 seconds
[2026-04-20T01:23:49.471+0000] {processor.py:186} INFO - Started process (PID=40667) to work on /usr/local/python/3.12.1/lib/python3.12/site-packages/airflow/example_dags/tutorial.py
[2026-04-20T01:23:49.472+0000] {processor.py:914} INFO - Processing file /usr/local/python/3.12.1/lib/python3.12/site-packages/airflow/example_dags/tutorial.py for tasks to queue
[2026-04-20T01:23:49.473+0000] {logging_mixin.py:190} INFO - [2026-04-20T01:23:49.473+0000] {dagbag.py:588} INFO - Filling up the DagBag from /usr/local/python/3.12.1/lib/python3.12/site-packages/airflow/example_dags/tutorial.py
[2026-04-20T01:23:49.482+0000] {processor.py:925} INFO - DAG(s) 'tutorial' retrieved from /usr/local/python/3.12.1/lib/python3.12/site-packages/airflow/example_dags/tutorial.py
[2026-04-20T01:23:49.494+0000] {logging_mixin.py:190} INFO - [2026-04-20T01:23:49.494+0000] {dag.py:3239} INFO - Sync 1 DAGs
[2026-04-20T01:23:49.511+0000] {logging_mixin.py:190} INFO - [2026-04-20T01:23:49.510+0000] {dag.py:4180} INFO - Setting next_dagrun for tutorial to 2026-04-19 00:00:00+00:00, run_after=2026-04-20 00:00:00+00:00
[2026-04-20T01:23:49.534+0000] {processor.py:208} INFO - Processing /usr/local/python/3.12.1/lib/python3.12/site-packages/airflow/example_dags/tutorial.py took 0.069 seconds
[2026-04-20T01:25:07.148+0000] {processor.py:186} INFO - Started process (PID=41580) to work on /usr/local/python/3.12.1/lib/python3.12/site-packages/airflow/example_dags/tutorial.py
[2026-04-20T01:25:07.149+0000] {processor.py:914} INFO - Processing file /usr/local/python/3.12.1/lib/python3.12/site-packages/airflow/example_dags/tutorial.py for tasks to queue
[2026-04-20T01:25:07.150+0000] {logging_mixin.py:190} INFO - [2026-04-20T01:25:07.149+0000] {dagbag.py:588} INFO - Filling up the DagBag from /usr/local/python/3.12.1/lib/python3.12/site-packages/airflow/example_dags/tutorial.py
[2026-04-20T01:25:07.157+0000] {processor.py:925} INFO - DAG(s) 'tutorial' retrieved from /usr/local/python/3.12.1/lib/python3.12/site-packages/airflow/example_dags/tutorial.py
[2026-04-20T01:25:07.171+0000] {logging_mixin.py:190} INFO - [2026-04-20T01:25:07.170+0000] {dag.py:3239} INFO - Sync 1 DAGs
[2026-04-20T01:25:07.190+0000] {logging_mixin.py:190} INFO - [2026-04-20T01:25:07.190+0000] {dag.py:4180} INFO - Setting next_dagrun for tutorial to 2026-04-19 00:00:00+00:00, run_after=2026-04-20 00:00:00+00:00
[2026-04-20T01:25:07.207+0000] {processor.py:208} INFO - Processing /usr/local/python/3.12.1/lib/python3.12/site-packages/airflow/example_dags/tutorial.py took 0.063 seconds
[2026-04-20T01:26:20.638+0000] {processor.py:186} INFO - Started process (PID=42262) to work on /usr/local/python/3.12.1/lib/python3.12/site-packages/airflow/example_dags/tutorial.py
[2026-04-20T01:26:20.638+0000] {processor.py:914} INFO - Processing file /usr/local/python/3.12.1/lib/python3.12/site-packages/airflow/example_dags/tutorial.py for tasks to queue
[2026-04-20T01:26:20.639+0000] {logging_mixin.py:190} INFO - [2026-04-20T01:26:20.639+0000] {dagbag.py:588} INFO - Filling up the DagBag from /usr/local/python/3.12.1/lib/python3.12/site-packages/airflow/example_dags/tutorial.py
[2026-04-20T01:26:20.646+0000] {processor.py:925} INFO - DAG(s) 'tutorial' retrieved from /usr/local/python/3.12.1/lib/python3.12/site-packages/airflow/example_dags/tutorial.py
[2026-04-20T01:26:20.658+0000] {logging_mixin.py:190} INFO - [2026-04-20T01:26:20.658+0000] {dag.py:3239} INFO - Sync 1 DAGs
[2026-04-20T01:26:20.675+0000] {logging_mixin.py:190} INFO - [2026-04-20T01:26:20.675+0000] {dag.py:4180} INFO - Setting next_dagrun for tutorial to 2026-04-19 00:00:00+00:00, run_after=2026-04-20 00:00:00+00:00
[2026-04-20T01:26:20.703+0000] {processor.py:208} INFO - Processing /usr/local/python/3.12.1/lib/python3.12/site-packages/airflow/example_dags/tutorial.py took 0.070 seconds
[2026-04-20T01:27:39.703+0000] {processor.py:186} INFO - Started process (PID=43056) to work on /usr/local/python/3.12.1/lib/python3.12/site-packages/airflow/example_dags/tutorial.py
[2026-04-20T01:27:39.704+0000] {processor.py:914} INFO - Processing file /usr/local/python/3.12.1/lib/python3.12/site-packages/airflow/example_dags/tutorial.py for tasks to queue
[2026-04-20T01:27:39.705+0000] {logging_mixin.py:190} INFO - [2026-04-20T01:27:39.704+0000] {dagbag.py:588} INFO - Filling up the DagBag from /usr/local/python/3.12.1/lib/python3.12/site-packages/airflow/example_dags/tutorial.py
[2026-04-20T01:27:39.711+0000] {processor.py:925} INFO - DAG(s) 'tutorial' retrieved from /usr/local/python/3.12.1/lib/python3.12/site-packages/airflow/example_dags/tutorial.py
[2026-04-20T01:27:39.726+0000] {logging_mixin.py:190} INFO - [2026-04-20T01:27:39.725+0000] {dag.py:3239} INFO - Sync 1 DAGs
[2026-04-20T01:27:39.745+0000] {logging_mixin.py:190} INFO - [2026-04-20T01:27:39.744+0000] {dag.py:4180} INFO - Setting next_dagrun for tutorial to 2026-04-19 00:00:00+00:00, run_after=2026-04-20 00:00:00+00:00
[2026-04-20T01:27:39.760+0000] {processor.py:208} INFO - Processing /usr/local/python/3.12.1/lib/python3.12/site-packages/airflow/example_dags/tutorial.py took 0.062 seconds
[2026-04-20T01:28:58.752+0000] {processor.py:186} INFO - Started process (PID=43857) to work on /usr/local/python/3.12.1/lib/python3.12/site-packages/airflow/example_dags/tutorial.py
[2026-04-20T01:28:58.752+0000] {processor.py:914} INFO - Processing file /usr/local/python/3.12.1/lib/python3.12/site-packages/airflow/example_dags/tutorial.py for tasks to queue
[2026-04-20T01:28:58.753+0000] {logging_mixin.py:190} INFO - [2026-04-20T01:28:58.753+0000] {dagbag.py:588} INFO - Filling up the DagBag from /usr/local/python/3.12.1/lib/python3.12/site-packages/airflow/example_dags/tutorial.py
[2026-04-20T01:28:58.760+0000] {processor.py:925} INFO - DAG(s) 'tutorial' retrieved from /usr/local/python/3.12.1/lib/python3.12/site-packages/airflow/example_dags/tutorial.py
[2026-04-20T01:28:58.774+0000] {logging_mixin.py:190} INFO - [2026-04-20T01:28:58.774+0000] {dag.py:3239} INFO - Sync 1 DAGs
[2026-04-20T01:28:58.792+0000] {logging_mixin.py:190} INFO - [2026-04-20T01:28:58.792+0000] {dag.py:4180} INFO - Setting next_dagrun for tutorial to 2026-04-19 00:00:00+00:00, run_after=2026-04-20 00:00:00+00:00
[2026-04-20T01:28:58.808+0000] {processor.py:208} INFO - Processing /usr/local/python/3.12.1/lib/python3.12/site-packages/airflow/example_dags/tutorial.py took 0.060 seconds
[2026-04-20T01:30:14.413+0000] {processor.py:186} INFO - Started process (PID=44736) to work on /usr/local/python/3.12.1/lib/python3.12/site-packages/airflow/example_dags/tutorial.py
[2026-04-20T01:30:14.414+0000] {processor.py:914} INFO - Processing file /usr/local/python/3.12.1/lib/python3.12/site-packages/airflow/example_dags/tutorial.py for tasks to queue
[2026-04-20T01:30:14.415+0000] {logging_mixin.py:190} INFO - [2026-04-20T01:30:14.415+0000] {dagbag.py:588} INFO - Filling up the DagBag from /usr/local/python/3.12.1/lib/python3.12/site-packages/airflow/example_dags/tutorial.py
[2026-04-20T01:30:14.422+0000] {processor.py:925} INFO - DAG(s) 'tutorial' retrieved from /usr/local/python/3.12.1/lib/python3.12/site-packages/airflow/example_dags/tutorial.py
[2026-04-20T01:30:14.435+0000] {logging_mixin.py:190} INFO - [2026-04-20T01:30:14.435+0000] {dag.py:3239} INFO - Sync 1 DAGs
[2026-04-20T01:30:14.450+0000] {logging_mixin.py:190} INFO - [2026-04-20T01:30:14.450+0000] {dag.py:4180} INFO - Setting next_dagrun for tutorial to 2026-04-19 00:00:00+00:00, run_after=2026-04-20 00:00:00+00:00
[2026-04-20T01:30:14.468+0000] {processor.py:208} INFO - Processing /usr/local/python/3.12.1/lib/python3.12/site-packages/airflow/example_dags/tutorial.py took 0.059 seconds
[2026-04-20T01:31:32.499+0000] {processor.py:186} INFO - Started process (PID=45518) to work on /usr/local/python/3.12.1/lib/python3.12/site-packages/airflow/example_dags/tutorial.py
[2026-04-20T01:31:32.499+0000] {processor.py:914} INFO - Processing file /usr/local/python/3.12.1/lib/python3.12/site-packages/airflow/example_dags/tutorial.py for tasks to queue
[2026-04-20T01:31:32.500+0000] {logging_mixin.py:190} INFO - [2026-04-20T01:31:32.500+0000] {dagbag.py:588} INFO - Filling up the DagBag from /usr/local/python/3.12.1/lib/python3.12/site-packages/airflow/example_dags/tutorial.py
[2026-04-20T01:31:32.507+0000] {processor.py:925} INFO - DAG(s) 'tutorial' retrieved from /usr/local/python/3.12.1/lib/python3.12/site-packages/airflow/example_dags/tutorial.py
[2026-04-20T01:31:32.519+0000] {logging_mixin.py:190} INFO - [2026-04-20T01:31:32.519+0000] {dag.py:3239} INFO - Sync 1 DAGs
[2026-04-20T01:31:32.536+0000] {logging_mixin.py:190} INFO - [2026-04-20T01:31:32.536+0000] {dag.py:4180} INFO - Setting next_dagrun for tutorial to 2026-04-19 00:00:00+00:00, run_after=2026-04-20 00:00:00+00:00
[2026-04-20T01:31:32.552+0000] {processor.py:208} INFO - Processing /usr/local/python/3.12.1/lib/python3.12/site-packages/airflow/example_dags/tutorial.py took 0.058 seconds
[2026-04-20T01:32:50.056+0000] {processor.py:186} INFO - Started process (PID=46303) to work on /usr/local/python/3.12.1/lib/python3.12/site-packages/airflow/example_dags/tutorial.py
[2026-04-20T01:32:50.056+0000] {processor.py:914} INFO - Processing file /usr/local/python/3.12.1/lib/python3.12/site-packages/airflow/example_dags/tutorial.py for tasks to queue
[2026-04-20T01:32:50.057+0000] {logging_mixin.py:190} INFO - [2026-04-20T01:32:50.057+0000] {dagbag.py:588} INFO - Filling up the DagBag from /usr/local/python/3.12.1/lib/python3.12/site-packages/airflow/example_dags/tutorial.py
[2026-04-20T01:32:50.065+0000] {processor.py:925} INFO - DAG(s) 'tutorial' retrieved from /usr/local/python/3.12.1/lib/python3.12/site-packages/airflow/example_dags/tutorial.py
[2026-04-20T01:32:50.080+0000] {logging_mixin.py:190} INFO - [2026-04-20T01:32:50.080+0000] {dag.py:3239} INFO - Sync 1 DAGs
[2026-04-20T01:32:50.098+0000] {logging_mixin.py:190} INFO - [2026-04-20T01:32:50.097+0000] {dag.py:4180} INFO - Setting next_dagrun for tutorial to 2026-04-19 00:00:00+00:00, run_after=2026-04-20 00:00:00+00:00
[2026-04-20T01:32:50.116+0000] {processor.py:208} INFO - Processing /usr/local/python/3.12.1/lib/python3.12/site-packages/airflow/example_dags/tutorial.py took 0.064 seconds
[2026-04-20T01:34:10.028+0000] {processor.py:186} INFO - Started process (PID=47162) to work on /usr/local/python/3.12.1/lib/python3.12/site-packages/airflow/example_dags/tutorial.py
[2026-04-20T01:34:10.028+0000] {processor.py:914} INFO - Processing file /usr/local/python/3.12.1/lib/python3.12/site-packages/airflow/example_dags/tutorial.py for tasks to queue
[2026-04-20T01:34:10.029+0000] {logging_mixin.py:190} INFO - [2026-04-20T01:34:10.029+0000] {dagbag.py:588} INFO - Filling up the DagBag from /usr/local/python/3.12.1/lib/python3.12/site-packages/airflow/example_dags/tutorial.py
[2026-04-20T01:34:10.036+0000] {processor.py:925} INFO - DAG(s) 'tutorial' retrieved from /usr/local/python/3.12.1/lib/python3.12/site-packages/airflow/example_dags/tutorial.py
[2026-04-20T01:34:10.048+0000] {logging_mixin.py:190} INFO - [2026-04-20T01:34:10.048+0000] {dag.py:3239} INFO - Sync 1 DAGs
[2026-04-20T01:34:10.064+0000] {logging_mixin.py:190} INFO - [2026-04-20T01:34:10.064+0000] {dag.py:4180} INFO - Setting next_dagrun for tutorial to 2026-04-19 00:00:00+00:00, run_after=2026-04-20 00:00:00+00:00
[2026-04-20T01:34:10.086+0000] {processor.py:208} INFO - Processing /usr/local/python/3.12.1/lib/python3.12/site-packages/airflow/example_dags/tutorial.py took 0.063 seconds
[2026-04-20T01:35:28.776+0000] {processor.py:186} INFO - Started process (PID=47993) to work on /usr/local/python/3.12.1/lib/python3.12/site-packages/airflow/example_dags/tutorial.py
[2026-04-20T01:35:28.777+0000] {processor.py:914} INFO - Processing file /usr/local/python/3.12.1/lib/python3.12/site-packages/airflow/example_dags/tutorial.py for tasks to queue
[2026-04-20T01:35:28.778+0000] {logging_mixin.py:190} INFO - [2026-04-20T01:35:28.777+0000] {dagbag.py:588} INFO - Filling up the DagBag from /usr/local/python/3.12.1/lib/python3.12/site-packages/airflow/example_dags/tutorial.py
[2026-04-20T01:35:28.784+0000] {processor.py:925} INFO - DAG(s) 'tutorial' retrieved from /usr/local/python/3.12.1/lib/python3.12/site-packages/airflow/example_dags/tutorial.py
[2026-04-20T01:35:28.800+0000] {logging_mixin.py:190} INFO - [2026-04-20T01:35:28.800+0000] {dag.py:3239} INFO - Sync 1 DAGs
[2026-04-20T01:35:28.825+0000] {logging_mixin.py:190} INFO - [2026-04-20T01:35:28.824+0000] {dag.py:4180} INFO - Setting next_dagrun for tutorial to 2026-04-19 00:00:00+00:00, run_after=2026-04-20 00:00:00+00:00
[2026-04-20T01:35:28.843+0000] {processor.py:208} INFO - Processing /usr/local/python/3.12.1/lib/python3.12/site-packages/airflow/example_dags/tutorial.py took 0.071 seconds
[2026-04-20T01:36:46.035+0000] {processor.py:186} INFO - Started process (PID=48781) to work on /usr/local/python/3.12.1/lib/python3.12/site-packages/airflow/example_dags/tutorial.py
[2026-04-20T01:36:46.035+0000] {processor.py:914} INFO - Processing file /usr/local/python/3.12.1/lib/python3.12/site-packages/airflow/example_dags/tutorial.py for tasks to queue
[2026-04-20T01:36:46.036+0000] {logging_mixin.py:190} INFO - [2026-04-20T01:36:46.036+0000] {dagbag.py:588} INFO - Filling up the DagBag from /usr/local/python/3.12.1/lib/python3.12/site-packages/airflow/example_dags/tutorial.py
[2026-04-20T01:36:46.043+0000] {processor.py:925} INFO - DAG(s) 'tutorial' retrieved from /usr/local/python/3.12.1/lib/python3.12/site-packages/airflow/example_dags/tutorial.py
[2026-04-20T01:36:46.054+0000] {logging_mixin.py:190} INFO - [2026-04-20T01:36:46.054+0000] {dag.py:3239} INFO - Sync 1 DAGs
[2026-04-20T01:36:46.071+0000] {logging_mixin.py:190} INFO - [2026-04-20T01:36:46.071+0000] {dag.py:4180} INFO - Setting next_dagrun for tutorial to 2026-04-19 00:00:00+00:00, run_after=2026-04-20 00:00:00+00:00
[2026-04-20T01:36:46.090+0000] {processor.py:208} INFO - Processing /usr/local/python/3.12.1/lib/python3.12/site-packages/airflow/example_dags/tutorial.py took 0.061 seconds
[2026-04-20T01:38:08.569+0000] {processor.py:186} INFO - Started process (PID=49647) to work on /usr/local/python/3.12.1/lib/python3.12/site-packages/airflow/example_dags/tutorial.py
[2026-04-20T01:38:08.570+0000] {processor.py:914} INFO - Processing file /usr/local/python/3.12.1/lib/python3.12/site-packages/airflow/example_dags/tutorial.py for tasks to queue
[2026-04-20T01:38:08.571+0000] {logging_mixin.py:190} INFO - [2026-04-20T01:38:08.571+0000] {dagbag.py:588} INFO - Filling up the DagBag from /usr/local/python/3.12.1/lib/python3.12/site-packages/airflow/example_dags/tutorial.py
[2026-04-20T01:38:08.580+0000] {processor.py:925} INFO - DAG(s) 'tutorial' retrieved from /usr/local/python/3.12.1/lib/python3.12/site-packages/airflow/example_dags/tutorial.py
[2026-04-20T01:38:08.594+0000] {logging_mixin.py:190} INFO - [2026-04-20T01:38:08.594+0000] {dag.py:3239} INFO - Sync 1 DAGs
[2026-04-20T01:38:08.609+0000] {logging_mixin.py:190} INFO - [2026-04-20T01:38:08.609+0000] {dag.py:4180} INFO - Setting next_dagrun for tutorial to 2026-04-19 00:00:00+00:00, run_after=2026-04-20 00:00:00+00:00
[2026-04-20T01:38:08.625+0000] {processor.py:208} INFO - Processing /usr/local/python/3.12.1/lib/python3.12/site-packages/airflow/example_dags/tutorial.py took 0.061 seconds
[2026-04-20T01:39:22.189+0000] {processor.py:186} INFO - Started process (PID=50448) to work on /usr/local/python/3.12.1/lib/python3.12/site-packages/airflow/example_dags/tutorial.py
[2026-04-20T01:39:22.189+0000] {processor.py:914} INFO - Processing file /usr/local/python/3.12.1/lib/python3.12/site-packages/airflow/example_dags/tutorial.py for tasks to queue
[2026-04-20T01:39:22.190+0000] {logging_mixin.py:190} INFO - [2026-04-20T01:39:22.190+0000] {dagbag.py:588} INFO - Filling up the DagBag from /usr/local/python/3.12.1/lib/python3.12/site-packages/airflow/example_dags/tutorial.py
[2026-04-20T01:39:22.197+0000] {processor.py:925} INFO - DAG(s) 'tutorial' retrieved from /usr/local/python/3.12.1/lib/python3.12/site-packages/airflow/example_dags/tutorial.py
[2026-04-20T01:39:22.209+0000] {logging_mixin.py:190} INFO - [2026-04-20T01:39:22.209+0000] {dag.py:3239} INFO - Sync 1 DAGs
[2026-04-20T01:39:22.228+0000] {logging_mixin.py:190} INFO - [2026-04-20T01:39:22.228+0000] {dag.py:4180} INFO - Setting next_dagrun for tutorial to 2026-04-19 00:00:00+00:00, run_after=2026-04-20 00:00:00+00:00
[2026-04-20T01:39:22.247+0000] {processor.py:208} INFO - Processing /usr/local/python/3.12.1/lib/python3.12/site-packages/airflow/example_dags/tutorial.py took 0.063 seconds
[2026-04-20T01:40:37.254+0000] {processor.py:186} INFO - Started process (PID=51209) to work on /usr/local/python/3.12.1/lib/python3.12/site-packages/airflow/example_dags/tutorial.py
[2026-04-20T01:40:37.255+0000] {processor.py:914} INFO - Processing file /usr/local/python/3.12.1/lib/python3.12/site-packages/airflow/example_dags/tutorial.py for tasks to queue
[2026-04-20T01:40:37.256+0000] {logging_mixin.py:190} INFO - [2026-04-20T01:40:37.255+0000] {dagbag.py:588} INFO - Filling up the DagBag from /usr/local/python/3.12.1/lib/python3.12/site-packages/airflow/example_dags/tutorial.py
[2026-04-20T01:40:37.263+0000] {processor.py:925} INFO - DAG(s) 'tutorial' retrieved from /usr/local/python/3.12.1/lib/python3.12/site-packages/airflow/example_dags/tutorial.py
[2026-04-20T01:40:37.278+0000] {logging_mixin.py:190} INFO - [2026-04-20T01:40:37.278+0000] {dag.py:3239} INFO - Sync 1 DAGs
[2026-04-20T01:40:37.295+0000] {logging_mixin.py:190} INFO - [2026-04-20T01:40:37.295+0000] {dag.py:4180} INFO - Setting next_dagrun for tutorial to 2026-04-19 00:00:00+00:00, run_after=2026-04-20 00:00:00+00:00
[2026-04-20T01:40:37.312+0000] {processor.py:208} INFO - Processing /usr/local/python/3.12.1/lib/python3.12/site-packages/airflow/example_dags/tutorial.py took 0.062 seconds
[2026-04-20T01:41:50.377+0000] {processor.py:186} INFO - Started process (PID=51909) to work on /usr/local/python/3.12.1/lib/python3.12/site-packages/airflow/example_dags/tutorial.py
[2026-04-20T01:41:50.378+0000] {processor.py:914} INFO - Processing file /usr/local/python/3.12.1/lib/python3.12/site-packages/airflow/example_dags/tutorial.py for tasks to queue
[2026-04-20T01:41:50.379+0000] {logging_mixin.py:190} INFO - [2026-04-20T01:41:50.379+0000] {dagbag.py:588} INFO - Filling up the DagBag from /usr/local/python/3.12.1/lib/python3.12/site-packages/airflow/example_dags/tutorial.py
[2026-04-20T01:41:50.388+0000] {processor.py:925} INFO - DAG(s) 'tutorial' retrieved from /usr/local/python/3.12.1/lib/python3.12/site-packages/airflow/example_dags/tutorial.py
[2026-04-20T01:41:50.400+0000] {logging_mixin.py:190} INFO - [2026-04-20T01:41:50.400+0000] {dag.py:3239} INFO - Sync 1 DAGs
[2026-04-20T01:41:50.415+0000] {logging_mixin.py:190} INFO - [2026-04-20T01:41:50.415+0000] {dag.py:4180} INFO - Setting next_dagrun for tutorial to 2026-04-19 00:00:00+00:00, run_after=2026-04-20 00:00:00+00:00
[2026-04-20T01:41:50.434+0000] {processor.py:208} INFO - Processing /usr/local/python/3.12.1/lib/python3.12/site-packages/airflow/example_dags/tutorial.py took 0.062 seconds
[2026-04-20T01:43:08.653+0000] {processor.py:186} INFO - Started process (PID=52738) to work on /usr/local/python/3.12.1/lib/python3.12/site-packages/airflow/example_dags/tutorial.py
[2026-04-20T01:43:08.653+0000] {processor.py:914} INFO - Processing file /usr/local/python/3.12.1/lib/python3.12/site-packages/airflow/example_dags/tutorial.py for tasks to queue
[2026-04-20T01:43:08.654+0000] {logging_mixin.py:190} INFO - [2026-04-20T01:43:08.654+0000] {dagbag.py:588} INFO - Filling up the DagBag from /usr/local/python/3.12.1/lib/python3.12/site-packages/airflow/example_dags/tutorial.py
[2026-04-20T01:43:08.661+0000] {processor.py:925} INFO - DAG(s) 'tutorial' retrieved from /usr/local/python/3.12.1/lib/python3.12/site-packages/airflow/example_dags/tutorial.py
[2026-04-20T01:43:08.675+0000] {logging_mixin.py:190} INFO - [2026-04-20T01:43:08.675+0000] {dag.py:3239} INFO - Sync 1 DAGs
[2026-04-20T01:43:08.693+0000] {logging_mixin.py:190} INFO - [2026-04-20T01:43:08.693+0000] {dag.py:4180} INFO - Setting next_dagrun for tutorial to 2026-04-19 00:00:00+00:00, run_after=2026-04-20 00:00:00+00:00
[2026-04-20T01:43:08.710+0000] {processor.py:208} INFO - Processing /usr/local/python/3.12.1/lib/python3.12/site-packages/airflow/example_dags/tutorial.py took 0.062 seconds
[2026-04-20T01:44:28.586+0000] {processor.py:186} INFO - Started process (PID=53600) to work on /usr/local/python/3.12.1/lib/python3.12/site-packages/airflow/example_dags/tutorial.py
[2026-04-20T01:44:28.587+0000] {processor.py:914} INFO - Processing file /usr/local/python/3.12.1/lib/python3.12/site-packages/airflow/example_dags/tutorial.py for tasks to queue
[2026-04-20T01:44:28.588+0000] {logging_mixin.py:190} INFO - [2026-04-20T01:44:28.588+0000] {dagbag.py:588} INFO - Filling up the DagBag from /usr/local/python/3.12.1/lib/python3.12/site-packages/airflow/example_dags/tutorial.py
[2026-04-20T01:44:28.595+0000] {processor.py:925} INFO - DAG(s) 'tutorial' retrieved from /usr/local/python/3.12.1/lib/python3.12/site-packages/airflow/example_dags/tutorial.py
[2026-04-20T01:44:28.607+0000] {logging_mixin.py:190} INFO - [2026-04-20T01:44:28.607+0000] {dag.py:3239} INFO - Sync 1 DAGs
[2026-04-20T01:44:28.622+0000] {logging_mixin.py:190} INFO - [2026-04-20T01:44:28.622+0000] {dag.py:4180} INFO - Setting next_dagrun for tutorial to 2026-04-19 00:00:00+00:00, run_after=2026-04-20 00:00:00+00:00
[2026-04-20T01:44:28.638+0000] {processor.py:208} INFO - Processing /usr/local/python/3.12.1/lib/python3.12/site-packages/airflow/example_dags/tutorial.py took 0.058 seconds
[2026-04-20T01:45:49.161+0000] {processor.py:186} INFO - Started process (PID=54409) to work on /usr/local/python/3.12.1/lib/python3.12/site-packages/airflow/example_dags/tutorial.py
[2026-04-20T01:45:49.162+0000] {processor.py:914} INFO - Processing file /usr/local/python/3.12.1/lib/python3.12/site-packages/airflow/example_dags/tutorial.py for tasks to queue
[2026-04-20T01:45:49.163+0000] {logging_mixin.py:190} INFO - [2026-04-20T01:45:49.163+0000] {dagbag.py:588} INFO - Filling up the DagBag from /usr/local/python/3.12.1/lib/python3.12/site-packages/airflow/example_dags/tutorial.py
[2026-04-20T01:45:49.171+0000] {processor.py:925} INFO - DAG(s) 'tutorial' retrieved from /usr/local/python/3.12.1/lib/python3.12/site-packages/airflow/example_dags/tutorial.py
[2026-04-20T01:45:49.187+0000] {logging_mixin.py:190} INFO - [2026-04-20T01:45:49.186+0000] {dag.py:3239} INFO - Sync 1 DAGs
[2026-04-20T01:45:49.202+0000] {logging_mixin.py:190} INFO - [2026-04-20T01:45:49.202+0000] {dag.py:4180} INFO - Setting next_dagrun for tutorial to 2026-04-19 00:00:00+00:00, run_after=2026-04-20 00:00:00+00:00
[2026-04-20T01:45:49.219+0000] {processor.py:208} INFO - Processing /usr/local/python/3.12.1/lib/python3.12/site-packages/airflow/example_dags/tutorial.py took 0.062 seconds
[2026-04-20T01:47:12.529+0000] {processor.py:186} INFO - Started process (PID=55283) to work on /usr/local/python/3.12.1/lib/python3.12/site-packages/airflow/example_dags/tutorial.py
[2026-04-20T01:47:12.530+0000] {processor.py:914} INFO - Processing file /usr/local/python/3.12.1/lib/python3.12/site-packages/airflow/example_dags/tutorial.py for tasks to queue
[2026-04-20T01:47:12.531+0000] {logging_mixin.py:190} INFO - [2026-04-20T01:47:12.530+0000] {dagbag.py:588} INFO - Filling up the DagBag from /usr/local/python/3.12.1/lib/python3.12/site-packages/airflow/example_dags/tutorial.py
[2026-04-20T01:47:12.537+0000] {processor.py:925} INFO - DAG(s) 'tutorial' retrieved from /usr/local/python/3.12.1/lib/python3.12/site-packages/airflow/example_dags/tutorial.py
[2026-04-20T01:47:12.549+0000] {logging_mixin.py:190} INFO - [2026-04-20T01:47:12.549+0000] {dag.py:3239} INFO - Sync 1 DAGs
[2026-04-20T01:47:12.564+0000] {logging_mixin.py:190} INFO - [2026-04-20T01:47:12.564+0000] {dag.py:4180} INFO - Setting next_dagrun for tutorial to 2026-04-19 00:00:00+00:00, run_after=2026-04-20 00:00:00+00:00
[2026-04-20T01:47:12.698+0000] {processor.py:208} INFO - Processing /usr/local/python/3.12.1/lib/python3.12/site-packages/airflow/example_dags/tutorial.py took 0.173 seconds
[2026-04-20T01:48:38.727+0000] {processor.py:186} INFO - Started process (PID=56135) to work on /usr/local/python/3.12.1/lib/python3.12/site-packages/airflow/example_dags/tutorial.py
[2026-04-20T01:48:38.728+0000] {processor.py:914} INFO - Processing file /usr/local/python/3.12.1/lib/python3.12/site-packages/airflow/example_dags/tutorial.py for tasks to queue
[2026-04-20T01:48:38.729+0000] {logging_mixin.py:190} INFO - [2026-04-20T01:48:38.729+0000] {dagbag.py:588} INFO - Filling up the DagBag from /usr/local/python/3.12.1/lib/python3.12/site-packages/airflow/example_dags/tutorial.py
[2026-04-20T01:48:38.736+0000] {processor.py:925} INFO - DAG(s) 'tutorial' retrieved from /usr/local/python/3.12.1/lib/python3.12/site-packages/airflow/example_dags/tutorial.py
[2026-04-20T01:48:38.749+0000] {logging_mixin.py:190} INFO - [2026-04-20T01:48:38.749+0000] {dag.py:3239} INFO - Sync 1 DAGs
[2026-04-20T01:48:38.765+0000] {logging_mixin.py:190} INFO - [2026-04-20T01:48:38.765+0000] {dag.py:4180} INFO - Setting next_dagrun for tutorial to 2026-04-19 00:00:00+00:00, run_after=2026-04-20 00:00:00+00:00
[2026-04-20T01:48:38.786+0000] {processor.py:208} INFO - Processing /usr/local/python/3.12.1/lib/python3.12/site-packages/airflow/example_dags/tutorial.py took 0.063 seconds
[2026-04-20T01:50:01.765+0000] {processor.py:186} INFO - Started process (PID=56944) to work on /usr/local/python/3.12.1/lib/python3.12/site-packages/airflow/example_dags/tutorial.py
[2026-04-20T01:50:01.767+0000] {processor.py:914} INFO - Processing file /usr/local/python/3.12.1/lib/python3.12/site-packages/airflow/example_dags/tutorial.py for tasks to queue
[2026-04-20T01:50:01.768+0000] {logging_mixin.py:190} INFO - [2026-04-20T01:50:01.768+0000] {dagbag.py:588} INFO - Filling up the DagBag from /usr/local/python/3.12.1/lib/python3.12/site-packages/airflow/example_dags/tutorial.py
[2026-04-20T01:50:01.777+0000] {processor.py:925} INFO - DAG(s) 'tutorial' retrieved from /usr/local/python/3.12.1/lib/python3.12/site-packages/airflow/example_dags/tutorial.py
[2026-04-20T01:50:01.791+0000] {logging_mixin.py:190} INFO - [2026-04-20T01:50:01.791+0000] {dag.py:3239} INFO - Sync 1 DAGs
[2026-04-20T01:50:01.920+0000] {logging_mixin.py:190} INFO - [2026-04-20T01:50:01.919+0000] {dag.py:4180} INFO - Setting next_dagrun for tutorial to 2026-04-19 00:00:00+00:00, run_after=2026-04-20 00:00:00+00:00
[2026-04-20T01:50:01.935+0000] {processor.py:208} INFO - Processing /usr/local/python/3.12.1/lib/python3.12/site-packages/airflow/example_dags/tutorial.py took 0.177 seconds
[2026-04-20T01:51:26.938+0000] {processor.py:186} INFO - Started process (PID=57834) to work on /usr/local/python/3.12.1/lib/python3.12/site-packages/airflow/example_dags/tutorial.py
[2026-04-20T01:51:26.938+0000] {processor.py:914} INFO - Processing file /usr/local/python/3.12.1/lib/python3.12/site-packages/airflow/example_dags/tutorial.py for tasks to queue
[2026-04-20T01:51:26.939+0000] {logging_mixin.py:190} INFO - [2026-04-20T01:51:26.939+0000] {dagbag.py:588} INFO - Filling up the DagBag from /usr/local/python/3.12.1/lib/python3.12/site-packages/airflow/example_dags/tutorial.py
[2026-04-20T01:51:26.946+0000] {processor.py:925} INFO - DAG(s) 'tutorial' retrieved from /usr/local/python/3.12.1/lib/python3.12/site-packages/airflow/example_dags/tutorial.py
[2026-04-20T01:51:26.958+0000] {logging_mixin.py:190} INFO - [2026-04-20T01:51:26.958+0000] {dag.py:3239} INFO - Sync 1 DAGs
[2026-04-20T01:51:26.978+0000] {logging_mixin.py:190} INFO - [2026-04-20T01:51:26.977+0000] {dag.py:4180} INFO - Setting next_dagrun for tutorial to 2026-04-19 00:00:00+00:00, run_after=2026-04-20 00:00:00+00:00
[2026-04-20T01:51:27.106+0000] {processor.py:208} INFO - Processing /usr/local/python/3.12.1/lib/python3.12/site-packages/airflow/example_dags/tutorial.py took 0.172 seconds
[2026-04-20T01:52:54.179+0000] {processor.py:186} INFO - Started process (PID=58746) to work on /usr/local/python/3.12.1/lib/python3.12/site-packages/airflow/example_dags/tutorial.py
[2026-04-20T01:52:54.179+0000] {processor.py:914} INFO - Processing file /usr/local/python/3.12.1/lib/python3.12/site-packages/airflow/example_dags/tutorial.py for tasks to queue
[2026-04-20T01:52:54.181+0000] {logging_mixin.py:190} INFO - [2026-04-20T01:52:54.180+0000] {dagbag.py:588} INFO - Filling up the DagBag from /usr/local/python/3.12.1/lib/python3.12/site-packages/airflow/example_dags/tutorial.py
[2026-04-20T01:52:54.189+0000] {processor.py:925} INFO - DAG(s) 'tutorial' retrieved from /usr/local/python/3.12.1/lib/python3.12/site-packages/airflow/example_dags/tutorial.py
[2026-04-20T01:52:54.201+0000] {logging_mixin.py:190} INFO - [2026-04-20T01:52:54.201+0000] {dag.py:3239} INFO - Sync 1 DAGs
[2026-04-20T01:52:54.217+0000] {logging_mixin.py:190} INFO - [2026-04-20T01:52:54.216+0000] {dag.py:4180} INFO - Setting next_dagrun for tutorial to 2026-04-19 00:00:00+00:00, run_after=2026-04-20 00:00:00+00:00
[2026-04-20T01:52:54.233+0000] {processor.py:208} INFO - Processing /usr/local/python/3.12.1/lib/python3.12/site-packages/airflow/example_dags/tutorial.py took 0.060 seconds
[2026-04-20T01:54:11.565+0000] {processor.py:186} INFO - Started process (PID=59644) to work on /usr/local/python/3.12.1/lib/python3.12/site-packages/airflow/example_dags/tutorial.py
[2026-04-20T01:54:11.566+0000] {processor.py:914} INFO - Processing file /usr/local/python/3.12.1/lib/python3.12/site-packages/airflow/example_dags/tutorial.py for tasks to queue
[2026-04-20T01:54:11.567+0000] {logging_mixin.py:190} INFO - [2026-04-20T01:54:11.566+0000] {dagbag.py:588} INFO - Filling up the DagBag from /usr/local/python/3.12.1/lib/python3.12/site-packages/airflow/example_dags/tutorial.py
[2026-04-20T01:54:11.575+0000] {processor.py:925} INFO - DAG(s) 'tutorial' retrieved from /usr/local/python/3.12.1/lib/python3.12/site-packages/airflow/example_dags/tutorial.py
[2026-04-20T01:54:11.590+0000] {logging_mixin.py:190} INFO - [2026-04-20T01:54:11.589+0000] {dag.py:3239} INFO - Sync 1 DAGs
[2026-04-20T01:54:11.605+0000] {logging_mixin.py:190} INFO - [2026-04-20T01:54:11.605+0000] {dag.py:4180} INFO - Setting next_dagrun for tutorial to 2026-04-19 00:00:00+00:00, run_after=2026-04-20 00:00:00+00:00
[2026-04-20T01:54:11.621+0000] {processor.py:208} INFO - Processing /usr/local/python/3.12.1/lib/python3.12/site-packages/airflow/example_dags/tutorial.py took 0.061 seconds
[2026-04-20T01:55:29.477+0000] {processor.py:186} INFO - Started process (PID=60429) to work on /usr/local/python/3.12.1/lib/python3.12/site-packages/airflow/example_dags/tutorial.py
[2026-04-20T01:55:29.478+0000] {processor.py:914} INFO - Processing file /usr/local/python/3.12.1/lib/python3.12/site-packages/airflow/example_dags/tutorial.py for tasks to queue
[2026-04-20T01:55:29.479+0000] {logging_mixin.py:190} INFO - [2026-04-20T01:55:29.478+0000] {dagbag.py:588} INFO - Filling up the DagBag from /usr/local/python/3.12.1/lib/python3.12/site-packages/airflow/example_dags/tutorial.py
[2026-04-20T01:55:29.489+0000] {processor.py:925} INFO - DAG(s) 'tutorial' retrieved from /usr/local/python/3.12.1/lib/python3.12/site-packages/airflow/example_dags/tutorial.py
[2026-04-20T01:55:29.525+0000] {logging_mixin.py:190} INFO - [2026-04-20T01:55:29.525+0000] {dag.py:3239} INFO - Sync 1 DAGs
[2026-04-20T01:55:29.597+0000] {logging_mixin.py:190} INFO - [2026-04-20T01:55:29.596+0000] {dag.py:4180} INFO - Setting next_dagrun for tutorial to 2026-04-19 00:00:00+00:00, run_after=2026-04-20 00:00:00+00:00
[2026-04-20T01:55:29.639+0000] {processor.py:208} INFO - Processing /usr/local/python/3.12.1/lib/python3.12/site-packages/airflow/example_dags/tutorial.py took 0.169 seconds
[2026-04-20T01:56:46.640+0000] {processor.py:186} INFO - Started process (PID=61215) to work on /usr/local/python/3.12.1/lib/python3.12/site-packages/airflow/example_dags/tutorial.py
[2026-04-20T01:56:46.641+0000] {processor.py:914} INFO - Processing file /usr/local/python/3.12.1/lib/python3.12/site-packages/airflow/example_dags/tutorial.py for tasks to queue
[2026-04-20T01:56:46.642+0000] {logging_mixin.py:190} INFO - [2026-04-20T01:56:46.641+0000] {dagbag.py:588} INFO - Filling up the DagBag from /usr/local/python/3.12.1/lib/python3.12/site-packages/airflow/example_dags/tutorial.py
[2026-04-20T01:56:46.648+0000] {processor.py:925} INFO - DAG(s) 'tutorial' retrieved from /usr/local/python/3.12.1/lib/python3.12/site-packages/airflow/example_dags/tutorial.py
[2026-04-20T01:56:46.660+0000] {logging_mixin.py:190} INFO - [2026-04-20T01:56:46.660+0000] {dag.py:3239} INFO - Sync 1 DAGs
[2026-04-20T01:56:46.677+0000] {logging_mixin.py:190} INFO - [2026-04-20T01:56:46.677+0000] {dag.py:4180} INFO - Setting next_dagrun for tutorial to 2026-04-19 00:00:00+00:00, run_after=2026-04-20 00:00:00+00:00
[2026-04-20T01:56:46.696+0000] {processor.py:208} INFO - Processing /usr/local/python/3.12.1/lib/python3.12/site-packages/airflow/example_dags/tutorial.py took 0.060 seconds
[2026-04-20T01:58:01.930+0000] {processor.py:186} INFO - Started process (PID=61970) to work on /usr/local/python/3.12.1/lib/python3.12/site-packages/airflow/example_dags/tutorial.py
[2026-04-20T01:58:01.931+0000] {processor.py:914} INFO - Processing file /usr/local/python/3.12.1/lib/python3.12/site-packages/airflow/example_dags/tutorial.py for tasks to queue
[2026-04-20T01:58:01.932+0000] {logging_mixin.py:190} INFO - [2026-04-20T01:58:01.932+0000] {dagbag.py:588} INFO - Filling up the DagBag from /usr/local/python/3.12.1/lib/python3.12/site-packages/airflow/example_dags/tutorial.py
[2026-04-20T01:58:01.939+0000] {processor.py:925} INFO - DAG(s) 'tutorial' retrieved from /usr/local/python/3.12.1/lib/python3.12/site-packages/airflow/example_dags/tutorial.py
[2026-04-20T01:58:01.950+0000] {logging_mixin.py:190} INFO - [2026-04-20T01:58:01.950+0000] {dag.py:3239} INFO - Sync 1 DAGs
[2026-04-20T01:58:01.965+0000] {logging_mixin.py:190} INFO - [2026-04-20T01:58:01.965+0000] {dag.py:4180} INFO - Setting next_dagrun for tutorial to 2026-04-19 00:00:00+00:00, run_after=2026-04-20 00:00:00+00:00
[2026-04-20T01:58:01.985+0000] {processor.py:208} INFO - Processing /usr/local/python/3.12.1/lib/python3.12/site-packages/airflow/example_dags/tutorial.py took 0.060 seconds
[2026-04-20T14:13:38.512+0000] {processor.py:186} INFO - Started process (PID=7278) to work on /usr/local/python/3.12.1/lib/python3.12/site-packages/airflow/example_dags/tutorial.py
[2026-04-20T14:13:38.513+0000] {processor.py:914} INFO - Processing file /usr/local/python/3.12.1/lib/python3.12/site-packages/airflow/example_dags/tutorial.py for tasks to queue
[2026-04-20T14:13:38.515+0000] {logging_mixin.py:190} INFO - [2026-04-20T14:13:38.515+0000] {dagbag.py:588} INFO - Filling up the DagBag from /usr/local/python/3.12.1/lib/python3.12/site-packages/airflow/example_dags/tutorial.py
[2026-04-20T14:13:38.522+0000] {processor.py:925} INFO - DAG(s) 'tutorial' retrieved from /usr/local/python/3.12.1/lib/python3.12/site-packages/airflow/example_dags/tutorial.py
[2026-04-20T14:13:38.539+0000] {logging_mixin.py:190} INFO - [2026-04-20T14:13:38.539+0000] {dag.py:3239} INFO - Sync 1 DAGs
[2026-04-20T14:13:38.556+0000] {logging_mixin.py:190} INFO - [2026-04-20T14:13:38.555+0000] {dag.py:4180} INFO - Setting next_dagrun for tutorial to 2026-04-19 00:00:00+00:00, run_after=2026-04-20 00:00:00+00:00
[2026-04-20T14:13:38.572+0000] {processor.py:208} INFO - Processing /usr/local/python/3.12.1/lib/python3.12/site-packages/airflow/example_dags/tutorial.py took 0.064 seconds
[2026-04-20T14:14:46.933+0000] {processor.py:186} INFO - Started process (PID=7878) to work on /usr/local/python/3.12.1/lib/python3.12/site-packages/airflow/example_dags/tutorial.py
[2026-04-20T14:14:46.933+0000] {processor.py:914} INFO - Processing file /usr/local/python/3.12.1/lib/python3.12/site-packages/airflow/example_dags/tutorial.py for tasks to queue
[2026-04-20T14:14:46.935+0000] {logging_mixin.py:190} INFO - [2026-04-20T14:14:46.935+0000] {dagbag.py:588} INFO - Filling up the DagBag from /usr/local/python/3.12.1/lib/python3.12/site-packages/airflow/example_dags/tutorial.py
[2026-04-20T14:14:46.942+0000] {processor.py:925} INFO - DAG(s) 'tutorial' retrieved from /usr/local/python/3.12.1/lib/python3.12/site-packages/airflow/example_dags/tutorial.py
[2026-04-20T14:14:46.957+0000] {logging_mixin.py:190} INFO - [2026-04-20T14:14:46.957+0000] {dag.py:3239} INFO - Sync 1 DAGs
[2026-04-20T14:14:46.975+0000] {logging_mixin.py:190} INFO - [2026-04-20T14:14:46.975+0000] {dag.py:4180} INFO - Setting next_dagrun for tutorial to 2026-04-19 00:00:00+00:00, run_after=2026-04-20 00:00:00+00:00
[2026-04-20T14:14:46.992+0000] {processor.py:208} INFO - Processing /usr/local/python/3.12.1/lib/python3.12/site-packages/airflow/example_dags/tutorial.py took 0.063 seconds
[2026-04-20T14:16:09.411+0000] {processor.py:186} INFO - Started process (PID=9535) to work on /usr/local/python/3.12.1/lib/python3.12/site-packages/airflow/example_dags/tutorial.py
[2026-04-20T14:16:09.412+0000] {processor.py:914} INFO - Processing file /usr/local/python/3.12.1/lib/python3.12/site-packages/airflow/example_dags/tutorial.py for tasks to queue
[2026-04-20T14:16:09.414+0000] {logging_mixin.py:190} INFO - [2026-04-20T14:16:09.414+0000] {dagbag.py:588} INFO - Filling up the DagBag from /usr/local/python/3.12.1/lib/python3.12/site-packages/airflow/example_dags/tutorial.py
[2026-04-20T14:16:09.420+0000] {processor.py:925} INFO - DAG(s) 'tutorial' retrieved from /usr/local/python/3.12.1/lib/python3.12/site-packages/airflow/example_dags/tutorial.py
[2026-04-20T14:16:09.433+0000] {logging_mixin.py:190} INFO - [2026-04-20T14:16:09.433+0000] {dag.py:3239} INFO - Sync 1 DAGs
[2026-04-20T14:16:09.448+0000] {logging_mixin.py:190} INFO - [2026-04-20T14:16:09.448+0000] {dag.py:4180} INFO - Setting next_dagrun for tutorial to 2026-04-19 00:00:00+00:00, run_after=2026-04-20 00:00:00+00:00
[2026-04-20T14:16:09.465+0000] {processor.py:208} INFO - Processing /usr/local/python/3.12.1/lib/python3.12/site-packages/airflow/example_dags/tutorial.py took 0.058 seconds
