[2026-04-14T14:13:55.789+0000] {local_task_job_runner.py:123} INFO - ::group::Pre task execution logs
[2026-04-14T14:13:55.797+0000] {taskinstance.py:2612} INFO - Dependencies all met for dep_context=non-requeueable deps ti=<TaskInstance: sensor_dag.filesensor manual__2026-04-14T14:13:50.019401+00:00 [queued]>
[2026-04-14T14:13:55.801+0000] {taskinstance.py:2612} INFO - Dependencies all met for dep_context=requeueable deps ti=<TaskInstance: sensor_dag.filesensor manual__2026-04-14T14:13:50.019401+00:00 [queued]>
[2026-04-14T14:13:55.801+0000] {taskinstance.py:2865} INFO - Starting attempt 1 of 1
[2026-04-14T14:13:55.813+0000] {taskinstance.py:2888} INFO - Executing <Task(FileSensor): filesensor> on 2026-04-14 14:13:50.019401+00:00
[2026-04-14T14:13:55.818+0000] {standard_task_runner.py:72} INFO - Started process 63514 to run task
[2026-04-14T14:13:55.821+0000] {standard_task_runner.py:104} INFO - Running: ['airflow', 'tasks', 'run', 'sensor_dag', 'filesensor', 'manual__2026-04-14T14:13:50.019401+00:00', '--job-id', '91', '--raw', '--subdir', 'DAGS_FOLDER/sensor_dag.py', '--cfg-path', '/tmp/tmpa6qnzogu']
[2026-04-14T14:13:55.821+0000] {standard_task_runner.py:105} INFO - Job 91: Subtask filesensor
[2026-04-14T14:13:55.855+0000] {task_command.py:467} INFO - Running <TaskInstance: sensor_dag.filesensor manual__2026-04-14T14:13:50.019401+00:00 [running]> on host codespaces-1f1e00
[2026-04-14T14:13:55.931+0000] {taskinstance.py:3131} INFO - Exporting env vars: AIRFLOW_CTX_DAG_OWNER='airflow' AIRFLOW_CTX_DAG_ID='sensor_dag' AIRFLOW_CTX_TASK_ID='filesensor' AIRFLOW_CTX_EXECUTION_DATE='2026-04-14T14:13:50.019401+00:00' AIRFLOW_CTX_TRY_NUMBER='1' AIRFLOW_CTX_DAG_RUN_ID='manual__2026-04-14T14:13:50.019401+00:00'
[2026-04-14T14:13:55.932+0000] {logging_mixin.py:190} INFO - Task instance is in running state
[2026-04-14T14:13:55.932+0000] {logging_mixin.py:190} INFO -  Previous state of the Task instance: queued
[2026-04-14T14:13:55.932+0000] {logging_mixin.py:190} INFO - Current task name:filesensor state:running start_date:2026-04-14 14:13:55.797206+00:00
[2026-04-14T14:13:55.932+0000] {logging_mixin.py:190} INFO - Dag name:sensor_dag and current dag run status:running
[2026-04-14T14:13:55.933+0000] {taskinstance.py:731} INFO - ::endgroup::
[2026-04-14T14:13:55.933+0000] {baseoperator.py:405} WARNING - FileSensor.execute cannot be called outside TaskInstance!
[2026-04-14T14:13:55.943+0000] {base.py:84} INFO - Retrieving connection 'fs_default'
[2026-04-14T14:13:55.944+0000] {filesystem.py:109} INFO - Poking for file /workspaces/meu-projeto-airflowdata/arquivo.txt
[2026-04-14T14:14:00.948+0000] {filesystem.py:109} INFO - Poking for file /workspaces/meu-projeto-airflowdata/arquivo.txt
[2026-04-14T14:14:05.949+0000] {filesystem.py:109} INFO - Poking for file /workspaces/meu-projeto-airflowdata/arquivo.txt
[2026-04-14T14:14:10.949+0000] {filesystem.py:109} INFO - Poking for file /workspaces/meu-projeto-airflowdata/arquivo.txt
[2026-04-14T14:14:15.950+0000] {filesystem.py:109} INFO - Poking for file /workspaces/meu-projeto-airflowdata/arquivo.txt
[2026-04-14T14:14:20.950+0000] {filesystem.py:109} INFO - Poking for file /workspaces/meu-projeto-airflowdata/arquivo.txt
[2026-04-14T14:14:25.951+0000] {filesystem.py:109} INFO - Poking for file /workspaces/meu-projeto-airflowdata/arquivo.txt
[2026-04-14T14:14:30.952+0000] {filesystem.py:109} INFO - Poking for file /workspaces/meu-projeto-airflowdata/arquivo.txt
[2026-04-14T14:14:35.952+0000] {filesystem.py:109} INFO - Poking for file /workspaces/meu-projeto-airflowdata/arquivo.txt
[2026-04-14T14:14:40.953+0000] {filesystem.py:109} INFO - Poking for file /workspaces/meu-projeto-airflowdata/arquivo.txt
[2026-04-14T14:14:45.953+0000] {filesystem.py:109} INFO - Poking for file /workspaces/meu-projeto-airflowdata/arquivo.txt
[2026-04-14T14:14:50.954+0000] {filesystem.py:109} INFO - Poking for file /workspaces/meu-projeto-airflowdata/arquivo.txt
[2026-04-14T14:14:55.955+0000] {filesystem.py:109} INFO - Poking for file /workspaces/meu-projeto-airflowdata/arquivo.txt
[2026-04-14T14:15:00.955+0000] {filesystem.py:109} INFO - Poking for file /workspaces/meu-projeto-airflowdata/arquivo.txt
[2026-04-14T14:15:05.957+0000] {filesystem.py:109} INFO - Poking for file /workspaces/meu-projeto-airflowdata/arquivo.txt
[2026-04-14T14:15:10.957+0000] {filesystem.py:109} INFO - Poking for file /workspaces/meu-projeto-airflowdata/arquivo.txt
[2026-04-14T14:15:15.958+0000] {filesystem.py:109} INFO - Poking for file /workspaces/meu-projeto-airflowdata/arquivo.txt
[2026-04-14T14:15:20.961+0000] {filesystem.py:109} INFO - Poking for file /workspaces/meu-projeto-airflowdata/arquivo.txt
[2026-04-14T14:15:25.962+0000] {filesystem.py:109} INFO - Poking for file /workspaces/meu-projeto-airflowdata/arquivo.txt
[2026-04-14T14:15:30.962+0000] {filesystem.py:109} INFO - Poking for file /workspaces/meu-projeto-airflowdata/arquivo.txt
[2026-04-14T14:15:35.963+0000] {filesystem.py:109} INFO - Poking for file /workspaces/meu-projeto-airflowdata/arquivo.txt
[2026-04-14T14:15:40.963+0000] {filesystem.py:109} INFO - Poking for file /workspaces/meu-projeto-airflowdata/arquivo.txt
[2026-04-14T14:15:45.965+0000] {filesystem.py:109} INFO - Poking for file /workspaces/meu-projeto-airflowdata/arquivo.txt
[2026-04-14T14:15:50.965+0000] {filesystem.py:109} INFO - Poking for file /workspaces/meu-projeto-airflowdata/arquivo.txt
[2026-04-14T14:15:55.966+0000] {filesystem.py:109} INFO - Poking for file /workspaces/meu-projeto-airflowdata/arquivo.txt
[2026-04-14T14:16:00.966+0000] {filesystem.py:109} INFO - Poking for file /workspaces/meu-projeto-airflowdata/arquivo.txt
[2026-04-14T14:16:05.970+0000] {filesystem.py:109} INFO - Poking for file /workspaces/meu-projeto-airflowdata/arquivo.txt
[2026-04-14T14:16:10.985+0000] {filesystem.py:109} INFO - Poking for file /workspaces/meu-projeto-airflowdata/arquivo.txt
[2026-04-14T14:16:15.986+0000] {filesystem.py:109} INFO - Poking for file /workspaces/meu-projeto-airflowdata/arquivo.txt
[2026-04-14T14:16:20.986+0000] {filesystem.py:109} INFO - Poking for file /workspaces/meu-projeto-airflowdata/arquivo.txt
[2026-04-14T14:16:25.987+0000] {filesystem.py:109} INFO - Poking for file /workspaces/meu-projeto-airflowdata/arquivo.txt
[2026-04-14T14:16:30.987+0000] {filesystem.py:109} INFO - Poking for file /workspaces/meu-projeto-airflowdata/arquivo.txt
[2026-04-14T14:16:35.988+0000] {filesystem.py:109} INFO - Poking for file /workspaces/meu-projeto-airflowdata/arquivo.txt
[2026-04-14T14:16:40.989+0000] {filesystem.py:109} INFO - Poking for file /workspaces/meu-projeto-airflowdata/arquivo.txt
[2026-04-14T14:16:45.989+0000] {filesystem.py:109} INFO - Poking for file /workspaces/meu-projeto-airflowdata/arquivo.txt
[2026-04-14T14:16:50.990+0000] {filesystem.py:109} INFO - Poking for file /workspaces/meu-projeto-airflowdata/arquivo.txt
[2026-04-14T14:16:55.990+0000] {filesystem.py:109} INFO - Poking for file /workspaces/meu-projeto-airflowdata/arquivo.txt
[2026-04-14T14:17:00.991+0000] {filesystem.py:109} INFO - Poking for file /workspaces/meu-projeto-airflowdata/arquivo.txt
[2026-04-14T14:17:05.992+0000] {filesystem.py:109} INFO - Poking for file /workspaces/meu-projeto-airflowdata/arquivo.txt
[2026-04-14T14:17:10.992+0000] {filesystem.py:109} INFO - Poking for file /workspaces/meu-projeto-airflowdata/arquivo.txt
[2026-04-14T14:17:15.993+0000] {filesystem.py:109} INFO - Poking for file /workspaces/meu-projeto-airflowdata/arquivo.txt
[2026-04-14T14:17:20.994+0000] {filesystem.py:109} INFO - Poking for file /workspaces/meu-projeto-airflowdata/arquivo.txt
[2026-04-14T14:17:25.994+0000] {filesystem.py:109} INFO - Poking for file /workspaces/meu-projeto-airflowdata/arquivo.txt
[2026-04-14T14:17:30.995+0000] {filesystem.py:109} INFO - Poking for file /workspaces/meu-projeto-airflowdata/arquivo.txt
[2026-04-14T14:17:35.996+0000] {filesystem.py:109} INFO - Poking for file /workspaces/meu-projeto-airflowdata/arquivo.txt
[2026-04-14T14:17:40.996+0000] {filesystem.py:109} INFO - Poking for file /workspaces/meu-projeto-airflowdata/arquivo.txt
[2026-04-14T14:17:45.997+0000] {filesystem.py:109} INFO - Poking for file /workspaces/meu-projeto-airflowdata/arquivo.txt
[2026-04-14T14:17:50.998+0000] {filesystem.py:109} INFO - Poking for file /workspaces/meu-projeto-airflowdata/arquivo.txt
[2026-04-14T14:17:55.998+0000] {filesystem.py:109} INFO - Poking for file /workspaces/meu-projeto-airflowdata/arquivo.txt
[2026-04-14T14:18:00.999+0000] {filesystem.py:109} INFO - Poking for file /workspaces/meu-projeto-airflowdata/arquivo.txt
[2026-04-14T14:18:06.000+0000] {filesystem.py:109} INFO - Poking for file /workspaces/meu-projeto-airflowdata/arquivo.txt
[2026-04-14T14:18:11.000+0000] {filesystem.py:109} INFO - Poking for file /workspaces/meu-projeto-airflowdata/arquivo.txt
[2026-04-14T14:18:16.001+0000] {filesystem.py:109} INFO - Poking for file /workspaces/meu-projeto-airflowdata/arquivo.txt
[2026-04-14T14:18:21.002+0000] {filesystem.py:109} INFO - Poking for file /workspaces/meu-projeto-airflowdata/arquivo.txt
[2026-04-14T14:18:26.004+0000] {filesystem.py:109} INFO - Poking for file /workspaces/meu-projeto-airflowdata/arquivo.txt
[2026-04-14T14:18:31.004+0000] {filesystem.py:109} INFO - Poking for file /workspaces/meu-projeto-airflowdata/arquivo.txt
[2026-04-14T14:18:36.005+0000] {filesystem.py:109} INFO - Poking for file /workspaces/meu-projeto-airflowdata/arquivo.txt
[2026-04-14T14:18:41.005+0000] {filesystem.py:109} INFO - Poking for file /workspaces/meu-projeto-airflowdata/arquivo.txt
[2026-04-14T14:18:46.008+0000] {filesystem.py:109} INFO - Poking for file /workspaces/meu-projeto-airflowdata/arquivo.txt
[2026-04-14T14:18:51.009+0000] {filesystem.py:109} INFO - Poking for file /workspaces/meu-projeto-airflowdata/arquivo.txt
[2026-04-14T14:18:56.009+0000] {filesystem.py:109} INFO - Poking for file /workspaces/meu-projeto-airflowdata/arquivo.txt
[2026-04-14T14:18:56.010+0000] {taskinstance.py:3310} ERROR - Task failed with exception
Traceback (most recent call last):
  File "/usr/local/python/3.12.1/lib/python3.12/site-packages/airflow/models/taskinstance.py", line 767, in _execute_task
    result = _execute_callable(context=context, **execute_callable_kwargs)
             ^^^^^^^^^^^^^^^^^^^^^^^^^^^^^^^^^^^^^^^^^^^^^^^^^^^^^^^^^^^^^
  File "/usr/local/python/3.12.1/lib/python3.12/site-packages/airflow/models/taskinstance.py", line 733, in _execute_callable
    return ExecutionCallableRunner(
           ^^^^^^^^^^^^^^^^^^^^^^^^
  File "/usr/local/python/3.12.1/lib/python3.12/site-packages/airflow/utils/operator_helpers.py", line 252, in run
    return self.func(*args, **kwargs)
           ^^^^^^^^^^^^^^^^^^^^^^^^^^
  File "/usr/local/python/3.12.1/lib/python3.12/site-packages/airflow/models/baseoperator.py", line 406, in wrapper
    return func(self, *args, **kwargs)
           ^^^^^^^^^^^^^^^^^^^^^^^^^^^
  File "/usr/local/python/3.12.1/lib/python3.12/site-packages/airflow/sensors/filesystem.py", line 123, in execute
    super().execute(context=context)
  File "/usr/local/python/3.12.1/lib/python3.12/site-packages/airflow/models/baseoperator.py", line 406, in wrapper
    return func(self, *args, **kwargs)
           ^^^^^^^^^^^^^^^^^^^^^^^^^^^
  File "/usr/local/python/3.12.1/lib/python3.12/site-packages/airflow/sensors/base.py", line 323, in execute
    raise AirflowSensorTimeout(message)
airflow.exceptions.AirflowSensorTimeout: Sensor has timed out; run duration of 300.0766017060005 seconds exceeds the specified timeout of 300.0.
[2026-04-14T14:18:56.021+0000] {logging_mixin.py:190} INFO - Task instance in failure state
[2026-04-14T14:18:56.022+0000] {logging_mixin.py:190} INFO - Task start:2026-04-14 14:13:55.797206+00:00 end:2026-04-14 14:18:56.021176+00:00 duration:300.22397
[2026-04-14T14:18:56.022+0000] {logging_mixin.py:190} INFO - Task:<Task(FileSensor): filesensor> dag:<DAG: sensor_dag> dagrun:<DagRun sensor_dag @ 2026-04-14 14:13:50.019401+00:00: manual__2026-04-14T14:13:50.019401+00:00, state:running, queued_at: 2026-04-14 14:13:50.025930+00:00. externally triggered: True>
[2026-04-14T14:18:56.022+0000] {logging_mixin.py:190} INFO - Failure caused by Sensor has timed out; run duration of 300.0766017060005 seconds exceeds the specified timeout of 300.0.
[2026-04-14T14:18:56.022+0000] {taskinstance.py:1225} INFO - Immediate failure requested. Marking task as FAILED. dag_id=sensor_dag, task_id=filesensor, run_id=manual__2026-04-14T14:13:50.019401+00:00, execution_date=20260414T141350, start_date=20260414T141355, end_date=20260414T141856
[2026-04-14T14:18:56.047+0000] {taskinstance.py:340} INFO - ::group::Post task execution logs
[2026-04-14T14:18:56.047+0000] {standard_task_runner.py:124} ERROR - Failed to execute job 91 for task filesensor (Sensor has timed out; run duration of 300.0766017060005 seconds exceeds the specified timeout of 300.0.; 63514)
Traceback (most recent call last):
  File "/usr/local/python/3.12.1/lib/python3.12/site-packages/airflow/task/task_runner/standard_task_runner.py", line 117, in _start_by_fork
    ret = args.func(args, dag=self.dag)
          ^^^^^^^^^^^^^^^^^^^^^^^^^^^^^
  File "/usr/local/python/3.12.1/lib/python3.12/site-packages/airflow/cli/cli_config.py", line 49, in command
    return func(*args, **kwargs)
           ^^^^^^^^^^^^^^^^^^^^^
  File "/usr/local/python/3.12.1/lib/python3.12/site-packages/airflow/utils/cli.py", line 115, in wrapper
    return f(*args, **kwargs)
           ^^^^^^^^^^^^^^^^^^
  File "/usr/local/python/3.12.1/lib/python3.12/site-packages/airflow/cli/commands/task_command.py", line 483, in task_run
    task_return_code = _run_task_by_selected_method(args, _dag, ti)
                       ^^^^^^^^^^^^^^^^^^^^^^^^^^^^^^^^^^^^^^^^^^^^
  File "/usr/local/python/3.12.1/lib/python3.12/site-packages/airflow/cli/commands/task_command.py", line 256, in _run_task_by_selected_method
    return _run_raw_task(args, ti)
           ^^^^^^^^^^^^^^^^^^^^^^^
  File "/usr/local/python/3.12.1/lib/python3.12/site-packages/airflow/cli/commands/task_command.py", line 341, in _run_raw_task
    return ti._run_raw_task(
           ^^^^^^^^^^^^^^^^^
  File "/usr/local/python/3.12.1/lib/python3.12/site-packages/airflow/utils/session.py", line 97, in wrapper
    return func(*args, session=session, **kwargs)
           ^^^^^^^^^^^^^^^^^^^^^^^^^^^^^^^^^^^^^^
  File "/usr/local/python/3.12.1/lib/python3.12/site-packages/airflow/models/taskinstance.py", line 3004, in _run_raw_task
    return _run_raw_task(
           ^^^^^^^^^^^^^^
  File "/usr/local/python/3.12.1/lib/python3.12/site-packages/airflow/models/taskinstance.py", line 273, in _run_raw_task
    TaskInstance._execute_task_with_callbacks(
  File "/usr/local/python/3.12.1/lib/python3.12/site-packages/airflow/models/taskinstance.py", line 3158, in _execute_task_with_callbacks
    result = self._execute_task(context, task_orig)
             ^^^^^^^^^^^^^^^^^^^^^^^^^^^^^^^^^^^^^^
  File "/usr/local/python/3.12.1/lib/python3.12/site-packages/airflow/models/taskinstance.py", line 3182, in _execute_task
    return _execute_task(self, context, task_orig)
           ^^^^^^^^^^^^^^^^^^^^^^^^^^^^^^^^^^^^^^^
  File "/usr/local/python/3.12.1/lib/python3.12/site-packages/airflow/models/taskinstance.py", line 767, in _execute_task
    result = _execute_callable(context=context, **execute_callable_kwargs)
             ^^^^^^^^^^^^^^^^^^^^^^^^^^^^^^^^^^^^^^^^^^^^^^^^^^^^^^^^^^^^^
  File "/usr/local/python/3.12.1/lib/python3.12/site-packages/airflow/models/taskinstance.py", line 733, in _execute_callable
    return ExecutionCallableRunner(
           ^^^^^^^^^^^^^^^^^^^^^^^^
  File "/usr/local/python/3.12.1/lib/python3.12/site-packages/airflow/utils/operator_helpers.py", line 252, in run
    return self.func(*args, **kwargs)
           ^^^^^^^^^^^^^^^^^^^^^^^^^^
  File "/usr/local/python/3.12.1/lib/python3.12/site-packages/airflow/models/baseoperator.py", line 406, in wrapper
    return func(self, *args, **kwargs)
           ^^^^^^^^^^^^^^^^^^^^^^^^^^^
  File "/usr/local/python/3.12.1/lib/python3.12/site-packages/airflow/sensors/filesystem.py", line 123, in execute
    super().execute(context=context)
  File "/usr/local/python/3.12.1/lib/python3.12/site-packages/airflow/models/baseoperator.py", line 406, in wrapper
    return func(self, *args, **kwargs)
           ^^^^^^^^^^^^^^^^^^^^^^^^^^^
  File "/usr/local/python/3.12.1/lib/python3.12/site-packages/airflow/sensors/base.py", line 323, in execute
    raise AirflowSensorTimeout(message)
airflow.exceptions.AirflowSensorTimeout: Sensor has timed out; run duration of 300.0766017060005 seconds exceeds the specified timeout of 300.0.
[2026-04-14T14:18:56.084+0000] {local_task_job_runner.py:266} INFO - Task exited with return code 1
[2026-04-14T14:18:56.116+0000] {taskinstance.py:3900} INFO - 0 downstream tasks scheduled from follow-on schedule check
[2026-04-14T14:18:56.137+0000] {local_task_job_runner.py:245} INFO - ::endgroup::
