[2026-04-28T23:26:26.642+0000] {processor.py:186} INFO - Started process (PID=46339) to work on /workspaces/meu-projeto-airflow/dags/params_dag.py
[2026-04-28T23:26:26.643+0000] {processor.py:914} INFO - Processing file /workspaces/meu-projeto-airflow/dags/params_dag.py for tasks to queue
[2026-04-28T23:26:26.644+0000] {logging_mixin.py:190} INFO - [2026-04-28T23:26:26.644+0000] {dagbag.py:588} INFO - Filling up the DagBag from /workspaces/meu-projeto-airflow/dags/params_dag.py
[2026-04-28T23:26:26.648+0000] {logging_mixin.py:190} INFO - [2026-04-28T23:26:26.646+0000] {dagbag.py:387} ERROR - Failed to import: /workspaces/meu-projeto-airflow/dags/params_dag.py
Traceback (most recent call last):
  File "/usr/local/python/3.12.1/lib/python3.12/site-packages/airflow/models/dagbag.py", line 383, in parse
    loader.exec_module(new_module)
  File "<frozen importlib._bootstrap_external>", line 990, in exec_module
  File "<frozen importlib._bootstrap_external>", line 1128, in get_code
  File "<frozen importlib._bootstrap_external>", line 1058, in source_to_code
  File "<frozen importlib._bootstrap>", line 488, in _call_with_frames_removed
  File "/workspaces/meu-projeto-airflow/dags/params_dag.py", line 8
    start_date=datetime(2020, 1, 1)
               
SyntaxError: invalid syntax. Perhaps you forgot a comma?
[2026-04-28T23:26:26.649+0000] {processor.py:927} WARNING - No viable dags retrieved from /workspaces/meu-projeto-airflow/dags/params_dag.py
[2026-04-28T23:26:26.664+0000] {processor.py:208} INFO - Processing /workspaces/meu-projeto-airflow/dags/params_dag.py took 0.026 seconds
[2026-04-28T23:26:57.859+0000] {processor.py:186} INFO - Started process (PID=46656) to work on /workspaces/meu-projeto-airflow/dags/params_dag.py
[2026-04-28T23:26:57.860+0000] {processor.py:914} INFO - Processing file /workspaces/meu-projeto-airflow/dags/params_dag.py for tasks to queue
[2026-04-28T23:26:57.861+0000] {logging_mixin.py:190} INFO - [2026-04-28T23:26:57.861+0000] {dagbag.py:588} INFO - Filling up the DagBag from /workspaces/meu-projeto-airflow/dags/params_dag.py
[2026-04-28T23:26:57.865+0000] {logging_mixin.py:190} INFO - [2026-04-28T23:26:57.864+0000] {dagbag.py:387} ERROR - Failed to import: /workspaces/meu-projeto-airflow/dags/params_dag.py
Traceback (most recent call last):
  File "/usr/local/python/3.12.1/lib/python3.12/site-packages/airflow/models/dagbag.py", line 383, in parse
    loader.exec_module(new_module)
  File "<frozen importlib._bootstrap_external>", line 990, in exec_module
  File "<frozen importlib._bootstrap_external>", line 1128, in get_code
  File "<frozen importlib._bootstrap_external>", line 1058, in source_to_code
  File "<frozen importlib._bootstrap>", line 488, in _call_with_frames_removed
  File "/workspaces/meu-projeto-airflow/dags/params_dag.py", line 8
    start_date=datetime(2020, 1, 1)
               
SyntaxError: invalid syntax. Perhaps you forgot a comma?
[2026-04-28T23:26:57.865+0000] {processor.py:927} WARNING - No viable dags retrieved from /workspaces/meu-projeto-airflow/dags/params_dag.py
[2026-04-28T23:26:57.883+0000] {processor.py:208} INFO - Processing /workspaces/meu-projeto-airflow/dags/params_dag.py took 0.030 seconds
[2026-04-28T23:27:40.491+0000] {processor.py:186} INFO - Started process (PID=47083) to work on /workspaces/meu-projeto-airflow/dags/params_dag.py
[2026-04-28T23:27:40.491+0000] {processor.py:914} INFO - Processing file /workspaces/meu-projeto-airflow/dags/params_dag.py for tasks to queue
[2026-04-28T23:27:40.492+0000] {logging_mixin.py:190} INFO - [2026-04-28T23:27:40.492+0000] {dagbag.py:588} INFO - Filling up the DagBag from /workspaces/meu-projeto-airflow/dags/params_dag.py
[2026-04-28T23:27:40.495+0000] {logging_mixin.py:190} INFO - [2026-04-28T23:27:40.494+0000] {dagbag.py:387} ERROR - Failed to import: /workspaces/meu-projeto-airflow/dags/params_dag.py
Traceback (most recent call last):
  File "/usr/local/python/3.12.1/lib/python3.12/site-packages/airflow/models/dagbag.py", line 383, in parse
    loader.exec_module(new_module)
  File "<frozen importlib._bootstrap_external>", line 990, in exec_module
  File "<frozen importlib._bootstrap_external>", line 1128, in get_code
  File "<frozen importlib._bootstrap_external>", line 1058, in source_to_code
  File "<frozen importlib._bootstrap>", line 488, in _call_with_frames_removed
  File "/workspaces/meu-projeto-airflow/dags/params_dag.py", line 8
    start_date=datetime(2020, 1, 1)
               
SyntaxError: invalid syntax. Perhaps you forgot a comma?
[2026-04-28T23:27:40.495+0000] {processor.py:927} WARNING - No viable dags retrieved from /workspaces/meu-projeto-airflow/dags/params_dag.py
[2026-04-28T23:27:40.510+0000] {processor.py:208} INFO - Processing /workspaces/meu-projeto-airflow/dags/params_dag.py took 0.025 seconds
[2026-04-28T23:28:24.719+0000] {processor.py:186} INFO - Started process (PID=47476) to work on /workspaces/meu-projeto-airflow/dags/params_dag.py
[2026-04-28T23:28:24.720+0000] {processor.py:914} INFO - Processing file /workspaces/meu-projeto-airflow/dags/params_dag.py for tasks to queue
[2026-04-28T23:28:24.721+0000] {logging_mixin.py:190} INFO - [2026-04-28T23:28:24.721+0000] {dagbag.py:588} INFO - Filling up the DagBag from /workspaces/meu-projeto-airflow/dags/params_dag.py
[2026-04-28T23:28:24.725+0000] {logging_mixin.py:190} INFO - [2026-04-28T23:28:24.723+0000] {dagbag.py:387} ERROR - Failed to import: /workspaces/meu-projeto-airflow/dags/params_dag.py
Traceback (most recent call last):
  File "/usr/local/python/3.12.1/lib/python3.12/site-packages/airflow/models/dagbag.py", line 383, in parse
    loader.exec_module(new_module)
  File "<frozen importlib._bootstrap_external>", line 990, in exec_module
  File "<frozen importlib._bootstrap_external>", line 1128, in get_code
  File "<frozen importlib._bootstrap_external>", line 1058, in source_to_code
  File "<frozen importlib._bootstrap>", line 488, in _call_with_frames_removed
  File "/workspaces/meu-projeto-airflow/dags/params_dag.py", line 8
    start_date=datetime(2020, 1, 1)
               
SyntaxError: invalid syntax. Perhaps you forgot a comma?
[2026-04-28T23:28:24.727+0000] {processor.py:927} WARNING - No viable dags retrieved from /workspaces/meu-projeto-airflow/dags/params_dag.py
[2026-04-28T23:28:24.768+0000] {processor.py:208} INFO - Processing /workspaces/meu-projeto-airflow/dags/params_dag.py took 0.055 seconds
[2026-04-28T23:29:10.154+0000] {processor.py:186} INFO - Started process (PID=47860) to work on /workspaces/meu-projeto-airflow/dags/params_dag.py
[2026-04-28T23:29:10.154+0000] {processor.py:914} INFO - Processing file /workspaces/meu-projeto-airflow/dags/params_dag.py for tasks to queue
[2026-04-28T23:29:10.155+0000] {logging_mixin.py:190} INFO - [2026-04-28T23:29:10.155+0000] {dagbag.py:588} INFO - Filling up the DagBag from /workspaces/meu-projeto-airflow/dags/params_dag.py
[2026-04-28T23:29:10.158+0000] {logging_mixin.py:190} INFO - [2026-04-28T23:29:10.157+0000] {dagbag.py:387} ERROR - Failed to import: /workspaces/meu-projeto-airflow/dags/params_dag.py
Traceback (most recent call last):
  File "/usr/local/python/3.12.1/lib/python3.12/site-packages/airflow/models/dagbag.py", line 383, in parse
    loader.exec_module(new_module)
  File "<frozen importlib._bootstrap_external>", line 990, in exec_module
  File "<frozen importlib._bootstrap_external>", line 1128, in get_code
  File "<frozen importlib._bootstrap_external>", line 1058, in source_to_code
  File "<frozen importlib._bootstrap>", line 488, in _call_with_frames_removed
  File "/workspaces/meu-projeto-airflow/dags/params_dag.py", line 8
    start_date=datetime(2020, 1, 1)
               
SyntaxError: invalid syntax. Perhaps you forgot a comma?
[2026-04-28T23:29:10.158+0000] {processor.py:927} WARNING - No viable dags retrieved from /workspaces/meu-projeto-airflow/dags/params_dag.py
[2026-04-28T23:29:10.173+0000] {processor.py:208} INFO - Processing /workspaces/meu-projeto-airflow/dags/params_dag.py took 0.024 seconds
[2026-04-28T23:29:54.166+0000] {processor.py:186} INFO - Started process (PID=48294) to work on /workspaces/meu-projeto-airflow/dags/params_dag.py
[2026-04-28T23:29:54.167+0000] {processor.py:914} INFO - Processing file /workspaces/meu-projeto-airflow/dags/params_dag.py for tasks to queue
[2026-04-28T23:29:54.168+0000] {logging_mixin.py:190} INFO - [2026-04-28T23:29:54.168+0000] {dagbag.py:588} INFO - Filling up the DagBag from /workspaces/meu-projeto-airflow/dags/params_dag.py
[2026-04-28T23:29:54.170+0000] {logging_mixin.py:190} INFO - [2026-04-28T23:29:54.170+0000] {dagbag.py:387} ERROR - Failed to import: /workspaces/meu-projeto-airflow/dags/params_dag.py
Traceback (most recent call last):
  File "/usr/local/python/3.12.1/lib/python3.12/site-packages/airflow/models/dagbag.py", line 383, in parse
    loader.exec_module(new_module)
  File "<frozen importlib._bootstrap_external>", line 990, in exec_module
  File "<frozen importlib._bootstrap_external>", line 1128, in get_code
  File "<frozen importlib._bootstrap_external>", line 1058, in source_to_code
  File "<frozen importlib._bootstrap>", line 488, in _call_with_frames_removed
  File "/workspaces/meu-projeto-airflow/dags/params_dag.py", line 8
    start_date=datetime(2020, 1, 1)
               
SyntaxError: invalid syntax. Perhaps you forgot a comma?
[2026-04-28T23:29:54.171+0000] {processor.py:927} WARNING - No viable dags retrieved from /workspaces/meu-projeto-airflow/dags/params_dag.py
[2026-04-28T23:29:54.186+0000] {processor.py:208} INFO - Processing /workspaces/meu-projeto-airflow/dags/params_dag.py took 0.024 seconds
[2026-04-28T23:30:37.875+0000] {processor.py:186} INFO - Started process (PID=48715) to work on /workspaces/meu-projeto-airflow/dags/params_dag.py
[2026-04-28T23:30:37.876+0000] {processor.py:914} INFO - Processing file /workspaces/meu-projeto-airflow/dags/params_dag.py for tasks to queue
[2026-04-28T23:30:37.877+0000] {logging_mixin.py:190} INFO - [2026-04-28T23:30:37.877+0000] {dagbag.py:588} INFO - Filling up the DagBag from /workspaces/meu-projeto-airflow/dags/params_dag.py
[2026-04-28T23:30:37.880+0000] {logging_mixin.py:190} INFO - [2026-04-28T23:30:37.879+0000] {dagbag.py:387} ERROR - Failed to import: /workspaces/meu-projeto-airflow/dags/params_dag.py
Traceback (most recent call last):
  File "/usr/local/python/3.12.1/lib/python3.12/site-packages/airflow/models/dagbag.py", line 383, in parse
    loader.exec_module(new_module)
  File "<frozen importlib._bootstrap_external>", line 990, in exec_module
  File "<frozen importlib._bootstrap_external>", line 1128, in get_code
  File "<frozen importlib._bootstrap_external>", line 1058, in source_to_code
  File "<frozen importlib._bootstrap>", line 488, in _call_with_frames_removed
  File "/workspaces/meu-projeto-airflow/dags/params_dag.py", line 8
    start_date=datetime(2020, 1, 1)
               
SyntaxError: invalid syntax. Perhaps you forgot a comma?
[2026-04-28T23:30:37.880+0000] {processor.py:927} WARNING - No viable dags retrieved from /workspaces/meu-projeto-airflow/dags/params_dag.py
[2026-04-28T23:30:37.895+0000] {processor.py:208} INFO - Processing /workspaces/meu-projeto-airflow/dags/params_dag.py took 0.024 seconds
[2026-04-28T23:31:22.847+0000] {processor.py:186} INFO - Started process (PID=49069) to work on /workspaces/meu-projeto-airflow/dags/params_dag.py
[2026-04-28T23:31:22.848+0000] {processor.py:914} INFO - Processing file /workspaces/meu-projeto-airflow/dags/params_dag.py for tasks to queue
[2026-04-28T23:31:22.849+0000] {logging_mixin.py:190} INFO - [2026-04-28T23:31:22.849+0000] {dagbag.py:588} INFO - Filling up the DagBag from /workspaces/meu-projeto-airflow/dags/params_dag.py
[2026-04-28T23:31:22.851+0000] {logging_mixin.py:190} INFO - [2026-04-28T23:31:22.850+0000] {dagbag.py:387} ERROR - Failed to import: /workspaces/meu-projeto-airflow/dags/params_dag.py
Traceback (most recent call last):
  File "/usr/local/python/3.12.1/lib/python3.12/site-packages/airflow/models/dagbag.py", line 383, in parse
    loader.exec_module(new_module)
  File "<frozen importlib._bootstrap_external>", line 990, in exec_module
  File "<frozen importlib._bootstrap_external>", line 1128, in get_code
  File "<frozen importlib._bootstrap_external>", line 1058, in source_to_code
  File "<frozen importlib._bootstrap>", line 488, in _call_with_frames_removed
  File "/workspaces/meu-projeto-airflow/dags/params_dag.py", line 8
    start_date=datetime(2020, 1, 1)
               
SyntaxError: invalid syntax. Perhaps you forgot a comma?
[2026-04-28T23:31:22.852+0000] {processor.py:927} WARNING - No viable dags retrieved from /workspaces/meu-projeto-airflow/dags/params_dag.py
[2026-04-28T23:31:22.867+0000] {processor.py:208} INFO - Processing /workspaces/meu-projeto-airflow/dags/params_dag.py took 0.024 seconds
[2026-04-28T23:32:07.056+0000] {processor.py:186} INFO - Started process (PID=49554) to work on /workspaces/meu-projeto-airflow/dags/params_dag.py
[2026-04-28T23:32:07.057+0000] {processor.py:914} INFO - Processing file /workspaces/meu-projeto-airflow/dags/params_dag.py for tasks to queue
[2026-04-28T23:32:07.058+0000] {logging_mixin.py:190} INFO - [2026-04-28T23:32:07.058+0000] {dagbag.py:588} INFO - Filling up the DagBag from /workspaces/meu-projeto-airflow/dags/params_dag.py
[2026-04-28T23:32:07.063+0000] {logging_mixin.py:190} INFO - [2026-04-28T23:32:07.062+0000] {dagbag.py:387} ERROR - Failed to import: /workspaces/meu-projeto-airflow/dags/params_dag.py
Traceback (most recent call last):
  File "/usr/local/python/3.12.1/lib/python3.12/site-packages/airflow/models/dagbag.py", line 383, in parse
    loader.exec_module(new_module)
  File "<frozen importlib._bootstrap_external>", line 990, in exec_module
  File "<frozen importlib._bootstrap_external>", line 1128, in get_code
  File "<frozen importlib._bootstrap_external>", line 1058, in source_to_code
  File "<frozen importlib._bootstrap>", line 488, in _call_with_frames_removed
  File "/workspaces/meu-projeto-airflow/dags/params_dag.py", line 8
    start_date=datetime(2020, 1, 1)
               
SyntaxError: invalid syntax. Perhaps you forgot a comma?
[2026-04-28T23:32:07.064+0000] {processor.py:927} WARNING - No viable dags retrieved from /workspaces/meu-projeto-airflow/dags/params_dag.py
[2026-04-28T23:32:07.085+0000] {processor.py:208} INFO - Processing /workspaces/meu-projeto-airflow/dags/params_dag.py took 0.033 seconds
[2026-04-28T23:32:49.600+0000] {processor.py:186} INFO - Started process (PID=49964) to work on /workspaces/meu-projeto-airflow/dags/params_dag.py
[2026-04-28T23:32:49.601+0000] {processor.py:914} INFO - Processing file /workspaces/meu-projeto-airflow/dags/params_dag.py for tasks to queue
[2026-04-28T23:32:49.602+0000] {logging_mixin.py:190} INFO - [2026-04-28T23:32:49.602+0000] {dagbag.py:588} INFO - Filling up the DagBag from /workspaces/meu-projeto-airflow/dags/params_dag.py
[2026-04-28T23:32:49.605+0000] {logging_mixin.py:190} INFO - [2026-04-28T23:32:49.604+0000] {dagbag.py:387} ERROR - Failed to import: /workspaces/meu-projeto-airflow/dags/params_dag.py
Traceback (most recent call last):
  File "/usr/local/python/3.12.1/lib/python3.12/site-packages/airflow/models/dagbag.py", line 383, in parse
    loader.exec_module(new_module)
  File "<frozen importlib._bootstrap_external>", line 990, in exec_module
  File "<frozen importlib._bootstrap_external>", line 1128, in get_code
  File "<frozen importlib._bootstrap_external>", line 1058, in source_to_code
  File "<frozen importlib._bootstrap>", line 488, in _call_with_frames_removed
  File "/workspaces/meu-projeto-airflow/dags/params_dag.py", line 8
    start_date=datetime(2020, 1, 1)
               
SyntaxError: invalid syntax. Perhaps you forgot a comma?
[2026-04-28T23:32:49.605+0000] {processor.py:927} WARNING - No viable dags retrieved from /workspaces/meu-projeto-airflow/dags/params_dag.py
[2026-04-28T23:32:49.627+0000] {processor.py:208} INFO - Processing /workspaces/meu-projeto-airflow/dags/params_dag.py took 0.031 seconds
[2026-04-28T23:33:35.358+0000] {processor.py:186} INFO - Started process (PID=50391) to work on /workspaces/meu-projeto-airflow/dags/params_dag.py
[2026-04-28T23:33:35.359+0000] {processor.py:914} INFO - Processing file /workspaces/meu-projeto-airflow/dags/params_dag.py for tasks to queue
[2026-04-28T23:33:35.360+0000] {logging_mixin.py:190} INFO - [2026-04-28T23:33:35.360+0000] {dagbag.py:588} INFO - Filling up the DagBag from /workspaces/meu-projeto-airflow/dags/params_dag.py
[2026-04-28T23:33:35.363+0000] {logging_mixin.py:190} INFO - [2026-04-28T23:33:35.362+0000] {dagbag.py:387} ERROR - Failed to import: /workspaces/meu-projeto-airflow/dags/params_dag.py
Traceback (most recent call last):
  File "/usr/local/python/3.12.1/lib/python3.12/site-packages/airflow/models/dagbag.py", line 383, in parse
    loader.exec_module(new_module)
  File "<frozen importlib._bootstrap_external>", line 990, in exec_module
  File "<frozen importlib._bootstrap_external>", line 1128, in get_code
  File "<frozen importlib._bootstrap_external>", line 1058, in source_to_code
  File "<frozen importlib._bootstrap>", line 488, in _call_with_frames_removed
  File "/workspaces/meu-projeto-airflow/dags/params_dag.py", line 8
    start_date=datetime(2020, 1, 1)
               
SyntaxError: invalid syntax. Perhaps you forgot a comma?
[2026-04-28T23:33:35.363+0000] {processor.py:927} WARNING - No viable dags retrieved from /workspaces/meu-projeto-airflow/dags/params_dag.py
[2026-04-28T23:33:35.380+0000] {processor.py:208} INFO - Processing /workspaces/meu-projeto-airflow/dags/params_dag.py took 0.026 seconds
[2026-04-28T23:34:22.095+0000] {processor.py:186} INFO - Started process (PID=50960) to work on /workspaces/meu-projeto-airflow/dags/params_dag.py
[2026-04-28T23:34:22.096+0000] {processor.py:914} INFO - Processing file /workspaces/meu-projeto-airflow/dags/params_dag.py for tasks to queue
[2026-04-28T23:34:22.097+0000] {logging_mixin.py:190} INFO - [2026-04-28T23:34:22.096+0000] {dagbag.py:588} INFO - Filling up the DagBag from /workspaces/meu-projeto-airflow/dags/params_dag.py
[2026-04-28T23:34:22.099+0000] {logging_mixin.py:190} INFO - [2026-04-28T23:34:22.098+0000] {dagbag.py:387} ERROR - Failed to import: /workspaces/meu-projeto-airflow/dags/params_dag.py
Traceback (most recent call last):
  File "/usr/local/python/3.12.1/lib/python3.12/site-packages/airflow/models/dagbag.py", line 383, in parse
    loader.exec_module(new_module)
  File "<frozen importlib._bootstrap_external>", line 990, in exec_module
  File "<frozen importlib._bootstrap_external>", line 1128, in get_code
  File "<frozen importlib._bootstrap_external>", line 1058, in source_to_code
  File "<frozen importlib._bootstrap>", line 488, in _call_with_frames_removed
  File "/workspaces/meu-projeto-airflow/dags/params_dag.py", line 8
    start_date=datetime(2020, 1, 1)
               
SyntaxError: invalid syntax. Perhaps you forgot a comma?
[2026-04-28T23:34:22.100+0000] {processor.py:927} WARNING - No viable dags retrieved from /workspaces/meu-projeto-airflow/dags/params_dag.py
[2026-04-28T23:34:22.115+0000] {processor.py:208} INFO - Processing /workspaces/meu-projeto-airflow/dags/params_dag.py took 0.024 seconds
[2026-04-28T23:35:06.789+0000] {processor.py:186} INFO - Started process (PID=51396) to work on /workspaces/meu-projeto-airflow/dags/params_dag.py
[2026-04-28T23:35:06.790+0000] {processor.py:914} INFO - Processing file /workspaces/meu-projeto-airflow/dags/params_dag.py for tasks to queue
[2026-04-28T23:35:06.791+0000] {logging_mixin.py:190} INFO - [2026-04-28T23:35:06.791+0000] {dagbag.py:588} INFO - Filling up the DagBag from /workspaces/meu-projeto-airflow/dags/params_dag.py
[2026-04-28T23:35:06.793+0000] {logging_mixin.py:190} INFO - [2026-04-28T23:35:06.793+0000] {dagbag.py:387} ERROR - Failed to import: /workspaces/meu-projeto-airflow/dags/params_dag.py
Traceback (most recent call last):
  File "/usr/local/python/3.12.1/lib/python3.12/site-packages/airflow/models/dagbag.py", line 383, in parse
    loader.exec_module(new_module)
  File "<frozen importlib._bootstrap_external>", line 990, in exec_module
  File "<frozen importlib._bootstrap_external>", line 1128, in get_code
  File "<frozen importlib._bootstrap_external>", line 1058, in source_to_code
  File "<frozen importlib._bootstrap>", line 488, in _call_with_frames_removed
  File "/workspaces/meu-projeto-airflow/dags/params_dag.py", line 8
    start_date=datetime(2020, 1, 1)
               
SyntaxError: invalid syntax. Perhaps you forgot a comma?
[2026-04-28T23:35:06.794+0000] {processor.py:927} WARNING - No viable dags retrieved from /workspaces/meu-projeto-airflow/dags/params_dag.py
[2026-04-28T23:35:06.809+0000] {processor.py:208} INFO - Processing /workspaces/meu-projeto-airflow/dags/params_dag.py took 0.026 seconds
[2026-04-28T23:35:50.937+0000] {processor.py:186} INFO - Started process (PID=51972) to work on /workspaces/meu-projeto-airflow/dags/params_dag.py
[2026-04-28T23:35:50.938+0000] {processor.py:914} INFO - Processing file /workspaces/meu-projeto-airflow/dags/params_dag.py for tasks to queue
[2026-04-28T23:35:50.939+0000] {logging_mixin.py:190} INFO - [2026-04-28T23:35:50.939+0000] {dagbag.py:588} INFO - Filling up the DagBag from /workspaces/meu-projeto-airflow/dags/params_dag.py
[2026-04-28T23:35:50.942+0000] {logging_mixin.py:190} INFO - [2026-04-28T23:35:50.941+0000] {dagbag.py:387} ERROR - Failed to import: /workspaces/meu-projeto-airflow/dags/params_dag.py
Traceback (most recent call last):
  File "/usr/local/python/3.12.1/lib/python3.12/site-packages/airflow/models/dagbag.py", line 383, in parse
    loader.exec_module(new_module)
  File "<frozen importlib._bootstrap_external>", line 990, in exec_module
  File "<frozen importlib._bootstrap_external>", line 1128, in get_code
  File "<frozen importlib._bootstrap_external>", line 1058, in source_to_code
  File "<frozen importlib._bootstrap>", line 488, in _call_with_frames_removed
  File "/workspaces/meu-projeto-airflow/dags/params_dag.py", line 10
    start_date=datetime(2020, 1, 1)
               
SyntaxError: invalid syntax. Perhaps you forgot a comma?
[2026-04-28T23:35:50.942+0000] {processor.py:927} WARNING - No viable dags retrieved from /workspaces/meu-projeto-airflow/dags/params_dag.py
[2026-04-28T23:35:50.961+0000] {processor.py:208} INFO - Processing /workspaces/meu-projeto-airflow/dags/params_dag.py took 0.028 seconds
[2026-04-28T23:36:35.542+0000] {processor.py:186} INFO - Started process (PID=52648) to work on /workspaces/meu-projeto-airflow/dags/params_dag.py
[2026-04-28T23:36:35.543+0000] {processor.py:914} INFO - Processing file /workspaces/meu-projeto-airflow/dags/params_dag.py for tasks to queue
[2026-04-28T23:36:35.544+0000] {logging_mixin.py:190} INFO - [2026-04-28T23:36:35.544+0000] {dagbag.py:588} INFO - Filling up the DagBag from /workspaces/meu-projeto-airflow/dags/params_dag.py
[2026-04-28T23:36:35.547+0000] {logging_mixin.py:190} INFO - [2026-04-28T23:36:35.546+0000] {dagbag.py:387} ERROR - Failed to import: /workspaces/meu-projeto-airflow/dags/params_dag.py
Traceback (most recent call last):
  File "/usr/local/python/3.12.1/lib/python3.12/site-packages/airflow/models/dagbag.py", line 383, in parse
    loader.exec_module(new_module)
  File "<frozen importlib._bootstrap_external>", line 990, in exec_module
  File "<frozen importlib._bootstrap_external>", line 1128, in get_code
  File "<frozen importlib._bootstrap_external>", line 1058, in source_to_code
  File "<frozen importlib._bootstrap>", line 488, in _call_with_frames_removed
  File "/workspaces/meu-projeto-airflow/dags/params_dag.py", line 10
    start_date=datetime(2020, 1, 1)
               
SyntaxError: invalid syntax. Perhaps you forgot a comma?
[2026-04-28T23:36:35.547+0000] {processor.py:927} WARNING - No viable dags retrieved from /workspaces/meu-projeto-airflow/dags/params_dag.py
[2026-04-28T23:36:35.563+0000] {processor.py:208} INFO - Processing /workspaces/meu-projeto-airflow/dags/params_dag.py took 0.024 seconds
[2026-04-28T23:37:18.864+0000] {processor.py:186} INFO - Started process (PID=53117) to work on /workspaces/meu-projeto-airflow/dags/params_dag.py
[2026-04-28T23:37:18.865+0000] {processor.py:914} INFO - Processing file /workspaces/meu-projeto-airflow/dags/params_dag.py for tasks to queue
[2026-04-28T23:37:18.866+0000] {logging_mixin.py:190} INFO - [2026-04-28T23:37:18.865+0000] {dagbag.py:588} INFO - Filling up the DagBag from /workspaces/meu-projeto-airflow/dags/params_dag.py
[2026-04-28T23:37:18.868+0000] {logging_mixin.py:190} INFO - [2026-04-28T23:37:18.867+0000] {dagbag.py:387} ERROR - Failed to import: /workspaces/meu-projeto-airflow/dags/params_dag.py
Traceback (most recent call last):
  File "/usr/local/python/3.12.1/lib/python3.12/site-packages/airflow/models/dagbag.py", line 383, in parse
    loader.exec_module(new_module)
  File "<frozen importlib._bootstrap_external>", line 990, in exec_module
  File "<frozen importlib._bootstrap_external>", line 1128, in get_code
  File "<frozen importlib._bootstrap_external>", line 1058, in source_to_code
  File "<frozen importlib._bootstrap>", line 488, in _call_with_frames_removed
  File "/workspaces/meu-projeto-airflow/dags/params_dag.py", line 12
    "number_of_runs": 10
                      
SyntaxError: invalid syntax. Perhaps you forgot a comma?
[2026-04-28T23:37:18.869+0000] {processor.py:927} WARNING - No viable dags retrieved from /workspaces/meu-projeto-airflow/dags/params_dag.py
[2026-04-28T23:37:18.885+0000] {processor.py:208} INFO - Processing /workspaces/meu-projeto-airflow/dags/params_dag.py took 0.025 seconds
[2026-04-28T23:37:59.706+0000] {processor.py:186} INFO - Started process (PID=53509) to work on /workspaces/meu-projeto-airflow/dags/params_dag.py
[2026-04-28T23:37:59.709+0000] {processor.py:914} INFO - Processing file /workspaces/meu-projeto-airflow/dags/params_dag.py for tasks to queue
[2026-04-28T23:37:59.711+0000] {logging_mixin.py:190} INFO - [2026-04-28T23:37:59.710+0000] {dagbag.py:588} INFO - Filling up the DagBag from /workspaces/meu-projeto-airflow/dags/params_dag.py
[2026-04-28T23:37:59.719+0000] {logging_mixin.py:190} INFO - [2026-04-28T23:37:59.716+0000] {dagbag.py:387} ERROR - Failed to import: /workspaces/meu-projeto-airflow/dags/params_dag.py
Traceback (most recent call last):
  File "/usr/local/python/3.12.1/lib/python3.12/site-packages/airflow/models/dagbag.py", line 383, in parse
    loader.exec_module(new_module)
  File "<frozen importlib._bootstrap_external>", line 990, in exec_module
  File "<frozen importlib._bootstrap_external>", line 1128, in get_code
  File "<frozen importlib._bootstrap_external>", line 1058, in source_to_code
  File "<frozen importlib._bootstrap>", line 488, in _call_with_frames_removed
  File "/workspaces/meu-projeto-airflow/dags/params_dag.py", line 12
    "number_of_runs": 10
                      
SyntaxError: invalid syntax. Perhaps you forgot a comma?
[2026-04-28T23:37:59.720+0000] {processor.py:927} WARNING - No viable dags retrieved from /workspaces/meu-projeto-airflow/dags/params_dag.py
[2026-04-28T23:37:59.747+0000] {processor.py:208} INFO - Processing /workspaces/meu-projeto-airflow/dags/params_dag.py took 0.060 seconds
[2026-04-28T23:38:42.059+0000] {processor.py:186} INFO - Started process (PID=53915) to work on /workspaces/meu-projeto-airflow/dags/params_dag.py
[2026-04-28T23:38:42.059+0000] {processor.py:914} INFO - Processing file /workspaces/meu-projeto-airflow/dags/params_dag.py for tasks to queue
[2026-04-28T23:38:42.060+0000] {logging_mixin.py:190} INFO - [2026-04-28T23:38:42.060+0000] {dagbag.py:588} INFO - Filling up the DagBag from /workspaces/meu-projeto-airflow/dags/params_dag.py
[2026-04-28T23:38:42.066+0000] {processor.py:925} INFO - DAG(s) 'paramns_dag' retrieved from /workspaces/meu-projeto-airflow/dags/params_dag.py
[2026-04-28T23:38:42.166+0000] {logging_mixin.py:190} INFO - [2026-04-28T23:38:42.164+0000] {override.py:1900} INFO - Created Permission View: can delete on DAG:paramns_dag
[2026-04-28T23:38:42.176+0000] {logging_mixin.py:190} INFO - [2026-04-28T23:38:42.175+0000] {override.py:1900} INFO - Created Permission View: can edit on DAG:paramns_dag
[2026-04-28T23:38:42.182+0000] {logging_mixin.py:190} INFO - [2026-04-28T23:38:42.182+0000] {override.py:1900} INFO - Created Permission View: can read on DAG:paramns_dag
[2026-04-28T23:38:42.193+0000] {logging_mixin.py:190} INFO - [2026-04-28T23:38:42.192+0000] {override.py:1900} INFO - Created Permission View: can create on DAG Run:paramns_dag
[2026-04-28T23:38:42.199+0000] {logging_mixin.py:190} INFO - [2026-04-28T23:38:42.199+0000] {override.py:1900} INFO - Created Permission View: can delete on DAG Run:paramns_dag
[2026-04-28T23:38:42.206+0000] {logging_mixin.py:190} INFO - [2026-04-28T23:38:42.205+0000] {override.py:1900} INFO - Created Permission View: can read on DAG Run:paramns_dag
[2026-04-28T23:38:42.212+0000] {logging_mixin.py:190} INFO - [2026-04-28T23:38:42.212+0000] {override.py:1900} INFO - Created Permission View: menu access on DAG Run:paramns_dag
[2026-04-28T23:38:42.212+0000] {logging_mixin.py:190} INFO - [2026-04-28T23:38:42.212+0000] {dag.py:3239} INFO - Sync 1 DAGs
[2026-04-28T23:38:42.224+0000] {logging_mixin.py:190} INFO - [2026-04-28T23:38:42.224+0000] {dag.py:3262} INFO - Creating ORM DAG for paramns_dag
[2026-04-28T23:38:42.224+0000] {logging_mixin.py:190} INFO - [2026-04-28T23:38:42.224+0000] {dag.py:4180} INFO - Setting next_dagrun for paramns_dag to None, run_after=None
[2026-04-28T23:38:42.245+0000] {processor.py:208} INFO - Processing /workspaces/meu-projeto-airflow/dags/params_dag.py took 0.191 seconds
[2026-04-28T23:39:27.196+0000] {processor.py:186} INFO - Started process (PID=54345) to work on /workspaces/meu-projeto-airflow/dags/params_dag.py
[2026-04-28T23:39:27.197+0000] {processor.py:914} INFO - Processing file /workspaces/meu-projeto-airflow/dags/params_dag.py for tasks to queue
[2026-04-28T23:39:27.198+0000] {logging_mixin.py:190} INFO - [2026-04-28T23:39:27.198+0000] {dagbag.py:588} INFO - Filling up the DagBag from /workspaces/meu-projeto-airflow/dags/params_dag.py
[2026-04-28T23:39:27.200+0000] {logging_mixin.py:190} INFO - [2026-04-28T23:39:27.200+0000] {dagbag.py:387} ERROR - Failed to import: /workspaces/meu-projeto-airflow/dags/params_dag.py
Traceback (most recent call last):
  File "/usr/local/python/3.12.1/lib/python3.12/site-packages/airflow/models/dagbag.py", line 383, in parse
    loader.exec_module(new_module)
  File "<frozen importlib._bootstrap_external>", line 990, in exec_module
  File "<frozen importlib._bootstrap_external>", line 1128, in get_code
  File "<frozen importlib._bootstrap_external>", line 1058, in source_to_code
  File "<frozen importlib._bootstrap>", line 488, in _call_with_frames_removed
  File "/workspaces/meu-projeto-airflow/dags/params_dag.py", line 12
    number_of_runs': 10,
                  ^
SyntaxError: unterminated string literal (detected at line 12)
[2026-04-28T23:39:27.201+0000] {processor.py:927} WARNING - No viable dags retrieved from /workspaces/meu-projeto-airflow/dags/params_dag.py
[2026-04-28T23:39:27.219+0000] {processor.py:208} INFO - Processing /workspaces/meu-projeto-airflow/dags/params_dag.py took 0.028 seconds
[2026-04-28T23:40:13.971+0000] {processor.py:186} INFO - Started process (PID=55146) to work on /workspaces/meu-projeto-airflow/dags/params_dag.py
[2026-04-28T23:40:13.972+0000] {processor.py:914} INFO - Processing file /workspaces/meu-projeto-airflow/dags/params_dag.py for tasks to queue
[2026-04-28T23:40:13.973+0000] {logging_mixin.py:190} INFO - [2026-04-28T23:40:13.973+0000] {dagbag.py:588} INFO - Filling up the DagBag from /workspaces/meu-projeto-airflow/dags/params_dag.py
[2026-04-28T23:40:13.983+0000] {processor.py:925} INFO - DAG(s) 'paramns_dag' retrieved from /workspaces/meu-projeto-airflow/dags/params_dag.py
[2026-04-28T23:40:13.997+0000] {logging_mixin.py:190} INFO - [2026-04-28T23:40:13.997+0000] {dag.py:3239} INFO - Sync 1 DAGs
[2026-04-28T23:40:14.010+0000] {logging_mixin.py:190} INFO - [2026-04-28T23:40:14.010+0000] {dag.py:4180} INFO - Setting next_dagrun for paramns_dag to None, run_after=None
[2026-04-28T23:40:14.033+0000] {processor.py:208} INFO - Processing /workspaces/meu-projeto-airflow/dags/params_dag.py took 0.068 seconds
[2026-04-28T23:41:00.398+0000] {processor.py:186} INFO - Started process (PID=55803) to work on /workspaces/meu-projeto-airflow/dags/params_dag.py
[2026-04-28T23:41:00.398+0000] {processor.py:914} INFO - Processing file /workspaces/meu-projeto-airflow/dags/params_dag.py for tasks to queue
[2026-04-28T23:41:00.399+0000] {logging_mixin.py:190} INFO - [2026-04-28T23:41:00.399+0000] {dagbag.py:588} INFO - Filling up the DagBag from /workspaces/meu-projeto-airflow/dags/params_dag.py
[2026-04-28T23:41:00.406+0000] {processor.py:925} INFO - DAG(s) 'paramns_dag' retrieved from /workspaces/meu-projeto-airflow/dags/params_dag.py
[2026-04-28T23:41:00.417+0000] {logging_mixin.py:190} INFO - [2026-04-28T23:41:00.417+0000] {dag.py:3239} INFO - Sync 1 DAGs
[2026-04-28T23:41:00.429+0000] {logging_mixin.py:190} INFO - [2026-04-28T23:41:00.429+0000] {dag.py:4180} INFO - Setting next_dagrun for paramns_dag to None, run_after=None
[2026-04-28T23:41:00.448+0000] {processor.py:208} INFO - Processing /workspaces/meu-projeto-airflow/dags/params_dag.py took 0.055 seconds
[2026-04-28T23:41:43.288+0000] {processor.py:186} INFO - Started process (PID=56459) to work on /workspaces/meu-projeto-airflow/dags/params_dag.py
[2026-04-28T23:41:43.289+0000] {processor.py:914} INFO - Processing file /workspaces/meu-projeto-airflow/dags/params_dag.py for tasks to queue
[2026-04-28T23:41:43.290+0000] {logging_mixin.py:190} INFO - [2026-04-28T23:41:43.289+0000] {dagbag.py:588} INFO - Filling up the DagBag from /workspaces/meu-projeto-airflow/dags/params_dag.py
[2026-04-28T23:41:43.296+0000] {processor.py:925} INFO - DAG(s) 'paramns_dag' retrieved from /workspaces/meu-projeto-airflow/dags/params_dag.py
[2026-04-28T23:41:43.307+0000] {logging_mixin.py:190} INFO - [2026-04-28T23:41:43.306+0000] {dag.py:3239} INFO - Sync 1 DAGs
[2026-04-28T23:41:43.318+0000] {logging_mixin.py:190} INFO - [2026-04-28T23:41:43.317+0000] {dag.py:4180} INFO - Setting next_dagrun for paramns_dag to None, run_after=None
[2026-04-28T23:41:43.335+0000] {processor.py:208} INFO - Processing /workspaces/meu-projeto-airflow/dags/params_dag.py took 0.051 seconds
[2026-04-28T23:42:26.772+0000] {processor.py:186} INFO - Started process (PID=57140) to work on /workspaces/meu-projeto-airflow/dags/params_dag.py
[2026-04-28T23:42:26.773+0000] {processor.py:914} INFO - Processing file /workspaces/meu-projeto-airflow/dags/params_dag.py for tasks to queue
[2026-04-28T23:42:26.774+0000] {logging_mixin.py:190} INFO - [2026-04-28T23:42:26.774+0000] {dagbag.py:588} INFO - Filling up the DagBag from /workspaces/meu-projeto-airflow/dags/params_dag.py
[2026-04-28T23:42:26.781+0000] {processor.py:925} INFO - DAG(s) 'params_dag' retrieved from /workspaces/meu-projeto-airflow/dags/params_dag.py
[2026-04-28T23:42:26.875+0000] {logging_mixin.py:190} INFO - [2026-04-28T23:42:26.874+0000] {override.py:1900} INFO - Created Permission View: can delete on DAG:params_dag
[2026-04-28T23:42:26.884+0000] {logging_mixin.py:190} INFO - [2026-04-28T23:42:26.884+0000] {override.py:1900} INFO - Created Permission View: can edit on DAG:params_dag
[2026-04-28T23:42:26.891+0000] {logging_mixin.py:190} INFO - [2026-04-28T23:42:26.890+0000] {override.py:1900} INFO - Created Permission View: can read on DAG:params_dag
[2026-04-28T23:42:26.901+0000] {logging_mixin.py:190} INFO - [2026-04-28T23:42:26.901+0000] {override.py:1900} INFO - Created Permission View: can create on DAG Run:params_dag
[2026-04-28T23:42:26.908+0000] {logging_mixin.py:190} INFO - [2026-04-28T23:42:26.908+0000] {override.py:1900} INFO - Created Permission View: can delete on DAG Run:params_dag
[2026-04-28T23:42:26.914+0000] {logging_mixin.py:190} INFO - [2026-04-28T23:42:26.914+0000] {override.py:1900} INFO - Created Permission View: can read on DAG Run:params_dag
[2026-04-28T23:42:26.922+0000] {logging_mixin.py:190} INFO - [2026-04-28T23:42:26.922+0000] {override.py:1900} INFO - Created Permission View: menu access on DAG Run:params_dag
[2026-04-28T23:42:26.922+0000] {logging_mixin.py:190} INFO - [2026-04-28T23:42:26.922+0000] {dag.py:3239} INFO - Sync 1 DAGs
[2026-04-28T23:42:26.934+0000] {logging_mixin.py:190} INFO - [2026-04-28T23:42:26.933+0000] {dag.py:3262} INFO - Creating ORM DAG for params_dag
[2026-04-28T23:42:26.934+0000] {logging_mixin.py:190} INFO - [2026-04-28T23:42:26.934+0000] {dag.py:4180} INFO - Setting next_dagrun for params_dag to None, run_after=None
[2026-04-28T23:42:26.949+0000] {processor.py:208} INFO - Processing /workspaces/meu-projeto-airflow/dags/params_dag.py took 0.181 seconds
[2026-04-28T23:43:09.991+0000] {processor.py:186} INFO - Started process (PID=57666) to work on /workspaces/meu-projeto-airflow/dags/params_dag.py
[2026-04-28T23:43:09.992+0000] {processor.py:914} INFO - Processing file /workspaces/meu-projeto-airflow/dags/params_dag.py for tasks to queue
[2026-04-28T23:43:09.993+0000] {logging_mixin.py:190} INFO - [2026-04-28T23:43:09.993+0000] {dagbag.py:588} INFO - Filling up the DagBag from /workspaces/meu-projeto-airflow/dags/params_dag.py
[2026-04-28T23:43:09.999+0000] {processor.py:925} INFO - DAG(s) 'params_dag' retrieved from /workspaces/meu-projeto-airflow/dags/params_dag.py
[2026-04-28T23:43:10.010+0000] {logging_mixin.py:190} INFO - [2026-04-28T23:43:10.010+0000] {dag.py:3239} INFO - Sync 1 DAGs
[2026-04-28T23:43:10.020+0000] {logging_mixin.py:190} INFO - [2026-04-28T23:43:10.020+0000] {dag.py:4180} INFO - Setting next_dagrun for params_dag to None, run_after=None
[2026-04-28T23:43:10.042+0000] {processor.py:208} INFO - Processing /workspaces/meu-projeto-airflow/dags/params_dag.py took 0.054 seconds
[2026-04-28T23:43:52.496+0000] {processor.py:186} INFO - Started process (PID=58109) to work on /workspaces/meu-projeto-airflow/dags/params_dag.py
[2026-04-28T23:43:52.497+0000] {processor.py:914} INFO - Processing file /workspaces/meu-projeto-airflow/dags/params_dag.py for tasks to queue
[2026-04-28T23:43:52.498+0000] {logging_mixin.py:190} INFO - [2026-04-28T23:43:52.498+0000] {dagbag.py:588} INFO - Filling up the DagBag from /workspaces/meu-projeto-airflow/dags/params_dag.py
[2026-04-28T23:43:52.504+0000] {processor.py:925} INFO - DAG(s) 'params_dag' retrieved from /workspaces/meu-projeto-airflow/dags/params_dag.py
[2026-04-28T23:43:52.515+0000] {logging_mixin.py:190} INFO - [2026-04-28T23:43:52.514+0000] {dag.py:3239} INFO - Sync 1 DAGs
[2026-04-28T23:43:52.527+0000] {logging_mixin.py:190} INFO - [2026-04-28T23:43:52.527+0000] {dag.py:4180} INFO - Setting next_dagrun for params_dag to None, run_after=None
[2026-04-28T23:43:52.547+0000] {processor.py:208} INFO - Processing /workspaces/meu-projeto-airflow/dags/params_dag.py took 0.055 seconds
[2026-04-28T23:44:37.757+0000] {processor.py:186} INFO - Started process (PID=58706) to work on /workspaces/meu-projeto-airflow/dags/params_dag.py
[2026-04-28T23:44:37.758+0000] {processor.py:914} INFO - Processing file /workspaces/meu-projeto-airflow/dags/params_dag.py for tasks to queue
[2026-04-28T23:44:37.759+0000] {logging_mixin.py:190} INFO - [2026-04-28T23:44:37.759+0000] {dagbag.py:588} INFO - Filling up the DagBag from /workspaces/meu-projeto-airflow/dags/params_dag.py
[2026-04-28T23:44:37.767+0000] {processor.py:925} INFO - DAG(s) 'params_dag' retrieved from /workspaces/meu-projeto-airflow/dags/params_dag.py
[2026-04-28T23:44:37.778+0000] {logging_mixin.py:190} INFO - [2026-04-28T23:44:37.777+0000] {dag.py:3239} INFO - Sync 1 DAGs
[2026-04-28T23:44:37.787+0000] {logging_mixin.py:190} INFO - [2026-04-28T23:44:37.787+0000] {dag.py:4180} INFO - Setting next_dagrun for params_dag to None, run_after=None
[2026-04-28T23:44:37.804+0000] {processor.py:208} INFO - Processing /workspaces/meu-projeto-airflow/dags/params_dag.py took 0.053 seconds
[2026-04-28T23:45:23.396+0000] {processor.py:186} INFO - Started process (PID=59179) to work on /workspaces/meu-projeto-airflow/dags/params_dag.py
[2026-04-28T23:45:23.397+0000] {processor.py:914} INFO - Processing file /workspaces/meu-projeto-airflow/dags/params_dag.py for tasks to queue
[2026-04-28T23:45:23.398+0000] {logging_mixin.py:190} INFO - [2026-04-28T23:45:23.398+0000] {dagbag.py:588} INFO - Filling up the DagBag from /workspaces/meu-projeto-airflow/dags/params_dag.py
[2026-04-28T23:45:23.404+0000] {processor.py:925} INFO - DAG(s) 'params_dag' retrieved from /workspaces/meu-projeto-airflow/dags/params_dag.py
[2026-04-28T23:45:23.416+0000] {logging_mixin.py:190} INFO - [2026-04-28T23:45:23.416+0000] {dag.py:3239} INFO - Sync 1 DAGs
[2026-04-28T23:45:23.429+0000] {logging_mixin.py:190} INFO - [2026-04-28T23:45:23.429+0000] {dag.py:4180} INFO - Setting next_dagrun for params_dag to None, run_after=None
[2026-04-28T23:45:23.446+0000] {processor.py:208} INFO - Processing /workspaces/meu-projeto-airflow/dags/params_dag.py took 0.054 seconds
[2026-04-28T23:46:08.335+0000] {processor.py:186} INFO - Started process (PID=59586) to work on /workspaces/meu-projeto-airflow/dags/params_dag.py
[2026-04-28T23:46:08.336+0000] {processor.py:914} INFO - Processing file /workspaces/meu-projeto-airflow/dags/params_dag.py for tasks to queue
[2026-04-28T23:46:08.337+0000] {logging_mixin.py:190} INFO - [2026-04-28T23:46:08.336+0000] {dagbag.py:588} INFO - Filling up the DagBag from /workspaces/meu-projeto-airflow/dags/params_dag.py
[2026-04-28T23:46:08.342+0000] {processor.py:925} INFO - DAG(s) 'params_dag' retrieved from /workspaces/meu-projeto-airflow/dags/params_dag.py
[2026-04-28T23:46:08.353+0000] {logging_mixin.py:190} INFO - [2026-04-28T23:46:08.353+0000] {dag.py:3239} INFO - Sync 1 DAGs
[2026-04-28T23:46:08.363+0000] {logging_mixin.py:190} INFO - [2026-04-28T23:46:08.363+0000] {dag.py:4180} INFO - Setting next_dagrun for params_dag to None, run_after=None
[2026-04-28T23:46:08.380+0000] {processor.py:208} INFO - Processing /workspaces/meu-projeto-airflow/dags/params_dag.py took 0.050 seconds
[2026-04-28T23:46:51.434+0000] {processor.py:186} INFO - Started process (PID=60029) to work on /workspaces/meu-projeto-airflow/dags/params_dag.py
[2026-04-28T23:46:51.435+0000] {processor.py:914} INFO - Processing file /workspaces/meu-projeto-airflow/dags/params_dag.py for tasks to queue
[2026-04-28T23:46:51.436+0000] {logging_mixin.py:190} INFO - [2026-04-28T23:46:51.436+0000] {dagbag.py:588} INFO - Filling up the DagBag from /workspaces/meu-projeto-airflow/dags/params_dag.py
[2026-04-28T23:46:51.442+0000] {processor.py:925} INFO - DAG(s) 'params_dag' retrieved from /workspaces/meu-projeto-airflow/dags/params_dag.py
[2026-04-28T23:46:51.453+0000] {logging_mixin.py:190} INFO - [2026-04-28T23:46:51.452+0000] {dag.py:3239} INFO - Sync 1 DAGs
[2026-04-28T23:46:51.463+0000] {logging_mixin.py:190} INFO - [2026-04-28T23:46:51.463+0000] {dag.py:4180} INFO - Setting next_dagrun for params_dag to None, run_after=None
[2026-04-28T23:46:51.481+0000] {processor.py:208} INFO - Processing /workspaces/meu-projeto-airflow/dags/params_dag.py took 0.051 seconds
[2026-04-28T23:47:32.876+0000] {processor.py:186} INFO - Started process (PID=60414) to work on /workspaces/meu-projeto-airflow/dags/params_dag.py
[2026-04-28T23:47:32.877+0000] {processor.py:914} INFO - Processing file /workspaces/meu-projeto-airflow/dags/params_dag.py for tasks to queue
[2026-04-28T23:47:32.878+0000] {logging_mixin.py:190} INFO - [2026-04-28T23:47:32.878+0000] {dagbag.py:588} INFO - Filling up the DagBag from /workspaces/meu-projeto-airflow/dags/params_dag.py
[2026-04-28T23:47:32.884+0000] {processor.py:925} INFO - DAG(s) 'params_dag' retrieved from /workspaces/meu-projeto-airflow/dags/params_dag.py
[2026-04-28T23:47:32.895+0000] {logging_mixin.py:190} INFO - [2026-04-28T23:47:32.895+0000] {dag.py:3239} INFO - Sync 1 DAGs
[2026-04-28T23:47:32.905+0000] {logging_mixin.py:190} INFO - [2026-04-28T23:47:32.905+0000] {dag.py:4180} INFO - Setting next_dagrun for params_dag to None, run_after=None
[2026-04-28T23:47:32.924+0000] {processor.py:208} INFO - Processing /workspaces/meu-projeto-airflow/dags/params_dag.py took 0.052 seconds
[2026-04-28T23:48:15.672+0000] {processor.py:186} INFO - Started process (PID=60763) to work on /workspaces/meu-projeto-airflow/dags/params_dag.py
[2026-04-28T23:48:15.673+0000] {processor.py:914} INFO - Processing file /workspaces/meu-projeto-airflow/dags/params_dag.py for tasks to queue
[2026-04-28T23:48:15.674+0000] {logging_mixin.py:190} INFO - [2026-04-28T23:48:15.673+0000] {dagbag.py:588} INFO - Filling up the DagBag from /workspaces/meu-projeto-airflow/dags/params_dag.py
[2026-04-28T23:48:15.680+0000] {processor.py:925} INFO - DAG(s) 'params_dag' retrieved from /workspaces/meu-projeto-airflow/dags/params_dag.py
[2026-04-28T23:48:15.690+0000] {logging_mixin.py:190} INFO - [2026-04-28T23:48:15.690+0000] {dag.py:3239} INFO - Sync 1 DAGs
[2026-04-28T23:48:15.700+0000] {logging_mixin.py:190} INFO - [2026-04-28T23:48:15.700+0000] {dag.py:4180} INFO - Setting next_dagrun for params_dag to None, run_after=None
[2026-04-28T23:48:15.718+0000] {processor.py:208} INFO - Processing /workspaces/meu-projeto-airflow/dags/params_dag.py took 0.053 seconds
[2026-04-28T23:49:01.273+0000] {processor.py:186} INFO - Started process (PID=61156) to work on /workspaces/meu-projeto-airflow/dags/params_dag.py
[2026-04-28T23:49:01.274+0000] {processor.py:914} INFO - Processing file /workspaces/meu-projeto-airflow/dags/params_dag.py for tasks to queue
[2026-04-28T23:49:01.275+0000] {logging_mixin.py:190} INFO - [2026-04-28T23:49:01.274+0000] {dagbag.py:588} INFO - Filling up the DagBag from /workspaces/meu-projeto-airflow/dags/params_dag.py
[2026-04-28T23:49:01.280+0000] {processor.py:925} INFO - DAG(s) 'params_dag' retrieved from /workspaces/meu-projeto-airflow/dags/params_dag.py
[2026-04-28T23:49:01.291+0000] {logging_mixin.py:190} INFO - [2026-04-28T23:49:01.291+0000] {dag.py:3239} INFO - Sync 1 DAGs
[2026-04-28T23:49:01.301+0000] {logging_mixin.py:190} INFO - [2026-04-28T23:49:01.301+0000] {dag.py:4180} INFO - Setting next_dagrun for params_dag to None, run_after=None
[2026-04-28T23:49:01.317+0000] {processor.py:208} INFO - Processing /workspaces/meu-projeto-airflow/dags/params_dag.py took 0.049 seconds
[2026-04-28T23:49:46.038+0000] {processor.py:186} INFO - Started process (PID=61560) to work on /workspaces/meu-projeto-airflow/dags/params_dag.py
[2026-04-28T23:49:46.039+0000] {processor.py:914} INFO - Processing file /workspaces/meu-projeto-airflow/dags/params_dag.py for tasks to queue
[2026-04-28T23:49:46.040+0000] {logging_mixin.py:190} INFO - [2026-04-28T23:49:46.040+0000] {dagbag.py:588} INFO - Filling up the DagBag from /workspaces/meu-projeto-airflow/dags/params_dag.py
[2026-04-28T23:49:46.046+0000] {processor.py:925} INFO - DAG(s) 'params_dag' retrieved from /workspaces/meu-projeto-airflow/dags/params_dag.py
[2026-04-28T23:49:46.057+0000] {logging_mixin.py:190} INFO - [2026-04-28T23:49:46.056+0000] {dag.py:3239} INFO - Sync 1 DAGs
[2026-04-28T23:49:46.067+0000] {logging_mixin.py:190} INFO - [2026-04-28T23:49:46.066+0000] {dag.py:4180} INFO - Setting next_dagrun for params_dag to None, run_after=None
[2026-04-28T23:49:46.082+0000] {processor.py:208} INFO - Processing /workspaces/meu-projeto-airflow/dags/params_dag.py took 0.048 seconds
[2026-04-28T23:50:30.202+0000] {processor.py:186} INFO - Started process (PID=61971) to work on /workspaces/meu-projeto-airflow/dags/params_dag.py
[2026-04-28T23:50:30.203+0000] {processor.py:914} INFO - Processing file /workspaces/meu-projeto-airflow/dags/params_dag.py for tasks to queue
[2026-04-28T23:50:30.204+0000] {logging_mixin.py:190} INFO - [2026-04-28T23:50:30.203+0000] {dagbag.py:588} INFO - Filling up the DagBag from /workspaces/meu-projeto-airflow/dags/params_dag.py
[2026-04-28T23:50:30.209+0000] {processor.py:925} INFO - DAG(s) 'params_dag' retrieved from /workspaces/meu-projeto-airflow/dags/params_dag.py
[2026-04-28T23:50:30.222+0000] {logging_mixin.py:190} INFO - [2026-04-28T23:50:30.222+0000] {dag.py:3239} INFO - Sync 1 DAGs
[2026-04-28T23:50:30.235+0000] {logging_mixin.py:190} INFO - [2026-04-28T23:50:30.234+0000] {dag.py:4180} INFO - Setting next_dagrun for params_dag to None, run_after=None
[2026-04-28T23:50:30.250+0000] {processor.py:208} INFO - Processing /workspaces/meu-projeto-airflow/dags/params_dag.py took 0.053 seconds
[2026-04-28T23:51:15.590+0000] {processor.py:186} INFO - Started process (PID=62586) to work on /workspaces/meu-projeto-airflow/dags/params_dag.py
[2026-04-28T23:51:15.590+0000] {processor.py:914} INFO - Processing file /workspaces/meu-projeto-airflow/dags/params_dag.py for tasks to queue
[2026-04-28T23:51:15.591+0000] {logging_mixin.py:190} INFO - [2026-04-28T23:51:15.591+0000] {dagbag.py:588} INFO - Filling up the DagBag from /workspaces/meu-projeto-airflow/dags/params_dag.py
[2026-04-28T23:51:15.597+0000] {processor.py:925} INFO - DAG(s) 'params_dag' retrieved from /workspaces/meu-projeto-airflow/dags/params_dag.py
[2026-04-28T23:51:15.609+0000] {logging_mixin.py:190} INFO - [2026-04-28T23:51:15.609+0000] {dag.py:3239} INFO - Sync 1 DAGs
[2026-04-28T23:51:15.623+0000] {logging_mixin.py:190} INFO - [2026-04-28T23:51:15.623+0000] {dag.py:4180} INFO - Setting next_dagrun for params_dag to None, run_after=None
[2026-04-28T23:51:15.641+0000] {processor.py:208} INFO - Processing /workspaces/meu-projeto-airflow/dags/params_dag.py took 0.056 seconds
[2026-04-28T23:51:59.404+0000] {processor.py:186} INFO - Started process (PID=63090) to work on /workspaces/meu-projeto-airflow/dags/params_dag.py
[2026-04-28T23:51:59.407+0000] {processor.py:914} INFO - Processing file /workspaces/meu-projeto-airflow/dags/params_dag.py for tasks to queue
[2026-04-28T23:51:59.410+0000] {logging_mixin.py:190} INFO - [2026-04-28T23:51:59.409+0000] {dagbag.py:588} INFO - Filling up the DagBag from /workspaces/meu-projeto-airflow/dags/params_dag.py
[2026-04-28T23:51:59.422+0000] {processor.py:925} INFO - DAG(s) 'params_dag' retrieved from /workspaces/meu-projeto-airflow/dags/params_dag.py
[2026-04-28T23:51:59.440+0000] {logging_mixin.py:190} INFO - [2026-04-28T23:51:59.440+0000] {dag.py:3239} INFO - Sync 1 DAGs
[2026-04-28T23:51:59.460+0000] {logging_mixin.py:190} INFO - [2026-04-28T23:51:59.459+0000] {dag.py:4180} INFO - Setting next_dagrun for params_dag to None, run_after=None
[2026-04-28T23:51:59.479+0000] {processor.py:208} INFO - Processing /workspaces/meu-projeto-airflow/dags/params_dag.py took 0.086 seconds
[2026-04-28T23:52:43.393+0000] {processor.py:186} INFO - Started process (PID=63491) to work on /workspaces/meu-projeto-airflow/dags/params_dag.py
[2026-04-28T23:52:43.393+0000] {processor.py:914} INFO - Processing file /workspaces/meu-projeto-airflow/dags/params_dag.py for tasks to queue
[2026-04-28T23:52:43.394+0000] {logging_mixin.py:190} INFO - [2026-04-28T23:52:43.394+0000] {dagbag.py:588} INFO - Filling up the DagBag from /workspaces/meu-projeto-airflow/dags/params_dag.py
[2026-04-28T23:52:43.400+0000] {processor.py:925} INFO - DAG(s) 'params_dag' retrieved from /workspaces/meu-projeto-airflow/dags/params_dag.py
[2026-04-28T23:52:43.410+0000] {logging_mixin.py:190} INFO - [2026-04-28T23:52:43.410+0000] {dag.py:3239} INFO - Sync 1 DAGs
[2026-04-28T23:52:43.421+0000] {logging_mixin.py:190} INFO - [2026-04-28T23:52:43.421+0000] {dag.py:4180} INFO - Setting next_dagrun for params_dag to None, run_after=None
[2026-04-28T23:52:43.439+0000] {processor.py:208} INFO - Processing /workspaces/meu-projeto-airflow/dags/params_dag.py took 0.051 seconds
[2026-04-28T23:53:30.027+0000] {processor.py:186} INFO - Started process (PID=63929) to work on /workspaces/meu-projeto-airflow/dags/params_dag.py
[2026-04-28T23:53:30.028+0000] {processor.py:914} INFO - Processing file /workspaces/meu-projeto-airflow/dags/params_dag.py for tasks to queue
[2026-04-28T23:53:30.029+0000] {logging_mixin.py:190} INFO - [2026-04-28T23:53:30.029+0000] {dagbag.py:588} INFO - Filling up the DagBag from /workspaces/meu-projeto-airflow/dags/params_dag.py
[2026-04-28T23:53:30.037+0000] {processor.py:925} INFO - DAG(s) 'params_dag' retrieved from /workspaces/meu-projeto-airflow/dags/params_dag.py
[2026-04-28T23:53:30.132+0000] {logging_mixin.py:190} INFO - [2026-04-28T23:53:30.132+0000] {dag.py:3239} INFO - Sync 1 DAGs
[2026-04-28T23:53:30.280+0000] {logging_mixin.py:190} INFO - [2026-04-28T23:53:30.280+0000] {dag.py:4180} INFO - Setting next_dagrun for params_dag to None, run_after=None
[2026-04-28T23:53:30.297+0000] {processor.py:208} INFO - Processing /workspaces/meu-projeto-airflow/dags/params_dag.py took 0.275 seconds
[2026-04-28T23:54:15.653+0000] {processor.py:186} INFO - Started process (PID=64809) to work on /workspaces/meu-projeto-airflow/dags/params_dag.py
[2026-04-28T23:54:15.654+0000] {processor.py:914} INFO - Processing file /workspaces/meu-projeto-airflow/dags/params_dag.py for tasks to queue
[2026-04-28T23:54:15.655+0000] {logging_mixin.py:190} INFO - [2026-04-28T23:54:15.655+0000] {dagbag.py:588} INFO - Filling up the DagBag from /workspaces/meu-projeto-airflow/dags/params_dag.py
[2026-04-28T23:54:15.661+0000] {processor.py:925} INFO - DAG(s) 'params_dag' retrieved from /workspaces/meu-projeto-airflow/dags/params_dag.py
[2026-04-28T23:54:15.675+0000] {logging_mixin.py:190} INFO - [2026-04-28T23:54:15.674+0000] {dag.py:3239} INFO - Sync 1 DAGs
[2026-04-28T23:54:15.684+0000] {logging_mixin.py:190} INFO - [2026-04-28T23:54:15.684+0000] {dag.py:4180} INFO - Setting next_dagrun for params_dag to None, run_after=None
[2026-04-28T23:54:15.700+0000] {processor.py:208} INFO - Processing /workspaces/meu-projeto-airflow/dags/params_dag.py took 0.051 seconds
[2026-04-28T23:55:06.737+0000] {processor.py:186} INFO - Started process (PID=65620) to work on /workspaces/meu-projeto-airflow/dags/params_dag.py
[2026-04-28T23:55:06.738+0000] {processor.py:914} INFO - Processing file /workspaces/meu-projeto-airflow/dags/params_dag.py for tasks to queue
[2026-04-28T23:55:06.739+0000] {logging_mixin.py:190} INFO - [2026-04-28T23:55:06.739+0000] {dagbag.py:588} INFO - Filling up the DagBag from /workspaces/meu-projeto-airflow/dags/params_dag.py
[2026-04-28T23:55:06.745+0000] {processor.py:925} INFO - DAG(s) 'params_dag' retrieved from /workspaces/meu-projeto-airflow/dags/params_dag.py
[2026-04-28T23:55:06.759+0000] {logging_mixin.py:190} INFO - [2026-04-28T23:55:06.759+0000] {dag.py:3239} INFO - Sync 1 DAGs
[2026-04-28T23:55:06.771+0000] {logging_mixin.py:190} INFO - [2026-04-28T23:55:06.771+0000] {dag.py:4180} INFO - Setting next_dagrun for params_dag to None, run_after=None
[2026-04-28T23:55:06.787+0000] {processor.py:208} INFO - Processing /workspaces/meu-projeto-airflow/dags/params_dag.py took 0.054 seconds
[2026-04-28T23:55:55.637+0000] {processor.py:186} INFO - Started process (PID=66133) to work on /workspaces/meu-projeto-airflow/dags/params_dag.py
[2026-04-28T23:55:55.638+0000] {processor.py:914} INFO - Processing file /workspaces/meu-projeto-airflow/dags/params_dag.py for tasks to queue
[2026-04-28T23:55:55.639+0000] {logging_mixin.py:190} INFO - [2026-04-28T23:55:55.639+0000] {dagbag.py:588} INFO - Filling up the DagBag from /workspaces/meu-projeto-airflow/dags/params_dag.py
[2026-04-28T23:55:55.647+0000] {processor.py:925} INFO - DAG(s) 'params_dag' retrieved from /workspaces/meu-projeto-airflow/dags/params_dag.py
[2026-04-28T23:55:55.660+0000] {logging_mixin.py:190} INFO - [2026-04-28T23:55:55.660+0000] {dag.py:3239} INFO - Sync 1 DAGs
[2026-04-28T23:55:55.672+0000] {logging_mixin.py:190} INFO - [2026-04-28T23:55:55.672+0000] {dag.py:4180} INFO - Setting next_dagrun for params_dag to None, run_after=None
[2026-04-28T23:55:55.689+0000] {processor.py:208} INFO - Processing /workspaces/meu-projeto-airflow/dags/params_dag.py took 0.057 seconds
[2026-04-28T23:56:41.175+0000] {processor.py:186} INFO - Started process (PID=66870) to work on /workspaces/meu-projeto-airflow/dags/params_dag.py
[2026-04-28T23:56:41.176+0000] {processor.py:914} INFO - Processing file /workspaces/meu-projeto-airflow/dags/params_dag.py for tasks to queue
[2026-04-28T23:56:41.177+0000] {logging_mixin.py:190} INFO - [2026-04-28T23:56:41.177+0000] {dagbag.py:588} INFO - Filling up the DagBag from /workspaces/meu-projeto-airflow/dags/params_dag.py
[2026-04-28T23:56:41.183+0000] {processor.py:925} INFO - DAG(s) 'params_dag' retrieved from /workspaces/meu-projeto-airflow/dags/params_dag.py
[2026-04-28T23:56:41.197+0000] {logging_mixin.py:190} INFO - [2026-04-28T23:56:41.197+0000] {dag.py:3239} INFO - Sync 1 DAGs
[2026-04-28T23:56:41.207+0000] {logging_mixin.py:190} INFO - [2026-04-28T23:56:41.207+0000] {dag.py:4180} INFO - Setting next_dagrun for params_dag to None, run_after=None
[2026-04-28T23:56:41.224+0000] {processor.py:208} INFO - Processing /workspaces/meu-projeto-airflow/dags/params_dag.py took 0.054 seconds
[2026-04-28T23:57:27.830+0000] {processor.py:186} INFO - Started process (PID=67322) to work on /workspaces/meu-projeto-airflow/dags/params_dag.py
[2026-04-28T23:57:27.831+0000] {processor.py:914} INFO - Processing file /workspaces/meu-projeto-airflow/dags/params_dag.py for tasks to queue
[2026-04-28T23:57:27.832+0000] {logging_mixin.py:190} INFO - [2026-04-28T23:57:27.831+0000] {dagbag.py:588} INFO - Filling up the DagBag from /workspaces/meu-projeto-airflow/dags/params_dag.py
[2026-04-28T23:57:27.838+0000] {processor.py:925} INFO - DAG(s) 'params_dag' retrieved from /workspaces/meu-projeto-airflow/dags/params_dag.py
[2026-04-28T23:57:27.852+0000] {logging_mixin.py:190} INFO - [2026-04-28T23:57:27.851+0000] {dag.py:3239} INFO - Sync 1 DAGs
[2026-04-28T23:57:27.861+0000] {logging_mixin.py:190} INFO - [2026-04-28T23:57:27.861+0000] {dag.py:4180} INFO - Setting next_dagrun for params_dag to None, run_after=None
[2026-04-28T23:57:27.877+0000] {processor.py:208} INFO - Processing /workspaces/meu-projeto-airflow/dags/params_dag.py took 0.053 seconds
[2026-04-28T23:58:08.669+0000] {processor.py:186} INFO - Started process (PID=67769) to work on /workspaces/meu-projeto-airflow/dags/params_dag.py
[2026-04-28T23:58:08.670+0000] {processor.py:914} INFO - Processing file /workspaces/meu-projeto-airflow/dags/params_dag.py for tasks to queue
[2026-04-28T23:58:08.671+0000] {logging_mixin.py:190} INFO - [2026-04-28T23:58:08.671+0000] {dagbag.py:588} INFO - Filling up the DagBag from /workspaces/meu-projeto-airflow/dags/params_dag.py
[2026-04-28T23:58:08.677+0000] {processor.py:925} INFO - DAG(s) 'params_dag' retrieved from /workspaces/meu-projeto-airflow/dags/params_dag.py
[2026-04-28T23:58:08.691+0000] {logging_mixin.py:190} INFO - [2026-04-28T23:58:08.690+0000] {dag.py:3239} INFO - Sync 1 DAGs
[2026-04-28T23:58:08.701+0000] {logging_mixin.py:190} INFO - [2026-04-28T23:58:08.701+0000] {dag.py:4180} INFO - Setting next_dagrun for params_dag to None, run_after=None
[2026-04-28T23:58:08.722+0000] {processor.py:208} INFO - Processing /workspaces/meu-projeto-airflow/dags/params_dag.py took 0.058 seconds
[2026-04-28T23:58:51.091+0000] {processor.py:186} INFO - Started process (PID=68154) to work on /workspaces/meu-projeto-airflow/dags/params_dag.py
[2026-04-28T23:58:51.092+0000] {processor.py:914} INFO - Processing file /workspaces/meu-projeto-airflow/dags/params_dag.py for tasks to queue
[2026-04-28T23:58:51.093+0000] {logging_mixin.py:190} INFO - [2026-04-28T23:58:51.093+0000] {dagbag.py:588} INFO - Filling up the DagBag from /workspaces/meu-projeto-airflow/dags/params_dag.py
[2026-04-28T23:58:51.099+0000] {processor.py:925} INFO - DAG(s) 'params_dag' retrieved from /workspaces/meu-projeto-airflow/dags/params_dag.py
[2026-04-28T23:58:51.113+0000] {logging_mixin.py:190} INFO - [2026-04-28T23:58:51.113+0000] {dag.py:3239} INFO - Sync 1 DAGs
[2026-04-28T23:58:51.125+0000] {logging_mixin.py:190} INFO - [2026-04-28T23:58:51.125+0000] {dag.py:4180} INFO - Setting next_dagrun for params_dag to None, run_after=None
[2026-04-28T23:58:51.142+0000] {processor.py:208} INFO - Processing /workspaces/meu-projeto-airflow/dags/params_dag.py took 0.056 seconds
[2026-04-28T23:59:32.836+0000] {processor.py:186} INFO - Started process (PID=68533) to work on /workspaces/meu-projeto-airflow/dags/params_dag.py
[2026-04-28T23:59:32.837+0000] {processor.py:914} INFO - Processing file /workspaces/meu-projeto-airflow/dags/params_dag.py for tasks to queue
[2026-04-28T23:59:32.838+0000] {logging_mixin.py:190} INFO - [2026-04-28T23:59:32.838+0000] {dagbag.py:588} INFO - Filling up the DagBag from /workspaces/meu-projeto-airflow/dags/params_dag.py
[2026-04-28T23:59:32.844+0000] {processor.py:925} INFO - DAG(s) 'params_dag' retrieved from /workspaces/meu-projeto-airflow/dags/params_dag.py
[2026-04-28T23:59:32.858+0000] {logging_mixin.py:190} INFO - [2026-04-28T23:59:32.858+0000] {dag.py:3239} INFO - Sync 1 DAGs
[2026-04-28T23:59:32.868+0000] {logging_mixin.py:190} INFO - [2026-04-28T23:59:32.868+0000] {dag.py:4180} INFO - Setting next_dagrun for params_dag to None, run_after=None
[2026-04-28T23:59:32.888+0000] {processor.py:208} INFO - Processing /workspaces/meu-projeto-airflow/dags/params_dag.py took 0.057 seconds
