[2026-05-01T00:05:50.877+0000] {local_task_job_runner.py:123} INFO - ::group::Pre task execution logs
[2026-05-01T00:05:50.884+0000] {taskinstance.py:2612} INFO - Dependencies all met for dep_context=non-requeueable deps ti=<TaskInstance: pipeline_etl_dag.insert_table manual__2026-05-01T00:05:36+00:00 [queued]>
[2026-05-01T00:05:50.890+0000] {taskinstance.py:2612} INFO - Dependencies all met for dep_context=requeueable deps ti=<TaskInstance: pipeline_etl_dag.insert_table manual__2026-05-01T00:05:36+00:00 [queued]>
[2026-05-01T00:05:50.890+0000] {taskinstance.py:2865} INFO - Starting attempt 1 of 1
[2026-05-01T00:05:50.904+0000] {taskinstance.py:2888} INFO - Executing <Task(PostgresOperator): insert_table> on 2026-05-01 00:05:36+00:00
[2026-05-01T00:05:50.909+0000] {standard_task_runner.py:72} INFO - Started process 91921 to run task
[2026-05-01T00:05:50.912+0000] {standard_task_runner.py:104} INFO - Running: ['airflow', 'tasks', 'run', 'pipeline_etl_dag', 'insert_table', 'manual__2026-05-01T00:05:36+00:00', '--job-id', '309', '--raw', '--subdir', 'DAGS_FOLDER/pipeline_etl.py', '--cfg-path', '/tmp/tmp8qrabj1h']
[2026-05-01T00:05:50.913+0000] {standard_task_runner.py:105} INFO - Job 309: Subtask insert_table
[2026-05-01T00:05:50.951+0000] {task_command.py:467} INFO - Running <TaskInstance: pipeline_etl_dag.insert_table manual__2026-05-01T00:05:36+00:00 [running]> on host codespaces-1f1e00
[2026-05-01T00:05:51.007+0000] {taskinstance.py:3131} INFO - Exporting env vars: AIRFLOW_CTX_DAG_OWNER='airflow' AIRFLOW_CTX_DAG_ID='pipeline_etl_dag' AIRFLOW_CTX_TASK_ID='insert_table' AIRFLOW_CTX_EXECUTION_DATE='2026-05-01T00:05:36+00:00' AIRFLOW_CTX_TRY_NUMBER='1' AIRFLOW_CTX_DAG_RUN_ID='manual__2026-05-01T00:05:36+00:00'
[2026-05-01T00:05:51.008+0000] {taskinstance.py:731} INFO - ::endgroup::
[2026-05-01T00:05:51.010+0000] {sql.py:266} INFO - Executing: INSERT INTO sales (id, name, state, store_name, store_address, product_name, product_value, person_name, person_address, quality, value, date_purchased) VALUES (1, 'São Paulo', 'SP', 'Loja Matriz', 'Av. Principal, 1', 'Notebook', 3500, 'Cristina', 'Rua A, 100', 10, 150.0, '2023-08-20');
INSERT INTO sales (id, name, state, store_name, store_address, product_name, product_value, person_name, person_address, quality, value, date_purchased) VALUES (2, 'Rio de Janeiro', 'RJ', 'Loja Filial', 'Rua Lateral, 2', 'Mouse', 50, 'João', 'Rua B, 200', 10, 200.0, '2023-08-20');
INSERT INTO sales (id, name, state, store_name, store_address, product_name, product_value, person_name, person_address, quality, value, date_purchased) VALUES (1, 'São Paulo', 'SP', 'Loja Matriz', 'Av. Principal, 1', 'Notebook', 3500, 'Cristina', 'Rua A, 100', 10, 150.0, '2023-08-21');
INSERT INTO sales (id, name, state, store_name, store_address, product_name, product_value, person_name, person_address, quality, value, date_purchased) VALUES (2, 'Rio de Janeiro', 'RJ', 'Loja Filial', 'Rua Lateral, 2', 'Mouse', 50, 'João', 'Rua B, 200', 10, 200.0, '2023-08-21');
INSERT INTO sales (id, name, state, store_name, store_address, product_name, product_value, person_name, person_address, quality, value, date_purchased) VALUES (1, 'São Paulo', 'SP', 'Loja Matriz', 'Av. Principal, 1', 'Notebook', 3500, 'Cristina', 'Rua A, 100', 10, 150.0, '2023-08-22');
INSERT INTO sales (id, name, state, store_name, store_address, product_name, product_value, person_name, person_address, quality, value, date_purchased) VALUES (2, 'Rio de Janeiro', 'RJ', 'Loja Filial', 'Rua Lateral, 2', 'Mouse', 50, 'João', 'Rua B, 200', 10, 200.0, '2023-08-22');
[2026-05-01T00:05:51.013+0000] {base.py:84} INFO - Retrieving connection 'PG_SALES'
[2026-05-01T00:05:51.043+0000] {base.py:84} INFO - Retrieving connection 'PG_SALES'
[2026-05-01T00:05:51.061+0000] {sql.py:509} INFO - Running statement: INSERT INTO sales (id, name, state, store_name, store_address, product_name, product_value, person_name, person_address, quality, value, date_purchased) VALUES (1, 'São Paulo', 'SP', 'Loja Matriz', 'Av. Principal, 1', 'Notebook', 3500, 'Cristina', 'Rua A, 100', 10, 150.0, '2023-08-20');
INSERT INTO sales (id, name, state, store_name, store_address, product_name, product_value, person_name, person_address, quality, value, date_purchased) VALUES (2, 'Rio de Janeiro', 'RJ', 'Loja Filial', 'Rua Lateral, 2', 'Mouse', 50, 'João', 'Rua B, 200', 10, 200.0, '2023-08-20');
INSERT INTO sales (id, name, state, store_name, store_address, product_name, product_value, person_name, person_address, quality, value, date_purchased) VALUES (1, 'São Paulo', 'SP', 'Loja Matriz', 'Av. Principal, 1', 'Notebook', 3500, 'Cristina', 'Rua A, 100', 10, 150.0, '2023-08-21');
INSERT INTO sales (id, name, state, store_name, store_address, product_name, product_value, person_name, person_address, quality, value, date_purchased) VALUES (2, 'Rio de Janeiro', 'RJ', 'Loja Filial', 'Rua Lateral, 2', 'Mouse', 50, 'João', 'Rua B, 200', 10, 200.0, '2023-08-21');
INSERT INTO sales (id, name, state, store_name, store_address, product_name, product_value, person_name, person_address, quality, value, date_purchased) VALUES (1, 'São Paulo', 'SP', 'Loja Matriz', 'Av. Principal, 1', 'Notebook', 3500, 'Cristina', 'Rua A, 100', 10, 150.0, '2023-08-22');
INSERT INTO sales (id, name, state, store_name, store_address, product_name, product_value, person_name, person_address, quality, value, date_purchased) VALUES (2, 'Rio de Janeiro', 'RJ', 'Loja Filial', 'Rua Lateral, 2', 'Mouse', 50, 'João', 'Rua B, 200', 10, 200.0, '2023-08-22');, parameters: None
[2026-05-01T00:05:51.143+0000] {sql.py:518} INFO - Rows affected: 1
[2026-05-01T00:05:51.150+0000] {taskinstance.py:340} INFO - ::group::Post task execution logs
[2026-05-01T00:05:51.150+0000] {taskinstance.py:352} INFO - Marking task as SUCCESS. dag_id=pipeline_etl_dag, task_id=insert_table, run_id=manual__2026-05-01T00:05:36+00:00, execution_date=20260501T000536, start_date=20260501T000550, end_date=20260501T000551
[2026-05-01T00:05:51.208+0000] {local_task_job_runner.py:266} INFO - Task exited with return code 0
[2026-05-01T00:05:51.217+0000] {logging_mixin.py:190} WARNING - /usr/local/python/3.12.1/lib/python3.12/site-packages/airflow/models/baseoperator.py:1378 AirflowProviderDeprecationWarning: Call to deprecated class PostgresOperator. (Please use `airflow.providers.common.sql.operators.sql.SQLExecuteQueryOperator`.Also, you can provide `hook_params={'schema': <database>}`.)
[2026-05-01T00:05:51.224+0000] {taskinstance.py:3900} INFO - 1 downstream tasks scheduled from follow-on schedule check
[2026-05-01T00:05:51.228+0000] {local_task_job_runner.py:245} INFO - ::endgroup::
