[2026-04-12T17:16:52.492+0000] {local_task_job_runner.py:123} INFO - ::group::Pre task execution logs
[2026-04-12T17:16:52.501+0000] {taskinstance.py:2612} INFO - Dependencies all met for dep_context=non-requeueable deps ti=<TaskInstance: xcom_dag_v2.update_currency manual__2026-04-12T17:16:35.320799+00:00 [queued]>
[2026-04-12T17:16:52.505+0000] {taskinstance.py:2612} INFO - Dependencies all met for dep_context=requeueable deps ti=<TaskInstance: xcom_dag_v2.update_currency manual__2026-04-12T17:16:35.320799+00:00 [queued]>
[2026-04-12T17:16:52.505+0000] {taskinstance.py:2865} INFO - Starting attempt 1 of 1
[2026-04-12T17:16:52.518+0000] {taskinstance.py:2888} INFO - Executing <Task(PostgresOperator): update_currency> on 2026-04-12 17:16:35.320799+00:00
[2026-04-12T17:16:52.523+0000] {standard_task_runner.py:72} INFO - Started process 49213 to run task
[2026-04-12T17:16:52.525+0000] {standard_task_runner.py:104} INFO - Running: ['airflow', 'tasks', 'run', 'xcom_dag_v2', 'update_currency', 'manual__2026-04-12T17:16:35.320799+00:00', '--job-id', '61', '--raw', '--subdir', 'DAGS_FOLDER/xcom_dag.py', '--cfg-path', '/tmp/tmpmsskq28r']
[2026-04-12T17:16:52.526+0000] {standard_task_runner.py:105} INFO - Job 61: Subtask update_currency
[2026-04-12T17:16:52.555+0000] {task_command.py:467} INFO - Running <TaskInstance: xcom_dag_v2.update_currency manual__2026-04-12T17:16:35.320799+00:00 [running]> on host codespaces-1f1e00
[2026-04-12T17:16:52.634+0000] {taskinstance.py:3131} INFO - Exporting env vars: AIRFLOW_CTX_DAG_OWNER='airflow' AIRFLOW_CTX_DAG_ID='xcom_dag_v2' AIRFLOW_CTX_TASK_ID='update_currency' AIRFLOW_CTX_EXECUTION_DATE='2026-04-12T17:16:35.320799+00:00' AIRFLOW_CTX_TRY_NUMBER='1' AIRFLOW_CTX_DAG_RUN_ID='manual__2026-04-12T17:16:35.320799+00:00'
[2026-04-12T17:16:52.636+0000] {logging_mixin.py:190} INFO - Task instance is in running state
[2026-04-12T17:16:52.637+0000] {logging_mixin.py:190} INFO -  Previous state of the Task instance: queued
[2026-04-12T17:16:52.637+0000] {logging_mixin.py:190} INFO - Current task name:update_currency state:running start_date:2026-04-12 17:16:52.501259+00:00
[2026-04-12T17:16:52.638+0000] {logging_mixin.py:190} INFO - Dag name:xcom_dag_v2 and current dag run status:running
[2026-04-12T17:16:52.638+0000] {taskinstance.py:731} INFO - ::endgroup::
[2026-04-12T17:16:52.639+0000] {sql.py:266} INFO - Executing: UPDATE currency SET currency_amount= currency_amount + 500 WHERE player_id in(1, 2)
[2026-04-12T17:16:52.646+0000] {base.py:84} INFO - Retrieving connection 'postgres_default'
[2026-04-12T17:16:52.653+0000] {base.py:84} INFO - Retrieving connection 'postgres_default'
[2026-04-12T17:16:52.670+0000] {sql.py:509} INFO - Running statement: UPDATE currency SET currency_amount= currency_amount + 500 WHERE player_id in(1, 2), parameters: None
[2026-04-12T17:16:52.671+0000] {taskinstance.py:3310} ERROR - Task failed with exception
Traceback (most recent call last):
  File "/usr/local/python/3.12.1/lib/python3.12/site-packages/airflow/models/taskinstance.py", line 767, in _execute_task
    result = _execute_callable(context=context, **execute_callable_kwargs)
             ^^^^^^^^^^^^^^^^^^^^^^^^^^^^^^^^^^^^^^^^^^^^^^^^^^^^^^^^^^^^^
  File "/usr/local/python/3.12.1/lib/python3.12/site-packages/airflow/models/taskinstance.py", line 733, in _execute_callable
    return ExecutionCallableRunner(
           ^^^^^^^^^^^^^^^^^^^^^^^^
  File "/usr/local/python/3.12.1/lib/python3.12/site-packages/airflow/utils/operator_helpers.py", line 252, in run
    return self.func(*args, **kwargs)
           ^^^^^^^^^^^^^^^^^^^^^^^^^^
  File "/usr/local/python/3.12.1/lib/python3.12/site-packages/airflow/models/baseoperator.py", line 406, in wrapper
    return func(self, *args, **kwargs)
           ^^^^^^^^^^^^^^^^^^^^^^^^^^^
  File "/usr/local/python/3.12.1/lib/python3.12/site-packages/airflow/providers/common/sql/operators/sql.py", line 272, in execute
    output = hook.run(
             ^^^^^^^^^
  File "/usr/local/python/3.12.1/lib/python3.12/site-packages/airflow/providers/common/sql/hooks/sql.py", line 456, in run
    self._run_command(cur, sql_statement, parameters)
  File "/usr/local/python/3.12.1/lib/python3.12/site-packages/airflow/providers/common/sql/hooks/sql.py", line 514, in _run_command
    cur.execute(sql_statement)
psycopg2.errors.UndefinedColumn: column "player_id" does not exist
LINE 1: ... SET currency_amount= currency_amount + 500 WHERE player_id ...
                                                             ^

[2026-04-12T17:16:52.683+0000] {logging_mixin.py:190} INFO - Task instance in failure state
[2026-04-12T17:16:52.683+0000] {logging_mixin.py:190} INFO - Task start:2026-04-12 17:16:52.501259+00:00 end:2026-04-12 17:16:52.682609+00:00 duration:0.18135
[2026-04-12T17:16:52.684+0000] {logging_mixin.py:190} INFO - Task:<Task(PostgresOperator): update_currency> dag:<DAG: xcom_dag_v2> dagrun:<DagRun xcom_dag_v2 @ 2026-04-12 17:16:35.320799+00:00: manual__2026-04-12T17:16:35.320799+00:00, state:running, queued_at: 2026-04-12 17:16:35.340310+00:00. externally triggered: True>
[2026-04-12T17:16:52.684+0000] {logging_mixin.py:190} INFO - Failure caused by column "player_id" does not exist
LINE 1: ... SET currency_amount= currency_amount + 500 WHERE player_id ...
                                                             ^
[2026-04-12T17:16:52.685+0000] {taskinstance.py:1225} INFO - Marking task as FAILED. dag_id=xcom_dag_v2, task_id=update_currency, run_id=manual__2026-04-12T17:16:35.320799+00:00, execution_date=20260412T171635, start_date=20260412T171652, end_date=20260412T171652
[2026-04-12T17:16:52.722+0000] {taskinstance.py:340} INFO - ::group::Post task execution logs
[2026-04-12T17:16:52.722+0000] {standard_task_runner.py:124} ERROR - Failed to execute job 61 for task update_currency (column "player_id" does not exist
LINE 1: ... SET currency_amount= currency_amount + 500 WHERE player_id ...
                                                             ^
; 49213)
Traceback (most recent call last):
  File "/usr/local/python/3.12.1/lib/python3.12/site-packages/airflow/task/task_runner/standard_task_runner.py", line 117, in _start_by_fork
    ret = args.func(args, dag=self.dag)
          ^^^^^^^^^^^^^^^^^^^^^^^^^^^^^
  File "/usr/local/python/3.12.1/lib/python3.12/site-packages/airflow/cli/cli_config.py", line 49, in command
    return func(*args, **kwargs)
           ^^^^^^^^^^^^^^^^^^^^^
  File "/usr/local/python/3.12.1/lib/python3.12/site-packages/airflow/utils/cli.py", line 115, in wrapper
    return f(*args, **kwargs)
           ^^^^^^^^^^^^^^^^^^
  File "/usr/local/python/3.12.1/lib/python3.12/site-packages/airflow/cli/commands/task_command.py", line 483, in task_run
    task_return_code = _run_task_by_selected_method(args, _dag, ti)
                       ^^^^^^^^^^^^^^^^^^^^^^^^^^^^^^^^^^^^^^^^^^^^
  File "/usr/local/python/3.12.1/lib/python3.12/site-packages/airflow/cli/commands/task_command.py", line 256, in _run_task_by_selected_method
    return _run_raw_task(args, ti)
           ^^^^^^^^^^^^^^^^^^^^^^^
  File "/usr/local/python/3.12.1/lib/python3.12/site-packages/airflow/cli/commands/task_command.py", line 341, in _run_raw_task
    return ti._run_raw_task(
           ^^^^^^^^^^^^^^^^^
  File "/usr/local/python/3.12.1/lib/python3.12/site-packages/airflow/utils/session.py", line 97, in wrapper
    return func(*args, session=session, **kwargs)
           ^^^^^^^^^^^^^^^^^^^^^^^^^^^^^^^^^^^^^^
  File "/usr/local/python/3.12.1/lib/python3.12/site-packages/airflow/models/taskinstance.py", line 3004, in _run_raw_task
    return _run_raw_task(
           ^^^^^^^^^^^^^^
  File "/usr/local/python/3.12.1/lib/python3.12/site-packages/airflow/models/taskinstance.py", line 273, in _run_raw_task
    TaskInstance._execute_task_with_callbacks(
  File "/usr/local/python/3.12.1/lib/python3.12/site-packages/airflow/models/taskinstance.py", line 3158, in _execute_task_with_callbacks
    result = self._execute_task(context, task_orig)
             ^^^^^^^^^^^^^^^^^^^^^^^^^^^^^^^^^^^^^^
  File "/usr/local/python/3.12.1/lib/python3.12/site-packages/airflow/models/taskinstance.py", line 3182, in _execute_task
    return _execute_task(self, context, task_orig)
           ^^^^^^^^^^^^^^^^^^^^^^^^^^^^^^^^^^^^^^^
  File "/usr/local/python/3.12.1/lib/python3.12/site-packages/airflow/models/taskinstance.py", line 767, in _execute_task
    result = _execute_callable(context=context, **execute_callable_kwargs)
             ^^^^^^^^^^^^^^^^^^^^^^^^^^^^^^^^^^^^^^^^^^^^^^^^^^^^^^^^^^^^^
  File "/usr/local/python/3.12.1/lib/python3.12/site-packages/airflow/models/taskinstance.py", line 733, in _execute_callable
    return ExecutionCallableRunner(
           ^^^^^^^^^^^^^^^^^^^^^^^^
  File "/usr/local/python/3.12.1/lib/python3.12/site-packages/airflow/utils/operator_helpers.py", line 252, in run
    return self.func(*args, **kwargs)
           ^^^^^^^^^^^^^^^^^^^^^^^^^^
  File "/usr/local/python/3.12.1/lib/python3.12/site-packages/airflow/models/baseoperator.py", line 406, in wrapper
    return func(self, *args, **kwargs)
           ^^^^^^^^^^^^^^^^^^^^^^^^^^^
  File "/usr/local/python/3.12.1/lib/python3.12/site-packages/airflow/providers/common/sql/operators/sql.py", line 272, in execute
    output = hook.run(
             ^^^^^^^^^
  File "/usr/local/python/3.12.1/lib/python3.12/site-packages/airflow/providers/common/sql/hooks/sql.py", line 456, in run
    self._run_command(cur, sql_statement, parameters)
  File "/usr/local/python/3.12.1/lib/python3.12/site-packages/airflow/providers/common/sql/hooks/sql.py", line 514, in _run_command
    cur.execute(sql_statement)
psycopg2.errors.UndefinedColumn: column "player_id" does not exist
LINE 1: ... SET currency_amount= currency_amount + 500 WHERE player_id ...
                                                             ^

[2026-04-12T17:16:52.740+0000] {local_task_job_runner.py:266} INFO - Task exited with return code 1
[2026-04-12T17:16:52.754+0000] {taskinstance.py:3900} INFO - 0 downstream tasks scheduled from follow-on schedule check
[2026-04-12T17:16:52.755+0000] {local_task_job_runner.py:245} INFO - ::endgroup::
