[2026-04-29T00:44:11.270+0000] {local_task_job_runner.py:123} INFO - ::group::Pre task execution logs
[2026-04-29T00:44:11.277+0000] {taskinstance.py:2612} INFO - Dependencies all met for dep_context=non-requeueable deps ti=<TaskInstance: pool_dag.task_pool2 manual__2026-04-29T00:43:53.043675+00:00 [queued]>
[2026-04-29T00:44:11.282+0000] {taskinstance.py:2612} INFO - Dependencies all met for dep_context=requeueable deps ti=<TaskInstance: pool_dag.task_pool2 manual__2026-04-29T00:43:53.043675+00:00 [queued]>
[2026-04-29T00:44:11.282+0000] {taskinstance.py:2865} INFO - Starting attempt 1 of 1
[2026-04-29T00:44:11.293+0000] {taskinstance.py:2888} INFO - Executing <Task(_PythonDecoratedOperator): task_pool2> on 2026-04-29 00:43:53.043675+00:00
[2026-04-29T00:44:11.297+0000] {standard_task_runner.py:72} INFO - Started process 112213 to run task
[2026-04-29T00:44:11.300+0000] {standard_task_runner.py:104} INFO - Running: ['airflow', 'tasks', 'run', 'pool_dag', 'task_pool2', 'manual__2026-04-29T00:43:53.043675+00:00', '--job-id', '184', '--raw', '--subdir', 'DAGS_FOLDER/pool_dag.py', '--cfg-path', '/tmp/tmpxh7lf5oj']
[2026-04-29T00:44:11.300+0000] {standard_task_runner.py:105} INFO - Job 184: Subtask task_pool2
[2026-04-29T00:44:11.337+0000] {task_command.py:467} INFO - Running <TaskInstance: pool_dag.task_pool2 manual__2026-04-29T00:43:53.043675+00:00 [running]> on host codespaces-1f1e00
[2026-04-29T00:44:11.378+0000] {taskinstance.py:3131} INFO - Exporting env vars: AIRFLOW_CTX_DAG_OWNER='airflow' AIRFLOW_CTX_DAG_ID='pool_dag' AIRFLOW_CTX_TASK_ID='task_pool2' AIRFLOW_CTX_EXECUTION_DATE='2026-04-29T00:43:53.043675+00:00' AIRFLOW_CTX_TRY_NUMBER='1' AIRFLOW_CTX_DAG_RUN_ID='manual__2026-04-29T00:43:53.043675+00:00'
[2026-04-29T00:44:11.379+0000] {logging_mixin.py:190} INFO - Task instance is in running state
[2026-04-29T00:44:11.379+0000] {logging_mixin.py:190} INFO -  Previous state of the Task instance: queued
[2026-04-29T00:44:11.379+0000] {logging_mixin.py:190} INFO - Current task name:task_pool2 state:running start_date:2026-04-29 00:44:11.277996+00:00
[2026-04-29T00:44:11.379+0000] {logging_mixin.py:190} INFO - Dag name:pool_dag and current dag run status:running
[2026-04-29T00:44:11.379+0000] {taskinstance.py:731} INFO - ::endgroup::
[2026-04-29T00:44:11.380+0000] {logging_mixin.py:190} INFO - Task_pool2
[2026-04-29T00:44:11.380+0000] {python.py:240} INFO - Done. Returned value was: None
[2026-04-29T00:44:11.383+0000] {taskinstance.py:340} INFO - ::group::Post task execution logs
[2026-04-29T00:44:11.383+0000] {taskinstance.py:352} INFO - Marking task as SUCCESS. dag_id=pool_dag, task_id=task_pool2, run_id=manual__2026-04-29T00:43:53.043675+00:00, execution_date=20260429T004353, start_date=20260429T004411, end_date=20260429T004411
[2026-04-29T00:44:11.392+0000] {logging_mixin.py:190} INFO - Task instance in success state
[2026-04-29T00:44:11.392+0000] {logging_mixin.py:190} INFO -  Previous state of the Task instance: running
[2026-04-29T00:44:11.392+0000] {logging_mixin.py:190} INFO - Dag name:pool_dag queued_at:2026-04-29 00:43:53.060832+00:00
[2026-04-29T00:44:11.392+0000] {logging_mixin.py:190} INFO - Task hostname:codespaces-1f1e00 operator:_PythonDecoratedOperator
[2026-04-29T00:44:11.435+0000] {local_task_job_runner.py:266} INFO - Task exited with return code 0
[2026-04-29T00:44:11.447+0000] {taskinstance.py:3900} INFO - 0 downstream tasks scheduled from follow-on schedule check
[2026-04-29T00:44:11.447+0000] {local_task_job_runner.py:245} INFO - ::endgroup::
