[2026-04-27T22:25:16.017+0000] {processor.py:186} INFO - Started process (PID=4397) to work on /usr/local/python/3.12.1/lib/python3.12/site-packages/airflow/example_dags/subdags/subdag.py
[2026-04-27T22:25:16.018+0000] {processor.py:914} INFO - Processing file /usr/local/python/3.12.1/lib/python3.12/site-packages/airflow/example_dags/subdags/subdag.py for tasks to queue
[2026-04-27T22:25:16.022+0000] {logging_mixin.py:190} INFO - [2026-04-27T22:25:16.021+0000] {dagbag.py:588} INFO - Filling up the DagBag from /usr/local/python/3.12.1/lib/python3.12/site-packages/airflow/example_dags/subdags/subdag.py
[2026-04-27T22:25:16.024+0000] {processor.py:927} WARNING - No viable dags retrieved from /usr/local/python/3.12.1/lib/python3.12/site-packages/airflow/example_dags/subdags/subdag.py
[2026-04-27T22:25:16.046+0000] {processor.py:208} INFO - Processing /usr/local/python/3.12.1/lib/python3.12/site-packages/airflow/example_dags/subdags/subdag.py took 0.036 seconds
[2026-04-27T22:26:29.542+0000] {processor.py:186} INFO - Started process (PID=6174) to work on /usr/local/python/3.12.1/lib/python3.12/site-packages/airflow/example_dags/subdags/subdag.py
[2026-04-27T22:26:29.543+0000] {processor.py:914} INFO - Processing file /usr/local/python/3.12.1/lib/python3.12/site-packages/airflow/example_dags/subdags/subdag.py for tasks to queue
[2026-04-27T22:26:29.545+0000] {logging_mixin.py:190} INFO - [2026-04-27T22:26:29.545+0000] {dagbag.py:588} INFO - Filling up the DagBag from /usr/local/python/3.12.1/lib/python3.12/site-packages/airflow/example_dags/subdags/subdag.py
[2026-04-27T22:26:29.547+0000] {processor.py:927} WARNING - No viable dags retrieved from /usr/local/python/3.12.1/lib/python3.12/site-packages/airflow/example_dags/subdags/subdag.py
[2026-04-27T22:26:29.555+0000] {processor.py:208} INFO - Processing /usr/local/python/3.12.1/lib/python3.12/site-packages/airflow/example_dags/subdags/subdag.py took 0.017 seconds
[2026-04-27T22:27:52.694+0000] {processor.py:186} INFO - Started process (PID=7908) to work on /usr/local/python/3.12.1/lib/python3.12/site-packages/airflow/example_dags/subdags/subdag.py
[2026-04-27T22:27:52.695+0000] {processor.py:914} INFO - Processing file /usr/local/python/3.12.1/lib/python3.12/site-packages/airflow/example_dags/subdags/subdag.py for tasks to queue
[2026-04-27T22:27:52.697+0000] {logging_mixin.py:190} INFO - [2026-04-27T22:27:52.696+0000] {dagbag.py:588} INFO - Filling up the DagBag from /usr/local/python/3.12.1/lib/python3.12/site-packages/airflow/example_dags/subdags/subdag.py
[2026-04-27T22:27:52.698+0000] {processor.py:927} WARNING - No viable dags retrieved from /usr/local/python/3.12.1/lib/python3.12/site-packages/airflow/example_dags/subdags/subdag.py
[2026-04-27T22:27:52.707+0000] {processor.py:208} INFO - Processing /usr/local/python/3.12.1/lib/python3.12/site-packages/airflow/example_dags/subdags/subdag.py took 0.017 seconds
[2026-04-27T22:29:16.687+0000] {processor.py:186} INFO - Started process (PID=9613) to work on /usr/local/python/3.12.1/lib/python3.12/site-packages/airflow/example_dags/subdags/subdag.py
[2026-04-27T22:29:16.690+0000] {processor.py:914} INFO - Processing file /usr/local/python/3.12.1/lib/python3.12/site-packages/airflow/example_dags/subdags/subdag.py for tasks to queue
[2026-04-27T22:29:16.697+0000] {logging_mixin.py:190} INFO - [2026-04-27T22:29:16.696+0000] {dagbag.py:588} INFO - Filling up the DagBag from /usr/local/python/3.12.1/lib/python3.12/site-packages/airflow/example_dags/subdags/subdag.py
[2026-04-27T22:29:16.709+0000] {processor.py:927} WARNING - No viable dags retrieved from /usr/local/python/3.12.1/lib/python3.12/site-packages/airflow/example_dags/subdags/subdag.py
[2026-04-27T22:29:16.767+0000] {processor.py:208} INFO - Processing /usr/local/python/3.12.1/lib/python3.12/site-packages/airflow/example_dags/subdags/subdag.py took 0.101 seconds
[2026-04-27T22:30:34.342+0000] {processor.py:186} INFO - Started process (PID=11193) to work on /usr/local/python/3.12.1/lib/python3.12/site-packages/airflow/example_dags/subdags/subdag.py
[2026-04-27T22:30:34.342+0000] {processor.py:914} INFO - Processing file /usr/local/python/3.12.1/lib/python3.12/site-packages/airflow/example_dags/subdags/subdag.py for tasks to queue
[2026-04-27T22:30:34.344+0000] {logging_mixin.py:190} INFO - [2026-04-27T22:30:34.344+0000] {dagbag.py:588} INFO - Filling up the DagBag from /usr/local/python/3.12.1/lib/python3.12/site-packages/airflow/example_dags/subdags/subdag.py
[2026-04-27T22:30:34.346+0000] {processor.py:927} WARNING - No viable dags retrieved from /usr/local/python/3.12.1/lib/python3.12/site-packages/airflow/example_dags/subdags/subdag.py
[2026-04-27T22:30:34.354+0000] {processor.py:208} INFO - Processing /usr/local/python/3.12.1/lib/python3.12/site-packages/airflow/example_dags/subdags/subdag.py took 0.017 seconds
[2026-04-27T22:31:54.922+0000] {processor.py:186} INFO - Started process (PID=12349) to work on /usr/local/python/3.12.1/lib/python3.12/site-packages/airflow/example_dags/subdags/subdag.py
[2026-04-27T22:31:54.923+0000] {processor.py:914} INFO - Processing file /usr/local/python/3.12.1/lib/python3.12/site-packages/airflow/example_dags/subdags/subdag.py for tasks to queue
[2026-04-27T22:31:54.925+0000] {logging_mixin.py:190} INFO - [2026-04-27T22:31:54.924+0000] {dagbag.py:588} INFO - Filling up the DagBag from /usr/local/python/3.12.1/lib/python3.12/site-packages/airflow/example_dags/subdags/subdag.py
[2026-04-27T22:31:54.926+0000] {processor.py:927} WARNING - No viable dags retrieved from /usr/local/python/3.12.1/lib/python3.12/site-packages/airflow/example_dags/subdags/subdag.py
[2026-04-27T22:31:54.935+0000] {processor.py:208} INFO - Processing /usr/local/python/3.12.1/lib/python3.12/site-packages/airflow/example_dags/subdags/subdag.py took 0.018 seconds
[2026-04-27T22:33:11.319+0000] {processor.py:186} INFO - Started process (PID=13199) to work on /usr/local/python/3.12.1/lib/python3.12/site-packages/airflow/example_dags/subdags/subdag.py
[2026-04-27T22:33:11.327+0000] {processor.py:914} INFO - Processing file /usr/local/python/3.12.1/lib/python3.12/site-packages/airflow/example_dags/subdags/subdag.py for tasks to queue
[2026-04-27T22:33:11.336+0000] {logging_mixin.py:190} INFO - [2026-04-27T22:33:11.333+0000] {dagbag.py:588} INFO - Filling up the DagBag from /usr/local/python/3.12.1/lib/python3.12/site-packages/airflow/example_dags/subdags/subdag.py
[2026-04-27T22:33:11.343+0000] {processor.py:927} WARNING - No viable dags retrieved from /usr/local/python/3.12.1/lib/python3.12/site-packages/airflow/example_dags/subdags/subdag.py
[2026-04-27T22:33:11.364+0000] {processor.py:208} INFO - Processing /usr/local/python/3.12.1/lib/python3.12/site-packages/airflow/example_dags/subdags/subdag.py took 0.073 seconds
[2026-04-27T22:34:35.307+0000] {processor.py:186} INFO - Started process (PID=14090) to work on /usr/local/python/3.12.1/lib/python3.12/site-packages/airflow/example_dags/subdags/subdag.py
[2026-04-27T22:34:35.308+0000] {processor.py:914} INFO - Processing file /usr/local/python/3.12.1/lib/python3.12/site-packages/airflow/example_dags/subdags/subdag.py for tasks to queue
[2026-04-27T22:34:35.310+0000] {logging_mixin.py:190} INFO - [2026-04-27T22:34:35.309+0000] {dagbag.py:588} INFO - Filling up the DagBag from /usr/local/python/3.12.1/lib/python3.12/site-packages/airflow/example_dags/subdags/subdag.py
[2026-04-27T22:34:35.311+0000] {processor.py:927} WARNING - No viable dags retrieved from /usr/local/python/3.12.1/lib/python3.12/site-packages/airflow/example_dags/subdags/subdag.py
[2026-04-27T22:34:35.320+0000] {processor.py:208} INFO - Processing /usr/local/python/3.12.1/lib/python3.12/site-packages/airflow/example_dags/subdags/subdag.py took 0.018 seconds
[2026-04-27T22:35:54.938+0000] {processor.py:186} INFO - Started process (PID=15101) to work on /usr/local/python/3.12.1/lib/python3.12/site-packages/airflow/example_dags/subdags/subdag.py
[2026-04-27T22:35:54.939+0000] {processor.py:914} INFO - Processing file /usr/local/python/3.12.1/lib/python3.12/site-packages/airflow/example_dags/subdags/subdag.py for tasks to queue
[2026-04-27T22:35:54.940+0000] {logging_mixin.py:190} INFO - [2026-04-27T22:35:54.940+0000] {dagbag.py:588} INFO - Filling up the DagBag from /usr/local/python/3.12.1/lib/python3.12/site-packages/airflow/example_dags/subdags/subdag.py
[2026-04-27T22:35:54.942+0000] {processor.py:927} WARNING - No viable dags retrieved from /usr/local/python/3.12.1/lib/python3.12/site-packages/airflow/example_dags/subdags/subdag.py
[2026-04-27T22:35:54.950+0000] {processor.py:208} INFO - Processing /usr/local/python/3.12.1/lib/python3.12/site-packages/airflow/example_dags/subdags/subdag.py took 0.016 seconds
[2026-04-27T22:37:10.208+0000] {processor.py:186} INFO - Started process (PID=15952) to work on /usr/local/python/3.12.1/lib/python3.12/site-packages/airflow/example_dags/subdags/subdag.py
[2026-04-27T22:37:10.209+0000] {processor.py:914} INFO - Processing file /usr/local/python/3.12.1/lib/python3.12/site-packages/airflow/example_dags/subdags/subdag.py for tasks to queue
[2026-04-27T22:37:10.212+0000] {logging_mixin.py:190} INFO - [2026-04-27T22:37:10.211+0000] {dagbag.py:588} INFO - Filling up the DagBag from /usr/local/python/3.12.1/lib/python3.12/site-packages/airflow/example_dags/subdags/subdag.py
[2026-04-27T22:37:10.214+0000] {processor.py:927} WARNING - No viable dags retrieved from /usr/local/python/3.12.1/lib/python3.12/site-packages/airflow/example_dags/subdags/subdag.py
[2026-04-27T22:37:10.226+0000] {processor.py:208} INFO - Processing /usr/local/python/3.12.1/lib/python3.12/site-packages/airflow/example_dags/subdags/subdag.py took 0.023 seconds
[2026-04-27T22:38:28.669+0000] {processor.py:186} INFO - Started process (PID=16740) to work on /usr/local/python/3.12.1/lib/python3.12/site-packages/airflow/example_dags/subdags/subdag.py
[2026-04-27T22:38:28.670+0000] {processor.py:914} INFO - Processing file /usr/local/python/3.12.1/lib/python3.12/site-packages/airflow/example_dags/subdags/subdag.py for tasks to queue
[2026-04-27T22:38:28.672+0000] {logging_mixin.py:190} INFO - [2026-04-27T22:38:28.672+0000] {dagbag.py:588} INFO - Filling up the DagBag from /usr/local/python/3.12.1/lib/python3.12/site-packages/airflow/example_dags/subdags/subdag.py
[2026-04-27T22:38:28.674+0000] {processor.py:927} WARNING - No viable dags retrieved from /usr/local/python/3.12.1/lib/python3.12/site-packages/airflow/example_dags/subdags/subdag.py
[2026-04-27T22:38:28.683+0000] {processor.py:208} INFO - Processing /usr/local/python/3.12.1/lib/python3.12/site-packages/airflow/example_dags/subdags/subdag.py took 0.018 seconds
[2026-04-27T22:39:51.198+0000] {processor.py:186} INFO - Started process (PID=17669) to work on /usr/local/python/3.12.1/lib/python3.12/site-packages/airflow/example_dags/subdags/subdag.py
[2026-04-27T22:39:51.199+0000] {processor.py:914} INFO - Processing file /usr/local/python/3.12.1/lib/python3.12/site-packages/airflow/example_dags/subdags/subdag.py for tasks to queue
[2026-04-27T22:39:51.201+0000] {logging_mixin.py:190} INFO - [2026-04-27T22:39:51.201+0000] {dagbag.py:588} INFO - Filling up the DagBag from /usr/local/python/3.12.1/lib/python3.12/site-packages/airflow/example_dags/subdags/subdag.py
[2026-04-27T22:39:51.203+0000] {processor.py:927} WARNING - No viable dags retrieved from /usr/local/python/3.12.1/lib/python3.12/site-packages/airflow/example_dags/subdags/subdag.py
[2026-04-27T22:39:51.212+0000] {processor.py:208} INFO - Processing /usr/local/python/3.12.1/lib/python3.12/site-packages/airflow/example_dags/subdags/subdag.py took 0.018 seconds
[2026-04-27T22:41:09.046+0000] {processor.py:186} INFO - Started process (PID=18562) to work on /usr/local/python/3.12.1/lib/python3.12/site-packages/airflow/example_dags/subdags/subdag.py
[2026-04-27T22:41:09.046+0000] {processor.py:914} INFO - Processing file /usr/local/python/3.12.1/lib/python3.12/site-packages/airflow/example_dags/subdags/subdag.py for tasks to queue
[2026-04-27T22:41:09.049+0000] {logging_mixin.py:190} INFO - [2026-04-27T22:41:09.048+0000] {dagbag.py:588} INFO - Filling up the DagBag from /usr/local/python/3.12.1/lib/python3.12/site-packages/airflow/example_dags/subdags/subdag.py
[2026-04-27T22:41:09.051+0000] {processor.py:927} WARNING - No viable dags retrieved from /usr/local/python/3.12.1/lib/python3.12/site-packages/airflow/example_dags/subdags/subdag.py
[2026-04-27T22:41:09.063+0000] {processor.py:208} INFO - Processing /usr/local/python/3.12.1/lib/python3.12/site-packages/airflow/example_dags/subdags/subdag.py took 0.021 seconds
[2026-04-27T22:42:27.742+0000] {processor.py:186} INFO - Started process (PID=19362) to work on /usr/local/python/3.12.1/lib/python3.12/site-packages/airflow/example_dags/subdags/subdag.py
[2026-04-27T22:42:27.742+0000] {processor.py:914} INFO - Processing file /usr/local/python/3.12.1/lib/python3.12/site-packages/airflow/example_dags/subdags/subdag.py for tasks to queue
[2026-04-27T22:42:27.744+0000] {logging_mixin.py:190} INFO - [2026-04-27T22:42:27.744+0000] {dagbag.py:588} INFO - Filling up the DagBag from /usr/local/python/3.12.1/lib/python3.12/site-packages/airflow/example_dags/subdags/subdag.py
[2026-04-27T22:42:27.746+0000] {processor.py:927} WARNING - No viable dags retrieved from /usr/local/python/3.12.1/lib/python3.12/site-packages/airflow/example_dags/subdags/subdag.py
[2026-04-27T22:42:27.754+0000] {processor.py:208} INFO - Processing /usr/local/python/3.12.1/lib/python3.12/site-packages/airflow/example_dags/subdags/subdag.py took 0.017 seconds
[2026-04-27T22:43:46.923+0000] {processor.py:186} INFO - Started process (PID=20300) to work on /usr/local/python/3.12.1/lib/python3.12/site-packages/airflow/example_dags/subdags/subdag.py
[2026-04-27T22:43:46.924+0000] {processor.py:914} INFO - Processing file /usr/local/python/3.12.1/lib/python3.12/site-packages/airflow/example_dags/subdags/subdag.py for tasks to queue
[2026-04-27T22:43:46.927+0000] {logging_mixin.py:190} INFO - [2026-04-27T22:43:46.926+0000] {dagbag.py:588} INFO - Filling up the DagBag from /usr/local/python/3.12.1/lib/python3.12/site-packages/airflow/example_dags/subdags/subdag.py
[2026-04-27T22:43:46.929+0000] {processor.py:927} WARNING - No viable dags retrieved from /usr/local/python/3.12.1/lib/python3.12/site-packages/airflow/example_dags/subdags/subdag.py
[2026-04-27T22:43:46.937+0000] {processor.py:208} INFO - Processing /usr/local/python/3.12.1/lib/python3.12/site-packages/airflow/example_dags/subdags/subdag.py took 0.018 seconds
[2026-04-27T22:45:05.258+0000] {processor.py:186} INFO - Started process (PID=21212) to work on /usr/local/python/3.12.1/lib/python3.12/site-packages/airflow/example_dags/subdags/subdag.py
[2026-04-27T22:45:05.259+0000] {processor.py:914} INFO - Processing file /usr/local/python/3.12.1/lib/python3.12/site-packages/airflow/example_dags/subdags/subdag.py for tasks to queue
[2026-04-27T22:45:05.261+0000] {logging_mixin.py:190} INFO - [2026-04-27T22:45:05.260+0000] {dagbag.py:588} INFO - Filling up the DagBag from /usr/local/python/3.12.1/lib/python3.12/site-packages/airflow/example_dags/subdags/subdag.py
[2026-04-27T22:45:05.262+0000] {processor.py:927} WARNING - No viable dags retrieved from /usr/local/python/3.12.1/lib/python3.12/site-packages/airflow/example_dags/subdags/subdag.py
[2026-04-27T22:45:05.271+0000] {processor.py:208} INFO - Processing /usr/local/python/3.12.1/lib/python3.12/site-packages/airflow/example_dags/subdags/subdag.py took 0.017 seconds
[2026-04-27T22:46:27.535+0000] {processor.py:186} INFO - Started process (PID=22033) to work on /usr/local/python/3.12.1/lib/python3.12/site-packages/airflow/example_dags/subdags/subdag.py
[2026-04-27T22:46:27.536+0000] {processor.py:914} INFO - Processing file /usr/local/python/3.12.1/lib/python3.12/site-packages/airflow/example_dags/subdags/subdag.py for tasks to queue
[2026-04-27T22:46:27.539+0000] {logging_mixin.py:190} INFO - [2026-04-27T22:46:27.538+0000] {dagbag.py:588} INFO - Filling up the DagBag from /usr/local/python/3.12.1/lib/python3.12/site-packages/airflow/example_dags/subdags/subdag.py
[2026-04-27T22:46:27.541+0000] {processor.py:927} WARNING - No viable dags retrieved from /usr/local/python/3.12.1/lib/python3.12/site-packages/airflow/example_dags/subdags/subdag.py
[2026-04-27T22:46:27.552+0000] {processor.py:208} INFO - Processing /usr/local/python/3.12.1/lib/python3.12/site-packages/airflow/example_dags/subdags/subdag.py took 0.021 seconds
[2026-04-27T22:47:46.281+0000] {processor.py:186} INFO - Started process (PID=22922) to work on /usr/local/python/3.12.1/lib/python3.12/site-packages/airflow/example_dags/subdags/subdag.py
[2026-04-27T22:47:46.282+0000] {processor.py:914} INFO - Processing file /usr/local/python/3.12.1/lib/python3.12/site-packages/airflow/example_dags/subdags/subdag.py for tasks to queue
[2026-04-27T22:47:46.284+0000] {logging_mixin.py:190} INFO - [2026-04-27T22:47:46.283+0000] {dagbag.py:588} INFO - Filling up the DagBag from /usr/local/python/3.12.1/lib/python3.12/site-packages/airflow/example_dags/subdags/subdag.py
[2026-04-27T22:47:46.286+0000] {processor.py:927} WARNING - No viable dags retrieved from /usr/local/python/3.12.1/lib/python3.12/site-packages/airflow/example_dags/subdags/subdag.py
[2026-04-27T22:47:46.295+0000] {processor.py:208} INFO - Processing /usr/local/python/3.12.1/lib/python3.12/site-packages/airflow/example_dags/subdags/subdag.py took 0.018 seconds
[2026-04-27T22:49:03.356+0000] {processor.py:186} INFO - Started process (PID=23705) to work on /usr/local/python/3.12.1/lib/python3.12/site-packages/airflow/example_dags/subdags/subdag.py
[2026-04-27T22:49:03.357+0000] {processor.py:914} INFO - Processing file /usr/local/python/3.12.1/lib/python3.12/site-packages/airflow/example_dags/subdags/subdag.py for tasks to queue
[2026-04-27T22:49:03.359+0000] {logging_mixin.py:190} INFO - [2026-04-27T22:49:03.358+0000] {dagbag.py:588} INFO - Filling up the DagBag from /usr/local/python/3.12.1/lib/python3.12/site-packages/airflow/example_dags/subdags/subdag.py
[2026-04-27T22:49:03.360+0000] {processor.py:927} WARNING - No viable dags retrieved from /usr/local/python/3.12.1/lib/python3.12/site-packages/airflow/example_dags/subdags/subdag.py
[2026-04-27T22:49:03.368+0000] {processor.py:208} INFO - Processing /usr/local/python/3.12.1/lib/python3.12/site-packages/airflow/example_dags/subdags/subdag.py took 0.017 seconds
[2026-04-27T22:49:47.113+0000] {processor.py:186} INFO - Started process (PID=24153) to work on /usr/local/python/3.12.1/lib/python3.12/site-packages/airflow/example_dags/subdags/subdag.py
[2026-04-27T22:49:47.114+0000] {processor.py:914} INFO - Processing file /usr/local/python/3.12.1/lib/python3.12/site-packages/airflow/example_dags/subdags/subdag.py for tasks to queue
[2026-04-27T22:49:47.116+0000] {logging_mixin.py:190} INFO - [2026-04-27T22:49:47.116+0000] {dagbag.py:588} INFO - Filling up the DagBag from /usr/local/python/3.12.1/lib/python3.12/site-packages/airflow/example_dags/subdags/subdag.py
[2026-04-27T22:49:47.118+0000] {processor.py:927} WARNING - No viable dags retrieved from /usr/local/python/3.12.1/lib/python3.12/site-packages/airflow/example_dags/subdags/subdag.py
[2026-04-27T22:49:47.126+0000] {processor.py:208} INFO - Processing /usr/local/python/3.12.1/lib/python3.12/site-packages/airflow/example_dags/subdags/subdag.py took 0.017 seconds
[2026-04-27T22:51:01.772+0000] {processor.py:186} INFO - Started process (PID=25043) to work on /usr/local/python/3.12.1/lib/python3.12/site-packages/airflow/example_dags/subdags/subdag.py
[2026-04-27T22:51:01.773+0000] {processor.py:914} INFO - Processing file /usr/local/python/3.12.1/lib/python3.12/site-packages/airflow/example_dags/subdags/subdag.py for tasks to queue
[2026-04-27T22:51:01.774+0000] {logging_mixin.py:190} INFO - [2026-04-27T22:51:01.774+0000] {dagbag.py:588} INFO - Filling up the DagBag from /usr/local/python/3.12.1/lib/python3.12/site-packages/airflow/example_dags/subdags/subdag.py
[2026-04-27T22:51:01.776+0000] {processor.py:927} WARNING - No viable dags retrieved from /usr/local/python/3.12.1/lib/python3.12/site-packages/airflow/example_dags/subdags/subdag.py
[2026-04-27T22:51:01.785+0000] {processor.py:208} INFO - Processing /usr/local/python/3.12.1/lib/python3.12/site-packages/airflow/example_dags/subdags/subdag.py took 0.018 seconds
[2026-04-27T22:52:19.105+0000] {processor.py:186} INFO - Started process (PID=25829) to work on /usr/local/python/3.12.1/lib/python3.12/site-packages/airflow/example_dags/subdags/subdag.py
[2026-04-27T22:52:19.105+0000] {processor.py:914} INFO - Processing file /usr/local/python/3.12.1/lib/python3.12/site-packages/airflow/example_dags/subdags/subdag.py for tasks to queue
[2026-04-27T22:52:19.107+0000] {logging_mixin.py:190} INFO - [2026-04-27T22:52:19.107+0000] {dagbag.py:588} INFO - Filling up the DagBag from /usr/local/python/3.12.1/lib/python3.12/site-packages/airflow/example_dags/subdags/subdag.py
[2026-04-27T22:52:19.109+0000] {processor.py:927} WARNING - No viable dags retrieved from /usr/local/python/3.12.1/lib/python3.12/site-packages/airflow/example_dags/subdags/subdag.py
[2026-04-27T22:52:19.118+0000] {processor.py:208} INFO - Processing /usr/local/python/3.12.1/lib/python3.12/site-packages/airflow/example_dags/subdags/subdag.py took 0.017 seconds
[2026-04-27T22:53:41.757+0000] {processor.py:186} INFO - Started process (PID=26770) to work on /usr/local/python/3.12.1/lib/python3.12/site-packages/airflow/example_dags/subdags/subdag.py
[2026-04-27T22:53:41.761+0000] {processor.py:914} INFO - Processing file /usr/local/python/3.12.1/lib/python3.12/site-packages/airflow/example_dags/subdags/subdag.py for tasks to queue
[2026-04-27T22:53:41.764+0000] {logging_mixin.py:190} INFO - [2026-04-27T22:53:41.763+0000] {dagbag.py:588} INFO - Filling up the DagBag from /usr/local/python/3.12.1/lib/python3.12/site-packages/airflow/example_dags/subdags/subdag.py
[2026-04-27T22:53:41.767+0000] {processor.py:927} WARNING - No viable dags retrieved from /usr/local/python/3.12.1/lib/python3.12/site-packages/airflow/example_dags/subdags/subdag.py
[2026-04-27T22:53:41.775+0000] {processor.py:208} INFO - Processing /usr/local/python/3.12.1/lib/python3.12/site-packages/airflow/example_dags/subdags/subdag.py took 0.031 seconds
[2026-04-27T22:55:00.210+0000] {processor.py:186} INFO - Started process (PID=27629) to work on /usr/local/python/3.12.1/lib/python3.12/site-packages/airflow/example_dags/subdags/subdag.py
[2026-04-27T22:55:00.211+0000] {processor.py:914} INFO - Processing file /usr/local/python/3.12.1/lib/python3.12/site-packages/airflow/example_dags/subdags/subdag.py for tasks to queue
[2026-04-27T22:55:00.213+0000] {logging_mixin.py:190} INFO - [2026-04-27T22:55:00.213+0000] {dagbag.py:588} INFO - Filling up the DagBag from /usr/local/python/3.12.1/lib/python3.12/site-packages/airflow/example_dags/subdags/subdag.py
[2026-04-27T22:55:00.215+0000] {processor.py:927} WARNING - No viable dags retrieved from /usr/local/python/3.12.1/lib/python3.12/site-packages/airflow/example_dags/subdags/subdag.py
[2026-04-27T22:55:00.223+0000] {processor.py:208} INFO - Processing /usr/local/python/3.12.1/lib/python3.12/site-packages/airflow/example_dags/subdags/subdag.py took 0.017 seconds
[2026-04-27T22:56:21.046+0000] {processor.py:186} INFO - Started process (PID=28491) to work on /usr/local/python/3.12.1/lib/python3.12/site-packages/airflow/example_dags/subdags/subdag.py
[2026-04-27T22:56:21.047+0000] {processor.py:914} INFO - Processing file /usr/local/python/3.12.1/lib/python3.12/site-packages/airflow/example_dags/subdags/subdag.py for tasks to queue
[2026-04-27T22:56:21.049+0000] {logging_mixin.py:190} INFO - [2026-04-27T22:56:21.048+0000] {dagbag.py:588} INFO - Filling up the DagBag from /usr/local/python/3.12.1/lib/python3.12/site-packages/airflow/example_dags/subdags/subdag.py
[2026-04-27T22:56:21.050+0000] {processor.py:927} WARNING - No viable dags retrieved from /usr/local/python/3.12.1/lib/python3.12/site-packages/airflow/example_dags/subdags/subdag.py
[2026-04-27T22:56:21.058+0000] {processor.py:208} INFO - Processing /usr/local/python/3.12.1/lib/python3.12/site-packages/airflow/example_dags/subdags/subdag.py took 0.016 seconds
[2026-04-27T22:57:42.484+0000] {processor.py:186} INFO - Started process (PID=29420) to work on /usr/local/python/3.12.1/lib/python3.12/site-packages/airflow/example_dags/subdags/subdag.py
[2026-04-27T22:57:42.485+0000] {processor.py:914} INFO - Processing file /usr/local/python/3.12.1/lib/python3.12/site-packages/airflow/example_dags/subdags/subdag.py for tasks to queue
[2026-04-27T22:57:42.487+0000] {logging_mixin.py:190} INFO - [2026-04-27T22:57:42.486+0000] {dagbag.py:588} INFO - Filling up the DagBag from /usr/local/python/3.12.1/lib/python3.12/site-packages/airflow/example_dags/subdags/subdag.py
[2026-04-27T22:57:42.488+0000] {processor.py:927} WARNING - No viable dags retrieved from /usr/local/python/3.12.1/lib/python3.12/site-packages/airflow/example_dags/subdags/subdag.py
[2026-04-27T22:57:42.497+0000] {processor.py:208} INFO - Processing /usr/local/python/3.12.1/lib/python3.12/site-packages/airflow/example_dags/subdags/subdag.py took 0.017 seconds
[2026-04-27T22:59:02.473+0000] {processor.py:186} INFO - Started process (PID=30277) to work on /usr/local/python/3.12.1/lib/python3.12/site-packages/airflow/example_dags/subdags/subdag.py
[2026-04-27T22:59:02.474+0000] {processor.py:914} INFO - Processing file /usr/local/python/3.12.1/lib/python3.12/site-packages/airflow/example_dags/subdags/subdag.py for tasks to queue
[2026-04-27T22:59:02.476+0000] {logging_mixin.py:190} INFO - [2026-04-27T22:59:02.475+0000] {dagbag.py:588} INFO - Filling up the DagBag from /usr/local/python/3.12.1/lib/python3.12/site-packages/airflow/example_dags/subdags/subdag.py
[2026-04-27T22:59:02.477+0000] {processor.py:927} WARNING - No viable dags retrieved from /usr/local/python/3.12.1/lib/python3.12/site-packages/airflow/example_dags/subdags/subdag.py
[2026-04-27T22:59:02.486+0000] {processor.py:208} INFO - Processing /usr/local/python/3.12.1/lib/python3.12/site-packages/airflow/example_dags/subdags/subdag.py took 0.017 seconds
[2026-04-27T23:00:22.026+0000] {processor.py:186} INFO - Started process (PID=31137) to work on /usr/local/python/3.12.1/lib/python3.12/site-packages/airflow/example_dags/subdags/subdag.py
[2026-04-27T23:00:22.026+0000] {processor.py:914} INFO - Processing file /usr/local/python/3.12.1/lib/python3.12/site-packages/airflow/example_dags/subdags/subdag.py for tasks to queue
[2026-04-27T23:00:22.028+0000] {logging_mixin.py:190} INFO - [2026-04-27T23:00:22.028+0000] {dagbag.py:588} INFO - Filling up the DagBag from /usr/local/python/3.12.1/lib/python3.12/site-packages/airflow/example_dags/subdags/subdag.py
[2026-04-27T23:00:22.030+0000] {processor.py:927} WARNING - No viable dags retrieved from /usr/local/python/3.12.1/lib/python3.12/site-packages/airflow/example_dags/subdags/subdag.py
[2026-04-27T23:00:22.038+0000] {processor.py:208} INFO - Processing /usr/local/python/3.12.1/lib/python3.12/site-packages/airflow/example_dags/subdags/subdag.py took 0.017 seconds
[2026-04-27T23:01:45.489+0000] {processor.py:186} INFO - Started process (PID=32078) to work on /usr/local/python/3.12.1/lib/python3.12/site-packages/airflow/example_dags/subdags/subdag.py
[2026-04-27T23:01:45.490+0000] {processor.py:914} INFO - Processing file /usr/local/python/3.12.1/lib/python3.12/site-packages/airflow/example_dags/subdags/subdag.py for tasks to queue
[2026-04-27T23:01:45.492+0000] {logging_mixin.py:190} INFO - [2026-04-27T23:01:45.491+0000] {dagbag.py:588} INFO - Filling up the DagBag from /usr/local/python/3.12.1/lib/python3.12/site-packages/airflow/example_dags/subdags/subdag.py
[2026-04-27T23:01:45.494+0000] {processor.py:927} WARNING - No viable dags retrieved from /usr/local/python/3.12.1/lib/python3.12/site-packages/airflow/example_dags/subdags/subdag.py
[2026-04-27T23:01:45.502+0000] {processor.py:208} INFO - Processing /usr/local/python/3.12.1/lib/python3.12/site-packages/airflow/example_dags/subdags/subdag.py took 0.017 seconds
[2026-04-27T23:03:06.803+0000] {processor.py:186} INFO - Started process (PID=32949) to work on /usr/local/python/3.12.1/lib/python3.12/site-packages/airflow/example_dags/subdags/subdag.py
[2026-04-27T23:03:06.804+0000] {processor.py:914} INFO - Processing file /usr/local/python/3.12.1/lib/python3.12/site-packages/airflow/example_dags/subdags/subdag.py for tasks to queue
[2026-04-27T23:03:06.806+0000] {logging_mixin.py:190} INFO - [2026-04-27T23:03:06.805+0000] {dagbag.py:588} INFO - Filling up the DagBag from /usr/local/python/3.12.1/lib/python3.12/site-packages/airflow/example_dags/subdags/subdag.py
[2026-04-27T23:03:06.808+0000] {processor.py:927} WARNING - No viable dags retrieved from /usr/local/python/3.12.1/lib/python3.12/site-packages/airflow/example_dags/subdags/subdag.py
[2026-04-27T23:03:06.817+0000] {processor.py:208} INFO - Processing /usr/local/python/3.12.1/lib/python3.12/site-packages/airflow/example_dags/subdags/subdag.py took 0.018 seconds
[2026-04-27T23:04:25.101+0000] {processor.py:186} INFO - Started process (PID=33738) to work on /usr/local/python/3.12.1/lib/python3.12/site-packages/airflow/example_dags/subdags/subdag.py
[2026-04-27T23:04:25.102+0000] {processor.py:914} INFO - Processing file /usr/local/python/3.12.1/lib/python3.12/site-packages/airflow/example_dags/subdags/subdag.py for tasks to queue
[2026-04-27T23:04:25.103+0000] {logging_mixin.py:190} INFO - [2026-04-27T23:04:25.103+0000] {dagbag.py:588} INFO - Filling up the DagBag from /usr/local/python/3.12.1/lib/python3.12/site-packages/airflow/example_dags/subdags/subdag.py
[2026-04-27T23:04:25.105+0000] {processor.py:927} WARNING - No viable dags retrieved from /usr/local/python/3.12.1/lib/python3.12/site-packages/airflow/example_dags/subdags/subdag.py
[2026-04-27T23:04:25.115+0000] {processor.py:208} INFO - Processing /usr/local/python/3.12.1/lib/python3.12/site-packages/airflow/example_dags/subdags/subdag.py took 0.018 seconds
[2026-04-27T23:05:47.807+0000] {processor.py:186} INFO - Started process (PID=34736) to work on /usr/local/python/3.12.1/lib/python3.12/site-packages/airflow/example_dags/subdags/subdag.py
[2026-04-27T23:05:47.807+0000] {processor.py:914} INFO - Processing file /usr/local/python/3.12.1/lib/python3.12/site-packages/airflow/example_dags/subdags/subdag.py for tasks to queue
[2026-04-27T23:05:47.810+0000] {logging_mixin.py:190} INFO - [2026-04-27T23:05:47.810+0000] {dagbag.py:588} INFO - Filling up the DagBag from /usr/local/python/3.12.1/lib/python3.12/site-packages/airflow/example_dags/subdags/subdag.py
[2026-04-27T23:05:47.812+0000] {processor.py:927} WARNING - No viable dags retrieved from /usr/local/python/3.12.1/lib/python3.12/site-packages/airflow/example_dags/subdags/subdag.py
[2026-04-27T23:05:47.826+0000] {processor.py:208} INFO - Processing /usr/local/python/3.12.1/lib/python3.12/site-packages/airflow/example_dags/subdags/subdag.py took 0.026 seconds
[2026-04-27T23:07:10.223+0000] {processor.py:186} INFO - Started process (PID=35610) to work on /usr/local/python/3.12.1/lib/python3.12/site-packages/airflow/example_dags/subdags/subdag.py
[2026-04-27T23:07:10.224+0000] {processor.py:914} INFO - Processing file /usr/local/python/3.12.1/lib/python3.12/site-packages/airflow/example_dags/subdags/subdag.py for tasks to queue
[2026-04-27T23:07:10.225+0000] {logging_mixin.py:190} INFO - [2026-04-27T23:07:10.225+0000] {dagbag.py:588} INFO - Filling up the DagBag from /usr/local/python/3.12.1/lib/python3.12/site-packages/airflow/example_dags/subdags/subdag.py
[2026-04-27T23:07:10.227+0000] {processor.py:927} WARNING - No viable dags retrieved from /usr/local/python/3.12.1/lib/python3.12/site-packages/airflow/example_dags/subdags/subdag.py
[2026-04-27T23:07:10.236+0000] {processor.py:208} INFO - Processing /usr/local/python/3.12.1/lib/python3.12/site-packages/airflow/example_dags/subdags/subdag.py took 0.017 seconds
[2026-04-27T23:08:31.527+0000] {processor.py:186} INFO - Started process (PID=36417) to work on /usr/local/python/3.12.1/lib/python3.12/site-packages/airflow/example_dags/subdags/subdag.py
[2026-04-27T23:08:31.528+0000] {processor.py:914} INFO - Processing file /usr/local/python/3.12.1/lib/python3.12/site-packages/airflow/example_dags/subdags/subdag.py for tasks to queue
[2026-04-27T23:08:31.529+0000] {logging_mixin.py:190} INFO - [2026-04-27T23:08:31.529+0000] {dagbag.py:588} INFO - Filling up the DagBag from /usr/local/python/3.12.1/lib/python3.12/site-packages/airflow/example_dags/subdags/subdag.py
[2026-04-27T23:08:31.531+0000] {processor.py:927} WARNING - No viable dags retrieved from /usr/local/python/3.12.1/lib/python3.12/site-packages/airflow/example_dags/subdags/subdag.py
[2026-04-27T23:08:31.539+0000] {processor.py:208} INFO - Processing /usr/local/python/3.12.1/lib/python3.12/site-packages/airflow/example_dags/subdags/subdag.py took 0.017 seconds
[2026-04-27T23:09:51.090+0000] {processor.py:186} INFO - Started process (PID=37337) to work on /usr/local/python/3.12.1/lib/python3.12/site-packages/airflow/example_dags/subdags/subdag.py
[2026-04-27T23:09:51.091+0000] {processor.py:914} INFO - Processing file /usr/local/python/3.12.1/lib/python3.12/site-packages/airflow/example_dags/subdags/subdag.py for tasks to queue
[2026-04-27T23:09:51.092+0000] {logging_mixin.py:190} INFO - [2026-04-27T23:09:51.092+0000] {dagbag.py:588} INFO - Filling up the DagBag from /usr/local/python/3.12.1/lib/python3.12/site-packages/airflow/example_dags/subdags/subdag.py
[2026-04-27T23:09:51.094+0000] {processor.py:927} WARNING - No viable dags retrieved from /usr/local/python/3.12.1/lib/python3.12/site-packages/airflow/example_dags/subdags/subdag.py
[2026-04-27T23:09:51.105+0000] {processor.py:208} INFO - Processing /usr/local/python/3.12.1/lib/python3.12/site-packages/airflow/example_dags/subdags/subdag.py took 0.020 seconds
[2026-04-27T23:11:09.760+0000] {processor.py:186} INFO - Started process (PID=38233) to work on /usr/local/python/3.12.1/lib/python3.12/site-packages/airflow/example_dags/subdags/subdag.py
[2026-04-27T23:11:09.761+0000] {processor.py:914} INFO - Processing file /usr/local/python/3.12.1/lib/python3.12/site-packages/airflow/example_dags/subdags/subdag.py for tasks to queue
[2026-04-27T23:11:09.762+0000] {logging_mixin.py:190} INFO - [2026-04-27T23:11:09.762+0000] {dagbag.py:588} INFO - Filling up the DagBag from /usr/local/python/3.12.1/lib/python3.12/site-packages/airflow/example_dags/subdags/subdag.py
[2026-04-27T23:11:09.764+0000] {processor.py:927} WARNING - No viable dags retrieved from /usr/local/python/3.12.1/lib/python3.12/site-packages/airflow/example_dags/subdags/subdag.py
[2026-04-27T23:11:09.772+0000] {processor.py:208} INFO - Processing /usr/local/python/3.12.1/lib/python3.12/site-packages/airflow/example_dags/subdags/subdag.py took 0.016 seconds
[2026-04-27T23:12:30.738+0000] {processor.py:186} INFO - Started process (PID=39040) to work on /usr/local/python/3.12.1/lib/python3.12/site-packages/airflow/example_dags/subdags/subdag.py
[2026-04-27T23:12:30.738+0000] {processor.py:914} INFO - Processing file /usr/local/python/3.12.1/lib/python3.12/site-packages/airflow/example_dags/subdags/subdag.py for tasks to queue
[2026-04-27T23:12:30.740+0000] {logging_mixin.py:190} INFO - [2026-04-27T23:12:30.740+0000] {dagbag.py:588} INFO - Filling up the DagBag from /usr/local/python/3.12.1/lib/python3.12/site-packages/airflow/example_dags/subdags/subdag.py
[2026-04-27T23:12:30.742+0000] {processor.py:927} WARNING - No viable dags retrieved from /usr/local/python/3.12.1/lib/python3.12/site-packages/airflow/example_dags/subdags/subdag.py
[2026-04-27T23:12:30.753+0000] {processor.py:208} INFO - Processing /usr/local/python/3.12.1/lib/python3.12/site-packages/airflow/example_dags/subdags/subdag.py took 0.020 seconds
[2026-04-27T23:13:51.189+0000] {processor.py:186} INFO - Started process (PID=39960) to work on /usr/local/python/3.12.1/lib/python3.12/site-packages/airflow/example_dags/subdags/subdag.py
[2026-04-27T23:13:51.190+0000] {processor.py:914} INFO - Processing file /usr/local/python/3.12.1/lib/python3.12/site-packages/airflow/example_dags/subdags/subdag.py for tasks to queue
[2026-04-27T23:13:51.192+0000] {logging_mixin.py:190} INFO - [2026-04-27T23:13:51.192+0000] {dagbag.py:588} INFO - Filling up the DagBag from /usr/local/python/3.12.1/lib/python3.12/site-packages/airflow/example_dags/subdags/subdag.py
[2026-04-27T23:13:51.194+0000] {processor.py:927} WARNING - No viable dags retrieved from /usr/local/python/3.12.1/lib/python3.12/site-packages/airflow/example_dags/subdags/subdag.py
[2026-04-27T23:13:51.202+0000] {processor.py:208} INFO - Processing /usr/local/python/3.12.1/lib/python3.12/site-packages/airflow/example_dags/subdags/subdag.py took 0.019 seconds
[2026-04-27T23:15:08.501+0000] {processor.py:186} INFO - Started process (PID=40871) to work on /usr/local/python/3.12.1/lib/python3.12/site-packages/airflow/example_dags/subdags/subdag.py
[2026-04-27T23:15:08.502+0000] {processor.py:914} INFO - Processing file /usr/local/python/3.12.1/lib/python3.12/site-packages/airflow/example_dags/subdags/subdag.py for tasks to queue
[2026-04-27T23:15:08.504+0000] {logging_mixin.py:190} INFO - [2026-04-27T23:15:08.503+0000] {dagbag.py:588} INFO - Filling up the DagBag from /usr/local/python/3.12.1/lib/python3.12/site-packages/airflow/example_dags/subdags/subdag.py
[2026-04-27T23:15:08.505+0000] {processor.py:927} WARNING - No viable dags retrieved from /usr/local/python/3.12.1/lib/python3.12/site-packages/airflow/example_dags/subdags/subdag.py
[2026-04-27T23:15:08.514+0000] {processor.py:208} INFO - Processing /usr/local/python/3.12.1/lib/python3.12/site-packages/airflow/example_dags/subdags/subdag.py took 0.017 seconds
[2026-04-27T23:16:30.161+0000] {processor.py:186} INFO - Started process (PID=41678) to work on /usr/local/python/3.12.1/lib/python3.12/site-packages/airflow/example_dags/subdags/subdag.py
[2026-04-27T23:16:30.162+0000] {processor.py:914} INFO - Processing file /usr/local/python/3.12.1/lib/python3.12/site-packages/airflow/example_dags/subdags/subdag.py for tasks to queue
[2026-04-27T23:16:30.164+0000] {logging_mixin.py:190} INFO - [2026-04-27T23:16:30.164+0000] {dagbag.py:588} INFO - Filling up the DagBag from /usr/local/python/3.12.1/lib/python3.12/site-packages/airflow/example_dags/subdags/subdag.py
[2026-04-27T23:16:30.166+0000] {processor.py:927} WARNING - No viable dags retrieved from /usr/local/python/3.12.1/lib/python3.12/site-packages/airflow/example_dags/subdags/subdag.py
[2026-04-27T23:16:30.174+0000] {processor.py:208} INFO - Processing /usr/local/python/3.12.1/lib/python3.12/site-packages/airflow/example_dags/subdags/subdag.py took 0.017 seconds
[2026-04-27T23:17:50.203+0000] {processor.py:186} INFO - Started process (PID=42593) to work on /usr/local/python/3.12.1/lib/python3.12/site-packages/airflow/example_dags/subdags/subdag.py
[2026-04-27T23:17:50.204+0000] {processor.py:914} INFO - Processing file /usr/local/python/3.12.1/lib/python3.12/site-packages/airflow/example_dags/subdags/subdag.py for tasks to queue
[2026-04-27T23:17:50.205+0000] {logging_mixin.py:190} INFO - [2026-04-27T23:17:50.205+0000] {dagbag.py:588} INFO - Filling up the DagBag from /usr/local/python/3.12.1/lib/python3.12/site-packages/airflow/example_dags/subdags/subdag.py
[2026-04-27T23:17:50.207+0000] {processor.py:927} WARNING - No viable dags retrieved from /usr/local/python/3.12.1/lib/python3.12/site-packages/airflow/example_dags/subdags/subdag.py
[2026-04-27T23:17:50.215+0000] {processor.py:208} INFO - Processing /usr/local/python/3.12.1/lib/python3.12/site-packages/airflow/example_dags/subdags/subdag.py took 0.017 seconds
[2026-04-27T23:19:09.515+0000] {processor.py:186} INFO - Started process (PID=43454) to work on /usr/local/python/3.12.1/lib/python3.12/site-packages/airflow/example_dags/subdags/subdag.py
[2026-04-27T23:19:09.516+0000] {processor.py:914} INFO - Processing file /usr/local/python/3.12.1/lib/python3.12/site-packages/airflow/example_dags/subdags/subdag.py for tasks to queue
[2026-04-27T23:19:09.518+0000] {logging_mixin.py:190} INFO - [2026-04-27T23:19:09.518+0000] {dagbag.py:588} INFO - Filling up the DagBag from /usr/local/python/3.12.1/lib/python3.12/site-packages/airflow/example_dags/subdags/subdag.py
[2026-04-27T23:19:09.519+0000] {processor.py:927} WARNING - No viable dags retrieved from /usr/local/python/3.12.1/lib/python3.12/site-packages/airflow/example_dags/subdags/subdag.py
[2026-04-27T23:19:09.528+0000] {processor.py:208} INFO - Processing /usr/local/python/3.12.1/lib/python3.12/site-packages/airflow/example_dags/subdags/subdag.py took 0.017 seconds
[2026-04-27T23:20:30.478+0000] {processor.py:186} INFO - Started process (PID=44310) to work on /usr/local/python/3.12.1/lib/python3.12/site-packages/airflow/example_dags/subdags/subdag.py
[2026-04-27T23:20:30.479+0000] {processor.py:914} INFO - Processing file /usr/local/python/3.12.1/lib/python3.12/site-packages/airflow/example_dags/subdags/subdag.py for tasks to queue
[2026-04-27T23:20:30.480+0000] {logging_mixin.py:190} INFO - [2026-04-27T23:20:30.480+0000] {dagbag.py:588} INFO - Filling up the DagBag from /usr/local/python/3.12.1/lib/python3.12/site-packages/airflow/example_dags/subdags/subdag.py
[2026-04-27T23:20:30.482+0000] {processor.py:927} WARNING - No viable dags retrieved from /usr/local/python/3.12.1/lib/python3.12/site-packages/airflow/example_dags/subdags/subdag.py
[2026-04-27T23:20:30.490+0000] {processor.py:208} INFO - Processing /usr/local/python/3.12.1/lib/python3.12/site-packages/airflow/example_dags/subdags/subdag.py took 0.017 seconds
[2026-04-27T23:21:50.858+0000] {processor.py:186} INFO - Started process (PID=45217) to work on /usr/local/python/3.12.1/lib/python3.12/site-packages/airflow/example_dags/subdags/subdag.py
[2026-04-27T23:21:50.859+0000] {processor.py:914} INFO - Processing file /usr/local/python/3.12.1/lib/python3.12/site-packages/airflow/example_dags/subdags/subdag.py for tasks to queue
[2026-04-27T23:21:50.861+0000] {logging_mixin.py:190} INFO - [2026-04-27T23:21:50.860+0000] {dagbag.py:588} INFO - Filling up the DagBag from /usr/local/python/3.12.1/lib/python3.12/site-packages/airflow/example_dags/subdags/subdag.py
[2026-04-27T23:21:50.863+0000] {processor.py:927} WARNING - No viable dags retrieved from /usr/local/python/3.12.1/lib/python3.12/site-packages/airflow/example_dags/subdags/subdag.py
[2026-04-27T23:21:50.872+0000] {processor.py:208} INFO - Processing /usr/local/python/3.12.1/lib/python3.12/site-packages/airflow/example_dags/subdags/subdag.py took 0.018 seconds
[2026-04-27T23:22:34.376+0000] {processor.py:186} INFO - Started process (PID=45623) to work on /usr/local/python/3.12.1/lib/python3.12/site-packages/airflow/example_dags/subdags/subdag.py
[2026-04-27T23:22:34.377+0000] {processor.py:914} INFO - Processing file /usr/local/python/3.12.1/lib/python3.12/site-packages/airflow/example_dags/subdags/subdag.py for tasks to queue
[2026-04-27T23:22:34.379+0000] {logging_mixin.py:190} INFO - [2026-04-27T23:22:34.379+0000] {dagbag.py:588} INFO - Filling up the DagBag from /usr/local/python/3.12.1/lib/python3.12/site-packages/airflow/example_dags/subdags/subdag.py
[2026-04-27T23:22:34.381+0000] {processor.py:927} WARNING - No viable dags retrieved from /usr/local/python/3.12.1/lib/python3.12/site-packages/airflow/example_dags/subdags/subdag.py
[2026-04-27T23:22:34.389+0000] {processor.py:208} INFO - Processing /usr/local/python/3.12.1/lib/python3.12/site-packages/airflow/example_dags/subdags/subdag.py took 0.018 seconds
[2026-04-27T23:23:59.307+0000] {processor.py:186} INFO - Started process (PID=46590) to work on /usr/local/python/3.12.1/lib/python3.12/site-packages/airflow/example_dags/subdags/subdag.py
[2026-04-27T23:23:59.308+0000] {processor.py:914} INFO - Processing file /usr/local/python/3.12.1/lib/python3.12/site-packages/airflow/example_dags/subdags/subdag.py for tasks to queue
[2026-04-27T23:23:59.310+0000] {logging_mixin.py:190} INFO - [2026-04-27T23:23:59.309+0000] {dagbag.py:588} INFO - Filling up the DagBag from /usr/local/python/3.12.1/lib/python3.12/site-packages/airflow/example_dags/subdags/subdag.py
[2026-04-27T23:23:59.311+0000] {processor.py:927} WARNING - No viable dags retrieved from /usr/local/python/3.12.1/lib/python3.12/site-packages/airflow/example_dags/subdags/subdag.py
[2026-04-27T23:23:59.320+0000] {processor.py:208} INFO - Processing /usr/local/python/3.12.1/lib/python3.12/site-packages/airflow/example_dags/subdags/subdag.py took 0.017 seconds
[2026-04-27T23:24:45.205+0000] {processor.py:186} INFO - Started process (PID=47105) to work on /usr/local/python/3.12.1/lib/python3.12/site-packages/airflow/example_dags/subdags/subdag.py
[2026-04-27T23:24:45.206+0000] {processor.py:914} INFO - Processing file /usr/local/python/3.12.1/lib/python3.12/site-packages/airflow/example_dags/subdags/subdag.py for tasks to queue
[2026-04-27T23:24:45.209+0000] {logging_mixin.py:190} INFO - [2026-04-27T23:24:45.209+0000] {dagbag.py:588} INFO - Filling up the DagBag from /usr/local/python/3.12.1/lib/python3.12/site-packages/airflow/example_dags/subdags/subdag.py
[2026-04-27T23:24:45.211+0000] {processor.py:927} WARNING - No viable dags retrieved from /usr/local/python/3.12.1/lib/python3.12/site-packages/airflow/example_dags/subdags/subdag.py
[2026-04-27T23:24:45.220+0000] {processor.py:208} INFO - Processing /usr/local/python/3.12.1/lib/python3.12/site-packages/airflow/example_dags/subdags/subdag.py took 0.020 seconds
[2026-04-27T23:25:29.935+0000] {processor.py:186} INFO - Started process (PID=47572) to work on /usr/local/python/3.12.1/lib/python3.12/site-packages/airflow/example_dags/subdags/subdag.py
[2026-04-27T23:25:29.937+0000] {processor.py:914} INFO - Processing file /usr/local/python/3.12.1/lib/python3.12/site-packages/airflow/example_dags/subdags/subdag.py for tasks to queue
[2026-04-27T23:25:29.941+0000] {logging_mixin.py:190} INFO - [2026-04-27T23:25:29.941+0000] {dagbag.py:588} INFO - Filling up the DagBag from /usr/local/python/3.12.1/lib/python3.12/site-packages/airflow/example_dags/subdags/subdag.py
[2026-04-27T23:25:29.943+0000] {processor.py:927} WARNING - No viable dags retrieved from /usr/local/python/3.12.1/lib/python3.12/site-packages/airflow/example_dags/subdags/subdag.py
[2026-04-27T23:25:29.954+0000] {processor.py:208} INFO - Processing /usr/local/python/3.12.1/lib/python3.12/site-packages/airflow/example_dags/subdags/subdag.py took 0.028 seconds
[2026-04-27T23:26:59.090+0000] {processor.py:186} INFO - Started process (PID=48579) to work on /usr/local/python/3.12.1/lib/python3.12/site-packages/airflow/example_dags/subdags/subdag.py
[2026-04-27T23:26:59.091+0000] {processor.py:914} INFO - Processing file /usr/local/python/3.12.1/lib/python3.12/site-packages/airflow/example_dags/subdags/subdag.py for tasks to queue
[2026-04-27T23:26:59.093+0000] {logging_mixin.py:190} INFO - [2026-04-27T23:26:59.092+0000] {dagbag.py:588} INFO - Filling up the DagBag from /usr/local/python/3.12.1/lib/python3.12/site-packages/airflow/example_dags/subdags/subdag.py
[2026-04-27T23:26:59.094+0000] {processor.py:927} WARNING - No viable dags retrieved from /usr/local/python/3.12.1/lib/python3.12/site-packages/airflow/example_dags/subdags/subdag.py
[2026-04-27T23:26:59.103+0000] {processor.py:208} INFO - Processing /usr/local/python/3.12.1/lib/python3.12/site-packages/airflow/example_dags/subdags/subdag.py took 0.017 seconds
[2026-04-27T23:27:42.873+0000] {processor.py:186} INFO - Started process (PID=49068) to work on /usr/local/python/3.12.1/lib/python3.12/site-packages/airflow/example_dags/subdags/subdag.py
[2026-04-27T23:27:42.873+0000] {processor.py:914} INFO - Processing file /usr/local/python/3.12.1/lib/python3.12/site-packages/airflow/example_dags/subdags/subdag.py for tasks to queue
[2026-04-27T23:27:42.876+0000] {logging_mixin.py:190} INFO - [2026-04-27T23:27:42.875+0000] {dagbag.py:588} INFO - Filling up the DagBag from /usr/local/python/3.12.1/lib/python3.12/site-packages/airflow/example_dags/subdags/subdag.py
[2026-04-27T23:27:42.877+0000] {processor.py:927} WARNING - No viable dags retrieved from /usr/local/python/3.12.1/lib/python3.12/site-packages/airflow/example_dags/subdags/subdag.py
[2026-04-27T23:27:42.886+0000] {processor.py:208} INFO - Processing /usr/local/python/3.12.1/lib/python3.12/site-packages/airflow/example_dags/subdags/subdag.py took 0.018 seconds
[2026-04-27T23:29:09.877+0000] {processor.py:186} INFO - Started process (PID=49988) to work on /usr/local/python/3.12.1/lib/python3.12/site-packages/airflow/example_dags/subdags/subdag.py
[2026-04-27T23:29:09.878+0000] {processor.py:914} INFO - Processing file /usr/local/python/3.12.1/lib/python3.12/site-packages/airflow/example_dags/subdags/subdag.py for tasks to queue
[2026-04-27T23:29:09.880+0000] {logging_mixin.py:190} INFO - [2026-04-27T23:29:09.880+0000] {dagbag.py:588} INFO - Filling up the DagBag from /usr/local/python/3.12.1/lib/python3.12/site-packages/airflow/example_dags/subdags/subdag.py
[2026-04-27T23:29:09.882+0000] {processor.py:927} WARNING - No viable dags retrieved from /usr/local/python/3.12.1/lib/python3.12/site-packages/airflow/example_dags/subdags/subdag.py
[2026-04-27T23:29:09.890+0000] {processor.py:208} INFO - Processing /usr/local/python/3.12.1/lib/python3.12/site-packages/airflow/example_dags/subdags/subdag.py took 0.018 seconds
[2026-04-27T23:29:53.832+0000] {processor.py:186} INFO - Started process (PID=50456) to work on /usr/local/python/3.12.1/lib/python3.12/site-packages/airflow/example_dags/subdags/subdag.py
[2026-04-27T23:29:53.832+0000] {processor.py:914} INFO - Processing file /usr/local/python/3.12.1/lib/python3.12/site-packages/airflow/example_dags/subdags/subdag.py for tasks to queue
[2026-04-27T23:29:53.835+0000] {logging_mixin.py:190} INFO - [2026-04-27T23:29:53.834+0000] {dagbag.py:588} INFO - Filling up the DagBag from /usr/local/python/3.12.1/lib/python3.12/site-packages/airflow/example_dags/subdags/subdag.py
[2026-04-27T23:29:53.837+0000] {processor.py:927} WARNING - No viable dags retrieved from /usr/local/python/3.12.1/lib/python3.12/site-packages/airflow/example_dags/subdags/subdag.py
[2026-04-27T23:29:53.847+0000] {processor.py:208} INFO - Processing /usr/local/python/3.12.1/lib/python3.12/site-packages/airflow/example_dags/subdags/subdag.py took 0.021 seconds
[2026-04-27T23:31:22.263+0000] {processor.py:186} INFO - Started process (PID=51416) to work on /usr/local/python/3.12.1/lib/python3.12/site-packages/airflow/example_dags/subdags/subdag.py
[2026-04-27T23:31:22.264+0000] {processor.py:914} INFO - Processing file /usr/local/python/3.12.1/lib/python3.12/site-packages/airflow/example_dags/subdags/subdag.py for tasks to queue
[2026-04-27T23:31:22.266+0000] {logging_mixin.py:190} INFO - [2026-04-27T23:31:22.266+0000] {dagbag.py:588} INFO - Filling up the DagBag from /usr/local/python/3.12.1/lib/python3.12/site-packages/airflow/example_dags/subdags/subdag.py
[2026-04-27T23:31:22.268+0000] {processor.py:927} WARNING - No viable dags retrieved from /usr/local/python/3.12.1/lib/python3.12/site-packages/airflow/example_dags/subdags/subdag.py
[2026-04-27T23:31:22.281+0000] {processor.py:208} INFO - Processing /usr/local/python/3.12.1/lib/python3.12/site-packages/airflow/example_dags/subdags/subdag.py took 0.025 seconds
[2026-04-27T23:32:11.653+0000] {processor.py:186} INFO - Started process (PID=51979) to work on /usr/local/python/3.12.1/lib/python3.12/site-packages/airflow/example_dags/subdags/subdag.py
[2026-04-27T23:32:11.654+0000] {processor.py:914} INFO - Processing file /usr/local/python/3.12.1/lib/python3.12/site-packages/airflow/example_dags/subdags/subdag.py for tasks to queue
[2026-04-27T23:32:11.784+0000] {logging_mixin.py:190} INFO - [2026-04-27T23:32:11.784+0000] {dagbag.py:588} INFO - Filling up the DagBag from /usr/local/python/3.12.1/lib/python3.12/site-packages/airflow/example_dags/subdags/subdag.py
[2026-04-27T23:32:11.786+0000] {processor.py:927} WARNING - No viable dags retrieved from /usr/local/python/3.12.1/lib/python3.12/site-packages/airflow/example_dags/subdags/subdag.py
[2026-04-27T23:32:11.792+0000] {processor.py:208} INFO - Processing /usr/local/python/3.12.1/lib/python3.12/site-packages/airflow/example_dags/subdags/subdag.py took 0.145 seconds
[2026-04-27T23:33:33.570+0000] {processor.py:186} INFO - Started process (PID=52789) to work on /usr/local/python/3.12.1/lib/python3.12/site-packages/airflow/example_dags/subdags/subdag.py
[2026-04-27T23:33:33.571+0000] {processor.py:914} INFO - Processing file /usr/local/python/3.12.1/lib/python3.12/site-packages/airflow/example_dags/subdags/subdag.py for tasks to queue
[2026-04-27T23:33:33.573+0000] {logging_mixin.py:190} INFO - [2026-04-27T23:33:33.573+0000] {dagbag.py:588} INFO - Filling up the DagBag from /usr/local/python/3.12.1/lib/python3.12/site-packages/airflow/example_dags/subdags/subdag.py
[2026-04-27T23:33:33.575+0000] {processor.py:927} WARNING - No viable dags retrieved from /usr/local/python/3.12.1/lib/python3.12/site-packages/airflow/example_dags/subdags/subdag.py
[2026-04-27T23:33:33.584+0000] {processor.py:208} INFO - Processing /usr/local/python/3.12.1/lib/python3.12/site-packages/airflow/example_dags/subdags/subdag.py took 0.018 seconds
[2026-04-27T23:34:51.435+0000] {processor.py:186} INFO - Started process (PID=53705) to work on /usr/local/python/3.12.1/lib/python3.12/site-packages/airflow/example_dags/subdags/subdag.py
[2026-04-27T23:34:51.435+0000] {processor.py:914} INFO - Processing file /usr/local/python/3.12.1/lib/python3.12/site-packages/airflow/example_dags/subdags/subdag.py for tasks to queue
[2026-04-27T23:34:51.438+0000] {logging_mixin.py:190} INFO - [2026-04-27T23:34:51.438+0000] {dagbag.py:588} INFO - Filling up the DagBag from /usr/local/python/3.12.1/lib/python3.12/site-packages/airflow/example_dags/subdags/subdag.py
[2026-04-27T23:34:51.440+0000] {processor.py:927} WARNING - No viable dags retrieved from /usr/local/python/3.12.1/lib/python3.12/site-packages/airflow/example_dags/subdags/subdag.py
[2026-04-27T23:34:51.450+0000] {processor.py:208} INFO - Processing /usr/local/python/3.12.1/lib/python3.12/site-packages/airflow/example_dags/subdags/subdag.py took 0.021 seconds
[2026-04-27T23:36:09.150+0000] {processor.py:186} INFO - Started process (PID=54612) to work on /usr/local/python/3.12.1/lib/python3.12/site-packages/airflow/example_dags/subdags/subdag.py
[2026-04-27T23:36:09.151+0000] {processor.py:914} INFO - Processing file /usr/local/python/3.12.1/lib/python3.12/site-packages/airflow/example_dags/subdags/subdag.py for tasks to queue
[2026-04-27T23:36:09.154+0000] {logging_mixin.py:190} INFO - [2026-04-27T23:36:09.153+0000] {dagbag.py:588} INFO - Filling up the DagBag from /usr/local/python/3.12.1/lib/python3.12/site-packages/airflow/example_dags/subdags/subdag.py
[2026-04-27T23:36:09.156+0000] {processor.py:927} WARNING - No viable dags retrieved from /usr/local/python/3.12.1/lib/python3.12/site-packages/airflow/example_dags/subdags/subdag.py
[2026-04-27T23:36:09.164+0000] {processor.py:208} INFO - Processing /usr/local/python/3.12.1/lib/python3.12/site-packages/airflow/example_dags/subdags/subdag.py took 0.020 seconds
[2026-04-27T23:36:53.640+0000] {processor.py:186} INFO - Started process (PID=55063) to work on /usr/local/python/3.12.1/lib/python3.12/site-packages/airflow/example_dags/subdags/subdag.py
[2026-04-27T23:36:53.641+0000] {processor.py:914} INFO - Processing file /usr/local/python/3.12.1/lib/python3.12/site-packages/airflow/example_dags/subdags/subdag.py for tasks to queue
[2026-04-27T23:36:53.643+0000] {logging_mixin.py:190} INFO - [2026-04-27T23:36:53.643+0000] {dagbag.py:588} INFO - Filling up the DagBag from /usr/local/python/3.12.1/lib/python3.12/site-packages/airflow/example_dags/subdags/subdag.py
[2026-04-27T23:36:53.645+0000] {processor.py:927} WARNING - No viable dags retrieved from /usr/local/python/3.12.1/lib/python3.12/site-packages/airflow/example_dags/subdags/subdag.py
[2026-04-27T23:36:53.654+0000] {processor.py:208} INFO - Processing /usr/local/python/3.12.1/lib/python3.12/site-packages/airflow/example_dags/subdags/subdag.py took 0.020 seconds
[2026-04-27T23:38:16.161+0000] {processor.py:186} INFO - Started process (PID=55943) to work on /usr/local/python/3.12.1/lib/python3.12/site-packages/airflow/example_dags/subdags/subdag.py
[2026-04-27T23:38:16.162+0000] {processor.py:914} INFO - Processing file /usr/local/python/3.12.1/lib/python3.12/site-packages/airflow/example_dags/subdags/subdag.py for tasks to queue
[2026-04-27T23:38:16.164+0000] {logging_mixin.py:190} INFO - [2026-04-27T23:38:16.163+0000] {dagbag.py:588} INFO - Filling up the DagBag from /usr/local/python/3.12.1/lib/python3.12/site-packages/airflow/example_dags/subdags/subdag.py
[2026-04-27T23:38:16.165+0000] {processor.py:927} WARNING - No viable dags retrieved from /usr/local/python/3.12.1/lib/python3.12/site-packages/airflow/example_dags/subdags/subdag.py
[2026-04-27T23:38:16.174+0000] {processor.py:208} INFO - Processing /usr/local/python/3.12.1/lib/python3.12/site-packages/airflow/example_dags/subdags/subdag.py took 0.018 seconds
[2026-04-27T23:39:33.010+0000] {processor.py:186} INFO - Started process (PID=56728) to work on /usr/local/python/3.12.1/lib/python3.12/site-packages/airflow/example_dags/subdags/subdag.py
[2026-04-27T23:39:33.011+0000] {processor.py:914} INFO - Processing file /usr/local/python/3.12.1/lib/python3.12/site-packages/airflow/example_dags/subdags/subdag.py for tasks to queue
[2026-04-27T23:39:33.013+0000] {logging_mixin.py:190} INFO - [2026-04-27T23:39:33.013+0000] {dagbag.py:588} INFO - Filling up the DagBag from /usr/local/python/3.12.1/lib/python3.12/site-packages/airflow/example_dags/subdags/subdag.py
[2026-04-27T23:39:33.015+0000] {processor.py:927} WARNING - No viable dags retrieved from /usr/local/python/3.12.1/lib/python3.12/site-packages/airflow/example_dags/subdags/subdag.py
[2026-04-27T23:39:33.027+0000] {processor.py:208} INFO - Processing /usr/local/python/3.12.1/lib/python3.12/site-packages/airflow/example_dags/subdags/subdag.py took 0.024 seconds
[2026-04-27T23:40:54.281+0000] {processor.py:186} INFO - Started process (PID=57746) to work on /usr/local/python/3.12.1/lib/python3.12/site-packages/airflow/example_dags/subdags/subdag.py
[2026-04-27T23:40:54.282+0000] {processor.py:914} INFO - Processing file /usr/local/python/3.12.1/lib/python3.12/site-packages/airflow/example_dags/subdags/subdag.py for tasks to queue
[2026-04-27T23:40:54.286+0000] {logging_mixin.py:190} INFO - [2026-04-27T23:40:54.286+0000] {dagbag.py:588} INFO - Filling up the DagBag from /usr/local/python/3.12.1/lib/python3.12/site-packages/airflow/example_dags/subdags/subdag.py
[2026-04-27T23:40:54.290+0000] {processor.py:927} WARNING - No viable dags retrieved from /usr/local/python/3.12.1/lib/python3.12/site-packages/airflow/example_dags/subdags/subdag.py
[2026-04-27T23:40:54.319+0000] {processor.py:208} INFO - Processing /usr/local/python/3.12.1/lib/python3.12/site-packages/airflow/example_dags/subdags/subdag.py took 0.048 seconds
[2026-04-27T23:42:13.962+0000] {processor.py:186} INFO - Started process (PID=58597) to work on /usr/local/python/3.12.1/lib/python3.12/site-packages/airflow/example_dags/subdags/subdag.py
[2026-04-27T23:42:13.963+0000] {processor.py:914} INFO - Processing file /usr/local/python/3.12.1/lib/python3.12/site-packages/airflow/example_dags/subdags/subdag.py for tasks to queue
[2026-04-27T23:42:13.965+0000] {logging_mixin.py:190} INFO - [2026-04-27T23:42:13.965+0000] {dagbag.py:588} INFO - Filling up the DagBag from /usr/local/python/3.12.1/lib/python3.12/site-packages/airflow/example_dags/subdags/subdag.py
[2026-04-27T23:42:13.967+0000] {processor.py:927} WARNING - No viable dags retrieved from /usr/local/python/3.12.1/lib/python3.12/site-packages/airflow/example_dags/subdags/subdag.py
[2026-04-27T23:42:13.975+0000] {processor.py:208} INFO - Processing /usr/local/python/3.12.1/lib/python3.12/site-packages/airflow/example_dags/subdags/subdag.py took 0.017 seconds
[2026-04-27T23:43:30.922+0000] {processor.py:186} INFO - Started process (PID=59386) to work on /usr/local/python/3.12.1/lib/python3.12/site-packages/airflow/example_dags/subdags/subdag.py
[2026-04-27T23:43:30.923+0000] {processor.py:914} INFO - Processing file /usr/local/python/3.12.1/lib/python3.12/site-packages/airflow/example_dags/subdags/subdag.py for tasks to queue
[2026-04-27T23:43:30.925+0000] {logging_mixin.py:190} INFO - [2026-04-27T23:43:30.925+0000] {dagbag.py:588} INFO - Filling up the DagBag from /usr/local/python/3.12.1/lib/python3.12/site-packages/airflow/example_dags/subdags/subdag.py
[2026-04-27T23:43:30.927+0000] {processor.py:927} WARNING - No viable dags retrieved from /usr/local/python/3.12.1/lib/python3.12/site-packages/airflow/example_dags/subdags/subdag.py
[2026-04-27T23:43:30.938+0000] {processor.py:208} INFO - Processing /usr/local/python/3.12.1/lib/python3.12/site-packages/airflow/example_dags/subdags/subdag.py took 0.021 seconds
[2026-04-27T23:44:50.543+0000] {processor.py:186} INFO - Started process (PID=60304) to work on /usr/local/python/3.12.1/lib/python3.12/site-packages/airflow/example_dags/subdags/subdag.py
[2026-04-27T23:44:50.544+0000] {processor.py:914} INFO - Processing file /usr/local/python/3.12.1/lib/python3.12/site-packages/airflow/example_dags/subdags/subdag.py for tasks to queue
[2026-04-27T23:44:50.546+0000] {logging_mixin.py:190} INFO - [2026-04-27T23:44:50.546+0000] {dagbag.py:588} INFO - Filling up the DagBag from /usr/local/python/3.12.1/lib/python3.12/site-packages/airflow/example_dags/subdags/subdag.py
[2026-04-27T23:44:50.548+0000] {processor.py:927} WARNING - No viable dags retrieved from /usr/local/python/3.12.1/lib/python3.12/site-packages/airflow/example_dags/subdags/subdag.py
[2026-04-27T23:44:50.557+0000] {processor.py:208} INFO - Processing /usr/local/python/3.12.1/lib/python3.12/site-packages/airflow/example_dags/subdags/subdag.py took 0.019 seconds
[2026-04-27T23:46:11.482+0000] {processor.py:186} INFO - Started process (PID=61238) to work on /usr/local/python/3.12.1/lib/python3.12/site-packages/airflow/example_dags/subdags/subdag.py
[2026-04-27T23:46:11.483+0000] {processor.py:914} INFO - Processing file /usr/local/python/3.12.1/lib/python3.12/site-packages/airflow/example_dags/subdags/subdag.py for tasks to queue
[2026-04-27T23:46:11.484+0000] {logging_mixin.py:190} INFO - [2026-04-27T23:46:11.484+0000] {dagbag.py:588} INFO - Filling up the DagBag from /usr/local/python/3.12.1/lib/python3.12/site-packages/airflow/example_dags/subdags/subdag.py
[2026-04-27T23:46:11.486+0000] {processor.py:927} WARNING - No viable dags retrieved from /usr/local/python/3.12.1/lib/python3.12/site-packages/airflow/example_dags/subdags/subdag.py
[2026-04-27T23:46:11.496+0000] {processor.py:208} INFO - Processing /usr/local/python/3.12.1/lib/python3.12/site-packages/airflow/example_dags/subdags/subdag.py took 0.019 seconds
[2026-04-27T23:47:27.387+0000] {processor.py:186} INFO - Started process (PID=61938) to work on /usr/local/python/3.12.1/lib/python3.12/site-packages/airflow/example_dags/subdags/subdag.py
[2026-04-27T23:47:27.388+0000] {processor.py:914} INFO - Processing file /usr/local/python/3.12.1/lib/python3.12/site-packages/airflow/example_dags/subdags/subdag.py for tasks to queue
[2026-04-27T23:47:27.389+0000] {logging_mixin.py:190} INFO - [2026-04-27T23:47:27.389+0000] {dagbag.py:588} INFO - Filling up the DagBag from /usr/local/python/3.12.1/lib/python3.12/site-packages/airflow/example_dags/subdags/subdag.py
[2026-04-27T23:47:27.391+0000] {processor.py:927} WARNING - No viable dags retrieved from /usr/local/python/3.12.1/lib/python3.12/site-packages/airflow/example_dags/subdags/subdag.py
[2026-04-27T23:47:27.399+0000] {processor.py:208} INFO - Processing /usr/local/python/3.12.1/lib/python3.12/site-packages/airflow/example_dags/subdags/subdag.py took 0.017 seconds
[2026-04-27T23:48:50.221+0000] {processor.py:186} INFO - Started process (PID=62874) to work on /usr/local/python/3.12.1/lib/python3.12/site-packages/airflow/example_dags/subdags/subdag.py
[2026-04-27T23:48:50.222+0000] {processor.py:914} INFO - Processing file /usr/local/python/3.12.1/lib/python3.12/site-packages/airflow/example_dags/subdags/subdag.py for tasks to queue
[2026-04-27T23:48:50.224+0000] {logging_mixin.py:190} INFO - [2026-04-27T23:48:50.224+0000] {dagbag.py:588} INFO - Filling up the DagBag from /usr/local/python/3.12.1/lib/python3.12/site-packages/airflow/example_dags/subdags/subdag.py
[2026-04-27T23:48:50.226+0000] {processor.py:927} WARNING - No viable dags retrieved from /usr/local/python/3.12.1/lib/python3.12/site-packages/airflow/example_dags/subdags/subdag.py
[2026-04-27T23:48:50.242+0000] {processor.py:208} INFO - Processing /usr/local/python/3.12.1/lib/python3.12/site-packages/airflow/example_dags/subdags/subdag.py took 0.027 seconds
[2026-04-27T23:50:07.077+0000] {processor.py:186} INFO - Started process (PID=63780) to work on /usr/local/python/3.12.1/lib/python3.12/site-packages/airflow/example_dags/subdags/subdag.py
[2026-04-27T23:50:07.078+0000] {processor.py:914} INFO - Processing file /usr/local/python/3.12.1/lib/python3.12/site-packages/airflow/example_dags/subdags/subdag.py for tasks to queue
[2026-04-27T23:50:07.080+0000] {logging_mixin.py:190} INFO - [2026-04-27T23:50:07.079+0000] {dagbag.py:588} INFO - Filling up the DagBag from /usr/local/python/3.12.1/lib/python3.12/site-packages/airflow/example_dags/subdags/subdag.py
[2026-04-27T23:50:07.081+0000] {processor.py:927} WARNING - No viable dags retrieved from /usr/local/python/3.12.1/lib/python3.12/site-packages/airflow/example_dags/subdags/subdag.py
[2026-04-27T23:50:07.090+0000] {processor.py:208} INFO - Processing /usr/local/python/3.12.1/lib/python3.12/site-packages/airflow/example_dags/subdags/subdag.py took 0.017 seconds
[2026-04-27T23:51:29.329+0000] {processor.py:186} INFO - Started process (PID=64598) to work on /usr/local/python/3.12.1/lib/python3.12/site-packages/airflow/example_dags/subdags/subdag.py
[2026-04-27T23:51:29.330+0000] {processor.py:914} INFO - Processing file /usr/local/python/3.12.1/lib/python3.12/site-packages/airflow/example_dags/subdags/subdag.py for tasks to queue
[2026-04-27T23:51:29.332+0000] {logging_mixin.py:190} INFO - [2026-04-27T23:51:29.332+0000] {dagbag.py:588} INFO - Filling up the DagBag from /usr/local/python/3.12.1/lib/python3.12/site-packages/airflow/example_dags/subdags/subdag.py
[2026-04-27T23:51:29.334+0000] {processor.py:927} WARNING - No viable dags retrieved from /usr/local/python/3.12.1/lib/python3.12/site-packages/airflow/example_dags/subdags/subdag.py
[2026-04-27T23:51:29.344+0000] {processor.py:208} INFO - Processing /usr/local/python/3.12.1/lib/python3.12/site-packages/airflow/example_dags/subdags/subdag.py took 0.021 seconds
[2026-04-27T23:52:44.048+0000] {processor.py:186} INFO - Started process (PID=65475) to work on /usr/local/python/3.12.1/lib/python3.12/site-packages/airflow/example_dags/subdags/subdag.py
[2026-04-27T23:52:44.049+0000] {processor.py:914} INFO - Processing file /usr/local/python/3.12.1/lib/python3.12/site-packages/airflow/example_dags/subdags/subdag.py for tasks to queue
[2026-04-27T23:52:44.051+0000] {logging_mixin.py:190} INFO - [2026-04-27T23:52:44.050+0000] {dagbag.py:588} INFO - Filling up the DagBag from /usr/local/python/3.12.1/lib/python3.12/site-packages/airflow/example_dags/subdags/subdag.py
[2026-04-27T23:52:44.052+0000] {processor.py:927} WARNING - No viable dags retrieved from /usr/local/python/3.12.1/lib/python3.12/site-packages/airflow/example_dags/subdags/subdag.py
[2026-04-27T23:52:44.061+0000] {processor.py:208} INFO - Processing /usr/local/python/3.12.1/lib/python3.12/site-packages/airflow/example_dags/subdags/subdag.py took 0.018 seconds
[2026-04-27T23:54:02.007+0000] {processor.py:186} INFO - Started process (PID=66343) to work on /usr/local/python/3.12.1/lib/python3.12/site-packages/airflow/example_dags/subdags/subdag.py
[2026-04-27T23:54:02.009+0000] {processor.py:914} INFO - Processing file /usr/local/python/3.12.1/lib/python3.12/site-packages/airflow/example_dags/subdags/subdag.py for tasks to queue
[2026-04-27T23:54:02.014+0000] {logging_mixin.py:190} INFO - [2026-04-27T23:54:02.013+0000] {dagbag.py:588} INFO - Filling up the DagBag from /usr/local/python/3.12.1/lib/python3.12/site-packages/airflow/example_dags/subdags/subdag.py
[2026-04-27T23:54:02.017+0000] {processor.py:927} WARNING - No viable dags retrieved from /usr/local/python/3.12.1/lib/python3.12/site-packages/airflow/example_dags/subdags/subdag.py
[2026-04-27T23:54:02.050+0000] {processor.py:208} INFO - Processing /usr/local/python/3.12.1/lib/python3.12/site-packages/airflow/example_dags/subdags/subdag.py took 0.056 seconds
[2026-04-27T23:55:21.147+0000] {processor.py:186} INFO - Started process (PID=67209) to work on /usr/local/python/3.12.1/lib/python3.12/site-packages/airflow/example_dags/subdags/subdag.py
[2026-04-27T23:55:21.148+0000] {processor.py:914} INFO - Processing file /usr/local/python/3.12.1/lib/python3.12/site-packages/airflow/example_dags/subdags/subdag.py for tasks to queue
[2026-04-27T23:55:21.150+0000] {logging_mixin.py:190} INFO - [2026-04-27T23:55:21.150+0000] {dagbag.py:588} INFO - Filling up the DagBag from /usr/local/python/3.12.1/lib/python3.12/site-packages/airflow/example_dags/subdags/subdag.py
[2026-04-27T23:55:21.152+0000] {processor.py:927} WARNING - No viable dags retrieved from /usr/local/python/3.12.1/lib/python3.12/site-packages/airflow/example_dags/subdags/subdag.py
[2026-04-27T23:55:21.160+0000] {processor.py:208} INFO - Processing /usr/local/python/3.12.1/lib/python3.12/site-packages/airflow/example_dags/subdags/subdag.py took 0.019 seconds
[2026-04-27T23:56:41.231+0000] {processor.py:186} INFO - Started process (PID=68081) to work on /usr/local/python/3.12.1/lib/python3.12/site-packages/airflow/example_dags/subdags/subdag.py
[2026-04-27T23:56:41.234+0000] {processor.py:914} INFO - Processing file /usr/local/python/3.12.1/lib/python3.12/site-packages/airflow/example_dags/subdags/subdag.py for tasks to queue
[2026-04-27T23:56:41.237+0000] {logging_mixin.py:190} INFO - [2026-04-27T23:56:41.237+0000] {dagbag.py:588} INFO - Filling up the DagBag from /usr/local/python/3.12.1/lib/python3.12/site-packages/airflow/example_dags/subdags/subdag.py
[2026-04-27T23:56:41.240+0000] {processor.py:927} WARNING - No viable dags retrieved from /usr/local/python/3.12.1/lib/python3.12/site-packages/airflow/example_dags/subdags/subdag.py
[2026-04-27T23:56:41.251+0000] {processor.py:208} INFO - Processing /usr/local/python/3.12.1/lib/python3.12/site-packages/airflow/example_dags/subdags/subdag.py took 0.028 seconds
[2026-04-27T23:58:00.534+0000] {processor.py:186} INFO - Started process (PID=68940) to work on /usr/local/python/3.12.1/lib/python3.12/site-packages/airflow/example_dags/subdags/subdag.py
[2026-04-27T23:58:00.536+0000] {processor.py:914} INFO - Processing file /usr/local/python/3.12.1/lib/python3.12/site-packages/airflow/example_dags/subdags/subdag.py for tasks to queue
[2026-04-27T23:58:00.538+0000] {logging_mixin.py:190} INFO - [2026-04-27T23:58:00.538+0000] {dagbag.py:588} INFO - Filling up the DagBag from /usr/local/python/3.12.1/lib/python3.12/site-packages/airflow/example_dags/subdags/subdag.py
[2026-04-27T23:58:00.541+0000] {processor.py:927} WARNING - No viable dags retrieved from /usr/local/python/3.12.1/lib/python3.12/site-packages/airflow/example_dags/subdags/subdag.py
[2026-04-27T23:58:00.557+0000] {processor.py:208} INFO - Processing /usr/local/python/3.12.1/lib/python3.12/site-packages/airflow/example_dags/subdags/subdag.py took 0.030 seconds
[2026-04-27T23:59:21.813+0000] {processor.py:186} INFO - Started process (PID=69790) to work on /usr/local/python/3.12.1/lib/python3.12/site-packages/airflow/example_dags/subdags/subdag.py
[2026-04-27T23:59:21.814+0000] {processor.py:914} INFO - Processing file /usr/local/python/3.12.1/lib/python3.12/site-packages/airflow/example_dags/subdags/subdag.py for tasks to queue
[2026-04-27T23:59:21.815+0000] {logging_mixin.py:190} INFO - [2026-04-27T23:59:21.815+0000] {dagbag.py:588} INFO - Filling up the DagBag from /usr/local/python/3.12.1/lib/python3.12/site-packages/airflow/example_dags/subdags/subdag.py
[2026-04-27T23:59:21.817+0000] {processor.py:927} WARNING - No viable dags retrieved from /usr/local/python/3.12.1/lib/python3.12/site-packages/airflow/example_dags/subdags/subdag.py
[2026-04-27T23:59:21.827+0000] {processor.py:208} INFO - Processing /usr/local/python/3.12.1/lib/python3.12/site-packages/airflow/example_dags/subdags/subdag.py took 0.019 seconds
