[2026-04-29T00:00:05.384+0000] {processor.py:186} INFO - Started process (PID=68784) to work on /usr/local/python/3.12.1/lib/python3.12/site-packages/airflow/example_dags/example_python_operator.py
[2026-04-29T00:00:05.384+0000] {processor.py:914} INFO - Processing file /usr/local/python/3.12.1/lib/python3.12/site-packages/airflow/example_dags/example_python_operator.py for tasks to queue
[2026-04-29T00:00:05.385+0000] {logging_mixin.py:190} INFO - [2026-04-29T00:00:05.385+0000] {dagbag.py:588} INFO - Filling up the DagBag from /usr/local/python/3.12.1/lib/python3.12/site-packages/airflow/example_dags/example_python_operator.py
[2026-04-29T00:00:05.396+0000] {processor.py:925} INFO - DAG(s) 'example_python_operator' retrieved from /usr/local/python/3.12.1/lib/python3.12/site-packages/airflow/example_dags/example_python_operator.py
[2026-04-29T00:00:05.411+0000] {logging_mixin.py:190} INFO - [2026-04-29T00:00:05.411+0000] {dag.py:3239} INFO - Sync 1 DAGs
[2026-04-29T00:00:05.426+0000] {logging_mixin.py:190} INFO - [2026-04-29T00:00:05.426+0000] {dag.py:4180} INFO - Setting next_dagrun for example_python_operator to None, run_after=None
[2026-04-29T00:00:05.444+0000] {processor.py:208} INFO - Processing /usr/local/python/3.12.1/lib/python3.12/site-packages/airflow/example_dags/example_python_operator.py took 0.065 seconds
[2026-04-29T00:01:31.195+0000] {processor.py:186} INFO - Started process (PID=69583) to work on /usr/local/python/3.12.1/lib/python3.12/site-packages/airflow/example_dags/example_python_operator.py
[2026-04-29T00:01:31.196+0000] {processor.py:914} INFO - Processing file /usr/local/python/3.12.1/lib/python3.12/site-packages/airflow/example_dags/example_python_operator.py for tasks to queue
[2026-04-29T00:01:31.197+0000] {logging_mixin.py:190} INFO - [2026-04-29T00:01:31.197+0000] {dagbag.py:588} INFO - Filling up the DagBag from /usr/local/python/3.12.1/lib/python3.12/site-packages/airflow/example_dags/example_python_operator.py
[2026-04-29T00:01:31.209+0000] {processor.py:925} INFO - DAG(s) 'example_python_operator' retrieved from /usr/local/python/3.12.1/lib/python3.12/site-packages/airflow/example_dags/example_python_operator.py
[2026-04-29T00:01:31.227+0000] {logging_mixin.py:190} INFO - [2026-04-29T00:01:31.226+0000] {dag.py:3239} INFO - Sync 1 DAGs
[2026-04-29T00:01:31.239+0000] {logging_mixin.py:190} INFO - [2026-04-29T00:01:31.239+0000] {dag.py:4180} INFO - Setting next_dagrun for example_python_operator to None, run_after=None
[2026-04-29T00:01:31.257+0000] {processor.py:208} INFO - Processing /usr/local/python/3.12.1/lib/python3.12/site-packages/airflow/example_dags/example_python_operator.py took 0.066 seconds
[2026-04-29T00:03:01.433+0000] {processor.py:186} INFO - Started process (PID=70434) to work on /usr/local/python/3.12.1/lib/python3.12/site-packages/airflow/example_dags/example_python_operator.py
[2026-04-29T00:03:01.434+0000] {processor.py:914} INFO - Processing file /usr/local/python/3.12.1/lib/python3.12/site-packages/airflow/example_dags/example_python_operator.py for tasks to queue
[2026-04-29T00:03:01.436+0000] {logging_mixin.py:190} INFO - [2026-04-29T00:03:01.435+0000] {dagbag.py:588} INFO - Filling up the DagBag from /usr/local/python/3.12.1/lib/python3.12/site-packages/airflow/example_dags/example_python_operator.py
[2026-04-29T00:03:01.453+0000] {processor.py:925} INFO - DAG(s) 'example_python_operator' retrieved from /usr/local/python/3.12.1/lib/python3.12/site-packages/airflow/example_dags/example_python_operator.py
[2026-04-29T00:03:01.477+0000] {logging_mixin.py:190} INFO - [2026-04-29T00:03:01.476+0000] {dag.py:3239} INFO - Sync 1 DAGs
[2026-04-29T00:03:01.494+0000] {logging_mixin.py:190} INFO - [2026-04-29T00:03:01.494+0000] {dag.py:4180} INFO - Setting next_dagrun for example_python_operator to None, run_after=None
[2026-04-29T00:03:01.539+0000] {processor.py:208} INFO - Processing /usr/local/python/3.12.1/lib/python3.12/site-packages/airflow/example_dags/example_python_operator.py took 0.113 seconds
[2026-04-29T00:04:34.088+0000] {processor.py:186} INFO - Started process (PID=71302) to work on /usr/local/python/3.12.1/lib/python3.12/site-packages/airflow/example_dags/example_python_operator.py
[2026-04-29T00:04:34.089+0000] {processor.py:914} INFO - Processing file /usr/local/python/3.12.1/lib/python3.12/site-packages/airflow/example_dags/example_python_operator.py for tasks to queue
[2026-04-29T00:04:34.090+0000] {logging_mixin.py:190} INFO - [2026-04-29T00:04:34.090+0000] {dagbag.py:588} INFO - Filling up the DagBag from /usr/local/python/3.12.1/lib/python3.12/site-packages/airflow/example_dags/example_python_operator.py
[2026-04-29T00:04:34.101+0000] {processor.py:925} INFO - DAG(s) 'example_python_operator' retrieved from /usr/local/python/3.12.1/lib/python3.12/site-packages/airflow/example_dags/example_python_operator.py
[2026-04-29T00:04:34.115+0000] {logging_mixin.py:190} INFO - [2026-04-29T00:04:34.115+0000] {dag.py:3239} INFO - Sync 1 DAGs
[2026-04-29T00:04:34.128+0000] {logging_mixin.py:190} INFO - [2026-04-29T00:04:34.128+0000] {dag.py:4180} INFO - Setting next_dagrun for example_python_operator to None, run_after=None
[2026-04-29T00:04:34.146+0000] {processor.py:208} INFO - Processing /usr/local/python/3.12.1/lib/python3.12/site-packages/airflow/example_dags/example_python_operator.py took 0.062 seconds
[2026-04-29T00:06:11.177+0000] {processor.py:186} INFO - Started process (PID=72184) to work on /usr/local/python/3.12.1/lib/python3.12/site-packages/airflow/example_dags/example_python_operator.py
[2026-04-29T00:06:11.178+0000] {processor.py:914} INFO - Processing file /usr/local/python/3.12.1/lib/python3.12/site-packages/airflow/example_dags/example_python_operator.py for tasks to queue
[2026-04-29T00:06:11.179+0000] {logging_mixin.py:190} INFO - [2026-04-29T00:06:11.179+0000] {dagbag.py:588} INFO - Filling up the DagBag from /usr/local/python/3.12.1/lib/python3.12/site-packages/airflow/example_dags/example_python_operator.py
[2026-04-29T00:06:11.192+0000] {processor.py:925} INFO - DAG(s) 'example_python_operator' retrieved from /usr/local/python/3.12.1/lib/python3.12/site-packages/airflow/example_dags/example_python_operator.py
[2026-04-29T00:06:11.206+0000] {logging_mixin.py:190} INFO - [2026-04-29T00:06:11.206+0000] {dag.py:3239} INFO - Sync 1 DAGs
[2026-04-29T00:06:11.218+0000] {logging_mixin.py:190} INFO - [2026-04-29T00:06:11.217+0000] {dag.py:4180} INFO - Setting next_dagrun for example_python_operator to None, run_after=None
[2026-04-29T00:06:11.237+0000] {processor.py:208} INFO - Processing /usr/local/python/3.12.1/lib/python3.12/site-packages/airflow/example_dags/example_python_operator.py took 0.064 seconds
[2026-04-29T00:07:51.891+0000] {processor.py:186} INFO - Started process (PID=73177) to work on /usr/local/python/3.12.1/lib/python3.12/site-packages/airflow/example_dags/example_python_operator.py
[2026-04-29T00:07:51.892+0000] {processor.py:914} INFO - Processing file /usr/local/python/3.12.1/lib/python3.12/site-packages/airflow/example_dags/example_python_operator.py for tasks to queue
[2026-04-29T00:07:51.894+0000] {logging_mixin.py:190} INFO - [2026-04-29T00:07:51.893+0000] {dagbag.py:588} INFO - Filling up the DagBag from /usr/local/python/3.12.1/lib/python3.12/site-packages/airflow/example_dags/example_python_operator.py
[2026-04-29T00:07:51.923+0000] {processor.py:925} INFO - DAG(s) 'example_python_operator' retrieved from /usr/local/python/3.12.1/lib/python3.12/site-packages/airflow/example_dags/example_python_operator.py
[2026-04-29T00:07:51.955+0000] {logging_mixin.py:190} INFO - [2026-04-29T00:07:51.955+0000] {dag.py:3239} INFO - Sync 1 DAGs
[2026-04-29T00:07:52.157+0000] {logging_mixin.py:190} INFO - [2026-04-29T00:07:52.157+0000] {dag.py:4180} INFO - Setting next_dagrun for example_python_operator to None, run_after=None
[2026-04-29T00:07:52.175+0000] {processor.py:208} INFO - Processing /usr/local/python/3.12.1/lib/python3.12/site-packages/airflow/example_dags/example_python_operator.py took 0.292 seconds
[2026-04-29T00:09:33.444+0000] {processor.py:186} INFO - Started process (PID=74101) to work on /usr/local/python/3.12.1/lib/python3.12/site-packages/airflow/example_dags/example_python_operator.py
[2026-04-29T00:09:33.446+0000] {processor.py:914} INFO - Processing file /usr/local/python/3.12.1/lib/python3.12/site-packages/airflow/example_dags/example_python_operator.py for tasks to queue
[2026-04-29T00:09:33.448+0000] {logging_mixin.py:190} INFO - [2026-04-29T00:09:33.447+0000] {dagbag.py:588} INFO - Filling up the DagBag from /usr/local/python/3.12.1/lib/python3.12/site-packages/airflow/example_dags/example_python_operator.py
[2026-04-29T00:09:33.465+0000] {processor.py:925} INFO - DAG(s) 'example_python_operator' retrieved from /usr/local/python/3.12.1/lib/python3.12/site-packages/airflow/example_dags/example_python_operator.py
[2026-04-29T00:09:33.487+0000] {logging_mixin.py:190} INFO - [2026-04-29T00:09:33.487+0000] {dag.py:3239} INFO - Sync 1 DAGs
[2026-04-29T00:09:33.506+0000] {logging_mixin.py:190} INFO - [2026-04-29T00:09:33.506+0000] {dag.py:4180} INFO - Setting next_dagrun for example_python_operator to None, run_after=None
[2026-04-29T00:09:33.526+0000] {processor.py:208} INFO - Processing /usr/local/python/3.12.1/lib/python3.12/site-packages/airflow/example_dags/example_python_operator.py took 0.090 seconds
[2026-04-29T00:11:24.909+0000] {processor.py:186} INFO - Started process (PID=75079) to work on /usr/local/python/3.12.1/lib/python3.12/site-packages/airflow/example_dags/example_python_operator.py
[2026-04-29T00:11:24.911+0000] {processor.py:914} INFO - Processing file /usr/local/python/3.12.1/lib/python3.12/site-packages/airflow/example_dags/example_python_operator.py for tasks to queue
[2026-04-29T00:11:24.913+0000] {logging_mixin.py:190} INFO - [2026-04-29T00:11:24.912+0000] {dagbag.py:588} INFO - Filling up the DagBag from /usr/local/python/3.12.1/lib/python3.12/site-packages/airflow/example_dags/example_python_operator.py
[2026-04-29T00:11:24.923+0000] {processor.py:925} INFO - DAG(s) 'example_python_operator' retrieved from /usr/local/python/3.12.1/lib/python3.12/site-packages/airflow/example_dags/example_python_operator.py
[2026-04-29T00:11:24.937+0000] {logging_mixin.py:190} INFO - [2026-04-29T00:11:24.937+0000] {dag.py:3239} INFO - Sync 1 DAGs
[2026-04-29T00:11:24.951+0000] {logging_mixin.py:190} INFO - [2026-04-29T00:11:24.951+0000] {dag.py:4180} INFO - Setting next_dagrun for example_python_operator to None, run_after=None
[2026-04-29T00:11:24.977+0000] {processor.py:208} INFO - Processing /usr/local/python/3.12.1/lib/python3.12/site-packages/airflow/example_dags/example_python_operator.py took 0.075 seconds
[2026-04-29T00:13:10.786+0000] {processor.py:186} INFO - Started process (PID=76672) to work on /usr/local/python/3.12.1/lib/python3.12/site-packages/airflow/example_dags/example_python_operator.py
[2026-04-29T00:13:10.786+0000] {processor.py:914} INFO - Processing file /usr/local/python/3.12.1/lib/python3.12/site-packages/airflow/example_dags/example_python_operator.py for tasks to queue
[2026-04-29T00:13:10.787+0000] {logging_mixin.py:190} INFO - [2026-04-29T00:13:10.787+0000] {dagbag.py:588} INFO - Filling up the DagBag from /usr/local/python/3.12.1/lib/python3.12/site-packages/airflow/example_dags/example_python_operator.py
[2026-04-29T00:13:10.798+0000] {processor.py:925} INFO - DAG(s) 'example_python_operator' retrieved from /usr/local/python/3.12.1/lib/python3.12/site-packages/airflow/example_dags/example_python_operator.py
[2026-04-29T00:13:10.937+0000] {logging_mixin.py:190} INFO - [2026-04-29T00:13:10.937+0000] {dag.py:3239} INFO - Sync 1 DAGs
[2026-04-29T00:13:10.945+0000] {logging_mixin.py:190} INFO - [2026-04-29T00:13:10.945+0000] {dag.py:4180} INFO - Setting next_dagrun for example_python_operator to None, run_after=None
[2026-04-29T00:13:10.961+0000] {processor.py:208} INFO - Processing /usr/local/python/3.12.1/lib/python3.12/site-packages/airflow/example_dags/example_python_operator.py took 0.180 seconds
[2026-04-29T00:14:47.417+0000] {processor.py:186} INFO - Started process (PID=77880) to work on /usr/local/python/3.12.1/lib/python3.12/site-packages/airflow/example_dags/example_python_operator.py
[2026-04-29T00:14:47.418+0000] {processor.py:914} INFO - Processing file /usr/local/python/3.12.1/lib/python3.12/site-packages/airflow/example_dags/example_python_operator.py for tasks to queue
[2026-04-29T00:14:47.419+0000] {logging_mixin.py:190} INFO - [2026-04-29T00:14:47.418+0000] {dagbag.py:588} INFO - Filling up the DagBag from /usr/local/python/3.12.1/lib/python3.12/site-packages/airflow/example_dags/example_python_operator.py
[2026-04-29T00:14:47.432+0000] {processor.py:925} INFO - DAG(s) 'example_python_operator' retrieved from /usr/local/python/3.12.1/lib/python3.12/site-packages/airflow/example_dags/example_python_operator.py
[2026-04-29T00:14:47.447+0000] {logging_mixin.py:190} INFO - [2026-04-29T00:14:47.446+0000] {dag.py:3239} INFO - Sync 1 DAGs
[2026-04-29T00:14:47.457+0000] {logging_mixin.py:190} INFO - [2026-04-29T00:14:47.457+0000] {dag.py:4180} INFO - Setting next_dagrun for example_python_operator to None, run_after=None
[2026-04-29T00:14:47.473+0000] {processor.py:208} INFO - Processing /usr/local/python/3.12.1/lib/python3.12/site-packages/airflow/example_dags/example_python_operator.py took 0.062 seconds
[2026-04-29T00:16:18.125+0000] {processor.py:186} INFO - Started process (PID=79024) to work on /usr/local/python/3.12.1/lib/python3.12/site-packages/airflow/example_dags/example_python_operator.py
[2026-04-29T00:16:18.126+0000] {processor.py:914} INFO - Processing file /usr/local/python/3.12.1/lib/python3.12/site-packages/airflow/example_dags/example_python_operator.py for tasks to queue
[2026-04-29T00:16:18.127+0000] {logging_mixin.py:190} INFO - [2026-04-29T00:16:18.127+0000] {dagbag.py:588} INFO - Filling up the DagBag from /usr/local/python/3.12.1/lib/python3.12/site-packages/airflow/example_dags/example_python_operator.py
[2026-04-29T00:16:18.140+0000] {processor.py:925} INFO - DAG(s) 'example_python_operator' retrieved from /usr/local/python/3.12.1/lib/python3.12/site-packages/airflow/example_dags/example_python_operator.py
[2026-04-29T00:16:18.154+0000] {logging_mixin.py:190} INFO - [2026-04-29T00:16:18.154+0000] {dag.py:3239} INFO - Sync 1 DAGs
[2026-04-29T00:16:18.164+0000] {logging_mixin.py:190} INFO - [2026-04-29T00:16:18.164+0000] {dag.py:4180} INFO - Setting next_dagrun for example_python_operator to None, run_after=None
[2026-04-29T00:16:18.180+0000] {processor.py:208} INFO - Processing /usr/local/python/3.12.1/lib/python3.12/site-packages/airflow/example_dags/example_python_operator.py took 0.061 seconds
[2026-04-29T00:18:00.472+0000] {processor.py:186} INFO - Started process (PID=80896) to work on /usr/local/python/3.12.1/lib/python3.12/site-packages/airflow/example_dags/example_python_operator.py
[2026-04-29T00:18:00.472+0000] {processor.py:914} INFO - Processing file /usr/local/python/3.12.1/lib/python3.12/site-packages/airflow/example_dags/example_python_operator.py for tasks to queue
[2026-04-29T00:18:00.473+0000] {logging_mixin.py:190} INFO - [2026-04-29T00:18:00.473+0000] {dagbag.py:588} INFO - Filling up the DagBag from /usr/local/python/3.12.1/lib/python3.12/site-packages/airflow/example_dags/example_python_operator.py
[2026-04-29T00:18:00.484+0000] {processor.py:925} INFO - DAG(s) 'example_python_operator' retrieved from /usr/local/python/3.12.1/lib/python3.12/site-packages/airflow/example_dags/example_python_operator.py
[2026-04-29T00:18:00.499+0000] {logging_mixin.py:190} INFO - [2026-04-29T00:18:00.498+0000] {dag.py:3239} INFO - Sync 1 DAGs
[2026-04-29T00:18:00.510+0000] {logging_mixin.py:190} INFO - [2026-04-29T00:18:00.510+0000] {dag.py:4180} INFO - Setting next_dagrun for example_python_operator to None, run_after=None
[2026-04-29T00:18:00.529+0000] {processor.py:208} INFO - Processing /usr/local/python/3.12.1/lib/python3.12/site-packages/airflow/example_dags/example_python_operator.py took 0.062 seconds
[2026-04-29T00:19:32.751+0000] {processor.py:186} INFO - Started process (PID=82747) to work on /usr/local/python/3.12.1/lib/python3.12/site-packages/airflow/example_dags/example_python_operator.py
[2026-04-29T00:19:32.752+0000] {processor.py:914} INFO - Processing file /usr/local/python/3.12.1/lib/python3.12/site-packages/airflow/example_dags/example_python_operator.py for tasks to queue
[2026-04-29T00:19:32.753+0000] {logging_mixin.py:190} INFO - [2026-04-29T00:19:32.753+0000] {dagbag.py:588} INFO - Filling up the DagBag from /usr/local/python/3.12.1/lib/python3.12/site-packages/airflow/example_dags/example_python_operator.py
[2026-04-29T00:19:32.764+0000] {processor.py:925} INFO - DAG(s) 'example_python_operator' retrieved from /usr/local/python/3.12.1/lib/python3.12/site-packages/airflow/example_dags/example_python_operator.py
[2026-04-29T00:19:32.778+0000] {logging_mixin.py:190} INFO - [2026-04-29T00:19:32.777+0000] {dag.py:3239} INFO - Sync 1 DAGs
[2026-04-29T00:19:32.787+0000] {logging_mixin.py:190} INFO - [2026-04-29T00:19:32.787+0000] {dag.py:4180} INFO - Setting next_dagrun for example_python_operator to None, run_after=None
[2026-04-29T00:19:32.803+0000] {processor.py:208} INFO - Processing /usr/local/python/3.12.1/lib/python3.12/site-packages/airflow/example_dags/example_python_operator.py took 0.056 seconds
[2026-04-29T00:21:04.853+0000] {processor.py:186} INFO - Started process (PID=84542) to work on /usr/local/python/3.12.1/lib/python3.12/site-packages/airflow/example_dags/example_python_operator.py
[2026-04-29T00:21:04.854+0000] {processor.py:914} INFO - Processing file /usr/local/python/3.12.1/lib/python3.12/site-packages/airflow/example_dags/example_python_operator.py for tasks to queue
[2026-04-29T00:21:04.855+0000] {logging_mixin.py:190} INFO - [2026-04-29T00:21:04.855+0000] {dagbag.py:588} INFO - Filling up the DagBag from /usr/local/python/3.12.1/lib/python3.12/site-packages/airflow/example_dags/example_python_operator.py
[2026-04-29T00:21:04.865+0000] {processor.py:925} INFO - DAG(s) 'example_python_operator' retrieved from /usr/local/python/3.12.1/lib/python3.12/site-packages/airflow/example_dags/example_python_operator.py
[2026-04-29T00:21:04.880+0000] {logging_mixin.py:190} INFO - [2026-04-29T00:21:04.879+0000] {dag.py:3239} INFO - Sync 1 DAGs
[2026-04-29T00:21:04.890+0000] {logging_mixin.py:190} INFO - [2026-04-29T00:21:04.890+0000] {dag.py:4180} INFO - Setting next_dagrun for example_python_operator to None, run_after=None
[2026-04-29T00:21:04.907+0000] {processor.py:208} INFO - Processing /usr/local/python/3.12.1/lib/python3.12/site-packages/airflow/example_dags/example_python_operator.py took 0.058 seconds
[2026-04-29T00:22:32.764+0000] {processor.py:186} INFO - Started process (PID=86312) to work on /usr/local/python/3.12.1/lib/python3.12/site-packages/airflow/example_dags/example_python_operator.py
[2026-04-29T00:22:32.765+0000] {processor.py:914} INFO - Processing file /usr/local/python/3.12.1/lib/python3.12/site-packages/airflow/example_dags/example_python_operator.py for tasks to queue
[2026-04-29T00:22:32.766+0000] {logging_mixin.py:190} INFO - [2026-04-29T00:22:32.765+0000] {dagbag.py:588} INFO - Filling up the DagBag from /usr/local/python/3.12.1/lib/python3.12/site-packages/airflow/example_dags/example_python_operator.py
[2026-04-29T00:22:32.776+0000] {processor.py:925} INFO - DAG(s) 'example_python_operator' retrieved from /usr/local/python/3.12.1/lib/python3.12/site-packages/airflow/example_dags/example_python_operator.py
[2026-04-29T00:22:32.791+0000] {logging_mixin.py:190} INFO - [2026-04-29T00:22:32.791+0000] {dag.py:3239} INFO - Sync 1 DAGs
[2026-04-29T00:22:32.801+0000] {logging_mixin.py:190} INFO - [2026-04-29T00:22:32.800+0000] {dag.py:4180} INFO - Setting next_dagrun for example_python_operator to None, run_after=None
[2026-04-29T00:22:32.818+0000] {processor.py:208} INFO - Processing /usr/local/python/3.12.1/lib/python3.12/site-packages/airflow/example_dags/example_python_operator.py took 0.059 seconds
[2026-04-29T00:24:05.394+0000] {processor.py:186} INFO - Started process (PID=88107) to work on /usr/local/python/3.12.1/lib/python3.12/site-packages/airflow/example_dags/example_python_operator.py
[2026-04-29T00:24:05.394+0000] {processor.py:914} INFO - Processing file /usr/local/python/3.12.1/lib/python3.12/site-packages/airflow/example_dags/example_python_operator.py for tasks to queue
[2026-04-29T00:24:05.395+0000] {logging_mixin.py:190} INFO - [2026-04-29T00:24:05.395+0000] {dagbag.py:588} INFO - Filling up the DagBag from /usr/local/python/3.12.1/lib/python3.12/site-packages/airflow/example_dags/example_python_operator.py
[2026-04-29T00:24:05.407+0000] {processor.py:925} INFO - DAG(s) 'example_python_operator' retrieved from /usr/local/python/3.12.1/lib/python3.12/site-packages/airflow/example_dags/example_python_operator.py
[2026-04-29T00:24:05.423+0000] {logging_mixin.py:190} INFO - [2026-04-29T00:24:05.423+0000] {dag.py:3239} INFO - Sync 1 DAGs
[2026-04-29T00:24:05.436+0000] {logging_mixin.py:190} INFO - [2026-04-29T00:24:05.435+0000] {dag.py:4180} INFO - Setting next_dagrun for example_python_operator to None, run_after=None
[2026-04-29T00:24:05.455+0000] {processor.py:208} INFO - Processing /usr/local/python/3.12.1/lib/python3.12/site-packages/airflow/example_dags/example_python_operator.py took 0.066 seconds
[2026-04-29T00:25:36.074+0000] {processor.py:186} INFO - Started process (PID=89916) to work on /usr/local/python/3.12.1/lib/python3.12/site-packages/airflow/example_dags/example_python_operator.py
[2026-04-29T00:25:36.075+0000] {processor.py:914} INFO - Processing file /usr/local/python/3.12.1/lib/python3.12/site-packages/airflow/example_dags/example_python_operator.py for tasks to queue
[2026-04-29T00:25:36.076+0000] {logging_mixin.py:190} INFO - [2026-04-29T00:25:36.075+0000] {dagbag.py:588} INFO - Filling up the DagBag from /usr/local/python/3.12.1/lib/python3.12/site-packages/airflow/example_dags/example_python_operator.py
[2026-04-29T00:25:36.089+0000] {processor.py:925} INFO - DAG(s) 'example_python_operator' retrieved from /usr/local/python/3.12.1/lib/python3.12/site-packages/airflow/example_dags/example_python_operator.py
[2026-04-29T00:25:36.104+0000] {logging_mixin.py:190} INFO - [2026-04-29T00:25:36.104+0000] {dag.py:3239} INFO - Sync 1 DAGs
[2026-04-29T00:25:36.116+0000] {logging_mixin.py:190} INFO - [2026-04-29T00:25:36.116+0000] {dag.py:4180} INFO - Setting next_dagrun for example_python_operator to None, run_after=None
[2026-04-29T00:25:36.139+0000] {processor.py:208} INFO - Processing /usr/local/python/3.12.1/lib/python3.12/site-packages/airflow/example_dags/example_python_operator.py took 0.069 seconds
[2026-04-29T00:27:07.853+0000] {processor.py:186} INFO - Started process (PID=91781) to work on /usr/local/python/3.12.1/lib/python3.12/site-packages/airflow/example_dags/example_python_operator.py
[2026-04-29T00:27:07.855+0000] {processor.py:914} INFO - Processing file /usr/local/python/3.12.1/lib/python3.12/site-packages/airflow/example_dags/example_python_operator.py for tasks to queue
[2026-04-29T00:27:07.857+0000] {logging_mixin.py:190} INFO - [2026-04-29T00:27:07.856+0000] {dagbag.py:588} INFO - Filling up the DagBag from /usr/local/python/3.12.1/lib/python3.12/site-packages/airflow/example_dags/example_python_operator.py
[2026-04-29T00:27:07.888+0000] {processor.py:925} INFO - DAG(s) 'example_python_operator' retrieved from /usr/local/python/3.12.1/lib/python3.12/site-packages/airflow/example_dags/example_python_operator.py
[2026-04-29T00:27:07.906+0000] {logging_mixin.py:190} INFO - [2026-04-29T00:27:07.906+0000] {dag.py:3239} INFO - Sync 1 DAGs
[2026-04-29T00:27:07.918+0000] {logging_mixin.py:190} INFO - [2026-04-29T00:27:07.918+0000] {dag.py:4180} INFO - Setting next_dagrun for example_python_operator to None, run_after=None
[2026-04-29T00:27:07.944+0000] {processor.py:208} INFO - Processing /usr/local/python/3.12.1/lib/python3.12/site-packages/airflow/example_dags/example_python_operator.py took 0.097 seconds
[2026-04-29T00:29:02.272+0000] {processor.py:186} INFO - Started process (PID=94097) to work on /usr/local/python/3.12.1/lib/python3.12/site-packages/airflow/example_dags/example_python_operator.py
[2026-04-29T00:29:02.273+0000] {processor.py:914} INFO - Processing file /usr/local/python/3.12.1/lib/python3.12/site-packages/airflow/example_dags/example_python_operator.py for tasks to queue
[2026-04-29T00:29:02.274+0000] {logging_mixin.py:190} INFO - [2026-04-29T00:29:02.274+0000] {dagbag.py:588} INFO - Filling up the DagBag from /usr/local/python/3.12.1/lib/python3.12/site-packages/airflow/example_dags/example_python_operator.py
[2026-04-29T00:29:02.285+0000] {processor.py:925} INFO - DAG(s) 'example_python_operator' retrieved from /usr/local/python/3.12.1/lib/python3.12/site-packages/airflow/example_dags/example_python_operator.py
[2026-04-29T00:29:02.301+0000] {logging_mixin.py:190} INFO - [2026-04-29T00:29:02.301+0000] {dag.py:3239} INFO - Sync 1 DAGs
[2026-04-29T00:29:02.311+0000] {logging_mixin.py:190} INFO - [2026-04-29T00:29:02.311+0000] {dag.py:4180} INFO - Setting next_dagrun for example_python_operator to None, run_after=None
[2026-04-29T00:29:02.332+0000] {processor.py:208} INFO - Processing /usr/local/python/3.12.1/lib/python3.12/site-packages/airflow/example_dags/example_python_operator.py took 0.064 seconds
[2026-04-29T00:30:30.457+0000] {processor.py:186} INFO - Started process (PID=95809) to work on /usr/local/python/3.12.1/lib/python3.12/site-packages/airflow/example_dags/example_python_operator.py
[2026-04-29T00:30:30.457+0000] {processor.py:914} INFO - Processing file /usr/local/python/3.12.1/lib/python3.12/site-packages/airflow/example_dags/example_python_operator.py for tasks to queue
[2026-04-29T00:30:30.458+0000] {logging_mixin.py:190} INFO - [2026-04-29T00:30:30.458+0000] {dagbag.py:588} INFO - Filling up the DagBag from /usr/local/python/3.12.1/lib/python3.12/site-packages/airflow/example_dags/example_python_operator.py
[2026-04-29T00:30:30.469+0000] {processor.py:925} INFO - DAG(s) 'example_python_operator' retrieved from /usr/local/python/3.12.1/lib/python3.12/site-packages/airflow/example_dags/example_python_operator.py
[2026-04-29T00:30:30.483+0000] {logging_mixin.py:190} INFO - [2026-04-29T00:30:30.483+0000] {dag.py:3239} INFO - Sync 1 DAGs
[2026-04-29T00:30:30.495+0000] {logging_mixin.py:190} INFO - [2026-04-29T00:30:30.495+0000] {dag.py:4180} INFO - Setting next_dagrun for example_python_operator to None, run_after=None
[2026-04-29T00:30:30.511+0000] {processor.py:208} INFO - Processing /usr/local/python/3.12.1/lib/python3.12/site-packages/airflow/example_dags/example_python_operator.py took 0.058 seconds
[2026-04-29T00:31:58.918+0000] {processor.py:186} INFO - Started process (PID=97597) to work on /usr/local/python/3.12.1/lib/python3.12/site-packages/airflow/example_dags/example_python_operator.py
[2026-04-29T00:31:58.919+0000] {processor.py:914} INFO - Processing file /usr/local/python/3.12.1/lib/python3.12/site-packages/airflow/example_dags/example_python_operator.py for tasks to queue
[2026-04-29T00:31:58.921+0000] {logging_mixin.py:190} INFO - [2026-04-29T00:31:58.920+0000] {dagbag.py:588} INFO - Filling up the DagBag from /usr/local/python/3.12.1/lib/python3.12/site-packages/airflow/example_dags/example_python_operator.py
[2026-04-29T00:31:58.934+0000] {processor.py:925} INFO - DAG(s) 'example_python_operator' retrieved from /usr/local/python/3.12.1/lib/python3.12/site-packages/airflow/example_dags/example_python_operator.py
[2026-04-29T00:31:58.950+0000] {logging_mixin.py:190} INFO - [2026-04-29T00:31:58.949+0000] {dag.py:3239} INFO - Sync 1 DAGs
[2026-04-29T00:31:58.960+0000] {logging_mixin.py:190} INFO - [2026-04-29T00:31:58.960+0000] {dag.py:4180} INFO - Setting next_dagrun for example_python_operator to None, run_after=None
[2026-04-29T00:31:58.977+0000] {processor.py:208} INFO - Processing /usr/local/python/3.12.1/lib/python3.12/site-packages/airflow/example_dags/example_python_operator.py took 0.064 seconds
[2026-04-29T00:33:30.858+0000] {processor.py:186} INFO - Started process (PID=99382) to work on /usr/local/python/3.12.1/lib/python3.12/site-packages/airflow/example_dags/example_python_operator.py
[2026-04-29T00:33:30.859+0000] {processor.py:914} INFO - Processing file /usr/local/python/3.12.1/lib/python3.12/site-packages/airflow/example_dags/example_python_operator.py for tasks to queue
[2026-04-29T00:33:30.860+0000] {logging_mixin.py:190} INFO - [2026-04-29T00:33:30.859+0000] {dagbag.py:588} INFO - Filling up the DagBag from /usr/local/python/3.12.1/lib/python3.12/site-packages/airflow/example_dags/example_python_operator.py
[2026-04-29T00:33:30.881+0000] {processor.py:925} INFO - DAG(s) 'example_python_operator' retrieved from /usr/local/python/3.12.1/lib/python3.12/site-packages/airflow/example_dags/example_python_operator.py
[2026-04-29T00:33:30.950+0000] {logging_mixin.py:190} INFO - [2026-04-29T00:33:30.948+0000] {dag.py:3239} INFO - Sync 1 DAGs
[2026-04-29T00:33:30.978+0000] {logging_mixin.py:190} INFO - [2026-04-29T00:33:30.978+0000] {dag.py:4180} INFO - Setting next_dagrun for example_python_operator to None, run_after=None
[2026-04-29T00:33:30.999+0000] {processor.py:208} INFO - Processing /usr/local/python/3.12.1/lib/python3.12/site-packages/airflow/example_dags/example_python_operator.py took 0.145 seconds
[2026-04-29T00:35:05.717+0000] {processor.py:186} INFO - Started process (PID=101282) to work on /usr/local/python/3.12.1/lib/python3.12/site-packages/airflow/example_dags/example_python_operator.py
[2026-04-29T00:35:05.718+0000] {processor.py:914} INFO - Processing file /usr/local/python/3.12.1/lib/python3.12/site-packages/airflow/example_dags/example_python_operator.py for tasks to queue
[2026-04-29T00:35:05.719+0000] {logging_mixin.py:190} INFO - [2026-04-29T00:35:05.719+0000] {dagbag.py:588} INFO - Filling up the DagBag from /usr/local/python/3.12.1/lib/python3.12/site-packages/airflow/example_dags/example_python_operator.py
[2026-04-29T00:35:05.733+0000] {processor.py:925} INFO - DAG(s) 'example_python_operator' retrieved from /usr/local/python/3.12.1/lib/python3.12/site-packages/airflow/example_dags/example_python_operator.py
[2026-04-29T00:35:05.747+0000] {logging_mixin.py:190} INFO - [2026-04-29T00:35:05.747+0000] {dag.py:3239} INFO - Sync 1 DAGs
[2026-04-29T00:35:05.758+0000] {logging_mixin.py:190} INFO - [2026-04-29T00:35:05.758+0000] {dag.py:4180} INFO - Setting next_dagrun for example_python_operator to None, run_after=None
[2026-04-29T00:35:05.775+0000] {processor.py:208} INFO - Processing /usr/local/python/3.12.1/lib/python3.12/site-packages/airflow/example_dags/example_python_operator.py took 0.063 seconds
[2026-04-29T00:36:38.799+0000] {processor.py:186} INFO - Started process (PID=103178) to work on /usr/local/python/3.12.1/lib/python3.12/site-packages/airflow/example_dags/example_python_operator.py
[2026-04-29T00:36:38.800+0000] {processor.py:914} INFO - Processing file /usr/local/python/3.12.1/lib/python3.12/site-packages/airflow/example_dags/example_python_operator.py for tasks to queue
[2026-04-29T00:36:38.801+0000] {logging_mixin.py:190} INFO - [2026-04-29T00:36:38.801+0000] {dagbag.py:588} INFO - Filling up the DagBag from /usr/local/python/3.12.1/lib/python3.12/site-packages/airflow/example_dags/example_python_operator.py
[2026-04-29T00:36:38.811+0000] {processor.py:925} INFO - DAG(s) 'example_python_operator' retrieved from /usr/local/python/3.12.1/lib/python3.12/site-packages/airflow/example_dags/example_python_operator.py
[2026-04-29T00:36:38.830+0000] {logging_mixin.py:190} INFO - [2026-04-29T00:36:38.830+0000] {dag.py:3239} INFO - Sync 1 DAGs
[2026-04-29T00:36:38.842+0000] {logging_mixin.py:190} INFO - [2026-04-29T00:36:38.841+0000] {dag.py:4180} INFO - Setting next_dagrun for example_python_operator to None, run_after=None
[2026-04-29T00:36:38.858+0000] {processor.py:208} INFO - Processing /usr/local/python/3.12.1/lib/python3.12/site-packages/airflow/example_dags/example_python_operator.py took 0.063 seconds
[2026-04-29T00:38:08.555+0000] {processor.py:186} INFO - Started process (PID=104967) to work on /usr/local/python/3.12.1/lib/python3.12/site-packages/airflow/example_dags/example_python_operator.py
[2026-04-29T00:38:08.556+0000] {processor.py:914} INFO - Processing file /usr/local/python/3.12.1/lib/python3.12/site-packages/airflow/example_dags/example_python_operator.py for tasks to queue
[2026-04-29T00:38:08.557+0000] {logging_mixin.py:190} INFO - [2026-04-29T00:38:08.556+0000] {dagbag.py:588} INFO - Filling up the DagBag from /usr/local/python/3.12.1/lib/python3.12/site-packages/airflow/example_dags/example_python_operator.py
[2026-04-29T00:38:08.568+0000] {processor.py:925} INFO - DAG(s) 'example_python_operator' retrieved from /usr/local/python/3.12.1/lib/python3.12/site-packages/airflow/example_dags/example_python_operator.py
[2026-04-29T00:38:08.583+0000] {logging_mixin.py:190} INFO - [2026-04-29T00:38:08.583+0000] {dag.py:3239} INFO - Sync 1 DAGs
[2026-04-29T00:38:08.595+0000] {logging_mixin.py:190} INFO - [2026-04-29T00:38:08.595+0000] {dag.py:4180} INFO - Setting next_dagrun for example_python_operator to None, run_after=None
[2026-04-29T00:38:08.611+0000] {processor.py:208} INFO - Processing /usr/local/python/3.12.1/lib/python3.12/site-packages/airflow/example_dags/example_python_operator.py took 0.061 seconds
[2026-04-29T00:39:39.109+0000] {processor.py:186} INFO - Started process (PID=106760) to work on /usr/local/python/3.12.1/lib/python3.12/site-packages/airflow/example_dags/example_python_operator.py
[2026-04-29T00:39:39.109+0000] {processor.py:914} INFO - Processing file /usr/local/python/3.12.1/lib/python3.12/site-packages/airflow/example_dags/example_python_operator.py for tasks to queue
[2026-04-29T00:39:39.110+0000] {logging_mixin.py:190} INFO - [2026-04-29T00:39:39.110+0000] {dagbag.py:588} INFO - Filling up the DagBag from /usr/local/python/3.12.1/lib/python3.12/site-packages/airflow/example_dags/example_python_operator.py
[2026-04-29T00:39:39.128+0000] {processor.py:925} INFO - DAG(s) 'example_python_operator' retrieved from /usr/local/python/3.12.1/lib/python3.12/site-packages/airflow/example_dags/example_python_operator.py
[2026-04-29T00:39:39.146+0000] {logging_mixin.py:190} INFO - [2026-04-29T00:39:39.146+0000] {dag.py:3239} INFO - Sync 1 DAGs
[2026-04-29T00:39:39.156+0000] {logging_mixin.py:190} INFO - [2026-04-29T00:39:39.156+0000] {dag.py:4180} INFO - Setting next_dagrun for example_python_operator to None, run_after=None
[2026-04-29T00:39:39.173+0000] {processor.py:208} INFO - Processing /usr/local/python/3.12.1/lib/python3.12/site-packages/airflow/example_dags/example_python_operator.py took 0.069 seconds
[2026-04-29T00:41:04.862+0000] {processor.py:186} INFO - Started process (PID=108489) to work on /usr/local/python/3.12.1/lib/python3.12/site-packages/airflow/example_dags/example_python_operator.py
[2026-04-29T00:41:04.863+0000] {processor.py:914} INFO - Processing file /usr/local/python/3.12.1/lib/python3.12/site-packages/airflow/example_dags/example_python_operator.py for tasks to queue
[2026-04-29T00:41:04.867+0000] {logging_mixin.py:190} INFO - [2026-04-29T00:41:04.864+0000] {dagbag.py:588} INFO - Filling up the DagBag from /usr/local/python/3.12.1/lib/python3.12/site-packages/airflow/example_dags/example_python_operator.py
[2026-04-29T00:41:04.892+0000] {processor.py:925} INFO - DAG(s) 'example_python_operator' retrieved from /usr/local/python/3.12.1/lib/python3.12/site-packages/airflow/example_dags/example_python_operator.py
[2026-04-29T00:41:04.911+0000] {logging_mixin.py:190} INFO - [2026-04-29T00:41:04.911+0000] {dag.py:3239} INFO - Sync 1 DAGs
[2026-04-29T00:41:04.935+0000] {logging_mixin.py:190} INFO - [2026-04-29T00:41:04.933+0000] {dag.py:4180} INFO - Setting next_dagrun for example_python_operator to None, run_after=None
[2026-04-29T00:41:04.961+0000] {processor.py:208} INFO - Processing /usr/local/python/3.12.1/lib/python3.12/site-packages/airflow/example_dags/example_python_operator.py took 0.112 seconds
[2026-04-29T00:42:33.137+0000] {processor.py:186} INFO - Started process (PID=110256) to work on /usr/local/python/3.12.1/lib/python3.12/site-packages/airflow/example_dags/example_python_operator.py
[2026-04-29T00:42:33.137+0000] {processor.py:914} INFO - Processing file /usr/local/python/3.12.1/lib/python3.12/site-packages/airflow/example_dags/example_python_operator.py for tasks to queue
[2026-04-29T00:42:33.139+0000] {logging_mixin.py:190} INFO - [2026-04-29T00:42:33.138+0000] {dagbag.py:588} INFO - Filling up the DagBag from /usr/local/python/3.12.1/lib/python3.12/site-packages/airflow/example_dags/example_python_operator.py
[2026-04-29T00:42:33.150+0000] {processor.py:925} INFO - DAG(s) 'example_python_operator' retrieved from /usr/local/python/3.12.1/lib/python3.12/site-packages/airflow/example_dags/example_python_operator.py
[2026-04-29T00:42:33.166+0000] {logging_mixin.py:190} INFO - [2026-04-29T00:42:33.166+0000] {dag.py:3239} INFO - Sync 1 DAGs
[2026-04-29T00:42:33.177+0000] {logging_mixin.py:190} INFO - [2026-04-29T00:42:33.177+0000] {dag.py:4180} INFO - Setting next_dagrun for example_python_operator to None, run_after=None
[2026-04-29T00:42:33.194+0000] {processor.py:208} INFO - Processing /usr/local/python/3.12.1/lib/python3.12/site-packages/airflow/example_dags/example_python_operator.py took 0.063 seconds
[2026-04-29T00:44:24.735+0000] {processor.py:186} INFO - Started process (PID=112468) to work on /usr/local/python/3.12.1/lib/python3.12/site-packages/airflow/example_dags/example_python_operator.py
[2026-04-29T00:44:24.736+0000] {processor.py:914} INFO - Processing file /usr/local/python/3.12.1/lib/python3.12/site-packages/airflow/example_dags/example_python_operator.py for tasks to queue
[2026-04-29T00:44:24.737+0000] {logging_mixin.py:190} INFO - [2026-04-29T00:44:24.736+0000] {dagbag.py:588} INFO - Filling up the DagBag from /usr/local/python/3.12.1/lib/python3.12/site-packages/airflow/example_dags/example_python_operator.py
[2026-04-29T00:44:24.749+0000] {processor.py:925} INFO - DAG(s) 'example_python_operator' retrieved from /usr/local/python/3.12.1/lib/python3.12/site-packages/airflow/example_dags/example_python_operator.py
[2026-04-29T00:44:24.763+0000] {logging_mixin.py:190} INFO - [2026-04-29T00:44:24.763+0000] {dag.py:3239} INFO - Sync 1 DAGs
[2026-04-29T00:44:24.775+0000] {logging_mixin.py:190} INFO - [2026-04-29T00:44:24.775+0000] {dag.py:4180} INFO - Setting next_dagrun for example_python_operator to None, run_after=None
[2026-04-29T00:44:24.791+0000] {processor.py:208} INFO - Processing /usr/local/python/3.12.1/lib/python3.12/site-packages/airflow/example_dags/example_python_operator.py took 0.061 seconds
[2026-04-29T00:45:59.691+0000] {processor.py:186} INFO - Started process (PID=114330) to work on /usr/local/python/3.12.1/lib/python3.12/site-packages/airflow/example_dags/example_python_operator.py
[2026-04-29T00:45:59.692+0000] {processor.py:914} INFO - Processing file /usr/local/python/3.12.1/lib/python3.12/site-packages/airflow/example_dags/example_python_operator.py for tasks to queue
[2026-04-29T00:45:59.693+0000] {logging_mixin.py:190} INFO - [2026-04-29T00:45:59.693+0000] {dagbag.py:588} INFO - Filling up the DagBag from /usr/local/python/3.12.1/lib/python3.12/site-packages/airflow/example_dags/example_python_operator.py
[2026-04-29T00:45:59.704+0000] {processor.py:925} INFO - DAG(s) 'example_python_operator' retrieved from /usr/local/python/3.12.1/lib/python3.12/site-packages/airflow/example_dags/example_python_operator.py
[2026-04-29T00:45:59.720+0000] {logging_mixin.py:190} INFO - [2026-04-29T00:45:59.719+0000] {dag.py:3239} INFO - Sync 1 DAGs
[2026-04-29T00:45:59.734+0000] {logging_mixin.py:190} INFO - [2026-04-29T00:45:59.734+0000] {dag.py:4180} INFO - Setting next_dagrun for example_python_operator to None, run_after=None
[2026-04-29T00:45:59.755+0000] {processor.py:208} INFO - Processing /usr/local/python/3.12.1/lib/python3.12/site-packages/airflow/example_dags/example_python_operator.py took 0.068 seconds
[2026-04-29T00:47:31.021+0000] {processor.py:186} INFO - Started process (PID=116203) to work on /usr/local/python/3.12.1/lib/python3.12/site-packages/airflow/example_dags/example_python_operator.py
[2026-04-29T00:47:31.021+0000] {processor.py:914} INFO - Processing file /usr/local/python/3.12.1/lib/python3.12/site-packages/airflow/example_dags/example_python_operator.py for tasks to queue
[2026-04-29T00:47:31.023+0000] {logging_mixin.py:190} INFO - [2026-04-29T00:47:31.022+0000] {dagbag.py:588} INFO - Filling up the DagBag from /usr/local/python/3.12.1/lib/python3.12/site-packages/airflow/example_dags/example_python_operator.py
[2026-04-29T00:47:31.037+0000] {processor.py:925} INFO - DAG(s) 'example_python_operator' retrieved from /usr/local/python/3.12.1/lib/python3.12/site-packages/airflow/example_dags/example_python_operator.py
[2026-04-29T00:47:31.051+0000] {logging_mixin.py:190} INFO - [2026-04-29T00:47:31.051+0000] {dag.py:3239} INFO - Sync 1 DAGs
[2026-04-29T00:47:31.061+0000] {logging_mixin.py:190} INFO - [2026-04-29T00:47:31.061+0000] {dag.py:4180} INFO - Setting next_dagrun for example_python_operator to None, run_after=None
[2026-04-29T00:47:31.076+0000] {processor.py:208} INFO - Processing /usr/local/python/3.12.1/lib/python3.12/site-packages/airflow/example_dags/example_python_operator.py took 0.061 seconds
[2026-04-29T00:49:02.560+0000] {processor.py:186} INFO - Started process (PID=118074) to work on /usr/local/python/3.12.1/lib/python3.12/site-packages/airflow/example_dags/example_python_operator.py
[2026-04-29T00:49:02.561+0000] {processor.py:914} INFO - Processing file /usr/local/python/3.12.1/lib/python3.12/site-packages/airflow/example_dags/example_python_operator.py for tasks to queue
[2026-04-29T00:49:02.562+0000] {logging_mixin.py:190} INFO - [2026-04-29T00:49:02.561+0000] {dagbag.py:588} INFO - Filling up the DagBag from /usr/local/python/3.12.1/lib/python3.12/site-packages/airflow/example_dags/example_python_operator.py
[2026-04-29T00:49:02.572+0000] {processor.py:925} INFO - DAG(s) 'example_python_operator' retrieved from /usr/local/python/3.12.1/lib/python3.12/site-packages/airflow/example_dags/example_python_operator.py
[2026-04-29T00:49:02.588+0000] {logging_mixin.py:190} INFO - [2026-04-29T00:49:02.588+0000] {dag.py:3239} INFO - Sync 1 DAGs
[2026-04-29T00:49:02.599+0000] {logging_mixin.py:190} INFO - [2026-04-29T00:49:02.599+0000] {dag.py:4180} INFO - Setting next_dagrun for example_python_operator to None, run_after=None
[2026-04-29T00:49:02.615+0000] {processor.py:208} INFO - Processing /usr/local/python/3.12.1/lib/python3.12/site-packages/airflow/example_dags/example_python_operator.py took 0.060 seconds
[2026-04-29T00:50:37.272+0000] {processor.py:186} INFO - Started process (PID=120007) to work on /usr/local/python/3.12.1/lib/python3.12/site-packages/airflow/example_dags/example_python_operator.py
[2026-04-29T00:50:37.274+0000] {processor.py:914} INFO - Processing file /usr/local/python/3.12.1/lib/python3.12/site-packages/airflow/example_dags/example_python_operator.py for tasks to queue
[2026-04-29T00:50:37.276+0000] {logging_mixin.py:190} INFO - [2026-04-29T00:50:37.275+0000] {dagbag.py:588} INFO - Filling up the DagBag from /usr/local/python/3.12.1/lib/python3.12/site-packages/airflow/example_dags/example_python_operator.py
[2026-04-29T00:50:37.288+0000] {processor.py:925} INFO - DAG(s) 'example_python_operator' retrieved from /usr/local/python/3.12.1/lib/python3.12/site-packages/airflow/example_dags/example_python_operator.py
[2026-04-29T00:50:37.319+0000] {logging_mixin.py:190} INFO - [2026-04-29T00:50:37.318+0000] {dag.py:3239} INFO - Sync 1 DAGs
[2026-04-29T00:50:37.339+0000] {logging_mixin.py:190} INFO - [2026-04-29T00:50:37.338+0000] {dag.py:4180} INFO - Setting next_dagrun for example_python_operator to None, run_after=None
[2026-04-29T00:50:37.362+0000] {processor.py:208} INFO - Processing /usr/local/python/3.12.1/lib/python3.12/site-packages/airflow/example_dags/example_python_operator.py took 0.096 seconds
[2026-04-29T00:52:11.791+0000] {processor.py:186} INFO - Started process (PID=122235) to work on /usr/local/python/3.12.1/lib/python3.12/site-packages/airflow/example_dags/example_python_operator.py
[2026-04-29T00:52:11.791+0000] {processor.py:914} INFO - Processing file /usr/local/python/3.12.1/lib/python3.12/site-packages/airflow/example_dags/example_python_operator.py for tasks to queue
[2026-04-29T00:52:11.792+0000] {logging_mixin.py:190} INFO - [2026-04-29T00:52:11.792+0000] {dagbag.py:588} INFO - Filling up the DagBag from /usr/local/python/3.12.1/lib/python3.12/site-packages/airflow/example_dags/example_python_operator.py
[2026-04-29T00:52:11.805+0000] {processor.py:925} INFO - DAG(s) 'example_python_operator' retrieved from /usr/local/python/3.12.1/lib/python3.12/site-packages/airflow/example_dags/example_python_operator.py
[2026-04-29T00:52:11.826+0000] {logging_mixin.py:190} INFO - [2026-04-29T00:52:11.826+0000] {dag.py:3239} INFO - Sync 1 DAGs
[2026-04-29T00:52:11.840+0000] {logging_mixin.py:190} INFO - [2026-04-29T00:52:11.840+0000] {dag.py:4180} INFO - Setting next_dagrun for example_python_operator to None, run_after=None
[2026-04-29T00:52:11.892+0000] {processor.py:208} INFO - Processing /usr/local/python/3.12.1/lib/python3.12/site-packages/airflow/example_dags/example_python_operator.py took 0.106 seconds
[2026-04-29T00:53:51.549+0000] {processor.py:186} INFO - Started process (PID=124640) to work on /usr/local/python/3.12.1/lib/python3.12/site-packages/airflow/example_dags/example_python_operator.py
[2026-04-29T00:53:51.550+0000] {processor.py:914} INFO - Processing file /usr/local/python/3.12.1/lib/python3.12/site-packages/airflow/example_dags/example_python_operator.py for tasks to queue
[2026-04-29T00:53:51.552+0000] {logging_mixin.py:190} INFO - [2026-04-29T00:53:51.551+0000] {dagbag.py:588} INFO - Filling up the DagBag from /usr/local/python/3.12.1/lib/python3.12/site-packages/airflow/example_dags/example_python_operator.py
[2026-04-29T00:53:51.578+0000] {processor.py:925} INFO - DAG(s) 'example_python_operator' retrieved from /usr/local/python/3.12.1/lib/python3.12/site-packages/airflow/example_dags/example_python_operator.py
[2026-04-29T00:53:51.608+0000] {logging_mixin.py:190} INFO - [2026-04-29T00:53:51.607+0000] {dag.py:3239} INFO - Sync 1 DAGs
[2026-04-29T00:53:51.627+0000] {logging_mixin.py:190} INFO - [2026-04-29T00:53:51.627+0000] {dag.py:4180} INFO - Setting next_dagrun for example_python_operator to None, run_after=None
[2026-04-29T00:53:51.668+0000] {processor.py:208} INFO - Processing /usr/local/python/3.12.1/lib/python3.12/site-packages/airflow/example_dags/example_python_operator.py took 0.129 seconds
[2026-04-29T00:55:21.402+0000] {processor.py:186} INFO - Started process (PID=126467) to work on /usr/local/python/3.12.1/lib/python3.12/site-packages/airflow/example_dags/example_python_operator.py
[2026-04-29T00:55:21.403+0000] {processor.py:914} INFO - Processing file /usr/local/python/3.12.1/lib/python3.12/site-packages/airflow/example_dags/example_python_operator.py for tasks to queue
[2026-04-29T00:55:21.404+0000] {logging_mixin.py:190} INFO - [2026-04-29T00:55:21.403+0000] {dagbag.py:588} INFO - Filling up the DagBag from /usr/local/python/3.12.1/lib/python3.12/site-packages/airflow/example_dags/example_python_operator.py
[2026-04-29T00:55:21.416+0000] {processor.py:925} INFO - DAG(s) 'example_python_operator' retrieved from /usr/local/python/3.12.1/lib/python3.12/site-packages/airflow/example_dags/example_python_operator.py
[2026-04-29T00:55:21.434+0000] {logging_mixin.py:190} INFO - [2026-04-29T00:55:21.434+0000] {dag.py:3239} INFO - Sync 1 DAGs
[2026-04-29T00:55:21.445+0000] {logging_mixin.py:190} INFO - [2026-04-29T00:55:21.445+0000] {dag.py:4180} INFO - Setting next_dagrun for example_python_operator to None, run_after=None
[2026-04-29T00:55:21.461+0000] {processor.py:208} INFO - Processing /usr/local/python/3.12.1/lib/python3.12/site-packages/airflow/example_dags/example_python_operator.py took 0.064 seconds
