[2026-04-29T00:00:03.104+0000] {processor.py:186} INFO - Started process (PID=68774) to work on /usr/local/python/3.12.1/lib/python3.12/site-packages/airflow/example_dags/example_setup_teardown.py
[2026-04-29T00:00:03.105+0000] {processor.py:914} INFO - Processing file /usr/local/python/3.12.1/lib/python3.12/site-packages/airflow/example_dags/example_setup_teardown.py for tasks to queue
[2026-04-29T00:00:03.107+0000] {logging_mixin.py:190} INFO - [2026-04-29T00:00:03.106+0000] {dagbag.py:588} INFO - Filling up the DagBag from /usr/local/python/3.12.1/lib/python3.12/site-packages/airflow/example_dags/example_setup_teardown.py
[2026-04-29T00:00:03.113+0000] {processor.py:925} INFO - DAG(s) 'example_setup_teardown' retrieved from /usr/local/python/3.12.1/lib/python3.12/site-packages/airflow/example_dags/example_setup_teardown.py
[2026-04-29T00:00:03.129+0000] {logging_mixin.py:190} INFO - [2026-04-29T00:00:03.129+0000] {dag.py:3239} INFO - Sync 1 DAGs
[2026-04-29T00:00:03.140+0000] {logging_mixin.py:190} INFO - [2026-04-29T00:00:03.140+0000] {dag.py:4180} INFO - Setting next_dagrun for example_setup_teardown to None, run_after=None
[2026-04-29T00:00:03.157+0000] {processor.py:208} INFO - Processing /usr/local/python/3.12.1/lib/python3.12/site-packages/airflow/example_dags/example_setup_teardown.py took 0.057 seconds
[2026-04-29T00:01:29.253+0000] {processor.py:186} INFO - Started process (PID=69550) to work on /usr/local/python/3.12.1/lib/python3.12/site-packages/airflow/example_dags/example_setup_teardown.py
[2026-04-29T00:01:29.254+0000] {processor.py:914} INFO - Processing file /usr/local/python/3.12.1/lib/python3.12/site-packages/airflow/example_dags/example_setup_teardown.py for tasks to queue
[2026-04-29T00:01:29.255+0000] {logging_mixin.py:190} INFO - [2026-04-29T00:01:29.255+0000] {dagbag.py:588} INFO - Filling up the DagBag from /usr/local/python/3.12.1/lib/python3.12/site-packages/airflow/example_dags/example_setup_teardown.py
[2026-04-29T00:01:29.262+0000] {processor.py:925} INFO - DAG(s) 'example_setup_teardown' retrieved from /usr/local/python/3.12.1/lib/python3.12/site-packages/airflow/example_dags/example_setup_teardown.py
[2026-04-29T00:01:29.275+0000] {logging_mixin.py:190} INFO - [2026-04-29T00:01:29.275+0000] {dag.py:3239} INFO - Sync 1 DAGs
[2026-04-29T00:01:29.284+0000] {logging_mixin.py:190} INFO - [2026-04-29T00:01:29.284+0000] {dag.py:4180} INFO - Setting next_dagrun for example_setup_teardown to None, run_after=None
[2026-04-29T00:01:29.300+0000] {processor.py:208} INFO - Processing /usr/local/python/3.12.1/lib/python3.12/site-packages/airflow/example_dags/example_setup_teardown.py took 0.052 seconds
[2026-04-29T00:02:59.142+0000] {processor.py:186} INFO - Started process (PID=70419) to work on /usr/local/python/3.12.1/lib/python3.12/site-packages/airflow/example_dags/example_setup_teardown.py
[2026-04-29T00:02:59.142+0000] {processor.py:914} INFO - Processing file /usr/local/python/3.12.1/lib/python3.12/site-packages/airflow/example_dags/example_setup_teardown.py for tasks to queue
[2026-04-29T00:02:59.144+0000] {logging_mixin.py:190} INFO - [2026-04-29T00:02:59.143+0000] {dagbag.py:588} INFO - Filling up the DagBag from /usr/local/python/3.12.1/lib/python3.12/site-packages/airflow/example_dags/example_setup_teardown.py
[2026-04-29T00:02:59.151+0000] {processor.py:925} INFO - DAG(s) 'example_setup_teardown' retrieved from /usr/local/python/3.12.1/lib/python3.12/site-packages/airflow/example_dags/example_setup_teardown.py
[2026-04-29T00:02:59.163+0000] {logging_mixin.py:190} INFO - [2026-04-29T00:02:59.163+0000] {dag.py:3239} INFO - Sync 1 DAGs
[2026-04-29T00:02:59.173+0000] {logging_mixin.py:190} INFO - [2026-04-29T00:02:59.173+0000] {dag.py:4180} INFO - Setting next_dagrun for example_setup_teardown to None, run_after=None
[2026-04-29T00:02:59.192+0000] {processor.py:208} INFO - Processing /usr/local/python/3.12.1/lib/python3.12/site-packages/airflow/example_dags/example_setup_teardown.py took 0.054 seconds
[2026-04-29T00:04:31.805+0000] {processor.py:186} INFO - Started process (PID=71292) to work on /usr/local/python/3.12.1/lib/python3.12/site-packages/airflow/example_dags/example_setup_teardown.py
[2026-04-29T00:04:31.806+0000] {processor.py:914} INFO - Processing file /usr/local/python/3.12.1/lib/python3.12/site-packages/airflow/example_dags/example_setup_teardown.py for tasks to queue
[2026-04-29T00:04:31.807+0000] {logging_mixin.py:190} INFO - [2026-04-29T00:04:31.806+0000] {dagbag.py:588} INFO - Filling up the DagBag from /usr/local/python/3.12.1/lib/python3.12/site-packages/airflow/example_dags/example_setup_teardown.py
[2026-04-29T00:04:31.815+0000] {processor.py:925} INFO - DAG(s) 'example_setup_teardown' retrieved from /usr/local/python/3.12.1/lib/python3.12/site-packages/airflow/example_dags/example_setup_teardown.py
[2026-04-29T00:04:31.833+0000] {logging_mixin.py:190} INFO - [2026-04-29T00:04:31.832+0000] {dag.py:3239} INFO - Sync 1 DAGs
[2026-04-29T00:04:31.843+0000] {logging_mixin.py:190} INFO - [2026-04-29T00:04:31.843+0000] {dag.py:4180} INFO - Setting next_dagrun for example_setup_teardown to None, run_after=None
[2026-04-29T00:04:31.859+0000] {processor.py:208} INFO - Processing /usr/local/python/3.12.1/lib/python3.12/site-packages/airflow/example_dags/example_setup_teardown.py took 0.060 seconds
[2026-04-29T00:06:08.590+0000] {processor.py:186} INFO - Started process (PID=72167) to work on /usr/local/python/3.12.1/lib/python3.12/site-packages/airflow/example_dags/example_setup_teardown.py
[2026-04-29T00:06:08.591+0000] {processor.py:914} INFO - Processing file /usr/local/python/3.12.1/lib/python3.12/site-packages/airflow/example_dags/example_setup_teardown.py for tasks to queue
[2026-04-29T00:06:08.592+0000] {logging_mixin.py:190} INFO - [2026-04-29T00:06:08.591+0000] {dagbag.py:588} INFO - Filling up the DagBag from /usr/local/python/3.12.1/lib/python3.12/site-packages/airflow/example_dags/example_setup_teardown.py
[2026-04-29T00:06:08.598+0000] {processor.py:925} INFO - DAG(s) 'example_setup_teardown' retrieved from /usr/local/python/3.12.1/lib/python3.12/site-packages/airflow/example_dags/example_setup_teardown.py
[2026-04-29T00:06:08.611+0000] {logging_mixin.py:190} INFO - [2026-04-29T00:06:08.611+0000] {dag.py:3239} INFO - Sync 1 DAGs
[2026-04-29T00:06:08.626+0000] {logging_mixin.py:190} INFO - [2026-04-29T00:06:08.626+0000] {dag.py:4180} INFO - Setting next_dagrun for example_setup_teardown to None, run_after=None
[2026-04-29T00:06:08.795+0000] {processor.py:208} INFO - Processing /usr/local/python/3.12.1/lib/python3.12/site-packages/airflow/example_dags/example_setup_teardown.py took 0.210 seconds
[2026-04-29T00:07:49.613+0000] {processor.py:186} INFO - Started process (PID=73142) to work on /usr/local/python/3.12.1/lib/python3.12/site-packages/airflow/example_dags/example_setup_teardown.py
[2026-04-29T00:07:49.614+0000] {processor.py:914} INFO - Processing file /usr/local/python/3.12.1/lib/python3.12/site-packages/airflow/example_dags/example_setup_teardown.py for tasks to queue
[2026-04-29T00:07:49.615+0000] {logging_mixin.py:190} INFO - [2026-04-29T00:07:49.615+0000] {dagbag.py:588} INFO - Filling up the DagBag from /usr/local/python/3.12.1/lib/python3.12/site-packages/airflow/example_dags/example_setup_teardown.py
[2026-04-29T00:07:49.626+0000] {processor.py:925} INFO - DAG(s) 'example_setup_teardown' retrieved from /usr/local/python/3.12.1/lib/python3.12/site-packages/airflow/example_dags/example_setup_teardown.py
[2026-04-29T00:07:49.653+0000] {logging_mixin.py:190} INFO - [2026-04-29T00:07:49.653+0000] {dag.py:3239} INFO - Sync 1 DAGs
[2026-04-29T00:07:49.667+0000] {logging_mixin.py:190} INFO - [2026-04-29T00:07:49.667+0000] {dag.py:4180} INFO - Setting next_dagrun for example_setup_teardown to None, run_after=None
[2026-04-29T00:07:49.818+0000] {processor.py:208} INFO - Processing /usr/local/python/3.12.1/lib/python3.12/site-packages/airflow/example_dags/example_setup_teardown.py took 0.211 seconds
[2026-04-29T00:09:31.415+0000] {processor.py:186} INFO - Started process (PID=74079) to work on /usr/local/python/3.12.1/lib/python3.12/site-packages/airflow/example_dags/example_setup_teardown.py
[2026-04-29T00:09:31.416+0000] {processor.py:914} INFO - Processing file /usr/local/python/3.12.1/lib/python3.12/site-packages/airflow/example_dags/example_setup_teardown.py for tasks to queue
[2026-04-29T00:09:31.417+0000] {logging_mixin.py:190} INFO - [2026-04-29T00:09:31.417+0000] {dagbag.py:588} INFO - Filling up the DagBag from /usr/local/python/3.12.1/lib/python3.12/site-packages/airflow/example_dags/example_setup_teardown.py
[2026-04-29T00:09:31.426+0000] {processor.py:925} INFO - DAG(s) 'example_setup_teardown' retrieved from /usr/local/python/3.12.1/lib/python3.12/site-packages/airflow/example_dags/example_setup_teardown.py
[2026-04-29T00:09:31.441+0000] {logging_mixin.py:190} INFO - [2026-04-29T00:09:31.441+0000] {dag.py:3239} INFO - Sync 1 DAGs
[2026-04-29T00:09:31.451+0000] {logging_mixin.py:190} INFO - [2026-04-29T00:09:31.451+0000] {dag.py:4180} INFO - Setting next_dagrun for example_setup_teardown to None, run_after=None
[2026-04-29T00:09:31.468+0000] {processor.py:208} INFO - Processing /usr/local/python/3.12.1/lib/python3.12/site-packages/airflow/example_dags/example_setup_teardown.py took 0.058 seconds
[2026-04-29T00:11:22.591+0000] {processor.py:186} INFO - Started process (PID=75063) to work on /usr/local/python/3.12.1/lib/python3.12/site-packages/airflow/example_dags/example_setup_teardown.py
[2026-04-29T00:11:22.592+0000] {processor.py:914} INFO - Processing file /usr/local/python/3.12.1/lib/python3.12/site-packages/airflow/example_dags/example_setup_teardown.py for tasks to queue
[2026-04-29T00:11:22.594+0000] {logging_mixin.py:190} INFO - [2026-04-29T00:11:22.593+0000] {dagbag.py:588} INFO - Filling up the DagBag from /usr/local/python/3.12.1/lib/python3.12/site-packages/airflow/example_dags/example_setup_teardown.py
[2026-04-29T00:11:22.604+0000] {processor.py:925} INFO - DAG(s) 'example_setup_teardown' retrieved from /usr/local/python/3.12.1/lib/python3.12/site-packages/airflow/example_dags/example_setup_teardown.py
[2026-04-29T00:11:22.627+0000] {logging_mixin.py:190} INFO - [2026-04-29T00:11:22.627+0000] {dag.py:3239} INFO - Sync 1 DAGs
[2026-04-29T00:11:22.650+0000] {logging_mixin.py:190} INFO - [2026-04-29T00:11:22.650+0000] {dag.py:4180} INFO - Setting next_dagrun for example_setup_teardown to None, run_after=None
[2026-04-29T00:11:22.674+0000] {processor.py:208} INFO - Processing /usr/local/python/3.12.1/lib/python3.12/site-packages/airflow/example_dags/example_setup_teardown.py took 0.089 seconds
[2026-04-29T00:13:08.131+0000] {processor.py:186} INFO - Started process (PID=76596) to work on /usr/local/python/3.12.1/lib/python3.12/site-packages/airflow/example_dags/example_setup_teardown.py
[2026-04-29T00:13:08.132+0000] {processor.py:914} INFO - Processing file /usr/local/python/3.12.1/lib/python3.12/site-packages/airflow/example_dags/example_setup_teardown.py for tasks to queue
[2026-04-29T00:13:08.133+0000] {logging_mixin.py:190} INFO - [2026-04-29T00:13:08.133+0000] {dagbag.py:588} INFO - Filling up the DagBag from /usr/local/python/3.12.1/lib/python3.12/site-packages/airflow/example_dags/example_setup_teardown.py
[2026-04-29T00:13:08.147+0000] {processor.py:925} INFO - DAG(s) 'example_setup_teardown' retrieved from /usr/local/python/3.12.1/lib/python3.12/site-packages/airflow/example_dags/example_setup_teardown.py
[2026-04-29T00:13:08.168+0000] {logging_mixin.py:190} INFO - [2026-04-29T00:13:08.167+0000] {dag.py:3239} INFO - Sync 1 DAGs
[2026-04-29T00:13:08.366+0000] {logging_mixin.py:190} INFO - [2026-04-29T00:13:08.366+0000] {dag.py:4180} INFO - Setting next_dagrun for example_setup_teardown to None, run_after=None
[2026-04-29T00:13:08.381+0000] {processor.py:208} INFO - Processing /usr/local/python/3.12.1/lib/python3.12/site-packages/airflow/example_dags/example_setup_teardown.py took 0.257 seconds
[2026-04-29T00:14:45.146+0000] {processor.py:186} INFO - Started process (PID=77870) to work on /usr/local/python/3.12.1/lib/python3.12/site-packages/airflow/example_dags/example_setup_teardown.py
[2026-04-29T00:14:45.146+0000] {processor.py:914} INFO - Processing file /usr/local/python/3.12.1/lib/python3.12/site-packages/airflow/example_dags/example_setup_teardown.py for tasks to queue
[2026-04-29T00:14:45.148+0000] {logging_mixin.py:190} INFO - [2026-04-29T00:14:45.148+0000] {dagbag.py:588} INFO - Filling up the DagBag from /usr/local/python/3.12.1/lib/python3.12/site-packages/airflow/example_dags/example_setup_teardown.py
[2026-04-29T00:14:45.155+0000] {processor.py:925} INFO - DAG(s) 'example_setup_teardown' retrieved from /usr/local/python/3.12.1/lib/python3.12/site-packages/airflow/example_dags/example_setup_teardown.py
[2026-04-29T00:14:45.167+0000] {logging_mixin.py:190} INFO - [2026-04-29T00:14:45.167+0000] {dag.py:3239} INFO - Sync 1 DAGs
[2026-04-29T00:14:45.178+0000] {logging_mixin.py:190} INFO - [2026-04-29T00:14:45.177+0000] {dag.py:4180} INFO - Setting next_dagrun for example_setup_teardown to None, run_after=None
[2026-04-29T00:14:45.194+0000] {processor.py:208} INFO - Processing /usr/local/python/3.12.1/lib/python3.12/site-packages/airflow/example_dags/example_setup_teardown.py took 0.052 seconds
[2026-04-29T00:16:16.773+0000] {processor.py:186} INFO - Started process (PID=79014) to work on /usr/local/python/3.12.1/lib/python3.12/site-packages/airflow/example_dags/example_setup_teardown.py
[2026-04-29T00:16:16.773+0000] {processor.py:914} INFO - Processing file /usr/local/python/3.12.1/lib/python3.12/site-packages/airflow/example_dags/example_setup_teardown.py for tasks to queue
[2026-04-29T00:16:16.775+0000] {logging_mixin.py:190} INFO - [2026-04-29T00:16:16.775+0000] {dagbag.py:588} INFO - Filling up the DagBag from /usr/local/python/3.12.1/lib/python3.12/site-packages/airflow/example_dags/example_setup_teardown.py
[2026-04-29T00:16:16.783+0000] {processor.py:925} INFO - DAG(s) 'example_setup_teardown' retrieved from /usr/local/python/3.12.1/lib/python3.12/site-packages/airflow/example_dags/example_setup_teardown.py
[2026-04-29T00:16:16.796+0000] {logging_mixin.py:190} INFO - [2026-04-29T00:16:16.796+0000] {dag.py:3239} INFO - Sync 1 DAGs
[2026-04-29T00:16:16.808+0000] {logging_mixin.py:190} INFO - [2026-04-29T00:16:16.808+0000] {dag.py:4180} INFO - Setting next_dagrun for example_setup_teardown to None, run_after=None
[2026-04-29T00:16:16.840+0000] {processor.py:208} INFO - Processing /usr/local/python/3.12.1/lib/python3.12/site-packages/airflow/example_dags/example_setup_teardown.py took 0.072 seconds
[2026-04-29T00:17:58.550+0000] {processor.py:186} INFO - Started process (PID=80886) to work on /usr/local/python/3.12.1/lib/python3.12/site-packages/airflow/example_dags/example_setup_teardown.py
[2026-04-29T00:17:58.551+0000] {processor.py:914} INFO - Processing file /usr/local/python/3.12.1/lib/python3.12/site-packages/airflow/example_dags/example_setup_teardown.py for tasks to queue
[2026-04-29T00:17:58.553+0000] {logging_mixin.py:190} INFO - [2026-04-29T00:17:58.553+0000] {dagbag.py:588} INFO - Filling up the DagBag from /usr/local/python/3.12.1/lib/python3.12/site-packages/airflow/example_dags/example_setup_teardown.py
[2026-04-29T00:17:58.560+0000] {processor.py:925} INFO - DAG(s) 'example_setup_teardown' retrieved from /usr/local/python/3.12.1/lib/python3.12/site-packages/airflow/example_dags/example_setup_teardown.py
[2026-04-29T00:17:58.573+0000] {logging_mixin.py:190} INFO - [2026-04-29T00:17:58.573+0000] {dag.py:3239} INFO - Sync 1 DAGs
[2026-04-29T00:17:58.583+0000] {logging_mixin.py:190} INFO - [2026-04-29T00:17:58.583+0000] {dag.py:4180} INFO - Setting next_dagrun for example_setup_teardown to None, run_after=None
[2026-04-29T00:17:58.600+0000] {processor.py:208} INFO - Processing /usr/local/python/3.12.1/lib/python3.12/site-packages/airflow/example_dags/example_setup_teardown.py took 0.055 seconds
[2026-04-29T00:19:30.443+0000] {processor.py:186} INFO - Started process (PID=82676) to work on /usr/local/python/3.12.1/lib/python3.12/site-packages/airflow/example_dags/example_setup_teardown.py
[2026-04-29T00:19:30.444+0000] {processor.py:914} INFO - Processing file /usr/local/python/3.12.1/lib/python3.12/site-packages/airflow/example_dags/example_setup_teardown.py for tasks to queue
[2026-04-29T00:19:30.445+0000] {logging_mixin.py:190} INFO - [2026-04-29T00:19:30.445+0000] {dagbag.py:588} INFO - Filling up the DagBag from /usr/local/python/3.12.1/lib/python3.12/site-packages/airflow/example_dags/example_setup_teardown.py
[2026-04-29T00:19:30.452+0000] {processor.py:925} INFO - DAG(s) 'example_setup_teardown' retrieved from /usr/local/python/3.12.1/lib/python3.12/site-packages/airflow/example_dags/example_setup_teardown.py
[2026-04-29T00:19:30.465+0000] {logging_mixin.py:190} INFO - [2026-04-29T00:19:30.465+0000] {dag.py:3239} INFO - Sync 1 DAGs
[2026-04-29T00:19:30.476+0000] {logging_mixin.py:190} INFO - [2026-04-29T00:19:30.475+0000] {dag.py:4180} INFO - Setting next_dagrun for example_setup_teardown to None, run_after=None
[2026-04-29T00:19:30.492+0000] {processor.py:208} INFO - Processing /usr/local/python/3.12.1/lib/python3.12/site-packages/airflow/example_dags/example_setup_teardown.py took 0.053 seconds
[2026-04-29T00:21:02.540+0000] {processor.py:186} INFO - Started process (PID=84531) to work on /usr/local/python/3.12.1/lib/python3.12/site-packages/airflow/example_dags/example_setup_teardown.py
[2026-04-29T00:21:02.541+0000] {processor.py:914} INFO - Processing file /usr/local/python/3.12.1/lib/python3.12/site-packages/airflow/example_dags/example_setup_teardown.py for tasks to queue
[2026-04-29T00:21:02.542+0000] {logging_mixin.py:190} INFO - [2026-04-29T00:21:02.542+0000] {dagbag.py:588} INFO - Filling up the DagBag from /usr/local/python/3.12.1/lib/python3.12/site-packages/airflow/example_dags/example_setup_teardown.py
[2026-04-29T00:21:02.550+0000] {processor.py:925} INFO - DAG(s) 'example_setup_teardown' retrieved from /usr/local/python/3.12.1/lib/python3.12/site-packages/airflow/example_dags/example_setup_teardown.py
[2026-04-29T00:21:02.569+0000] {logging_mixin.py:190} INFO - [2026-04-29T00:21:02.568+0000] {dag.py:3239} INFO - Sync 1 DAGs
[2026-04-29T00:21:02.583+0000] {logging_mixin.py:190} INFO - [2026-04-29T00:21:02.582+0000] {dag.py:4180} INFO - Setting next_dagrun for example_setup_teardown to None, run_after=None
[2026-04-29T00:21:02.614+0000] {processor.py:208} INFO - Processing /usr/local/python/3.12.1/lib/python3.12/site-packages/airflow/example_dags/example_setup_teardown.py took 0.078 seconds
[2026-04-29T00:22:30.358+0000] {processor.py:186} INFO - Started process (PID=86220) to work on /usr/local/python/3.12.1/lib/python3.12/site-packages/airflow/example_dags/example_setup_teardown.py
[2026-04-29T00:22:30.359+0000] {processor.py:914} INFO - Processing file /usr/local/python/3.12.1/lib/python3.12/site-packages/airflow/example_dags/example_setup_teardown.py for tasks to queue
[2026-04-29T00:22:30.361+0000] {logging_mixin.py:190} INFO - [2026-04-29T00:22:30.360+0000] {dagbag.py:588} INFO - Filling up the DagBag from /usr/local/python/3.12.1/lib/python3.12/site-packages/airflow/example_dags/example_setup_teardown.py
[2026-04-29T00:22:30.383+0000] {processor.py:925} INFO - DAG(s) 'example_setup_teardown' retrieved from /usr/local/python/3.12.1/lib/python3.12/site-packages/airflow/example_dags/example_setup_teardown.py
[2026-04-29T00:22:30.407+0000] {logging_mixin.py:190} INFO - [2026-04-29T00:22:30.406+0000] {dag.py:3239} INFO - Sync 1 DAGs
[2026-04-29T00:22:30.423+0000] {logging_mixin.py:190} INFO - [2026-04-29T00:22:30.423+0000] {dag.py:4180} INFO - Setting next_dagrun for example_setup_teardown to None, run_after=None
[2026-04-29T00:22:30.487+0000] {processor.py:208} INFO - Processing /usr/local/python/3.12.1/lib/python3.12/site-packages/airflow/example_dags/example_setup_teardown.py took 0.135 seconds
[2026-04-29T00:24:03.060+0000] {processor.py:186} INFO - Started process (PID=88090) to work on /usr/local/python/3.12.1/lib/python3.12/site-packages/airflow/example_dags/example_setup_teardown.py
[2026-04-29T00:24:03.061+0000] {processor.py:914} INFO - Processing file /usr/local/python/3.12.1/lib/python3.12/site-packages/airflow/example_dags/example_setup_teardown.py for tasks to queue
[2026-04-29T00:24:03.062+0000] {logging_mixin.py:190} INFO - [2026-04-29T00:24:03.062+0000] {dagbag.py:588} INFO - Filling up the DagBag from /usr/local/python/3.12.1/lib/python3.12/site-packages/airflow/example_dags/example_setup_teardown.py
[2026-04-29T00:24:03.069+0000] {processor.py:925} INFO - DAG(s) 'example_setup_teardown' retrieved from /usr/local/python/3.12.1/lib/python3.12/site-packages/airflow/example_dags/example_setup_teardown.py
[2026-04-29T00:24:03.083+0000] {logging_mixin.py:190} INFO - [2026-04-29T00:24:03.083+0000] {dag.py:3239} INFO - Sync 1 DAGs
[2026-04-29T00:24:03.093+0000] {logging_mixin.py:190} INFO - [2026-04-29T00:24:03.093+0000] {dag.py:4180} INFO - Setting next_dagrun for example_setup_teardown to None, run_after=None
[2026-04-29T00:24:03.109+0000] {processor.py:208} INFO - Processing /usr/local/python/3.12.1/lib/python3.12/site-packages/airflow/example_dags/example_setup_teardown.py took 0.053 seconds
[2026-04-29T00:25:34.563+0000] {processor.py:186} INFO - Started process (PID=89877) to work on /usr/local/python/3.12.1/lib/python3.12/site-packages/airflow/example_dags/example_setup_teardown.py
[2026-04-29T00:25:34.564+0000] {processor.py:914} INFO - Processing file /usr/local/python/3.12.1/lib/python3.12/site-packages/airflow/example_dags/example_setup_teardown.py for tasks to queue
[2026-04-29T00:25:34.565+0000] {logging_mixin.py:190} INFO - [2026-04-29T00:25:34.565+0000] {dagbag.py:588} INFO - Filling up the DagBag from /usr/local/python/3.12.1/lib/python3.12/site-packages/airflow/example_dags/example_setup_teardown.py
[2026-04-29T00:25:34.574+0000] {processor.py:925} INFO - DAG(s) 'example_setup_teardown' retrieved from /usr/local/python/3.12.1/lib/python3.12/site-packages/airflow/example_dags/example_setup_teardown.py
[2026-04-29T00:25:34.588+0000] {logging_mixin.py:190} INFO - [2026-04-29T00:25:34.587+0000] {dag.py:3239} INFO - Sync 1 DAGs
[2026-04-29T00:25:34.598+0000] {logging_mixin.py:190} INFO - [2026-04-29T00:25:34.598+0000] {dag.py:4180} INFO - Setting next_dagrun for example_setup_teardown to None, run_after=None
[2026-04-29T00:25:34.614+0000] {processor.py:208} INFO - Processing /usr/local/python/3.12.1/lib/python3.12/site-packages/airflow/example_dags/example_setup_teardown.py took 0.055 seconds
[2026-04-29T00:27:04.997+0000] {processor.py:186} INFO - Started process (PID=91684) to work on /usr/local/python/3.12.1/lib/python3.12/site-packages/airflow/example_dags/example_setup_teardown.py
[2026-04-29T00:27:04.999+0000] {processor.py:914} INFO - Processing file /usr/local/python/3.12.1/lib/python3.12/site-packages/airflow/example_dags/example_setup_teardown.py for tasks to queue
[2026-04-29T00:27:05.005+0000] {logging_mixin.py:190} INFO - [2026-04-29T00:27:05.004+0000] {dagbag.py:588} INFO - Filling up the DagBag from /usr/local/python/3.12.1/lib/python3.12/site-packages/airflow/example_dags/example_setup_teardown.py
[2026-04-29T00:27:05.019+0000] {processor.py:925} INFO - DAG(s) 'example_setup_teardown' retrieved from /usr/local/python/3.12.1/lib/python3.12/site-packages/airflow/example_dags/example_setup_teardown.py
[2026-04-29T00:27:05.046+0000] {logging_mixin.py:190} INFO - [2026-04-29T00:27:05.046+0000] {dag.py:3239} INFO - Sync 1 DAGs
[2026-04-29T00:27:05.063+0000] {logging_mixin.py:190} INFO - [2026-04-29T00:27:05.063+0000] {dag.py:4180} INFO - Setting next_dagrun for example_setup_teardown to None, run_after=None
[2026-04-29T00:27:05.093+0000] {processor.py:208} INFO - Processing /usr/local/python/3.12.1/lib/python3.12/site-packages/airflow/example_dags/example_setup_teardown.py took 0.102 seconds
[2026-04-29T00:29:00.002+0000] {processor.py:186} INFO - Started process (PID=94017) to work on /usr/local/python/3.12.1/lib/python3.12/site-packages/airflow/example_dags/example_setup_teardown.py
[2026-04-29T00:29:00.003+0000] {processor.py:914} INFO - Processing file /usr/local/python/3.12.1/lib/python3.12/site-packages/airflow/example_dags/example_setup_teardown.py for tasks to queue
[2026-04-29T00:29:00.004+0000] {logging_mixin.py:190} INFO - [2026-04-29T00:29:00.004+0000] {dagbag.py:588} INFO - Filling up the DagBag from /usr/local/python/3.12.1/lib/python3.12/site-packages/airflow/example_dags/example_setup_teardown.py
[2026-04-29T00:29:00.011+0000] {processor.py:925} INFO - DAG(s) 'example_setup_teardown' retrieved from /usr/local/python/3.12.1/lib/python3.12/site-packages/airflow/example_dags/example_setup_teardown.py
[2026-04-29T00:29:00.028+0000] {logging_mixin.py:190} INFO - [2026-04-29T00:29:00.028+0000] {dag.py:3239} INFO - Sync 1 DAGs
[2026-04-29T00:29:00.040+0000] {logging_mixin.py:190} INFO - [2026-04-29T00:29:00.039+0000] {dag.py:4180} INFO - Setting next_dagrun for example_setup_teardown to None, run_after=None
[2026-04-29T00:29:00.055+0000] {processor.py:208} INFO - Processing /usr/local/python/3.12.1/lib/python3.12/site-packages/airflow/example_dags/example_setup_teardown.py took 0.058 seconds
[2026-04-29T00:30:28.916+0000] {processor.py:186} INFO - Started process (PID=95800) to work on /usr/local/python/3.12.1/lib/python3.12/site-packages/airflow/example_dags/example_setup_teardown.py
[2026-04-29T00:30:28.917+0000] {processor.py:914} INFO - Processing file /usr/local/python/3.12.1/lib/python3.12/site-packages/airflow/example_dags/example_setup_teardown.py for tasks to queue
[2026-04-29T00:30:28.918+0000] {logging_mixin.py:190} INFO - [2026-04-29T00:30:28.918+0000] {dagbag.py:588} INFO - Filling up the DagBag from /usr/local/python/3.12.1/lib/python3.12/site-packages/airflow/example_dags/example_setup_teardown.py
[2026-04-29T00:30:28.928+0000] {processor.py:925} INFO - DAG(s) 'example_setup_teardown' retrieved from /usr/local/python/3.12.1/lib/python3.12/site-packages/airflow/example_dags/example_setup_teardown.py
[2026-04-29T00:30:28.944+0000] {logging_mixin.py:190} INFO - [2026-04-29T00:30:28.944+0000] {dag.py:3239} INFO - Sync 1 DAGs
[2026-04-29T00:30:28.954+0000] {logging_mixin.py:190} INFO - [2026-04-29T00:30:28.954+0000] {dag.py:4180} INFO - Setting next_dagrun for example_setup_teardown to None, run_after=None
[2026-04-29T00:30:28.972+0000] {processor.py:208} INFO - Processing /usr/local/python/3.12.1/lib/python3.12/site-packages/airflow/example_dags/example_setup_teardown.py took 0.061 seconds
[2026-04-29T00:31:57.428+0000] {processor.py:186} INFO - Started process (PID=97587) to work on /usr/local/python/3.12.1/lib/python3.12/site-packages/airflow/example_dags/example_setup_teardown.py
[2026-04-29T00:31:57.429+0000] {processor.py:914} INFO - Processing file /usr/local/python/3.12.1/lib/python3.12/site-packages/airflow/example_dags/example_setup_teardown.py for tasks to queue
[2026-04-29T00:31:57.430+0000] {logging_mixin.py:190} INFO - [2026-04-29T00:31:57.430+0000] {dagbag.py:588} INFO - Filling up the DagBag from /usr/local/python/3.12.1/lib/python3.12/site-packages/airflow/example_dags/example_setup_teardown.py
[2026-04-29T00:31:57.438+0000] {processor.py:925} INFO - DAG(s) 'example_setup_teardown' retrieved from /usr/local/python/3.12.1/lib/python3.12/site-packages/airflow/example_dags/example_setup_teardown.py
[2026-04-29T00:31:57.452+0000] {logging_mixin.py:190} INFO - [2026-04-29T00:31:57.451+0000] {dag.py:3239} INFO - Sync 1 DAGs
[2026-04-29T00:31:57.462+0000] {logging_mixin.py:190} INFO - [2026-04-29T00:31:57.462+0000] {dag.py:4180} INFO - Setting next_dagrun for example_setup_teardown to None, run_after=None
[2026-04-29T00:31:57.479+0000] {processor.py:208} INFO - Processing /usr/local/python/3.12.1/lib/python3.12/site-packages/airflow/example_dags/example_setup_teardown.py took 0.056 seconds
[2026-04-29T00:33:28.400+0000] {processor.py:186} INFO - Started process (PID=99367) to work on /usr/local/python/3.12.1/lib/python3.12/site-packages/airflow/example_dags/example_setup_teardown.py
[2026-04-29T00:33:28.400+0000] {processor.py:914} INFO - Processing file /usr/local/python/3.12.1/lib/python3.12/site-packages/airflow/example_dags/example_setup_teardown.py for tasks to queue
[2026-04-29T00:33:28.401+0000] {logging_mixin.py:190} INFO - [2026-04-29T00:33:28.401+0000] {dagbag.py:588} INFO - Filling up the DagBag from /usr/local/python/3.12.1/lib/python3.12/site-packages/airflow/example_dags/example_setup_teardown.py
[2026-04-29T00:33:28.409+0000] {processor.py:925} INFO - DAG(s) 'example_setup_teardown' retrieved from /usr/local/python/3.12.1/lib/python3.12/site-packages/airflow/example_dags/example_setup_teardown.py
[2026-04-29T00:33:28.425+0000] {logging_mixin.py:190} INFO - [2026-04-29T00:33:28.424+0000] {dag.py:3239} INFO - Sync 1 DAGs
[2026-04-29T00:33:28.436+0000] {logging_mixin.py:190} INFO - [2026-04-29T00:33:28.436+0000] {dag.py:4180} INFO - Setting next_dagrun for example_setup_teardown to None, run_after=None
[2026-04-29T00:33:28.453+0000] {processor.py:208} INFO - Processing /usr/local/python/3.12.1/lib/python3.12/site-packages/airflow/example_dags/example_setup_teardown.py took 0.058 seconds
[2026-04-29T00:35:04.039+0000] {processor.py:186} INFO - Started process (PID=101272) to work on /usr/local/python/3.12.1/lib/python3.12/site-packages/airflow/example_dags/example_setup_teardown.py
[2026-04-29T00:35:04.040+0000] {processor.py:914} INFO - Processing file /usr/local/python/3.12.1/lib/python3.12/site-packages/airflow/example_dags/example_setup_teardown.py for tasks to queue
[2026-04-29T00:35:04.041+0000] {logging_mixin.py:190} INFO - [2026-04-29T00:35:04.041+0000] {dagbag.py:588} INFO - Filling up the DagBag from /usr/local/python/3.12.1/lib/python3.12/site-packages/airflow/example_dags/example_setup_teardown.py
[2026-04-29T00:35:04.049+0000] {processor.py:925} INFO - DAG(s) 'example_setup_teardown' retrieved from /usr/local/python/3.12.1/lib/python3.12/site-packages/airflow/example_dags/example_setup_teardown.py
[2026-04-29T00:35:04.062+0000] {logging_mixin.py:190} INFO - [2026-04-29T00:35:04.062+0000] {dag.py:3239} INFO - Sync 1 DAGs
[2026-04-29T00:35:04.072+0000] {logging_mixin.py:190} INFO - [2026-04-29T00:35:04.072+0000] {dag.py:4180} INFO - Setting next_dagrun for example_setup_teardown to None, run_after=None
[2026-04-29T00:35:04.089+0000] {processor.py:208} INFO - Processing /usr/local/python/3.12.1/lib/python3.12/site-packages/airflow/example_dags/example_setup_teardown.py took 0.056 seconds
[2026-04-29T00:36:36.841+0000] {processor.py:186} INFO - Started process (PID=103111) to work on /usr/local/python/3.12.1/lib/python3.12/site-packages/airflow/example_dags/example_setup_teardown.py
[2026-04-29T00:36:36.842+0000] {processor.py:914} INFO - Processing file /usr/local/python/3.12.1/lib/python3.12/site-packages/airflow/example_dags/example_setup_teardown.py for tasks to queue
[2026-04-29T00:36:36.844+0000] {logging_mixin.py:190} INFO - [2026-04-29T00:36:36.843+0000] {dagbag.py:588} INFO - Filling up the DagBag from /usr/local/python/3.12.1/lib/python3.12/site-packages/airflow/example_dags/example_setup_teardown.py
[2026-04-29T00:36:36.858+0000] {processor.py:925} INFO - DAG(s) 'example_setup_teardown' retrieved from /usr/local/python/3.12.1/lib/python3.12/site-packages/airflow/example_dags/example_setup_teardown.py
[2026-04-29T00:36:36.888+0000] {logging_mixin.py:190} INFO - [2026-04-29T00:36:36.888+0000] {dag.py:3239} INFO - Sync 1 DAGs
[2026-04-29T00:36:36.909+0000] {logging_mixin.py:190} INFO - [2026-04-29T00:36:36.908+0000] {dag.py:4180} INFO - Setting next_dagrun for example_setup_teardown to None, run_after=None
[2026-04-29T00:36:36.947+0000] {processor.py:208} INFO - Processing /usr/local/python/3.12.1/lib/python3.12/site-packages/airflow/example_dags/example_setup_teardown.py took 0.111 seconds
[2026-04-29T00:38:06.619+0000] {processor.py:186} INFO - Started process (PID=104922) to work on /usr/local/python/3.12.1/lib/python3.12/site-packages/airflow/example_dags/example_setup_teardown.py
[2026-04-29T00:38:06.621+0000] {processor.py:914} INFO - Processing file /usr/local/python/3.12.1/lib/python3.12/site-packages/airflow/example_dags/example_setup_teardown.py for tasks to queue
[2026-04-29T00:38:06.622+0000] {logging_mixin.py:190} INFO - [2026-04-29T00:38:06.622+0000] {dagbag.py:588} INFO - Filling up the DagBag from /usr/local/python/3.12.1/lib/python3.12/site-packages/airflow/example_dags/example_setup_teardown.py
[2026-04-29T00:38:06.636+0000] {processor.py:925} INFO - DAG(s) 'example_setup_teardown' retrieved from /usr/local/python/3.12.1/lib/python3.12/site-packages/airflow/example_dags/example_setup_teardown.py
[2026-04-29T00:38:06.661+0000] {logging_mixin.py:190} INFO - [2026-04-29T00:38:06.661+0000] {dag.py:3239} INFO - Sync 1 DAGs
[2026-04-29T00:38:06.676+0000] {logging_mixin.py:190} INFO - [2026-04-29T00:38:06.676+0000] {dag.py:4180} INFO - Setting next_dagrun for example_setup_teardown to None, run_after=None
[2026-04-29T00:38:06.719+0000] {processor.py:208} INFO - Processing /usr/local/python/3.12.1/lib/python3.12/site-packages/airflow/example_dags/example_setup_teardown.py took 0.106 seconds
[2026-04-29T00:39:36.833+0000] {processor.py:186} INFO - Started process (PID=106709) to work on /usr/local/python/3.12.1/lib/python3.12/site-packages/airflow/example_dags/example_setup_teardown.py
[2026-04-29T00:39:36.834+0000] {processor.py:914} INFO - Processing file /usr/local/python/3.12.1/lib/python3.12/site-packages/airflow/example_dags/example_setup_teardown.py for tasks to queue
[2026-04-29T00:39:36.835+0000] {logging_mixin.py:190} INFO - [2026-04-29T00:39:36.835+0000] {dagbag.py:588} INFO - Filling up the DagBag from /usr/local/python/3.12.1/lib/python3.12/site-packages/airflow/example_dags/example_setup_teardown.py
[2026-04-29T00:39:36.842+0000] {processor.py:925} INFO - DAG(s) 'example_setup_teardown' retrieved from /usr/local/python/3.12.1/lib/python3.12/site-packages/airflow/example_dags/example_setup_teardown.py
[2026-04-29T00:39:36.855+0000] {logging_mixin.py:190} INFO - [2026-04-29T00:39:36.855+0000] {dag.py:3239} INFO - Sync 1 DAGs
[2026-04-29T00:39:36.866+0000] {logging_mixin.py:190} INFO - [2026-04-29T00:39:36.865+0000] {dag.py:4180} INFO - Setting next_dagrun for example_setup_teardown to None, run_after=None
[2026-04-29T00:39:36.882+0000] {processor.py:208} INFO - Processing /usr/local/python/3.12.1/lib/python3.12/site-packages/airflow/example_dags/example_setup_teardown.py took 0.055 seconds
[2026-04-29T00:41:02.434+0000] {processor.py:186} INFO - Started process (PID=108455) to work on /usr/local/python/3.12.1/lib/python3.12/site-packages/airflow/example_dags/example_setup_teardown.py
[2026-04-29T00:41:02.435+0000] {processor.py:914} INFO - Processing file /usr/local/python/3.12.1/lib/python3.12/site-packages/airflow/example_dags/example_setup_teardown.py for tasks to queue
[2026-04-29T00:41:02.436+0000] {logging_mixin.py:190} INFO - [2026-04-29T00:41:02.436+0000] {dagbag.py:588} INFO - Filling up the DagBag from /usr/local/python/3.12.1/lib/python3.12/site-packages/airflow/example_dags/example_setup_teardown.py
[2026-04-29T00:41:02.443+0000] {processor.py:925} INFO - DAG(s) 'example_setup_teardown' retrieved from /usr/local/python/3.12.1/lib/python3.12/site-packages/airflow/example_dags/example_setup_teardown.py
[2026-04-29T00:41:02.457+0000] {logging_mixin.py:190} INFO - [2026-04-29T00:41:02.457+0000] {dag.py:3239} INFO - Sync 1 DAGs
[2026-04-29T00:41:02.467+0000] {logging_mixin.py:190} INFO - [2026-04-29T00:41:02.466+0000] {dag.py:4180} INFO - Setting next_dagrun for example_setup_teardown to None, run_after=None
[2026-04-29T00:41:02.483+0000] {processor.py:208} INFO - Processing /usr/local/python/3.12.1/lib/python3.12/site-packages/airflow/example_dags/example_setup_teardown.py took 0.053 seconds
[2026-04-29T00:42:31.257+0000] {processor.py:186} INFO - Started process (PID=110208) to work on /usr/local/python/3.12.1/lib/python3.12/site-packages/airflow/example_dags/example_setup_teardown.py
[2026-04-29T00:42:31.258+0000] {processor.py:914} INFO - Processing file /usr/local/python/3.12.1/lib/python3.12/site-packages/airflow/example_dags/example_setup_teardown.py for tasks to queue
[2026-04-29T00:42:31.259+0000] {logging_mixin.py:190} INFO - [2026-04-29T00:42:31.259+0000] {dagbag.py:588} INFO - Filling up the DagBag from /usr/local/python/3.12.1/lib/python3.12/site-packages/airflow/example_dags/example_setup_teardown.py
[2026-04-29T00:42:31.268+0000] {processor.py:925} INFO - DAG(s) 'example_setup_teardown' retrieved from /usr/local/python/3.12.1/lib/python3.12/site-packages/airflow/example_dags/example_setup_teardown.py
[2026-04-29T00:42:31.298+0000] {logging_mixin.py:190} INFO - [2026-04-29T00:42:31.297+0000] {dag.py:3239} INFO - Sync 1 DAGs
[2026-04-29T00:42:31.309+0000] {logging_mixin.py:190} INFO - [2026-04-29T00:42:31.309+0000] {dag.py:4180} INFO - Setting next_dagrun for example_setup_teardown to None, run_after=None
[2026-04-29T00:42:31.328+0000] {processor.py:208} INFO - Processing /usr/local/python/3.12.1/lib/python3.12/site-packages/airflow/example_dags/example_setup_teardown.py took 0.079 seconds
[2026-04-29T00:44:22.355+0000] {processor.py:186} INFO - Started process (PID=112452) to work on /usr/local/python/3.12.1/lib/python3.12/site-packages/airflow/example_dags/example_setup_teardown.py
[2026-04-29T00:44:22.356+0000] {processor.py:914} INFO - Processing file /usr/local/python/3.12.1/lib/python3.12/site-packages/airflow/example_dags/example_setup_teardown.py for tasks to queue
[2026-04-29T00:44:22.357+0000] {logging_mixin.py:190} INFO - [2026-04-29T00:44:22.356+0000] {dagbag.py:588} INFO - Filling up the DagBag from /usr/local/python/3.12.1/lib/python3.12/site-packages/airflow/example_dags/example_setup_teardown.py
[2026-04-29T00:44:22.365+0000] {processor.py:925} INFO - DAG(s) 'example_setup_teardown' retrieved from /usr/local/python/3.12.1/lib/python3.12/site-packages/airflow/example_dags/example_setup_teardown.py
[2026-04-29T00:44:22.378+0000] {logging_mixin.py:190} INFO - [2026-04-29T00:44:22.378+0000] {dag.py:3239} INFO - Sync 1 DAGs
[2026-04-29T00:44:22.388+0000] {logging_mixin.py:190} INFO - [2026-04-29T00:44:22.387+0000] {dag.py:4180} INFO - Setting next_dagrun for example_setup_teardown to None, run_after=None
[2026-04-29T00:44:22.404+0000] {processor.py:208} INFO - Processing /usr/local/python/3.12.1/lib/python3.12/site-packages/airflow/example_dags/example_setup_teardown.py took 0.053 seconds
[2026-04-29T00:45:58.004+0000] {processor.py:186} INFO - Started process (PID=114320) to work on /usr/local/python/3.12.1/lib/python3.12/site-packages/airflow/example_dags/example_setup_teardown.py
[2026-04-29T00:45:58.005+0000] {processor.py:914} INFO - Processing file /usr/local/python/3.12.1/lib/python3.12/site-packages/airflow/example_dags/example_setup_teardown.py for tasks to queue
[2026-04-29T00:45:58.006+0000] {logging_mixin.py:190} INFO - [2026-04-29T00:45:58.006+0000] {dagbag.py:588} INFO - Filling up the DagBag from /usr/local/python/3.12.1/lib/python3.12/site-packages/airflow/example_dags/example_setup_teardown.py
[2026-04-29T00:45:58.013+0000] {processor.py:925} INFO - DAG(s) 'example_setup_teardown' retrieved from /usr/local/python/3.12.1/lib/python3.12/site-packages/airflow/example_dags/example_setup_teardown.py
[2026-04-29T00:45:58.029+0000] {logging_mixin.py:190} INFO - [2026-04-29T00:45:58.029+0000] {dag.py:3239} INFO - Sync 1 DAGs
[2026-04-29T00:45:58.040+0000] {logging_mixin.py:190} INFO - [2026-04-29T00:45:58.040+0000] {dag.py:4180} INFO - Setting next_dagrun for example_setup_teardown to None, run_after=None
[2026-04-29T00:45:58.057+0000] {processor.py:208} INFO - Processing /usr/local/python/3.12.1/lib/python3.12/site-packages/airflow/example_dags/example_setup_teardown.py took 0.058 seconds
[2026-04-29T00:47:28.702+0000] {processor.py:186} INFO - Started process (PID=116162) to work on /usr/local/python/3.12.1/lib/python3.12/site-packages/airflow/example_dags/example_setup_teardown.py
[2026-04-29T00:47:28.703+0000] {processor.py:914} INFO - Processing file /usr/local/python/3.12.1/lib/python3.12/site-packages/airflow/example_dags/example_setup_teardown.py for tasks to queue
[2026-04-29T00:47:28.704+0000] {logging_mixin.py:190} INFO - [2026-04-29T00:47:28.703+0000] {dagbag.py:588} INFO - Filling up the DagBag from /usr/local/python/3.12.1/lib/python3.12/site-packages/airflow/example_dags/example_setup_teardown.py
[2026-04-29T00:47:28.711+0000] {processor.py:925} INFO - DAG(s) 'example_setup_teardown' retrieved from /usr/local/python/3.12.1/lib/python3.12/site-packages/airflow/example_dags/example_setup_teardown.py
[2026-04-29T00:47:28.726+0000] {logging_mixin.py:190} INFO - [2026-04-29T00:47:28.726+0000] {dag.py:3239} INFO - Sync 1 DAGs
[2026-04-29T00:47:28.739+0000] {logging_mixin.py:190} INFO - [2026-04-29T00:47:28.739+0000] {dag.py:4180} INFO - Setting next_dagrun for example_setup_teardown to None, run_after=None
[2026-04-29T00:47:28.756+0000] {processor.py:208} INFO - Processing /usr/local/python/3.12.1/lib/python3.12/site-packages/airflow/example_dags/example_setup_teardown.py took 0.058 seconds
[2026-04-29T00:49:00.245+0000] {processor.py:186} INFO - Started process (PID=118004) to work on /usr/local/python/3.12.1/lib/python3.12/site-packages/airflow/example_dags/example_setup_teardown.py
[2026-04-29T00:49:00.246+0000] {processor.py:914} INFO - Processing file /usr/local/python/3.12.1/lib/python3.12/site-packages/airflow/example_dags/example_setup_teardown.py for tasks to queue
[2026-04-29T00:49:00.247+0000] {logging_mixin.py:190} INFO - [2026-04-29T00:49:00.246+0000] {dagbag.py:588} INFO - Filling up the DagBag from /usr/local/python/3.12.1/lib/python3.12/site-packages/airflow/example_dags/example_setup_teardown.py
[2026-04-29T00:49:00.254+0000] {processor.py:925} INFO - DAG(s) 'example_setup_teardown' retrieved from /usr/local/python/3.12.1/lib/python3.12/site-packages/airflow/example_dags/example_setup_teardown.py
[2026-04-29T00:49:00.266+0000] {logging_mixin.py:190} INFO - [2026-04-29T00:49:00.266+0000] {dag.py:3239} INFO - Sync 1 DAGs
[2026-04-29T00:49:00.276+0000] {logging_mixin.py:190} INFO - [2026-04-29T00:49:00.276+0000] {dag.py:4180} INFO - Setting next_dagrun for example_setup_teardown to None, run_after=None
[2026-04-29T00:49:00.293+0000] {processor.py:208} INFO - Processing /usr/local/python/3.12.1/lib/python3.12/site-packages/airflow/example_dags/example_setup_teardown.py took 0.052 seconds
[2026-04-29T00:50:35.734+0000] {processor.py:186} INFO - Started process (PID=119921) to work on /usr/local/python/3.12.1/lib/python3.12/site-packages/airflow/example_dags/example_setup_teardown.py
[2026-04-29T00:50:35.735+0000] {processor.py:914} INFO - Processing file /usr/local/python/3.12.1/lib/python3.12/site-packages/airflow/example_dags/example_setup_teardown.py for tasks to queue
[2026-04-29T00:50:35.736+0000] {logging_mixin.py:190} INFO - [2026-04-29T00:50:35.736+0000] {dagbag.py:588} INFO - Filling up the DagBag from /usr/local/python/3.12.1/lib/python3.12/site-packages/airflow/example_dags/example_setup_teardown.py
[2026-04-29T00:50:35.744+0000] {processor.py:925} INFO - DAG(s) 'example_setup_teardown' retrieved from /usr/local/python/3.12.1/lib/python3.12/site-packages/airflow/example_dags/example_setup_teardown.py
[2026-04-29T00:50:35.759+0000] {logging_mixin.py:190} INFO - [2026-04-29T00:50:35.759+0000] {dag.py:3239} INFO - Sync 1 DAGs
[2026-04-29T00:50:35.771+0000] {logging_mixin.py:190} INFO - [2026-04-29T00:50:35.770+0000] {dag.py:4180} INFO - Setting next_dagrun for example_setup_teardown to None, run_after=None
[2026-04-29T00:50:35.787+0000] {processor.py:208} INFO - Processing /usr/local/python/3.12.1/lib/python3.12/site-packages/airflow/example_dags/example_setup_teardown.py took 0.057 seconds
[2026-04-29T00:52:10.406+0000] {processor.py:186} INFO - Started process (PID=122200) to work on /usr/local/python/3.12.1/lib/python3.12/site-packages/airflow/example_dags/example_setup_teardown.py
[2026-04-29T00:52:10.407+0000] {processor.py:914} INFO - Processing file /usr/local/python/3.12.1/lib/python3.12/site-packages/airflow/example_dags/example_setup_teardown.py for tasks to queue
[2026-04-29T00:52:10.408+0000] {logging_mixin.py:190} INFO - [2026-04-29T00:52:10.408+0000] {dagbag.py:588} INFO - Filling up the DagBag from /usr/local/python/3.12.1/lib/python3.12/site-packages/airflow/example_dags/example_setup_teardown.py
[2026-04-29T00:52:10.416+0000] {processor.py:925} INFO - DAG(s) 'example_setup_teardown' retrieved from /usr/local/python/3.12.1/lib/python3.12/site-packages/airflow/example_dags/example_setup_teardown.py
[2026-04-29T00:52:10.433+0000] {logging_mixin.py:190} INFO - [2026-04-29T00:52:10.433+0000] {dag.py:3239} INFO - Sync 1 DAGs
[2026-04-29T00:52:10.445+0000] {logging_mixin.py:190} INFO - [2026-04-29T00:52:10.445+0000] {dag.py:4180} INFO - Setting next_dagrun for example_setup_teardown to None, run_after=None
[2026-04-29T00:52:10.462+0000] {processor.py:208} INFO - Processing /usr/local/python/3.12.1/lib/python3.12/site-packages/airflow/example_dags/example_setup_teardown.py took 0.060 seconds
[2026-04-29T00:53:49.668+0000] {processor.py:186} INFO - Started process (PID=124593) to work on /usr/local/python/3.12.1/lib/python3.12/site-packages/airflow/example_dags/example_setup_teardown.py
[2026-04-29T00:53:49.669+0000] {processor.py:914} INFO - Processing file /usr/local/python/3.12.1/lib/python3.12/site-packages/airflow/example_dags/example_setup_teardown.py for tasks to queue
[2026-04-29T00:53:49.670+0000] {logging_mixin.py:190} INFO - [2026-04-29T00:53:49.670+0000] {dagbag.py:588} INFO - Filling up the DagBag from /usr/local/python/3.12.1/lib/python3.12/site-packages/airflow/example_dags/example_setup_teardown.py
[2026-04-29T00:53:49.678+0000] {processor.py:925} INFO - DAG(s) 'example_setup_teardown' retrieved from /usr/local/python/3.12.1/lib/python3.12/site-packages/airflow/example_dags/example_setup_teardown.py
[2026-04-29T00:53:49.692+0000] {logging_mixin.py:190} INFO - [2026-04-29T00:53:49.692+0000] {dag.py:3239} INFO - Sync 1 DAGs
[2026-04-29T00:53:49.702+0000] {logging_mixin.py:190} INFO - [2026-04-29T00:53:49.702+0000] {dag.py:4180} INFO - Setting next_dagrun for example_setup_teardown to None, run_after=None
[2026-04-29T00:53:49.719+0000] {processor.py:208} INFO - Processing /usr/local/python/3.12.1/lib/python3.12/site-packages/airflow/example_dags/example_setup_teardown.py took 0.055 seconds
[2026-04-29T00:55:20.005+0000] {processor.py:186} INFO - Started process (PID=126438) to work on /usr/local/python/3.12.1/lib/python3.12/site-packages/airflow/example_dags/example_setup_teardown.py
[2026-04-29T00:55:20.005+0000] {processor.py:914} INFO - Processing file /usr/local/python/3.12.1/lib/python3.12/site-packages/airflow/example_dags/example_setup_teardown.py for tasks to queue
[2026-04-29T00:55:20.006+0000] {logging_mixin.py:190} INFO - [2026-04-29T00:55:20.006+0000] {dagbag.py:588} INFO - Filling up the DagBag from /usr/local/python/3.12.1/lib/python3.12/site-packages/airflow/example_dags/example_setup_teardown.py
[2026-04-29T00:55:20.016+0000] {processor.py:925} INFO - DAG(s) 'example_setup_teardown' retrieved from /usr/local/python/3.12.1/lib/python3.12/site-packages/airflow/example_dags/example_setup_teardown.py
[2026-04-29T00:55:20.032+0000] {logging_mixin.py:190} INFO - [2026-04-29T00:55:20.032+0000] {dag.py:3239} INFO - Sync 1 DAGs
[2026-04-29T00:55:20.042+0000] {logging_mixin.py:190} INFO - [2026-04-29T00:55:20.042+0000] {dag.py:4180} INFO - Setting next_dagrun for example_setup_teardown to None, run_after=None
[2026-04-29T00:55:20.059+0000] {processor.py:208} INFO - Processing /usr/local/python/3.12.1/lib/python3.12/site-packages/airflow/example_dags/example_setup_teardown.py took 0.059 seconds
