[2026-04-29T00:00:12.274+0000] {processor.py:186} INFO - Started process (PID=68840) to work on /usr/local/python/3.12.1/lib/python3.12/site-packages/airflow/example_dags/example_outlet_event_extra.py
[2026-04-29T00:00:12.275+0000] {processor.py:914} INFO - Processing file /usr/local/python/3.12.1/lib/python3.12/site-packages/airflow/example_dags/example_outlet_event_extra.py for tasks to queue
[2026-04-29T00:00:12.276+0000] {logging_mixin.py:190} INFO - [2026-04-29T00:00:12.276+0000] {dagbag.py:588} INFO - Filling up the DagBag from /usr/local/python/3.12.1/lib/python3.12/site-packages/airflow/example_dags/example_outlet_event_extra.py
[2026-04-29T00:00:12.500+0000] {logging_mixin.py:190} INFO - [2026-04-29T00:00:12.500+0000] {providers_manager.py:287} INFO - Optional provider feature disabled when importing 'airflow.providers.amazon.aws.assets.s3.sanitize_uri' from 'apache-airflow-providers-amazon' package
[2026-04-29T00:00:12.500+0000] {logging_mixin.py:190} INFO - [2026-04-29T00:00:12.500+0000] {providers_manager.py:287} INFO - Optional provider feature disabled when importing 'airflow.providers.amazon.aws.assets.s3.create_asset' from 'apache-airflow-providers-amazon' package
[2026-04-29T00:00:12.501+0000] {logging_mixin.py:190} INFO - [2026-04-29T00:00:12.501+0000] {providers_manager.py:287} INFO - Optional provider feature disabled when importing 'airflow.providers.amazon.aws.assets.s3.convert_asset_to_openlineage' from 'apache-airflow-providers-amazon' package
[2026-04-29T00:00:12.508+0000] {processor.py:925} INFO - DAG(s) 'dataset_with_extra_by_context', 'dataset_with_extra_by_yield', 'dataset_with_extra_from_classic_operator' retrieved from /usr/local/python/3.12.1/lib/python3.12/site-packages/airflow/example_dags/example_outlet_event_extra.py
[2026-04-29T00:00:12.523+0000] {logging_mixin.py:190} INFO - [2026-04-29T00:00:12.523+0000] {dag.py:3239} INFO - Sync 3 DAGs
[2026-04-29T00:00:12.539+0000] {logging_mixin.py:190} INFO - [2026-04-29T00:00:12.539+0000] {dag.py:4180} INFO - Setting next_dagrun for dataset_with_extra_by_context to 2026-04-28 00:00:00+00:00, run_after=2026-04-29 00:00:00+00:00
[2026-04-29T00:00:12.542+0000] {logging_mixin.py:190} INFO - [2026-04-29T00:00:12.542+0000] {dag.py:4180} INFO - Setting next_dagrun for dataset_with_extra_by_yield to 2026-04-28 00:00:00+00:00, run_after=2026-04-29 00:00:00+00:00
[2026-04-29T00:00:12.544+0000] {logging_mixin.py:190} INFO - [2026-04-29T00:00:12.544+0000] {dag.py:4180} INFO - Setting next_dagrun for dataset_with_extra_from_classic_operator to 2026-04-28 00:00:00+00:00, run_after=2026-04-29 00:00:00+00:00
[2026-04-29T00:00:12.560+0000] {processor.py:208} INFO - Processing /usr/local/python/3.12.1/lib/python3.12/site-packages/airflow/example_dags/example_outlet_event_extra.py took 0.290 seconds
[2026-04-29T00:01:36.857+0000] {processor.py:186} INFO - Started process (PID=69674) to work on /usr/local/python/3.12.1/lib/python3.12/site-packages/airflow/example_dags/example_outlet_event_extra.py
[2026-04-29T00:01:36.858+0000] {processor.py:914} INFO - Processing file /usr/local/python/3.12.1/lib/python3.12/site-packages/airflow/example_dags/example_outlet_event_extra.py for tasks to queue
[2026-04-29T00:01:36.859+0000] {logging_mixin.py:190} INFO - [2026-04-29T00:01:36.858+0000] {dagbag.py:588} INFO - Filling up the DagBag from /usr/local/python/3.12.1/lib/python3.12/site-packages/airflow/example_dags/example_outlet_event_extra.py
[2026-04-29T00:01:37.106+0000] {logging_mixin.py:190} INFO - [2026-04-29T00:01:37.106+0000] {providers_manager.py:287} INFO - Optional provider feature disabled when importing 'airflow.providers.amazon.aws.assets.s3.sanitize_uri' from 'apache-airflow-providers-amazon' package
[2026-04-29T00:01:37.107+0000] {logging_mixin.py:190} INFO - [2026-04-29T00:01:37.107+0000] {providers_manager.py:287} INFO - Optional provider feature disabled when importing 'airflow.providers.amazon.aws.assets.s3.create_asset' from 'apache-airflow-providers-amazon' package
[2026-04-29T00:01:37.107+0000] {logging_mixin.py:190} INFO - [2026-04-29T00:01:37.107+0000] {providers_manager.py:287} INFO - Optional provider feature disabled when importing 'airflow.providers.amazon.aws.assets.s3.convert_asset_to_openlineage' from 'apache-airflow-providers-amazon' package
[2026-04-29T00:01:37.115+0000] {processor.py:925} INFO - DAG(s) 'dataset_with_extra_by_context', 'dataset_with_extra_by_yield', 'dataset_with_extra_from_classic_operator' retrieved from /usr/local/python/3.12.1/lib/python3.12/site-packages/airflow/example_dags/example_outlet_event_extra.py
[2026-04-29T00:01:37.134+0000] {logging_mixin.py:190} INFO - [2026-04-29T00:01:37.133+0000] {dag.py:3239} INFO - Sync 3 DAGs
[2026-04-29T00:01:37.148+0000] {logging_mixin.py:190} INFO - [2026-04-29T00:01:37.148+0000] {dag.py:4180} INFO - Setting next_dagrun for dataset_with_extra_by_context to 2026-04-28 00:00:00+00:00, run_after=2026-04-29 00:00:00+00:00
[2026-04-29T00:01:37.151+0000] {logging_mixin.py:190} INFO - [2026-04-29T00:01:37.151+0000] {dag.py:4180} INFO - Setting next_dagrun for dataset_with_extra_by_yield to 2026-04-28 00:00:00+00:00, run_after=2026-04-29 00:00:00+00:00
[2026-04-29T00:01:37.153+0000] {logging_mixin.py:190} INFO - [2026-04-29T00:01:37.153+0000] {dag.py:4180} INFO - Setting next_dagrun for dataset_with_extra_from_classic_operator to 2026-04-28 00:00:00+00:00, run_after=2026-04-29 00:00:00+00:00
[2026-04-29T00:01:37.193+0000] {processor.py:208} INFO - Processing /usr/local/python/3.12.1/lib/python3.12/site-packages/airflow/example_dags/example_outlet_event_extra.py took 0.340 seconds
[2026-04-29T00:03:08.482+0000] {processor.py:186} INFO - Started process (PID=70495) to work on /usr/local/python/3.12.1/lib/python3.12/site-packages/airflow/example_dags/example_outlet_event_extra.py
[2026-04-29T00:03:08.483+0000] {processor.py:914} INFO - Processing file /usr/local/python/3.12.1/lib/python3.12/site-packages/airflow/example_dags/example_outlet_event_extra.py for tasks to queue
[2026-04-29T00:03:08.484+0000] {logging_mixin.py:190} INFO - [2026-04-29T00:03:08.484+0000] {dagbag.py:588} INFO - Filling up the DagBag from /usr/local/python/3.12.1/lib/python3.12/site-packages/airflow/example_dags/example_outlet_event_extra.py
[2026-04-29T00:03:08.764+0000] {logging_mixin.py:190} INFO - [2026-04-29T00:03:08.764+0000] {providers_manager.py:287} INFO - Optional provider feature disabled when importing 'airflow.providers.amazon.aws.assets.s3.sanitize_uri' from 'apache-airflow-providers-amazon' package
[2026-04-29T00:03:08.765+0000] {logging_mixin.py:190} INFO - [2026-04-29T00:03:08.764+0000] {providers_manager.py:287} INFO - Optional provider feature disabled when importing 'airflow.providers.amazon.aws.assets.s3.create_asset' from 'apache-airflow-providers-amazon' package
[2026-04-29T00:03:08.765+0000] {logging_mixin.py:190} INFO - [2026-04-29T00:03:08.765+0000] {providers_manager.py:287} INFO - Optional provider feature disabled when importing 'airflow.providers.amazon.aws.assets.s3.convert_asset_to_openlineage' from 'apache-airflow-providers-amazon' package
[2026-04-29T00:03:08.775+0000] {processor.py:925} INFO - DAG(s) 'dataset_with_extra_by_yield', 'dataset_with_extra_by_context', 'dataset_with_extra_from_classic_operator' retrieved from /usr/local/python/3.12.1/lib/python3.12/site-packages/airflow/example_dags/example_outlet_event_extra.py
[2026-04-29T00:03:08.790+0000] {logging_mixin.py:190} INFO - [2026-04-29T00:03:08.789+0000] {dag.py:3239} INFO - Sync 3 DAGs
[2026-04-29T00:03:08.805+0000] {logging_mixin.py:190} INFO - [2026-04-29T00:03:08.805+0000] {dag.py:4180} INFO - Setting next_dagrun for dataset_with_extra_by_context to 2026-04-28 00:00:00+00:00, run_after=2026-04-29 00:00:00+00:00
[2026-04-29T00:03:08.810+0000] {logging_mixin.py:190} INFO - [2026-04-29T00:03:08.810+0000] {dag.py:4180} INFO - Setting next_dagrun for dataset_with_extra_by_yield to 2026-04-28 00:00:00+00:00, run_after=2026-04-29 00:00:00+00:00
[2026-04-29T00:03:08.812+0000] {logging_mixin.py:190} INFO - [2026-04-29T00:03:08.812+0000] {dag.py:4180} INFO - Setting next_dagrun for dataset_with_extra_from_classic_operator to 2026-04-28 00:00:00+00:00, run_after=2026-04-29 00:00:00+00:00
[2026-04-29T00:03:08.845+0000] {processor.py:208} INFO - Processing /usr/local/python/3.12.1/lib/python3.12/site-packages/airflow/example_dags/example_outlet_event_extra.py took 0.367 seconds
[2026-04-29T00:04:41.818+0000] {processor.py:186} INFO - Started process (PID=71374) to work on /usr/local/python/3.12.1/lib/python3.12/site-packages/airflow/example_dags/example_outlet_event_extra.py
[2026-04-29T00:04:41.819+0000] {processor.py:914} INFO - Processing file /usr/local/python/3.12.1/lib/python3.12/site-packages/airflow/example_dags/example_outlet_event_extra.py for tasks to queue
[2026-04-29T00:04:41.820+0000] {logging_mixin.py:190} INFO - [2026-04-29T00:04:41.820+0000] {dagbag.py:588} INFO - Filling up the DagBag from /usr/local/python/3.12.1/lib/python3.12/site-packages/airflow/example_dags/example_outlet_event_extra.py
[2026-04-29T00:04:42.080+0000] {logging_mixin.py:190} INFO - [2026-04-29T00:04:42.080+0000] {providers_manager.py:287} INFO - Optional provider feature disabled when importing 'airflow.providers.amazon.aws.assets.s3.sanitize_uri' from 'apache-airflow-providers-amazon' package
[2026-04-29T00:04:42.081+0000] {logging_mixin.py:190} INFO - [2026-04-29T00:04:42.081+0000] {providers_manager.py:287} INFO - Optional provider feature disabled when importing 'airflow.providers.amazon.aws.assets.s3.create_asset' from 'apache-airflow-providers-amazon' package
[2026-04-29T00:04:42.082+0000] {logging_mixin.py:190} INFO - [2026-04-29T00:04:42.082+0000] {providers_manager.py:287} INFO - Optional provider feature disabled when importing 'airflow.providers.amazon.aws.assets.s3.convert_asset_to_openlineage' from 'apache-airflow-providers-amazon' package
[2026-04-29T00:04:42.092+0000] {processor.py:925} INFO - DAG(s) 'dataset_with_extra_by_context', 'dataset_with_extra_by_yield', 'dataset_with_extra_from_classic_operator' retrieved from /usr/local/python/3.12.1/lib/python3.12/site-packages/airflow/example_dags/example_outlet_event_extra.py
[2026-04-29T00:04:42.106+0000] {logging_mixin.py:190} INFO - [2026-04-29T00:04:42.106+0000] {dag.py:3239} INFO - Sync 3 DAGs
[2026-04-29T00:04:42.122+0000] {logging_mixin.py:190} INFO - [2026-04-29T00:04:42.122+0000] {dag.py:4180} INFO - Setting next_dagrun for dataset_with_extra_by_context to 2026-04-28 00:00:00+00:00, run_after=2026-04-29 00:00:00+00:00
[2026-04-29T00:04:42.127+0000] {logging_mixin.py:190} INFO - [2026-04-29T00:04:42.127+0000] {dag.py:4180} INFO - Setting next_dagrun for dataset_with_extra_by_yield to 2026-04-28 00:00:00+00:00, run_after=2026-04-29 00:00:00+00:00
[2026-04-29T00:04:42.129+0000] {logging_mixin.py:190} INFO - [2026-04-29T00:04:42.129+0000] {dag.py:4180} INFO - Setting next_dagrun for dataset_with_extra_from_classic_operator to 2026-04-28 00:00:00+00:00, run_after=2026-04-29 00:00:00+00:00
[2026-04-29T00:04:42.152+0000] {processor.py:208} INFO - Processing /usr/local/python/3.12.1/lib/python3.12/site-packages/airflow/example_dags/example_outlet_event_extra.py took 0.341 seconds
[2026-04-29T00:06:18.612+0000] {processor.py:186} INFO - Started process (PID=72244) to work on /usr/local/python/3.12.1/lib/python3.12/site-packages/airflow/example_dags/example_outlet_event_extra.py
[2026-04-29T00:06:18.613+0000] {processor.py:914} INFO - Processing file /usr/local/python/3.12.1/lib/python3.12/site-packages/airflow/example_dags/example_outlet_event_extra.py for tasks to queue
[2026-04-29T00:06:18.614+0000] {logging_mixin.py:190} INFO - [2026-04-29T00:06:18.613+0000] {dagbag.py:588} INFO - Filling up the DagBag from /usr/local/python/3.12.1/lib/python3.12/site-packages/airflow/example_dags/example_outlet_event_extra.py
[2026-04-29T00:06:18.892+0000] {logging_mixin.py:190} INFO - [2026-04-29T00:06:18.892+0000] {providers_manager.py:287} INFO - Optional provider feature disabled when importing 'airflow.providers.amazon.aws.assets.s3.sanitize_uri' from 'apache-airflow-providers-amazon' package
[2026-04-29T00:06:18.893+0000] {logging_mixin.py:190} INFO - [2026-04-29T00:06:18.893+0000] {providers_manager.py:287} INFO - Optional provider feature disabled when importing 'airflow.providers.amazon.aws.assets.s3.create_asset' from 'apache-airflow-providers-amazon' package
[2026-04-29T00:06:18.893+0000] {logging_mixin.py:190} INFO - [2026-04-29T00:06:18.893+0000] {providers_manager.py:287} INFO - Optional provider feature disabled when importing 'airflow.providers.amazon.aws.assets.s3.convert_asset_to_openlineage' from 'apache-airflow-providers-amazon' package
[2026-04-29T00:06:18.911+0000] {processor.py:925} INFO - DAG(s) 'dataset_with_extra_from_classic_operator', 'dataset_with_extra_by_context', 'dataset_with_extra_by_yield' retrieved from /usr/local/python/3.12.1/lib/python3.12/site-packages/airflow/example_dags/example_outlet_event_extra.py
[2026-04-29T00:06:18.941+0000] {logging_mixin.py:190} INFO - [2026-04-29T00:06:18.941+0000] {dag.py:3239} INFO - Sync 3 DAGs
[2026-04-29T00:06:18.963+0000] {logging_mixin.py:190} INFO - [2026-04-29T00:06:18.963+0000] {dag.py:4180} INFO - Setting next_dagrun for dataset_with_extra_by_context to 2026-04-28 00:00:00+00:00, run_after=2026-04-29 00:00:00+00:00
[2026-04-29T00:06:18.968+0000] {logging_mixin.py:190} INFO - [2026-04-29T00:06:18.968+0000] {dag.py:4180} INFO - Setting next_dagrun for dataset_with_extra_by_yield to 2026-04-28 00:00:00+00:00, run_after=2026-04-29 00:00:00+00:00
[2026-04-29T00:06:18.970+0000] {logging_mixin.py:190} INFO - [2026-04-29T00:06:18.970+0000] {dag.py:4180} INFO - Setting next_dagrun for dataset_with_extra_from_classic_operator to 2026-04-28 00:00:00+00:00, run_after=2026-04-29 00:00:00+00:00
[2026-04-29T00:06:18.989+0000] {processor.py:208} INFO - Processing /usr/local/python/3.12.1/lib/python3.12/site-packages/airflow/example_dags/example_outlet_event_extra.py took 0.381 seconds
[2026-04-29T00:08:00.250+0000] {processor.py:186} INFO - Started process (PID=73220) to work on /usr/local/python/3.12.1/lib/python3.12/site-packages/airflow/example_dags/example_outlet_event_extra.py
[2026-04-29T00:08:00.250+0000] {processor.py:914} INFO - Processing file /usr/local/python/3.12.1/lib/python3.12/site-packages/airflow/example_dags/example_outlet_event_extra.py for tasks to queue
[2026-04-29T00:08:00.251+0000] {logging_mixin.py:190} INFO - [2026-04-29T00:08:00.251+0000] {dagbag.py:588} INFO - Filling up the DagBag from /usr/local/python/3.12.1/lib/python3.12/site-packages/airflow/example_dags/example_outlet_event_extra.py
[2026-04-29T00:08:00.561+0000] {logging_mixin.py:190} INFO - [2026-04-29T00:08:00.561+0000] {providers_manager.py:287} INFO - Optional provider feature disabled when importing 'airflow.providers.amazon.aws.assets.s3.sanitize_uri' from 'apache-airflow-providers-amazon' package
[2026-04-29T00:08:00.564+0000] {logging_mixin.py:190} INFO - [2026-04-29T00:08:00.563+0000] {providers_manager.py:287} INFO - Optional provider feature disabled when importing 'airflow.providers.amazon.aws.assets.s3.create_asset' from 'apache-airflow-providers-amazon' package
[2026-04-29T00:08:00.564+0000] {logging_mixin.py:190} INFO - [2026-04-29T00:08:00.564+0000] {providers_manager.py:287} INFO - Optional provider feature disabled when importing 'airflow.providers.amazon.aws.assets.s3.convert_asset_to_openlineage' from 'apache-airflow-providers-amazon' package
[2026-04-29T00:08:00.580+0000] {processor.py:925} INFO - DAG(s) 'dataset_with_extra_by_context', 'dataset_with_extra_from_classic_operator', 'dataset_with_extra_by_yield' retrieved from /usr/local/python/3.12.1/lib/python3.12/site-packages/airflow/example_dags/example_outlet_event_extra.py
[2026-04-29T00:08:00.607+0000] {logging_mixin.py:190} INFO - [2026-04-29T00:08:00.606+0000] {dag.py:3239} INFO - Sync 3 DAGs
[2026-04-29T00:08:00.633+0000] {logging_mixin.py:190} INFO - [2026-04-29T00:08:00.633+0000] {dag.py:4180} INFO - Setting next_dagrun for dataset_with_extra_by_context to 2026-04-28 00:00:00+00:00, run_after=2026-04-29 00:00:00+00:00
[2026-04-29T00:08:00.642+0000] {logging_mixin.py:190} INFO - [2026-04-29T00:08:00.642+0000] {dag.py:4180} INFO - Setting next_dagrun for dataset_with_extra_by_yield to 2026-04-28 00:00:00+00:00, run_after=2026-04-29 00:00:00+00:00
[2026-04-29T00:08:00.644+0000] {logging_mixin.py:190} INFO - [2026-04-29T00:08:00.644+0000] {dag.py:4180} INFO - Setting next_dagrun for dataset_with_extra_from_classic_operator to 2026-04-28 00:00:00+00:00, run_after=2026-04-29 00:00:00+00:00
[2026-04-29T00:08:00.688+0000] {processor.py:208} INFO - Processing /usr/local/python/3.12.1/lib/python3.12/site-packages/airflow/example_dags/example_outlet_event_extra.py took 0.443 seconds
[2026-04-29T00:09:40.297+0000] {processor.py:186} INFO - Started process (PID=74155) to work on /usr/local/python/3.12.1/lib/python3.12/site-packages/airflow/example_dags/example_outlet_event_extra.py
[2026-04-29T00:09:40.300+0000] {processor.py:914} INFO - Processing file /usr/local/python/3.12.1/lib/python3.12/site-packages/airflow/example_dags/example_outlet_event_extra.py for tasks to queue
[2026-04-29T00:09:40.301+0000] {logging_mixin.py:190} INFO - [2026-04-29T00:09:40.301+0000] {dagbag.py:588} INFO - Filling up the DagBag from /usr/local/python/3.12.1/lib/python3.12/site-packages/airflow/example_dags/example_outlet_event_extra.py
[2026-04-29T00:09:40.640+0000] {logging_mixin.py:190} INFO - [2026-04-29T00:09:40.640+0000] {providers_manager.py:287} INFO - Optional provider feature disabled when importing 'airflow.providers.amazon.aws.assets.s3.sanitize_uri' from 'apache-airflow-providers-amazon' package
[2026-04-29T00:09:40.641+0000] {logging_mixin.py:190} INFO - [2026-04-29T00:09:40.641+0000] {providers_manager.py:287} INFO - Optional provider feature disabled when importing 'airflow.providers.amazon.aws.assets.s3.create_asset' from 'apache-airflow-providers-amazon' package
[2026-04-29T00:09:40.643+0000] {logging_mixin.py:190} INFO - [2026-04-29T00:09:40.641+0000] {providers_manager.py:287} INFO - Optional provider feature disabled when importing 'airflow.providers.amazon.aws.assets.s3.convert_asset_to_openlineage' from 'apache-airflow-providers-amazon' package
[2026-04-29T00:09:40.656+0000] {processor.py:925} INFO - DAG(s) 'dataset_with_extra_from_classic_operator', 'dataset_with_extra_by_yield', 'dataset_with_extra_by_context' retrieved from /usr/local/python/3.12.1/lib/python3.12/site-packages/airflow/example_dags/example_outlet_event_extra.py
[2026-04-29T00:09:40.673+0000] {logging_mixin.py:190} INFO - [2026-04-29T00:09:40.672+0000] {dag.py:3239} INFO - Sync 3 DAGs
[2026-04-29T00:09:40.687+0000] {logging_mixin.py:190} INFO - [2026-04-29T00:09:40.687+0000] {dag.py:4180} INFO - Setting next_dagrun for dataset_with_extra_by_context to 2026-04-28 00:00:00+00:00, run_after=2026-04-29 00:00:00+00:00
[2026-04-29T00:09:40.691+0000] {logging_mixin.py:190} INFO - [2026-04-29T00:09:40.691+0000] {dag.py:4180} INFO - Setting next_dagrun for dataset_with_extra_by_yield to 2026-04-28 00:00:00+00:00, run_after=2026-04-29 00:00:00+00:00
[2026-04-29T00:09:40.693+0000] {logging_mixin.py:190} INFO - [2026-04-29T00:09:40.693+0000] {dag.py:4180} INFO - Setting next_dagrun for dataset_with_extra_from_classic_operator to 2026-04-28 00:00:00+00:00, run_after=2026-04-29 00:00:00+00:00
[2026-04-29T00:09:40.709+0000] {processor.py:208} INFO - Processing /usr/local/python/3.12.1/lib/python3.12/site-packages/airflow/example_dags/example_outlet_event_extra.py took 0.420 seconds
[2026-04-29T00:11:31.157+0000] {processor.py:186} INFO - Started process (PID=75198) to work on /usr/local/python/3.12.1/lib/python3.12/site-packages/airflow/example_dags/example_outlet_event_extra.py
[2026-04-29T00:11:31.158+0000] {processor.py:914} INFO - Processing file /usr/local/python/3.12.1/lib/python3.12/site-packages/airflow/example_dags/example_outlet_event_extra.py for tasks to queue
[2026-04-29T00:11:31.159+0000] {logging_mixin.py:190} INFO - [2026-04-29T00:11:31.158+0000] {dagbag.py:588} INFO - Filling up the DagBag from /usr/local/python/3.12.1/lib/python3.12/site-packages/airflow/example_dags/example_outlet_event_extra.py
[2026-04-29T00:11:31.669+0000] {logging_mixin.py:190} INFO - [2026-04-29T00:11:31.668+0000] {providers_manager.py:287} INFO - Optional provider feature disabled when importing 'airflow.providers.amazon.aws.assets.s3.sanitize_uri' from 'apache-airflow-providers-amazon' package
[2026-04-29T00:11:31.669+0000] {logging_mixin.py:190} INFO - [2026-04-29T00:11:31.669+0000] {providers_manager.py:287} INFO - Optional provider feature disabled when importing 'airflow.providers.amazon.aws.assets.s3.create_asset' from 'apache-airflow-providers-amazon' package
[2026-04-29T00:11:31.670+0000] {logging_mixin.py:190} INFO - [2026-04-29T00:11:31.670+0000] {providers_manager.py:287} INFO - Optional provider feature disabled when importing 'airflow.providers.amazon.aws.assets.s3.convert_asset_to_openlineage' from 'apache-airflow-providers-amazon' package
[2026-04-29T00:11:31.682+0000] {processor.py:925} INFO - DAG(s) 'dataset_with_extra_from_classic_operator', 'dataset_with_extra_by_context', 'dataset_with_extra_by_yield' retrieved from /usr/local/python/3.12.1/lib/python3.12/site-packages/airflow/example_dags/example_outlet_event_extra.py
[2026-04-29T00:11:31.703+0000] {logging_mixin.py:190} INFO - [2026-04-29T00:11:31.702+0000] {dag.py:3239} INFO - Sync 3 DAGs
[2026-04-29T00:11:31.727+0000] {logging_mixin.py:190} INFO - [2026-04-29T00:11:31.727+0000] {dag.py:4180} INFO - Setting next_dagrun for dataset_with_extra_by_context to 2026-04-28 00:00:00+00:00, run_after=2026-04-29 00:00:00+00:00
[2026-04-29T00:11:31.735+0000] {logging_mixin.py:190} INFO - [2026-04-29T00:11:31.735+0000] {dag.py:4180} INFO - Setting next_dagrun for dataset_with_extra_by_yield to 2026-04-28 00:00:00+00:00, run_after=2026-04-29 00:00:00+00:00
[2026-04-29T00:11:31.738+0000] {logging_mixin.py:190} INFO - [2026-04-29T00:11:31.737+0000] {dag.py:4180} INFO - Setting next_dagrun for dataset_with_extra_from_classic_operator to 2026-04-28 00:00:00+00:00, run_after=2026-04-29 00:00:00+00:00
[2026-04-29T00:11:31.763+0000] {processor.py:208} INFO - Processing /usr/local/python/3.12.1/lib/python3.12/site-packages/airflow/example_dags/example_outlet_event_extra.py took 0.610 seconds
[2026-04-29T00:13:18.521+0000] {processor.py:186} INFO - Started process (PID=76771) to work on /usr/local/python/3.12.1/lib/python3.12/site-packages/airflow/example_dags/example_outlet_event_extra.py
[2026-04-29T00:13:18.522+0000] {processor.py:914} INFO - Processing file /usr/local/python/3.12.1/lib/python3.12/site-packages/airflow/example_dags/example_outlet_event_extra.py for tasks to queue
[2026-04-29T00:13:18.523+0000] {logging_mixin.py:190} INFO - [2026-04-29T00:13:18.522+0000] {dagbag.py:588} INFO - Filling up the DagBag from /usr/local/python/3.12.1/lib/python3.12/site-packages/airflow/example_dags/example_outlet_event_extra.py
[2026-04-29T00:13:18.755+0000] {logging_mixin.py:190} INFO - [2026-04-29T00:13:18.755+0000] {providers_manager.py:287} INFO - Optional provider feature disabled when importing 'airflow.providers.amazon.aws.assets.s3.sanitize_uri' from 'apache-airflow-providers-amazon' package
[2026-04-29T00:13:18.756+0000] {logging_mixin.py:190} INFO - [2026-04-29T00:13:18.756+0000] {providers_manager.py:287} INFO - Optional provider feature disabled when importing 'airflow.providers.amazon.aws.assets.s3.create_asset' from 'apache-airflow-providers-amazon' package
[2026-04-29T00:13:18.757+0000] {logging_mixin.py:190} INFO - [2026-04-29T00:13:18.757+0000] {providers_manager.py:287} INFO - Optional provider feature disabled when importing 'airflow.providers.amazon.aws.assets.s3.convert_asset_to_openlineage' from 'apache-airflow-providers-amazon' package
[2026-04-29T00:13:18.783+0000] {processor.py:925} INFO - DAG(s) 'dataset_with_extra_from_classic_operator', 'dataset_with_extra_by_yield', 'dataset_with_extra_by_context' retrieved from /usr/local/python/3.12.1/lib/python3.12/site-packages/airflow/example_dags/example_outlet_event_extra.py
[2026-04-29T00:13:18.805+0000] {logging_mixin.py:190} INFO - [2026-04-29T00:13:18.804+0000] {dag.py:3239} INFO - Sync 3 DAGs
[2026-04-29T00:13:18.828+0000] {logging_mixin.py:190} INFO - [2026-04-29T00:13:18.828+0000] {dag.py:4180} INFO - Setting next_dagrun for dataset_with_extra_by_context to 2026-04-28 00:00:00+00:00, run_after=2026-04-29 00:00:00+00:00
[2026-04-29T00:13:18.858+0000] {logging_mixin.py:190} INFO - [2026-04-29T00:13:18.857+0000] {dag.py:4180} INFO - Setting next_dagrun for dataset_with_extra_by_yield to 2026-04-28 00:00:00+00:00, run_after=2026-04-29 00:00:00+00:00
[2026-04-29T00:13:18.860+0000] {logging_mixin.py:190} INFO - [2026-04-29T00:13:18.860+0000] {dag.py:4180} INFO - Setting next_dagrun for dataset_with_extra_from_classic_operator to 2026-04-28 00:00:00+00:00, run_after=2026-04-29 00:00:00+00:00
[2026-04-29T00:13:18.881+0000] {processor.py:208} INFO - Processing /usr/local/python/3.12.1/lib/python3.12/site-packages/airflow/example_dags/example_outlet_event_extra.py took 0.366 seconds
[2026-04-29T00:14:54.297+0000] {processor.py:186} INFO - Started process (PID=78061) to work on /usr/local/python/3.12.1/lib/python3.12/site-packages/airflow/example_dags/example_outlet_event_extra.py
[2026-04-29T00:14:54.298+0000] {processor.py:914} INFO - Processing file /usr/local/python/3.12.1/lib/python3.12/site-packages/airflow/example_dags/example_outlet_event_extra.py for tasks to queue
[2026-04-29T00:14:54.299+0000] {logging_mixin.py:190} INFO - [2026-04-29T00:14:54.299+0000] {dagbag.py:588} INFO - Filling up the DagBag from /usr/local/python/3.12.1/lib/python3.12/site-packages/airflow/example_dags/example_outlet_event_extra.py
[2026-04-29T00:14:54.390+0000] {logging_mixin.py:190} INFO - [2026-04-29T00:14:54.390+0000] {providers_manager.py:287} INFO - Optional provider feature disabled when importing 'airflow.providers.amazon.aws.assets.s3.sanitize_uri' from 'apache-airflow-providers-amazon' package
[2026-04-29T00:14:54.391+0000] {logging_mixin.py:190} INFO - [2026-04-29T00:14:54.391+0000] {providers_manager.py:287} INFO - Optional provider feature disabled when importing 'airflow.providers.amazon.aws.assets.s3.create_asset' from 'apache-airflow-providers-amazon' package
[2026-04-29T00:14:54.391+0000] {logging_mixin.py:190} INFO - [2026-04-29T00:14:54.391+0000] {providers_manager.py:287} INFO - Optional provider feature disabled when importing 'airflow.providers.amazon.aws.assets.s3.convert_asset_to_openlineage' from 'apache-airflow-providers-amazon' package
[2026-04-29T00:14:54.401+0000] {processor.py:925} INFO - DAG(s) 'dataset_with_extra_by_yield', 'dataset_with_extra_by_context', 'dataset_with_extra_from_classic_operator' retrieved from /usr/local/python/3.12.1/lib/python3.12/site-packages/airflow/example_dags/example_outlet_event_extra.py
[2026-04-29T00:14:54.419+0000] {logging_mixin.py:190} INFO - [2026-04-29T00:14:54.419+0000] {dag.py:3239} INFO - Sync 3 DAGs
[2026-04-29T00:14:54.438+0000] {logging_mixin.py:190} INFO - [2026-04-29T00:14:54.438+0000] {dag.py:4180} INFO - Setting next_dagrun for dataset_with_extra_by_context to 2026-04-28 00:00:00+00:00, run_after=2026-04-29 00:00:00+00:00
[2026-04-29T00:14:54.443+0000] {logging_mixin.py:190} INFO - [2026-04-29T00:14:54.443+0000] {dag.py:4180} INFO - Setting next_dagrun for dataset_with_extra_by_yield to 2026-04-28 00:00:00+00:00, run_after=2026-04-29 00:00:00+00:00
[2026-04-29T00:14:54.445+0000] {logging_mixin.py:190} INFO - [2026-04-29T00:14:54.445+0000] {dag.py:4180} INFO - Setting next_dagrun for dataset_with_extra_from_classic_operator to 2026-04-28 00:00:00+00:00, run_after=2026-04-29 00:00:00+00:00
[2026-04-29T00:14:54.463+0000] {processor.py:208} INFO - Processing /usr/local/python/3.12.1/lib/python3.12/site-packages/airflow/example_dags/example_outlet_event_extra.py took 0.174 seconds
[2026-04-29T00:16:25.094+0000] {processor.py:186} INFO - Started process (PID=79079) to work on /usr/local/python/3.12.1/lib/python3.12/site-packages/airflow/example_dags/example_outlet_event_extra.py
[2026-04-29T00:16:25.095+0000] {processor.py:914} INFO - Processing file /usr/local/python/3.12.1/lib/python3.12/site-packages/airflow/example_dags/example_outlet_event_extra.py for tasks to queue
[2026-04-29T00:16:25.096+0000] {logging_mixin.py:190} INFO - [2026-04-29T00:16:25.095+0000] {dagbag.py:588} INFO - Filling up the DagBag from /usr/local/python/3.12.1/lib/python3.12/site-packages/airflow/example_dags/example_outlet_event_extra.py
[2026-04-29T00:16:25.184+0000] {logging_mixin.py:190} INFO - [2026-04-29T00:16:25.184+0000] {providers_manager.py:287} INFO - Optional provider feature disabled when importing 'airflow.providers.amazon.aws.assets.s3.sanitize_uri' from 'apache-airflow-providers-amazon' package
[2026-04-29T00:16:25.185+0000] {logging_mixin.py:190} INFO - [2026-04-29T00:16:25.185+0000] {providers_manager.py:287} INFO - Optional provider feature disabled when importing 'airflow.providers.amazon.aws.assets.s3.create_asset' from 'apache-airflow-providers-amazon' package
[2026-04-29T00:16:25.185+0000] {logging_mixin.py:190} INFO - [2026-04-29T00:16:25.185+0000] {providers_manager.py:287} INFO - Optional provider feature disabled when importing 'airflow.providers.amazon.aws.assets.s3.convert_asset_to_openlineage' from 'apache-airflow-providers-amazon' package
[2026-04-29T00:16:25.195+0000] {processor.py:925} INFO - DAG(s) 'dataset_with_extra_from_classic_operator', 'dataset_with_extra_by_yield', 'dataset_with_extra_by_context' retrieved from /usr/local/python/3.12.1/lib/python3.12/site-packages/airflow/example_dags/example_outlet_event_extra.py
[2026-04-29T00:16:25.214+0000] {logging_mixin.py:190} INFO - [2026-04-29T00:16:25.214+0000] {dag.py:3239} INFO - Sync 3 DAGs
[2026-04-29T00:16:25.243+0000] {logging_mixin.py:190} INFO - [2026-04-29T00:16:25.242+0000] {dag.py:4180} INFO - Setting next_dagrun for dataset_with_extra_by_context to 2026-04-28 00:00:00+00:00, run_after=2026-04-29 00:00:00+00:00
[2026-04-29T00:16:25.247+0000] {logging_mixin.py:190} INFO - [2026-04-29T00:16:25.247+0000] {dag.py:4180} INFO - Setting next_dagrun for dataset_with_extra_by_yield to 2026-04-28 00:00:00+00:00, run_after=2026-04-29 00:00:00+00:00
[2026-04-29T00:16:25.250+0000] {logging_mixin.py:190} INFO - [2026-04-29T00:16:25.249+0000] {dag.py:4180} INFO - Setting next_dagrun for dataset_with_extra_from_classic_operator to 2026-04-28 00:00:00+00:00, run_after=2026-04-29 00:00:00+00:00
[2026-04-29T00:16:25.278+0000] {processor.py:208} INFO - Processing /usr/local/python/3.12.1/lib/python3.12/site-packages/airflow/example_dags/example_outlet_event_extra.py took 0.189 seconds
[2026-04-29T00:18:07.707+0000] {processor.py:186} INFO - Started process (PID=81079) to work on /usr/local/python/3.12.1/lib/python3.12/site-packages/airflow/example_dags/example_outlet_event_extra.py
[2026-04-29T00:18:07.708+0000] {processor.py:914} INFO - Processing file /usr/local/python/3.12.1/lib/python3.12/site-packages/airflow/example_dags/example_outlet_event_extra.py for tasks to queue
[2026-04-29T00:18:07.709+0000] {logging_mixin.py:190} INFO - [2026-04-29T00:18:07.709+0000] {dagbag.py:588} INFO - Filling up the DagBag from /usr/local/python/3.12.1/lib/python3.12/site-packages/airflow/example_dags/example_outlet_event_extra.py
[2026-04-29T00:18:07.798+0000] {logging_mixin.py:190} INFO - [2026-04-29T00:18:07.798+0000] {providers_manager.py:287} INFO - Optional provider feature disabled when importing 'airflow.providers.amazon.aws.assets.s3.sanitize_uri' from 'apache-airflow-providers-amazon' package
[2026-04-29T00:18:07.799+0000] {logging_mixin.py:190} INFO - [2026-04-29T00:18:07.799+0000] {providers_manager.py:287} INFO - Optional provider feature disabled when importing 'airflow.providers.amazon.aws.assets.s3.create_asset' from 'apache-airflow-providers-amazon' package
[2026-04-29T00:18:07.799+0000] {logging_mixin.py:190} INFO - [2026-04-29T00:18:07.799+0000] {providers_manager.py:287} INFO - Optional provider feature disabled when importing 'airflow.providers.amazon.aws.assets.s3.convert_asset_to_openlineage' from 'apache-airflow-providers-amazon' package
[2026-04-29T00:18:07.808+0000] {processor.py:925} INFO - DAG(s) 'dataset_with_extra_from_classic_operator', 'dataset_with_extra_by_yield', 'dataset_with_extra_by_context' retrieved from /usr/local/python/3.12.1/lib/python3.12/site-packages/airflow/example_dags/example_outlet_event_extra.py
[2026-04-29T00:18:07.827+0000] {logging_mixin.py:190} INFO - [2026-04-29T00:18:07.827+0000] {dag.py:3239} INFO - Sync 3 DAGs
[2026-04-29T00:18:07.846+0000] {logging_mixin.py:190} INFO - [2026-04-29T00:18:07.846+0000] {dag.py:4180} INFO - Setting next_dagrun for dataset_with_extra_by_context to 2026-04-28 00:00:00+00:00, run_after=2026-04-29 00:00:00+00:00
[2026-04-29T00:18:07.849+0000] {logging_mixin.py:190} INFO - [2026-04-29T00:18:07.849+0000] {dag.py:4180} INFO - Setting next_dagrun for dataset_with_extra_by_yield to 2026-04-28 00:00:00+00:00, run_after=2026-04-29 00:00:00+00:00
[2026-04-29T00:18:07.851+0000] {logging_mixin.py:190} INFO - [2026-04-29T00:18:07.851+0000] {dag.py:4180} INFO - Setting next_dagrun for dataset_with_extra_from_classic_operator to 2026-04-28 00:00:00+00:00, run_after=2026-04-29 00:00:00+00:00
[2026-04-29T00:18:07.869+0000] {processor.py:208} INFO - Processing /usr/local/python/3.12.1/lib/python3.12/site-packages/airflow/example_dags/example_outlet_event_extra.py took 0.166 seconds
[2026-04-29T00:19:39.826+0000] {processor.py:186} INFO - Started process (PID=82870) to work on /usr/local/python/3.12.1/lib/python3.12/site-packages/airflow/example_dags/example_outlet_event_extra.py
[2026-04-29T00:19:39.827+0000] {processor.py:914} INFO - Processing file /usr/local/python/3.12.1/lib/python3.12/site-packages/airflow/example_dags/example_outlet_event_extra.py for tasks to queue
[2026-04-29T00:19:39.828+0000] {logging_mixin.py:190} INFO - [2026-04-29T00:19:39.827+0000] {dagbag.py:588} INFO - Filling up the DagBag from /usr/local/python/3.12.1/lib/python3.12/site-packages/airflow/example_dags/example_outlet_event_extra.py
[2026-04-29T00:19:39.950+0000] {logging_mixin.py:190} INFO - [2026-04-29T00:19:39.949+0000] {providers_manager.py:287} INFO - Optional provider feature disabled when importing 'airflow.providers.amazon.aws.assets.s3.sanitize_uri' from 'apache-airflow-providers-amazon' package
[2026-04-29T00:19:39.950+0000] {logging_mixin.py:190} INFO - [2026-04-29T00:19:39.950+0000] {providers_manager.py:287} INFO - Optional provider feature disabled when importing 'airflow.providers.amazon.aws.assets.s3.create_asset' from 'apache-airflow-providers-amazon' package
[2026-04-29T00:19:39.951+0000] {logging_mixin.py:190} INFO - [2026-04-29T00:19:39.951+0000] {providers_manager.py:287} INFO - Optional provider feature disabled when importing 'airflow.providers.amazon.aws.assets.s3.convert_asset_to_openlineage' from 'apache-airflow-providers-amazon' package
[2026-04-29T00:19:39.960+0000] {processor.py:925} INFO - DAG(s) 'dataset_with_extra_by_yield', 'dataset_with_extra_by_context', 'dataset_with_extra_from_classic_operator' retrieved from /usr/local/python/3.12.1/lib/python3.12/site-packages/airflow/example_dags/example_outlet_event_extra.py
[2026-04-29T00:19:39.976+0000] {logging_mixin.py:190} INFO - [2026-04-29T00:19:39.976+0000] {dag.py:3239} INFO - Sync 3 DAGs
[2026-04-29T00:19:39.995+0000] {logging_mixin.py:190} INFO - [2026-04-29T00:19:39.995+0000] {dag.py:4180} INFO - Setting next_dagrun for dataset_with_extra_by_context to 2026-04-28 00:00:00+00:00, run_after=2026-04-29 00:00:00+00:00
[2026-04-29T00:19:39.998+0000] {logging_mixin.py:190} INFO - [2026-04-29T00:19:39.998+0000] {dag.py:4180} INFO - Setting next_dagrun for dataset_with_extra_by_yield to 2026-04-28 00:00:00+00:00, run_after=2026-04-29 00:00:00+00:00
[2026-04-29T00:19:40.000+0000] {logging_mixin.py:190} INFO - [2026-04-29T00:19:40.000+0000] {dag.py:4180} INFO - Setting next_dagrun for dataset_with_extra_from_classic_operator to 2026-04-28 00:00:00+00:00, run_after=2026-04-29 00:00:00+00:00
[2026-04-29T00:19:40.021+0000] {processor.py:208} INFO - Processing /usr/local/python/3.12.1/lib/python3.12/site-packages/airflow/example_dags/example_outlet_event_extra.py took 0.203 seconds
[2026-04-29T00:21:12.317+0000] {processor.py:186} INFO - Started process (PID=84719) to work on /usr/local/python/3.12.1/lib/python3.12/site-packages/airflow/example_dags/example_outlet_event_extra.py
[2026-04-29T00:21:12.318+0000] {processor.py:914} INFO - Processing file /usr/local/python/3.12.1/lib/python3.12/site-packages/airflow/example_dags/example_outlet_event_extra.py for tasks to queue
[2026-04-29T00:21:12.319+0000] {logging_mixin.py:190} INFO - [2026-04-29T00:21:12.318+0000] {dagbag.py:588} INFO - Filling up the DagBag from /usr/local/python/3.12.1/lib/python3.12/site-packages/airflow/example_dags/example_outlet_event_extra.py
[2026-04-29T00:21:12.410+0000] {logging_mixin.py:190} INFO - [2026-04-29T00:21:12.410+0000] {providers_manager.py:287} INFO - Optional provider feature disabled when importing 'airflow.providers.amazon.aws.assets.s3.sanitize_uri' from 'apache-airflow-providers-amazon' package
[2026-04-29T00:21:12.410+0000] {logging_mixin.py:190} INFO - [2026-04-29T00:21:12.410+0000] {providers_manager.py:287} INFO - Optional provider feature disabled when importing 'airflow.providers.amazon.aws.assets.s3.create_asset' from 'apache-airflow-providers-amazon' package
[2026-04-29T00:21:12.411+0000] {logging_mixin.py:190} INFO - [2026-04-29T00:21:12.411+0000] {providers_manager.py:287} INFO - Optional provider feature disabled when importing 'airflow.providers.amazon.aws.assets.s3.convert_asset_to_openlineage' from 'apache-airflow-providers-amazon' package
[2026-04-29T00:21:12.422+0000] {processor.py:925} INFO - DAG(s) 'dataset_with_extra_from_classic_operator', 'dataset_with_extra_by_context', 'dataset_with_extra_by_yield' retrieved from /usr/local/python/3.12.1/lib/python3.12/site-packages/airflow/example_dags/example_outlet_event_extra.py
[2026-04-29T00:21:12.441+0000] {logging_mixin.py:190} INFO - [2026-04-29T00:21:12.441+0000] {dag.py:3239} INFO - Sync 3 DAGs
[2026-04-29T00:21:12.458+0000] {logging_mixin.py:190} INFO - [2026-04-29T00:21:12.458+0000] {dag.py:4180} INFO - Setting next_dagrun for dataset_with_extra_by_context to 2026-04-28 00:00:00+00:00, run_after=2026-04-29 00:00:00+00:00
[2026-04-29T00:21:12.461+0000] {logging_mixin.py:190} INFO - [2026-04-29T00:21:12.461+0000] {dag.py:4180} INFO - Setting next_dagrun for dataset_with_extra_by_yield to 2026-04-28 00:00:00+00:00, run_after=2026-04-29 00:00:00+00:00
[2026-04-29T00:21:12.463+0000] {logging_mixin.py:190} INFO - [2026-04-29T00:21:12.463+0000] {dag.py:4180} INFO - Setting next_dagrun for dataset_with_extra_from_classic_operator to 2026-04-28 00:00:00+00:00, run_after=2026-04-29 00:00:00+00:00
[2026-04-29T00:21:12.484+0000] {processor.py:208} INFO - Processing /usr/local/python/3.12.1/lib/python3.12/site-packages/airflow/example_dags/example_outlet_event_extra.py took 0.173 seconds
[2026-04-29T00:22:39.340+0000] {processor.py:186} INFO - Started process (PID=86412) to work on /usr/local/python/3.12.1/lib/python3.12/site-packages/airflow/example_dags/example_outlet_event_extra.py
[2026-04-29T00:22:39.341+0000] {processor.py:914} INFO - Processing file /usr/local/python/3.12.1/lib/python3.12/site-packages/airflow/example_dags/example_outlet_event_extra.py for tasks to queue
[2026-04-29T00:22:39.342+0000] {logging_mixin.py:190} INFO - [2026-04-29T00:22:39.342+0000] {dagbag.py:588} INFO - Filling up the DagBag from /usr/local/python/3.12.1/lib/python3.12/site-packages/airflow/example_dags/example_outlet_event_extra.py
[2026-04-29T00:22:39.436+0000] {logging_mixin.py:190} INFO - [2026-04-29T00:22:39.436+0000] {providers_manager.py:287} INFO - Optional provider feature disabled when importing 'airflow.providers.amazon.aws.assets.s3.sanitize_uri' from 'apache-airflow-providers-amazon' package
[2026-04-29T00:22:39.437+0000] {logging_mixin.py:190} INFO - [2026-04-29T00:22:39.437+0000] {providers_manager.py:287} INFO - Optional provider feature disabled when importing 'airflow.providers.amazon.aws.assets.s3.create_asset' from 'apache-airflow-providers-amazon' package
[2026-04-29T00:22:39.437+0000] {logging_mixin.py:190} INFO - [2026-04-29T00:22:39.437+0000] {providers_manager.py:287} INFO - Optional provider feature disabled when importing 'airflow.providers.amazon.aws.assets.s3.convert_asset_to_openlineage' from 'apache-airflow-providers-amazon' package
[2026-04-29T00:22:39.448+0000] {processor.py:925} INFO - DAG(s) 'dataset_with_extra_by_yield', 'dataset_with_extra_from_classic_operator', 'dataset_with_extra_by_context' retrieved from /usr/local/python/3.12.1/lib/python3.12/site-packages/airflow/example_dags/example_outlet_event_extra.py
[2026-04-29T00:22:39.464+0000] {logging_mixin.py:190} INFO - [2026-04-29T00:22:39.464+0000] {dag.py:3239} INFO - Sync 3 DAGs
[2026-04-29T00:22:39.480+0000] {logging_mixin.py:190} INFO - [2026-04-29T00:22:39.480+0000] {dag.py:4180} INFO - Setting next_dagrun for dataset_with_extra_by_context to 2026-04-28 00:00:00+00:00, run_after=2026-04-29 00:00:00+00:00
[2026-04-29T00:22:39.484+0000] {logging_mixin.py:190} INFO - [2026-04-29T00:22:39.484+0000] {dag.py:4180} INFO - Setting next_dagrun for dataset_with_extra_by_yield to 2026-04-28 00:00:00+00:00, run_after=2026-04-29 00:00:00+00:00
[2026-04-29T00:22:39.486+0000] {logging_mixin.py:190} INFO - [2026-04-29T00:22:39.485+0000] {dag.py:4180} INFO - Setting next_dagrun for dataset_with_extra_from_classic_operator to 2026-04-28 00:00:00+00:00, run_after=2026-04-29 00:00:00+00:00
[2026-04-29T00:22:39.504+0000] {processor.py:208} INFO - Processing /usr/local/python/3.12.1/lib/python3.12/site-packages/airflow/example_dags/example_outlet_event_extra.py took 0.168 seconds
[2026-04-29T00:24:12.241+0000] {processor.py:186} INFO - Started process (PID=88264) to work on /usr/local/python/3.12.1/lib/python3.12/site-packages/airflow/example_dags/example_outlet_event_extra.py
[2026-04-29T00:24:12.242+0000] {processor.py:914} INFO - Processing file /usr/local/python/3.12.1/lib/python3.12/site-packages/airflow/example_dags/example_outlet_event_extra.py for tasks to queue
[2026-04-29T00:24:12.243+0000] {logging_mixin.py:190} INFO - [2026-04-29T00:24:12.242+0000] {dagbag.py:588} INFO - Filling up the DagBag from /usr/local/python/3.12.1/lib/python3.12/site-packages/airflow/example_dags/example_outlet_event_extra.py
[2026-04-29T00:24:12.339+0000] {logging_mixin.py:190} INFO - [2026-04-29T00:24:12.338+0000] {providers_manager.py:287} INFO - Optional provider feature disabled when importing 'airflow.providers.amazon.aws.assets.s3.sanitize_uri' from 'apache-airflow-providers-amazon' package
[2026-04-29T00:24:12.339+0000] {logging_mixin.py:190} INFO - [2026-04-29T00:24:12.339+0000] {providers_manager.py:287} INFO - Optional provider feature disabled when importing 'airflow.providers.amazon.aws.assets.s3.create_asset' from 'apache-airflow-providers-amazon' package
[2026-04-29T00:24:12.341+0000] {logging_mixin.py:190} INFO - [2026-04-29T00:24:12.340+0000] {providers_manager.py:287} INFO - Optional provider feature disabled when importing 'airflow.providers.amazon.aws.assets.s3.convert_asset_to_openlineage' from 'apache-airflow-providers-amazon' package
[2026-04-29T00:24:12.354+0000] {processor.py:925} INFO - DAG(s) 'dataset_with_extra_from_classic_operator', 'dataset_with_extra_by_yield', 'dataset_with_extra_by_context' retrieved from /usr/local/python/3.12.1/lib/python3.12/site-packages/airflow/example_dags/example_outlet_event_extra.py
[2026-04-29T00:24:12.372+0000] {logging_mixin.py:190} INFO - [2026-04-29T00:24:12.372+0000] {dag.py:3239} INFO - Sync 3 DAGs
[2026-04-29T00:24:12.389+0000] {logging_mixin.py:190} INFO - [2026-04-29T00:24:12.389+0000] {dag.py:4180} INFO - Setting next_dagrun for dataset_with_extra_by_context to 2026-04-28 00:00:00+00:00, run_after=2026-04-29 00:00:00+00:00
[2026-04-29T00:24:12.392+0000] {logging_mixin.py:190} INFO - [2026-04-29T00:24:12.392+0000] {dag.py:4180} INFO - Setting next_dagrun for dataset_with_extra_by_yield to 2026-04-28 00:00:00+00:00, run_after=2026-04-29 00:00:00+00:00
[2026-04-29T00:24:12.394+0000] {logging_mixin.py:190} INFO - [2026-04-29T00:24:12.394+0000] {dag.py:4180} INFO - Setting next_dagrun for dataset_with_extra_from_classic_operator to 2026-04-28 00:00:00+00:00, run_after=2026-04-29 00:00:00+00:00
[2026-04-29T00:24:12.413+0000] {processor.py:208} INFO - Processing /usr/local/python/3.12.1/lib/python3.12/site-packages/airflow/example_dags/example_outlet_event_extra.py took 0.177 seconds
[2026-04-29T00:25:42.419+0000] {processor.py:186} INFO - Started process (PID=90058) to work on /usr/local/python/3.12.1/lib/python3.12/site-packages/airflow/example_dags/example_outlet_event_extra.py
[2026-04-29T00:25:42.420+0000] {processor.py:914} INFO - Processing file /usr/local/python/3.12.1/lib/python3.12/site-packages/airflow/example_dags/example_outlet_event_extra.py for tasks to queue
[2026-04-29T00:25:42.421+0000] {logging_mixin.py:190} INFO - [2026-04-29T00:25:42.421+0000] {dagbag.py:588} INFO - Filling up the DagBag from /usr/local/python/3.12.1/lib/python3.12/site-packages/airflow/example_dags/example_outlet_event_extra.py
[2026-04-29T00:25:42.524+0000] {logging_mixin.py:190} INFO - [2026-04-29T00:25:42.524+0000] {providers_manager.py:287} INFO - Optional provider feature disabled when importing 'airflow.providers.amazon.aws.assets.s3.sanitize_uri' from 'apache-airflow-providers-amazon' package
[2026-04-29T00:25:42.525+0000] {logging_mixin.py:190} INFO - [2026-04-29T00:25:42.525+0000] {providers_manager.py:287} INFO - Optional provider feature disabled when importing 'airflow.providers.amazon.aws.assets.s3.create_asset' from 'apache-airflow-providers-amazon' package
[2026-04-29T00:25:42.526+0000] {logging_mixin.py:190} INFO - [2026-04-29T00:25:42.526+0000] {providers_manager.py:287} INFO - Optional provider feature disabled when importing 'airflow.providers.amazon.aws.assets.s3.convert_asset_to_openlineage' from 'apache-airflow-providers-amazon' package
[2026-04-29T00:25:42.538+0000] {processor.py:925} INFO - DAG(s) 'dataset_with_extra_by_context', 'dataset_with_extra_by_yield', 'dataset_with_extra_from_classic_operator' retrieved from /usr/local/python/3.12.1/lib/python3.12/site-packages/airflow/example_dags/example_outlet_event_extra.py
[2026-04-29T00:25:42.561+0000] {logging_mixin.py:190} INFO - [2026-04-29T00:25:42.561+0000] {dag.py:3239} INFO - Sync 3 DAGs
[2026-04-29T00:25:42.587+0000] {logging_mixin.py:190} INFO - [2026-04-29T00:25:42.587+0000] {dag.py:4180} INFO - Setting next_dagrun for dataset_with_extra_by_context to 2026-04-28 00:00:00+00:00, run_after=2026-04-29 00:00:00+00:00
[2026-04-29T00:25:42.595+0000] {logging_mixin.py:190} INFO - [2026-04-29T00:25:42.594+0000] {dag.py:4180} INFO - Setting next_dagrun for dataset_with_extra_by_yield to 2026-04-28 00:00:00+00:00, run_after=2026-04-29 00:00:00+00:00
[2026-04-29T00:25:42.597+0000] {logging_mixin.py:190} INFO - [2026-04-29T00:25:42.597+0000] {dag.py:4180} INFO - Setting next_dagrun for dataset_with_extra_from_classic_operator to 2026-04-28 00:00:00+00:00, run_after=2026-04-29 00:00:00+00:00
[2026-04-29T00:25:42.621+0000] {processor.py:208} INFO - Processing /usr/local/python/3.12.1/lib/python3.12/site-packages/airflow/example_dags/example_outlet_event_extra.py took 0.208 seconds
[2026-04-29T00:27:15.344+0000] {processor.py:186} INFO - Started process (PID=91885) to work on /usr/local/python/3.12.1/lib/python3.12/site-packages/airflow/example_dags/example_outlet_event_extra.py
[2026-04-29T00:27:15.345+0000] {processor.py:914} INFO - Processing file /usr/local/python/3.12.1/lib/python3.12/site-packages/airflow/example_dags/example_outlet_event_extra.py for tasks to queue
[2026-04-29T00:27:15.346+0000] {logging_mixin.py:190} INFO - [2026-04-29T00:27:15.345+0000] {dagbag.py:588} INFO - Filling up the DagBag from /usr/local/python/3.12.1/lib/python3.12/site-packages/airflow/example_dags/example_outlet_event_extra.py
[2026-04-29T00:27:15.456+0000] {logging_mixin.py:190} INFO - [2026-04-29T00:27:15.455+0000] {providers_manager.py:287} INFO - Optional provider feature disabled when importing 'airflow.providers.amazon.aws.assets.s3.sanitize_uri' from 'apache-airflow-providers-amazon' package
[2026-04-29T00:27:15.457+0000] {logging_mixin.py:190} INFO - [2026-04-29T00:27:15.456+0000] {providers_manager.py:287} INFO - Optional provider feature disabled when importing 'airflow.providers.amazon.aws.assets.s3.create_asset' from 'apache-airflow-providers-amazon' package
[2026-04-29T00:27:15.457+0000] {logging_mixin.py:190} INFO - [2026-04-29T00:27:15.457+0000] {providers_manager.py:287} INFO - Optional provider feature disabled when importing 'airflow.providers.amazon.aws.assets.s3.convert_asset_to_openlineage' from 'apache-airflow-providers-amazon' package
[2026-04-29T00:27:15.483+0000] {processor.py:925} INFO - DAG(s) 'dataset_with_extra_by_context', 'dataset_with_extra_from_classic_operator', 'dataset_with_extra_by_yield' retrieved from /usr/local/python/3.12.1/lib/python3.12/site-packages/airflow/example_dags/example_outlet_event_extra.py
[2026-04-29T00:27:15.574+0000] {logging_mixin.py:190} INFO - [2026-04-29T00:27:15.574+0000] {dag.py:3239} INFO - Sync 3 DAGs
[2026-04-29T00:27:15.607+0000] {logging_mixin.py:190} INFO - [2026-04-29T00:27:15.607+0000] {dag.py:4180} INFO - Setting next_dagrun for dataset_with_extra_by_context to 2026-04-28 00:00:00+00:00, run_after=2026-04-29 00:00:00+00:00
[2026-04-29T00:27:15.611+0000] {logging_mixin.py:190} INFO - [2026-04-29T00:27:15.611+0000] {dag.py:4180} INFO - Setting next_dagrun for dataset_with_extra_by_yield to 2026-04-28 00:00:00+00:00, run_after=2026-04-29 00:00:00+00:00
[2026-04-29T00:27:15.612+0000] {logging_mixin.py:190} INFO - [2026-04-29T00:27:15.612+0000] {dag.py:4180} INFO - Setting next_dagrun for dataset_with_extra_from_classic_operator to 2026-04-28 00:00:00+00:00, run_after=2026-04-29 00:00:00+00:00
[2026-04-29T00:27:15.635+0000] {processor.py:208} INFO - Processing /usr/local/python/3.12.1/lib/python3.12/site-packages/airflow/example_dags/example_outlet_event_extra.py took 0.296 seconds
[2026-04-29T00:29:09.003+0000] {processor.py:186} INFO - Started process (PID=94200) to work on /usr/local/python/3.12.1/lib/python3.12/site-packages/airflow/example_dags/example_outlet_event_extra.py
[2026-04-29T00:29:09.003+0000] {processor.py:914} INFO - Processing file /usr/local/python/3.12.1/lib/python3.12/site-packages/airflow/example_dags/example_outlet_event_extra.py for tasks to queue
[2026-04-29T00:29:09.004+0000] {logging_mixin.py:190} INFO - [2026-04-29T00:29:09.004+0000] {dagbag.py:588} INFO - Filling up the DagBag from /usr/local/python/3.12.1/lib/python3.12/site-packages/airflow/example_dags/example_outlet_event_extra.py
[2026-04-29T00:29:09.095+0000] {logging_mixin.py:190} INFO - [2026-04-29T00:29:09.095+0000] {providers_manager.py:287} INFO - Optional provider feature disabled when importing 'airflow.providers.amazon.aws.assets.s3.sanitize_uri' from 'apache-airflow-providers-amazon' package
[2026-04-29T00:29:09.096+0000] {logging_mixin.py:190} INFO - [2026-04-29T00:29:09.096+0000] {providers_manager.py:287} INFO - Optional provider feature disabled when importing 'airflow.providers.amazon.aws.assets.s3.create_asset' from 'apache-airflow-providers-amazon' package
[2026-04-29T00:29:09.096+0000] {logging_mixin.py:190} INFO - [2026-04-29T00:29:09.096+0000] {providers_manager.py:287} INFO - Optional provider feature disabled when importing 'airflow.providers.amazon.aws.assets.s3.convert_asset_to_openlineage' from 'apache-airflow-providers-amazon' package
[2026-04-29T00:29:09.110+0000] {processor.py:925} INFO - DAG(s) 'dataset_with_extra_by_yield', 'dataset_with_extra_from_classic_operator', 'dataset_with_extra_by_context' retrieved from /usr/local/python/3.12.1/lib/python3.12/site-packages/airflow/example_dags/example_outlet_event_extra.py
[2026-04-29T00:29:09.136+0000] {logging_mixin.py:190} INFO - [2026-04-29T00:29:09.136+0000] {dag.py:3239} INFO - Sync 3 DAGs
[2026-04-29T00:29:09.176+0000] {logging_mixin.py:190} INFO - [2026-04-29T00:29:09.176+0000] {dag.py:4180} INFO - Setting next_dagrun for dataset_with_extra_by_context to 2026-04-28 00:00:00+00:00, run_after=2026-04-29 00:00:00+00:00
[2026-04-29T00:29:09.181+0000] {logging_mixin.py:190} INFO - [2026-04-29T00:29:09.181+0000] {dag.py:4180} INFO - Setting next_dagrun for dataset_with_extra_by_yield to 2026-04-28 00:00:00+00:00, run_after=2026-04-29 00:00:00+00:00
[2026-04-29T00:29:09.182+0000] {logging_mixin.py:190} INFO - [2026-04-29T00:29:09.182+0000] {dag.py:4180} INFO - Setting next_dagrun for dataset_with_extra_from_classic_operator to 2026-04-28 00:00:00+00:00, run_after=2026-04-29 00:00:00+00:00
[2026-04-29T00:29:09.200+0000] {processor.py:208} INFO - Processing /usr/local/python/3.12.1/lib/python3.12/site-packages/airflow/example_dags/example_outlet_event_extra.py took 0.202 seconds
[2026-04-29T00:30:37.961+0000] {processor.py:186} INFO - Started process (PID=95989) to work on /usr/local/python/3.12.1/lib/python3.12/site-packages/airflow/example_dags/example_outlet_event_extra.py
[2026-04-29T00:30:37.962+0000] {processor.py:914} INFO - Processing file /usr/local/python/3.12.1/lib/python3.12/site-packages/airflow/example_dags/example_outlet_event_extra.py for tasks to queue
[2026-04-29T00:30:37.964+0000] {logging_mixin.py:190} INFO - [2026-04-29T00:30:37.963+0000] {dagbag.py:588} INFO - Filling up the DagBag from /usr/local/python/3.12.1/lib/python3.12/site-packages/airflow/example_dags/example_outlet_event_extra.py
[2026-04-29T00:30:38.068+0000] {logging_mixin.py:190} INFO - [2026-04-29T00:30:38.068+0000] {providers_manager.py:287} INFO - Optional provider feature disabled when importing 'airflow.providers.amazon.aws.assets.s3.sanitize_uri' from 'apache-airflow-providers-amazon' package
[2026-04-29T00:30:38.068+0000] {logging_mixin.py:190} INFO - [2026-04-29T00:30:38.068+0000] {providers_manager.py:287} INFO - Optional provider feature disabled when importing 'airflow.providers.amazon.aws.assets.s3.create_asset' from 'apache-airflow-providers-amazon' package
[2026-04-29T00:30:38.069+0000] {logging_mixin.py:190} INFO - [2026-04-29T00:30:38.069+0000] {providers_manager.py:287} INFO - Optional provider feature disabled when importing 'airflow.providers.amazon.aws.assets.s3.convert_asset_to_openlineage' from 'apache-airflow-providers-amazon' package
[2026-04-29T00:30:38.078+0000] {processor.py:925} INFO - DAG(s) 'dataset_with_extra_by_context', 'dataset_with_extra_from_classic_operator', 'dataset_with_extra_by_yield' retrieved from /usr/local/python/3.12.1/lib/python3.12/site-packages/airflow/example_dags/example_outlet_event_extra.py
[2026-04-29T00:30:38.096+0000] {logging_mixin.py:190} INFO - [2026-04-29T00:30:38.095+0000] {dag.py:3239} INFO - Sync 3 DAGs
[2026-04-29T00:30:38.114+0000] {logging_mixin.py:190} INFO - [2026-04-29T00:30:38.113+0000] {dag.py:4180} INFO - Setting next_dagrun for dataset_with_extra_by_context to 2026-04-28 00:00:00+00:00, run_after=2026-04-29 00:00:00+00:00
[2026-04-29T00:30:38.118+0000] {logging_mixin.py:190} INFO - [2026-04-29T00:30:38.118+0000] {dag.py:4180} INFO - Setting next_dagrun for dataset_with_extra_by_yield to 2026-04-28 00:00:00+00:00, run_after=2026-04-29 00:00:00+00:00
[2026-04-29T00:30:38.120+0000] {logging_mixin.py:190} INFO - [2026-04-29T00:30:38.120+0000] {dag.py:4180} INFO - Setting next_dagrun for dataset_with_extra_from_classic_operator to 2026-04-28 00:00:00+00:00, run_after=2026-04-29 00:00:00+00:00
[2026-04-29T00:30:38.141+0000] {processor.py:208} INFO - Processing /usr/local/python/3.12.1/lib/python3.12/site-packages/airflow/example_dags/example_outlet_event_extra.py took 0.186 seconds
[2026-04-29T00:32:06.568+0000] {processor.py:186} INFO - Started process (PID=97744) to work on /usr/local/python/3.12.1/lib/python3.12/site-packages/airflow/example_dags/example_outlet_event_extra.py
[2026-04-29T00:32:06.569+0000] {processor.py:914} INFO - Processing file /usr/local/python/3.12.1/lib/python3.12/site-packages/airflow/example_dags/example_outlet_event_extra.py for tasks to queue
[2026-04-29T00:32:06.570+0000] {logging_mixin.py:190} INFO - [2026-04-29T00:32:06.570+0000] {dagbag.py:588} INFO - Filling up the DagBag from /usr/local/python/3.12.1/lib/python3.12/site-packages/airflow/example_dags/example_outlet_event_extra.py
[2026-04-29T00:32:06.661+0000] {logging_mixin.py:190} INFO - [2026-04-29T00:32:06.661+0000] {providers_manager.py:287} INFO - Optional provider feature disabled when importing 'airflow.providers.amazon.aws.assets.s3.sanitize_uri' from 'apache-airflow-providers-amazon' package
[2026-04-29T00:32:06.662+0000] {logging_mixin.py:190} INFO - [2026-04-29T00:32:06.662+0000] {providers_manager.py:287} INFO - Optional provider feature disabled when importing 'airflow.providers.amazon.aws.assets.s3.create_asset' from 'apache-airflow-providers-amazon' package
[2026-04-29T00:32:06.662+0000] {logging_mixin.py:190} INFO - [2026-04-29T00:32:06.662+0000] {providers_manager.py:287} INFO - Optional provider feature disabled when importing 'airflow.providers.amazon.aws.assets.s3.convert_asset_to_openlineage' from 'apache-airflow-providers-amazon' package
[2026-04-29T00:32:06.671+0000] {processor.py:925} INFO - DAG(s) 'dataset_with_extra_by_context', 'dataset_with_extra_from_classic_operator', 'dataset_with_extra_by_yield' retrieved from /usr/local/python/3.12.1/lib/python3.12/site-packages/airflow/example_dags/example_outlet_event_extra.py
[2026-04-29T00:32:06.688+0000] {logging_mixin.py:190} INFO - [2026-04-29T00:32:06.687+0000] {dag.py:3239} INFO - Sync 3 DAGs
[2026-04-29T00:32:06.706+0000] {logging_mixin.py:190} INFO - [2026-04-29T00:32:06.706+0000] {dag.py:4180} INFO - Setting next_dagrun for dataset_with_extra_by_context to 2026-04-28 00:00:00+00:00, run_after=2026-04-29 00:00:00+00:00
[2026-04-29T00:32:06.710+0000] {logging_mixin.py:190} INFO - [2026-04-29T00:32:06.710+0000] {dag.py:4180} INFO - Setting next_dagrun for dataset_with_extra_by_yield to 2026-04-28 00:00:00+00:00, run_after=2026-04-29 00:00:00+00:00
[2026-04-29T00:32:06.712+0000] {logging_mixin.py:190} INFO - [2026-04-29T00:32:06.711+0000] {dag.py:4180} INFO - Setting next_dagrun for dataset_with_extra_from_classic_operator to 2026-04-28 00:00:00+00:00, run_after=2026-04-29 00:00:00+00:00
[2026-04-29T00:32:06.740+0000] {processor.py:208} INFO - Processing /usr/local/python/3.12.1/lib/python3.12/site-packages/airflow/example_dags/example_outlet_event_extra.py took 0.176 seconds
[2026-04-29T00:33:38.461+0000] {processor.py:186} INFO - Started process (PID=99567) to work on /usr/local/python/3.12.1/lib/python3.12/site-packages/airflow/example_dags/example_outlet_event_extra.py
[2026-04-29T00:33:38.462+0000] {processor.py:914} INFO - Processing file /usr/local/python/3.12.1/lib/python3.12/site-packages/airflow/example_dags/example_outlet_event_extra.py for tasks to queue
[2026-04-29T00:33:38.463+0000] {logging_mixin.py:190} INFO - [2026-04-29T00:33:38.463+0000] {dagbag.py:588} INFO - Filling up the DagBag from /usr/local/python/3.12.1/lib/python3.12/site-packages/airflow/example_dags/example_outlet_event_extra.py
[2026-04-29T00:33:38.554+0000] {logging_mixin.py:190} INFO - [2026-04-29T00:33:38.554+0000] {providers_manager.py:287} INFO - Optional provider feature disabled when importing 'airflow.providers.amazon.aws.assets.s3.sanitize_uri' from 'apache-airflow-providers-amazon' package
[2026-04-29T00:33:38.555+0000] {logging_mixin.py:190} INFO - [2026-04-29T00:33:38.555+0000] {providers_manager.py:287} INFO - Optional provider feature disabled when importing 'airflow.providers.amazon.aws.assets.s3.create_asset' from 'apache-airflow-providers-amazon' package
[2026-04-29T00:33:38.555+0000] {logging_mixin.py:190} INFO - [2026-04-29T00:33:38.555+0000] {providers_manager.py:287} INFO - Optional provider feature disabled when importing 'airflow.providers.amazon.aws.assets.s3.convert_asset_to_openlineage' from 'apache-airflow-providers-amazon' package
[2026-04-29T00:33:38.564+0000] {processor.py:925} INFO - DAG(s) 'dataset_with_extra_by_context', 'dataset_with_extra_from_classic_operator', 'dataset_with_extra_by_yield' retrieved from /usr/local/python/3.12.1/lib/python3.12/site-packages/airflow/example_dags/example_outlet_event_extra.py
[2026-04-29T00:33:38.582+0000] {logging_mixin.py:190} INFO - [2026-04-29T00:33:38.582+0000] {dag.py:3239} INFO - Sync 3 DAGs
[2026-04-29T00:33:38.599+0000] {logging_mixin.py:190} INFO - [2026-04-29T00:33:38.599+0000] {dag.py:4180} INFO - Setting next_dagrun for dataset_with_extra_by_context to 2026-04-28 00:00:00+00:00, run_after=2026-04-29 00:00:00+00:00
[2026-04-29T00:33:38.603+0000] {logging_mixin.py:190} INFO - [2026-04-29T00:33:38.602+0000] {dag.py:4180} INFO - Setting next_dagrun for dataset_with_extra_by_yield to 2026-04-28 00:00:00+00:00, run_after=2026-04-29 00:00:00+00:00
[2026-04-29T00:33:38.604+0000] {logging_mixin.py:190} INFO - [2026-04-29T00:33:38.604+0000] {dag.py:4180} INFO - Setting next_dagrun for dataset_with_extra_from_classic_operator to 2026-04-28 00:00:00+00:00, run_after=2026-04-29 00:00:00+00:00
[2026-04-29T00:33:38.624+0000] {processor.py:208} INFO - Processing /usr/local/python/3.12.1/lib/python3.12/site-packages/airflow/example_dags/example_outlet_event_extra.py took 0.168 seconds
[2026-04-29T00:35:13.310+0000] {processor.py:186} INFO - Started process (PID=101458) to work on /usr/local/python/3.12.1/lib/python3.12/site-packages/airflow/example_dags/example_outlet_event_extra.py
[2026-04-29T00:35:13.311+0000] {processor.py:914} INFO - Processing file /usr/local/python/3.12.1/lib/python3.12/site-packages/airflow/example_dags/example_outlet_event_extra.py for tasks to queue
[2026-04-29T00:35:13.312+0000] {logging_mixin.py:190} INFO - [2026-04-29T00:35:13.312+0000] {dagbag.py:588} INFO - Filling up the DagBag from /usr/local/python/3.12.1/lib/python3.12/site-packages/airflow/example_dags/example_outlet_event_extra.py
[2026-04-29T00:35:13.404+0000] {logging_mixin.py:190} INFO - [2026-04-29T00:35:13.404+0000] {providers_manager.py:287} INFO - Optional provider feature disabled when importing 'airflow.providers.amazon.aws.assets.s3.sanitize_uri' from 'apache-airflow-providers-amazon' package
[2026-04-29T00:35:13.405+0000] {logging_mixin.py:190} INFO - [2026-04-29T00:35:13.404+0000] {providers_manager.py:287} INFO - Optional provider feature disabled when importing 'airflow.providers.amazon.aws.assets.s3.create_asset' from 'apache-airflow-providers-amazon' package
[2026-04-29T00:35:13.405+0000] {logging_mixin.py:190} INFO - [2026-04-29T00:35:13.405+0000] {providers_manager.py:287} INFO - Optional provider feature disabled when importing 'airflow.providers.amazon.aws.assets.s3.convert_asset_to_openlineage' from 'apache-airflow-providers-amazon' package
[2026-04-29T00:35:13.414+0000] {processor.py:925} INFO - DAG(s) 'dataset_with_extra_by_context', 'dataset_with_extra_from_classic_operator', 'dataset_with_extra_by_yield' retrieved from /usr/local/python/3.12.1/lib/python3.12/site-packages/airflow/example_dags/example_outlet_event_extra.py
[2026-04-29T00:35:13.434+0000] {logging_mixin.py:190} INFO - [2026-04-29T00:35:13.434+0000] {dag.py:3239} INFO - Sync 3 DAGs
[2026-04-29T00:35:13.452+0000] {logging_mixin.py:190} INFO - [2026-04-29T00:35:13.452+0000] {dag.py:4180} INFO - Setting next_dagrun for dataset_with_extra_by_context to 2026-04-28 00:00:00+00:00, run_after=2026-04-29 00:00:00+00:00
[2026-04-29T00:35:13.456+0000] {logging_mixin.py:190} INFO - [2026-04-29T00:35:13.456+0000] {dag.py:4180} INFO - Setting next_dagrun for dataset_with_extra_by_yield to 2026-04-28 00:00:00+00:00, run_after=2026-04-29 00:00:00+00:00
[2026-04-29T00:35:13.457+0000] {logging_mixin.py:190} INFO - [2026-04-29T00:35:13.457+0000] {dag.py:4180} INFO - Setting next_dagrun for dataset_with_extra_from_classic_operator to 2026-04-28 00:00:00+00:00, run_after=2026-04-29 00:00:00+00:00
[2026-04-29T00:35:13.475+0000] {processor.py:208} INFO - Processing /usr/local/python/3.12.1/lib/python3.12/site-packages/airflow/example_dags/example_outlet_event_extra.py took 0.169 seconds
[2026-04-29T00:36:45.773+0000] {processor.py:186} INFO - Started process (PID=103280) to work on /usr/local/python/3.12.1/lib/python3.12/site-packages/airflow/example_dags/example_outlet_event_extra.py
[2026-04-29T00:36:45.774+0000] {processor.py:914} INFO - Processing file /usr/local/python/3.12.1/lib/python3.12/site-packages/airflow/example_dags/example_outlet_event_extra.py for tasks to queue
[2026-04-29T00:36:45.775+0000] {logging_mixin.py:190} INFO - [2026-04-29T00:36:45.774+0000] {dagbag.py:588} INFO - Filling up the DagBag from /usr/local/python/3.12.1/lib/python3.12/site-packages/airflow/example_dags/example_outlet_event_extra.py
[2026-04-29T00:36:45.866+0000] {logging_mixin.py:190} INFO - [2026-04-29T00:36:45.866+0000] {providers_manager.py:287} INFO - Optional provider feature disabled when importing 'airflow.providers.amazon.aws.assets.s3.sanitize_uri' from 'apache-airflow-providers-amazon' package
[2026-04-29T00:36:45.867+0000] {logging_mixin.py:190} INFO - [2026-04-29T00:36:45.867+0000] {providers_manager.py:287} INFO - Optional provider feature disabled when importing 'airflow.providers.amazon.aws.assets.s3.create_asset' from 'apache-airflow-providers-amazon' package
[2026-04-29T00:36:45.867+0000] {logging_mixin.py:190} INFO - [2026-04-29T00:36:45.867+0000] {providers_manager.py:287} INFO - Optional provider feature disabled when importing 'airflow.providers.amazon.aws.assets.s3.convert_asset_to_openlineage' from 'apache-airflow-providers-amazon' package
[2026-04-29T00:36:45.877+0000] {processor.py:925} INFO - DAG(s) 'dataset_with_extra_from_classic_operator', 'dataset_with_extra_by_yield', 'dataset_with_extra_by_context' retrieved from /usr/local/python/3.12.1/lib/python3.12/site-packages/airflow/example_dags/example_outlet_event_extra.py
[2026-04-29T00:36:45.931+0000] {logging_mixin.py:190} INFO - [2026-04-29T00:36:45.930+0000] {dag.py:3239} INFO - Sync 3 DAGs
[2026-04-29T00:36:46.007+0000] {logging_mixin.py:190} INFO - [2026-04-29T00:36:46.006+0000] {dag.py:4180} INFO - Setting next_dagrun for dataset_with_extra_by_context to 2026-04-28 00:00:00+00:00, run_after=2026-04-29 00:00:00+00:00
[2026-04-29T00:36:46.015+0000] {logging_mixin.py:190} INFO - [2026-04-29T00:36:46.014+0000] {dag.py:4180} INFO - Setting next_dagrun for dataset_with_extra_by_yield to 2026-04-28 00:00:00+00:00, run_after=2026-04-29 00:00:00+00:00
[2026-04-29T00:36:46.018+0000] {logging_mixin.py:190} INFO - [2026-04-29T00:36:46.018+0000] {dag.py:4180} INFO - Setting next_dagrun for dataset_with_extra_from_classic_operator to 2026-04-28 00:00:00+00:00, run_after=2026-04-29 00:00:00+00:00
[2026-04-29T00:36:46.060+0000] {processor.py:208} INFO - Processing /usr/local/python/3.12.1/lib/python3.12/site-packages/airflow/example_dags/example_outlet_event_extra.py took 0.291 seconds
[2026-04-29T00:38:16.651+0000] {processor.py:186} INFO - Started process (PID=105125) to work on /usr/local/python/3.12.1/lib/python3.12/site-packages/airflow/example_dags/example_outlet_event_extra.py
[2026-04-29T00:38:16.652+0000] {processor.py:914} INFO - Processing file /usr/local/python/3.12.1/lib/python3.12/site-packages/airflow/example_dags/example_outlet_event_extra.py for tasks to queue
[2026-04-29T00:38:16.653+0000] {logging_mixin.py:190} INFO - [2026-04-29T00:38:16.653+0000] {dagbag.py:588} INFO - Filling up the DagBag from /usr/local/python/3.12.1/lib/python3.12/site-packages/airflow/example_dags/example_outlet_event_extra.py
[2026-04-29T00:38:16.746+0000] {logging_mixin.py:190} INFO - [2026-04-29T00:38:16.746+0000] {providers_manager.py:287} INFO - Optional provider feature disabled when importing 'airflow.providers.amazon.aws.assets.s3.sanitize_uri' from 'apache-airflow-providers-amazon' package
[2026-04-29T00:38:16.747+0000] {logging_mixin.py:190} INFO - [2026-04-29T00:38:16.747+0000] {providers_manager.py:287} INFO - Optional provider feature disabled when importing 'airflow.providers.amazon.aws.assets.s3.create_asset' from 'apache-airflow-providers-amazon' package
[2026-04-29T00:38:16.747+0000] {logging_mixin.py:190} INFO - [2026-04-29T00:38:16.747+0000] {providers_manager.py:287} INFO - Optional provider feature disabled when importing 'airflow.providers.amazon.aws.assets.s3.convert_asset_to_openlineage' from 'apache-airflow-providers-amazon' package
[2026-04-29T00:38:16.756+0000] {processor.py:925} INFO - DAG(s) 'dataset_with_extra_by_yield', 'dataset_with_extra_by_context', 'dataset_with_extra_from_classic_operator' retrieved from /usr/local/python/3.12.1/lib/python3.12/site-packages/airflow/example_dags/example_outlet_event_extra.py
[2026-04-29T00:38:16.774+0000] {logging_mixin.py:190} INFO - [2026-04-29T00:38:16.773+0000] {dag.py:3239} INFO - Sync 3 DAGs
[2026-04-29T00:38:16.791+0000] {logging_mixin.py:190} INFO - [2026-04-29T00:38:16.791+0000] {dag.py:4180} INFO - Setting next_dagrun for dataset_with_extra_by_context to 2026-04-28 00:00:00+00:00, run_after=2026-04-29 00:00:00+00:00
[2026-04-29T00:38:16.794+0000] {logging_mixin.py:190} INFO - [2026-04-29T00:38:16.794+0000] {dag.py:4180} INFO - Setting next_dagrun for dataset_with_extra_by_yield to 2026-04-28 00:00:00+00:00, run_after=2026-04-29 00:00:00+00:00
[2026-04-29T00:38:16.796+0000] {logging_mixin.py:190} INFO - [2026-04-29T00:38:16.796+0000] {dag.py:4180} INFO - Setting next_dagrun for dataset_with_extra_from_classic_operator to 2026-04-28 00:00:00+00:00, run_after=2026-04-29 00:00:00+00:00
[2026-04-29T00:38:16.813+0000] {processor.py:208} INFO - Processing /usr/local/python/3.12.1/lib/python3.12/site-packages/airflow/example_dags/example_outlet_event_extra.py took 0.167 seconds
[2026-04-29T00:39:44.842+0000] {processor.py:186} INFO - Started process (PID=106875) to work on /usr/local/python/3.12.1/lib/python3.12/site-packages/airflow/example_dags/example_outlet_event_extra.py
[2026-04-29T00:39:44.842+0000] {processor.py:914} INFO - Processing file /usr/local/python/3.12.1/lib/python3.12/site-packages/airflow/example_dags/example_outlet_event_extra.py for tasks to queue
[2026-04-29T00:39:44.844+0000] {logging_mixin.py:190} INFO - [2026-04-29T00:39:44.843+0000] {dagbag.py:588} INFO - Filling up the DagBag from /usr/local/python/3.12.1/lib/python3.12/site-packages/airflow/example_dags/example_outlet_event_extra.py
[2026-04-29T00:39:44.937+0000] {logging_mixin.py:190} INFO - [2026-04-29T00:39:44.937+0000] {providers_manager.py:287} INFO - Optional provider feature disabled when importing 'airflow.providers.amazon.aws.assets.s3.sanitize_uri' from 'apache-airflow-providers-amazon' package
[2026-04-29T00:39:44.938+0000] {logging_mixin.py:190} INFO - [2026-04-29T00:39:44.937+0000] {providers_manager.py:287} INFO - Optional provider feature disabled when importing 'airflow.providers.amazon.aws.assets.s3.create_asset' from 'apache-airflow-providers-amazon' package
[2026-04-29T00:39:44.938+0000] {logging_mixin.py:190} INFO - [2026-04-29T00:39:44.938+0000] {providers_manager.py:287} INFO - Optional provider feature disabled when importing 'airflow.providers.amazon.aws.assets.s3.convert_asset_to_openlineage' from 'apache-airflow-providers-amazon' package
[2026-04-29T00:39:44.947+0000] {processor.py:925} INFO - DAG(s) 'dataset_with_extra_by_yield', 'dataset_with_extra_from_classic_operator', 'dataset_with_extra_by_context' retrieved from /usr/local/python/3.12.1/lib/python3.12/site-packages/airflow/example_dags/example_outlet_event_extra.py
[2026-04-29T00:39:44.963+0000] {logging_mixin.py:190} INFO - [2026-04-29T00:39:44.963+0000] {dag.py:3239} INFO - Sync 3 DAGs
[2026-04-29T00:39:44.981+0000] {logging_mixin.py:190} INFO - [2026-04-29T00:39:44.981+0000] {dag.py:4180} INFO - Setting next_dagrun for dataset_with_extra_by_context to 2026-04-28 00:00:00+00:00, run_after=2026-04-29 00:00:00+00:00
[2026-04-29T00:39:44.985+0000] {logging_mixin.py:190} INFO - [2026-04-29T00:39:44.985+0000] {dag.py:4180} INFO - Setting next_dagrun for dataset_with_extra_by_yield to 2026-04-28 00:00:00+00:00, run_after=2026-04-29 00:00:00+00:00
[2026-04-29T00:39:44.986+0000] {logging_mixin.py:190} INFO - [2026-04-29T00:39:44.986+0000] {dag.py:4180} INFO - Setting next_dagrun for dataset_with_extra_from_classic_operator to 2026-04-28 00:00:00+00:00, run_after=2026-04-29 00:00:00+00:00
[2026-04-29T00:39:45.004+0000] {processor.py:208} INFO - Processing /usr/local/python/3.12.1/lib/python3.12/site-packages/airflow/example_dags/example_outlet_event_extra.py took 0.167 seconds
[2026-04-29T00:41:11.576+0000] {processor.py:186} INFO - Started process (PID=108623) to work on /usr/local/python/3.12.1/lib/python3.12/site-packages/airflow/example_dags/example_outlet_event_extra.py
[2026-04-29T00:41:11.576+0000] {processor.py:914} INFO - Processing file /usr/local/python/3.12.1/lib/python3.12/site-packages/airflow/example_dags/example_outlet_event_extra.py for tasks to queue
[2026-04-29T00:41:11.577+0000] {logging_mixin.py:190} INFO - [2026-04-29T00:41:11.577+0000] {dagbag.py:588} INFO - Filling up the DagBag from /usr/local/python/3.12.1/lib/python3.12/site-packages/airflow/example_dags/example_outlet_event_extra.py
[2026-04-29T00:41:11.695+0000] {logging_mixin.py:190} INFO - [2026-04-29T00:41:11.695+0000] {providers_manager.py:287} INFO - Optional provider feature disabled when importing 'airflow.providers.amazon.aws.assets.s3.sanitize_uri' from 'apache-airflow-providers-amazon' package
[2026-04-29T00:41:11.696+0000] {logging_mixin.py:190} INFO - [2026-04-29T00:41:11.696+0000] {providers_manager.py:287} INFO - Optional provider feature disabled when importing 'airflow.providers.amazon.aws.assets.s3.create_asset' from 'apache-airflow-providers-amazon' package
[2026-04-29T00:41:11.696+0000] {logging_mixin.py:190} INFO - [2026-04-29T00:41:11.696+0000] {providers_manager.py:287} INFO - Optional provider feature disabled when importing 'airflow.providers.amazon.aws.assets.s3.convert_asset_to_openlineage' from 'apache-airflow-providers-amazon' package
[2026-04-29T00:41:11.705+0000] {processor.py:925} INFO - DAG(s) 'dataset_with_extra_by_context', 'dataset_with_extra_from_classic_operator', 'dataset_with_extra_by_yield' retrieved from /usr/local/python/3.12.1/lib/python3.12/site-packages/airflow/example_dags/example_outlet_event_extra.py
[2026-04-29T00:41:11.724+0000] {logging_mixin.py:190} INFO - [2026-04-29T00:41:11.723+0000] {dag.py:3239} INFO - Sync 3 DAGs
[2026-04-29T00:41:11.748+0000] {logging_mixin.py:190} INFO - [2026-04-29T00:41:11.747+0000] {dag.py:4180} INFO - Setting next_dagrun for dataset_with_extra_by_context to 2026-04-28 00:00:00+00:00, run_after=2026-04-29 00:00:00+00:00
[2026-04-29T00:41:11.753+0000] {logging_mixin.py:190} INFO - [2026-04-29T00:41:11.753+0000] {dag.py:4180} INFO - Setting next_dagrun for dataset_with_extra_by_yield to 2026-04-28 00:00:00+00:00, run_after=2026-04-29 00:00:00+00:00
[2026-04-29T00:41:11.755+0000] {logging_mixin.py:190} INFO - [2026-04-29T00:41:11.755+0000] {dag.py:4180} INFO - Setting next_dagrun for dataset_with_extra_from_classic_operator to 2026-04-28 00:00:00+00:00, run_after=2026-04-29 00:00:00+00:00
[2026-04-29T00:41:11.776+0000] {processor.py:208} INFO - Processing /usr/local/python/3.12.1/lib/python3.12/site-packages/airflow/example_dags/example_outlet_event_extra.py took 0.205 seconds
[2026-04-29T00:42:40.395+0000] {processor.py:186} INFO - Started process (PID=110377) to work on /usr/local/python/3.12.1/lib/python3.12/site-packages/airflow/example_dags/example_outlet_event_extra.py
[2026-04-29T00:42:40.396+0000] {processor.py:914} INFO - Processing file /usr/local/python/3.12.1/lib/python3.12/site-packages/airflow/example_dags/example_outlet_event_extra.py for tasks to queue
[2026-04-29T00:42:40.397+0000] {logging_mixin.py:190} INFO - [2026-04-29T00:42:40.396+0000] {dagbag.py:588} INFO - Filling up the DagBag from /usr/local/python/3.12.1/lib/python3.12/site-packages/airflow/example_dags/example_outlet_event_extra.py
[2026-04-29T00:42:40.489+0000] {logging_mixin.py:190} INFO - [2026-04-29T00:42:40.489+0000] {providers_manager.py:287} INFO - Optional provider feature disabled when importing 'airflow.providers.amazon.aws.assets.s3.sanitize_uri' from 'apache-airflow-providers-amazon' package
[2026-04-29T00:42:40.489+0000] {logging_mixin.py:190} INFO - [2026-04-29T00:42:40.489+0000] {providers_manager.py:287} INFO - Optional provider feature disabled when importing 'airflow.providers.amazon.aws.assets.s3.create_asset' from 'apache-airflow-providers-amazon' package
[2026-04-29T00:42:40.490+0000] {logging_mixin.py:190} INFO - [2026-04-29T00:42:40.490+0000] {providers_manager.py:287} INFO - Optional provider feature disabled when importing 'airflow.providers.amazon.aws.assets.s3.convert_asset_to_openlineage' from 'apache-airflow-providers-amazon' package
[2026-04-29T00:42:40.499+0000] {processor.py:925} INFO - DAG(s) 'dataset_with_extra_by_context', 'dataset_with_extra_from_classic_operator', 'dataset_with_extra_by_yield' retrieved from /usr/local/python/3.12.1/lib/python3.12/site-packages/airflow/example_dags/example_outlet_event_extra.py
[2026-04-29T00:42:40.522+0000] {logging_mixin.py:190} INFO - [2026-04-29T00:42:40.522+0000] {dag.py:3239} INFO - Sync 3 DAGs
[2026-04-29T00:42:40.546+0000] {logging_mixin.py:190} INFO - [2026-04-29T00:42:40.546+0000] {dag.py:4180} INFO - Setting next_dagrun for dataset_with_extra_by_context to 2026-04-28 00:00:00+00:00, run_after=2026-04-29 00:00:00+00:00
[2026-04-29T00:42:40.551+0000] {logging_mixin.py:190} INFO - [2026-04-29T00:42:40.551+0000] {dag.py:4180} INFO - Setting next_dagrun for dataset_with_extra_by_yield to 2026-04-28 00:00:00+00:00, run_after=2026-04-29 00:00:00+00:00
[2026-04-29T00:42:40.554+0000] {logging_mixin.py:190} INFO - [2026-04-29T00:42:40.553+0000] {dag.py:4180} INFO - Setting next_dagrun for dataset_with_extra_from_classic_operator to 2026-04-28 00:00:00+00:00, run_after=2026-04-29 00:00:00+00:00
[2026-04-29T00:42:40.584+0000] {processor.py:208} INFO - Processing /usr/local/python/3.12.1/lib/python3.12/site-packages/airflow/example_dags/example_outlet_event_extra.py took 0.194 seconds
[2026-04-29T00:44:31.533+0000] {processor.py:186} INFO - Started process (PID=112609) to work on /usr/local/python/3.12.1/lib/python3.12/site-packages/airflow/example_dags/example_outlet_event_extra.py
[2026-04-29T00:44:31.533+0000] {processor.py:914} INFO - Processing file /usr/local/python/3.12.1/lib/python3.12/site-packages/airflow/example_dags/example_outlet_event_extra.py for tasks to queue
[2026-04-29T00:44:31.535+0000] {logging_mixin.py:190} INFO - [2026-04-29T00:44:31.534+0000] {dagbag.py:588} INFO - Filling up the DagBag from /usr/local/python/3.12.1/lib/python3.12/site-packages/airflow/example_dags/example_outlet_event_extra.py
[2026-04-29T00:44:31.624+0000] {logging_mixin.py:190} INFO - [2026-04-29T00:44:31.624+0000] {providers_manager.py:287} INFO - Optional provider feature disabled when importing 'airflow.providers.amazon.aws.assets.s3.sanitize_uri' from 'apache-airflow-providers-amazon' package
[2026-04-29T00:44:31.625+0000] {logging_mixin.py:190} INFO - [2026-04-29T00:44:31.625+0000] {providers_manager.py:287} INFO - Optional provider feature disabled when importing 'airflow.providers.amazon.aws.assets.s3.create_asset' from 'apache-airflow-providers-amazon' package
[2026-04-29T00:44:31.626+0000] {logging_mixin.py:190} INFO - [2026-04-29T00:44:31.626+0000] {providers_manager.py:287} INFO - Optional provider feature disabled when importing 'airflow.providers.amazon.aws.assets.s3.convert_asset_to_openlineage' from 'apache-airflow-providers-amazon' package
[2026-04-29T00:44:31.637+0000] {processor.py:925} INFO - DAG(s) 'dataset_with_extra_from_classic_operator', 'dataset_with_extra_by_yield', 'dataset_with_extra_by_context' retrieved from /usr/local/python/3.12.1/lib/python3.12/site-packages/airflow/example_dags/example_outlet_event_extra.py
[2026-04-29T00:44:31.655+0000] {logging_mixin.py:190} INFO - [2026-04-29T00:44:31.655+0000] {dag.py:3239} INFO - Sync 3 DAGs
[2026-04-29T00:44:31.674+0000] {logging_mixin.py:190} INFO - [2026-04-29T00:44:31.674+0000] {dag.py:4180} INFO - Setting next_dagrun for dataset_with_extra_by_context to 2026-04-28 00:00:00+00:00, run_after=2026-04-29 00:00:00+00:00
[2026-04-29T00:44:31.677+0000] {logging_mixin.py:190} INFO - [2026-04-29T00:44:31.677+0000] {dag.py:4180} INFO - Setting next_dagrun for dataset_with_extra_by_yield to 2026-04-28 00:00:00+00:00, run_after=2026-04-29 00:00:00+00:00
[2026-04-29T00:44:31.679+0000] {logging_mixin.py:190} INFO - [2026-04-29T00:44:31.679+0000] {dag.py:4180} INFO - Setting next_dagrun for dataset_with_extra_from_classic_operator to 2026-04-28 00:00:00+00:00, run_after=2026-04-29 00:00:00+00:00
[2026-04-29T00:44:31.703+0000] {processor.py:208} INFO - Processing /usr/local/python/3.12.1/lib/python3.12/site-packages/airflow/example_dags/example_outlet_event_extra.py took 0.177 seconds
[2026-04-29T00:46:06.211+0000] {processor.py:186} INFO - Started process (PID=114469) to work on /usr/local/python/3.12.1/lib/python3.12/site-packages/airflow/example_dags/example_outlet_event_extra.py
[2026-04-29T00:46:06.212+0000] {processor.py:914} INFO - Processing file /usr/local/python/3.12.1/lib/python3.12/site-packages/airflow/example_dags/example_outlet_event_extra.py for tasks to queue
[2026-04-29T00:46:06.213+0000] {logging_mixin.py:190} INFO - [2026-04-29T00:46:06.213+0000] {dagbag.py:588} INFO - Filling up the DagBag from /usr/local/python/3.12.1/lib/python3.12/site-packages/airflow/example_dags/example_outlet_event_extra.py
[2026-04-29T00:46:06.305+0000] {logging_mixin.py:190} INFO - [2026-04-29T00:46:06.305+0000] {providers_manager.py:287} INFO - Optional provider feature disabled when importing 'airflow.providers.amazon.aws.assets.s3.sanitize_uri' from 'apache-airflow-providers-amazon' package
[2026-04-29T00:46:06.306+0000] {logging_mixin.py:190} INFO - [2026-04-29T00:46:06.306+0000] {providers_manager.py:287} INFO - Optional provider feature disabled when importing 'airflow.providers.amazon.aws.assets.s3.create_asset' from 'apache-airflow-providers-amazon' package
[2026-04-29T00:46:06.307+0000] {logging_mixin.py:190} INFO - [2026-04-29T00:46:06.306+0000] {providers_manager.py:287} INFO - Optional provider feature disabled when importing 'airflow.providers.amazon.aws.assets.s3.convert_asset_to_openlineage' from 'apache-airflow-providers-amazon' package
[2026-04-29T00:46:06.318+0000] {processor.py:925} INFO - DAG(s) 'dataset_with_extra_from_classic_operator', 'dataset_with_extra_by_yield', 'dataset_with_extra_by_context' retrieved from /usr/local/python/3.12.1/lib/python3.12/site-packages/airflow/example_dags/example_outlet_event_extra.py
[2026-04-29T00:46:06.336+0000] {logging_mixin.py:190} INFO - [2026-04-29T00:46:06.336+0000] {dag.py:3239} INFO - Sync 3 DAGs
[2026-04-29T00:46:06.353+0000] {logging_mixin.py:190} INFO - [2026-04-29T00:46:06.352+0000] {dag.py:4180} INFO - Setting next_dagrun for dataset_with_extra_by_context to 2026-04-28 00:00:00+00:00, run_after=2026-04-29 00:00:00+00:00
[2026-04-29T00:46:06.357+0000] {logging_mixin.py:190} INFO - [2026-04-29T00:46:06.357+0000] {dag.py:4180} INFO - Setting next_dagrun for dataset_with_extra_by_yield to 2026-04-28 00:00:00+00:00, run_after=2026-04-29 00:00:00+00:00
[2026-04-29T00:46:06.359+0000] {logging_mixin.py:190} INFO - [2026-04-29T00:46:06.359+0000] {dag.py:4180} INFO - Setting next_dagrun for dataset_with_extra_from_classic_operator to 2026-04-28 00:00:00+00:00, run_after=2026-04-29 00:00:00+00:00
[2026-04-29T00:46:06.376+0000] {processor.py:208} INFO - Processing /usr/local/python/3.12.1/lib/python3.12/site-packages/airflow/example_dags/example_outlet_event_extra.py took 0.171 seconds
[2026-04-29T00:47:36.725+0000] {processor.py:186} INFO - Started process (PID=116316) to work on /usr/local/python/3.12.1/lib/python3.12/site-packages/airflow/example_dags/example_outlet_event_extra.py
[2026-04-29T00:47:36.726+0000] {processor.py:914} INFO - Processing file /usr/local/python/3.12.1/lib/python3.12/site-packages/airflow/example_dags/example_outlet_event_extra.py for tasks to queue
[2026-04-29T00:47:36.728+0000] {logging_mixin.py:190} INFO - [2026-04-29T00:47:36.728+0000] {dagbag.py:588} INFO - Filling up the DagBag from /usr/local/python/3.12.1/lib/python3.12/site-packages/airflow/example_dags/example_outlet_event_extra.py
[2026-04-29T00:47:36.944+0000] {logging_mixin.py:190} INFO - [2026-04-29T00:47:36.943+0000] {providers_manager.py:287} INFO - Optional provider feature disabled when importing 'airflow.providers.amazon.aws.assets.s3.sanitize_uri' from 'apache-airflow-providers-amazon' package
[2026-04-29T00:47:36.945+0000] {logging_mixin.py:190} INFO - [2026-04-29T00:47:36.944+0000] {providers_manager.py:287} INFO - Optional provider feature disabled when importing 'airflow.providers.amazon.aws.assets.s3.create_asset' from 'apache-airflow-providers-amazon' package
[2026-04-29T00:47:36.945+0000] {logging_mixin.py:190} INFO - [2026-04-29T00:47:36.945+0000] {providers_manager.py:287} INFO - Optional provider feature disabled when importing 'airflow.providers.amazon.aws.assets.s3.convert_asset_to_openlineage' from 'apache-airflow-providers-amazon' package
[2026-04-29T00:47:36.957+0000] {processor.py:925} INFO - DAG(s) 'dataset_with_extra_from_classic_operator', 'dataset_with_extra_by_yield', 'dataset_with_extra_by_context' retrieved from /usr/local/python/3.12.1/lib/python3.12/site-packages/airflow/example_dags/example_outlet_event_extra.py
[2026-04-29T00:47:36.978+0000] {logging_mixin.py:190} INFO - [2026-04-29T00:47:36.978+0000] {dag.py:3239} INFO - Sync 3 DAGs
[2026-04-29T00:47:37.002+0000] {logging_mixin.py:190} INFO - [2026-04-29T00:47:37.002+0000] {dag.py:4180} INFO - Setting next_dagrun for dataset_with_extra_by_context to 2026-04-28 00:00:00+00:00, run_after=2026-04-29 00:00:00+00:00
[2026-04-29T00:47:37.007+0000] {logging_mixin.py:190} INFO - [2026-04-29T00:47:37.007+0000] {dag.py:4180} INFO - Setting next_dagrun for dataset_with_extra_by_yield to 2026-04-28 00:00:00+00:00, run_after=2026-04-29 00:00:00+00:00
[2026-04-29T00:47:37.009+0000] {logging_mixin.py:190} INFO - [2026-04-29T00:47:37.009+0000] {dag.py:4180} INFO - Setting next_dagrun for dataset_with_extra_from_classic_operator to 2026-04-28 00:00:00+00:00, run_after=2026-04-29 00:00:00+00:00
[2026-04-29T00:47:37.032+0000] {processor.py:208} INFO - Processing /usr/local/python/3.12.1/lib/python3.12/site-packages/airflow/example_dags/example_outlet_event_extra.py took 0.314 seconds
[2026-04-29T00:49:09.767+0000] {processor.py:186} INFO - Started process (PID=118211) to work on /usr/local/python/3.12.1/lib/python3.12/site-packages/airflow/example_dags/example_outlet_event_extra.py
[2026-04-29T00:49:09.768+0000] {processor.py:914} INFO - Processing file /usr/local/python/3.12.1/lib/python3.12/site-packages/airflow/example_dags/example_outlet_event_extra.py for tasks to queue
[2026-04-29T00:49:09.769+0000] {logging_mixin.py:190} INFO - [2026-04-29T00:49:09.769+0000] {dagbag.py:588} INFO - Filling up the DagBag from /usr/local/python/3.12.1/lib/python3.12/site-packages/airflow/example_dags/example_outlet_event_extra.py
[2026-04-29T00:49:09.886+0000] {logging_mixin.py:190} INFO - [2026-04-29T00:49:09.886+0000] {providers_manager.py:287} INFO - Optional provider feature disabled when importing 'airflow.providers.amazon.aws.assets.s3.sanitize_uri' from 'apache-airflow-providers-amazon' package
[2026-04-29T00:49:09.886+0000] {logging_mixin.py:190} INFO - [2026-04-29T00:49:09.886+0000] {providers_manager.py:287} INFO - Optional provider feature disabled when importing 'airflow.providers.amazon.aws.assets.s3.create_asset' from 'apache-airflow-providers-amazon' package
[2026-04-29T00:49:09.887+0000] {logging_mixin.py:190} INFO - [2026-04-29T00:49:09.887+0000] {providers_manager.py:287} INFO - Optional provider feature disabled when importing 'airflow.providers.amazon.aws.assets.s3.convert_asset_to_openlineage' from 'apache-airflow-providers-amazon' package
[2026-04-29T00:49:09.897+0000] {processor.py:925} INFO - DAG(s) 'dataset_with_extra_by_yield', 'dataset_with_extra_by_context', 'dataset_with_extra_from_classic_operator' retrieved from /usr/local/python/3.12.1/lib/python3.12/site-packages/airflow/example_dags/example_outlet_event_extra.py
[2026-04-29T00:49:09.917+0000] {logging_mixin.py:190} INFO - [2026-04-29T00:49:09.916+0000] {dag.py:3239} INFO - Sync 3 DAGs
[2026-04-29T00:49:09.934+0000] {logging_mixin.py:190} INFO - [2026-04-29T00:49:09.934+0000] {dag.py:4180} INFO - Setting next_dagrun for dataset_with_extra_by_context to 2026-04-28 00:00:00+00:00, run_after=2026-04-29 00:00:00+00:00
[2026-04-29T00:49:09.938+0000] {logging_mixin.py:190} INFO - [2026-04-29T00:49:09.938+0000] {dag.py:4180} INFO - Setting next_dagrun for dataset_with_extra_by_yield to 2026-04-28 00:00:00+00:00, run_after=2026-04-29 00:00:00+00:00
[2026-04-29T00:49:09.939+0000] {logging_mixin.py:190} INFO - [2026-04-29T00:49:09.939+0000] {dag.py:4180} INFO - Setting next_dagrun for dataset_with_extra_from_classic_operator to 2026-04-28 00:00:00+00:00, run_after=2026-04-29 00:00:00+00:00
[2026-04-29T00:49:09.957+0000] {processor.py:208} INFO - Processing /usr/local/python/3.12.1/lib/python3.12/site-packages/airflow/example_dags/example_outlet_event_extra.py took 0.195 seconds
[2026-04-29T00:50:44.683+0000] {processor.py:186} INFO - Started process (PID=120167) to work on /usr/local/python/3.12.1/lib/python3.12/site-packages/airflow/example_dags/example_outlet_event_extra.py
[2026-04-29T00:50:44.684+0000] {processor.py:914} INFO - Processing file /usr/local/python/3.12.1/lib/python3.12/site-packages/airflow/example_dags/example_outlet_event_extra.py for tasks to queue
[2026-04-29T00:50:44.686+0000] {logging_mixin.py:190} INFO - [2026-04-29T00:50:44.685+0000] {dagbag.py:588} INFO - Filling up the DagBag from /usr/local/python/3.12.1/lib/python3.12/site-packages/airflow/example_dags/example_outlet_event_extra.py
[2026-04-29T00:50:44.809+0000] {logging_mixin.py:190} INFO - [2026-04-29T00:50:44.809+0000] {providers_manager.py:287} INFO - Optional provider feature disabled when importing 'airflow.providers.amazon.aws.assets.s3.sanitize_uri' from 'apache-airflow-providers-amazon' package
[2026-04-29T00:50:44.810+0000] {logging_mixin.py:190} INFO - [2026-04-29T00:50:44.810+0000] {providers_manager.py:287} INFO - Optional provider feature disabled when importing 'airflow.providers.amazon.aws.assets.s3.create_asset' from 'apache-airflow-providers-amazon' package
[2026-04-29T00:50:44.810+0000] {logging_mixin.py:190} INFO - [2026-04-29T00:50:44.810+0000] {providers_manager.py:287} INFO - Optional provider feature disabled when importing 'airflow.providers.amazon.aws.assets.s3.convert_asset_to_openlineage' from 'apache-airflow-providers-amazon' package
[2026-04-29T00:50:44.821+0000] {processor.py:925} INFO - DAG(s) 'dataset_with_extra_from_classic_operator', 'dataset_with_extra_by_context', 'dataset_with_extra_by_yield' retrieved from /usr/local/python/3.12.1/lib/python3.12/site-packages/airflow/example_dags/example_outlet_event_extra.py
[2026-04-29T00:50:44.841+0000] {logging_mixin.py:190} INFO - [2026-04-29T00:50:44.841+0000] {dag.py:3239} INFO - Sync 3 DAGs
[2026-04-29T00:50:44.858+0000] {logging_mixin.py:190} INFO - [2026-04-29T00:50:44.858+0000] {dag.py:4180} INFO - Setting next_dagrun for dataset_with_extra_by_context to 2026-04-28 00:00:00+00:00, run_after=2026-04-29 00:00:00+00:00
[2026-04-29T00:50:44.862+0000] {logging_mixin.py:190} INFO - [2026-04-29T00:50:44.862+0000] {dag.py:4180} INFO - Setting next_dagrun for dataset_with_extra_by_yield to 2026-04-28 00:00:00+00:00, run_after=2026-04-29 00:00:00+00:00
[2026-04-29T00:50:44.863+0000] {logging_mixin.py:190} INFO - [2026-04-29T00:50:44.863+0000] {dag.py:4180} INFO - Setting next_dagrun for dataset_with_extra_from_classic_operator to 2026-04-28 00:00:00+00:00, run_after=2026-04-29 00:00:00+00:00
[2026-04-29T00:50:44.881+0000] {processor.py:208} INFO - Processing /usr/local/python/3.12.1/lib/python3.12/site-packages/airflow/example_dags/example_outlet_event_extra.py took 0.205 seconds
