[2026-04-13T13:06:55.953+0000] {processor.py:186} INFO - Started process (PID=16470) to work on /usr/local/python/3.12.1/lib/python3.12/site-packages/airflow/example_dags/example_time_delta_sensor_async.py
[2026-04-13T13:06:55.953+0000] {processor.py:914} INFO - Processing file /usr/local/python/3.12.1/lib/python3.12/site-packages/airflow/example_dags/example_time_delta_sensor_async.py for tasks to queue
[2026-04-13T13:06:55.954+0000] {logging_mixin.py:190} INFO - [2026-04-13T13:06:55.954+0000] {dagbag.py:588} INFO - Filling up the DagBag from /usr/local/python/3.12.1/lib/python3.12/site-packages/airflow/example_dags/example_time_delta_sensor_async.py
[2026-04-13T13:06:55.961+0000] {processor.py:925} INFO - DAG(s) 'example_time_delta_sensor_async' retrieved from /usr/local/python/3.12.1/lib/python3.12/site-packages/airflow/example_dags/example_time_delta_sensor_async.py
[2026-04-13T13:06:55.978+0000] {logging_mixin.py:190} INFO - [2026-04-13T13:06:55.978+0000] {dag.py:3239} INFO - Sync 1 DAGs
[2026-04-13T13:06:55.990+0000] {logging_mixin.py:190} INFO - [2026-04-13T13:06:55.989+0000] {dag.py:4180} INFO - Setting next_dagrun for example_time_delta_sensor_async to None, run_after=None
[2026-04-13T13:06:56.005+0000] {processor.py:208} INFO - Processing /usr/local/python/3.12.1/lib/python3.12/site-packages/airflow/example_dags/example_time_delta_sensor_async.py took 0.057 seconds
[2026-04-13T13:07:57.018+0000] {processor.py:186} INFO - Started process (PID=17435) to work on /usr/local/python/3.12.1/lib/python3.12/site-packages/airflow/example_dags/example_time_delta_sensor_async.py
[2026-04-13T13:07:57.019+0000] {processor.py:914} INFO - Processing file /usr/local/python/3.12.1/lib/python3.12/site-packages/airflow/example_dags/example_time_delta_sensor_async.py for tasks to queue
[2026-04-13T13:07:57.020+0000] {logging_mixin.py:190} INFO - [2026-04-13T13:07:57.020+0000] {dagbag.py:588} INFO - Filling up the DagBag from /usr/local/python/3.12.1/lib/python3.12/site-packages/airflow/example_dags/example_time_delta_sensor_async.py
[2026-04-13T13:07:57.025+0000] {processor.py:925} INFO - DAG(s) 'example_time_delta_sensor_async' retrieved from /usr/local/python/3.12.1/lib/python3.12/site-packages/airflow/example_dags/example_time_delta_sensor_async.py
[2026-04-13T13:07:57.037+0000] {logging_mixin.py:190} INFO - [2026-04-13T13:07:57.036+0000] {dag.py:3239} INFO - Sync 1 DAGs
[2026-04-13T13:07:57.046+0000] {logging_mixin.py:190} INFO - [2026-04-13T13:07:57.046+0000] {dag.py:4180} INFO - Setting next_dagrun for example_time_delta_sensor_async to None, run_after=None
[2026-04-13T13:07:57.061+0000] {processor.py:208} INFO - Processing /usr/local/python/3.12.1/lib/python3.12/site-packages/airflow/example_dags/example_time_delta_sensor_async.py took 0.047 seconds
[2026-04-13T13:08:57.525+0000] {processor.py:186} INFO - Started process (PID=18555) to work on /usr/local/python/3.12.1/lib/python3.12/site-packages/airflow/example_dags/example_time_delta_sensor_async.py
[2026-04-13T13:08:57.526+0000] {processor.py:914} INFO - Processing file /usr/local/python/3.12.1/lib/python3.12/site-packages/airflow/example_dags/example_time_delta_sensor_async.py for tasks to queue
[2026-04-13T13:08:57.528+0000] {logging_mixin.py:190} INFO - [2026-04-13T13:08:57.528+0000] {dagbag.py:588} INFO - Filling up the DagBag from /usr/local/python/3.12.1/lib/python3.12/site-packages/airflow/example_dags/example_time_delta_sensor_async.py
[2026-04-13T13:08:57.535+0000] {processor.py:925} INFO - DAG(s) 'example_time_delta_sensor_async' retrieved from /usr/local/python/3.12.1/lib/python3.12/site-packages/airflow/example_dags/example_time_delta_sensor_async.py
[2026-04-13T13:08:57.551+0000] {logging_mixin.py:190} INFO - [2026-04-13T13:08:57.551+0000] {dag.py:3239} INFO - Sync 1 DAGs
[2026-04-13T13:08:57.564+0000] {logging_mixin.py:190} INFO - [2026-04-13T13:08:57.564+0000] {dag.py:4180} INFO - Setting next_dagrun for example_time_delta_sensor_async to None, run_after=None
[2026-04-13T13:08:57.585+0000] {processor.py:208} INFO - Processing /usr/local/python/3.12.1/lib/python3.12/site-packages/airflow/example_dags/example_time_delta_sensor_async.py took 0.069 seconds
[2026-04-13T13:10:03.488+0000] {processor.py:186} INFO - Started process (PID=19288) to work on /usr/local/python/3.12.1/lib/python3.12/site-packages/airflow/example_dags/example_time_delta_sensor_async.py
[2026-04-13T13:10:03.489+0000] {processor.py:914} INFO - Processing file /usr/local/python/3.12.1/lib/python3.12/site-packages/airflow/example_dags/example_time_delta_sensor_async.py for tasks to queue
[2026-04-13T13:10:03.492+0000] {logging_mixin.py:190} INFO - [2026-04-13T13:10:03.491+0000] {dagbag.py:588} INFO - Filling up the DagBag from /usr/local/python/3.12.1/lib/python3.12/site-packages/airflow/example_dags/example_time_delta_sensor_async.py
[2026-04-13T13:10:03.499+0000] {processor.py:925} INFO - DAG(s) 'example_time_delta_sensor_async' retrieved from /usr/local/python/3.12.1/lib/python3.12/site-packages/airflow/example_dags/example_time_delta_sensor_async.py
[2026-04-13T13:10:03.515+0000] {logging_mixin.py:190} INFO - [2026-04-13T13:10:03.515+0000] {dag.py:3239} INFO - Sync 1 DAGs
[2026-04-13T13:10:03.530+0000] {logging_mixin.py:190} INFO - [2026-04-13T13:10:03.530+0000] {dag.py:4180} INFO - Setting next_dagrun for example_time_delta_sensor_async to None, run_after=None
[2026-04-13T13:10:03.565+0000] {processor.py:208} INFO - Processing /usr/local/python/3.12.1/lib/python3.12/site-packages/airflow/example_dags/example_time_delta_sensor_async.py took 0.083 seconds
[2026-04-13T13:11:06.298+0000] {processor.py:186} INFO - Started process (PID=20092) to work on /usr/local/python/3.12.1/lib/python3.12/site-packages/airflow/example_dags/example_time_delta_sensor_async.py
[2026-04-13T13:11:06.303+0000] {processor.py:914} INFO - Processing file /usr/local/python/3.12.1/lib/python3.12/site-packages/airflow/example_dags/example_time_delta_sensor_async.py for tasks to queue
[2026-04-13T13:11:06.309+0000] {logging_mixin.py:190} INFO - [2026-04-13T13:11:06.309+0000] {dagbag.py:588} INFO - Filling up the DagBag from /usr/local/python/3.12.1/lib/python3.12/site-packages/airflow/example_dags/example_time_delta_sensor_async.py
[2026-04-13T13:11:06.328+0000] {processor.py:925} INFO - DAG(s) 'example_time_delta_sensor_async' retrieved from /usr/local/python/3.12.1/lib/python3.12/site-packages/airflow/example_dags/example_time_delta_sensor_async.py
[2026-04-13T13:11:06.380+0000] {logging_mixin.py:190} INFO - [2026-04-13T13:11:06.380+0000] {dag.py:3239} INFO - Sync 1 DAGs
[2026-04-13T13:11:06.403+0000] {logging_mixin.py:190} INFO - [2026-04-13T13:11:06.403+0000] {dag.py:4180} INFO - Setting next_dagrun for example_time_delta_sensor_async to None, run_after=None
[2026-04-13T13:11:06.451+0000] {processor.py:208} INFO - Processing /usr/local/python/3.12.1/lib/python3.12/site-packages/airflow/example_dags/example_time_delta_sensor_async.py took 0.172 seconds
[2026-04-13T13:12:06.883+0000] {processor.py:186} INFO - Started process (PID=20690) to work on /usr/local/python/3.12.1/lib/python3.12/site-packages/airflow/example_dags/example_time_delta_sensor_async.py
[2026-04-13T13:12:06.884+0000] {processor.py:914} INFO - Processing file /usr/local/python/3.12.1/lib/python3.12/site-packages/airflow/example_dags/example_time_delta_sensor_async.py for tasks to queue
[2026-04-13T13:12:06.886+0000] {logging_mixin.py:190} INFO - [2026-04-13T13:12:06.886+0000] {dagbag.py:588} INFO - Filling up the DagBag from /usr/local/python/3.12.1/lib/python3.12/site-packages/airflow/example_dags/example_time_delta_sensor_async.py
[2026-04-13T13:12:06.893+0000] {processor.py:925} INFO - DAG(s) 'example_time_delta_sensor_async' retrieved from /usr/local/python/3.12.1/lib/python3.12/site-packages/airflow/example_dags/example_time_delta_sensor_async.py
[2026-04-13T13:12:06.921+0000] {logging_mixin.py:190} INFO - [2026-04-13T13:12:06.921+0000] {dag.py:3239} INFO - Sync 1 DAGs
[2026-04-13T13:12:06.940+0000] {logging_mixin.py:190} INFO - [2026-04-13T13:12:06.940+0000] {dag.py:4180} INFO - Setting next_dagrun for example_time_delta_sensor_async to None, run_after=None
[2026-04-13T13:12:06.974+0000] {processor.py:208} INFO - Processing /usr/local/python/3.12.1/lib/python3.12/site-packages/airflow/example_dags/example_time_delta_sensor_async.py took 0.100 seconds
[2026-04-13T13:13:11.398+0000] {processor.py:186} INFO - Started process (PID=21274) to work on /usr/local/python/3.12.1/lib/python3.12/site-packages/airflow/example_dags/example_time_delta_sensor_async.py
[2026-04-13T13:13:11.399+0000] {processor.py:914} INFO - Processing file /usr/local/python/3.12.1/lib/python3.12/site-packages/airflow/example_dags/example_time_delta_sensor_async.py for tasks to queue
[2026-04-13T13:13:11.400+0000] {logging_mixin.py:190} INFO - [2026-04-13T13:13:11.400+0000] {dagbag.py:588} INFO - Filling up the DagBag from /usr/local/python/3.12.1/lib/python3.12/site-packages/airflow/example_dags/example_time_delta_sensor_async.py
[2026-04-13T13:13:11.405+0000] {processor.py:925} INFO - DAG(s) 'example_time_delta_sensor_async' retrieved from /usr/local/python/3.12.1/lib/python3.12/site-packages/airflow/example_dags/example_time_delta_sensor_async.py
[2026-04-13T13:13:11.416+0000] {logging_mixin.py:190} INFO - [2026-04-13T13:13:11.416+0000] {dag.py:3239} INFO - Sync 1 DAGs
[2026-04-13T13:13:11.426+0000] {logging_mixin.py:190} INFO - [2026-04-13T13:13:11.425+0000] {dag.py:4180} INFO - Setting next_dagrun for example_time_delta_sensor_async to None, run_after=None
[2026-04-13T13:13:11.447+0000] {processor.py:208} INFO - Processing /usr/local/python/3.12.1/lib/python3.12/site-packages/airflow/example_dags/example_time_delta_sensor_async.py took 0.053 seconds
[2026-04-13T13:14:15.060+0000] {processor.py:186} INFO - Started process (PID=21947) to work on /usr/local/python/3.12.1/lib/python3.12/site-packages/airflow/example_dags/example_time_delta_sensor_async.py
[2026-04-13T13:14:15.061+0000] {processor.py:914} INFO - Processing file /usr/local/python/3.12.1/lib/python3.12/site-packages/airflow/example_dags/example_time_delta_sensor_async.py for tasks to queue
[2026-04-13T13:14:15.063+0000] {logging_mixin.py:190} INFO - [2026-04-13T13:14:15.062+0000] {dagbag.py:588} INFO - Filling up the DagBag from /usr/local/python/3.12.1/lib/python3.12/site-packages/airflow/example_dags/example_time_delta_sensor_async.py
[2026-04-13T13:14:15.068+0000] {processor.py:925} INFO - DAG(s) 'example_time_delta_sensor_async' retrieved from /usr/local/python/3.12.1/lib/python3.12/site-packages/airflow/example_dags/example_time_delta_sensor_async.py
[2026-04-13T13:14:15.082+0000] {logging_mixin.py:190} INFO - [2026-04-13T13:14:15.082+0000] {dag.py:3239} INFO - Sync 1 DAGs
[2026-04-13T13:14:15.093+0000] {logging_mixin.py:190} INFO - [2026-04-13T13:14:15.093+0000] {dag.py:4180} INFO - Setting next_dagrun for example_time_delta_sensor_async to None, run_after=None
[2026-04-13T13:14:15.108+0000] {processor.py:208} INFO - Processing /usr/local/python/3.12.1/lib/python3.12/site-packages/airflow/example_dags/example_time_delta_sensor_async.py took 0.052 seconds
[2026-04-13T13:15:20.323+0000] {processor.py:186} INFO - Started process (PID=22672) to work on /usr/local/python/3.12.1/lib/python3.12/site-packages/airflow/example_dags/example_time_delta_sensor_async.py
[2026-04-13T13:15:20.324+0000] {processor.py:914} INFO - Processing file /usr/local/python/3.12.1/lib/python3.12/site-packages/airflow/example_dags/example_time_delta_sensor_async.py for tasks to queue
[2026-04-13T13:15:20.325+0000] {logging_mixin.py:190} INFO - [2026-04-13T13:15:20.325+0000] {dagbag.py:588} INFO - Filling up the DagBag from /usr/local/python/3.12.1/lib/python3.12/site-packages/airflow/example_dags/example_time_delta_sensor_async.py
[2026-04-13T13:15:20.330+0000] {processor.py:925} INFO - DAG(s) 'example_time_delta_sensor_async' retrieved from /usr/local/python/3.12.1/lib/python3.12/site-packages/airflow/example_dags/example_time_delta_sensor_async.py
[2026-04-13T13:15:20.341+0000] {logging_mixin.py:190} INFO - [2026-04-13T13:15:20.341+0000] {dag.py:3239} INFO - Sync 1 DAGs
[2026-04-13T13:15:20.351+0000] {logging_mixin.py:190} INFO - [2026-04-13T13:15:20.351+0000] {dag.py:4180} INFO - Setting next_dagrun for example_time_delta_sensor_async to None, run_after=None
[2026-04-13T13:15:20.367+0000] {processor.py:208} INFO - Processing /usr/local/python/3.12.1/lib/python3.12/site-packages/airflow/example_dags/example_time_delta_sensor_async.py took 0.048 seconds
[2026-04-13T13:16:27.359+0000] {processor.py:186} INFO - Started process (PID=23439) to work on /usr/local/python/3.12.1/lib/python3.12/site-packages/airflow/example_dags/example_time_delta_sensor_async.py
[2026-04-13T13:16:27.360+0000] {processor.py:914} INFO - Processing file /usr/local/python/3.12.1/lib/python3.12/site-packages/airflow/example_dags/example_time_delta_sensor_async.py for tasks to queue
[2026-04-13T13:16:27.362+0000] {logging_mixin.py:190} INFO - [2026-04-13T13:16:27.361+0000] {dagbag.py:588} INFO - Filling up the DagBag from /usr/local/python/3.12.1/lib/python3.12/site-packages/airflow/example_dags/example_time_delta_sensor_async.py
[2026-04-13T13:16:27.367+0000] {processor.py:925} INFO - DAG(s) 'example_time_delta_sensor_async' retrieved from /usr/local/python/3.12.1/lib/python3.12/site-packages/airflow/example_dags/example_time_delta_sensor_async.py
[2026-04-13T13:16:27.378+0000] {logging_mixin.py:190} INFO - [2026-04-13T13:16:27.378+0000] {dag.py:3239} INFO - Sync 1 DAGs
[2026-04-13T13:16:27.387+0000] {logging_mixin.py:190} INFO - [2026-04-13T13:16:27.387+0000] {dag.py:4180} INFO - Setting next_dagrun for example_time_delta_sensor_async to None, run_after=None
[2026-04-13T13:16:27.403+0000] {processor.py:208} INFO - Processing /usr/local/python/3.12.1/lib/python3.12/site-packages/airflow/example_dags/example_time_delta_sensor_async.py took 0.047 seconds
[2026-04-13T13:17:38.843+0000] {processor.py:186} INFO - Started process (PID=24483) to work on /usr/local/python/3.12.1/lib/python3.12/site-packages/airflow/example_dags/example_time_delta_sensor_async.py
[2026-04-13T13:17:38.844+0000] {processor.py:914} INFO - Processing file /usr/local/python/3.12.1/lib/python3.12/site-packages/airflow/example_dags/example_time_delta_sensor_async.py for tasks to queue
[2026-04-13T13:17:38.846+0000] {logging_mixin.py:190} INFO - [2026-04-13T13:17:38.845+0000] {dagbag.py:588} INFO - Filling up the DagBag from /usr/local/python/3.12.1/lib/python3.12/site-packages/airflow/example_dags/example_time_delta_sensor_async.py
[2026-04-13T13:17:38.851+0000] {processor.py:925} INFO - DAG(s) 'example_time_delta_sensor_async' retrieved from /usr/local/python/3.12.1/lib/python3.12/site-packages/airflow/example_dags/example_time_delta_sensor_async.py
[2026-04-13T13:17:38.862+0000] {logging_mixin.py:190} INFO - [2026-04-13T13:17:38.862+0000] {dag.py:3239} INFO - Sync 1 DAGs
[2026-04-13T13:17:38.871+0000] {logging_mixin.py:190} INFO - [2026-04-13T13:17:38.871+0000] {dag.py:4180} INFO - Setting next_dagrun for example_time_delta_sensor_async to None, run_after=None
[2026-04-13T13:17:38.888+0000] {processor.py:208} INFO - Processing /usr/local/python/3.12.1/lib/python3.12/site-packages/airflow/example_dags/example_time_delta_sensor_async.py took 0.048 seconds
[2026-04-13T13:18:49.894+0000] {processor.py:186} INFO - Started process (PID=25228) to work on /usr/local/python/3.12.1/lib/python3.12/site-packages/airflow/example_dags/example_time_delta_sensor_async.py
[2026-04-13T13:18:49.894+0000] {processor.py:914} INFO - Processing file /usr/local/python/3.12.1/lib/python3.12/site-packages/airflow/example_dags/example_time_delta_sensor_async.py for tasks to queue
[2026-04-13T13:18:49.896+0000] {logging_mixin.py:190} INFO - [2026-04-13T13:18:49.895+0000] {dagbag.py:588} INFO - Filling up the DagBag from /usr/local/python/3.12.1/lib/python3.12/site-packages/airflow/example_dags/example_time_delta_sensor_async.py
[2026-04-13T13:18:49.901+0000] {processor.py:925} INFO - DAG(s) 'example_time_delta_sensor_async' retrieved from /usr/local/python/3.12.1/lib/python3.12/site-packages/airflow/example_dags/example_time_delta_sensor_async.py
[2026-04-13T13:18:49.912+0000] {logging_mixin.py:190} INFO - [2026-04-13T13:18:49.912+0000] {dag.py:3239} INFO - Sync 1 DAGs
[2026-04-13T13:18:49.921+0000] {logging_mixin.py:190} INFO - [2026-04-13T13:18:49.921+0000] {dag.py:4180} INFO - Setting next_dagrun for example_time_delta_sensor_async to None, run_after=None
[2026-04-13T13:18:49.937+0000] {processor.py:208} INFO - Processing /usr/local/python/3.12.1/lib/python3.12/site-packages/airflow/example_dags/example_time_delta_sensor_async.py took 0.048 seconds
[2026-04-13T13:19:51.892+0000] {processor.py:186} INFO - Started process (PID=25782) to work on /usr/local/python/3.12.1/lib/python3.12/site-packages/airflow/example_dags/example_time_delta_sensor_async.py
[2026-04-13T13:19:51.893+0000] {processor.py:914} INFO - Processing file /usr/local/python/3.12.1/lib/python3.12/site-packages/airflow/example_dags/example_time_delta_sensor_async.py for tasks to queue
[2026-04-13T13:19:51.894+0000] {logging_mixin.py:190} INFO - [2026-04-13T13:19:51.894+0000] {dagbag.py:588} INFO - Filling up the DagBag from /usr/local/python/3.12.1/lib/python3.12/site-packages/airflow/example_dags/example_time_delta_sensor_async.py
[2026-04-13T13:19:51.899+0000] {processor.py:925} INFO - DAG(s) 'example_time_delta_sensor_async' retrieved from /usr/local/python/3.12.1/lib/python3.12/site-packages/airflow/example_dags/example_time_delta_sensor_async.py
[2026-04-13T13:19:51.912+0000] {logging_mixin.py:190} INFO - [2026-04-13T13:19:51.912+0000] {dag.py:3239} INFO - Sync 1 DAGs
[2026-04-13T13:19:51.922+0000] {logging_mixin.py:190} INFO - [2026-04-13T13:19:51.922+0000] {dag.py:4180} INFO - Setting next_dagrun for example_time_delta_sensor_async to None, run_after=None
[2026-04-13T13:19:51.939+0000] {processor.py:208} INFO - Processing /usr/local/python/3.12.1/lib/python3.12/site-packages/airflow/example_dags/example_time_delta_sensor_async.py took 0.051 seconds
[2026-04-13T13:20:52.654+0000] {processor.py:186} INFO - Started process (PID=26310) to work on /usr/local/python/3.12.1/lib/python3.12/site-packages/airflow/example_dags/example_time_delta_sensor_async.py
[2026-04-13T13:20:52.655+0000] {processor.py:914} INFO - Processing file /usr/local/python/3.12.1/lib/python3.12/site-packages/airflow/example_dags/example_time_delta_sensor_async.py for tasks to queue
[2026-04-13T13:20:52.656+0000] {logging_mixin.py:190} INFO - [2026-04-13T13:20:52.656+0000] {dagbag.py:588} INFO - Filling up the DagBag from /usr/local/python/3.12.1/lib/python3.12/site-packages/airflow/example_dags/example_time_delta_sensor_async.py
[2026-04-13T13:20:52.663+0000] {processor.py:925} INFO - DAG(s) 'example_time_delta_sensor_async' retrieved from /usr/local/python/3.12.1/lib/python3.12/site-packages/airflow/example_dags/example_time_delta_sensor_async.py
[2026-04-13T13:20:52.675+0000] {logging_mixin.py:190} INFO - [2026-04-13T13:20:52.675+0000] {dag.py:3239} INFO - Sync 1 DAGs
[2026-04-13T13:20:52.684+0000] {logging_mixin.py:190} INFO - [2026-04-13T13:20:52.684+0000] {dag.py:4180} INFO - Setting next_dagrun for example_time_delta_sensor_async to None, run_after=None
[2026-04-13T13:20:52.701+0000] {processor.py:208} INFO - Processing /usr/local/python/3.12.1/lib/python3.12/site-packages/airflow/example_dags/example_time_delta_sensor_async.py took 0.051 seconds
[2026-04-13T13:21:50.300+0000] {processor.py:186} INFO - Started process (PID=26880) to work on /usr/local/python/3.12.1/lib/python3.12/site-packages/airflow/example_dags/example_time_delta_sensor_async.py
[2026-04-13T13:21:50.301+0000] {processor.py:914} INFO - Processing file /usr/local/python/3.12.1/lib/python3.12/site-packages/airflow/example_dags/example_time_delta_sensor_async.py for tasks to queue
[2026-04-13T13:21:50.302+0000] {logging_mixin.py:190} INFO - [2026-04-13T13:21:50.302+0000] {dagbag.py:588} INFO - Filling up the DagBag from /usr/local/python/3.12.1/lib/python3.12/site-packages/airflow/example_dags/example_time_delta_sensor_async.py
[2026-04-13T13:21:50.307+0000] {processor.py:925} INFO - DAG(s) 'example_time_delta_sensor_async' retrieved from /usr/local/python/3.12.1/lib/python3.12/site-packages/airflow/example_dags/example_time_delta_sensor_async.py
[2026-04-13T13:21:50.319+0000] {logging_mixin.py:190} INFO - [2026-04-13T13:21:50.319+0000] {dag.py:3239} INFO - Sync 1 DAGs
[2026-04-13T13:21:50.328+0000] {logging_mixin.py:190} INFO - [2026-04-13T13:21:50.328+0000] {dag.py:4180} INFO - Setting next_dagrun for example_time_delta_sensor_async to None, run_after=None
[2026-04-13T13:21:50.343+0000] {processor.py:208} INFO - Processing /usr/local/python/3.12.1/lib/python3.12/site-packages/airflow/example_dags/example_time_delta_sensor_async.py took 0.047 seconds
[2026-04-13T13:22:53.039+0000] {processor.py:186} INFO - Started process (PID=27427) to work on /usr/local/python/3.12.1/lib/python3.12/site-packages/airflow/example_dags/example_time_delta_sensor_async.py
[2026-04-13T13:22:53.039+0000] {processor.py:914} INFO - Processing file /usr/local/python/3.12.1/lib/python3.12/site-packages/airflow/example_dags/example_time_delta_sensor_async.py for tasks to queue
[2026-04-13T13:22:53.041+0000] {logging_mixin.py:190} INFO - [2026-04-13T13:22:53.040+0000] {dagbag.py:588} INFO - Filling up the DagBag from /usr/local/python/3.12.1/lib/python3.12/site-packages/airflow/example_dags/example_time_delta_sensor_async.py
[2026-04-13T13:22:53.046+0000] {processor.py:925} INFO - DAG(s) 'example_time_delta_sensor_async' retrieved from /usr/local/python/3.12.1/lib/python3.12/site-packages/airflow/example_dags/example_time_delta_sensor_async.py
[2026-04-13T13:22:53.057+0000] {logging_mixin.py:190} INFO - [2026-04-13T13:22:53.057+0000] {dag.py:3239} INFO - Sync 1 DAGs
[2026-04-13T13:22:53.067+0000] {logging_mixin.py:190} INFO - [2026-04-13T13:22:53.067+0000] {dag.py:4180} INFO - Setting next_dagrun for example_time_delta_sensor_async to None, run_after=None
[2026-04-13T13:22:53.083+0000] {processor.py:208} INFO - Processing /usr/local/python/3.12.1/lib/python3.12/site-packages/airflow/example_dags/example_time_delta_sensor_async.py took 0.049 seconds
[2026-04-13T13:23:52.697+0000] {processor.py:186} INFO - Started process (PID=27969) to work on /usr/local/python/3.12.1/lib/python3.12/site-packages/airflow/example_dags/example_time_delta_sensor_async.py
[2026-04-13T13:23:52.698+0000] {processor.py:914} INFO - Processing file /usr/local/python/3.12.1/lib/python3.12/site-packages/airflow/example_dags/example_time_delta_sensor_async.py for tasks to queue
[2026-04-13T13:23:52.699+0000] {logging_mixin.py:190} INFO - [2026-04-13T13:23:52.699+0000] {dagbag.py:588} INFO - Filling up the DagBag from /usr/local/python/3.12.1/lib/python3.12/site-packages/airflow/example_dags/example_time_delta_sensor_async.py
[2026-04-13T13:23:52.705+0000] {processor.py:925} INFO - DAG(s) 'example_time_delta_sensor_async' retrieved from /usr/local/python/3.12.1/lib/python3.12/site-packages/airflow/example_dags/example_time_delta_sensor_async.py
[2026-04-13T13:23:52.716+0000] {logging_mixin.py:190} INFO - [2026-04-13T13:23:52.715+0000] {dag.py:3239} INFO - Sync 1 DAGs
[2026-04-13T13:23:52.725+0000] {logging_mixin.py:190} INFO - [2026-04-13T13:23:52.725+0000] {dag.py:4180} INFO - Setting next_dagrun for example_time_delta_sensor_async to None, run_after=None
[2026-04-13T13:23:52.742+0000] {processor.py:208} INFO - Processing /usr/local/python/3.12.1/lib/python3.12/site-packages/airflow/example_dags/example_time_delta_sensor_async.py took 0.048 seconds
[2026-04-13T13:24:53.230+0000] {processor.py:186} INFO - Started process (PID=28497) to work on /usr/local/python/3.12.1/lib/python3.12/site-packages/airflow/example_dags/example_time_delta_sensor_async.py
[2026-04-13T13:24:53.231+0000] {processor.py:914} INFO - Processing file /usr/local/python/3.12.1/lib/python3.12/site-packages/airflow/example_dags/example_time_delta_sensor_async.py for tasks to queue
[2026-04-13T13:24:53.232+0000] {logging_mixin.py:190} INFO - [2026-04-13T13:24:53.232+0000] {dagbag.py:588} INFO - Filling up the DagBag from /usr/local/python/3.12.1/lib/python3.12/site-packages/airflow/example_dags/example_time_delta_sensor_async.py
[2026-04-13T13:24:53.238+0000] {processor.py:925} INFO - DAG(s) 'example_time_delta_sensor_async' retrieved from /usr/local/python/3.12.1/lib/python3.12/site-packages/airflow/example_dags/example_time_delta_sensor_async.py
[2026-04-13T13:24:53.253+0000] {logging_mixin.py:190} INFO - [2026-04-13T13:24:53.253+0000] {dag.py:3239} INFO - Sync 1 DAGs
[2026-04-13T13:24:53.264+0000] {logging_mixin.py:190} INFO - [2026-04-13T13:24:53.264+0000] {dag.py:4180} INFO - Setting next_dagrun for example_time_delta_sensor_async to None, run_after=None
[2026-04-13T13:24:53.280+0000] {processor.py:208} INFO - Processing /usr/local/python/3.12.1/lib/python3.12/site-packages/airflow/example_dags/example_time_delta_sensor_async.py took 0.054 seconds
[2026-04-13T13:25:55.590+0000] {processor.py:186} INFO - Started process (PID=29034) to work on /usr/local/python/3.12.1/lib/python3.12/site-packages/airflow/example_dags/example_time_delta_sensor_async.py
[2026-04-13T13:25:55.591+0000] {processor.py:914} INFO - Processing file /usr/local/python/3.12.1/lib/python3.12/site-packages/airflow/example_dags/example_time_delta_sensor_async.py for tasks to queue
[2026-04-13T13:25:55.592+0000] {logging_mixin.py:190} INFO - [2026-04-13T13:25:55.592+0000] {dagbag.py:588} INFO - Filling up the DagBag from /usr/local/python/3.12.1/lib/python3.12/site-packages/airflow/example_dags/example_time_delta_sensor_async.py
[2026-04-13T13:25:55.597+0000] {processor.py:925} INFO - DAG(s) 'example_time_delta_sensor_async' retrieved from /usr/local/python/3.12.1/lib/python3.12/site-packages/airflow/example_dags/example_time_delta_sensor_async.py
[2026-04-13T13:25:55.608+0000] {logging_mixin.py:190} INFO - [2026-04-13T13:25:55.608+0000] {dag.py:3239} INFO - Sync 1 DAGs
[2026-04-13T13:25:55.618+0000] {logging_mixin.py:190} INFO - [2026-04-13T13:25:55.618+0000] {dag.py:4180} INFO - Setting next_dagrun for example_time_delta_sensor_async to None, run_after=None
[2026-04-13T13:25:55.634+0000] {processor.py:208} INFO - Processing /usr/local/python/3.12.1/lib/python3.12/site-packages/airflow/example_dags/example_time_delta_sensor_async.py took 0.048 seconds
[2026-04-13T13:26:53.270+0000] {processor.py:186} INFO - Started process (PID=29609) to work on /usr/local/python/3.12.1/lib/python3.12/site-packages/airflow/example_dags/example_time_delta_sensor_async.py
[2026-04-13T13:26:53.271+0000] {processor.py:914} INFO - Processing file /usr/local/python/3.12.1/lib/python3.12/site-packages/airflow/example_dags/example_time_delta_sensor_async.py for tasks to queue
[2026-04-13T13:26:53.273+0000] {logging_mixin.py:190} INFO - [2026-04-13T13:26:53.272+0000] {dagbag.py:588} INFO - Filling up the DagBag from /usr/local/python/3.12.1/lib/python3.12/site-packages/airflow/example_dags/example_time_delta_sensor_async.py
[2026-04-13T13:26:53.278+0000] {processor.py:925} INFO - DAG(s) 'example_time_delta_sensor_async' retrieved from /usr/local/python/3.12.1/lib/python3.12/site-packages/airflow/example_dags/example_time_delta_sensor_async.py
[2026-04-13T13:26:53.289+0000] {logging_mixin.py:190} INFO - [2026-04-13T13:26:53.289+0000] {dag.py:3239} INFO - Sync 1 DAGs
[2026-04-13T13:26:53.305+0000] {logging_mixin.py:190} INFO - [2026-04-13T13:26:53.304+0000] {dag.py:4180} INFO - Setting next_dagrun for example_time_delta_sensor_async to None, run_after=None
[2026-04-13T13:26:53.339+0000] {processor.py:208} INFO - Processing /usr/local/python/3.12.1/lib/python3.12/site-packages/airflow/example_dags/example_time_delta_sensor_async.py took 0.073 seconds
[2026-04-13T13:27:52.626+0000] {processor.py:186} INFO - Started process (PID=30118) to work on /usr/local/python/3.12.1/lib/python3.12/site-packages/airflow/example_dags/example_time_delta_sensor_async.py
[2026-04-13T13:27:52.627+0000] {processor.py:914} INFO - Processing file /usr/local/python/3.12.1/lib/python3.12/site-packages/airflow/example_dags/example_time_delta_sensor_async.py for tasks to queue
[2026-04-13T13:27:52.629+0000] {logging_mixin.py:190} INFO - [2026-04-13T13:27:52.628+0000] {dagbag.py:588} INFO - Filling up the DagBag from /usr/local/python/3.12.1/lib/python3.12/site-packages/airflow/example_dags/example_time_delta_sensor_async.py
[2026-04-13T13:27:52.634+0000] {processor.py:925} INFO - DAG(s) 'example_time_delta_sensor_async' retrieved from /usr/local/python/3.12.1/lib/python3.12/site-packages/airflow/example_dags/example_time_delta_sensor_async.py
[2026-04-13T13:27:52.645+0000] {logging_mixin.py:190} INFO - [2026-04-13T13:27:52.644+0000] {dag.py:3239} INFO - Sync 1 DAGs
[2026-04-13T13:27:52.654+0000] {logging_mixin.py:190} INFO - [2026-04-13T13:27:52.654+0000] {dag.py:4180} INFO - Setting next_dagrun for example_time_delta_sensor_async to None, run_after=None
[2026-04-13T13:27:52.670+0000] {processor.py:208} INFO - Processing /usr/local/python/3.12.1/lib/python3.12/site-packages/airflow/example_dags/example_time_delta_sensor_async.py took 0.047 seconds
[2026-04-13T13:28:52.111+0000] {processor.py:186} INFO - Started process (PID=30643) to work on /usr/local/python/3.12.1/lib/python3.12/site-packages/airflow/example_dags/example_time_delta_sensor_async.py
[2026-04-13T13:28:52.112+0000] {processor.py:914} INFO - Processing file /usr/local/python/3.12.1/lib/python3.12/site-packages/airflow/example_dags/example_time_delta_sensor_async.py for tasks to queue
[2026-04-13T13:28:52.114+0000] {logging_mixin.py:190} INFO - [2026-04-13T13:28:52.113+0000] {dagbag.py:588} INFO - Filling up the DagBag from /usr/local/python/3.12.1/lib/python3.12/site-packages/airflow/example_dags/example_time_delta_sensor_async.py
[2026-04-13T13:28:52.119+0000] {processor.py:925} INFO - DAG(s) 'example_time_delta_sensor_async' retrieved from /usr/local/python/3.12.1/lib/python3.12/site-packages/airflow/example_dags/example_time_delta_sensor_async.py
[2026-04-13T13:28:52.130+0000] {logging_mixin.py:190} INFO - [2026-04-13T13:28:52.130+0000] {dag.py:3239} INFO - Sync 1 DAGs
[2026-04-13T13:28:52.140+0000] {logging_mixin.py:190} INFO - [2026-04-13T13:28:52.139+0000] {dag.py:4180} INFO - Setting next_dagrun for example_time_delta_sensor_async to None, run_after=None
[2026-04-13T13:28:52.156+0000] {processor.py:208} INFO - Processing /usr/local/python/3.12.1/lib/python3.12/site-packages/airflow/example_dags/example_time_delta_sensor_async.py took 0.049 seconds
[2026-04-13T13:29:52.541+0000] {processor.py:186} INFO - Started process (PID=31171) to work on /usr/local/python/3.12.1/lib/python3.12/site-packages/airflow/example_dags/example_time_delta_sensor_async.py
[2026-04-13T13:29:52.542+0000] {processor.py:914} INFO - Processing file /usr/local/python/3.12.1/lib/python3.12/site-packages/airflow/example_dags/example_time_delta_sensor_async.py for tasks to queue
[2026-04-13T13:29:52.544+0000] {logging_mixin.py:190} INFO - [2026-04-13T13:29:52.543+0000] {dagbag.py:588} INFO - Filling up the DagBag from /usr/local/python/3.12.1/lib/python3.12/site-packages/airflow/example_dags/example_time_delta_sensor_async.py
[2026-04-13T13:29:52.548+0000] {processor.py:925} INFO - DAG(s) 'example_time_delta_sensor_async' retrieved from /usr/local/python/3.12.1/lib/python3.12/site-packages/airflow/example_dags/example_time_delta_sensor_async.py
[2026-04-13T13:29:52.559+0000] {logging_mixin.py:190} INFO - [2026-04-13T13:29:52.559+0000] {dag.py:3239} INFO - Sync 1 DAGs
[2026-04-13T13:29:52.569+0000] {logging_mixin.py:190} INFO - [2026-04-13T13:29:52.568+0000] {dag.py:4180} INFO - Setting next_dagrun for example_time_delta_sensor_async to None, run_after=None
[2026-04-13T13:29:52.584+0000] {processor.py:208} INFO - Processing /usr/local/python/3.12.1/lib/python3.12/site-packages/airflow/example_dags/example_time_delta_sensor_async.py took 0.047 seconds
[2026-04-13T13:30:54.105+0000] {processor.py:186} INFO - Started process (PID=31712) to work on /usr/local/python/3.12.1/lib/python3.12/site-packages/airflow/example_dags/example_time_delta_sensor_async.py
[2026-04-13T13:30:54.106+0000] {processor.py:914} INFO - Processing file /usr/local/python/3.12.1/lib/python3.12/site-packages/airflow/example_dags/example_time_delta_sensor_async.py for tasks to queue
[2026-04-13T13:30:54.107+0000] {logging_mixin.py:190} INFO - [2026-04-13T13:30:54.107+0000] {dagbag.py:588} INFO - Filling up the DagBag from /usr/local/python/3.12.1/lib/python3.12/site-packages/airflow/example_dags/example_time_delta_sensor_async.py
[2026-04-13T13:30:54.112+0000] {processor.py:925} INFO - DAG(s) 'example_time_delta_sensor_async' retrieved from /usr/local/python/3.12.1/lib/python3.12/site-packages/airflow/example_dags/example_time_delta_sensor_async.py
[2026-04-13T13:30:54.124+0000] {logging_mixin.py:190} INFO - [2026-04-13T13:30:54.124+0000] {dag.py:3239} INFO - Sync 1 DAGs
[2026-04-13T13:30:54.138+0000] {logging_mixin.py:190} INFO - [2026-04-13T13:30:54.138+0000] {dag.py:4180} INFO - Setting next_dagrun for example_time_delta_sensor_async to None, run_after=None
[2026-04-13T13:30:54.168+0000] {processor.py:208} INFO - Processing /usr/local/python/3.12.1/lib/python3.12/site-packages/airflow/example_dags/example_time_delta_sensor_async.py took 0.068 seconds
[2026-04-13T13:31:52.106+0000] {processor.py:186} INFO - Started process (PID=32267) to work on /usr/local/python/3.12.1/lib/python3.12/site-packages/airflow/example_dags/example_time_delta_sensor_async.py
[2026-04-13T13:31:52.108+0000] {processor.py:914} INFO - Processing file /usr/local/python/3.12.1/lib/python3.12/site-packages/airflow/example_dags/example_time_delta_sensor_async.py for tasks to queue
[2026-04-13T13:31:52.111+0000] {logging_mixin.py:190} INFO - [2026-04-13T13:31:52.111+0000] {dagbag.py:588} INFO - Filling up the DagBag from /usr/local/python/3.12.1/lib/python3.12/site-packages/airflow/example_dags/example_time_delta_sensor_async.py
[2026-04-13T13:31:52.126+0000] {processor.py:925} INFO - DAG(s) 'example_time_delta_sensor_async' retrieved from /usr/local/python/3.12.1/lib/python3.12/site-packages/airflow/example_dags/example_time_delta_sensor_async.py
[2026-04-13T13:31:52.137+0000] {logging_mixin.py:190} INFO - [2026-04-13T13:31:52.137+0000] {dag.py:3239} INFO - Sync 1 DAGs
[2026-04-13T13:31:52.147+0000] {logging_mixin.py:190} INFO - [2026-04-13T13:31:52.146+0000] {dag.py:4180} INFO - Setting next_dagrun for example_time_delta_sensor_async to None, run_after=None
[2026-04-13T13:31:52.163+0000] {processor.py:208} INFO - Processing /usr/local/python/3.12.1/lib/python3.12/site-packages/airflow/example_dags/example_time_delta_sensor_async.py took 0.062 seconds
[2026-04-13T13:32:49.640+0000] {processor.py:186} INFO - Started process (PID=32781) to work on /usr/local/python/3.12.1/lib/python3.12/site-packages/airflow/example_dags/example_time_delta_sensor_async.py
[2026-04-13T13:32:49.641+0000] {processor.py:914} INFO - Processing file /usr/local/python/3.12.1/lib/python3.12/site-packages/airflow/example_dags/example_time_delta_sensor_async.py for tasks to queue
[2026-04-13T13:32:49.642+0000] {logging_mixin.py:190} INFO - [2026-04-13T13:32:49.642+0000] {dagbag.py:588} INFO - Filling up the DagBag from /usr/local/python/3.12.1/lib/python3.12/site-packages/airflow/example_dags/example_time_delta_sensor_async.py
[2026-04-13T13:32:49.647+0000] {processor.py:925} INFO - DAG(s) 'example_time_delta_sensor_async' retrieved from /usr/local/python/3.12.1/lib/python3.12/site-packages/airflow/example_dags/example_time_delta_sensor_async.py
[2026-04-13T13:32:49.662+0000] {logging_mixin.py:190} INFO - [2026-04-13T13:32:49.662+0000] {dag.py:3239} INFO - Sync 1 DAGs
[2026-04-13T13:32:49.680+0000] {logging_mixin.py:190} INFO - [2026-04-13T13:32:49.680+0000] {dag.py:4180} INFO - Setting next_dagrun for example_time_delta_sensor_async to None, run_after=None
[2026-04-13T13:32:49.696+0000] {processor.py:208} INFO - Processing /usr/local/python/3.12.1/lib/python3.12/site-packages/airflow/example_dags/example_time_delta_sensor_async.py took 0.060 seconds
[2026-04-13T13:33:52.829+0000] {processor.py:186} INFO - Started process (PID=33329) to work on /usr/local/python/3.12.1/lib/python3.12/site-packages/airflow/example_dags/example_time_delta_sensor_async.py
[2026-04-13T13:33:52.830+0000] {processor.py:914} INFO - Processing file /usr/local/python/3.12.1/lib/python3.12/site-packages/airflow/example_dags/example_time_delta_sensor_async.py for tasks to queue
[2026-04-13T13:33:52.832+0000] {logging_mixin.py:190} INFO - [2026-04-13T13:33:52.831+0000] {dagbag.py:588} INFO - Filling up the DagBag from /usr/local/python/3.12.1/lib/python3.12/site-packages/airflow/example_dags/example_time_delta_sensor_async.py
[2026-04-13T13:33:52.837+0000] {processor.py:925} INFO - DAG(s) 'example_time_delta_sensor_async' retrieved from /usr/local/python/3.12.1/lib/python3.12/site-packages/airflow/example_dags/example_time_delta_sensor_async.py
[2026-04-13T13:33:52.849+0000] {logging_mixin.py:190} INFO - [2026-04-13T13:33:52.849+0000] {dag.py:3239} INFO - Sync 1 DAGs
[2026-04-13T13:33:52.861+0000] {logging_mixin.py:190} INFO - [2026-04-13T13:33:52.861+0000] {dag.py:4180} INFO - Setting next_dagrun for example_time_delta_sensor_async to None, run_after=None
[2026-04-13T13:33:52.904+0000] {processor.py:208} INFO - Processing /usr/local/python/3.12.1/lib/python3.12/site-packages/airflow/example_dags/example_time_delta_sensor_async.py took 0.079 seconds
[2026-04-13T13:35:00.756+0000] {processor.py:186} INFO - Started process (PID=34127) to work on /usr/local/python/3.12.1/lib/python3.12/site-packages/airflow/example_dags/example_time_delta_sensor_async.py
[2026-04-13T13:35:00.757+0000] {processor.py:914} INFO - Processing file /usr/local/python/3.12.1/lib/python3.12/site-packages/airflow/example_dags/example_time_delta_sensor_async.py for tasks to queue
[2026-04-13T13:35:00.759+0000] {logging_mixin.py:190} INFO - [2026-04-13T13:35:00.758+0000] {dagbag.py:588} INFO - Filling up the DagBag from /usr/local/python/3.12.1/lib/python3.12/site-packages/airflow/example_dags/example_time_delta_sensor_async.py
[2026-04-13T13:35:00.764+0000] {processor.py:925} INFO - DAG(s) 'example_time_delta_sensor_async' retrieved from /usr/local/python/3.12.1/lib/python3.12/site-packages/airflow/example_dags/example_time_delta_sensor_async.py
[2026-04-13T13:35:00.775+0000] {logging_mixin.py:190} INFO - [2026-04-13T13:35:00.775+0000] {dag.py:3239} INFO - Sync 1 DAGs
[2026-04-13T13:35:00.784+0000] {logging_mixin.py:190} INFO - [2026-04-13T13:35:00.784+0000] {dag.py:4180} INFO - Setting next_dagrun for example_time_delta_sensor_async to None, run_after=None
[2026-04-13T13:35:00.800+0000] {processor.py:208} INFO - Processing /usr/local/python/3.12.1/lib/python3.12/site-packages/airflow/example_dags/example_time_delta_sensor_async.py took 0.047 seconds
[2026-04-13T13:36:09.179+0000] {processor.py:186} INFO - Started process (PID=35034) to work on /usr/local/python/3.12.1/lib/python3.12/site-packages/airflow/example_dags/example_time_delta_sensor_async.py
[2026-04-13T13:36:09.179+0000] {processor.py:914} INFO - Processing file /usr/local/python/3.12.1/lib/python3.12/site-packages/airflow/example_dags/example_time_delta_sensor_async.py for tasks to queue
[2026-04-13T13:36:09.181+0000] {logging_mixin.py:190} INFO - [2026-04-13T13:36:09.180+0000] {dagbag.py:588} INFO - Filling up the DagBag from /usr/local/python/3.12.1/lib/python3.12/site-packages/airflow/example_dags/example_time_delta_sensor_async.py
[2026-04-13T13:36:09.186+0000] {processor.py:925} INFO - DAG(s) 'example_time_delta_sensor_async' retrieved from /usr/local/python/3.12.1/lib/python3.12/site-packages/airflow/example_dags/example_time_delta_sensor_async.py
[2026-04-13T13:36:09.197+0000] {logging_mixin.py:190} INFO - [2026-04-13T13:36:09.197+0000] {dag.py:3239} INFO - Sync 1 DAGs
[2026-04-13T13:36:09.207+0000] {logging_mixin.py:190} INFO - [2026-04-13T13:36:09.206+0000] {dag.py:4180} INFO - Setting next_dagrun for example_time_delta_sensor_async to None, run_after=None
[2026-04-13T13:36:09.223+0000] {processor.py:208} INFO - Processing /usr/local/python/3.12.1/lib/python3.12/site-packages/airflow/example_dags/example_time_delta_sensor_async.py took 0.049 seconds
