[2026-04-13T13:06:50.880+0000] {processor.py:186} INFO - Started process (PID=16436) to work on /usr/local/python/3.12.1/lib/python3.12/site-packages/airflow/example_dags/example_xcom.py
[2026-04-13T13:06:50.881+0000] {processor.py:914} INFO - Processing file /usr/local/python/3.12.1/lib/python3.12/site-packages/airflow/example_dags/example_xcom.py for tasks to queue
[2026-04-13T13:06:50.883+0000] {logging_mixin.py:190} INFO - [2026-04-13T13:06:50.883+0000] {dagbag.py:588} INFO - Filling up the DagBag from /usr/local/python/3.12.1/lib/python3.12/site-packages/airflow/example_dags/example_xcom.py
[2026-04-13T13:06:50.895+0000] {processor.py:925} INFO - DAG(s) 'example_xcom' retrieved from /usr/local/python/3.12.1/lib/python3.12/site-packages/airflow/example_dags/example_xcom.py
[2026-04-13T13:06:50.940+0000] {logging_mixin.py:190} INFO - [2026-04-13T13:06:50.940+0000] {dag.py:3239} INFO - Sync 1 DAGs
[2026-04-13T13:06:50.969+0000] {logging_mixin.py:190} INFO - [2026-04-13T13:06:50.969+0000] {dag.py:4180} INFO - Setting next_dagrun for example_xcom to 2021-01-01 00:00:00+00:00, run_after=2021-01-01 00:00:00+00:00
[2026-04-13T13:06:50.995+0000] {processor.py:208} INFO - Processing /usr/local/python/3.12.1/lib/python3.12/site-packages/airflow/example_dags/example_xcom.py took 0.122 seconds
[2026-04-13T13:07:51.964+0000] {processor.py:186} INFO - Started process (PID=17346) to work on /usr/local/python/3.12.1/lib/python3.12/site-packages/airflow/example_dags/example_xcom.py
[2026-04-13T13:07:51.964+0000] {processor.py:914} INFO - Processing file /usr/local/python/3.12.1/lib/python3.12/site-packages/airflow/example_dags/example_xcom.py for tasks to queue
[2026-04-13T13:07:51.966+0000] {logging_mixin.py:190} INFO - [2026-04-13T13:07:51.966+0000] {dagbag.py:588} INFO - Filling up the DagBag from /usr/local/python/3.12.1/lib/python3.12/site-packages/airflow/example_dags/example_xcom.py
[2026-04-13T13:07:51.973+0000] {processor.py:925} INFO - DAG(s) 'example_xcom' retrieved from /usr/local/python/3.12.1/lib/python3.12/site-packages/airflow/example_dags/example_xcom.py
[2026-04-13T13:07:51.987+0000] {logging_mixin.py:190} INFO - [2026-04-13T13:07:51.987+0000] {dag.py:3239} INFO - Sync 1 DAGs
[2026-04-13T13:07:52.002+0000] {logging_mixin.py:190} INFO - [2026-04-13T13:07:52.001+0000] {dag.py:4180} INFO - Setting next_dagrun for example_xcom to 2021-01-01 00:00:00+00:00, run_after=2021-01-01 00:00:00+00:00
[2026-04-13T13:07:52.017+0000] {processor.py:208} INFO - Processing /usr/local/python/3.12.1/lib/python3.12/site-packages/airflow/example_dags/example_xcom.py took 0.058 seconds
[2026-04-13T13:08:52.325+0000] {processor.py:186} INFO - Started process (PID=18434) to work on /usr/local/python/3.12.1/lib/python3.12/site-packages/airflow/example_dags/example_xcom.py
[2026-04-13T13:08:52.326+0000] {processor.py:914} INFO - Processing file /usr/local/python/3.12.1/lib/python3.12/site-packages/airflow/example_dags/example_xcom.py for tasks to queue
[2026-04-13T13:08:52.327+0000] {logging_mixin.py:190} INFO - [2026-04-13T13:08:52.327+0000] {dagbag.py:588} INFO - Filling up the DagBag from /usr/local/python/3.12.1/lib/python3.12/site-packages/airflow/example_dags/example_xcom.py
[2026-04-13T13:08:52.334+0000] {processor.py:925} INFO - DAG(s) 'example_xcom' retrieved from /usr/local/python/3.12.1/lib/python3.12/site-packages/airflow/example_dags/example_xcom.py
[2026-04-13T13:08:52.347+0000] {logging_mixin.py:190} INFO - [2026-04-13T13:08:52.347+0000] {dag.py:3239} INFO - Sync 1 DAGs
[2026-04-13T13:08:52.361+0000] {logging_mixin.py:190} INFO - [2026-04-13T13:08:52.361+0000] {dag.py:4180} INFO - Setting next_dagrun for example_xcom to 2021-01-01 00:00:00+00:00, run_after=2021-01-01 00:00:00+00:00
[2026-04-13T13:08:52.377+0000] {processor.py:208} INFO - Processing /usr/local/python/3.12.1/lib/python3.12/site-packages/airflow/example_dags/example_xcom.py took 0.056 seconds
[2026-04-13T13:09:58.342+0000] {processor.py:186} INFO - Started process (PID=19176) to work on /usr/local/python/3.12.1/lib/python3.12/site-packages/airflow/example_dags/example_xcom.py
[2026-04-13T13:09:58.343+0000] {processor.py:914} INFO - Processing file /usr/local/python/3.12.1/lib/python3.12/site-packages/airflow/example_dags/example_xcom.py for tasks to queue
[2026-04-13T13:09:58.345+0000] {logging_mixin.py:190} INFO - [2026-04-13T13:09:58.344+0000] {dagbag.py:588} INFO - Filling up the DagBag from /usr/local/python/3.12.1/lib/python3.12/site-packages/airflow/example_dags/example_xcom.py
[2026-04-13T13:09:58.353+0000] {processor.py:925} INFO - DAG(s) 'example_xcom' retrieved from /usr/local/python/3.12.1/lib/python3.12/site-packages/airflow/example_dags/example_xcom.py
[2026-04-13T13:09:58.366+0000] {logging_mixin.py:190} INFO - [2026-04-13T13:09:58.366+0000] {dag.py:3239} INFO - Sync 1 DAGs
[2026-04-13T13:09:58.382+0000] {logging_mixin.py:190} INFO - [2026-04-13T13:09:58.382+0000] {dag.py:4180} INFO - Setting next_dagrun for example_xcom to 2021-01-01 00:00:00+00:00, run_after=2021-01-01 00:00:00+00:00
[2026-04-13T13:09:58.412+0000] {processor.py:208} INFO - Processing /usr/local/python/3.12.1/lib/python3.12/site-packages/airflow/example_dags/example_xcom.py took 0.077 seconds
[2026-04-13T13:11:01.369+0000] {processor.py:186} INFO - Started process (PID=20040) to work on /usr/local/python/3.12.1/lib/python3.12/site-packages/airflow/example_dags/example_xcom.py
[2026-04-13T13:11:01.370+0000] {processor.py:914} INFO - Processing file /usr/local/python/3.12.1/lib/python3.12/site-packages/airflow/example_dags/example_xcom.py for tasks to queue
[2026-04-13T13:11:01.371+0000] {logging_mixin.py:190} INFO - [2026-04-13T13:11:01.371+0000] {dagbag.py:588} INFO - Filling up the DagBag from /usr/local/python/3.12.1/lib/python3.12/site-packages/airflow/example_dags/example_xcom.py
[2026-04-13T13:11:01.379+0000] {processor.py:925} INFO - DAG(s) 'example_xcom' retrieved from /usr/local/python/3.12.1/lib/python3.12/site-packages/airflow/example_dags/example_xcom.py
[2026-04-13T13:11:01.392+0000] {logging_mixin.py:190} INFO - [2026-04-13T13:11:01.392+0000] {dag.py:3239} INFO - Sync 1 DAGs
[2026-04-13T13:11:01.407+0000] {logging_mixin.py:190} INFO - [2026-04-13T13:11:01.406+0000] {dag.py:4180} INFO - Setting next_dagrun for example_xcom to 2021-01-01 00:00:00+00:00, run_after=2021-01-01 00:00:00+00:00
[2026-04-13T13:11:01.425+0000] {processor.py:208} INFO - Processing /usr/local/python/3.12.1/lib/python3.12/site-packages/airflow/example_dags/example_xcom.py took 0.060 seconds
[2026-04-13T13:12:00.971+0000] {processor.py:186} INFO - Started process (PID=20633) to work on /usr/local/python/3.12.1/lib/python3.12/site-packages/airflow/example_dags/example_xcom.py
[2026-04-13T13:12:00.971+0000] {processor.py:914} INFO - Processing file /usr/local/python/3.12.1/lib/python3.12/site-packages/airflow/example_dags/example_xcom.py for tasks to queue
[2026-04-13T13:12:00.973+0000] {logging_mixin.py:190} INFO - [2026-04-13T13:12:00.973+0000] {dagbag.py:588} INFO - Filling up the DagBag from /usr/local/python/3.12.1/lib/python3.12/site-packages/airflow/example_dags/example_xcom.py
[2026-04-13T13:12:00.981+0000] {processor.py:925} INFO - DAG(s) 'example_xcom' retrieved from /usr/local/python/3.12.1/lib/python3.12/site-packages/airflow/example_dags/example_xcom.py
[2026-04-13T13:12:00.993+0000] {logging_mixin.py:190} INFO - [2026-04-13T13:12:00.993+0000] {dag.py:3239} INFO - Sync 1 DAGs
[2026-04-13T13:12:01.008+0000] {logging_mixin.py:190} INFO - [2026-04-13T13:12:01.008+0000] {dag.py:4180} INFO - Setting next_dagrun for example_xcom to 2021-01-01 00:00:00+00:00, run_after=2021-01-01 00:00:00+00:00
[2026-04-13T13:12:01.024+0000] {processor.py:208} INFO - Processing /usr/local/python/3.12.1/lib/python3.12/site-packages/airflow/example_dags/example_xcom.py took 0.057 seconds
[2026-04-13T13:13:06.631+0000] {processor.py:186} INFO - Started process (PID=21252) to work on /usr/local/python/3.12.1/lib/python3.12/site-packages/airflow/example_dags/example_xcom.py
[2026-04-13T13:13:06.631+0000] {processor.py:914} INFO - Processing file /usr/local/python/3.12.1/lib/python3.12/site-packages/airflow/example_dags/example_xcom.py for tasks to queue
[2026-04-13T13:13:06.633+0000] {logging_mixin.py:190} INFO - [2026-04-13T13:13:06.632+0000] {dagbag.py:588} INFO - Filling up the DagBag from /usr/local/python/3.12.1/lib/python3.12/site-packages/airflow/example_dags/example_xcom.py
[2026-04-13T13:13:06.641+0000] {processor.py:925} INFO - DAG(s) 'example_xcom' retrieved from /usr/local/python/3.12.1/lib/python3.12/site-packages/airflow/example_dags/example_xcom.py
[2026-04-13T13:13:06.654+0000] {logging_mixin.py:190} INFO - [2026-04-13T13:13:06.654+0000] {dag.py:3239} INFO - Sync 1 DAGs
[2026-04-13T13:13:06.669+0000] {logging_mixin.py:190} INFO - [2026-04-13T13:13:06.669+0000] {dag.py:4180} INFO - Setting next_dagrun for example_xcom to 2021-01-01 00:00:00+00:00, run_after=2021-01-01 00:00:00+00:00
[2026-04-13T13:13:06.685+0000] {processor.py:208} INFO - Processing /usr/local/python/3.12.1/lib/python3.12/site-packages/airflow/example_dags/example_xcom.py took 0.058 seconds
[2026-04-13T13:14:09.919+0000] {processor.py:186} INFO - Started process (PID=21918) to work on /usr/local/python/3.12.1/lib/python3.12/site-packages/airflow/example_dags/example_xcom.py
[2026-04-13T13:14:09.919+0000] {processor.py:914} INFO - Processing file /usr/local/python/3.12.1/lib/python3.12/site-packages/airflow/example_dags/example_xcom.py for tasks to queue
[2026-04-13T13:14:09.921+0000] {logging_mixin.py:190} INFO - [2026-04-13T13:14:09.920+0000] {dagbag.py:588} INFO - Filling up the DagBag from /usr/local/python/3.12.1/lib/python3.12/site-packages/airflow/example_dags/example_xcom.py
[2026-04-13T13:14:09.928+0000] {processor.py:925} INFO - DAG(s) 'example_xcom' retrieved from /usr/local/python/3.12.1/lib/python3.12/site-packages/airflow/example_dags/example_xcom.py
[2026-04-13T13:14:09.942+0000] {logging_mixin.py:190} INFO - [2026-04-13T13:14:09.941+0000] {dag.py:3239} INFO - Sync 1 DAGs
[2026-04-13T13:14:09.956+0000] {logging_mixin.py:190} INFO - [2026-04-13T13:14:09.956+0000] {dag.py:4180} INFO - Setting next_dagrun for example_xcom to 2021-01-01 00:00:00+00:00, run_after=2021-01-01 00:00:00+00:00
[2026-04-13T13:14:09.976+0000] {processor.py:208} INFO - Processing /usr/local/python/3.12.1/lib/python3.12/site-packages/airflow/example_dags/example_xcom.py took 0.061 seconds
[2026-04-13T13:15:15.036+0000] {processor.py:186} INFO - Started process (PID=22620) to work on /usr/local/python/3.12.1/lib/python3.12/site-packages/airflow/example_dags/example_xcom.py
[2026-04-13T13:15:15.037+0000] {processor.py:914} INFO - Processing file /usr/local/python/3.12.1/lib/python3.12/site-packages/airflow/example_dags/example_xcom.py for tasks to queue
[2026-04-13T13:15:15.038+0000] {logging_mixin.py:190} INFO - [2026-04-13T13:15:15.038+0000] {dagbag.py:588} INFO - Filling up the DagBag from /usr/local/python/3.12.1/lib/python3.12/site-packages/airflow/example_dags/example_xcom.py
[2026-04-13T13:15:15.045+0000] {processor.py:925} INFO - DAG(s) 'example_xcom' retrieved from /usr/local/python/3.12.1/lib/python3.12/site-packages/airflow/example_dags/example_xcom.py
[2026-04-13T13:15:15.057+0000] {logging_mixin.py:190} INFO - [2026-04-13T13:15:15.057+0000] {dag.py:3239} INFO - Sync 1 DAGs
[2026-04-13T13:15:15.072+0000] {logging_mixin.py:190} INFO - [2026-04-13T13:15:15.072+0000] {dag.py:4180} INFO - Setting next_dagrun for example_xcom to 2021-01-01 00:00:00+00:00, run_after=2021-01-01 00:00:00+00:00
[2026-04-13T13:15:15.087+0000] {processor.py:208} INFO - Processing /usr/local/python/3.12.1/lib/python3.12/site-packages/airflow/example_dags/example_xcom.py took 0.055 seconds
[2026-04-13T13:16:22.842+0000] {processor.py:186} INFO - Started process (PID=23351) to work on /usr/local/python/3.12.1/lib/python3.12/site-packages/airflow/example_dags/example_xcom.py
[2026-04-13T13:16:22.843+0000] {processor.py:914} INFO - Processing file /usr/local/python/3.12.1/lib/python3.12/site-packages/airflow/example_dags/example_xcom.py for tasks to queue
[2026-04-13T13:16:22.844+0000] {logging_mixin.py:190} INFO - [2026-04-13T13:16:22.844+0000] {dagbag.py:588} INFO - Filling up the DagBag from /usr/local/python/3.12.1/lib/python3.12/site-packages/airflow/example_dags/example_xcom.py
[2026-04-13T13:16:22.851+0000] {processor.py:925} INFO - DAG(s) 'example_xcom' retrieved from /usr/local/python/3.12.1/lib/python3.12/site-packages/airflow/example_dags/example_xcom.py
[2026-04-13T13:16:22.864+0000] {logging_mixin.py:190} INFO - [2026-04-13T13:16:22.864+0000] {dag.py:3239} INFO - Sync 1 DAGs
[2026-04-13T13:16:22.878+0000] {logging_mixin.py:190} INFO - [2026-04-13T13:16:22.878+0000] {dag.py:4180} INFO - Setting next_dagrun for example_xcom to 2021-01-01 00:00:00+00:00, run_after=2021-01-01 00:00:00+00:00
[2026-04-13T13:16:22.893+0000] {processor.py:208} INFO - Processing /usr/local/python/3.12.1/lib/python3.12/site-packages/airflow/example_dags/example_xcom.py took 0.055 seconds
[2026-04-13T13:17:27.711+0000] {processor.py:186} INFO - Started process (PID=24268) to work on /usr/local/python/3.12.1/lib/python3.12/site-packages/airflow/example_dags/example_xcom.py
[2026-04-13T13:17:27.712+0000] {processor.py:914} INFO - Processing file /usr/local/python/3.12.1/lib/python3.12/site-packages/airflow/example_dags/example_xcom.py for tasks to queue
[2026-04-13T13:17:27.713+0000] {logging_mixin.py:190} INFO - [2026-04-13T13:17:27.713+0000] {dagbag.py:588} INFO - Filling up the DagBag from /usr/local/python/3.12.1/lib/python3.12/site-packages/airflow/example_dags/example_xcom.py
[2026-04-13T13:17:27.720+0000] {processor.py:925} INFO - DAG(s) 'example_xcom' retrieved from /usr/local/python/3.12.1/lib/python3.12/site-packages/airflow/example_dags/example_xcom.py
[2026-04-13T13:17:27.732+0000] {logging_mixin.py:190} INFO - [2026-04-13T13:17:27.732+0000] {dag.py:3239} INFO - Sync 1 DAGs
[2026-04-13T13:17:27.747+0000] {logging_mixin.py:190} INFO - [2026-04-13T13:17:27.747+0000] {dag.py:4180} INFO - Setting next_dagrun for example_xcom to 2021-01-01 00:00:00+00:00, run_after=2021-01-01 00:00:00+00:00
[2026-04-13T13:17:27.764+0000] {processor.py:208} INFO - Processing /usr/local/python/3.12.1/lib/python3.12/site-packages/airflow/example_dags/example_xcom.py took 0.057 seconds
[2026-04-13T13:18:45.644+0000] {processor.py:186} INFO - Started process (PID=25200) to work on /usr/local/python/3.12.1/lib/python3.12/site-packages/airflow/example_dags/example_xcom.py
[2026-04-13T13:18:45.645+0000] {processor.py:914} INFO - Processing file /usr/local/python/3.12.1/lib/python3.12/site-packages/airflow/example_dags/example_xcom.py for tasks to queue
[2026-04-13T13:18:45.646+0000] {logging_mixin.py:190} INFO - [2026-04-13T13:18:45.646+0000] {dagbag.py:588} INFO - Filling up the DagBag from /usr/local/python/3.12.1/lib/python3.12/site-packages/airflow/example_dags/example_xcom.py
[2026-04-13T13:18:45.653+0000] {processor.py:925} INFO - DAG(s) 'example_xcom' retrieved from /usr/local/python/3.12.1/lib/python3.12/site-packages/airflow/example_dags/example_xcom.py
[2026-04-13T13:18:45.666+0000] {logging_mixin.py:190} INFO - [2026-04-13T13:18:45.665+0000] {dag.py:3239} INFO - Sync 1 DAGs
[2026-04-13T13:18:45.685+0000] {logging_mixin.py:190} INFO - [2026-04-13T13:18:45.685+0000] {dag.py:4180} INFO - Setting next_dagrun for example_xcom to 2021-01-01 00:00:00+00:00, run_after=2021-01-01 00:00:00+00:00
[2026-04-13T13:18:45.701+0000] {processor.py:208} INFO - Processing /usr/local/python/3.12.1/lib/python3.12/site-packages/airflow/example_dags/example_xcom.py took 0.060 seconds
[2026-04-13T13:19:46.973+0000] {processor.py:186} INFO - Started process (PID=25755) to work on /usr/local/python/3.12.1/lib/python3.12/site-packages/airflow/example_dags/example_xcom.py
[2026-04-13T13:19:46.974+0000] {processor.py:914} INFO - Processing file /usr/local/python/3.12.1/lib/python3.12/site-packages/airflow/example_dags/example_xcom.py for tasks to queue
[2026-04-13T13:19:46.975+0000] {logging_mixin.py:190} INFO - [2026-04-13T13:19:46.975+0000] {dagbag.py:588} INFO - Filling up the DagBag from /usr/local/python/3.12.1/lib/python3.12/site-packages/airflow/example_dags/example_xcom.py
[2026-04-13T13:19:46.983+0000] {processor.py:925} INFO - DAG(s) 'example_xcom' retrieved from /usr/local/python/3.12.1/lib/python3.12/site-packages/airflow/example_dags/example_xcom.py
[2026-04-13T13:19:46.995+0000] {logging_mixin.py:190} INFO - [2026-04-13T13:19:46.995+0000] {dag.py:3239} INFO - Sync 1 DAGs
[2026-04-13T13:19:47.010+0000] {logging_mixin.py:190} INFO - [2026-04-13T13:19:47.010+0000] {dag.py:4180} INFO - Setting next_dagrun for example_xcom to 2021-01-01 00:00:00+00:00, run_after=2021-01-01 00:00:00+00:00
[2026-04-13T13:19:47.026+0000] {processor.py:208} INFO - Processing /usr/local/python/3.12.1/lib/python3.12/site-packages/airflow/example_dags/example_xcom.py took 0.056 seconds
[2026-04-13T13:20:48.596+0000] {processor.py:186} INFO - Started process (PID=26283) to work on /usr/local/python/3.12.1/lib/python3.12/site-packages/airflow/example_dags/example_xcom.py
[2026-04-13T13:20:48.597+0000] {processor.py:914} INFO - Processing file /usr/local/python/3.12.1/lib/python3.12/site-packages/airflow/example_dags/example_xcom.py for tasks to queue
[2026-04-13T13:20:48.598+0000] {logging_mixin.py:190} INFO - [2026-04-13T13:20:48.598+0000] {dagbag.py:588} INFO - Filling up the DagBag from /usr/local/python/3.12.1/lib/python3.12/site-packages/airflow/example_dags/example_xcom.py
[2026-04-13T13:20:48.605+0000] {processor.py:925} INFO - DAG(s) 'example_xcom' retrieved from /usr/local/python/3.12.1/lib/python3.12/site-packages/airflow/example_dags/example_xcom.py
[2026-04-13T13:20:48.617+0000] {logging_mixin.py:190} INFO - [2026-04-13T13:20:48.617+0000] {dag.py:3239} INFO - Sync 1 DAGs
[2026-04-13T13:20:48.632+0000] {logging_mixin.py:190} INFO - [2026-04-13T13:20:48.631+0000] {dag.py:4180} INFO - Setting next_dagrun for example_xcom to 2021-01-01 00:00:00+00:00, run_after=2021-01-01 00:00:00+00:00
[2026-04-13T13:20:48.649+0000] {processor.py:208} INFO - Processing /usr/local/python/3.12.1/lib/python3.12/site-packages/airflow/example_dags/example_xcom.py took 0.057 seconds
[2026-04-13T13:21:46.013+0000] {processor.py:186} INFO - Started process (PID=26853) to work on /usr/local/python/3.12.1/lib/python3.12/site-packages/airflow/example_dags/example_xcom.py
[2026-04-13T13:21:46.014+0000] {processor.py:914} INFO - Processing file /usr/local/python/3.12.1/lib/python3.12/site-packages/airflow/example_dags/example_xcom.py for tasks to queue
[2026-04-13T13:21:46.016+0000] {logging_mixin.py:190} INFO - [2026-04-13T13:21:46.015+0000] {dagbag.py:588} INFO - Filling up the DagBag from /usr/local/python/3.12.1/lib/python3.12/site-packages/airflow/example_dags/example_xcom.py
[2026-04-13T13:21:46.023+0000] {processor.py:925} INFO - DAG(s) 'example_xcom' retrieved from /usr/local/python/3.12.1/lib/python3.12/site-packages/airflow/example_dags/example_xcom.py
[2026-04-13T13:21:46.035+0000] {logging_mixin.py:190} INFO - [2026-04-13T13:21:46.035+0000] {dag.py:3239} INFO - Sync 1 DAGs
[2026-04-13T13:21:46.050+0000] {logging_mixin.py:190} INFO - [2026-04-13T13:21:46.050+0000] {dag.py:4180} INFO - Setting next_dagrun for example_xcom to 2021-01-01 00:00:00+00:00, run_after=2021-01-01 00:00:00+00:00
[2026-04-13T13:21:46.066+0000] {processor.py:208} INFO - Processing /usr/local/python/3.12.1/lib/python3.12/site-packages/airflow/example_dags/example_xcom.py took 0.056 seconds
[2026-04-13T13:22:48.315+0000] {processor.py:186} INFO - Started process (PID=27400) to work on /usr/local/python/3.12.1/lib/python3.12/site-packages/airflow/example_dags/example_xcom.py
[2026-04-13T13:22:48.315+0000] {processor.py:914} INFO - Processing file /usr/local/python/3.12.1/lib/python3.12/site-packages/airflow/example_dags/example_xcom.py for tasks to queue
[2026-04-13T13:22:48.317+0000] {logging_mixin.py:190} INFO - [2026-04-13T13:22:48.317+0000] {dagbag.py:588} INFO - Filling up the DagBag from /usr/local/python/3.12.1/lib/python3.12/site-packages/airflow/example_dags/example_xcom.py
[2026-04-13T13:22:48.324+0000] {processor.py:925} INFO - DAG(s) 'example_xcom' retrieved from /usr/local/python/3.12.1/lib/python3.12/site-packages/airflow/example_dags/example_xcom.py
[2026-04-13T13:22:48.336+0000] {logging_mixin.py:190} INFO - [2026-04-13T13:22:48.336+0000] {dag.py:3239} INFO - Sync 1 DAGs
[2026-04-13T13:22:48.351+0000] {logging_mixin.py:190} INFO - [2026-04-13T13:22:48.351+0000] {dag.py:4180} INFO - Setting next_dagrun for example_xcom to 2021-01-01 00:00:00+00:00, run_after=2021-01-01 00:00:00+00:00
[2026-04-13T13:22:48.367+0000] {processor.py:208} INFO - Processing /usr/local/python/3.12.1/lib/python3.12/site-packages/airflow/example_dags/example_xcom.py took 0.057 seconds
[2026-04-13T13:23:48.474+0000] {processor.py:186} INFO - Started process (PID=27942) to work on /usr/local/python/3.12.1/lib/python3.12/site-packages/airflow/example_dags/example_xcom.py
[2026-04-13T13:23:48.474+0000] {processor.py:914} INFO - Processing file /usr/local/python/3.12.1/lib/python3.12/site-packages/airflow/example_dags/example_xcom.py for tasks to queue
[2026-04-13T13:23:48.476+0000] {logging_mixin.py:190} INFO - [2026-04-13T13:23:48.475+0000] {dagbag.py:588} INFO - Filling up the DagBag from /usr/local/python/3.12.1/lib/python3.12/site-packages/airflow/example_dags/example_xcom.py
[2026-04-13T13:23:48.483+0000] {processor.py:925} INFO - DAG(s) 'example_xcom' retrieved from /usr/local/python/3.12.1/lib/python3.12/site-packages/airflow/example_dags/example_xcom.py
[2026-04-13T13:23:48.495+0000] {logging_mixin.py:190} INFO - [2026-04-13T13:23:48.495+0000] {dag.py:3239} INFO - Sync 1 DAGs
[2026-04-13T13:23:48.510+0000] {logging_mixin.py:190} INFO - [2026-04-13T13:23:48.510+0000] {dag.py:4180} INFO - Setting next_dagrun for example_xcom to 2021-01-01 00:00:00+00:00, run_after=2021-01-01 00:00:00+00:00
[2026-04-13T13:23:48.528+0000] {processor.py:208} INFO - Processing /usr/local/python/3.12.1/lib/python3.12/site-packages/airflow/example_dags/example_xcom.py took 0.059 seconds
[2026-04-13T13:24:48.090+0000] {processor.py:186} INFO - Started process (PID=28463) to work on /usr/local/python/3.12.1/lib/python3.12/site-packages/airflow/example_dags/example_xcom.py
[2026-04-13T13:24:48.091+0000] {processor.py:914} INFO - Processing file /usr/local/python/3.12.1/lib/python3.12/site-packages/airflow/example_dags/example_xcom.py for tasks to queue
[2026-04-13T13:24:48.093+0000] {logging_mixin.py:190} INFO - [2026-04-13T13:24:48.093+0000] {dagbag.py:588} INFO - Filling up the DagBag from /usr/local/python/3.12.1/lib/python3.12/site-packages/airflow/example_dags/example_xcom.py
[2026-04-13T13:24:48.102+0000] {processor.py:925} INFO - DAG(s) 'example_xcom' retrieved from /usr/local/python/3.12.1/lib/python3.12/site-packages/airflow/example_dags/example_xcom.py
[2026-04-13T13:24:48.124+0000] {logging_mixin.py:190} INFO - [2026-04-13T13:24:48.124+0000] {dag.py:3239} INFO - Sync 1 DAGs
[2026-04-13T13:24:48.159+0000] {logging_mixin.py:190} INFO - [2026-04-13T13:24:48.158+0000] {dag.py:4180} INFO - Setting next_dagrun for example_xcom to 2021-01-01 00:00:00+00:00, run_after=2021-01-01 00:00:00+00:00
[2026-04-13T13:24:48.190+0000] {processor.py:208} INFO - Processing /usr/local/python/3.12.1/lib/python3.12/site-packages/airflow/example_dags/example_xcom.py took 0.105 seconds
[2026-04-13T13:25:50.455+0000] {processor.py:186} INFO - Started process (PID=29000) to work on /usr/local/python/3.12.1/lib/python3.12/site-packages/airflow/example_dags/example_xcom.py
[2026-04-13T13:25:50.455+0000] {processor.py:914} INFO - Processing file /usr/local/python/3.12.1/lib/python3.12/site-packages/airflow/example_dags/example_xcom.py for tasks to queue
[2026-04-13T13:25:50.457+0000] {logging_mixin.py:190} INFO - [2026-04-13T13:25:50.457+0000] {dagbag.py:588} INFO - Filling up the DagBag from /usr/local/python/3.12.1/lib/python3.12/site-packages/airflow/example_dags/example_xcom.py
[2026-04-13T13:25:50.464+0000] {processor.py:925} INFO - DAG(s) 'example_xcom' retrieved from /usr/local/python/3.12.1/lib/python3.12/site-packages/airflow/example_dags/example_xcom.py
[2026-04-13T13:25:50.476+0000] {logging_mixin.py:190} INFO - [2026-04-13T13:25:50.476+0000] {dag.py:3239} INFO - Sync 1 DAGs
[2026-04-13T13:25:50.491+0000] {logging_mixin.py:190} INFO - [2026-04-13T13:25:50.491+0000] {dag.py:4180} INFO - Setting next_dagrun for example_xcom to 2021-01-01 00:00:00+00:00, run_after=2021-01-01 00:00:00+00:00
[2026-04-13T13:25:50.506+0000] {processor.py:208} INFO - Processing /usr/local/python/3.12.1/lib/python3.12/site-packages/airflow/example_dags/example_xcom.py took 0.056 seconds
[2026-04-13T13:26:48.918+0000] {processor.py:186} INFO - Started process (PID=29565) to work on /usr/local/python/3.12.1/lib/python3.12/site-packages/airflow/example_dags/example_xcom.py
[2026-04-13T13:26:48.918+0000] {processor.py:914} INFO - Processing file /usr/local/python/3.12.1/lib/python3.12/site-packages/airflow/example_dags/example_xcom.py for tasks to queue
[2026-04-13T13:26:48.920+0000] {logging_mixin.py:190} INFO - [2026-04-13T13:26:48.919+0000] {dagbag.py:588} INFO - Filling up the DagBag from /usr/local/python/3.12.1/lib/python3.12/site-packages/airflow/example_dags/example_xcom.py
[2026-04-13T13:26:48.927+0000] {processor.py:925} INFO - DAG(s) 'example_xcom' retrieved from /usr/local/python/3.12.1/lib/python3.12/site-packages/airflow/example_dags/example_xcom.py
[2026-04-13T13:26:48.940+0000] {logging_mixin.py:190} INFO - [2026-04-13T13:26:48.940+0000] {dag.py:3239} INFO - Sync 1 DAGs
[2026-04-13T13:26:48.964+0000] {logging_mixin.py:190} INFO - [2026-04-13T13:26:48.963+0000] {dag.py:4180} INFO - Setting next_dagrun for example_xcom to 2021-01-01 00:00:00+00:00, run_after=2021-01-01 00:00:00+00:00
[2026-04-13T13:26:48.990+0000] {processor.py:208} INFO - Processing /usr/local/python/3.12.1/lib/python3.12/site-packages/airflow/example_dags/example_xcom.py took 0.076 seconds
[2026-04-13T13:27:47.486+0000] {processor.py:186} INFO - Started process (PID=30074) to work on /usr/local/python/3.12.1/lib/python3.12/site-packages/airflow/example_dags/example_xcom.py
[2026-04-13T13:27:47.487+0000] {processor.py:914} INFO - Processing file /usr/local/python/3.12.1/lib/python3.12/site-packages/airflow/example_dags/example_xcom.py for tasks to queue
[2026-04-13T13:27:47.488+0000] {logging_mixin.py:190} INFO - [2026-04-13T13:27:47.488+0000] {dagbag.py:588} INFO - Filling up the DagBag from /usr/local/python/3.12.1/lib/python3.12/site-packages/airflow/example_dags/example_xcom.py
[2026-04-13T13:27:47.496+0000] {processor.py:925} INFO - DAG(s) 'example_xcom' retrieved from /usr/local/python/3.12.1/lib/python3.12/site-packages/airflow/example_dags/example_xcom.py
[2026-04-13T13:27:47.509+0000] {logging_mixin.py:190} INFO - [2026-04-13T13:27:47.509+0000] {dag.py:3239} INFO - Sync 1 DAGs
[2026-04-13T13:27:47.523+0000] {logging_mixin.py:190} INFO - [2026-04-13T13:27:47.523+0000] {dag.py:4180} INFO - Setting next_dagrun for example_xcom to 2021-01-01 00:00:00+00:00, run_after=2021-01-01 00:00:00+00:00
[2026-04-13T13:27:47.539+0000] {processor.py:208} INFO - Processing /usr/local/python/3.12.1/lib/python3.12/site-packages/airflow/example_dags/example_xcom.py took 0.057 seconds
[2026-04-13T13:28:47.113+0000] {processor.py:186} INFO - Started process (PID=30597) to work on /usr/local/python/3.12.1/lib/python3.12/site-packages/airflow/example_dags/example_xcom.py
[2026-04-13T13:28:47.114+0000] {processor.py:914} INFO - Processing file /usr/local/python/3.12.1/lib/python3.12/site-packages/airflow/example_dags/example_xcom.py for tasks to queue
[2026-04-13T13:28:47.115+0000] {logging_mixin.py:190} INFO - [2026-04-13T13:28:47.115+0000] {dagbag.py:588} INFO - Filling up the DagBag from /usr/local/python/3.12.1/lib/python3.12/site-packages/airflow/example_dags/example_xcom.py
[2026-04-13T13:28:47.123+0000] {processor.py:925} INFO - DAG(s) 'example_xcom' retrieved from /usr/local/python/3.12.1/lib/python3.12/site-packages/airflow/example_dags/example_xcom.py
[2026-04-13T13:28:47.135+0000] {logging_mixin.py:190} INFO - [2026-04-13T13:28:47.135+0000] {dag.py:3239} INFO - Sync 1 DAGs
[2026-04-13T13:28:47.150+0000] {logging_mixin.py:190} INFO - [2026-04-13T13:28:47.150+0000] {dag.py:4180} INFO - Setting next_dagrun for example_xcom to 2021-01-01 00:00:00+00:00, run_after=2021-01-01 00:00:00+00:00
[2026-04-13T13:28:47.165+0000] {processor.py:208} INFO - Processing /usr/local/python/3.12.1/lib/python3.12/site-packages/airflow/example_dags/example_xcom.py took 0.056 seconds
[2026-04-13T13:29:47.903+0000] {processor.py:186} INFO - Started process (PID=31125) to work on /usr/local/python/3.12.1/lib/python3.12/site-packages/airflow/example_dags/example_xcom.py
[2026-04-13T13:29:47.904+0000] {processor.py:914} INFO - Processing file /usr/local/python/3.12.1/lib/python3.12/site-packages/airflow/example_dags/example_xcom.py for tasks to queue
[2026-04-13T13:29:47.906+0000] {logging_mixin.py:190} INFO - [2026-04-13T13:29:47.905+0000] {dagbag.py:588} INFO - Filling up the DagBag from /usr/local/python/3.12.1/lib/python3.12/site-packages/airflow/example_dags/example_xcom.py
[2026-04-13T13:29:47.913+0000] {processor.py:925} INFO - DAG(s) 'example_xcom' retrieved from /usr/local/python/3.12.1/lib/python3.12/site-packages/airflow/example_dags/example_xcom.py
[2026-04-13T13:29:47.925+0000] {logging_mixin.py:190} INFO - [2026-04-13T13:29:47.925+0000] {dag.py:3239} INFO - Sync 1 DAGs
[2026-04-13T13:29:47.940+0000] {logging_mixin.py:190} INFO - [2026-04-13T13:29:47.940+0000] {dag.py:4180} INFO - Setting next_dagrun for example_xcom to 2021-01-01 00:00:00+00:00, run_after=2021-01-01 00:00:00+00:00
[2026-04-13T13:29:47.956+0000] {processor.py:208} INFO - Processing /usr/local/python/3.12.1/lib/python3.12/site-packages/airflow/example_dags/example_xcom.py took 0.057 seconds
[2026-04-13T13:30:48.615+0000] {processor.py:186} INFO - Started process (PID=31661) to work on /usr/local/python/3.12.1/lib/python3.12/site-packages/airflow/example_dags/example_xcom.py
[2026-04-13T13:30:48.615+0000] {processor.py:914} INFO - Processing file /usr/local/python/3.12.1/lib/python3.12/site-packages/airflow/example_dags/example_xcom.py for tasks to queue
[2026-04-13T13:30:48.617+0000] {logging_mixin.py:190} INFO - [2026-04-13T13:30:48.617+0000] {dagbag.py:588} INFO - Filling up the DagBag from /usr/local/python/3.12.1/lib/python3.12/site-packages/airflow/example_dags/example_xcom.py
[2026-04-13T13:30:48.624+0000] {processor.py:925} INFO - DAG(s) 'example_xcom' retrieved from /usr/local/python/3.12.1/lib/python3.12/site-packages/airflow/example_dags/example_xcom.py
[2026-04-13T13:30:48.636+0000] {logging_mixin.py:190} INFO - [2026-04-13T13:30:48.636+0000] {dag.py:3239} INFO - Sync 1 DAGs
[2026-04-13T13:30:48.650+0000] {logging_mixin.py:190} INFO - [2026-04-13T13:30:48.650+0000] {dag.py:4180} INFO - Setting next_dagrun for example_xcom to 2021-01-01 00:00:00+00:00, run_after=2021-01-01 00:00:00+00:00
[2026-04-13T13:30:48.666+0000] {processor.py:208} INFO - Processing /usr/local/python/3.12.1/lib/python3.12/site-packages/airflow/example_dags/example_xcom.py took 0.055 seconds
[2026-04-13T13:31:47.847+0000] {processor.py:186} INFO - Started process (PID=32237) to work on /usr/local/python/3.12.1/lib/python3.12/site-packages/airflow/example_dags/example_xcom.py
[2026-04-13T13:31:47.848+0000] {processor.py:914} INFO - Processing file /usr/local/python/3.12.1/lib/python3.12/site-packages/airflow/example_dags/example_xcom.py for tasks to queue
[2026-04-13T13:31:47.850+0000] {logging_mixin.py:190} INFO - [2026-04-13T13:31:47.849+0000] {dagbag.py:588} INFO - Filling up the DagBag from /usr/local/python/3.12.1/lib/python3.12/site-packages/airflow/example_dags/example_xcom.py
[2026-04-13T13:31:47.859+0000] {processor.py:925} INFO - DAG(s) 'example_xcom' retrieved from /usr/local/python/3.12.1/lib/python3.12/site-packages/airflow/example_dags/example_xcom.py
[2026-04-13T13:31:47.890+0000] {logging_mixin.py:190} INFO - [2026-04-13T13:31:47.890+0000] {dag.py:3239} INFO - Sync 1 DAGs
[2026-04-13T13:31:47.917+0000] {logging_mixin.py:190} INFO - [2026-04-13T13:31:47.917+0000] {dag.py:4180} INFO - Setting next_dagrun for example_xcom to 2021-01-01 00:00:00+00:00, run_after=2021-01-01 00:00:00+00:00
[2026-04-13T13:31:47.939+0000] {processor.py:208} INFO - Processing /usr/local/python/3.12.1/lib/python3.12/site-packages/airflow/example_dags/example_xcom.py took 0.096 seconds
[2026-04-13T13:32:44.515+0000] {processor.py:186} INFO - Started process (PID=32735) to work on /usr/local/python/3.12.1/lib/python3.12/site-packages/airflow/example_dags/example_xcom.py
[2026-04-13T13:32:44.516+0000] {processor.py:914} INFO - Processing file /usr/local/python/3.12.1/lib/python3.12/site-packages/airflow/example_dags/example_xcom.py for tasks to queue
[2026-04-13T13:32:44.518+0000] {logging_mixin.py:190} INFO - [2026-04-13T13:32:44.518+0000] {dagbag.py:588} INFO - Filling up the DagBag from /usr/local/python/3.12.1/lib/python3.12/site-packages/airflow/example_dags/example_xcom.py
[2026-04-13T13:32:44.529+0000] {processor.py:925} INFO - DAG(s) 'example_xcom' retrieved from /usr/local/python/3.12.1/lib/python3.12/site-packages/airflow/example_dags/example_xcom.py
[2026-04-13T13:32:44.550+0000] {logging_mixin.py:190} INFO - [2026-04-13T13:32:44.550+0000] {dag.py:3239} INFO - Sync 1 DAGs
[2026-04-13T13:32:44.579+0000] {logging_mixin.py:190} INFO - [2026-04-13T13:32:44.579+0000] {dag.py:4180} INFO - Setting next_dagrun for example_xcom to 2021-01-01 00:00:00+00:00, run_after=2021-01-01 00:00:00+00:00
[2026-04-13T13:32:44.604+0000] {processor.py:208} INFO - Processing /usr/local/python/3.12.1/lib/python3.12/site-packages/airflow/example_dags/example_xcom.py took 0.094 seconds
[2026-04-13T13:33:47.510+0000] {processor.py:186} INFO - Started process (PID=33294) to work on /usr/local/python/3.12.1/lib/python3.12/site-packages/airflow/example_dags/example_xcom.py
[2026-04-13T13:33:47.511+0000] {processor.py:914} INFO - Processing file /usr/local/python/3.12.1/lib/python3.12/site-packages/airflow/example_dags/example_xcom.py for tasks to queue
[2026-04-13T13:33:47.512+0000] {logging_mixin.py:190} INFO - [2026-04-13T13:33:47.512+0000] {dagbag.py:588} INFO - Filling up the DagBag from /usr/local/python/3.12.1/lib/python3.12/site-packages/airflow/example_dags/example_xcom.py
[2026-04-13T13:33:47.520+0000] {processor.py:925} INFO - DAG(s) 'example_xcom' retrieved from /usr/local/python/3.12.1/lib/python3.12/site-packages/airflow/example_dags/example_xcom.py
[2026-04-13T13:33:47.534+0000] {logging_mixin.py:190} INFO - [2026-04-13T13:33:47.534+0000] {dag.py:3239} INFO - Sync 1 DAGs
[2026-04-13T13:33:47.551+0000] {logging_mixin.py:190} INFO - [2026-04-13T13:33:47.551+0000] {dag.py:4180} INFO - Setting next_dagrun for example_xcom to 2021-01-01 00:00:00+00:00, run_after=2021-01-01 00:00:00+00:00
[2026-04-13T13:33:47.593+0000] {processor.py:208} INFO - Processing /usr/local/python/3.12.1/lib/python3.12/site-packages/airflow/example_dags/example_xcom.py took 0.087 seconds
[2026-04-13T13:34:55.615+0000] {processor.py:186} INFO - Started process (PID=34080) to work on /usr/local/python/3.12.1/lib/python3.12/site-packages/airflow/example_dags/example_xcom.py
[2026-04-13T13:34:55.616+0000] {processor.py:914} INFO - Processing file /usr/local/python/3.12.1/lib/python3.12/site-packages/airflow/example_dags/example_xcom.py for tasks to queue
[2026-04-13T13:34:55.618+0000] {logging_mixin.py:190} INFO - [2026-04-13T13:34:55.617+0000] {dagbag.py:588} INFO - Filling up the DagBag from /usr/local/python/3.12.1/lib/python3.12/site-packages/airflow/example_dags/example_xcom.py
[2026-04-13T13:34:55.625+0000] {processor.py:925} INFO - DAG(s) 'example_xcom' retrieved from /usr/local/python/3.12.1/lib/python3.12/site-packages/airflow/example_dags/example_xcom.py
[2026-04-13T13:34:55.643+0000] {logging_mixin.py:190} INFO - [2026-04-13T13:34:55.643+0000] {dag.py:3239} INFO - Sync 1 DAGs
[2026-04-13T13:34:55.659+0000] {logging_mixin.py:190} INFO - [2026-04-13T13:34:55.659+0000] {dag.py:4180} INFO - Setting next_dagrun for example_xcom to 2021-01-01 00:00:00+00:00, run_after=2021-01-01 00:00:00+00:00
[2026-04-13T13:34:55.675+0000] {processor.py:208} INFO - Processing /usr/local/python/3.12.1/lib/python3.12/site-packages/airflow/example_dags/example_xcom.py took 0.064 seconds
[2026-04-13T13:36:03.629+0000] {processor.py:186} INFO - Started process (PID=34977) to work on /usr/local/python/3.12.1/lib/python3.12/site-packages/airflow/example_dags/example_xcom.py
[2026-04-13T13:36:03.630+0000] {processor.py:914} INFO - Processing file /usr/local/python/3.12.1/lib/python3.12/site-packages/airflow/example_dags/example_xcom.py for tasks to queue
[2026-04-13T13:36:03.631+0000] {logging_mixin.py:190} INFO - [2026-04-13T13:36:03.631+0000] {dagbag.py:588} INFO - Filling up the DagBag from /usr/local/python/3.12.1/lib/python3.12/site-packages/airflow/example_dags/example_xcom.py
[2026-04-13T13:36:03.639+0000] {processor.py:925} INFO - DAG(s) 'example_xcom' retrieved from /usr/local/python/3.12.1/lib/python3.12/site-packages/airflow/example_dags/example_xcom.py
[2026-04-13T13:36:03.651+0000] {logging_mixin.py:190} INFO - [2026-04-13T13:36:03.651+0000] {dag.py:3239} INFO - Sync 1 DAGs
[2026-04-13T13:36:03.666+0000] {logging_mixin.py:190} INFO - [2026-04-13T13:36:03.666+0000] {dag.py:4180} INFO - Setting next_dagrun for example_xcom to 2021-01-01 00:00:00+00:00, run_after=2021-01-01 00:00:00+00:00
[2026-04-13T13:36:03.682+0000] {processor.py:208} INFO - Processing /usr/local/python/3.12.1/lib/python3.12/site-packages/airflow/example_dags/example_xcom.py took 0.057 seconds
