[2026-04-13T13:07:02.750+0000] {processor.py:186} INFO - Started process (PID=16610) to work on /usr/local/python/3.12.1/lib/python3.12/site-packages/airflow/example_dags/example_skip_dag.py
[2026-04-13T13:07:02.751+0000] {processor.py:914} INFO - Processing file /usr/local/python/3.12.1/lib/python3.12/site-packages/airflow/example_dags/example_skip_dag.py for tasks to queue
[2026-04-13T13:07:02.752+0000] {logging_mixin.py:190} INFO - [2026-04-13T13:07:02.752+0000] {dagbag.py:588} INFO - Filling up the DagBag from /usr/local/python/3.12.1/lib/python3.12/site-packages/airflow/example_dags/example_skip_dag.py
[2026-04-13T13:07:02.758+0000] {processor.py:925} INFO - DAG(s) 'example_skip_dag' retrieved from /usr/local/python/3.12.1/lib/python3.12/site-packages/airflow/example_dags/example_skip_dag.py
[2026-04-13T13:07:02.772+0000] {logging_mixin.py:190} INFO - [2026-04-13T13:07:02.772+0000] {dag.py:3239} INFO - Sync 1 DAGs
[2026-04-13T13:07:02.787+0000] {logging_mixin.py:190} INFO - [2026-04-13T13:07:02.787+0000] {dag.py:4180} INFO - Setting next_dagrun for example_skip_dag to 2026-04-12 00:00:00+00:00, run_after=2026-04-13 00:00:00+00:00
[2026-04-13T13:07:02.803+0000] {processor.py:208} INFO - Processing /usr/local/python/3.12.1/lib/python3.12/site-packages/airflow/example_dags/example_skip_dag.py took 0.056 seconds
[2026-04-13T13:08:03.655+0000] {processor.py:186} INFO - Started process (PID=17549) to work on /usr/local/python/3.12.1/lib/python3.12/site-packages/airflow/example_dags/example_skip_dag.py
[2026-04-13T13:08:03.656+0000] {processor.py:914} INFO - Processing file /usr/local/python/3.12.1/lib/python3.12/site-packages/airflow/example_dags/example_skip_dag.py for tasks to queue
[2026-04-13T13:08:03.657+0000] {logging_mixin.py:190} INFO - [2026-04-13T13:08:03.657+0000] {dagbag.py:588} INFO - Filling up the DagBag from /usr/local/python/3.12.1/lib/python3.12/site-packages/airflow/example_dags/example_skip_dag.py
[2026-04-13T13:08:03.663+0000] {processor.py:925} INFO - DAG(s) 'example_skip_dag' retrieved from /usr/local/python/3.12.1/lib/python3.12/site-packages/airflow/example_dags/example_skip_dag.py
[2026-04-13T13:08:03.676+0000] {logging_mixin.py:190} INFO - [2026-04-13T13:08:03.676+0000] {dag.py:3239} INFO - Sync 1 DAGs
[2026-04-13T13:08:03.690+0000] {logging_mixin.py:190} INFO - [2026-04-13T13:08:03.690+0000] {dag.py:4180} INFO - Setting next_dagrun for example_skip_dag to 2026-04-12 00:00:00+00:00, run_after=2026-04-13 00:00:00+00:00
[2026-04-13T13:08:03.707+0000] {processor.py:208} INFO - Processing /usr/local/python/3.12.1/lib/python3.12/site-packages/airflow/example_dags/example_skip_dag.py took 0.056 seconds
[2026-04-13T13:09:04.924+0000] {processor.py:186} INFO - Started process (PID=18688) to work on /usr/local/python/3.12.1/lib/python3.12/site-packages/airflow/example_dags/example_skip_dag.py
[2026-04-13T13:09:04.925+0000] {processor.py:914} INFO - Processing file /usr/local/python/3.12.1/lib/python3.12/site-packages/airflow/example_dags/example_skip_dag.py for tasks to queue
[2026-04-13T13:09:04.929+0000] {logging_mixin.py:190} INFO - [2026-04-13T13:09:04.927+0000] {dagbag.py:588} INFO - Filling up the DagBag from /usr/local/python/3.12.1/lib/python3.12/site-packages/airflow/example_dags/example_skip_dag.py
[2026-04-13T13:09:04.972+0000] {processor.py:925} INFO - DAG(s) 'example_skip_dag' retrieved from /usr/local/python/3.12.1/lib/python3.12/site-packages/airflow/example_dags/example_skip_dag.py
[2026-04-13T13:09:04.990+0000] {logging_mixin.py:190} INFO - [2026-04-13T13:09:04.989+0000] {dag.py:3239} INFO - Sync 1 DAGs
[2026-04-13T13:09:05.005+0000] {logging_mixin.py:190} INFO - [2026-04-13T13:09:05.005+0000] {dag.py:4180} INFO - Setting next_dagrun for example_skip_dag to 2026-04-12 00:00:00+00:00, run_after=2026-04-13 00:00:00+00:00
[2026-04-13T13:09:05.020+0000] {processor.py:208} INFO - Processing /usr/local/python/3.12.1/lib/python3.12/site-packages/airflow/example_dags/example_skip_dag.py took 0.106 seconds
[2026-04-13T13:10:10.611+0000] {processor.py:186} INFO - Started process (PID=19392) to work on /usr/local/python/3.12.1/lib/python3.12/site-packages/airflow/example_dags/example_skip_dag.py
[2026-04-13T13:10:10.612+0000] {processor.py:914} INFO - Processing file /usr/local/python/3.12.1/lib/python3.12/site-packages/airflow/example_dags/example_skip_dag.py for tasks to queue
[2026-04-13T13:10:10.613+0000] {logging_mixin.py:190} INFO - [2026-04-13T13:10:10.613+0000] {dagbag.py:588} INFO - Filling up the DagBag from /usr/local/python/3.12.1/lib/python3.12/site-packages/airflow/example_dags/example_skip_dag.py
[2026-04-13T13:10:10.619+0000] {processor.py:925} INFO - DAG(s) 'example_skip_dag' retrieved from /usr/local/python/3.12.1/lib/python3.12/site-packages/airflow/example_dags/example_skip_dag.py
[2026-04-13T13:10:10.632+0000] {logging_mixin.py:190} INFO - [2026-04-13T13:10:10.632+0000] {dag.py:3239} INFO - Sync 1 DAGs
[2026-04-13T13:10:10.647+0000] {logging_mixin.py:190} INFO - [2026-04-13T13:10:10.647+0000] {dag.py:4180} INFO - Setting next_dagrun for example_skip_dag to 2026-04-12 00:00:00+00:00, run_after=2026-04-13 00:00:00+00:00
[2026-04-13T13:10:10.664+0000] {processor.py:208} INFO - Processing /usr/local/python/3.12.1/lib/python3.12/site-packages/airflow/example_dags/example_skip_dag.py took 0.057 seconds
[2026-04-13T13:11:12.658+0000] {processor.py:186} INFO - Started process (PID=20130) to work on /usr/local/python/3.12.1/lib/python3.12/site-packages/airflow/example_dags/example_skip_dag.py
[2026-04-13T13:11:12.659+0000] {processor.py:914} INFO - Processing file /usr/local/python/3.12.1/lib/python3.12/site-packages/airflow/example_dags/example_skip_dag.py for tasks to queue
[2026-04-13T13:11:12.660+0000] {logging_mixin.py:190} INFO - [2026-04-13T13:11:12.660+0000] {dagbag.py:588} INFO - Filling up the DagBag from /usr/local/python/3.12.1/lib/python3.12/site-packages/airflow/example_dags/example_skip_dag.py
[2026-04-13T13:11:12.666+0000] {processor.py:925} INFO - DAG(s) 'example_skip_dag' retrieved from /usr/local/python/3.12.1/lib/python3.12/site-packages/airflow/example_dags/example_skip_dag.py
[2026-04-13T13:11:12.679+0000] {logging_mixin.py:190} INFO - [2026-04-13T13:11:12.679+0000] {dag.py:3239} INFO - Sync 1 DAGs
[2026-04-13T13:11:12.695+0000] {logging_mixin.py:190} INFO - [2026-04-13T13:11:12.695+0000] {dag.py:4180} INFO - Setting next_dagrun for example_skip_dag to 2026-04-12 00:00:00+00:00, run_after=2026-04-13 00:00:00+00:00
[2026-04-13T13:11:12.711+0000] {processor.py:208} INFO - Processing /usr/local/python/3.12.1/lib/python3.12/site-packages/airflow/example_dags/example_skip_dag.py took 0.056 seconds
[2026-04-13T13:12:13.377+0000] {processor.py:186} INFO - Started process (PID=20731) to work on /usr/local/python/3.12.1/lib/python3.12/site-packages/airflow/example_dags/example_skip_dag.py
[2026-04-13T13:12:13.378+0000] {processor.py:914} INFO - Processing file /usr/local/python/3.12.1/lib/python3.12/site-packages/airflow/example_dags/example_skip_dag.py for tasks to queue
[2026-04-13T13:12:13.379+0000] {logging_mixin.py:190} INFO - [2026-04-13T13:12:13.379+0000] {dagbag.py:588} INFO - Filling up the DagBag from /usr/local/python/3.12.1/lib/python3.12/site-packages/airflow/example_dags/example_skip_dag.py
[2026-04-13T13:12:13.385+0000] {processor.py:925} INFO - DAG(s) 'example_skip_dag' retrieved from /usr/local/python/3.12.1/lib/python3.12/site-packages/airflow/example_dags/example_skip_dag.py
[2026-04-13T13:12:13.399+0000] {logging_mixin.py:190} INFO - [2026-04-13T13:12:13.398+0000] {dag.py:3239} INFO - Sync 1 DAGs
[2026-04-13T13:12:13.419+0000] {logging_mixin.py:190} INFO - [2026-04-13T13:12:13.418+0000] {dag.py:4180} INFO - Setting next_dagrun for example_skip_dag to 2026-04-12 00:00:00+00:00, run_after=2026-04-13 00:00:00+00:00
[2026-04-13T13:12:13.434+0000] {processor.py:208} INFO - Processing /usr/local/python/3.12.1/lib/python3.12/site-packages/airflow/example_dags/example_skip_dag.py took 0.063 seconds
[2026-04-13T13:13:17.474+0000] {processor.py:186} INFO - Started process (PID=21338) to work on /usr/local/python/3.12.1/lib/python3.12/site-packages/airflow/example_dags/example_skip_dag.py
[2026-04-13T13:13:17.475+0000] {processor.py:914} INFO - Processing file /usr/local/python/3.12.1/lib/python3.12/site-packages/airflow/example_dags/example_skip_dag.py for tasks to queue
[2026-04-13T13:13:17.477+0000] {logging_mixin.py:190} INFO - [2026-04-13T13:13:17.476+0000] {dagbag.py:588} INFO - Filling up the DagBag from /usr/local/python/3.12.1/lib/python3.12/site-packages/airflow/example_dags/example_skip_dag.py
[2026-04-13T13:13:17.483+0000] {processor.py:925} INFO - DAG(s) 'example_skip_dag' retrieved from /usr/local/python/3.12.1/lib/python3.12/site-packages/airflow/example_dags/example_skip_dag.py
[2026-04-13T13:13:17.503+0000] {logging_mixin.py:190} INFO - [2026-04-13T13:13:17.503+0000] {dag.py:3239} INFO - Sync 1 DAGs
[2026-04-13T13:13:17.519+0000] {logging_mixin.py:190} INFO - [2026-04-13T13:13:17.519+0000] {dag.py:4180} INFO - Setting next_dagrun for example_skip_dag to 2026-04-12 00:00:00+00:00, run_after=2026-04-13 00:00:00+00:00
[2026-04-13T13:13:17.537+0000] {processor.py:208} INFO - Processing /usr/local/python/3.12.1/lib/python3.12/site-packages/airflow/example_dags/example_skip_dag.py took 0.066 seconds
[2026-04-13T13:14:22.534+0000] {processor.py:186} INFO - Started process (PID=22011) to work on /usr/local/python/3.12.1/lib/python3.12/site-packages/airflow/example_dags/example_skip_dag.py
[2026-04-13T13:14:22.537+0000] {processor.py:914} INFO - Processing file /usr/local/python/3.12.1/lib/python3.12/site-packages/airflow/example_dags/example_skip_dag.py for tasks to queue
[2026-04-13T13:14:22.542+0000] {logging_mixin.py:190} INFO - [2026-04-13T13:14:22.540+0000] {dagbag.py:588} INFO - Filling up the DagBag from /usr/local/python/3.12.1/lib/python3.12/site-packages/airflow/example_dags/example_skip_dag.py
[2026-04-13T13:14:22.562+0000] {processor.py:925} INFO - DAG(s) 'example_skip_dag' retrieved from /usr/local/python/3.12.1/lib/python3.12/site-packages/airflow/example_dags/example_skip_dag.py
[2026-04-13T13:14:22.589+0000] {logging_mixin.py:190} INFO - [2026-04-13T13:14:22.589+0000] {dag.py:3239} INFO - Sync 1 DAGs
[2026-04-13T13:14:22.615+0000] {logging_mixin.py:190} INFO - [2026-04-13T13:14:22.614+0000] {dag.py:4180} INFO - Setting next_dagrun for example_skip_dag to 2026-04-12 00:00:00+00:00, run_after=2026-04-13 00:00:00+00:00
[2026-04-13T13:14:22.643+0000] {processor.py:208} INFO - Processing /usr/local/python/3.12.1/lib/python3.12/site-packages/airflow/example_dags/example_skip_dag.py took 0.127 seconds
[2026-04-13T13:15:26.667+0000] {processor.py:186} INFO - Started process (PID=22709) to work on /usr/local/python/3.12.1/lib/python3.12/site-packages/airflow/example_dags/example_skip_dag.py
[2026-04-13T13:15:26.668+0000] {processor.py:914} INFO - Processing file /usr/local/python/3.12.1/lib/python3.12/site-packages/airflow/example_dags/example_skip_dag.py for tasks to queue
[2026-04-13T13:15:26.669+0000] {logging_mixin.py:190} INFO - [2026-04-13T13:15:26.669+0000] {dagbag.py:588} INFO - Filling up the DagBag from /usr/local/python/3.12.1/lib/python3.12/site-packages/airflow/example_dags/example_skip_dag.py
[2026-04-13T13:15:26.675+0000] {processor.py:925} INFO - DAG(s) 'example_skip_dag' retrieved from /usr/local/python/3.12.1/lib/python3.12/site-packages/airflow/example_dags/example_skip_dag.py
[2026-04-13T13:15:26.688+0000] {logging_mixin.py:190} INFO - [2026-04-13T13:15:26.688+0000] {dag.py:3239} INFO - Sync 1 DAGs
[2026-04-13T13:15:26.703+0000] {logging_mixin.py:190} INFO - [2026-04-13T13:15:26.703+0000] {dag.py:4180} INFO - Setting next_dagrun for example_skip_dag to 2026-04-12 00:00:00+00:00, run_after=2026-04-13 00:00:00+00:00
[2026-04-13T13:15:26.719+0000] {processor.py:208} INFO - Processing /usr/local/python/3.12.1/lib/python3.12/site-packages/airflow/example_dags/example_skip_dag.py took 0.057 seconds
[2026-04-13T13:16:34.265+0000] {processor.py:186} INFO - Started process (PID=23494) to work on /usr/local/python/3.12.1/lib/python3.12/site-packages/airflow/example_dags/example_skip_dag.py
[2026-04-13T13:16:34.265+0000] {processor.py:914} INFO - Processing file /usr/local/python/3.12.1/lib/python3.12/site-packages/airflow/example_dags/example_skip_dag.py for tasks to queue
[2026-04-13T13:16:34.267+0000] {logging_mixin.py:190} INFO - [2026-04-13T13:16:34.266+0000] {dagbag.py:588} INFO - Filling up the DagBag from /usr/local/python/3.12.1/lib/python3.12/site-packages/airflow/example_dags/example_skip_dag.py
[2026-04-13T13:16:34.273+0000] {processor.py:925} INFO - DAG(s) 'example_skip_dag' retrieved from /usr/local/python/3.12.1/lib/python3.12/site-packages/airflow/example_dags/example_skip_dag.py
[2026-04-13T13:16:34.285+0000] {logging_mixin.py:190} INFO - [2026-04-13T13:16:34.285+0000] {dag.py:3239} INFO - Sync 1 DAGs
[2026-04-13T13:16:34.300+0000] {logging_mixin.py:190} INFO - [2026-04-13T13:16:34.300+0000] {dag.py:4180} INFO - Setting next_dagrun for example_skip_dag to 2026-04-12 00:00:00+00:00, run_after=2026-04-13 00:00:00+00:00
[2026-04-13T13:16:34.315+0000] {processor.py:208} INFO - Processing /usr/local/python/3.12.1/lib/python3.12/site-packages/airflow/example_dags/example_skip_dag.py took 0.055 seconds
[2026-04-13T13:17:45.547+0000] {processor.py:186} INFO - Started process (PID=24624) to work on /usr/local/python/3.12.1/lib/python3.12/site-packages/airflow/example_dags/example_skip_dag.py
[2026-04-13T13:17:45.547+0000] {processor.py:914} INFO - Processing file /usr/local/python/3.12.1/lib/python3.12/site-packages/airflow/example_dags/example_skip_dag.py for tasks to queue
[2026-04-13T13:17:45.549+0000] {logging_mixin.py:190} INFO - [2026-04-13T13:17:45.548+0000] {dagbag.py:588} INFO - Filling up the DagBag from /usr/local/python/3.12.1/lib/python3.12/site-packages/airflow/example_dags/example_skip_dag.py
[2026-04-13T13:17:45.554+0000] {processor.py:925} INFO - DAG(s) 'example_skip_dag' retrieved from /usr/local/python/3.12.1/lib/python3.12/site-packages/airflow/example_dags/example_skip_dag.py
[2026-04-13T13:17:45.567+0000] {logging_mixin.py:190} INFO - [2026-04-13T13:17:45.567+0000] {dag.py:3239} INFO - Sync 1 DAGs
[2026-04-13T13:17:45.581+0000] {logging_mixin.py:190} INFO - [2026-04-13T13:17:45.581+0000] {dag.py:4180} INFO - Setting next_dagrun for example_skip_dag to 2026-04-12 00:00:00+00:00, run_after=2026-04-13 00:00:00+00:00
[2026-04-13T13:17:45.596+0000] {processor.py:208} INFO - Processing /usr/local/python/3.12.1/lib/python3.12/site-packages/airflow/example_dags/example_skip_dag.py took 0.054 seconds
[2026-04-13T13:18:56.547+0000] {processor.py:186} INFO - Started process (PID=25283) to work on /usr/local/python/3.12.1/lib/python3.12/site-packages/airflow/example_dags/example_skip_dag.py
[2026-04-13T13:18:56.548+0000] {processor.py:914} INFO - Processing file /usr/local/python/3.12.1/lib/python3.12/site-packages/airflow/example_dags/example_skip_dag.py for tasks to queue
[2026-04-13T13:18:56.550+0000] {logging_mixin.py:190} INFO - [2026-04-13T13:18:56.549+0000] {dagbag.py:588} INFO - Filling up the DagBag from /usr/local/python/3.12.1/lib/python3.12/site-packages/airflow/example_dags/example_skip_dag.py
[2026-04-13T13:18:56.555+0000] {processor.py:925} INFO - DAG(s) 'example_skip_dag' retrieved from /usr/local/python/3.12.1/lib/python3.12/site-packages/airflow/example_dags/example_skip_dag.py
[2026-04-13T13:18:56.568+0000] {logging_mixin.py:190} INFO - [2026-04-13T13:18:56.568+0000] {dag.py:3239} INFO - Sync 1 DAGs
[2026-04-13T13:18:56.583+0000] {logging_mixin.py:190} INFO - [2026-04-13T13:18:56.583+0000] {dag.py:4180} INFO - Setting next_dagrun for example_skip_dag to 2026-04-12 00:00:00+00:00, run_after=2026-04-13 00:00:00+00:00
[2026-04-13T13:18:56.599+0000] {processor.py:208} INFO - Processing /usr/local/python/3.12.1/lib/python3.12/site-packages/airflow/example_dags/example_skip_dag.py took 0.056 seconds
[2026-04-13T13:19:58.400+0000] {processor.py:186} INFO - Started process (PID=25838) to work on /usr/local/python/3.12.1/lib/python3.12/site-packages/airflow/example_dags/example_skip_dag.py
[2026-04-13T13:19:58.400+0000] {processor.py:914} INFO - Processing file /usr/local/python/3.12.1/lib/python3.12/site-packages/airflow/example_dags/example_skip_dag.py for tasks to queue
[2026-04-13T13:19:58.402+0000] {logging_mixin.py:190} INFO - [2026-04-13T13:19:58.402+0000] {dagbag.py:588} INFO - Filling up the DagBag from /usr/local/python/3.12.1/lib/python3.12/site-packages/airflow/example_dags/example_skip_dag.py
[2026-04-13T13:19:58.408+0000] {processor.py:925} INFO - DAG(s) 'example_skip_dag' retrieved from /usr/local/python/3.12.1/lib/python3.12/site-packages/airflow/example_dags/example_skip_dag.py
[2026-04-13T13:19:58.420+0000] {logging_mixin.py:190} INFO - [2026-04-13T13:19:58.420+0000] {dag.py:3239} INFO - Sync 1 DAGs
[2026-04-13T13:19:58.435+0000] {logging_mixin.py:190} INFO - [2026-04-13T13:19:58.435+0000] {dag.py:4180} INFO - Setting next_dagrun for example_skip_dag to 2026-04-12 00:00:00+00:00, run_after=2026-04-13 00:00:00+00:00
[2026-04-13T13:19:58.451+0000] {processor.py:208} INFO - Processing /usr/local/python/3.12.1/lib/python3.12/site-packages/airflow/example_dags/example_skip_dag.py took 0.055 seconds
[2026-04-13T13:20:59.672+0000] {processor.py:186} INFO - Started process (PID=26374) to work on /usr/local/python/3.12.1/lib/python3.12/site-packages/airflow/example_dags/example_skip_dag.py
[2026-04-13T13:20:59.673+0000] {processor.py:914} INFO - Processing file /usr/local/python/3.12.1/lib/python3.12/site-packages/airflow/example_dags/example_skip_dag.py for tasks to queue
[2026-04-13T13:20:59.675+0000] {logging_mixin.py:190} INFO - [2026-04-13T13:20:59.674+0000] {dagbag.py:588} INFO - Filling up the DagBag from /usr/local/python/3.12.1/lib/python3.12/site-packages/airflow/example_dags/example_skip_dag.py
[2026-04-13T13:20:59.681+0000] {processor.py:925} INFO - DAG(s) 'example_skip_dag' retrieved from /usr/local/python/3.12.1/lib/python3.12/site-packages/airflow/example_dags/example_skip_dag.py
[2026-04-13T13:20:59.695+0000] {logging_mixin.py:190} INFO - [2026-04-13T13:20:59.695+0000] {dag.py:3239} INFO - Sync 1 DAGs
[2026-04-13T13:20:59.709+0000] {logging_mixin.py:190} INFO - [2026-04-13T13:20:59.709+0000] {dag.py:4180} INFO - Setting next_dagrun for example_skip_dag to 2026-04-12 00:00:00+00:00, run_after=2026-04-13 00:00:00+00:00
[2026-04-13T13:20:59.725+0000] {processor.py:208} INFO - Processing /usr/local/python/3.12.1/lib/python3.12/site-packages/airflow/example_dags/example_skip_dag.py took 0.056 seconds
[2026-04-13T13:21:56.872+0000] {processor.py:186} INFO - Started process (PID=26933) to work on /usr/local/python/3.12.1/lib/python3.12/site-packages/airflow/example_dags/example_skip_dag.py
[2026-04-13T13:21:56.872+0000] {processor.py:914} INFO - Processing file /usr/local/python/3.12.1/lib/python3.12/site-packages/airflow/example_dags/example_skip_dag.py for tasks to queue
[2026-04-13T13:21:56.874+0000] {logging_mixin.py:190} INFO - [2026-04-13T13:21:56.874+0000] {dagbag.py:588} INFO - Filling up the DagBag from /usr/local/python/3.12.1/lib/python3.12/site-packages/airflow/example_dags/example_skip_dag.py
[2026-04-13T13:21:56.880+0000] {processor.py:925} INFO - DAG(s) 'example_skip_dag' retrieved from /usr/local/python/3.12.1/lib/python3.12/site-packages/airflow/example_dags/example_skip_dag.py
[2026-04-13T13:21:56.893+0000] {logging_mixin.py:190} INFO - [2026-04-13T13:21:56.892+0000] {dag.py:3239} INFO - Sync 1 DAGs
[2026-04-13T13:21:56.907+0000] {logging_mixin.py:190} INFO - [2026-04-13T13:21:56.907+0000] {dag.py:4180} INFO - Setting next_dagrun for example_skip_dag to 2026-04-12 00:00:00+00:00, run_after=2026-04-13 00:00:00+00:00
[2026-04-13T13:21:56.923+0000] {processor.py:208} INFO - Processing /usr/local/python/3.12.1/lib/python3.12/site-packages/airflow/example_dags/example_skip_dag.py took 0.055 seconds
[2026-04-13T13:22:59.747+0000] {processor.py:186} INFO - Started process (PID=27483) to work on /usr/local/python/3.12.1/lib/python3.12/site-packages/airflow/example_dags/example_skip_dag.py
[2026-04-13T13:22:59.748+0000] {processor.py:914} INFO - Processing file /usr/local/python/3.12.1/lib/python3.12/site-packages/airflow/example_dags/example_skip_dag.py for tasks to queue
[2026-04-13T13:22:59.749+0000] {logging_mixin.py:190} INFO - [2026-04-13T13:22:59.749+0000] {dagbag.py:588} INFO - Filling up the DagBag from /usr/local/python/3.12.1/lib/python3.12/site-packages/airflow/example_dags/example_skip_dag.py
[2026-04-13T13:22:59.755+0000] {processor.py:925} INFO - DAG(s) 'example_skip_dag' retrieved from /usr/local/python/3.12.1/lib/python3.12/site-packages/airflow/example_dags/example_skip_dag.py
[2026-04-13T13:22:59.768+0000] {logging_mixin.py:190} INFO - [2026-04-13T13:22:59.768+0000] {dag.py:3239} INFO - Sync 1 DAGs
[2026-04-13T13:22:59.783+0000] {logging_mixin.py:190} INFO - [2026-04-13T13:22:59.783+0000] {dag.py:4180} INFO - Setting next_dagrun for example_skip_dag to 2026-04-12 00:00:00+00:00, run_after=2026-04-13 00:00:00+00:00
[2026-04-13T13:22:59.798+0000] {processor.py:208} INFO - Processing /usr/local/python/3.12.1/lib/python3.12/site-packages/airflow/example_dags/example_skip_dag.py took 0.056 seconds
[2026-04-13T13:23:59.879+0000] {processor.py:186} INFO - Started process (PID=28025) to work on /usr/local/python/3.12.1/lib/python3.12/site-packages/airflow/example_dags/example_skip_dag.py
[2026-04-13T13:23:59.880+0000] {processor.py:914} INFO - Processing file /usr/local/python/3.12.1/lib/python3.12/site-packages/airflow/example_dags/example_skip_dag.py for tasks to queue
[2026-04-13T13:23:59.881+0000] {logging_mixin.py:190} INFO - [2026-04-13T13:23:59.881+0000] {dagbag.py:588} INFO - Filling up the DagBag from /usr/local/python/3.12.1/lib/python3.12/site-packages/airflow/example_dags/example_skip_dag.py
[2026-04-13T13:23:59.887+0000] {processor.py:925} INFO - DAG(s) 'example_skip_dag' retrieved from /usr/local/python/3.12.1/lib/python3.12/site-packages/airflow/example_dags/example_skip_dag.py
[2026-04-13T13:23:59.900+0000] {logging_mixin.py:190} INFO - [2026-04-13T13:23:59.900+0000] {dag.py:3239} INFO - Sync 1 DAGs
[2026-04-13T13:23:59.919+0000] {logging_mixin.py:190} INFO - [2026-04-13T13:23:59.919+0000] {dag.py:4180} INFO - Setting next_dagrun for example_skip_dag to 2026-04-12 00:00:00+00:00, run_after=2026-04-13 00:00:00+00:00
[2026-04-13T13:23:59.936+0000] {processor.py:208} INFO - Processing /usr/local/python/3.12.1/lib/python3.12/site-packages/airflow/example_dags/example_skip_dag.py took 0.061 seconds
[2026-04-13T13:24:59.522+0000] {processor.py:186} INFO - Started process (PID=28552) to work on /usr/local/python/3.12.1/lib/python3.12/site-packages/airflow/example_dags/example_skip_dag.py
[2026-04-13T13:24:59.523+0000] {processor.py:914} INFO - Processing file /usr/local/python/3.12.1/lib/python3.12/site-packages/airflow/example_dags/example_skip_dag.py for tasks to queue
[2026-04-13T13:24:59.524+0000] {logging_mixin.py:190} INFO - [2026-04-13T13:24:59.524+0000] {dagbag.py:588} INFO - Filling up the DagBag from /usr/local/python/3.12.1/lib/python3.12/site-packages/airflow/example_dags/example_skip_dag.py
[2026-04-13T13:24:59.530+0000] {processor.py:925} INFO - DAG(s) 'example_skip_dag' retrieved from /usr/local/python/3.12.1/lib/python3.12/site-packages/airflow/example_dags/example_skip_dag.py
[2026-04-13T13:24:59.543+0000] {logging_mixin.py:190} INFO - [2026-04-13T13:24:59.543+0000] {dag.py:3239} INFO - Sync 1 DAGs
[2026-04-13T13:24:59.561+0000] {logging_mixin.py:190} INFO - [2026-04-13T13:24:59.561+0000] {dag.py:4180} INFO - Setting next_dagrun for example_skip_dag to 2026-04-12 00:00:00+00:00, run_after=2026-04-13 00:00:00+00:00
[2026-04-13T13:24:59.584+0000] {processor.py:208} INFO - Processing /usr/local/python/3.12.1/lib/python3.12/site-packages/airflow/example_dags/example_skip_dag.py took 0.065 seconds
[2026-04-13T13:26:03.542+0000] {processor.py:186} INFO - Started process (PID=29096) to work on /usr/local/python/3.12.1/lib/python3.12/site-packages/airflow/example_dags/example_skip_dag.py
[2026-04-13T13:26:03.543+0000] {processor.py:914} INFO - Processing file /usr/local/python/3.12.1/lib/python3.12/site-packages/airflow/example_dags/example_skip_dag.py for tasks to queue
[2026-04-13T13:26:03.544+0000] {logging_mixin.py:190} INFO - [2026-04-13T13:26:03.544+0000] {dagbag.py:588} INFO - Filling up the DagBag from /usr/local/python/3.12.1/lib/python3.12/site-packages/airflow/example_dags/example_skip_dag.py
[2026-04-13T13:26:03.550+0000] {processor.py:925} INFO - DAG(s) 'example_skip_dag' retrieved from /usr/local/python/3.12.1/lib/python3.12/site-packages/airflow/example_dags/example_skip_dag.py
[2026-04-13T13:26:03.563+0000] {logging_mixin.py:190} INFO - [2026-04-13T13:26:03.562+0000] {dag.py:3239} INFO - Sync 1 DAGs
[2026-04-13T13:26:03.579+0000] {logging_mixin.py:190} INFO - [2026-04-13T13:26:03.579+0000] {dag.py:4180} INFO - Setting next_dagrun for example_skip_dag to 2026-04-12 00:00:00+00:00, run_after=2026-04-13 00:00:00+00:00
[2026-04-13T13:26:03.595+0000] {processor.py:208} INFO - Processing /usr/local/python/3.12.1/lib/python3.12/site-packages/airflow/example_dags/example_skip_dag.py took 0.056 seconds
[2026-04-13T13:27:00.445+0000] {processor.py:186} INFO - Started process (PID=29666) to work on /usr/local/python/3.12.1/lib/python3.12/site-packages/airflow/example_dags/example_skip_dag.py
[2026-04-13T13:27:00.446+0000] {processor.py:914} INFO - Processing file /usr/local/python/3.12.1/lib/python3.12/site-packages/airflow/example_dags/example_skip_dag.py for tasks to queue
[2026-04-13T13:27:00.447+0000] {logging_mixin.py:190} INFO - [2026-04-13T13:27:00.447+0000] {dagbag.py:588} INFO - Filling up the DagBag from /usr/local/python/3.12.1/lib/python3.12/site-packages/airflow/example_dags/example_skip_dag.py
[2026-04-13T13:27:00.453+0000] {processor.py:925} INFO - DAG(s) 'example_skip_dag' retrieved from /usr/local/python/3.12.1/lib/python3.12/site-packages/airflow/example_dags/example_skip_dag.py
[2026-04-13T13:27:00.466+0000] {logging_mixin.py:190} INFO - [2026-04-13T13:27:00.466+0000] {dag.py:3239} INFO - Sync 1 DAGs
[2026-04-13T13:27:00.481+0000] {logging_mixin.py:190} INFO - [2026-04-13T13:27:00.481+0000] {dag.py:4180} INFO - Setting next_dagrun for example_skip_dag to 2026-04-12 00:00:00+00:00, run_after=2026-04-13 00:00:00+00:00
[2026-04-13T13:27:00.498+0000] {processor.py:208} INFO - Processing /usr/local/python/3.12.1/lib/python3.12/site-packages/airflow/example_dags/example_skip_dag.py took 0.057 seconds
[2026-04-13T13:27:58.907+0000] {processor.py:186} INFO - Started process (PID=30161) to work on /usr/local/python/3.12.1/lib/python3.12/site-packages/airflow/example_dags/example_skip_dag.py
[2026-04-13T13:27:58.908+0000] {processor.py:914} INFO - Processing file /usr/local/python/3.12.1/lib/python3.12/site-packages/airflow/example_dags/example_skip_dag.py for tasks to queue
[2026-04-13T13:27:58.909+0000] {logging_mixin.py:190} INFO - [2026-04-13T13:27:58.909+0000] {dagbag.py:588} INFO - Filling up the DagBag from /usr/local/python/3.12.1/lib/python3.12/site-packages/airflow/example_dags/example_skip_dag.py
[2026-04-13T13:27:58.915+0000] {processor.py:925} INFO - DAG(s) 'example_skip_dag' retrieved from /usr/local/python/3.12.1/lib/python3.12/site-packages/airflow/example_dags/example_skip_dag.py
[2026-04-13T13:27:58.928+0000] {logging_mixin.py:190} INFO - [2026-04-13T13:27:58.928+0000] {dag.py:3239} INFO - Sync 1 DAGs
[2026-04-13T13:27:58.944+0000] {logging_mixin.py:190} INFO - [2026-04-13T13:27:58.944+0000] {dag.py:4180} INFO - Setting next_dagrun for example_skip_dag to 2026-04-12 00:00:00+00:00, run_after=2026-04-13 00:00:00+00:00
[2026-04-13T13:27:58.968+0000] {processor.py:208} INFO - Processing /usr/local/python/3.12.1/lib/python3.12/site-packages/airflow/example_dags/example_skip_dag.py took 0.064 seconds
[2026-04-13T13:28:59.530+0000] {processor.py:186} INFO - Started process (PID=30693) to work on /usr/local/python/3.12.1/lib/python3.12/site-packages/airflow/example_dags/example_skip_dag.py
[2026-04-13T13:28:59.530+0000] {processor.py:914} INFO - Processing file /usr/local/python/3.12.1/lib/python3.12/site-packages/airflow/example_dags/example_skip_dag.py for tasks to queue
[2026-04-13T13:28:59.532+0000] {logging_mixin.py:190} INFO - [2026-04-13T13:28:59.531+0000] {dagbag.py:588} INFO - Filling up the DagBag from /usr/local/python/3.12.1/lib/python3.12/site-packages/airflow/example_dags/example_skip_dag.py
[2026-04-13T13:28:59.538+0000] {processor.py:925} INFO - DAG(s) 'example_skip_dag' retrieved from /usr/local/python/3.12.1/lib/python3.12/site-packages/airflow/example_dags/example_skip_dag.py
[2026-04-13T13:28:59.551+0000] {logging_mixin.py:190} INFO - [2026-04-13T13:28:59.550+0000] {dag.py:3239} INFO - Sync 1 DAGs
[2026-04-13T13:28:59.566+0000] {logging_mixin.py:190} INFO - [2026-04-13T13:28:59.566+0000] {dag.py:4180} INFO - Setting next_dagrun for example_skip_dag to 2026-04-12 00:00:00+00:00, run_after=2026-04-13 00:00:00+00:00
[2026-04-13T13:28:59.582+0000] {processor.py:208} INFO - Processing /usr/local/python/3.12.1/lib/python3.12/site-packages/airflow/example_dags/example_skip_dag.py took 0.056 seconds
[2026-04-13T13:29:59.173+0000] {processor.py:186} INFO - Started process (PID=31215) to work on /usr/local/python/3.12.1/lib/python3.12/site-packages/airflow/example_dags/example_skip_dag.py
[2026-04-13T13:29:59.174+0000] {processor.py:914} INFO - Processing file /usr/local/python/3.12.1/lib/python3.12/site-packages/airflow/example_dags/example_skip_dag.py for tasks to queue
[2026-04-13T13:29:59.175+0000] {logging_mixin.py:190} INFO - [2026-04-13T13:29:59.175+0000] {dagbag.py:588} INFO - Filling up the DagBag from /usr/local/python/3.12.1/lib/python3.12/site-packages/airflow/example_dags/example_skip_dag.py
[2026-04-13T13:29:59.181+0000] {processor.py:925} INFO - DAG(s) 'example_skip_dag' retrieved from /usr/local/python/3.12.1/lib/python3.12/site-packages/airflow/example_dags/example_skip_dag.py
[2026-04-13T13:29:59.195+0000] {logging_mixin.py:190} INFO - [2026-04-13T13:29:59.195+0000] {dag.py:3239} INFO - Sync 1 DAGs
[2026-04-13T13:29:59.210+0000] {logging_mixin.py:190} INFO - [2026-04-13T13:29:59.210+0000] {dag.py:4180} INFO - Setting next_dagrun for example_skip_dag to 2026-04-12 00:00:00+00:00, run_after=2026-04-13 00:00:00+00:00
[2026-04-13T13:29:59.225+0000] {processor.py:208} INFO - Processing /usr/local/python/3.12.1/lib/python3.12/site-packages/airflow/example_dags/example_skip_dag.py took 0.056 seconds
[2026-04-13T13:31:01.121+0000] {processor.py:186} INFO - Started process (PID=31751) to work on /usr/local/python/3.12.1/lib/python3.12/site-packages/airflow/example_dags/example_skip_dag.py
[2026-04-13T13:31:01.122+0000] {processor.py:914} INFO - Processing file /usr/local/python/3.12.1/lib/python3.12/site-packages/airflow/example_dags/example_skip_dag.py for tasks to queue
[2026-04-13T13:31:01.123+0000] {logging_mixin.py:190} INFO - [2026-04-13T13:31:01.123+0000] {dagbag.py:588} INFO - Filling up the DagBag from /usr/local/python/3.12.1/lib/python3.12/site-packages/airflow/example_dags/example_skip_dag.py
[2026-04-13T13:31:01.129+0000] {processor.py:925} INFO - DAG(s) 'example_skip_dag' retrieved from /usr/local/python/3.12.1/lib/python3.12/site-packages/airflow/example_dags/example_skip_dag.py
[2026-04-13T13:31:01.142+0000] {logging_mixin.py:190} INFO - [2026-04-13T13:31:01.142+0000] {dag.py:3239} INFO - Sync 1 DAGs
[2026-04-13T13:31:01.157+0000] {logging_mixin.py:190} INFO - [2026-04-13T13:31:01.157+0000] {dag.py:4180} INFO - Setting next_dagrun for example_skip_dag to 2026-04-12 00:00:00+00:00, run_after=2026-04-13 00:00:00+00:00
[2026-04-13T13:31:01.174+0000] {processor.py:208} INFO - Processing /usr/local/python/3.12.1/lib/python3.12/site-packages/airflow/example_dags/example_skip_dag.py took 0.057 seconds
[2026-04-13T13:31:59.244+0000] {processor.py:186} INFO - Started process (PID=32326) to work on /usr/local/python/3.12.1/lib/python3.12/site-packages/airflow/example_dags/example_skip_dag.py
[2026-04-13T13:31:59.244+0000] {processor.py:914} INFO - Processing file /usr/local/python/3.12.1/lib/python3.12/site-packages/airflow/example_dags/example_skip_dag.py for tasks to queue
[2026-04-13T13:31:59.246+0000] {logging_mixin.py:190} INFO - [2026-04-13T13:31:59.245+0000] {dagbag.py:588} INFO - Filling up the DagBag from /usr/local/python/3.12.1/lib/python3.12/site-packages/airflow/example_dags/example_skip_dag.py
[2026-04-13T13:31:59.252+0000] {processor.py:925} INFO - DAG(s) 'example_skip_dag' retrieved from /usr/local/python/3.12.1/lib/python3.12/site-packages/airflow/example_dags/example_skip_dag.py
[2026-04-13T13:31:59.264+0000] {logging_mixin.py:190} INFO - [2026-04-13T13:31:59.264+0000] {dag.py:3239} INFO - Sync 1 DAGs
[2026-04-13T13:31:59.281+0000] {logging_mixin.py:190} INFO - [2026-04-13T13:31:59.281+0000] {dag.py:4180} INFO - Setting next_dagrun for example_skip_dag to 2026-04-12 00:00:00+00:00, run_after=2026-04-13 00:00:00+00:00
[2026-04-13T13:31:59.296+0000] {processor.py:208} INFO - Processing /usr/local/python/3.12.1/lib/python3.12/site-packages/airflow/example_dags/example_skip_dag.py took 0.057 seconds
[2026-04-13T13:32:56.429+0000] {processor.py:186} INFO - Started process (PID=32841) to work on /usr/local/python/3.12.1/lib/python3.12/site-packages/airflow/example_dags/example_skip_dag.py
[2026-04-13T13:32:56.430+0000] {processor.py:914} INFO - Processing file /usr/local/python/3.12.1/lib/python3.12/site-packages/airflow/example_dags/example_skip_dag.py for tasks to queue
[2026-04-13T13:32:56.433+0000] {logging_mixin.py:190} INFO - [2026-04-13T13:32:56.433+0000] {dagbag.py:588} INFO - Filling up the DagBag from /usr/local/python/3.12.1/lib/python3.12/site-packages/airflow/example_dags/example_skip_dag.py
[2026-04-13T13:32:56.441+0000] {processor.py:925} INFO - DAG(s) 'example_skip_dag' retrieved from /usr/local/python/3.12.1/lib/python3.12/site-packages/airflow/example_dags/example_skip_dag.py
[2026-04-13T13:32:56.454+0000] {logging_mixin.py:190} INFO - [2026-04-13T13:32:56.454+0000] {dag.py:3239} INFO - Sync 1 DAGs
[2026-04-13T13:32:56.469+0000] {logging_mixin.py:190} INFO - [2026-04-13T13:32:56.468+0000] {dag.py:4180} INFO - Setting next_dagrun for example_skip_dag to 2026-04-12 00:00:00+00:00, run_after=2026-04-13 00:00:00+00:00
[2026-04-13T13:32:56.485+0000] {processor.py:208} INFO - Processing /usr/local/python/3.12.1/lib/python3.12/site-packages/airflow/example_dags/example_skip_dag.py took 0.064 seconds
[2026-04-13T13:33:59.951+0000] {processor.py:186} INFO - Started process (PID=33386) to work on /usr/local/python/3.12.1/lib/python3.12/site-packages/airflow/example_dags/example_skip_dag.py
[2026-04-13T13:33:59.951+0000] {processor.py:914} INFO - Processing file /usr/local/python/3.12.1/lib/python3.12/site-packages/airflow/example_dags/example_skip_dag.py for tasks to queue
[2026-04-13T13:33:59.953+0000] {logging_mixin.py:190} INFO - [2026-04-13T13:33:59.953+0000] {dagbag.py:588} INFO - Filling up the DagBag from /usr/local/python/3.12.1/lib/python3.12/site-packages/airflow/example_dags/example_skip_dag.py
[2026-04-13T13:33:59.959+0000] {processor.py:925} INFO - DAG(s) 'example_skip_dag' retrieved from /usr/local/python/3.12.1/lib/python3.12/site-packages/airflow/example_dags/example_skip_dag.py
[2026-04-13T13:33:59.972+0000] {logging_mixin.py:190} INFO - [2026-04-13T13:33:59.972+0000] {dag.py:3239} INFO - Sync 1 DAGs
[2026-04-13T13:33:59.987+0000] {logging_mixin.py:190} INFO - [2026-04-13T13:33:59.987+0000] {dag.py:4180} INFO - Setting next_dagrun for example_skip_dag to 2026-04-12 00:00:00+00:00, run_after=2026-04-13 00:00:00+00:00
[2026-04-13T13:34:00.003+0000] {processor.py:208} INFO - Processing /usr/local/python/3.12.1/lib/python3.12/site-packages/airflow/example_dags/example_skip_dag.py took 0.056 seconds
[2026-04-13T13:35:08.204+0000] {processor.py:186} INFO - Started process (PID=34188) to work on /usr/local/python/3.12.1/lib/python3.12/site-packages/airflow/example_dags/example_skip_dag.py
[2026-04-13T13:35:08.204+0000] {processor.py:914} INFO - Processing file /usr/local/python/3.12.1/lib/python3.12/site-packages/airflow/example_dags/example_skip_dag.py for tasks to queue
[2026-04-13T13:35:08.206+0000] {logging_mixin.py:190} INFO - [2026-04-13T13:35:08.205+0000] {dagbag.py:588} INFO - Filling up the DagBag from /usr/local/python/3.12.1/lib/python3.12/site-packages/airflow/example_dags/example_skip_dag.py
[2026-04-13T13:35:08.212+0000] {processor.py:925} INFO - DAG(s) 'example_skip_dag' retrieved from /usr/local/python/3.12.1/lib/python3.12/site-packages/airflow/example_dags/example_skip_dag.py
[2026-04-13T13:35:08.225+0000] {logging_mixin.py:190} INFO - [2026-04-13T13:35:08.224+0000] {dag.py:3239} INFO - Sync 1 DAGs
[2026-04-13T13:35:08.240+0000] {logging_mixin.py:190} INFO - [2026-04-13T13:35:08.240+0000] {dag.py:4180} INFO - Setting next_dagrun for example_skip_dag to 2026-04-12 00:00:00+00:00, run_after=2026-04-13 00:00:00+00:00
[2026-04-13T13:35:08.256+0000] {processor.py:208} INFO - Processing /usr/local/python/3.12.1/lib/python3.12/site-packages/airflow/example_dags/example_skip_dag.py took 0.056 seconds
[2026-04-13T13:36:16.033+0000] {processor.py:186} INFO - Started process (PID=35083) to work on /usr/local/python/3.12.1/lib/python3.12/site-packages/airflow/example_dags/example_skip_dag.py
[2026-04-13T13:36:16.034+0000] {processor.py:914} INFO - Processing file /usr/local/python/3.12.1/lib/python3.12/site-packages/airflow/example_dags/example_skip_dag.py for tasks to queue
[2026-04-13T13:36:16.035+0000] {logging_mixin.py:190} INFO - [2026-04-13T13:36:16.035+0000] {dagbag.py:588} INFO - Filling up the DagBag from /usr/local/python/3.12.1/lib/python3.12/site-packages/airflow/example_dags/example_skip_dag.py
[2026-04-13T13:36:16.041+0000] {processor.py:925} INFO - DAG(s) 'example_skip_dag' retrieved from /usr/local/python/3.12.1/lib/python3.12/site-packages/airflow/example_dags/example_skip_dag.py
[2026-04-13T13:36:16.055+0000] {logging_mixin.py:190} INFO - [2026-04-13T13:36:16.054+0000] {dag.py:3239} INFO - Sync 1 DAGs
[2026-04-13T13:36:16.069+0000] {logging_mixin.py:190} INFO - [2026-04-13T13:36:16.069+0000] {dag.py:4180} INFO - Setting next_dagrun for example_skip_dag to 2026-04-12 00:00:00+00:00, run_after=2026-04-13 00:00:00+00:00
[2026-04-13T13:36:16.085+0000] {processor.py:208} INFO - Processing /usr/local/python/3.12.1/lib/python3.12/site-packages/airflow/example_dags/example_skip_dag.py took 0.056 seconds
