[2026-04-13T13:07:24.557+0000] {processor.py:186} INFO - Started process (PID=16926) to work on /usr/local/python/3.12.1/lib/python3.12/site-packages/airflow/example_dags/example_dataset_alias.py
[2026-04-13T13:07:24.557+0000] {processor.py:914} INFO - Processing file /usr/local/python/3.12.1/lib/python3.12/site-packages/airflow/example_dags/example_dataset_alias.py for tasks to queue
[2026-04-13T13:07:24.559+0000] {logging_mixin.py:190} INFO - [2026-04-13T13:07:24.559+0000] {dagbag.py:588} INFO - Filling up the DagBag from /usr/local/python/3.12.1/lib/python3.12/site-packages/airflow/example_dags/example_dataset_alias.py
[2026-04-13T13:07:24.641+0000] {logging_mixin.py:190} INFO - [2026-04-13T13:07:24.641+0000] {providers_manager.py:287} INFO - Optional provider feature disabled when importing 'airflow.providers.amazon.aws.assets.s3.sanitize_uri' from 'apache-airflow-providers-amazon' package
[2026-04-13T13:07:24.641+0000] {logging_mixin.py:190} INFO - [2026-04-13T13:07:24.641+0000] {providers_manager.py:287} INFO - Optional provider feature disabled when importing 'airflow.providers.amazon.aws.assets.s3.create_asset' from 'apache-airflow-providers-amazon' package
[2026-04-13T13:07:24.642+0000] {logging_mixin.py:190} INFO - [2026-04-13T13:07:24.642+0000] {providers_manager.py:287} INFO - Optional provider feature disabled when importing 'airflow.providers.amazon.aws.assets.s3.convert_asset_to_openlineage' from 'apache-airflow-providers-amazon' package
[2026-04-13T13:07:24.659+0000] {processor.py:925} INFO - DAG(s) 'dataset_s3_bucket_producer', 'dataset_s3_bucket_consumer', 'dataset_alias_example_alias_consumer', 'dataset_alias_example_alias_producer' retrieved from /usr/local/python/3.12.1/lib/python3.12/site-packages/airflow/example_dags/example_dataset_alias.py
[2026-04-13T13:07:24.678+0000] {logging_mixin.py:190} INFO - [2026-04-13T13:07:24.678+0000] {dag.py:3239} INFO - Sync 4 DAGs
[2026-04-13T13:07:24.717+0000] {logging_mixin.py:190} INFO - [2026-04-13T13:07:24.717+0000] {dag.py:4180} INFO - Setting next_dagrun for dataset_alias_example_alias_consumer to None, run_after=None
[2026-04-13T13:07:24.720+0000] {logging_mixin.py:190} INFO - [2026-04-13T13:07:24.719+0000] {dag.py:4180} INFO - Setting next_dagrun for dataset_alias_example_alias_producer to None, run_after=None
[2026-04-13T13:07:24.721+0000] {logging_mixin.py:190} INFO - [2026-04-13T13:07:24.720+0000] {dag.py:4180} INFO - Setting next_dagrun for dataset_s3_bucket_consumer to None, run_after=None
[2026-04-13T13:07:24.722+0000] {logging_mixin.py:190} INFO - [2026-04-13T13:07:24.722+0000] {dag.py:4180} INFO - Setting next_dagrun for dataset_s3_bucket_producer to None, run_after=None
[2026-04-13T13:07:24.752+0000] {processor.py:208} INFO - Processing /usr/local/python/3.12.1/lib/python3.12/site-packages/airflow/example_dags/example_dataset_alias.py took 0.200 seconds
[2026-04-13T13:08:25.461+0000] {processor.py:186} INFO - Started process (PID=17719) to work on /usr/local/python/3.12.1/lib/python3.12/site-packages/airflow/example_dags/example_dataset_alias.py
[2026-04-13T13:08:25.461+0000] {processor.py:914} INFO - Processing file /usr/local/python/3.12.1/lib/python3.12/site-packages/airflow/example_dags/example_dataset_alias.py for tasks to queue
[2026-04-13T13:08:25.463+0000] {logging_mixin.py:190} INFO - [2026-04-13T13:08:25.463+0000] {dagbag.py:588} INFO - Filling up the DagBag from /usr/local/python/3.12.1/lib/python3.12/site-packages/airflow/example_dags/example_dataset_alias.py
[2026-04-13T13:08:25.545+0000] {logging_mixin.py:190} INFO - [2026-04-13T13:08:25.545+0000] {providers_manager.py:287} INFO - Optional provider feature disabled when importing 'airflow.providers.amazon.aws.assets.s3.sanitize_uri' from 'apache-airflow-providers-amazon' package
[2026-04-13T13:08:25.546+0000] {logging_mixin.py:190} INFO - [2026-04-13T13:08:25.546+0000] {providers_manager.py:287} INFO - Optional provider feature disabled when importing 'airflow.providers.amazon.aws.assets.s3.create_asset' from 'apache-airflow-providers-amazon' package
[2026-04-13T13:08:25.546+0000] {logging_mixin.py:190} INFO - [2026-04-13T13:08:25.546+0000] {providers_manager.py:287} INFO - Optional provider feature disabled when importing 'airflow.providers.amazon.aws.assets.s3.convert_asset_to_openlineage' from 'apache-airflow-providers-amazon' package
[2026-04-13T13:08:25.562+0000] {processor.py:925} INFO - DAG(s) 'dataset_alias_example_alias_producer', 'dataset_s3_bucket_consumer', 'dataset_s3_bucket_producer', 'dataset_alias_example_alias_consumer' retrieved from /usr/local/python/3.12.1/lib/python3.12/site-packages/airflow/example_dags/example_dataset_alias.py
[2026-04-13T13:08:25.576+0000] {logging_mixin.py:190} INFO - [2026-04-13T13:08:25.576+0000] {dag.py:3239} INFO - Sync 4 DAGs
[2026-04-13T13:08:25.593+0000] {logging_mixin.py:190} INFO - [2026-04-13T13:08:25.592+0000] {dag.py:4180} INFO - Setting next_dagrun for dataset_alias_example_alias_consumer to None, run_after=None
[2026-04-13T13:08:25.595+0000] {logging_mixin.py:190} INFO - [2026-04-13T13:08:25.595+0000] {dag.py:4180} INFO - Setting next_dagrun for dataset_alias_example_alias_producer to None, run_after=None
[2026-04-13T13:08:25.596+0000] {logging_mixin.py:190} INFO - [2026-04-13T13:08:25.596+0000] {dag.py:4180} INFO - Setting next_dagrun for dataset_s3_bucket_consumer to None, run_after=None
[2026-04-13T13:08:25.597+0000] {logging_mixin.py:190} INFO - [2026-04-13T13:08:25.597+0000] {dag.py:4180} INFO - Setting next_dagrun for dataset_s3_bucket_producer to None, run_after=None
[2026-04-13T13:08:25.616+0000] {processor.py:208} INFO - Processing /usr/local/python/3.12.1/lib/python3.12/site-packages/airflow/example_dags/example_dataset_alias.py took 0.159 seconds
[2026-04-13T13:09:30.070+0000] {processor.py:186} INFO - Started process (PID=18884) to work on /usr/local/python/3.12.1/lib/python3.12/site-packages/airflow/example_dags/example_dataset_alias.py
[2026-04-13T13:09:30.070+0000] {processor.py:914} INFO - Processing file /usr/local/python/3.12.1/lib/python3.12/site-packages/airflow/example_dags/example_dataset_alias.py for tasks to queue
[2026-04-13T13:09:30.072+0000] {logging_mixin.py:190} INFO - [2026-04-13T13:09:30.072+0000] {dagbag.py:588} INFO - Filling up the DagBag from /usr/local/python/3.12.1/lib/python3.12/site-packages/airflow/example_dags/example_dataset_alias.py
[2026-04-13T13:09:30.156+0000] {logging_mixin.py:190} INFO - [2026-04-13T13:09:30.156+0000] {providers_manager.py:287} INFO - Optional provider feature disabled when importing 'airflow.providers.amazon.aws.assets.s3.sanitize_uri' from 'apache-airflow-providers-amazon' package
[2026-04-13T13:09:30.156+0000] {logging_mixin.py:190} INFO - [2026-04-13T13:09:30.156+0000] {providers_manager.py:287} INFO - Optional provider feature disabled when importing 'airflow.providers.amazon.aws.assets.s3.create_asset' from 'apache-airflow-providers-amazon' package
[2026-04-13T13:09:30.157+0000] {logging_mixin.py:190} INFO - [2026-04-13T13:09:30.157+0000] {providers_manager.py:287} INFO - Optional provider feature disabled when importing 'airflow.providers.amazon.aws.assets.s3.convert_asset_to_openlineage' from 'apache-airflow-providers-amazon' package
[2026-04-13T13:09:30.173+0000] {processor.py:925} INFO - DAG(s) 'dataset_alias_example_alias_producer', 'dataset_s3_bucket_consumer', 'dataset_alias_example_alias_consumer', 'dataset_s3_bucket_producer' retrieved from /usr/local/python/3.12.1/lib/python3.12/site-packages/airflow/example_dags/example_dataset_alias.py
[2026-04-13T13:09:30.188+0000] {logging_mixin.py:190} INFO - [2026-04-13T13:09:30.188+0000] {dag.py:3239} INFO - Sync 4 DAGs
[2026-04-13T13:09:30.206+0000] {logging_mixin.py:190} INFO - [2026-04-13T13:09:30.205+0000] {dag.py:4180} INFO - Setting next_dagrun for dataset_alias_example_alias_consumer to None, run_after=None
[2026-04-13T13:09:30.207+0000] {logging_mixin.py:190} INFO - [2026-04-13T13:09:30.207+0000] {dag.py:4180} INFO - Setting next_dagrun for dataset_alias_example_alias_producer to None, run_after=None
[2026-04-13T13:09:30.208+0000] {logging_mixin.py:190} INFO - [2026-04-13T13:09:30.208+0000] {dag.py:4180} INFO - Setting next_dagrun for dataset_s3_bucket_consumer to None, run_after=None
[2026-04-13T13:09:30.209+0000] {logging_mixin.py:190} INFO - [2026-04-13T13:09:30.208+0000] {dag.py:4180} INFO - Setting next_dagrun for dataset_s3_bucket_producer to None, run_after=None
[2026-04-13T13:09:30.226+0000] {processor.py:208} INFO - Processing /usr/local/python/3.12.1/lib/python3.12/site-packages/airflow/example_dags/example_dataset_alias.py took 0.161 seconds
[2026-04-13T13:10:37.841+0000] {processor.py:186} INFO - Started process (PID=19852) to work on /usr/local/python/3.12.1/lib/python3.12/site-packages/airflow/example_dags/example_dataset_alias.py
[2026-04-13T13:10:37.841+0000] {processor.py:914} INFO - Processing file /usr/local/python/3.12.1/lib/python3.12/site-packages/airflow/example_dags/example_dataset_alias.py for tasks to queue
[2026-04-13T13:10:37.843+0000] {logging_mixin.py:190} INFO - [2026-04-13T13:10:37.842+0000] {dagbag.py:588} INFO - Filling up the DagBag from /usr/local/python/3.12.1/lib/python3.12/site-packages/airflow/example_dags/example_dataset_alias.py
[2026-04-13T13:10:37.965+0000] {logging_mixin.py:190} INFO - [2026-04-13T13:10:37.964+0000] {providers_manager.py:287} INFO - Optional provider feature disabled when importing 'airflow.providers.amazon.aws.assets.s3.sanitize_uri' from 'apache-airflow-providers-amazon' package
[2026-04-13T13:10:37.965+0000] {logging_mixin.py:190} INFO - [2026-04-13T13:10:37.965+0000] {providers_manager.py:287} INFO - Optional provider feature disabled when importing 'airflow.providers.amazon.aws.assets.s3.create_asset' from 'apache-airflow-providers-amazon' package
[2026-04-13T13:10:37.966+0000] {logging_mixin.py:190} INFO - [2026-04-13T13:10:37.965+0000] {providers_manager.py:287} INFO - Optional provider feature disabled when importing 'airflow.providers.amazon.aws.assets.s3.convert_asset_to_openlineage' from 'apache-airflow-providers-amazon' package
[2026-04-13T13:10:37.980+0000] {processor.py:925} INFO - DAG(s) 'dataset_s3_bucket_producer', 'dataset_alias_example_alias_consumer', 'dataset_alias_example_alias_producer', 'dataset_s3_bucket_consumer' retrieved from /usr/local/python/3.12.1/lib/python3.12/site-packages/airflow/example_dags/example_dataset_alias.py
[2026-04-13T13:10:37.995+0000] {logging_mixin.py:190} INFO - [2026-04-13T13:10:37.995+0000] {dag.py:3239} INFO - Sync 4 DAGs
[2026-04-13T13:10:38.010+0000] {logging_mixin.py:190} INFO - [2026-04-13T13:10:38.010+0000] {dag.py:4180} INFO - Setting next_dagrun for dataset_alias_example_alias_consumer to None, run_after=None
[2026-04-13T13:10:38.012+0000] {logging_mixin.py:190} INFO - [2026-04-13T13:10:38.011+0000] {dag.py:4180} INFO - Setting next_dagrun for dataset_alias_example_alias_producer to None, run_after=None
[2026-04-13T13:10:38.012+0000] {logging_mixin.py:190} INFO - [2026-04-13T13:10:38.012+0000] {dag.py:4180} INFO - Setting next_dagrun for dataset_s3_bucket_consumer to None, run_after=None
[2026-04-13T13:10:38.013+0000] {logging_mixin.py:190} INFO - [2026-04-13T13:10:38.013+0000] {dag.py:4180} INFO - Setting next_dagrun for dataset_s3_bucket_producer to None, run_after=None
[2026-04-13T13:10:38.031+0000] {processor.py:208} INFO - Processing /usr/local/python/3.12.1/lib/python3.12/site-packages/airflow/example_dags/example_dataset_alias.py took 0.194 seconds
[2026-04-13T13:11:36.213+0000] {processor.py:186} INFO - Started process (PID=20319) to work on /usr/local/python/3.12.1/lib/python3.12/site-packages/airflow/example_dags/example_dataset_alias.py
[2026-04-13T13:11:36.214+0000] {processor.py:914} INFO - Processing file /usr/local/python/3.12.1/lib/python3.12/site-packages/airflow/example_dags/example_dataset_alias.py for tasks to queue
[2026-04-13T13:11:36.215+0000] {logging_mixin.py:190} INFO - [2026-04-13T13:11:36.215+0000] {dagbag.py:588} INFO - Filling up the DagBag from /usr/local/python/3.12.1/lib/python3.12/site-packages/airflow/example_dags/example_dataset_alias.py
[2026-04-13T13:11:36.299+0000] {logging_mixin.py:190} INFO - [2026-04-13T13:11:36.299+0000] {providers_manager.py:287} INFO - Optional provider feature disabled when importing 'airflow.providers.amazon.aws.assets.s3.sanitize_uri' from 'apache-airflow-providers-amazon' package
[2026-04-13T13:11:36.300+0000] {logging_mixin.py:190} INFO - [2026-04-13T13:11:36.300+0000] {providers_manager.py:287} INFO - Optional provider feature disabled when importing 'airflow.providers.amazon.aws.assets.s3.create_asset' from 'apache-airflow-providers-amazon' package
[2026-04-13T13:11:36.300+0000] {logging_mixin.py:190} INFO - [2026-04-13T13:11:36.300+0000] {providers_manager.py:287} INFO - Optional provider feature disabled when importing 'airflow.providers.amazon.aws.assets.s3.convert_asset_to_openlineage' from 'apache-airflow-providers-amazon' package
[2026-04-13T13:11:36.315+0000] {processor.py:925} INFO - DAG(s) 'dataset_s3_bucket_consumer', 'dataset_alias_example_alias_producer', 'dataset_alias_example_alias_consumer', 'dataset_s3_bucket_producer' retrieved from /usr/local/python/3.12.1/lib/python3.12/site-packages/airflow/example_dags/example_dataset_alias.py
[2026-04-13T13:11:36.330+0000] {logging_mixin.py:190} INFO - [2026-04-13T13:11:36.330+0000] {dag.py:3239} INFO - Sync 4 DAGs
[2026-04-13T13:11:36.345+0000] {logging_mixin.py:190} INFO - [2026-04-13T13:11:36.345+0000] {dag.py:4180} INFO - Setting next_dagrun for dataset_alias_example_alias_consumer to None, run_after=None
[2026-04-13T13:11:36.347+0000] {logging_mixin.py:190} INFO - [2026-04-13T13:11:36.346+0000] {dag.py:4180} INFO - Setting next_dagrun for dataset_alias_example_alias_producer to None, run_after=None
[2026-04-13T13:11:36.347+0000] {logging_mixin.py:190} INFO - [2026-04-13T13:11:36.347+0000] {dag.py:4180} INFO - Setting next_dagrun for dataset_s3_bucket_consumer to None, run_after=None
[2026-04-13T13:11:36.348+0000] {logging_mixin.py:190} INFO - [2026-04-13T13:11:36.348+0000] {dag.py:4180} INFO - Setting next_dagrun for dataset_s3_bucket_producer to None, run_after=None
[2026-04-13T13:11:36.366+0000] {processor.py:208} INFO - Processing /usr/local/python/3.12.1/lib/python3.12/site-packages/airflow/example_dags/example_dataset_alias.py took 0.157 seconds
[2026-04-13T13:12:39.524+0000] {processor.py:186} INFO - Started process (PID=21021) to work on /usr/local/python/3.12.1/lib/python3.12/site-packages/airflow/example_dags/example_dataset_alias.py
[2026-04-13T13:12:39.524+0000] {processor.py:914} INFO - Processing file /usr/local/python/3.12.1/lib/python3.12/site-packages/airflow/example_dags/example_dataset_alias.py for tasks to queue
[2026-04-13T13:12:39.526+0000] {logging_mixin.py:190} INFO - [2026-04-13T13:12:39.526+0000] {dagbag.py:588} INFO - Filling up the DagBag from /usr/local/python/3.12.1/lib/python3.12/site-packages/airflow/example_dags/example_dataset_alias.py
[2026-04-13T13:12:39.657+0000] {logging_mixin.py:190} INFO - [2026-04-13T13:12:39.656+0000] {providers_manager.py:287} INFO - Optional provider feature disabled when importing 'airflow.providers.amazon.aws.assets.s3.sanitize_uri' from 'apache-airflow-providers-amazon' package
[2026-04-13T13:12:39.657+0000] {logging_mixin.py:190} INFO - [2026-04-13T13:12:39.657+0000] {providers_manager.py:287} INFO - Optional provider feature disabled when importing 'airflow.providers.amazon.aws.assets.s3.create_asset' from 'apache-airflow-providers-amazon' package
[2026-04-13T13:12:39.658+0000] {logging_mixin.py:190} INFO - [2026-04-13T13:12:39.658+0000] {providers_manager.py:287} INFO - Optional provider feature disabled when importing 'airflow.providers.amazon.aws.assets.s3.convert_asset_to_openlineage' from 'apache-airflow-providers-amazon' package
[2026-04-13T13:12:39.672+0000] {processor.py:925} INFO - DAG(s) 'dataset_alias_example_alias_consumer', 'dataset_alias_example_alias_producer', 'dataset_s3_bucket_consumer', 'dataset_s3_bucket_producer' retrieved from /usr/local/python/3.12.1/lib/python3.12/site-packages/airflow/example_dags/example_dataset_alias.py
[2026-04-13T13:12:39.691+0000] {logging_mixin.py:190} INFO - [2026-04-13T13:12:39.691+0000] {dag.py:3239} INFO - Sync 4 DAGs
[2026-04-13T13:12:39.713+0000] {logging_mixin.py:190} INFO - [2026-04-13T13:12:39.713+0000] {dag.py:4180} INFO - Setting next_dagrun for dataset_alias_example_alias_consumer to None, run_after=None
[2026-04-13T13:12:39.715+0000] {logging_mixin.py:190} INFO - [2026-04-13T13:12:39.715+0000] {dag.py:4180} INFO - Setting next_dagrun for dataset_alias_example_alias_producer to None, run_after=None
[2026-04-13T13:12:39.718+0000] {logging_mixin.py:190} INFO - [2026-04-13T13:12:39.718+0000] {dag.py:4180} INFO - Setting next_dagrun for dataset_s3_bucket_consumer to None, run_after=None
[2026-04-13T13:12:39.720+0000] {logging_mixin.py:190} INFO - [2026-04-13T13:12:39.719+0000] {dag.py:4180} INFO - Setting next_dagrun for dataset_s3_bucket_producer to None, run_after=None
[2026-04-13T13:12:39.807+0000] {processor.py:208} INFO - Processing /usr/local/python/3.12.1/lib/python3.12/site-packages/airflow/example_dags/example_dataset_alias.py took 0.296 seconds
[2026-04-13T13:13:42.424+0000] {processor.py:186} INFO - Started process (PID=21707) to work on /usr/local/python/3.12.1/lib/python3.12/site-packages/airflow/example_dags/example_dataset_alias.py
[2026-04-13T13:13:42.425+0000] {processor.py:914} INFO - Processing file /usr/local/python/3.12.1/lib/python3.12/site-packages/airflow/example_dags/example_dataset_alias.py for tasks to queue
[2026-04-13T13:13:42.426+0000] {logging_mixin.py:190} INFO - [2026-04-13T13:13:42.426+0000] {dagbag.py:588} INFO - Filling up the DagBag from /usr/local/python/3.12.1/lib/python3.12/site-packages/airflow/example_dags/example_dataset_alias.py
[2026-04-13T13:13:42.509+0000] {logging_mixin.py:190} INFO - [2026-04-13T13:13:42.509+0000] {providers_manager.py:287} INFO - Optional provider feature disabled when importing 'airflow.providers.amazon.aws.assets.s3.sanitize_uri' from 'apache-airflow-providers-amazon' package
[2026-04-13T13:13:42.510+0000] {logging_mixin.py:190} INFO - [2026-04-13T13:13:42.510+0000] {providers_manager.py:287} INFO - Optional provider feature disabled when importing 'airflow.providers.amazon.aws.assets.s3.create_asset' from 'apache-airflow-providers-amazon' package
[2026-04-13T13:13:42.510+0000] {logging_mixin.py:190} INFO - [2026-04-13T13:13:42.510+0000] {providers_manager.py:287} INFO - Optional provider feature disabled when importing 'airflow.providers.amazon.aws.assets.s3.convert_asset_to_openlineage' from 'apache-airflow-providers-amazon' package
[2026-04-13T13:13:42.526+0000] {processor.py:925} INFO - DAG(s) 'dataset_s3_bucket_producer', 'dataset_s3_bucket_consumer', 'dataset_alias_example_alias_consumer', 'dataset_alias_example_alias_producer' retrieved from /usr/local/python/3.12.1/lib/python3.12/site-packages/airflow/example_dags/example_dataset_alias.py
[2026-04-13T13:13:42.540+0000] {logging_mixin.py:190} INFO - [2026-04-13T13:13:42.540+0000] {dag.py:3239} INFO - Sync 4 DAGs
[2026-04-13T13:13:42.554+0000] {logging_mixin.py:190} INFO - [2026-04-13T13:13:42.554+0000] {dag.py:4180} INFO - Setting next_dagrun for dataset_alias_example_alias_consumer to None, run_after=None
[2026-04-13T13:13:42.556+0000] {logging_mixin.py:190} INFO - [2026-04-13T13:13:42.555+0000] {dag.py:4180} INFO - Setting next_dagrun for dataset_alias_example_alias_producer to None, run_after=None
[2026-04-13T13:13:42.556+0000] {logging_mixin.py:190} INFO - [2026-04-13T13:13:42.556+0000] {dag.py:4180} INFO - Setting next_dagrun for dataset_s3_bucket_consumer to None, run_after=None
[2026-04-13T13:13:42.557+0000] {logging_mixin.py:190} INFO - [2026-04-13T13:13:42.557+0000] {dag.py:4180} INFO - Setting next_dagrun for dataset_s3_bucket_producer to None, run_after=None
[2026-04-13T13:13:42.578+0000] {processor.py:208} INFO - Processing /usr/local/python/3.12.1/lib/python3.12/site-packages/airflow/example_dags/example_dataset_alias.py took 0.157 seconds
[2026-04-13T13:14:49.554+0000] {processor.py:186} INFO - Started process (PID=22309) to work on /usr/local/python/3.12.1/lib/python3.12/site-packages/airflow/example_dags/example_dataset_alias.py
[2026-04-13T13:14:49.555+0000] {processor.py:914} INFO - Processing file /usr/local/python/3.12.1/lib/python3.12/site-packages/airflow/example_dags/example_dataset_alias.py for tasks to queue
[2026-04-13T13:14:49.556+0000] {logging_mixin.py:190} INFO - [2026-04-13T13:14:49.556+0000] {dagbag.py:588} INFO - Filling up the DagBag from /usr/local/python/3.12.1/lib/python3.12/site-packages/airflow/example_dags/example_dataset_alias.py
[2026-04-13T13:14:49.637+0000] {logging_mixin.py:190} INFO - [2026-04-13T13:14:49.637+0000] {providers_manager.py:287} INFO - Optional provider feature disabled when importing 'airflow.providers.amazon.aws.assets.s3.sanitize_uri' from 'apache-airflow-providers-amazon' package
[2026-04-13T13:14:49.638+0000] {logging_mixin.py:190} INFO - [2026-04-13T13:14:49.638+0000] {providers_manager.py:287} INFO - Optional provider feature disabled when importing 'airflow.providers.amazon.aws.assets.s3.create_asset' from 'apache-airflow-providers-amazon' package
[2026-04-13T13:14:49.638+0000] {logging_mixin.py:190} INFO - [2026-04-13T13:14:49.638+0000] {providers_manager.py:287} INFO - Optional provider feature disabled when importing 'airflow.providers.amazon.aws.assets.s3.convert_asset_to_openlineage' from 'apache-airflow-providers-amazon' package
[2026-04-13T13:14:49.653+0000] {processor.py:925} INFO - DAG(s) 'dataset_s3_bucket_consumer', 'dataset_alias_example_alias_producer', 'dataset_s3_bucket_producer', 'dataset_alias_example_alias_consumer' retrieved from /usr/local/python/3.12.1/lib/python3.12/site-packages/airflow/example_dags/example_dataset_alias.py
[2026-04-13T13:14:49.669+0000] {logging_mixin.py:190} INFO - [2026-04-13T13:14:49.669+0000] {dag.py:3239} INFO - Sync 4 DAGs
[2026-04-13T13:14:49.684+0000] {logging_mixin.py:190} INFO - [2026-04-13T13:14:49.684+0000] {dag.py:4180} INFO - Setting next_dagrun for dataset_alias_example_alias_consumer to None, run_after=None
[2026-04-13T13:14:49.686+0000] {logging_mixin.py:190} INFO - [2026-04-13T13:14:49.685+0000] {dag.py:4180} INFO - Setting next_dagrun for dataset_alias_example_alias_producer to None, run_after=None
[2026-04-13T13:14:49.686+0000] {logging_mixin.py:190} INFO - [2026-04-13T13:14:49.686+0000] {dag.py:4180} INFO - Setting next_dagrun for dataset_s3_bucket_consumer to None, run_after=None
[2026-04-13T13:14:49.687+0000] {logging_mixin.py:190} INFO - [2026-04-13T13:14:49.687+0000] {dag.py:4180} INFO - Setting next_dagrun for dataset_s3_bucket_producer to None, run_after=None
[2026-04-13T13:14:49.704+0000] {processor.py:208} INFO - Processing /usr/local/python/3.12.1/lib/python3.12/site-packages/airflow/example_dags/example_dataset_alias.py took 0.154 seconds
[2026-04-13T13:15:54.410+0000] {processor.py:186} INFO - Started process (PID=22996) to work on /usr/local/python/3.12.1/lib/python3.12/site-packages/airflow/example_dags/example_dataset_alias.py
[2026-04-13T13:15:54.411+0000] {processor.py:914} INFO - Processing file /usr/local/python/3.12.1/lib/python3.12/site-packages/airflow/example_dags/example_dataset_alias.py for tasks to queue
[2026-04-13T13:15:54.412+0000] {logging_mixin.py:190} INFO - [2026-04-13T13:15:54.412+0000] {dagbag.py:588} INFO - Filling up the DagBag from /usr/local/python/3.12.1/lib/python3.12/site-packages/airflow/example_dags/example_dataset_alias.py
[2026-04-13T13:15:54.494+0000] {logging_mixin.py:190} INFO - [2026-04-13T13:15:54.494+0000] {providers_manager.py:287} INFO - Optional provider feature disabled when importing 'airflow.providers.amazon.aws.assets.s3.sanitize_uri' from 'apache-airflow-providers-amazon' package
[2026-04-13T13:15:54.495+0000] {logging_mixin.py:190} INFO - [2026-04-13T13:15:54.495+0000] {providers_manager.py:287} INFO - Optional provider feature disabled when importing 'airflow.providers.amazon.aws.assets.s3.create_asset' from 'apache-airflow-providers-amazon' package
[2026-04-13T13:15:54.495+0000] {logging_mixin.py:190} INFO - [2026-04-13T13:15:54.495+0000] {providers_manager.py:287} INFO - Optional provider feature disabled when importing 'airflow.providers.amazon.aws.assets.s3.convert_asset_to_openlineage' from 'apache-airflow-providers-amazon' package
[2026-04-13T13:15:54.510+0000] {processor.py:925} INFO - DAG(s) 'dataset_alias_example_alias_consumer', 'dataset_alias_example_alias_producer', 'dataset_s3_bucket_producer', 'dataset_s3_bucket_consumer' retrieved from /usr/local/python/3.12.1/lib/python3.12/site-packages/airflow/example_dags/example_dataset_alias.py
[2026-04-13T13:15:54.524+0000] {logging_mixin.py:190} INFO - [2026-04-13T13:15:54.524+0000] {dag.py:3239} INFO - Sync 4 DAGs
[2026-04-13T13:15:54.540+0000] {logging_mixin.py:190} INFO - [2026-04-13T13:15:54.540+0000] {dag.py:4180} INFO - Setting next_dagrun for dataset_alias_example_alias_consumer to None, run_after=None
[2026-04-13T13:15:54.541+0000] {logging_mixin.py:190} INFO - [2026-04-13T13:15:54.541+0000] {dag.py:4180} INFO - Setting next_dagrun for dataset_alias_example_alias_producer to None, run_after=None
[2026-04-13T13:15:54.542+0000] {logging_mixin.py:190} INFO - [2026-04-13T13:15:54.542+0000] {dag.py:4180} INFO - Setting next_dagrun for dataset_s3_bucket_consumer to None, run_after=None
[2026-04-13T13:15:54.543+0000] {logging_mixin.py:190} INFO - [2026-04-13T13:15:54.543+0000] {dag.py:4180} INFO - Setting next_dagrun for dataset_s3_bucket_producer to None, run_after=None
[2026-04-13T13:15:54.560+0000] {processor.py:208} INFO - Processing /usr/local/python/3.12.1/lib/python3.12/site-packages/airflow/example_dags/example_dataset_alias.py took 0.153 seconds
[2026-04-13T13:16:56.778+0000] {processor.py:186} INFO - Started process (PID=23791) to work on /usr/local/python/3.12.1/lib/python3.12/site-packages/airflow/example_dags/example_dataset_alias.py
[2026-04-13T13:16:56.779+0000] {processor.py:914} INFO - Processing file /usr/local/python/3.12.1/lib/python3.12/site-packages/airflow/example_dags/example_dataset_alias.py for tasks to queue
[2026-04-13T13:16:56.781+0000] {logging_mixin.py:190} INFO - [2026-04-13T13:16:56.780+0000] {dagbag.py:588} INFO - Filling up the DagBag from /usr/local/python/3.12.1/lib/python3.12/site-packages/airflow/example_dags/example_dataset_alias.py
[2026-04-13T13:16:56.868+0000] {logging_mixin.py:190} INFO - [2026-04-13T13:16:56.867+0000] {providers_manager.py:287} INFO - Optional provider feature disabled when importing 'airflow.providers.amazon.aws.assets.s3.sanitize_uri' from 'apache-airflow-providers-amazon' package
[2026-04-13T13:16:56.868+0000] {logging_mixin.py:190} INFO - [2026-04-13T13:16:56.868+0000] {providers_manager.py:287} INFO - Optional provider feature disabled when importing 'airflow.providers.amazon.aws.assets.s3.create_asset' from 'apache-airflow-providers-amazon' package
[2026-04-13T13:16:56.869+0000] {logging_mixin.py:190} INFO - [2026-04-13T13:16:56.869+0000] {providers_manager.py:287} INFO - Optional provider feature disabled when importing 'airflow.providers.amazon.aws.assets.s3.convert_asset_to_openlineage' from 'apache-airflow-providers-amazon' package
[2026-04-13T13:16:56.884+0000] {processor.py:925} INFO - DAG(s) 'dataset_s3_bucket_producer', 'dataset_alias_example_alias_consumer', 'dataset_s3_bucket_consumer', 'dataset_alias_example_alias_producer' retrieved from /usr/local/python/3.12.1/lib/python3.12/site-packages/airflow/example_dags/example_dataset_alias.py
[2026-04-13T13:16:56.899+0000] {logging_mixin.py:190} INFO - [2026-04-13T13:16:56.899+0000] {dag.py:3239} INFO - Sync 4 DAGs
[2026-04-13T13:16:56.913+0000] {logging_mixin.py:190} INFO - [2026-04-13T13:16:56.913+0000] {dag.py:4180} INFO - Setting next_dagrun for dataset_alias_example_alias_consumer to None, run_after=None
[2026-04-13T13:16:56.915+0000] {logging_mixin.py:190} INFO - [2026-04-13T13:16:56.915+0000] {dag.py:4180} INFO - Setting next_dagrun for dataset_alias_example_alias_producer to None, run_after=None
[2026-04-13T13:16:56.916+0000] {logging_mixin.py:190} INFO - [2026-04-13T13:16:56.916+0000] {dag.py:4180} INFO - Setting next_dagrun for dataset_s3_bucket_consumer to None, run_after=None
[2026-04-13T13:16:56.916+0000] {logging_mixin.py:190} INFO - [2026-04-13T13:16:56.916+0000] {dag.py:4180} INFO - Setting next_dagrun for dataset_s3_bucket_producer to None, run_after=None
[2026-04-13T13:16:56.935+0000] {processor.py:208} INFO - Processing /usr/local/python/3.12.1/lib/python3.12/site-packages/airflow/example_dags/example_dataset_alias.py took 0.161 seconds
[2026-04-13T13:18:19.489+0000] {processor.py:186} INFO - Started process (PID=24939) to work on /usr/local/python/3.12.1/lib/python3.12/site-packages/airflow/example_dags/example_dataset_alias.py
[2026-04-13T13:18:19.490+0000] {processor.py:914} INFO - Processing file /usr/local/python/3.12.1/lib/python3.12/site-packages/airflow/example_dags/example_dataset_alias.py for tasks to queue
[2026-04-13T13:18:19.491+0000] {logging_mixin.py:190} INFO - [2026-04-13T13:18:19.491+0000] {dagbag.py:588} INFO - Filling up the DagBag from /usr/local/python/3.12.1/lib/python3.12/site-packages/airflow/example_dags/example_dataset_alias.py
[2026-04-13T13:18:19.574+0000] {logging_mixin.py:190} INFO - [2026-04-13T13:18:19.573+0000] {providers_manager.py:287} INFO - Optional provider feature disabled when importing 'airflow.providers.amazon.aws.assets.s3.sanitize_uri' from 'apache-airflow-providers-amazon' package
[2026-04-13T13:18:19.574+0000] {logging_mixin.py:190} INFO - [2026-04-13T13:18:19.574+0000] {providers_manager.py:287} INFO - Optional provider feature disabled when importing 'airflow.providers.amazon.aws.assets.s3.create_asset' from 'apache-airflow-providers-amazon' package
[2026-04-13T13:18:19.575+0000] {logging_mixin.py:190} INFO - [2026-04-13T13:18:19.574+0000] {providers_manager.py:287} INFO - Optional provider feature disabled when importing 'airflow.providers.amazon.aws.assets.s3.convert_asset_to_openlineage' from 'apache-airflow-providers-amazon' package
[2026-04-13T13:18:19.589+0000] {processor.py:925} INFO - DAG(s) 'dataset_alias_example_alias_producer', 'dataset_s3_bucket_producer', 'dataset_s3_bucket_consumer', 'dataset_alias_example_alias_consumer' retrieved from /usr/local/python/3.12.1/lib/python3.12/site-packages/airflow/example_dags/example_dataset_alias.py
[2026-04-13T13:18:19.606+0000] {logging_mixin.py:190} INFO - [2026-04-13T13:18:19.606+0000] {dag.py:3239} INFO - Sync 4 DAGs
[2026-04-13T13:18:19.620+0000] {logging_mixin.py:190} INFO - [2026-04-13T13:18:19.620+0000] {dag.py:4180} INFO - Setting next_dagrun for dataset_alias_example_alias_consumer to None, run_after=None
[2026-04-13T13:18:19.622+0000] {logging_mixin.py:190} INFO - [2026-04-13T13:18:19.622+0000] {dag.py:4180} INFO - Setting next_dagrun for dataset_alias_example_alias_producer to None, run_after=None
[2026-04-13T13:18:19.622+0000] {logging_mixin.py:190} INFO - [2026-04-13T13:18:19.622+0000] {dag.py:4180} INFO - Setting next_dagrun for dataset_s3_bucket_consumer to None, run_after=None
[2026-04-13T13:18:19.623+0000] {logging_mixin.py:190} INFO - [2026-04-13T13:18:19.623+0000] {dag.py:4180} INFO - Setting next_dagrun for dataset_s3_bucket_producer to None, run_after=None
[2026-04-13T13:18:19.640+0000] {processor.py:208} INFO - Processing /usr/local/python/3.12.1/lib/python3.12/site-packages/airflow/example_dags/example_dataset_alias.py took 0.154 seconds
[2026-04-13T13:19:20.353+0000] {processor.py:186} INFO - Started process (PID=25468) to work on /usr/local/python/3.12.1/lib/python3.12/site-packages/airflow/example_dags/example_dataset_alias.py
[2026-04-13T13:19:20.353+0000] {processor.py:914} INFO - Processing file /usr/local/python/3.12.1/lib/python3.12/site-packages/airflow/example_dags/example_dataset_alias.py for tasks to queue
[2026-04-13T13:19:20.355+0000] {logging_mixin.py:190} INFO - [2026-04-13T13:19:20.355+0000] {dagbag.py:588} INFO - Filling up the DagBag from /usr/local/python/3.12.1/lib/python3.12/site-packages/airflow/example_dags/example_dataset_alias.py
[2026-04-13T13:19:20.436+0000] {logging_mixin.py:190} INFO - [2026-04-13T13:19:20.436+0000] {providers_manager.py:287} INFO - Optional provider feature disabled when importing 'airflow.providers.amazon.aws.assets.s3.sanitize_uri' from 'apache-airflow-providers-amazon' package
[2026-04-13T13:19:20.437+0000] {logging_mixin.py:190} INFO - [2026-04-13T13:19:20.437+0000] {providers_manager.py:287} INFO - Optional provider feature disabled when importing 'airflow.providers.amazon.aws.assets.s3.create_asset' from 'apache-airflow-providers-amazon' package
[2026-04-13T13:19:20.437+0000] {logging_mixin.py:190} INFO - [2026-04-13T13:19:20.437+0000] {providers_manager.py:287} INFO - Optional provider feature disabled when importing 'airflow.providers.amazon.aws.assets.s3.convert_asset_to_openlineage' from 'apache-airflow-providers-amazon' package
[2026-04-13T13:19:20.452+0000] {processor.py:925} INFO - DAG(s) 'dataset_alias_example_alias_consumer', 'dataset_s3_bucket_producer', 'dataset_alias_example_alias_producer', 'dataset_s3_bucket_consumer' retrieved from /usr/local/python/3.12.1/lib/python3.12/site-packages/airflow/example_dags/example_dataset_alias.py
[2026-04-13T13:19:20.468+0000] {logging_mixin.py:190} INFO - [2026-04-13T13:19:20.467+0000] {dag.py:3239} INFO - Sync 4 DAGs
[2026-04-13T13:19:20.486+0000] {logging_mixin.py:190} INFO - [2026-04-13T13:19:20.486+0000] {dag.py:4180} INFO - Setting next_dagrun for dataset_alias_example_alias_consumer to None, run_after=None
[2026-04-13T13:19:20.489+0000] {logging_mixin.py:190} INFO - [2026-04-13T13:19:20.488+0000] {dag.py:4180} INFO - Setting next_dagrun for dataset_alias_example_alias_producer to None, run_after=None
[2026-04-13T13:19:20.489+0000] {logging_mixin.py:190} INFO - [2026-04-13T13:19:20.489+0000] {dag.py:4180} INFO - Setting next_dagrun for dataset_s3_bucket_consumer to None, run_after=None
[2026-04-13T13:19:20.490+0000] {logging_mixin.py:190} INFO - [2026-04-13T13:19:20.490+0000] {dag.py:4180} INFO - Setting next_dagrun for dataset_s3_bucket_producer to None, run_after=None
[2026-04-13T13:19:20.507+0000] {processor.py:208} INFO - Processing /usr/local/python/3.12.1/lib/python3.12/site-packages/airflow/example_dags/example_dataset_alias.py took 0.158 seconds
[2026-04-13T13:20:22.350+0000] {processor.py:186} INFO - Started process (PID=26016) to work on /usr/local/python/3.12.1/lib/python3.12/site-packages/airflow/example_dags/example_dataset_alias.py
[2026-04-13T13:20:22.351+0000] {processor.py:914} INFO - Processing file /usr/local/python/3.12.1/lib/python3.12/site-packages/airflow/example_dags/example_dataset_alias.py for tasks to queue
[2026-04-13T13:20:22.352+0000] {logging_mixin.py:190} INFO - [2026-04-13T13:20:22.352+0000] {dagbag.py:588} INFO - Filling up the DagBag from /usr/local/python/3.12.1/lib/python3.12/site-packages/airflow/example_dags/example_dataset_alias.py
[2026-04-13T13:20:22.434+0000] {logging_mixin.py:190} INFO - [2026-04-13T13:20:22.434+0000] {providers_manager.py:287} INFO - Optional provider feature disabled when importing 'airflow.providers.amazon.aws.assets.s3.sanitize_uri' from 'apache-airflow-providers-amazon' package
[2026-04-13T13:20:22.435+0000] {logging_mixin.py:190} INFO - [2026-04-13T13:20:22.435+0000] {providers_manager.py:287} INFO - Optional provider feature disabled when importing 'airflow.providers.amazon.aws.assets.s3.create_asset' from 'apache-airflow-providers-amazon' package
[2026-04-13T13:20:22.435+0000] {logging_mixin.py:190} INFO - [2026-04-13T13:20:22.435+0000] {providers_manager.py:287} INFO - Optional provider feature disabled when importing 'airflow.providers.amazon.aws.assets.s3.convert_asset_to_openlineage' from 'apache-airflow-providers-amazon' package
[2026-04-13T13:20:22.450+0000] {processor.py:925} INFO - DAG(s) 'dataset_s3_bucket_consumer', 'dataset_s3_bucket_producer', 'dataset_alias_example_alias_producer', 'dataset_alias_example_alias_consumer' retrieved from /usr/local/python/3.12.1/lib/python3.12/site-packages/airflow/example_dags/example_dataset_alias.py
[2026-04-13T13:20:22.465+0000] {logging_mixin.py:190} INFO - [2026-04-13T13:20:22.465+0000] {dag.py:3239} INFO - Sync 4 DAGs
[2026-04-13T13:20:22.480+0000] {logging_mixin.py:190} INFO - [2026-04-13T13:20:22.480+0000] {dag.py:4180} INFO - Setting next_dagrun for dataset_alias_example_alias_consumer to None, run_after=None
[2026-04-13T13:20:22.481+0000] {logging_mixin.py:190} INFO - [2026-04-13T13:20:22.481+0000] {dag.py:4180} INFO - Setting next_dagrun for dataset_alias_example_alias_producer to None, run_after=None
[2026-04-13T13:20:22.482+0000] {logging_mixin.py:190} INFO - [2026-04-13T13:20:22.482+0000] {dag.py:4180} INFO - Setting next_dagrun for dataset_s3_bucket_consumer to None, run_after=None
[2026-04-13T13:20:22.483+0000] {logging_mixin.py:190} INFO - [2026-04-13T13:20:22.483+0000] {dag.py:4180} INFO - Setting next_dagrun for dataset_s3_bucket_producer to None, run_after=None
[2026-04-13T13:20:22.503+0000] {processor.py:208} INFO - Processing /usr/local/python/3.12.1/lib/python3.12/site-packages/airflow/example_dags/example_dataset_alias.py took 0.157 seconds
[2026-04-13T13:21:22.060+0000] {processor.py:186} INFO - Started process (PID=26539) to work on /usr/local/python/3.12.1/lib/python3.12/site-packages/airflow/example_dags/example_dataset_alias.py
[2026-04-13T13:21:22.061+0000] {processor.py:914} INFO - Processing file /usr/local/python/3.12.1/lib/python3.12/site-packages/airflow/example_dags/example_dataset_alias.py for tasks to queue
[2026-04-13T13:21:22.062+0000] {logging_mixin.py:190} INFO - [2026-04-13T13:21:22.062+0000] {dagbag.py:588} INFO - Filling up the DagBag from /usr/local/python/3.12.1/lib/python3.12/site-packages/airflow/example_dags/example_dataset_alias.py
[2026-04-13T13:21:22.143+0000] {logging_mixin.py:190} INFO - [2026-04-13T13:21:22.143+0000] {providers_manager.py:287} INFO - Optional provider feature disabled when importing 'airflow.providers.amazon.aws.assets.s3.sanitize_uri' from 'apache-airflow-providers-amazon' package
[2026-04-13T13:21:22.144+0000] {logging_mixin.py:190} INFO - [2026-04-13T13:21:22.144+0000] {providers_manager.py:287} INFO - Optional provider feature disabled when importing 'airflow.providers.amazon.aws.assets.s3.create_asset' from 'apache-airflow-providers-amazon' package
[2026-04-13T13:21:22.144+0000] {logging_mixin.py:190} INFO - [2026-04-13T13:21:22.144+0000] {providers_manager.py:287} INFO - Optional provider feature disabled when importing 'airflow.providers.amazon.aws.assets.s3.convert_asset_to_openlineage' from 'apache-airflow-providers-amazon' package
[2026-04-13T13:21:22.162+0000] {processor.py:925} INFO - DAG(s) 'dataset_s3_bucket_consumer', 'dataset_s3_bucket_producer', 'dataset_alias_example_alias_consumer', 'dataset_alias_example_alias_producer' retrieved from /usr/local/python/3.12.1/lib/python3.12/site-packages/airflow/example_dags/example_dataset_alias.py
[2026-04-13T13:21:22.176+0000] {logging_mixin.py:190} INFO - [2026-04-13T13:21:22.176+0000] {dag.py:3239} INFO - Sync 4 DAGs
[2026-04-13T13:21:22.191+0000] {logging_mixin.py:190} INFO - [2026-04-13T13:21:22.190+0000] {dag.py:4180} INFO - Setting next_dagrun for dataset_alias_example_alias_consumer to None, run_after=None
[2026-04-13T13:21:22.192+0000] {logging_mixin.py:190} INFO - [2026-04-13T13:21:22.192+0000] {dag.py:4180} INFO - Setting next_dagrun for dataset_alias_example_alias_producer to None, run_after=None
[2026-04-13T13:21:22.193+0000] {logging_mixin.py:190} INFO - [2026-04-13T13:21:22.193+0000] {dag.py:4180} INFO - Setting next_dagrun for dataset_s3_bucket_consumer to None, run_after=None
[2026-04-13T13:21:22.194+0000] {logging_mixin.py:190} INFO - [2026-04-13T13:21:22.193+0000] {dag.py:4180} INFO - Setting next_dagrun for dataset_s3_bucket_producer to None, run_after=None
[2026-04-13T13:21:22.211+0000] {processor.py:208} INFO - Processing /usr/local/python/3.12.1/lib/python3.12/site-packages/airflow/example_dags/example_dataset_alias.py took 0.155 seconds
[2026-04-13T13:22:21.501+0000] {processor.py:186} INFO - Started process (PID=27122) to work on /usr/local/python/3.12.1/lib/python3.12/site-packages/airflow/example_dags/example_dataset_alias.py
[2026-04-13T13:22:21.502+0000] {processor.py:914} INFO - Processing file /usr/local/python/3.12.1/lib/python3.12/site-packages/airflow/example_dags/example_dataset_alias.py for tasks to queue
[2026-04-13T13:22:21.503+0000] {logging_mixin.py:190} INFO - [2026-04-13T13:22:21.503+0000] {dagbag.py:588} INFO - Filling up the DagBag from /usr/local/python/3.12.1/lib/python3.12/site-packages/airflow/example_dags/example_dataset_alias.py
[2026-04-13T13:22:21.590+0000] {logging_mixin.py:190} INFO - [2026-04-13T13:22:21.590+0000] {providers_manager.py:287} INFO - Optional provider feature disabled when importing 'airflow.providers.amazon.aws.assets.s3.sanitize_uri' from 'apache-airflow-providers-amazon' package
[2026-04-13T13:22:21.591+0000] {logging_mixin.py:190} INFO - [2026-04-13T13:22:21.591+0000] {providers_manager.py:287} INFO - Optional provider feature disabled when importing 'airflow.providers.amazon.aws.assets.s3.create_asset' from 'apache-airflow-providers-amazon' package
[2026-04-13T13:22:21.591+0000] {logging_mixin.py:190} INFO - [2026-04-13T13:22:21.591+0000] {providers_manager.py:287} INFO - Optional provider feature disabled when importing 'airflow.providers.amazon.aws.assets.s3.convert_asset_to_openlineage' from 'apache-airflow-providers-amazon' package
[2026-04-13T13:22:21.606+0000] {processor.py:925} INFO - DAG(s) 'dataset_alias_example_alias_consumer', 'dataset_alias_example_alias_producer', 'dataset_s3_bucket_producer', 'dataset_s3_bucket_consumer' retrieved from /usr/local/python/3.12.1/lib/python3.12/site-packages/airflow/example_dags/example_dataset_alias.py
[2026-04-13T13:22:21.620+0000] {logging_mixin.py:190} INFO - [2026-04-13T13:22:21.620+0000] {dag.py:3239} INFO - Sync 4 DAGs
[2026-04-13T13:22:21.636+0000] {logging_mixin.py:190} INFO - [2026-04-13T13:22:21.635+0000] {dag.py:4180} INFO - Setting next_dagrun for dataset_alias_example_alias_consumer to None, run_after=None
[2026-04-13T13:22:21.637+0000] {logging_mixin.py:190} INFO - [2026-04-13T13:22:21.637+0000] {dag.py:4180} INFO - Setting next_dagrun for dataset_alias_example_alias_producer to None, run_after=None
[2026-04-13T13:22:21.638+0000] {logging_mixin.py:190} INFO - [2026-04-13T13:22:21.638+0000] {dag.py:4180} INFO - Setting next_dagrun for dataset_s3_bucket_consumer to None, run_after=None
[2026-04-13T13:22:21.639+0000] {logging_mixin.py:190} INFO - [2026-04-13T13:22:21.638+0000] {dag.py:4180} INFO - Setting next_dagrun for dataset_s3_bucket_producer to None, run_after=None
[2026-04-13T13:22:21.655+0000] {processor.py:208} INFO - Processing /usr/local/python/3.12.1/lib/python3.12/site-packages/airflow/example_dags/example_dataset_alias.py took 0.158 seconds
[2026-04-13T13:23:24.394+0000] {processor.py:186} INFO - Started process (PID=27665) to work on /usr/local/python/3.12.1/lib/python3.12/site-packages/airflow/example_dags/example_dataset_alias.py
[2026-04-13T13:23:24.395+0000] {processor.py:914} INFO - Processing file /usr/local/python/3.12.1/lib/python3.12/site-packages/airflow/example_dags/example_dataset_alias.py for tasks to queue
[2026-04-13T13:23:24.396+0000] {logging_mixin.py:190} INFO - [2026-04-13T13:23:24.396+0000] {dagbag.py:588} INFO - Filling up the DagBag from /usr/local/python/3.12.1/lib/python3.12/site-packages/airflow/example_dags/example_dataset_alias.py
[2026-04-13T13:23:24.478+0000] {logging_mixin.py:190} INFO - [2026-04-13T13:23:24.478+0000] {providers_manager.py:287} INFO - Optional provider feature disabled when importing 'airflow.providers.amazon.aws.assets.s3.sanitize_uri' from 'apache-airflow-providers-amazon' package
[2026-04-13T13:23:24.479+0000] {logging_mixin.py:190} INFO - [2026-04-13T13:23:24.478+0000] {providers_manager.py:287} INFO - Optional provider feature disabled when importing 'airflow.providers.amazon.aws.assets.s3.create_asset' from 'apache-airflow-providers-amazon' package
[2026-04-13T13:23:24.479+0000] {logging_mixin.py:190} INFO - [2026-04-13T13:23:24.479+0000] {providers_manager.py:287} INFO - Optional provider feature disabled when importing 'airflow.providers.amazon.aws.assets.s3.convert_asset_to_openlineage' from 'apache-airflow-providers-amazon' package
[2026-04-13T13:23:24.494+0000] {processor.py:925} INFO - DAG(s) 'dataset_alias_example_alias_consumer', 'dataset_alias_example_alias_producer', 'dataset_s3_bucket_consumer', 'dataset_s3_bucket_producer' retrieved from /usr/local/python/3.12.1/lib/python3.12/site-packages/airflow/example_dags/example_dataset_alias.py
[2026-04-13T13:23:24.508+0000] {logging_mixin.py:190} INFO - [2026-04-13T13:23:24.508+0000] {dag.py:3239} INFO - Sync 4 DAGs
[2026-04-13T13:23:24.522+0000] {logging_mixin.py:190} INFO - [2026-04-13T13:23:24.522+0000] {dag.py:4180} INFO - Setting next_dagrun for dataset_alias_example_alias_consumer to None, run_after=None
[2026-04-13T13:23:24.524+0000] {logging_mixin.py:190} INFO - [2026-04-13T13:23:24.524+0000] {dag.py:4180} INFO - Setting next_dagrun for dataset_alias_example_alias_producer to None, run_after=None
[2026-04-13T13:23:24.525+0000] {logging_mixin.py:190} INFO - [2026-04-13T13:23:24.525+0000] {dag.py:4180} INFO - Setting next_dagrun for dataset_s3_bucket_consumer to None, run_after=None
[2026-04-13T13:23:24.526+0000] {logging_mixin.py:190} INFO - [2026-04-13T13:23:24.526+0000] {dag.py:4180} INFO - Setting next_dagrun for dataset_s3_bucket_producer to None, run_after=None
[2026-04-13T13:23:24.547+0000] {processor.py:208} INFO - Processing /usr/local/python/3.12.1/lib/python3.12/site-packages/airflow/example_dags/example_dataset_alias.py took 0.158 seconds
[2026-04-13T13:24:23.149+0000] {processor.py:186} INFO - Started process (PID=28201) to work on /usr/local/python/3.12.1/lib/python3.12/site-packages/airflow/example_dags/example_dataset_alias.py
[2026-04-13T13:24:23.150+0000] {processor.py:914} INFO - Processing file /usr/local/python/3.12.1/lib/python3.12/site-packages/airflow/example_dags/example_dataset_alias.py for tasks to queue
[2026-04-13T13:24:23.152+0000] {logging_mixin.py:190} INFO - [2026-04-13T13:24:23.152+0000] {dagbag.py:588} INFO - Filling up the DagBag from /usr/local/python/3.12.1/lib/python3.12/site-packages/airflow/example_dags/example_dataset_alias.py
[2026-04-13T13:24:23.260+0000] {logging_mixin.py:190} INFO - [2026-04-13T13:24:23.260+0000] {providers_manager.py:287} INFO - Optional provider feature disabled when importing 'airflow.providers.amazon.aws.assets.s3.sanitize_uri' from 'apache-airflow-providers-amazon' package
[2026-04-13T13:24:23.261+0000] {logging_mixin.py:190} INFO - [2026-04-13T13:24:23.261+0000] {providers_manager.py:287} INFO - Optional provider feature disabled when importing 'airflow.providers.amazon.aws.assets.s3.create_asset' from 'apache-airflow-providers-amazon' package
[2026-04-13T13:24:23.261+0000] {logging_mixin.py:190} INFO - [2026-04-13T13:24:23.261+0000] {providers_manager.py:287} INFO - Optional provider feature disabled when importing 'airflow.providers.amazon.aws.assets.s3.convert_asset_to_openlineage' from 'apache-airflow-providers-amazon' package
[2026-04-13T13:24:23.277+0000] {processor.py:925} INFO - DAG(s) 'dataset_alias_example_alias_consumer', 'dataset_s3_bucket_consumer', 'dataset_alias_example_alias_producer', 'dataset_s3_bucket_producer' retrieved from /usr/local/python/3.12.1/lib/python3.12/site-packages/airflow/example_dags/example_dataset_alias.py
[2026-04-13T13:24:23.291+0000] {logging_mixin.py:190} INFO - [2026-04-13T13:24:23.291+0000] {dag.py:3239} INFO - Sync 4 DAGs
[2026-04-13T13:24:23.306+0000] {logging_mixin.py:190} INFO - [2026-04-13T13:24:23.305+0000] {dag.py:4180} INFO - Setting next_dagrun for dataset_alias_example_alias_consumer to None, run_after=None
[2026-04-13T13:24:23.307+0000] {logging_mixin.py:190} INFO - [2026-04-13T13:24:23.307+0000] {dag.py:4180} INFO - Setting next_dagrun for dataset_alias_example_alias_producer to None, run_after=None
[2026-04-13T13:24:23.308+0000] {logging_mixin.py:190} INFO - [2026-04-13T13:24:23.308+0000] {dag.py:4180} INFO - Setting next_dagrun for dataset_s3_bucket_consumer to None, run_after=None
[2026-04-13T13:24:23.309+0000] {logging_mixin.py:190} INFO - [2026-04-13T13:24:23.309+0000] {dag.py:4180} INFO - Setting next_dagrun for dataset_s3_bucket_producer to None, run_after=None
[2026-04-13T13:24:23.326+0000] {processor.py:208} INFO - Processing /usr/local/python/3.12.1/lib/python3.12/site-packages/airflow/example_dags/example_dataset_alias.py took 0.183 seconds
[2026-04-13T13:25:23.950+0000] {processor.py:186} INFO - Started process (PID=28734) to work on /usr/local/python/3.12.1/lib/python3.12/site-packages/airflow/example_dags/example_dataset_alias.py
[2026-04-13T13:25:23.950+0000] {processor.py:914} INFO - Processing file /usr/local/python/3.12.1/lib/python3.12/site-packages/airflow/example_dags/example_dataset_alias.py for tasks to queue
[2026-04-13T13:25:23.952+0000] {logging_mixin.py:190} INFO - [2026-04-13T13:25:23.952+0000] {dagbag.py:588} INFO - Filling up the DagBag from /usr/local/python/3.12.1/lib/python3.12/site-packages/airflow/example_dags/example_dataset_alias.py
[2026-04-13T13:25:24.034+0000] {logging_mixin.py:190} INFO - [2026-04-13T13:25:24.033+0000] {providers_manager.py:287} INFO - Optional provider feature disabled when importing 'airflow.providers.amazon.aws.assets.s3.sanitize_uri' from 'apache-airflow-providers-amazon' package
[2026-04-13T13:25:24.034+0000] {logging_mixin.py:190} INFO - [2026-04-13T13:25:24.034+0000] {providers_manager.py:287} INFO - Optional provider feature disabled when importing 'airflow.providers.amazon.aws.assets.s3.create_asset' from 'apache-airflow-providers-amazon' package
[2026-04-13T13:25:24.035+0000] {logging_mixin.py:190} INFO - [2026-04-13T13:25:24.034+0000] {providers_manager.py:287} INFO - Optional provider feature disabled when importing 'airflow.providers.amazon.aws.assets.s3.convert_asset_to_openlineage' from 'apache-airflow-providers-amazon' package
[2026-04-13T13:25:24.049+0000] {processor.py:925} INFO - DAG(s) 'dataset_s3_bucket_producer', 'dataset_alias_example_alias_consumer', 'dataset_alias_example_alias_producer', 'dataset_s3_bucket_consumer' retrieved from /usr/local/python/3.12.1/lib/python3.12/site-packages/airflow/example_dags/example_dataset_alias.py
[2026-04-13T13:25:24.064+0000] {logging_mixin.py:190} INFO - [2026-04-13T13:25:24.064+0000] {dag.py:3239} INFO - Sync 4 DAGs
[2026-04-13T13:25:24.079+0000] {logging_mixin.py:190} INFO - [2026-04-13T13:25:24.079+0000] {dag.py:4180} INFO - Setting next_dagrun for dataset_alias_example_alias_consumer to None, run_after=None
[2026-04-13T13:25:24.081+0000] {logging_mixin.py:190} INFO - [2026-04-13T13:25:24.081+0000] {dag.py:4180} INFO - Setting next_dagrun for dataset_alias_example_alias_producer to None, run_after=None
[2026-04-13T13:25:24.082+0000] {logging_mixin.py:190} INFO - [2026-04-13T13:25:24.081+0000] {dag.py:4180} INFO - Setting next_dagrun for dataset_s3_bucket_consumer to None, run_after=None
[2026-04-13T13:25:24.082+0000] {logging_mixin.py:190} INFO - [2026-04-13T13:25:24.082+0000] {dag.py:4180} INFO - Setting next_dagrun for dataset_s3_bucket_producer to None, run_after=None
[2026-04-13T13:25:24.099+0000] {processor.py:208} INFO - Processing /usr/local/python/3.12.1/lib/python3.12/site-packages/airflow/example_dags/example_dataset_alias.py took 0.153 seconds
[2026-04-13T13:26:27.249+0000] {processor.py:186} INFO - Started process (PID=29275) to work on /usr/local/python/3.12.1/lib/python3.12/site-packages/airflow/example_dags/example_dataset_alias.py
[2026-04-13T13:26:27.250+0000] {processor.py:914} INFO - Processing file /usr/local/python/3.12.1/lib/python3.12/site-packages/airflow/example_dags/example_dataset_alias.py for tasks to queue
[2026-04-13T13:26:27.251+0000] {logging_mixin.py:190} INFO - [2026-04-13T13:26:27.251+0000] {dagbag.py:588} INFO - Filling up the DagBag from /usr/local/python/3.12.1/lib/python3.12/site-packages/airflow/example_dags/example_dataset_alias.py
[2026-04-13T13:26:27.333+0000] {logging_mixin.py:190} INFO - [2026-04-13T13:26:27.333+0000] {providers_manager.py:287} INFO - Optional provider feature disabled when importing 'airflow.providers.amazon.aws.assets.s3.sanitize_uri' from 'apache-airflow-providers-amazon' package
[2026-04-13T13:26:27.334+0000] {logging_mixin.py:190} INFO - [2026-04-13T13:26:27.334+0000] {providers_manager.py:287} INFO - Optional provider feature disabled when importing 'airflow.providers.amazon.aws.assets.s3.create_asset' from 'apache-airflow-providers-amazon' package
[2026-04-13T13:26:27.334+0000] {logging_mixin.py:190} INFO - [2026-04-13T13:26:27.334+0000] {providers_manager.py:287} INFO - Optional provider feature disabled when importing 'airflow.providers.amazon.aws.assets.s3.convert_asset_to_openlineage' from 'apache-airflow-providers-amazon' package
[2026-04-13T13:26:27.349+0000] {processor.py:925} INFO - DAG(s) 'dataset_s3_bucket_producer', 'dataset_alias_example_alias_consumer', 'dataset_s3_bucket_consumer', 'dataset_alias_example_alias_producer' retrieved from /usr/local/python/3.12.1/lib/python3.12/site-packages/airflow/example_dags/example_dataset_alias.py
[2026-04-13T13:26:27.363+0000] {logging_mixin.py:190} INFO - [2026-04-13T13:26:27.363+0000] {dag.py:3239} INFO - Sync 4 DAGs
[2026-04-13T13:26:27.377+0000] {logging_mixin.py:190} INFO - [2026-04-13T13:26:27.377+0000] {dag.py:4180} INFO - Setting next_dagrun for dataset_alias_example_alias_consumer to None, run_after=None
[2026-04-13T13:26:27.378+0000] {logging_mixin.py:190} INFO - [2026-04-13T13:26:27.378+0000] {dag.py:4180} INFO - Setting next_dagrun for dataset_alias_example_alias_producer to None, run_after=None
[2026-04-13T13:26:27.379+0000] {logging_mixin.py:190} INFO - [2026-04-13T13:26:27.379+0000] {dag.py:4180} INFO - Setting next_dagrun for dataset_s3_bucket_consumer to None, run_after=None
[2026-04-13T13:26:27.380+0000] {logging_mixin.py:190} INFO - [2026-04-13T13:26:27.380+0000] {dag.py:4180} INFO - Setting next_dagrun for dataset_s3_bucket_producer to None, run_after=None
[2026-04-13T13:26:27.397+0000] {processor.py:208} INFO - Processing /usr/local/python/3.12.1/lib/python3.12/site-packages/airflow/example_dags/example_dataset_alias.py took 0.152 seconds
[2026-04-13T13:27:25.801+0000] {processor.py:186} INFO - Started process (PID=29852) to work on /usr/local/python/3.12.1/lib/python3.12/site-packages/airflow/example_dags/example_dataset_alias.py
[2026-04-13T13:27:25.802+0000] {processor.py:914} INFO - Processing file /usr/local/python/3.12.1/lib/python3.12/site-packages/airflow/example_dags/example_dataset_alias.py for tasks to queue
[2026-04-13T13:27:25.803+0000] {logging_mixin.py:190} INFO - [2026-04-13T13:27:25.803+0000] {dagbag.py:588} INFO - Filling up the DagBag from /usr/local/python/3.12.1/lib/python3.12/site-packages/airflow/example_dags/example_dataset_alias.py
[2026-04-13T13:27:25.895+0000] {logging_mixin.py:190} INFO - [2026-04-13T13:27:25.895+0000] {providers_manager.py:287} INFO - Optional provider feature disabled when importing 'airflow.providers.amazon.aws.assets.s3.sanitize_uri' from 'apache-airflow-providers-amazon' package
[2026-04-13T13:27:25.895+0000] {logging_mixin.py:190} INFO - [2026-04-13T13:27:25.895+0000] {providers_manager.py:287} INFO - Optional provider feature disabled when importing 'airflow.providers.amazon.aws.assets.s3.create_asset' from 'apache-airflow-providers-amazon' package
[2026-04-13T13:27:25.896+0000] {logging_mixin.py:190} INFO - [2026-04-13T13:27:25.896+0000] {providers_manager.py:287} INFO - Optional provider feature disabled when importing 'airflow.providers.amazon.aws.assets.s3.convert_asset_to_openlineage' from 'apache-airflow-providers-amazon' package
[2026-04-13T13:27:25.921+0000] {processor.py:925} INFO - DAG(s) 'dataset_s3_bucket_producer', 'dataset_s3_bucket_consumer', 'dataset_alias_example_alias_producer', 'dataset_alias_example_alias_consumer' retrieved from /usr/local/python/3.12.1/lib/python3.12/site-packages/airflow/example_dags/example_dataset_alias.py
[2026-04-13T13:27:25.946+0000] {logging_mixin.py:190} INFO - [2026-04-13T13:27:25.946+0000] {dag.py:3239} INFO - Sync 4 DAGs
[2026-04-13T13:27:25.967+0000] {logging_mixin.py:190} INFO - [2026-04-13T13:27:25.967+0000] {dag.py:4180} INFO - Setting next_dagrun for dataset_alias_example_alias_consumer to None, run_after=None
[2026-04-13T13:27:25.968+0000] {logging_mixin.py:190} INFO - [2026-04-13T13:27:25.968+0000] {dag.py:4180} INFO - Setting next_dagrun for dataset_alias_example_alias_producer to None, run_after=None
[2026-04-13T13:27:25.969+0000] {logging_mixin.py:190} INFO - [2026-04-13T13:27:25.969+0000] {dag.py:4180} INFO - Setting next_dagrun for dataset_s3_bucket_consumer to None, run_after=None
[2026-04-13T13:27:25.970+0000] {logging_mixin.py:190} INFO - [2026-04-13T13:27:25.970+0000] {dag.py:4180} INFO - Setting next_dagrun for dataset_s3_bucket_producer to None, run_after=None
[2026-04-13T13:27:25.989+0000] {processor.py:208} INFO - Processing /usr/local/python/3.12.1/lib/python3.12/site-packages/airflow/example_dags/example_dataset_alias.py took 0.192 seconds
[2026-04-13T13:28:24.812+0000] {processor.py:186} INFO - Started process (PID=30367) to work on /usr/local/python/3.12.1/lib/python3.12/site-packages/airflow/example_dags/example_dataset_alias.py
[2026-04-13T13:28:24.813+0000] {processor.py:914} INFO - Processing file /usr/local/python/3.12.1/lib/python3.12/site-packages/airflow/example_dags/example_dataset_alias.py for tasks to queue
[2026-04-13T13:28:24.814+0000] {logging_mixin.py:190} INFO - [2026-04-13T13:28:24.814+0000] {dagbag.py:588} INFO - Filling up the DagBag from /usr/local/python/3.12.1/lib/python3.12/site-packages/airflow/example_dags/example_dataset_alias.py
[2026-04-13T13:28:24.896+0000] {logging_mixin.py:190} INFO - [2026-04-13T13:28:24.896+0000] {providers_manager.py:287} INFO - Optional provider feature disabled when importing 'airflow.providers.amazon.aws.assets.s3.sanitize_uri' from 'apache-airflow-providers-amazon' package
[2026-04-13T13:28:24.897+0000] {logging_mixin.py:190} INFO - [2026-04-13T13:28:24.896+0000] {providers_manager.py:287} INFO - Optional provider feature disabled when importing 'airflow.providers.amazon.aws.assets.s3.create_asset' from 'apache-airflow-providers-amazon' package
[2026-04-13T13:28:24.897+0000] {logging_mixin.py:190} INFO - [2026-04-13T13:28:24.897+0000] {providers_manager.py:287} INFO - Optional provider feature disabled when importing 'airflow.providers.amazon.aws.assets.s3.convert_asset_to_openlineage' from 'apache-airflow-providers-amazon' package
[2026-04-13T13:28:24.912+0000] {processor.py:925} INFO - DAG(s) 'dataset_alias_example_alias_consumer', 'dataset_alias_example_alias_producer', 'dataset_s3_bucket_consumer', 'dataset_s3_bucket_producer' retrieved from /usr/local/python/3.12.1/lib/python3.12/site-packages/airflow/example_dags/example_dataset_alias.py
[2026-04-13T13:28:24.926+0000] {logging_mixin.py:190} INFO - [2026-04-13T13:28:24.926+0000] {dag.py:3239} INFO - Sync 4 DAGs
[2026-04-13T13:28:24.943+0000] {logging_mixin.py:190} INFO - [2026-04-13T13:28:24.943+0000] {dag.py:4180} INFO - Setting next_dagrun for dataset_alias_example_alias_consumer to None, run_after=None
[2026-04-13T13:28:24.944+0000] {logging_mixin.py:190} INFO - [2026-04-13T13:28:24.944+0000] {dag.py:4180} INFO - Setting next_dagrun for dataset_alias_example_alias_producer to None, run_after=None
[2026-04-13T13:28:24.945+0000] {logging_mixin.py:190} INFO - [2026-04-13T13:28:24.945+0000] {dag.py:4180} INFO - Setting next_dagrun for dataset_s3_bucket_consumer to None, run_after=None
[2026-04-13T13:28:24.946+0000] {logging_mixin.py:190} INFO - [2026-04-13T13:28:24.946+0000] {dag.py:4180} INFO - Setting next_dagrun for dataset_s3_bucket_producer to None, run_after=None
[2026-04-13T13:28:24.962+0000] {processor.py:208} INFO - Processing /usr/local/python/3.12.1/lib/python3.12/site-packages/airflow/example_dags/example_dataset_alias.py took 0.154 seconds
[2026-04-13T13:29:27.534+0000] {processor.py:186} INFO - Started process (PID=30910) to work on /usr/local/python/3.12.1/lib/python3.12/site-packages/airflow/example_dags/example_dataset_alias.py
[2026-04-13T13:29:27.534+0000] {processor.py:914} INFO - Processing file /usr/local/python/3.12.1/lib/python3.12/site-packages/airflow/example_dags/example_dataset_alias.py for tasks to queue
[2026-04-13T13:29:27.536+0000] {logging_mixin.py:190} INFO - [2026-04-13T13:29:27.535+0000] {dagbag.py:588} INFO - Filling up the DagBag from /usr/local/python/3.12.1/lib/python3.12/site-packages/airflow/example_dags/example_dataset_alias.py
[2026-04-13T13:29:27.619+0000] {logging_mixin.py:190} INFO - [2026-04-13T13:29:27.619+0000] {providers_manager.py:287} INFO - Optional provider feature disabled when importing 'airflow.providers.amazon.aws.assets.s3.sanitize_uri' from 'apache-airflow-providers-amazon' package
[2026-04-13T13:29:27.619+0000] {logging_mixin.py:190} INFO - [2026-04-13T13:29:27.619+0000] {providers_manager.py:287} INFO - Optional provider feature disabled when importing 'airflow.providers.amazon.aws.assets.s3.create_asset' from 'apache-airflow-providers-amazon' package
[2026-04-13T13:29:27.620+0000] {logging_mixin.py:190} INFO - [2026-04-13T13:29:27.620+0000] {providers_manager.py:287} INFO - Optional provider feature disabled when importing 'airflow.providers.amazon.aws.assets.s3.convert_asset_to_openlineage' from 'apache-airflow-providers-amazon' package
[2026-04-13T13:29:27.635+0000] {processor.py:925} INFO - DAG(s) 'dataset_s3_bucket_producer', 'dataset_s3_bucket_consumer', 'dataset_alias_example_alias_producer', 'dataset_alias_example_alias_consumer' retrieved from /usr/local/python/3.12.1/lib/python3.12/site-packages/airflow/example_dags/example_dataset_alias.py
[2026-04-13T13:29:27.649+0000] {logging_mixin.py:190} INFO - [2026-04-13T13:29:27.649+0000] {dag.py:3239} INFO - Sync 4 DAGs
[2026-04-13T13:29:27.663+0000] {logging_mixin.py:190} INFO - [2026-04-13T13:29:27.663+0000] {dag.py:4180} INFO - Setting next_dagrun for dataset_alias_example_alias_consumer to None, run_after=None
[2026-04-13T13:29:27.665+0000] {logging_mixin.py:190} INFO - [2026-04-13T13:29:27.665+0000] {dag.py:4180} INFO - Setting next_dagrun for dataset_alias_example_alias_producer to None, run_after=None
[2026-04-13T13:29:27.665+0000] {logging_mixin.py:190} INFO - [2026-04-13T13:29:27.665+0000] {dag.py:4180} INFO - Setting next_dagrun for dataset_s3_bucket_consumer to None, run_after=None
[2026-04-13T13:29:27.666+0000] {logging_mixin.py:190} INFO - [2026-04-13T13:29:27.666+0000] {dag.py:4180} INFO - Setting next_dagrun for dataset_s3_bucket_producer to None, run_after=None
[2026-04-13T13:29:27.683+0000] {processor.py:208} INFO - Processing /usr/local/python/3.12.1/lib/python3.12/site-packages/airflow/example_dags/example_dataset_alias.py took 0.153 seconds
[2026-04-13T13:30:28.244+0000] {processor.py:186} INFO - Started process (PID=31440) to work on /usr/local/python/3.12.1/lib/python3.12/site-packages/airflow/example_dags/example_dataset_alias.py
[2026-04-13T13:30:28.245+0000] {processor.py:914} INFO - Processing file /usr/local/python/3.12.1/lib/python3.12/site-packages/airflow/example_dags/example_dataset_alias.py for tasks to queue
[2026-04-13T13:30:28.246+0000] {logging_mixin.py:190} INFO - [2026-04-13T13:30:28.246+0000] {dagbag.py:588} INFO - Filling up the DagBag from /usr/local/python/3.12.1/lib/python3.12/site-packages/airflow/example_dags/example_dataset_alias.py
[2026-04-13T13:30:28.330+0000] {logging_mixin.py:190} INFO - [2026-04-13T13:30:28.330+0000] {providers_manager.py:287} INFO - Optional provider feature disabled when importing 'airflow.providers.amazon.aws.assets.s3.sanitize_uri' from 'apache-airflow-providers-amazon' package
[2026-04-13T13:30:28.331+0000] {logging_mixin.py:190} INFO - [2026-04-13T13:30:28.331+0000] {providers_manager.py:287} INFO - Optional provider feature disabled when importing 'airflow.providers.amazon.aws.assets.s3.create_asset' from 'apache-airflow-providers-amazon' package
[2026-04-13T13:30:28.331+0000] {logging_mixin.py:190} INFO - [2026-04-13T13:30:28.331+0000] {providers_manager.py:287} INFO - Optional provider feature disabled when importing 'airflow.providers.amazon.aws.assets.s3.convert_asset_to_openlineage' from 'apache-airflow-providers-amazon' package
[2026-04-13T13:30:28.346+0000] {processor.py:925} INFO - DAG(s) 'dataset_alias_example_alias_producer', 'dataset_s3_bucket_producer', 'dataset_s3_bucket_consumer', 'dataset_alias_example_alias_consumer' retrieved from /usr/local/python/3.12.1/lib/python3.12/site-packages/airflow/example_dags/example_dataset_alias.py
[2026-04-13T13:30:28.362+0000] {logging_mixin.py:190} INFO - [2026-04-13T13:30:28.361+0000] {dag.py:3239} INFO - Sync 4 DAGs
[2026-04-13T13:30:28.378+0000] {logging_mixin.py:190} INFO - [2026-04-13T13:30:28.377+0000] {dag.py:4180} INFO - Setting next_dagrun for dataset_alias_example_alias_consumer to None, run_after=None
[2026-04-13T13:30:28.379+0000] {logging_mixin.py:190} INFO - [2026-04-13T13:30:28.379+0000] {dag.py:4180} INFO - Setting next_dagrun for dataset_alias_example_alias_producer to None, run_after=None
[2026-04-13T13:30:28.380+0000] {logging_mixin.py:190} INFO - [2026-04-13T13:30:28.380+0000] {dag.py:4180} INFO - Setting next_dagrun for dataset_s3_bucket_consumer to None, run_after=None
[2026-04-13T13:30:28.381+0000] {logging_mixin.py:190} INFO - [2026-04-13T13:30:28.381+0000] {dag.py:4180} INFO - Setting next_dagrun for dataset_s3_bucket_producer to None, run_after=None
[2026-04-13T13:30:28.397+0000] {processor.py:208} INFO - Processing /usr/local/python/3.12.1/lib/python3.12/site-packages/airflow/example_dags/example_dataset_alias.py took 0.157 seconds
[2026-04-13T13:31:29.356+0000] {processor.py:186} INFO - Started process (PID=31977) to work on /usr/local/python/3.12.1/lib/python3.12/site-packages/airflow/example_dags/example_dataset_alias.py
[2026-04-13T13:31:29.357+0000] {processor.py:914} INFO - Processing file /usr/local/python/3.12.1/lib/python3.12/site-packages/airflow/example_dags/example_dataset_alias.py for tasks to queue
[2026-04-13T13:31:29.358+0000] {logging_mixin.py:190} INFO - [2026-04-13T13:31:29.358+0000] {dagbag.py:588} INFO - Filling up the DagBag from /usr/local/python/3.12.1/lib/python3.12/site-packages/airflow/example_dags/example_dataset_alias.py
[2026-04-13T13:31:29.439+0000] {logging_mixin.py:190} INFO - [2026-04-13T13:31:29.439+0000] {providers_manager.py:287} INFO - Optional provider feature disabled when importing 'airflow.providers.amazon.aws.assets.s3.sanitize_uri' from 'apache-airflow-providers-amazon' package
[2026-04-13T13:31:29.440+0000] {logging_mixin.py:190} INFO - [2026-04-13T13:31:29.440+0000] {providers_manager.py:287} INFO - Optional provider feature disabled when importing 'airflow.providers.amazon.aws.assets.s3.create_asset' from 'apache-airflow-providers-amazon' package
[2026-04-13T13:31:29.441+0000] {logging_mixin.py:190} INFO - [2026-04-13T13:31:29.440+0000] {providers_manager.py:287} INFO - Optional provider feature disabled when importing 'airflow.providers.amazon.aws.assets.s3.convert_asset_to_openlineage' from 'apache-airflow-providers-amazon' package
[2026-04-13T13:31:29.458+0000] {processor.py:925} INFO - DAG(s) 'dataset_s3_bucket_producer', 'dataset_s3_bucket_consumer', 'dataset_alias_example_alias_producer', 'dataset_alias_example_alias_consumer' retrieved from /usr/local/python/3.12.1/lib/python3.12/site-packages/airflow/example_dags/example_dataset_alias.py
[2026-04-13T13:31:29.480+0000] {logging_mixin.py:190} INFO - [2026-04-13T13:31:29.480+0000] {dag.py:3239} INFO - Sync 4 DAGs
[2026-04-13T13:31:29.605+0000] {logging_mixin.py:190} INFO - [2026-04-13T13:31:29.605+0000] {dag.py:4180} INFO - Setting next_dagrun for dataset_alias_example_alias_consumer to None, run_after=None
[2026-04-13T13:31:29.607+0000] {logging_mixin.py:190} INFO - [2026-04-13T13:31:29.606+0000] {dag.py:4180} INFO - Setting next_dagrun for dataset_alias_example_alias_producer to None, run_after=None
[2026-04-13T13:31:29.607+0000] {logging_mixin.py:190} INFO - [2026-04-13T13:31:29.607+0000] {dag.py:4180} INFO - Setting next_dagrun for dataset_s3_bucket_consumer to None, run_after=None
[2026-04-13T13:31:29.608+0000] {logging_mixin.py:190} INFO - [2026-04-13T13:31:29.608+0000] {dag.py:4180} INFO - Setting next_dagrun for dataset_s3_bucket_producer to None, run_after=None
[2026-04-13T13:31:29.624+0000] {processor.py:208} INFO - Processing /usr/local/python/3.12.1/lib/python3.12/site-packages/airflow/example_dags/example_dataset_alias.py took 0.273 seconds
[2026-04-13T13:32:26.811+0000] {processor.py:186} INFO - Started process (PID=32545) to work on /usr/local/python/3.12.1/lib/python3.12/site-packages/airflow/example_dags/example_dataset_alias.py
[2026-04-13T13:32:26.812+0000] {processor.py:914} INFO - Processing file /usr/local/python/3.12.1/lib/python3.12/site-packages/airflow/example_dags/example_dataset_alias.py for tasks to queue
[2026-04-13T13:32:26.813+0000] {logging_mixin.py:190} INFO - [2026-04-13T13:32:26.813+0000] {dagbag.py:588} INFO - Filling up the DagBag from /usr/local/python/3.12.1/lib/python3.12/site-packages/airflow/example_dags/example_dataset_alias.py
[2026-04-13T13:32:26.919+0000] {logging_mixin.py:190} INFO - [2026-04-13T13:32:26.919+0000] {providers_manager.py:287} INFO - Optional provider feature disabled when importing 'airflow.providers.amazon.aws.assets.s3.sanitize_uri' from 'apache-airflow-providers-amazon' package
[2026-04-13T13:32:26.920+0000] {logging_mixin.py:190} INFO - [2026-04-13T13:32:26.920+0000] {providers_manager.py:287} INFO - Optional provider feature disabled when importing 'airflow.providers.amazon.aws.assets.s3.create_asset' from 'apache-airflow-providers-amazon' package
[2026-04-13T13:32:26.921+0000] {logging_mixin.py:190} INFO - [2026-04-13T13:32:26.921+0000] {providers_manager.py:287} INFO - Optional provider feature disabled when importing 'airflow.providers.amazon.aws.assets.s3.convert_asset_to_openlineage' from 'apache-airflow-providers-amazon' package
[2026-04-13T13:32:26.941+0000] {processor.py:925} INFO - DAG(s) 'dataset_alias_example_alias_consumer', 'dataset_s3_bucket_producer', 'dataset_s3_bucket_consumer', 'dataset_alias_example_alias_producer' retrieved from /usr/local/python/3.12.1/lib/python3.12/site-packages/airflow/example_dags/example_dataset_alias.py
[2026-04-13T13:32:26.956+0000] {logging_mixin.py:190} INFO - [2026-04-13T13:32:26.955+0000] {dag.py:3239} INFO - Sync 4 DAGs
[2026-04-13T13:32:26.970+0000] {logging_mixin.py:190} INFO - [2026-04-13T13:32:26.969+0000] {dag.py:4180} INFO - Setting next_dagrun for dataset_alias_example_alias_consumer to None, run_after=None
[2026-04-13T13:32:26.971+0000] {logging_mixin.py:190} INFO - [2026-04-13T13:32:26.971+0000] {dag.py:4180} INFO - Setting next_dagrun for dataset_alias_example_alias_producer to None, run_after=None
[2026-04-13T13:32:26.972+0000] {logging_mixin.py:190} INFO - [2026-04-13T13:32:26.972+0000] {dag.py:4180} INFO - Setting next_dagrun for dataset_s3_bucket_consumer to None, run_after=None
[2026-04-13T13:32:26.973+0000] {logging_mixin.py:190} INFO - [2026-04-13T13:32:26.972+0000] {dag.py:4180} INFO - Setting next_dagrun for dataset_s3_bucket_producer to None, run_after=None
[2026-04-13T13:32:26.989+0000] {processor.py:208} INFO - Processing /usr/local/python/3.12.1/lib/python3.12/site-packages/airflow/example_dags/example_dataset_alias.py took 0.182 seconds
[2026-04-13T13:33:26.805+0000] {processor.py:186} INFO - Started process (PID=33073) to work on /usr/local/python/3.12.1/lib/python3.12/site-packages/airflow/example_dags/example_dataset_alias.py
[2026-04-13T13:33:26.806+0000] {processor.py:914} INFO - Processing file /usr/local/python/3.12.1/lib/python3.12/site-packages/airflow/example_dags/example_dataset_alias.py for tasks to queue
[2026-04-13T13:33:26.807+0000] {logging_mixin.py:190} INFO - [2026-04-13T13:33:26.807+0000] {dagbag.py:588} INFO - Filling up the DagBag from /usr/local/python/3.12.1/lib/python3.12/site-packages/airflow/example_dags/example_dataset_alias.py
[2026-04-13T13:33:26.903+0000] {logging_mixin.py:190} INFO - [2026-04-13T13:33:26.902+0000] {providers_manager.py:287} INFO - Optional provider feature disabled when importing 'airflow.providers.amazon.aws.assets.s3.sanitize_uri' from 'apache-airflow-providers-amazon' package
[2026-04-13T13:33:26.903+0000] {logging_mixin.py:190} INFO - [2026-04-13T13:33:26.903+0000] {providers_manager.py:287} INFO - Optional provider feature disabled when importing 'airflow.providers.amazon.aws.assets.s3.create_asset' from 'apache-airflow-providers-amazon' package
[2026-04-13T13:33:26.904+0000] {logging_mixin.py:190} INFO - [2026-04-13T13:33:26.904+0000] {providers_manager.py:287} INFO - Optional provider feature disabled when importing 'airflow.providers.amazon.aws.assets.s3.convert_asset_to_openlineage' from 'apache-airflow-providers-amazon' package
[2026-04-13T13:33:26.922+0000] {processor.py:925} INFO - DAG(s) 'dataset_s3_bucket_producer', 'dataset_alias_example_alias_producer', 'dataset_alias_example_alias_consumer', 'dataset_s3_bucket_consumer' retrieved from /usr/local/python/3.12.1/lib/python3.12/site-packages/airflow/example_dags/example_dataset_alias.py
[2026-04-13T13:33:26.938+0000] {logging_mixin.py:190} INFO - [2026-04-13T13:33:26.938+0000] {dag.py:3239} INFO - Sync 4 DAGs
[2026-04-13T13:33:26.952+0000] {logging_mixin.py:190} INFO - [2026-04-13T13:33:26.952+0000] {dag.py:4180} INFO - Setting next_dagrun for dataset_alias_example_alias_consumer to None, run_after=None
[2026-04-13T13:33:26.954+0000] {logging_mixin.py:190} INFO - [2026-04-13T13:33:26.954+0000] {dag.py:4180} INFO - Setting next_dagrun for dataset_alias_example_alias_producer to None, run_after=None
[2026-04-13T13:33:26.955+0000] {logging_mixin.py:190} INFO - [2026-04-13T13:33:26.955+0000] {dag.py:4180} INFO - Setting next_dagrun for dataset_s3_bucket_consumer to None, run_after=None
[2026-04-13T13:33:26.955+0000] {logging_mixin.py:190} INFO - [2026-04-13T13:33:26.955+0000] {dag.py:4180} INFO - Setting next_dagrun for dataset_s3_bucket_producer to None, run_after=None
[2026-04-13T13:33:26.974+0000] {processor.py:208} INFO - Processing /usr/local/python/3.12.1/lib/python3.12/site-packages/airflow/example_dags/example_dataset_alias.py took 0.174 seconds
[2026-04-13T13:34:32.188+0000] {processor.py:186} INFO - Started process (PID=33777) to work on /usr/local/python/3.12.1/lib/python3.12/site-packages/airflow/example_dags/example_dataset_alias.py
[2026-04-13T13:34:32.189+0000] {processor.py:914} INFO - Processing file /usr/local/python/3.12.1/lib/python3.12/site-packages/airflow/example_dags/example_dataset_alias.py for tasks to queue
[2026-04-13T13:34:32.191+0000] {logging_mixin.py:190} INFO - [2026-04-13T13:34:32.190+0000] {dagbag.py:588} INFO - Filling up the DagBag from /usr/local/python/3.12.1/lib/python3.12/site-packages/airflow/example_dags/example_dataset_alias.py
[2026-04-13T13:34:32.273+0000] {logging_mixin.py:190} INFO - [2026-04-13T13:34:32.273+0000] {providers_manager.py:287} INFO - Optional provider feature disabled when importing 'airflow.providers.amazon.aws.assets.s3.sanitize_uri' from 'apache-airflow-providers-amazon' package
[2026-04-13T13:34:32.273+0000] {logging_mixin.py:190} INFO - [2026-04-13T13:34:32.273+0000] {providers_manager.py:287} INFO - Optional provider feature disabled when importing 'airflow.providers.amazon.aws.assets.s3.create_asset' from 'apache-airflow-providers-amazon' package
[2026-04-13T13:34:32.274+0000] {logging_mixin.py:190} INFO - [2026-04-13T13:34:32.274+0000] {providers_manager.py:287} INFO - Optional provider feature disabled when importing 'airflow.providers.amazon.aws.assets.s3.convert_asset_to_openlineage' from 'apache-airflow-providers-amazon' package
[2026-04-13T13:34:32.290+0000] {processor.py:925} INFO - DAG(s) 'dataset_s3_bucket_producer', 'dataset_alias_example_alias_producer', 'dataset_s3_bucket_consumer', 'dataset_alias_example_alias_consumer' retrieved from /usr/local/python/3.12.1/lib/python3.12/site-packages/airflow/example_dags/example_dataset_alias.py
[2026-04-13T13:34:32.311+0000] {logging_mixin.py:190} INFO - [2026-04-13T13:34:32.311+0000] {dag.py:3239} INFO - Sync 4 DAGs
[2026-04-13T13:34:32.436+0000] {logging_mixin.py:190} INFO - [2026-04-13T13:34:32.436+0000] {dag.py:4180} INFO - Setting next_dagrun for dataset_alias_example_alias_consumer to None, run_after=None
[2026-04-13T13:34:32.438+0000] {logging_mixin.py:190} INFO - [2026-04-13T13:34:32.438+0000] {dag.py:4180} INFO - Setting next_dagrun for dataset_alias_example_alias_producer to None, run_after=None
[2026-04-13T13:34:32.439+0000] {logging_mixin.py:190} INFO - [2026-04-13T13:34:32.439+0000] {dag.py:4180} INFO - Setting next_dagrun for dataset_s3_bucket_consumer to None, run_after=None
[2026-04-13T13:34:32.440+0000] {logging_mixin.py:190} INFO - [2026-04-13T13:34:32.439+0000] {dag.py:4180} INFO - Setting next_dagrun for dataset_s3_bucket_producer to None, run_after=None
[2026-04-13T13:34:32.456+0000] {processor.py:208} INFO - Processing /usr/local/python/3.12.1/lib/python3.12/site-packages/airflow/example_dags/example_dataset_alias.py took 0.271 seconds
[2026-04-13T13:35:39.041+0000] {processor.py:186} INFO - Started process (PID=34631) to work on /usr/local/python/3.12.1/lib/python3.12/site-packages/airflow/example_dags/example_dataset_alias.py
[2026-04-13T13:35:39.042+0000] {processor.py:914} INFO - Processing file /usr/local/python/3.12.1/lib/python3.12/site-packages/airflow/example_dags/example_dataset_alias.py for tasks to queue
[2026-04-13T13:35:39.043+0000] {logging_mixin.py:190} INFO - [2026-04-13T13:35:39.043+0000] {dagbag.py:588} INFO - Filling up the DagBag from /usr/local/python/3.12.1/lib/python3.12/site-packages/airflow/example_dags/example_dataset_alias.py
[2026-04-13T13:35:39.165+0000] {logging_mixin.py:190} INFO - [2026-04-13T13:35:39.165+0000] {providers_manager.py:287} INFO - Optional provider feature disabled when importing 'airflow.providers.amazon.aws.assets.s3.sanitize_uri' from 'apache-airflow-providers-amazon' package
[2026-04-13T13:35:39.166+0000] {logging_mixin.py:190} INFO - [2026-04-13T13:35:39.166+0000] {providers_manager.py:287} INFO - Optional provider feature disabled when importing 'airflow.providers.amazon.aws.assets.s3.create_asset' from 'apache-airflow-providers-amazon' package
[2026-04-13T13:35:39.167+0000] {logging_mixin.py:190} INFO - [2026-04-13T13:35:39.167+0000] {providers_manager.py:287} INFO - Optional provider feature disabled when importing 'airflow.providers.amazon.aws.assets.s3.convert_asset_to_openlineage' from 'apache-airflow-providers-amazon' package
[2026-04-13T13:35:39.197+0000] {processor.py:925} INFO - DAG(s) 'dataset_s3_bucket_producer', 'dataset_s3_bucket_consumer', 'dataset_alias_example_alias_producer', 'dataset_alias_example_alias_consumer' retrieved from /usr/local/python/3.12.1/lib/python3.12/site-packages/airflow/example_dags/example_dataset_alias.py
[2026-04-13T13:35:39.212+0000] {logging_mixin.py:190} INFO - [2026-04-13T13:35:39.212+0000] {dag.py:3239} INFO - Sync 4 DAGs
[2026-04-13T13:35:39.226+0000] {logging_mixin.py:190} INFO - [2026-04-13T13:35:39.226+0000] {dag.py:4180} INFO - Setting next_dagrun for dataset_alias_example_alias_consumer to None, run_after=None
[2026-04-13T13:35:39.228+0000] {logging_mixin.py:190} INFO - [2026-04-13T13:35:39.228+0000] {dag.py:4180} INFO - Setting next_dagrun for dataset_alias_example_alias_producer to None, run_after=None
[2026-04-13T13:35:39.229+0000] {logging_mixin.py:190} INFO - [2026-04-13T13:35:39.228+0000] {dag.py:4180} INFO - Setting next_dagrun for dataset_s3_bucket_consumer to None, run_after=None
[2026-04-13T13:35:39.229+0000] {logging_mixin.py:190} INFO - [2026-04-13T13:35:39.229+0000] {dag.py:4180} INFO - Setting next_dagrun for dataset_s3_bucket_producer to None, run_after=None
[2026-04-13T13:35:39.246+0000] {processor.py:208} INFO - Processing /usr/local/python/3.12.1/lib/python3.12/site-packages/airflow/example_dags/example_dataset_alias.py took 0.209 seconds
