[2026-04-13T13:07:13.040+0000] {processor.py:186} INFO - Started process (PID=16811) to work on /usr/local/python/3.12.1/lib/python3.12/site-packages/airflow/example_dags/example_outlet_event_extra.py
[2026-04-13T13:07:13.040+0000] {processor.py:914} INFO - Processing file /usr/local/python/3.12.1/lib/python3.12/site-packages/airflow/example_dags/example_outlet_event_extra.py for tasks to queue
[2026-04-13T13:07:13.042+0000] {logging_mixin.py:190} INFO - [2026-04-13T13:07:13.041+0000] {dagbag.py:588} INFO - Filling up the DagBag from /usr/local/python/3.12.1/lib/python3.12/site-packages/airflow/example_dags/example_outlet_event_extra.py
[2026-04-13T13:07:13.142+0000] {logging_mixin.py:190} INFO - [2026-04-13T13:07:13.141+0000] {providers_manager.py:287} INFO - Optional provider feature disabled when importing 'airflow.providers.amazon.aws.assets.s3.sanitize_uri' from 'apache-airflow-providers-amazon' package
[2026-04-13T13:07:13.142+0000] {logging_mixin.py:190} INFO - [2026-04-13T13:07:13.142+0000] {providers_manager.py:287} INFO - Optional provider feature disabled when importing 'airflow.providers.amazon.aws.assets.s3.create_asset' from 'apache-airflow-providers-amazon' package
[2026-04-13T13:07:13.143+0000] {logging_mixin.py:190} INFO - [2026-04-13T13:07:13.143+0000] {providers_manager.py:287} INFO - Optional provider feature disabled when importing 'airflow.providers.amazon.aws.assets.s3.convert_asset_to_openlineage' from 'apache-airflow-providers-amazon' package
[2026-04-13T13:07:13.151+0000] {processor.py:925} INFO - DAG(s) 'dataset_with_extra_by_yield', 'dataset_with_extra_by_context', 'dataset_with_extra_from_classic_operator' retrieved from /usr/local/python/3.12.1/lib/python3.12/site-packages/airflow/example_dags/example_outlet_event_extra.py
[2026-04-13T13:07:13.167+0000] {logging_mixin.py:190} INFO - [2026-04-13T13:07:13.167+0000] {dag.py:3239} INFO - Sync 3 DAGs
[2026-04-13T13:07:13.184+0000] {logging_mixin.py:190} INFO - [2026-04-13T13:07:13.184+0000] {dag.py:4180} INFO - Setting next_dagrun for dataset_with_extra_by_context to 2026-04-12 00:00:00+00:00, run_after=2026-04-13 00:00:00+00:00
[2026-04-13T13:07:13.187+0000] {logging_mixin.py:190} INFO - [2026-04-13T13:07:13.187+0000] {dag.py:4180} INFO - Setting next_dagrun for dataset_with_extra_by_yield to 2026-04-12 00:00:00+00:00, run_after=2026-04-13 00:00:00+00:00
[2026-04-13T13:07:13.189+0000] {logging_mixin.py:190} INFO - [2026-04-13T13:07:13.189+0000] {dag.py:4180} INFO - Setting next_dagrun for dataset_with_extra_from_classic_operator to 2026-04-12 00:00:00+00:00, run_after=2026-04-13 00:00:00+00:00
[2026-04-13T13:07:13.207+0000] {processor.py:208} INFO - Processing /usr/local/python/3.12.1/lib/python3.12/site-packages/airflow/example_dags/example_outlet_event_extra.py took 0.171 seconds
[2026-04-13T13:08:15.080+0000] {processor.py:186} INFO - Started process (PID=17638) to work on /usr/local/python/3.12.1/lib/python3.12/site-packages/airflow/example_dags/example_outlet_event_extra.py
[2026-04-13T13:08:15.080+0000] {processor.py:914} INFO - Processing file /usr/local/python/3.12.1/lib/python3.12/site-packages/airflow/example_dags/example_outlet_event_extra.py for tasks to queue
[2026-04-13T13:08:15.082+0000] {logging_mixin.py:190} INFO - [2026-04-13T13:08:15.082+0000] {dagbag.py:588} INFO - Filling up the DagBag from /usr/local/python/3.12.1/lib/python3.12/site-packages/airflow/example_dags/example_outlet_event_extra.py
[2026-04-13T13:08:15.163+0000] {logging_mixin.py:190} INFO - [2026-04-13T13:08:15.163+0000] {providers_manager.py:287} INFO - Optional provider feature disabled when importing 'airflow.providers.amazon.aws.assets.s3.sanitize_uri' from 'apache-airflow-providers-amazon' package
[2026-04-13T13:08:15.164+0000] {logging_mixin.py:190} INFO - [2026-04-13T13:08:15.163+0000] {providers_manager.py:287} INFO - Optional provider feature disabled when importing 'airflow.providers.amazon.aws.assets.s3.create_asset' from 'apache-airflow-providers-amazon' package
[2026-04-13T13:08:15.164+0000] {logging_mixin.py:190} INFO - [2026-04-13T13:08:15.164+0000] {providers_manager.py:287} INFO - Optional provider feature disabled when importing 'airflow.providers.amazon.aws.assets.s3.convert_asset_to_openlineage' from 'apache-airflow-providers-amazon' package
[2026-04-13T13:08:15.172+0000] {processor.py:925} INFO - DAG(s) 'dataset_with_extra_by_yield', 'dataset_with_extra_from_classic_operator', 'dataset_with_extra_by_context' retrieved from /usr/local/python/3.12.1/lib/python3.12/site-packages/airflow/example_dags/example_outlet_event_extra.py
[2026-04-13T13:08:15.187+0000] {logging_mixin.py:190} INFO - [2026-04-13T13:08:15.187+0000] {dag.py:3239} INFO - Sync 3 DAGs
[2026-04-13T13:08:15.203+0000] {logging_mixin.py:190} INFO - [2026-04-13T13:08:15.202+0000] {dag.py:4180} INFO - Setting next_dagrun for dataset_with_extra_by_context to 2026-04-12 00:00:00+00:00, run_after=2026-04-13 00:00:00+00:00
[2026-04-13T13:08:15.206+0000] {logging_mixin.py:190} INFO - [2026-04-13T13:08:15.206+0000] {dag.py:4180} INFO - Setting next_dagrun for dataset_with_extra_by_yield to 2026-04-12 00:00:00+00:00, run_after=2026-04-13 00:00:00+00:00
[2026-04-13T13:08:15.208+0000] {logging_mixin.py:190} INFO - [2026-04-13T13:08:15.208+0000] {dag.py:4180} INFO - Setting next_dagrun for dataset_with_extra_from_classic_operator to 2026-04-12 00:00:00+00:00, run_after=2026-04-13 00:00:00+00:00
[2026-04-13T13:08:15.225+0000] {processor.py:208} INFO - Processing /usr/local/python/3.12.1/lib/python3.12/site-packages/airflow/example_dags/example_outlet_event_extra.py took 0.149 seconds
[2026-04-13T13:09:18.600+0000] {processor.py:186} INFO - Started process (PID=18792) to work on /usr/local/python/3.12.1/lib/python3.12/site-packages/airflow/example_dags/example_outlet_event_extra.py
[2026-04-13T13:09:18.601+0000] {processor.py:914} INFO - Processing file /usr/local/python/3.12.1/lib/python3.12/site-packages/airflow/example_dags/example_outlet_event_extra.py for tasks to queue
[2026-04-13T13:09:18.602+0000] {logging_mixin.py:190} INFO - [2026-04-13T13:09:18.602+0000] {dagbag.py:588} INFO - Filling up the DagBag from /usr/local/python/3.12.1/lib/python3.12/site-packages/airflow/example_dags/example_outlet_event_extra.py
[2026-04-13T13:09:18.684+0000] {logging_mixin.py:190} INFO - [2026-04-13T13:09:18.683+0000] {providers_manager.py:287} INFO - Optional provider feature disabled when importing 'airflow.providers.amazon.aws.assets.s3.sanitize_uri' from 'apache-airflow-providers-amazon' package
[2026-04-13T13:09:18.684+0000] {logging_mixin.py:190} INFO - [2026-04-13T13:09:18.684+0000] {providers_manager.py:287} INFO - Optional provider feature disabled when importing 'airflow.providers.amazon.aws.assets.s3.create_asset' from 'apache-airflow-providers-amazon' package
[2026-04-13T13:09:18.685+0000] {logging_mixin.py:190} INFO - [2026-04-13T13:09:18.685+0000] {providers_manager.py:287} INFO - Optional provider feature disabled when importing 'airflow.providers.amazon.aws.assets.s3.convert_asset_to_openlineage' from 'apache-airflow-providers-amazon' package
[2026-04-13T13:09:18.693+0000] {processor.py:925} INFO - DAG(s) 'dataset_with_extra_by_context', 'dataset_with_extra_from_classic_operator', 'dataset_with_extra_by_yield' retrieved from /usr/local/python/3.12.1/lib/python3.12/site-packages/airflow/example_dags/example_outlet_event_extra.py
[2026-04-13T13:09:18.709+0000] {logging_mixin.py:190} INFO - [2026-04-13T13:09:18.709+0000] {dag.py:3239} INFO - Sync 3 DAGs
[2026-04-13T13:09:18.725+0000] {logging_mixin.py:190} INFO - [2026-04-13T13:09:18.725+0000] {dag.py:4180} INFO - Setting next_dagrun for dataset_with_extra_by_context to 2026-04-12 00:00:00+00:00, run_after=2026-04-13 00:00:00+00:00
[2026-04-13T13:09:18.729+0000] {logging_mixin.py:190} INFO - [2026-04-13T13:09:18.729+0000] {dag.py:4180} INFO - Setting next_dagrun for dataset_with_extra_by_yield to 2026-04-12 00:00:00+00:00, run_after=2026-04-13 00:00:00+00:00
[2026-04-13T13:09:18.730+0000] {logging_mixin.py:190} INFO - [2026-04-13T13:09:18.730+0000] {dag.py:4180} INFO - Setting next_dagrun for dataset_with_extra_from_classic_operator to 2026-04-12 00:00:00+00:00, run_after=2026-04-13 00:00:00+00:00
[2026-04-13T13:09:18.747+0000] {processor.py:208} INFO - Processing /usr/local/python/3.12.1/lib/python3.12/site-packages/airflow/example_dags/example_outlet_event_extra.py took 0.153 seconds
[2026-04-13T13:10:26.901+0000] {processor.py:186} INFO - Started process (PID=19651) to work on /usr/local/python/3.12.1/lib/python3.12/site-packages/airflow/example_dags/example_outlet_event_extra.py
[2026-04-13T13:10:26.902+0000] {processor.py:914} INFO - Processing file /usr/local/python/3.12.1/lib/python3.12/site-packages/airflow/example_dags/example_outlet_event_extra.py for tasks to queue
[2026-04-13T13:10:26.903+0000] {logging_mixin.py:190} INFO - [2026-04-13T13:10:26.903+0000] {dagbag.py:588} INFO - Filling up the DagBag from /usr/local/python/3.12.1/lib/python3.12/site-packages/airflow/example_dags/example_outlet_event_extra.py
[2026-04-13T13:10:27.015+0000] {logging_mixin.py:190} INFO - [2026-04-13T13:10:27.015+0000] {providers_manager.py:287} INFO - Optional provider feature disabled when importing 'airflow.providers.amazon.aws.assets.s3.sanitize_uri' from 'apache-airflow-providers-amazon' package
[2026-04-13T13:10:27.015+0000] {logging_mixin.py:190} INFO - [2026-04-13T13:10:27.015+0000] {providers_manager.py:287} INFO - Optional provider feature disabled when importing 'airflow.providers.amazon.aws.assets.s3.create_asset' from 'apache-airflow-providers-amazon' package
[2026-04-13T13:10:27.016+0000] {logging_mixin.py:190} INFO - [2026-04-13T13:10:27.016+0000] {providers_manager.py:287} INFO - Optional provider feature disabled when importing 'airflow.providers.amazon.aws.assets.s3.convert_asset_to_openlineage' from 'apache-airflow-providers-amazon' package
[2026-04-13T13:10:27.024+0000] {processor.py:925} INFO - DAG(s) 'dataset_with_extra_by_yield', 'dataset_with_extra_by_context', 'dataset_with_extra_from_classic_operator' retrieved from /usr/local/python/3.12.1/lib/python3.12/site-packages/airflow/example_dags/example_outlet_event_extra.py
[2026-04-13T13:10:27.039+0000] {logging_mixin.py:190} INFO - [2026-04-13T13:10:27.039+0000] {dag.py:3239} INFO - Sync 3 DAGs
[2026-04-13T13:10:27.056+0000] {logging_mixin.py:190} INFO - [2026-04-13T13:10:27.056+0000] {dag.py:4180} INFO - Setting next_dagrun for dataset_with_extra_by_context to 2026-04-12 00:00:00+00:00, run_after=2026-04-13 00:00:00+00:00
[2026-04-13T13:10:27.060+0000] {logging_mixin.py:190} INFO - [2026-04-13T13:10:27.060+0000] {dag.py:4180} INFO - Setting next_dagrun for dataset_with_extra_by_yield to 2026-04-12 00:00:00+00:00, run_after=2026-04-13 00:00:00+00:00
[2026-04-13T13:10:27.062+0000] {logging_mixin.py:190} INFO - [2026-04-13T13:10:27.061+0000] {dag.py:4180} INFO - Setting next_dagrun for dataset_with_extra_from_classic_operator to 2026-04-12 00:00:00+00:00, run_after=2026-04-13 00:00:00+00:00
[2026-04-13T13:10:27.079+0000] {processor.py:208} INFO - Processing /usr/local/python/3.12.1/lib/python3.12/site-packages/airflow/example_dags/example_outlet_event_extra.py took 0.181 seconds
[2026-04-13T13:11:25.562+0000] {processor.py:186} INFO - Started process (PID=20239) to work on /usr/local/python/3.12.1/lib/python3.12/site-packages/airflow/example_dags/example_outlet_event_extra.py
[2026-04-13T13:11:25.563+0000] {processor.py:914} INFO - Processing file /usr/local/python/3.12.1/lib/python3.12/site-packages/airflow/example_dags/example_outlet_event_extra.py for tasks to queue
[2026-04-13T13:11:25.564+0000] {logging_mixin.py:190} INFO - [2026-04-13T13:11:25.564+0000] {dagbag.py:588} INFO - Filling up the DagBag from /usr/local/python/3.12.1/lib/python3.12/site-packages/airflow/example_dags/example_outlet_event_extra.py
[2026-04-13T13:11:25.646+0000] {logging_mixin.py:190} INFO - [2026-04-13T13:11:25.645+0000] {providers_manager.py:287} INFO - Optional provider feature disabled when importing 'airflow.providers.amazon.aws.assets.s3.sanitize_uri' from 'apache-airflow-providers-amazon' package
[2026-04-13T13:11:25.646+0000] {logging_mixin.py:190} INFO - [2026-04-13T13:11:25.646+0000] {providers_manager.py:287} INFO - Optional provider feature disabled when importing 'airflow.providers.amazon.aws.assets.s3.create_asset' from 'apache-airflow-providers-amazon' package
[2026-04-13T13:11:25.647+0000] {logging_mixin.py:190} INFO - [2026-04-13T13:11:25.646+0000] {providers_manager.py:287} INFO - Optional provider feature disabled when importing 'airflow.providers.amazon.aws.assets.s3.convert_asset_to_openlineage' from 'apache-airflow-providers-amazon' package
[2026-04-13T13:11:25.655+0000] {processor.py:925} INFO - DAG(s) 'dataset_with_extra_by_context', 'dataset_with_extra_by_yield', 'dataset_with_extra_from_classic_operator' retrieved from /usr/local/python/3.12.1/lib/python3.12/site-packages/airflow/example_dags/example_outlet_event_extra.py
[2026-04-13T13:11:25.670+0000] {logging_mixin.py:190} INFO - [2026-04-13T13:11:25.669+0000] {dag.py:3239} INFO - Sync 3 DAGs
[2026-04-13T13:11:25.686+0000] {logging_mixin.py:190} INFO - [2026-04-13T13:11:25.686+0000] {dag.py:4180} INFO - Setting next_dagrun for dataset_with_extra_by_context to 2026-04-12 00:00:00+00:00, run_after=2026-04-13 00:00:00+00:00
[2026-04-13T13:11:25.691+0000] {logging_mixin.py:190} INFO - [2026-04-13T13:11:25.691+0000] {dag.py:4180} INFO - Setting next_dagrun for dataset_with_extra_by_yield to 2026-04-12 00:00:00+00:00, run_after=2026-04-13 00:00:00+00:00
[2026-04-13T13:11:25.693+0000] {logging_mixin.py:190} INFO - [2026-04-13T13:11:25.693+0000] {dag.py:4180} INFO - Setting next_dagrun for dataset_with_extra_from_classic_operator to 2026-04-12 00:00:00+00:00, run_after=2026-04-13 00:00:00+00:00
[2026-04-13T13:11:25.710+0000] {processor.py:208} INFO - Processing /usr/local/python/3.12.1/lib/python3.12/site-packages/airflow/example_dags/example_outlet_event_extra.py took 0.152 seconds
[2026-04-13T13:12:28.590+0000] {processor.py:186} INFO - Started process (PID=20866) to work on /usr/local/python/3.12.1/lib/python3.12/site-packages/airflow/example_dags/example_outlet_event_extra.py
[2026-04-13T13:12:28.591+0000] {processor.py:914} INFO - Processing file /usr/local/python/3.12.1/lib/python3.12/site-packages/airflow/example_dags/example_outlet_event_extra.py for tasks to queue
[2026-04-13T13:12:28.592+0000] {logging_mixin.py:190} INFO - [2026-04-13T13:12:28.592+0000] {dagbag.py:588} INFO - Filling up the DagBag from /usr/local/python/3.12.1/lib/python3.12/site-packages/airflow/example_dags/example_outlet_event_extra.py
[2026-04-13T13:12:28.734+0000] {logging_mixin.py:190} INFO - [2026-04-13T13:12:28.734+0000] {providers_manager.py:287} INFO - Optional provider feature disabled when importing 'airflow.providers.amazon.aws.assets.s3.sanitize_uri' from 'apache-airflow-providers-amazon' package
[2026-04-13T13:12:28.735+0000] {logging_mixin.py:190} INFO - [2026-04-13T13:12:28.734+0000] {providers_manager.py:287} INFO - Optional provider feature disabled when importing 'airflow.providers.amazon.aws.assets.s3.create_asset' from 'apache-airflow-providers-amazon' package
[2026-04-13T13:12:28.735+0000] {logging_mixin.py:190} INFO - [2026-04-13T13:12:28.735+0000] {providers_manager.py:287} INFO - Optional provider feature disabled when importing 'airflow.providers.amazon.aws.assets.s3.convert_asset_to_openlineage' from 'apache-airflow-providers-amazon' package
[2026-04-13T13:12:28.744+0000] {processor.py:925} INFO - DAG(s) 'dataset_with_extra_from_classic_operator', 'dataset_with_extra_by_context', 'dataset_with_extra_by_yield' retrieved from /usr/local/python/3.12.1/lib/python3.12/site-packages/airflow/example_dags/example_outlet_event_extra.py
[2026-04-13T13:12:28.758+0000] {logging_mixin.py:190} INFO - [2026-04-13T13:12:28.758+0000] {dag.py:3239} INFO - Sync 3 DAGs
[2026-04-13T13:12:28.774+0000] {logging_mixin.py:190} INFO - [2026-04-13T13:12:28.774+0000] {dag.py:4180} INFO - Setting next_dagrun for dataset_with_extra_by_context to 2026-04-12 00:00:00+00:00, run_after=2026-04-13 00:00:00+00:00
[2026-04-13T13:12:28.778+0000] {logging_mixin.py:190} INFO - [2026-04-13T13:12:28.778+0000] {dag.py:4180} INFO - Setting next_dagrun for dataset_with_extra_by_yield to 2026-04-12 00:00:00+00:00, run_after=2026-04-13 00:00:00+00:00
[2026-04-13T13:12:28.779+0000] {logging_mixin.py:190} INFO - [2026-04-13T13:12:28.779+0000] {dag.py:4180} INFO - Setting next_dagrun for dataset_with_extra_from_classic_operator to 2026-04-12 00:00:00+00:00, run_after=2026-04-13 00:00:00+00:00
[2026-04-13T13:12:28.797+0000] {processor.py:208} INFO - Processing /usr/local/python/3.12.1/lib/python3.12/site-packages/airflow/example_dags/example_outlet_event_extra.py took 0.211 seconds
[2026-04-13T13:13:32.190+0000] {processor.py:186} INFO - Started process (PID=21507) to work on /usr/local/python/3.12.1/lib/python3.12/site-packages/airflow/example_dags/example_outlet_event_extra.py
[2026-04-13T13:13:32.190+0000] {processor.py:914} INFO - Processing file /usr/local/python/3.12.1/lib/python3.12/site-packages/airflow/example_dags/example_outlet_event_extra.py for tasks to queue
[2026-04-13T13:13:32.192+0000] {logging_mixin.py:190} INFO - [2026-04-13T13:13:32.191+0000] {dagbag.py:588} INFO - Filling up the DagBag from /usr/local/python/3.12.1/lib/python3.12/site-packages/airflow/example_dags/example_outlet_event_extra.py
[2026-04-13T13:13:32.273+0000] {logging_mixin.py:190} INFO - [2026-04-13T13:13:32.272+0000] {providers_manager.py:287} INFO - Optional provider feature disabled when importing 'airflow.providers.amazon.aws.assets.s3.sanitize_uri' from 'apache-airflow-providers-amazon' package
[2026-04-13T13:13:32.273+0000] {logging_mixin.py:190} INFO - [2026-04-13T13:13:32.273+0000] {providers_manager.py:287} INFO - Optional provider feature disabled when importing 'airflow.providers.amazon.aws.assets.s3.create_asset' from 'apache-airflow-providers-amazon' package
[2026-04-13T13:13:32.274+0000] {logging_mixin.py:190} INFO - [2026-04-13T13:13:32.273+0000] {providers_manager.py:287} INFO - Optional provider feature disabled when importing 'airflow.providers.amazon.aws.assets.s3.convert_asset_to_openlineage' from 'apache-airflow-providers-amazon' package
[2026-04-13T13:13:32.282+0000] {processor.py:925} INFO - DAG(s) 'dataset_with_extra_from_classic_operator', 'dataset_with_extra_by_context', 'dataset_with_extra_by_yield' retrieved from /usr/local/python/3.12.1/lib/python3.12/site-packages/airflow/example_dags/example_outlet_event_extra.py
[2026-04-13T13:13:32.298+0000] {logging_mixin.py:190} INFO - [2026-04-13T13:13:32.298+0000] {dag.py:3239} INFO - Sync 3 DAGs
[2026-04-13T13:13:32.314+0000] {logging_mixin.py:190} INFO - [2026-04-13T13:13:32.314+0000] {dag.py:4180} INFO - Setting next_dagrun for dataset_with_extra_by_context to 2026-04-12 00:00:00+00:00, run_after=2026-04-13 00:00:00+00:00
[2026-04-13T13:13:32.318+0000] {logging_mixin.py:190} INFO - [2026-04-13T13:13:32.318+0000] {dag.py:4180} INFO - Setting next_dagrun for dataset_with_extra_by_yield to 2026-04-12 00:00:00+00:00, run_after=2026-04-13 00:00:00+00:00
[2026-04-13T13:13:32.319+0000] {logging_mixin.py:190} INFO - [2026-04-13T13:13:32.319+0000] {dag.py:4180} INFO - Setting next_dagrun for dataset_with_extra_from_classic_operator to 2026-04-12 00:00:00+00:00, run_after=2026-04-13 00:00:00+00:00
[2026-04-13T13:13:32.341+0000] {processor.py:208} INFO - Processing /usr/local/python/3.12.1/lib/python3.12/site-packages/airflow/example_dags/example_outlet_event_extra.py took 0.155 seconds
[2026-04-13T13:14:38.423+0000] {processor.py:186} INFO - Started process (PID=22219) to work on /usr/local/python/3.12.1/lib/python3.12/site-packages/airflow/example_dags/example_outlet_event_extra.py
[2026-04-13T13:14:38.424+0000] {processor.py:914} INFO - Processing file /usr/local/python/3.12.1/lib/python3.12/site-packages/airflow/example_dags/example_outlet_event_extra.py for tasks to queue
[2026-04-13T13:14:38.425+0000] {logging_mixin.py:190} INFO - [2026-04-13T13:14:38.425+0000] {dagbag.py:588} INFO - Filling up the DagBag from /usr/local/python/3.12.1/lib/python3.12/site-packages/airflow/example_dags/example_outlet_event_extra.py
[2026-04-13T13:14:38.509+0000] {logging_mixin.py:190} INFO - [2026-04-13T13:14:38.509+0000] {providers_manager.py:287} INFO - Optional provider feature disabled when importing 'airflow.providers.amazon.aws.assets.s3.sanitize_uri' from 'apache-airflow-providers-amazon' package
[2026-04-13T13:14:38.509+0000] {logging_mixin.py:190} INFO - [2026-04-13T13:14:38.509+0000] {providers_manager.py:287} INFO - Optional provider feature disabled when importing 'airflow.providers.amazon.aws.assets.s3.create_asset' from 'apache-airflow-providers-amazon' package
[2026-04-13T13:14:38.510+0000] {logging_mixin.py:190} INFO - [2026-04-13T13:14:38.510+0000] {providers_manager.py:287} INFO - Optional provider feature disabled when importing 'airflow.providers.amazon.aws.assets.s3.convert_asset_to_openlineage' from 'apache-airflow-providers-amazon' package
[2026-04-13T13:14:38.520+0000] {processor.py:925} INFO - DAG(s) 'dataset_with_extra_by_yield', 'dataset_with_extra_from_classic_operator', 'dataset_with_extra_by_context' retrieved from /usr/local/python/3.12.1/lib/python3.12/site-packages/airflow/example_dags/example_outlet_event_extra.py
[2026-04-13T13:14:38.537+0000] {logging_mixin.py:190} INFO - [2026-04-13T13:14:38.537+0000] {dag.py:3239} INFO - Sync 3 DAGs
[2026-04-13T13:14:38.558+0000] {logging_mixin.py:190} INFO - [2026-04-13T13:14:38.558+0000] {dag.py:4180} INFO - Setting next_dagrun for dataset_with_extra_by_context to 2026-04-12 00:00:00+00:00, run_after=2026-04-13 00:00:00+00:00
[2026-04-13T13:14:38.564+0000] {logging_mixin.py:190} INFO - [2026-04-13T13:14:38.564+0000] {dag.py:4180} INFO - Setting next_dagrun for dataset_with_extra_by_yield to 2026-04-12 00:00:00+00:00, run_after=2026-04-13 00:00:00+00:00
[2026-04-13T13:14:38.567+0000] {logging_mixin.py:190} INFO - [2026-04-13T13:14:38.567+0000] {dag.py:4180} INFO - Setting next_dagrun for dataset_with_extra_from_classic_operator to 2026-04-12 00:00:00+00:00, run_after=2026-04-13 00:00:00+00:00
[2026-04-13T13:14:38.603+0000] {processor.py:208} INFO - Processing /usr/local/python/3.12.1/lib/python3.12/site-packages/airflow/example_dags/example_outlet_event_extra.py took 0.184 seconds
[2026-04-13T13:15:43.042+0000] {processor.py:186} INFO - Started process (PID=22905) to work on /usr/local/python/3.12.1/lib/python3.12/site-packages/airflow/example_dags/example_outlet_event_extra.py
[2026-04-13T13:15:43.043+0000] {processor.py:914} INFO - Processing file /usr/local/python/3.12.1/lib/python3.12/site-packages/airflow/example_dags/example_outlet_event_extra.py for tasks to queue
[2026-04-13T13:15:43.044+0000] {logging_mixin.py:190} INFO - [2026-04-13T13:15:43.044+0000] {dagbag.py:588} INFO - Filling up the DagBag from /usr/local/python/3.12.1/lib/python3.12/site-packages/airflow/example_dags/example_outlet_event_extra.py
[2026-04-13T13:15:43.126+0000] {logging_mixin.py:190} INFO - [2026-04-13T13:15:43.126+0000] {providers_manager.py:287} INFO - Optional provider feature disabled when importing 'airflow.providers.amazon.aws.assets.s3.sanitize_uri' from 'apache-airflow-providers-amazon' package
[2026-04-13T13:15:43.127+0000] {logging_mixin.py:190} INFO - [2026-04-13T13:15:43.127+0000] {providers_manager.py:287} INFO - Optional provider feature disabled when importing 'airflow.providers.amazon.aws.assets.s3.create_asset' from 'apache-airflow-providers-amazon' package
[2026-04-13T13:15:43.127+0000] {logging_mixin.py:190} INFO - [2026-04-13T13:15:43.127+0000] {providers_manager.py:287} INFO - Optional provider feature disabled when importing 'airflow.providers.amazon.aws.assets.s3.convert_asset_to_openlineage' from 'apache-airflow-providers-amazon' package
[2026-04-13T13:15:43.136+0000] {processor.py:925} INFO - DAG(s) 'dataset_with_extra_by_yield', 'dataset_with_extra_from_classic_operator', 'dataset_with_extra_by_context' retrieved from /usr/local/python/3.12.1/lib/python3.12/site-packages/airflow/example_dags/example_outlet_event_extra.py
[2026-04-13T13:15:43.156+0000] {logging_mixin.py:190} INFO - [2026-04-13T13:15:43.156+0000] {dag.py:3239} INFO - Sync 3 DAGs
[2026-04-13T13:15:43.172+0000] {logging_mixin.py:190} INFO - [2026-04-13T13:15:43.172+0000] {dag.py:4180} INFO - Setting next_dagrun for dataset_with_extra_by_context to 2026-04-12 00:00:00+00:00, run_after=2026-04-13 00:00:00+00:00
[2026-04-13T13:15:43.175+0000] {logging_mixin.py:190} INFO - [2026-04-13T13:15:43.175+0000] {dag.py:4180} INFO - Setting next_dagrun for dataset_with_extra_by_yield to 2026-04-12 00:00:00+00:00, run_after=2026-04-13 00:00:00+00:00
[2026-04-13T13:15:43.177+0000] {logging_mixin.py:190} INFO - [2026-04-13T13:15:43.177+0000] {dag.py:4180} INFO - Setting next_dagrun for dataset_with_extra_from_classic_operator to 2026-04-12 00:00:00+00:00, run_after=2026-04-13 00:00:00+00:00
[2026-04-13T13:15:43.195+0000] {processor.py:208} INFO - Processing /usr/local/python/3.12.1/lib/python3.12/site-packages/airflow/example_dags/example_outlet_event_extra.py took 0.157 seconds
[2026-04-13T13:16:45.207+0000] {processor.py:186} INFO - Started process (PID=23697) to work on /usr/local/python/3.12.1/lib/python3.12/site-packages/airflow/example_dags/example_outlet_event_extra.py
[2026-04-13T13:16:45.207+0000] {processor.py:914} INFO - Processing file /usr/local/python/3.12.1/lib/python3.12/site-packages/airflow/example_dags/example_outlet_event_extra.py for tasks to queue
[2026-04-13T13:16:45.209+0000] {logging_mixin.py:190} INFO - [2026-04-13T13:16:45.209+0000] {dagbag.py:588} INFO - Filling up the DagBag from /usr/local/python/3.12.1/lib/python3.12/site-packages/airflow/example_dags/example_outlet_event_extra.py
[2026-04-13T13:16:45.312+0000] {logging_mixin.py:190} INFO - [2026-04-13T13:16:45.312+0000] {providers_manager.py:287} INFO - Optional provider feature disabled when importing 'airflow.providers.amazon.aws.assets.s3.sanitize_uri' from 'apache-airflow-providers-amazon' package
[2026-04-13T13:16:45.313+0000] {logging_mixin.py:190} INFO - [2026-04-13T13:16:45.313+0000] {providers_manager.py:287} INFO - Optional provider feature disabled when importing 'airflow.providers.amazon.aws.assets.s3.create_asset' from 'apache-airflow-providers-amazon' package
[2026-04-13T13:16:45.314+0000] {logging_mixin.py:190} INFO - [2026-04-13T13:16:45.314+0000] {providers_manager.py:287} INFO - Optional provider feature disabled when importing 'airflow.providers.amazon.aws.assets.s3.convert_asset_to_openlineage' from 'apache-airflow-providers-amazon' package
[2026-04-13T13:16:45.328+0000] {processor.py:925} INFO - DAG(s) 'dataset_with_extra_by_yield', 'dataset_with_extra_by_context', 'dataset_with_extra_from_classic_operator' retrieved from /usr/local/python/3.12.1/lib/python3.12/site-packages/airflow/example_dags/example_outlet_event_extra.py
[2026-04-13T13:16:45.345+0000] {logging_mixin.py:190} INFO - [2026-04-13T13:16:45.345+0000] {dag.py:3239} INFO - Sync 3 DAGs
[2026-04-13T13:16:45.372+0000] {logging_mixin.py:190} INFO - [2026-04-13T13:16:45.372+0000] {dag.py:4180} INFO - Setting next_dagrun for dataset_with_extra_by_context to 2026-04-12 00:00:00+00:00, run_after=2026-04-13 00:00:00+00:00
[2026-04-13T13:16:45.390+0000] {logging_mixin.py:190} INFO - [2026-04-13T13:16:45.390+0000] {dag.py:4180} INFO - Setting next_dagrun for dataset_with_extra_by_yield to 2026-04-12 00:00:00+00:00, run_after=2026-04-13 00:00:00+00:00
[2026-04-13T13:16:45.394+0000] {logging_mixin.py:190} INFO - [2026-04-13T13:16:45.394+0000] {dag.py:4180} INFO - Setting next_dagrun for dataset_with_extra_from_classic_operator to 2026-04-12 00:00:00+00:00, run_after=2026-04-13 00:00:00+00:00
[2026-04-13T13:16:45.424+0000] {processor.py:208} INFO - Processing /usr/local/python/3.12.1/lib/python3.12/site-packages/airflow/example_dags/example_outlet_event_extra.py took 0.222 seconds
[2026-04-13T13:18:08.119+0000] {processor.py:186} INFO - Started process (PID=24851) to work on /usr/local/python/3.12.1/lib/python3.12/site-packages/airflow/example_dags/example_outlet_event_extra.py
[2026-04-13T13:18:08.120+0000] {processor.py:914} INFO - Processing file /usr/local/python/3.12.1/lib/python3.12/site-packages/airflow/example_dags/example_outlet_event_extra.py for tasks to queue
[2026-04-13T13:18:08.121+0000] {logging_mixin.py:190} INFO - [2026-04-13T13:18:08.121+0000] {dagbag.py:588} INFO - Filling up the DagBag from /usr/local/python/3.12.1/lib/python3.12/site-packages/airflow/example_dags/example_outlet_event_extra.py
[2026-04-13T13:18:08.232+0000] {logging_mixin.py:190} INFO - [2026-04-13T13:18:08.231+0000] {providers_manager.py:287} INFO - Optional provider feature disabled when importing 'airflow.providers.amazon.aws.assets.s3.sanitize_uri' from 'apache-airflow-providers-amazon' package
[2026-04-13T13:18:08.232+0000] {logging_mixin.py:190} INFO - [2026-04-13T13:18:08.232+0000] {providers_manager.py:287} INFO - Optional provider feature disabled when importing 'airflow.providers.amazon.aws.assets.s3.create_asset' from 'apache-airflow-providers-amazon' package
[2026-04-13T13:18:08.233+0000] {logging_mixin.py:190} INFO - [2026-04-13T13:18:08.233+0000] {providers_manager.py:287} INFO - Optional provider feature disabled when importing 'airflow.providers.amazon.aws.assets.s3.convert_asset_to_openlineage' from 'apache-airflow-providers-amazon' package
[2026-04-13T13:18:08.242+0000] {processor.py:925} INFO - DAG(s) 'dataset_with_extra_from_classic_operator', 'dataset_with_extra_by_context', 'dataset_with_extra_by_yield' retrieved from /usr/local/python/3.12.1/lib/python3.12/site-packages/airflow/example_dags/example_outlet_event_extra.py
[2026-04-13T13:18:08.257+0000] {logging_mixin.py:190} INFO - [2026-04-13T13:18:08.256+0000] {dag.py:3239} INFO - Sync 3 DAGs
[2026-04-13T13:18:08.272+0000] {logging_mixin.py:190} INFO - [2026-04-13T13:18:08.272+0000] {dag.py:4180} INFO - Setting next_dagrun for dataset_with_extra_by_context to 2026-04-12 00:00:00+00:00, run_after=2026-04-13 00:00:00+00:00
[2026-04-13T13:18:08.276+0000] {logging_mixin.py:190} INFO - [2026-04-13T13:18:08.276+0000] {dag.py:4180} INFO - Setting next_dagrun for dataset_with_extra_by_yield to 2026-04-12 00:00:00+00:00, run_after=2026-04-13 00:00:00+00:00
[2026-04-13T13:18:08.277+0000] {logging_mixin.py:190} INFO - [2026-04-13T13:18:08.277+0000] {dag.py:4180} INFO - Setting next_dagrun for dataset_with_extra_from_classic_operator to 2026-04-12 00:00:00+00:00, run_after=2026-04-13 00:00:00+00:00
[2026-04-13T13:18:08.298+0000] {processor.py:208} INFO - Processing /usr/local/python/3.12.1/lib/python3.12/site-packages/airflow/example_dags/example_outlet_event_extra.py took 0.183 seconds
[2026-04-13T13:19:08.967+0000] {processor.py:186} INFO - Started process (PID=25380) to work on /usr/local/python/3.12.1/lib/python3.12/site-packages/airflow/example_dags/example_outlet_event_extra.py
[2026-04-13T13:19:08.968+0000] {processor.py:914} INFO - Processing file /usr/local/python/3.12.1/lib/python3.12/site-packages/airflow/example_dags/example_outlet_event_extra.py for tasks to queue
[2026-04-13T13:19:08.969+0000] {logging_mixin.py:190} INFO - [2026-04-13T13:19:08.969+0000] {dagbag.py:588} INFO - Filling up the DagBag from /usr/local/python/3.12.1/lib/python3.12/site-packages/airflow/example_dags/example_outlet_event_extra.py
[2026-04-13T13:19:09.051+0000] {logging_mixin.py:190} INFO - [2026-04-13T13:19:09.050+0000] {providers_manager.py:287} INFO - Optional provider feature disabled when importing 'airflow.providers.amazon.aws.assets.s3.sanitize_uri' from 'apache-airflow-providers-amazon' package
[2026-04-13T13:19:09.051+0000] {logging_mixin.py:190} INFO - [2026-04-13T13:19:09.051+0000] {providers_manager.py:287} INFO - Optional provider feature disabled when importing 'airflow.providers.amazon.aws.assets.s3.create_asset' from 'apache-airflow-providers-amazon' package
[2026-04-13T13:19:09.052+0000] {logging_mixin.py:190} INFO - [2026-04-13T13:19:09.051+0000] {providers_manager.py:287} INFO - Optional provider feature disabled when importing 'airflow.providers.amazon.aws.assets.s3.convert_asset_to_openlineage' from 'apache-airflow-providers-amazon' package
[2026-04-13T13:19:09.060+0000] {processor.py:925} INFO - DAG(s) 'dataset_with_extra_from_classic_operator', 'dataset_with_extra_by_context', 'dataset_with_extra_by_yield' retrieved from /usr/local/python/3.12.1/lib/python3.12/site-packages/airflow/example_dags/example_outlet_event_extra.py
[2026-04-13T13:19:09.075+0000] {logging_mixin.py:190} INFO - [2026-04-13T13:19:09.075+0000] {dag.py:3239} INFO - Sync 3 DAGs
[2026-04-13T13:19:09.092+0000] {logging_mixin.py:190} INFO - [2026-04-13T13:19:09.092+0000] {dag.py:4180} INFO - Setting next_dagrun for dataset_with_extra_by_context to 2026-04-12 00:00:00+00:00, run_after=2026-04-13 00:00:00+00:00
[2026-04-13T13:19:09.096+0000] {logging_mixin.py:190} INFO - [2026-04-13T13:19:09.096+0000] {dag.py:4180} INFO - Setting next_dagrun for dataset_with_extra_by_yield to 2026-04-12 00:00:00+00:00, run_after=2026-04-13 00:00:00+00:00
[2026-04-13T13:19:09.097+0000] {logging_mixin.py:190} INFO - [2026-04-13T13:19:09.097+0000] {dag.py:4180} INFO - Setting next_dagrun for dataset_with_extra_from_classic_operator to 2026-04-12 00:00:00+00:00, run_after=2026-04-13 00:00:00+00:00
[2026-04-13T13:19:09.115+0000] {processor.py:208} INFO - Processing /usr/local/python/3.12.1/lib/python3.12/site-packages/airflow/example_dags/example_outlet_event_extra.py took 0.152 seconds
[2026-04-13T13:20:10.962+0000] {processor.py:186} INFO - Started process (PID=25928) to work on /usr/local/python/3.12.1/lib/python3.12/site-packages/airflow/example_dags/example_outlet_event_extra.py
[2026-04-13T13:20:10.963+0000] {processor.py:914} INFO - Processing file /usr/local/python/3.12.1/lib/python3.12/site-packages/airflow/example_dags/example_outlet_event_extra.py for tasks to queue
[2026-04-13T13:20:10.964+0000] {logging_mixin.py:190} INFO - [2026-04-13T13:20:10.964+0000] {dagbag.py:588} INFO - Filling up the DagBag from /usr/local/python/3.12.1/lib/python3.12/site-packages/airflow/example_dags/example_outlet_event_extra.py
[2026-04-13T13:20:11.052+0000] {logging_mixin.py:190} INFO - [2026-04-13T13:20:11.052+0000] {providers_manager.py:287} INFO - Optional provider feature disabled when importing 'airflow.providers.amazon.aws.assets.s3.sanitize_uri' from 'apache-airflow-providers-amazon' package
[2026-04-13T13:20:11.053+0000] {logging_mixin.py:190} INFO - [2026-04-13T13:20:11.053+0000] {providers_manager.py:287} INFO - Optional provider feature disabled when importing 'airflow.providers.amazon.aws.assets.s3.create_asset' from 'apache-airflow-providers-amazon' package
[2026-04-13T13:20:11.053+0000] {logging_mixin.py:190} INFO - [2026-04-13T13:20:11.053+0000] {providers_manager.py:287} INFO - Optional provider feature disabled when importing 'airflow.providers.amazon.aws.assets.s3.convert_asset_to_openlineage' from 'apache-airflow-providers-amazon' package
[2026-04-13T13:20:11.062+0000] {processor.py:925} INFO - DAG(s) 'dataset_with_extra_by_yield', 'dataset_with_extra_from_classic_operator', 'dataset_with_extra_by_context' retrieved from /usr/local/python/3.12.1/lib/python3.12/site-packages/airflow/example_dags/example_outlet_event_extra.py
[2026-04-13T13:20:11.077+0000] {logging_mixin.py:190} INFO - [2026-04-13T13:20:11.077+0000] {dag.py:3239} INFO - Sync 3 DAGs
[2026-04-13T13:20:11.092+0000] {logging_mixin.py:190} INFO - [2026-04-13T13:20:11.092+0000] {dag.py:4180} INFO - Setting next_dagrun for dataset_with_extra_by_context to 2026-04-12 00:00:00+00:00, run_after=2026-04-13 00:00:00+00:00
[2026-04-13T13:20:11.096+0000] {logging_mixin.py:190} INFO - [2026-04-13T13:20:11.096+0000] {dag.py:4180} INFO - Setting next_dagrun for dataset_with_extra_by_yield to 2026-04-12 00:00:00+00:00, run_after=2026-04-13 00:00:00+00:00
[2026-04-13T13:20:11.097+0000] {logging_mixin.py:190} INFO - [2026-04-13T13:20:11.097+0000] {dag.py:4180} INFO - Setting next_dagrun for dataset_with_extra_from_classic_operator to 2026-04-12 00:00:00+00:00, run_after=2026-04-13 00:00:00+00:00
[2026-04-13T13:20:11.116+0000] {processor.py:208} INFO - Processing /usr/local/python/3.12.1/lib/python3.12/site-packages/airflow/example_dags/example_outlet_event_extra.py took 0.157 seconds
[2026-04-13T13:21:11.680+0000] {processor.py:186} INFO - Started process (PID=26458) to work on /usr/local/python/3.12.1/lib/python3.12/site-packages/airflow/example_dags/example_outlet_event_extra.py
[2026-04-13T13:21:11.681+0000] {processor.py:914} INFO - Processing file /usr/local/python/3.12.1/lib/python3.12/site-packages/airflow/example_dags/example_outlet_event_extra.py for tasks to queue
[2026-04-13T13:21:11.683+0000] {logging_mixin.py:190} INFO - [2026-04-13T13:21:11.682+0000] {dagbag.py:588} INFO - Filling up the DagBag from /usr/local/python/3.12.1/lib/python3.12/site-packages/airflow/example_dags/example_outlet_event_extra.py
[2026-04-13T13:21:11.772+0000] {logging_mixin.py:190} INFO - [2026-04-13T13:21:11.771+0000] {providers_manager.py:287} INFO - Optional provider feature disabled when importing 'airflow.providers.amazon.aws.assets.s3.sanitize_uri' from 'apache-airflow-providers-amazon' package
[2026-04-13T13:21:11.772+0000] {logging_mixin.py:190} INFO - [2026-04-13T13:21:11.772+0000] {providers_manager.py:287} INFO - Optional provider feature disabled when importing 'airflow.providers.amazon.aws.assets.s3.create_asset' from 'apache-airflow-providers-amazon' package
[2026-04-13T13:21:11.773+0000] {logging_mixin.py:190} INFO - [2026-04-13T13:21:11.773+0000] {providers_manager.py:287} INFO - Optional provider feature disabled when importing 'airflow.providers.amazon.aws.assets.s3.convert_asset_to_openlineage' from 'apache-airflow-providers-amazon' package
[2026-04-13T13:21:11.782+0000] {processor.py:925} INFO - DAG(s) 'dataset_with_extra_by_context', 'dataset_with_extra_from_classic_operator', 'dataset_with_extra_by_yield' retrieved from /usr/local/python/3.12.1/lib/python3.12/site-packages/airflow/example_dags/example_outlet_event_extra.py
[2026-04-13T13:21:11.797+0000] {logging_mixin.py:190} INFO - [2026-04-13T13:21:11.797+0000] {dag.py:3239} INFO - Sync 3 DAGs
[2026-04-13T13:21:11.813+0000] {logging_mixin.py:190} INFO - [2026-04-13T13:21:11.813+0000] {dag.py:4180} INFO - Setting next_dagrun for dataset_with_extra_by_context to 2026-04-12 00:00:00+00:00, run_after=2026-04-13 00:00:00+00:00
[2026-04-13T13:21:11.816+0000] {logging_mixin.py:190} INFO - [2026-04-13T13:21:11.816+0000] {dag.py:4180} INFO - Setting next_dagrun for dataset_with_extra_by_yield to 2026-04-12 00:00:00+00:00, run_after=2026-04-13 00:00:00+00:00
[2026-04-13T13:21:11.818+0000] {logging_mixin.py:190} INFO - [2026-04-13T13:21:11.818+0000] {dag.py:4180} INFO - Setting next_dagrun for dataset_with_extra_from_classic_operator to 2026-04-12 00:00:00+00:00, run_after=2026-04-13 00:00:00+00:00
[2026-04-13T13:21:11.835+0000] {processor.py:208} INFO - Processing /usr/local/python/3.12.1/lib/python3.12/site-packages/airflow/example_dags/example_outlet_event_extra.py took 0.158 seconds
[2026-04-13T13:22:10.564+0000] {processor.py:186} INFO - Started process (PID=27040) to work on /usr/local/python/3.12.1/lib/python3.12/site-packages/airflow/example_dags/example_outlet_event_extra.py
[2026-04-13T13:22:10.565+0000] {processor.py:914} INFO - Processing file /usr/local/python/3.12.1/lib/python3.12/site-packages/airflow/example_dags/example_outlet_event_extra.py for tasks to queue
[2026-04-13T13:22:10.566+0000] {logging_mixin.py:190} INFO - [2026-04-13T13:22:10.566+0000] {dagbag.py:588} INFO - Filling up the DagBag from /usr/local/python/3.12.1/lib/python3.12/site-packages/airflow/example_dags/example_outlet_event_extra.py
[2026-04-13T13:22:10.647+0000] {logging_mixin.py:190} INFO - [2026-04-13T13:22:10.647+0000] {providers_manager.py:287} INFO - Optional provider feature disabled when importing 'airflow.providers.amazon.aws.assets.s3.sanitize_uri' from 'apache-airflow-providers-amazon' package
[2026-04-13T13:22:10.648+0000] {logging_mixin.py:190} INFO - [2026-04-13T13:22:10.648+0000] {providers_manager.py:287} INFO - Optional provider feature disabled when importing 'airflow.providers.amazon.aws.assets.s3.create_asset' from 'apache-airflow-providers-amazon' package
[2026-04-13T13:22:10.648+0000] {logging_mixin.py:190} INFO - [2026-04-13T13:22:10.648+0000] {providers_manager.py:287} INFO - Optional provider feature disabled when importing 'airflow.providers.amazon.aws.assets.s3.convert_asset_to_openlineage' from 'apache-airflow-providers-amazon' package
[2026-04-13T13:22:10.657+0000] {processor.py:925} INFO - DAG(s) 'dataset_with_extra_by_context', 'dataset_with_extra_from_classic_operator', 'dataset_with_extra_by_yield' retrieved from /usr/local/python/3.12.1/lib/python3.12/site-packages/airflow/example_dags/example_outlet_event_extra.py
[2026-04-13T13:22:10.672+0000] {logging_mixin.py:190} INFO - [2026-04-13T13:22:10.671+0000] {dag.py:3239} INFO - Sync 3 DAGs
[2026-04-13T13:22:10.688+0000] {logging_mixin.py:190} INFO - [2026-04-13T13:22:10.688+0000] {dag.py:4180} INFO - Setting next_dagrun for dataset_with_extra_by_context to 2026-04-12 00:00:00+00:00, run_after=2026-04-13 00:00:00+00:00
[2026-04-13T13:22:10.692+0000] {logging_mixin.py:190} INFO - [2026-04-13T13:22:10.692+0000] {dag.py:4180} INFO - Setting next_dagrun for dataset_with_extra_by_yield to 2026-04-12 00:00:00+00:00, run_after=2026-04-13 00:00:00+00:00
[2026-04-13T13:22:10.694+0000] {logging_mixin.py:190} INFO - [2026-04-13T13:22:10.694+0000] {dag.py:4180} INFO - Setting next_dagrun for dataset_with_extra_from_classic_operator to 2026-04-12 00:00:00+00:00, run_after=2026-04-13 00:00:00+00:00
[2026-04-13T13:22:10.711+0000] {processor.py:208} INFO - Processing /usr/local/python/3.12.1/lib/python3.12/site-packages/airflow/example_dags/example_outlet_event_extra.py took 0.151 seconds
[2026-04-13T13:23:14.011+0000] {processor.py:186} INFO - Started process (PID=27583) to work on /usr/local/python/3.12.1/lib/python3.12/site-packages/airflow/example_dags/example_outlet_event_extra.py
[2026-04-13T13:23:14.012+0000] {processor.py:914} INFO - Processing file /usr/local/python/3.12.1/lib/python3.12/site-packages/airflow/example_dags/example_outlet_event_extra.py for tasks to queue
[2026-04-13T13:23:14.013+0000] {logging_mixin.py:190} INFO - [2026-04-13T13:23:14.013+0000] {dagbag.py:588} INFO - Filling up the DagBag from /usr/local/python/3.12.1/lib/python3.12/site-packages/airflow/example_dags/example_outlet_event_extra.py
[2026-04-13T13:23:14.122+0000] {logging_mixin.py:190} INFO - [2026-04-13T13:23:14.122+0000] {providers_manager.py:287} INFO - Optional provider feature disabled when importing 'airflow.providers.amazon.aws.assets.s3.sanitize_uri' from 'apache-airflow-providers-amazon' package
[2026-04-13T13:23:14.122+0000] {logging_mixin.py:190} INFO - [2026-04-13T13:23:14.122+0000] {providers_manager.py:287} INFO - Optional provider feature disabled when importing 'airflow.providers.amazon.aws.assets.s3.create_asset' from 'apache-airflow-providers-amazon' package
[2026-04-13T13:23:14.123+0000] {logging_mixin.py:190} INFO - [2026-04-13T13:23:14.123+0000] {providers_manager.py:287} INFO - Optional provider feature disabled when importing 'airflow.providers.amazon.aws.assets.s3.convert_asset_to_openlineage' from 'apache-airflow-providers-amazon' package
[2026-04-13T13:23:14.133+0000] {processor.py:925} INFO - DAG(s) 'dataset_with_extra_by_yield', 'dataset_with_extra_by_context', 'dataset_with_extra_from_classic_operator' retrieved from /usr/local/python/3.12.1/lib/python3.12/site-packages/airflow/example_dags/example_outlet_event_extra.py
[2026-04-13T13:23:14.152+0000] {logging_mixin.py:190} INFO - [2026-04-13T13:23:14.152+0000] {dag.py:3239} INFO - Sync 3 DAGs
[2026-04-13T13:23:14.168+0000] {logging_mixin.py:190} INFO - [2026-04-13T13:23:14.168+0000] {dag.py:4180} INFO - Setting next_dagrun for dataset_with_extra_by_context to 2026-04-12 00:00:00+00:00, run_after=2026-04-13 00:00:00+00:00
[2026-04-13T13:23:14.172+0000] {logging_mixin.py:190} INFO - [2026-04-13T13:23:14.172+0000] {dag.py:4180} INFO - Setting next_dagrun for dataset_with_extra_by_yield to 2026-04-12 00:00:00+00:00, run_after=2026-04-13 00:00:00+00:00
[2026-04-13T13:23:14.174+0000] {logging_mixin.py:190} INFO - [2026-04-13T13:23:14.174+0000] {dag.py:4180} INFO - Setting next_dagrun for dataset_with_extra_from_classic_operator to 2026-04-12 00:00:00+00:00, run_after=2026-04-13 00:00:00+00:00
[2026-04-13T13:23:14.191+0000] {processor.py:208} INFO - Processing /usr/local/python/3.12.1/lib/python3.12/site-packages/airflow/example_dags/example_outlet_event_extra.py took 0.183 seconds
[2026-04-13T13:24:12.892+0000] {processor.py:186} INFO - Started process (PID=28122) to work on /usr/local/python/3.12.1/lib/python3.12/site-packages/airflow/example_dags/example_outlet_event_extra.py
[2026-04-13T13:24:12.893+0000] {processor.py:914} INFO - Processing file /usr/local/python/3.12.1/lib/python3.12/site-packages/airflow/example_dags/example_outlet_event_extra.py for tasks to queue
[2026-04-13T13:24:12.895+0000] {logging_mixin.py:190} INFO - [2026-04-13T13:24:12.894+0000] {dagbag.py:588} INFO - Filling up the DagBag from /usr/local/python/3.12.1/lib/python3.12/site-packages/airflow/example_dags/example_outlet_event_extra.py
[2026-04-13T13:24:12.978+0000] {logging_mixin.py:190} INFO - [2026-04-13T13:24:12.978+0000] {providers_manager.py:287} INFO - Optional provider feature disabled when importing 'airflow.providers.amazon.aws.assets.s3.sanitize_uri' from 'apache-airflow-providers-amazon' package
[2026-04-13T13:24:12.979+0000] {logging_mixin.py:190} INFO - [2026-04-13T13:24:12.979+0000] {providers_manager.py:287} INFO - Optional provider feature disabled when importing 'airflow.providers.amazon.aws.assets.s3.create_asset' from 'apache-airflow-providers-amazon' package
[2026-04-13T13:24:12.979+0000] {logging_mixin.py:190} INFO - [2026-04-13T13:24:12.979+0000] {providers_manager.py:287} INFO - Optional provider feature disabled when importing 'airflow.providers.amazon.aws.assets.s3.convert_asset_to_openlineage' from 'apache-airflow-providers-amazon' package
[2026-04-13T13:24:12.988+0000] {processor.py:925} INFO - DAG(s) 'dataset_with_extra_by_yield', 'dataset_with_extra_from_classic_operator', 'dataset_with_extra_by_context' retrieved from /usr/local/python/3.12.1/lib/python3.12/site-packages/airflow/example_dags/example_outlet_event_extra.py
[2026-04-13T13:24:13.004+0000] {logging_mixin.py:190} INFO - [2026-04-13T13:24:13.003+0000] {dag.py:3239} INFO - Sync 3 DAGs
[2026-04-13T13:24:13.019+0000] {logging_mixin.py:190} INFO - [2026-04-13T13:24:13.019+0000] {dag.py:4180} INFO - Setting next_dagrun for dataset_with_extra_by_context to 2026-04-12 00:00:00+00:00, run_after=2026-04-13 00:00:00+00:00
[2026-04-13T13:24:13.023+0000] {logging_mixin.py:190} INFO - [2026-04-13T13:24:13.023+0000] {dag.py:4180} INFO - Setting next_dagrun for dataset_with_extra_by_yield to 2026-04-12 00:00:00+00:00, run_after=2026-04-13 00:00:00+00:00
[2026-04-13T13:24:13.025+0000] {logging_mixin.py:190} INFO - [2026-04-13T13:24:13.024+0000] {dag.py:4180} INFO - Setting next_dagrun for dataset_with_extra_from_classic_operator to 2026-04-12 00:00:00+00:00, run_after=2026-04-13 00:00:00+00:00
[2026-04-13T13:24:13.045+0000] {processor.py:208} INFO - Processing /usr/local/python/3.12.1/lib/python3.12/site-packages/airflow/example_dags/example_outlet_event_extra.py took 0.157 seconds
[2026-04-13T13:25:12.576+0000] {processor.py:186} INFO - Started process (PID=28645) to work on /usr/local/python/3.12.1/lib/python3.12/site-packages/airflow/example_dags/example_outlet_event_extra.py
[2026-04-13T13:25:12.577+0000] {processor.py:914} INFO - Processing file /usr/local/python/3.12.1/lib/python3.12/site-packages/airflow/example_dags/example_outlet_event_extra.py for tasks to queue
[2026-04-13T13:25:12.579+0000] {logging_mixin.py:190} INFO - [2026-04-13T13:25:12.578+0000] {dagbag.py:588} INFO - Filling up the DagBag from /usr/local/python/3.12.1/lib/python3.12/site-packages/airflow/example_dags/example_outlet_event_extra.py
[2026-04-13T13:25:12.663+0000] {logging_mixin.py:190} INFO - [2026-04-13T13:25:12.663+0000] {providers_manager.py:287} INFO - Optional provider feature disabled when importing 'airflow.providers.amazon.aws.assets.s3.sanitize_uri' from 'apache-airflow-providers-amazon' package
[2026-04-13T13:25:12.664+0000] {logging_mixin.py:190} INFO - [2026-04-13T13:25:12.664+0000] {providers_manager.py:287} INFO - Optional provider feature disabled when importing 'airflow.providers.amazon.aws.assets.s3.create_asset' from 'apache-airflow-providers-amazon' package
[2026-04-13T13:25:12.664+0000] {logging_mixin.py:190} INFO - [2026-04-13T13:25:12.664+0000] {providers_manager.py:287} INFO - Optional provider feature disabled when importing 'airflow.providers.amazon.aws.assets.s3.convert_asset_to_openlineage' from 'apache-airflow-providers-amazon' package
[2026-04-13T13:25:12.673+0000] {processor.py:925} INFO - DAG(s) 'dataset_with_extra_by_context', 'dataset_with_extra_by_yield', 'dataset_with_extra_from_classic_operator' retrieved from /usr/local/python/3.12.1/lib/python3.12/site-packages/airflow/example_dags/example_outlet_event_extra.py
[2026-04-13T13:25:12.687+0000] {logging_mixin.py:190} INFO - [2026-04-13T13:25:12.687+0000] {dag.py:3239} INFO - Sync 3 DAGs
[2026-04-13T13:25:12.708+0000] {logging_mixin.py:190} INFO - [2026-04-13T13:25:12.708+0000] {dag.py:4180} INFO - Setting next_dagrun for dataset_with_extra_by_context to 2026-04-12 00:00:00+00:00, run_after=2026-04-13 00:00:00+00:00
[2026-04-13T13:25:12.711+0000] {logging_mixin.py:190} INFO - [2026-04-13T13:25:12.711+0000] {dag.py:4180} INFO - Setting next_dagrun for dataset_with_extra_by_yield to 2026-04-12 00:00:00+00:00, run_after=2026-04-13 00:00:00+00:00
[2026-04-13T13:25:12.713+0000] {logging_mixin.py:190} INFO - [2026-04-13T13:25:12.713+0000] {dag.py:4180} INFO - Setting next_dagrun for dataset_with_extra_from_classic_operator to 2026-04-12 00:00:00+00:00, run_after=2026-04-13 00:00:00+00:00
[2026-04-13T13:25:12.729+0000] {processor.py:208} INFO - Processing /usr/local/python/3.12.1/lib/python3.12/site-packages/airflow/example_dags/example_outlet_event_extra.py took 0.159 seconds
[2026-04-13T13:26:17.011+0000] {processor.py:186} INFO - Started process (PID=29196) to work on /usr/local/python/3.12.1/lib/python3.12/site-packages/airflow/example_dags/example_outlet_event_extra.py
[2026-04-13T13:26:17.011+0000] {processor.py:914} INFO - Processing file /usr/local/python/3.12.1/lib/python3.12/site-packages/airflow/example_dags/example_outlet_event_extra.py for tasks to queue
[2026-04-13T13:26:17.013+0000] {logging_mixin.py:190} INFO - [2026-04-13T13:26:17.012+0000] {dagbag.py:588} INFO - Filling up the DagBag from /usr/local/python/3.12.1/lib/python3.12/site-packages/airflow/example_dags/example_outlet_event_extra.py
[2026-04-13T13:26:17.098+0000] {logging_mixin.py:190} INFO - [2026-04-13T13:26:17.097+0000] {providers_manager.py:287} INFO - Optional provider feature disabled when importing 'airflow.providers.amazon.aws.assets.s3.sanitize_uri' from 'apache-airflow-providers-amazon' package
[2026-04-13T13:26:17.098+0000] {logging_mixin.py:190} INFO - [2026-04-13T13:26:17.098+0000] {providers_manager.py:287} INFO - Optional provider feature disabled when importing 'airflow.providers.amazon.aws.assets.s3.create_asset' from 'apache-airflow-providers-amazon' package
[2026-04-13T13:26:17.099+0000] {logging_mixin.py:190} INFO - [2026-04-13T13:26:17.099+0000] {providers_manager.py:287} INFO - Optional provider feature disabled when importing 'airflow.providers.amazon.aws.assets.s3.convert_asset_to_openlineage' from 'apache-airflow-providers-amazon' package
[2026-04-13T13:26:17.107+0000] {processor.py:925} INFO - DAG(s) 'dataset_with_extra_by_yield', 'dataset_with_extra_by_context', 'dataset_with_extra_from_classic_operator' retrieved from /usr/local/python/3.12.1/lib/python3.12/site-packages/airflow/example_dags/example_outlet_event_extra.py
[2026-04-13T13:26:17.125+0000] {logging_mixin.py:190} INFO - [2026-04-13T13:26:17.125+0000] {dag.py:3239} INFO - Sync 3 DAGs
[2026-04-13T13:26:17.143+0000] {logging_mixin.py:190} INFO - [2026-04-13T13:26:17.143+0000] {dag.py:4180} INFO - Setting next_dagrun for dataset_with_extra_by_context to 2026-04-12 00:00:00+00:00, run_after=2026-04-13 00:00:00+00:00
[2026-04-13T13:26:17.146+0000] {logging_mixin.py:190} INFO - [2026-04-13T13:26:17.146+0000] {dag.py:4180} INFO - Setting next_dagrun for dataset_with_extra_by_yield to 2026-04-12 00:00:00+00:00, run_after=2026-04-13 00:00:00+00:00
[2026-04-13T13:26:17.148+0000] {logging_mixin.py:190} INFO - [2026-04-13T13:26:17.148+0000] {dag.py:4180} INFO - Setting next_dagrun for dataset_with_extra_from_classic_operator to 2026-04-12 00:00:00+00:00, run_after=2026-04-13 00:00:00+00:00
[2026-04-13T13:26:17.165+0000] {processor.py:208} INFO - Processing /usr/local/python/3.12.1/lib/python3.12/site-packages/airflow/example_dags/example_outlet_event_extra.py took 0.158 seconds
[2026-04-13T13:27:15.554+0000] {processor.py:186} INFO - Started process (PID=29773) to work on /usr/local/python/3.12.1/lib/python3.12/site-packages/airflow/example_dags/example_outlet_event_extra.py
[2026-04-13T13:27:15.554+0000] {processor.py:914} INFO - Processing file /usr/local/python/3.12.1/lib/python3.12/site-packages/airflow/example_dags/example_outlet_event_extra.py for tasks to queue
[2026-04-13T13:27:15.556+0000] {logging_mixin.py:190} INFO - [2026-04-13T13:27:15.555+0000] {dagbag.py:588} INFO - Filling up the DagBag from /usr/local/python/3.12.1/lib/python3.12/site-packages/airflow/example_dags/example_outlet_event_extra.py
[2026-04-13T13:27:15.636+0000] {logging_mixin.py:190} INFO - [2026-04-13T13:27:15.636+0000] {providers_manager.py:287} INFO - Optional provider feature disabled when importing 'airflow.providers.amazon.aws.assets.s3.sanitize_uri' from 'apache-airflow-providers-amazon' package
[2026-04-13T13:27:15.637+0000] {logging_mixin.py:190} INFO - [2026-04-13T13:27:15.637+0000] {providers_manager.py:287} INFO - Optional provider feature disabled when importing 'airflow.providers.amazon.aws.assets.s3.create_asset' from 'apache-airflow-providers-amazon' package
[2026-04-13T13:27:15.637+0000] {logging_mixin.py:190} INFO - [2026-04-13T13:27:15.637+0000] {providers_manager.py:287} INFO - Optional provider feature disabled when importing 'airflow.providers.amazon.aws.assets.s3.convert_asset_to_openlineage' from 'apache-airflow-providers-amazon' package
[2026-04-13T13:27:15.646+0000] {processor.py:925} INFO - DAG(s) 'dataset_with_extra_by_yield', 'dataset_with_extra_from_classic_operator', 'dataset_with_extra_by_context' retrieved from /usr/local/python/3.12.1/lib/python3.12/site-packages/airflow/example_dags/example_outlet_event_extra.py
[2026-04-13T13:27:15.661+0000] {logging_mixin.py:190} INFO - [2026-04-13T13:27:15.661+0000] {dag.py:3239} INFO - Sync 3 DAGs
[2026-04-13T13:27:15.677+0000] {logging_mixin.py:190} INFO - [2026-04-13T13:27:15.677+0000] {dag.py:4180} INFO - Setting next_dagrun for dataset_with_extra_by_context to 2026-04-12 00:00:00+00:00, run_after=2026-04-13 00:00:00+00:00
[2026-04-13T13:27:15.681+0000] {logging_mixin.py:190} INFO - [2026-04-13T13:27:15.681+0000] {dag.py:4180} INFO - Setting next_dagrun for dataset_with_extra_by_yield to 2026-04-12 00:00:00+00:00, run_after=2026-04-13 00:00:00+00:00
[2026-04-13T13:27:15.682+0000] {logging_mixin.py:190} INFO - [2026-04-13T13:27:15.682+0000] {dag.py:4180} INFO - Setting next_dagrun for dataset_with_extra_from_classic_operator to 2026-04-12 00:00:00+00:00, run_after=2026-04-13 00:00:00+00:00
[2026-04-13T13:27:15.701+0000] {processor.py:208} INFO - Processing /usr/local/python/3.12.1/lib/python3.12/site-packages/airflow/example_dags/example_outlet_event_extra.py took 0.152 seconds
[2026-04-13T13:28:13.189+0000] {processor.py:186} INFO - Started process (PID=30280) to work on /usr/local/python/3.12.1/lib/python3.12/site-packages/airflow/example_dags/example_outlet_event_extra.py
[2026-04-13T13:28:13.190+0000] {processor.py:914} INFO - Processing file /usr/local/python/3.12.1/lib/python3.12/site-packages/airflow/example_dags/example_outlet_event_extra.py for tasks to queue
[2026-04-13T13:28:13.191+0000] {logging_mixin.py:190} INFO - [2026-04-13T13:28:13.191+0000] {dagbag.py:588} INFO - Filling up the DagBag from /usr/local/python/3.12.1/lib/python3.12/site-packages/airflow/example_dags/example_outlet_event_extra.py
[2026-04-13T13:28:13.272+0000] {logging_mixin.py:190} INFO - [2026-04-13T13:28:13.272+0000] {providers_manager.py:287} INFO - Optional provider feature disabled when importing 'airflow.providers.amazon.aws.assets.s3.sanitize_uri' from 'apache-airflow-providers-amazon' package
[2026-04-13T13:28:13.273+0000] {logging_mixin.py:190} INFO - [2026-04-13T13:28:13.273+0000] {providers_manager.py:287} INFO - Optional provider feature disabled when importing 'airflow.providers.amazon.aws.assets.s3.create_asset' from 'apache-airflow-providers-amazon' package
[2026-04-13T13:28:13.273+0000] {logging_mixin.py:190} INFO - [2026-04-13T13:28:13.273+0000] {providers_manager.py:287} INFO - Optional provider feature disabled when importing 'airflow.providers.amazon.aws.assets.s3.convert_asset_to_openlineage' from 'apache-airflow-providers-amazon' package
[2026-04-13T13:28:13.282+0000] {processor.py:925} INFO - DAG(s) 'dataset_with_extra_from_classic_operator', 'dataset_with_extra_by_context', 'dataset_with_extra_by_yield' retrieved from /usr/local/python/3.12.1/lib/python3.12/site-packages/airflow/example_dags/example_outlet_event_extra.py
[2026-04-13T13:28:13.297+0000] {logging_mixin.py:190} INFO - [2026-04-13T13:28:13.296+0000] {dag.py:3239} INFO - Sync 3 DAGs
[2026-04-13T13:28:13.315+0000] {logging_mixin.py:190} INFO - [2026-04-13T13:28:13.315+0000] {dag.py:4180} INFO - Setting next_dagrun for dataset_with_extra_by_context to 2026-04-12 00:00:00+00:00, run_after=2026-04-13 00:00:00+00:00
[2026-04-13T13:28:13.319+0000] {logging_mixin.py:190} INFO - [2026-04-13T13:28:13.319+0000] {dag.py:4180} INFO - Setting next_dagrun for dataset_with_extra_by_yield to 2026-04-12 00:00:00+00:00, run_after=2026-04-13 00:00:00+00:00
[2026-04-13T13:28:13.320+0000] {logging_mixin.py:190} INFO - [2026-04-13T13:28:13.320+0000] {dag.py:4180} INFO - Setting next_dagrun for dataset_with_extra_from_classic_operator to 2026-04-12 00:00:00+00:00, run_after=2026-04-13 00:00:00+00:00
[2026-04-13T13:28:13.337+0000] {processor.py:208} INFO - Processing /usr/local/python/3.12.1/lib/python3.12/site-packages/airflow/example_dags/example_outlet_event_extra.py took 0.152 seconds
[2026-04-13T13:29:17.219+0000] {processor.py:186} INFO - Started process (PID=30829) to work on /usr/local/python/3.12.1/lib/python3.12/site-packages/airflow/example_dags/example_outlet_event_extra.py
[2026-04-13T13:29:17.220+0000] {processor.py:914} INFO - Processing file /usr/local/python/3.12.1/lib/python3.12/site-packages/airflow/example_dags/example_outlet_event_extra.py for tasks to queue
[2026-04-13T13:29:17.221+0000] {logging_mixin.py:190} INFO - [2026-04-13T13:29:17.221+0000] {dagbag.py:588} INFO - Filling up the DagBag from /usr/local/python/3.12.1/lib/python3.12/site-packages/airflow/example_dags/example_outlet_event_extra.py
[2026-04-13T13:29:17.307+0000] {logging_mixin.py:190} INFO - [2026-04-13T13:29:17.307+0000] {providers_manager.py:287} INFO - Optional provider feature disabled when importing 'airflow.providers.amazon.aws.assets.s3.sanitize_uri' from 'apache-airflow-providers-amazon' package
[2026-04-13T13:29:17.308+0000] {logging_mixin.py:190} INFO - [2026-04-13T13:29:17.308+0000] {providers_manager.py:287} INFO - Optional provider feature disabled when importing 'airflow.providers.amazon.aws.assets.s3.create_asset' from 'apache-airflow-providers-amazon' package
[2026-04-13T13:29:17.308+0000] {logging_mixin.py:190} INFO - [2026-04-13T13:29:17.308+0000] {providers_manager.py:287} INFO - Optional provider feature disabled when importing 'airflow.providers.amazon.aws.assets.s3.convert_asset_to_openlineage' from 'apache-airflow-providers-amazon' package
[2026-04-13T13:29:17.317+0000] {processor.py:925} INFO - DAG(s) 'dataset_with_extra_from_classic_operator', 'dataset_with_extra_by_yield', 'dataset_with_extra_by_context' retrieved from /usr/local/python/3.12.1/lib/python3.12/site-packages/airflow/example_dags/example_outlet_event_extra.py
[2026-04-13T13:29:17.332+0000] {logging_mixin.py:190} INFO - [2026-04-13T13:29:17.332+0000] {dag.py:3239} INFO - Sync 3 DAGs
[2026-04-13T13:29:17.348+0000] {logging_mixin.py:190} INFO - [2026-04-13T13:29:17.347+0000] {dag.py:4180} INFO - Setting next_dagrun for dataset_with_extra_by_context to 2026-04-12 00:00:00+00:00, run_after=2026-04-13 00:00:00+00:00
[2026-04-13T13:29:17.351+0000] {logging_mixin.py:190} INFO - [2026-04-13T13:29:17.351+0000] {dag.py:4180} INFO - Setting next_dagrun for dataset_with_extra_by_yield to 2026-04-12 00:00:00+00:00, run_after=2026-04-13 00:00:00+00:00
[2026-04-13T13:29:17.353+0000] {logging_mixin.py:190} INFO - [2026-04-13T13:29:17.352+0000] {dag.py:4180} INFO - Setting next_dagrun for dataset_with_extra_from_classic_operator to 2026-04-12 00:00:00+00:00, run_after=2026-04-13 00:00:00+00:00
[2026-04-13T13:29:17.369+0000] {processor.py:208} INFO - Processing /usr/local/python/3.12.1/lib/python3.12/site-packages/airflow/example_dags/example_outlet_event_extra.py took 0.154 seconds
[2026-04-13T13:30:17.858+0000] {processor.py:186} INFO - Started process (PID=31360) to work on /usr/local/python/3.12.1/lib/python3.12/site-packages/airflow/example_dags/example_outlet_event_extra.py
[2026-04-13T13:30:17.858+0000] {processor.py:914} INFO - Processing file /usr/local/python/3.12.1/lib/python3.12/site-packages/airflow/example_dags/example_outlet_event_extra.py for tasks to queue
[2026-04-13T13:30:17.860+0000] {logging_mixin.py:190} INFO - [2026-04-13T13:30:17.859+0000] {dagbag.py:588} INFO - Filling up the DagBag from /usr/local/python/3.12.1/lib/python3.12/site-packages/airflow/example_dags/example_outlet_event_extra.py
[2026-04-13T13:30:17.942+0000] {logging_mixin.py:190} INFO - [2026-04-13T13:30:17.942+0000] {providers_manager.py:287} INFO - Optional provider feature disabled when importing 'airflow.providers.amazon.aws.assets.s3.sanitize_uri' from 'apache-airflow-providers-amazon' package
[2026-04-13T13:30:17.943+0000] {logging_mixin.py:190} INFO - [2026-04-13T13:30:17.943+0000] {providers_manager.py:287} INFO - Optional provider feature disabled when importing 'airflow.providers.amazon.aws.assets.s3.create_asset' from 'apache-airflow-providers-amazon' package
[2026-04-13T13:30:17.943+0000] {logging_mixin.py:190} INFO - [2026-04-13T13:30:17.943+0000] {providers_manager.py:287} INFO - Optional provider feature disabled when importing 'airflow.providers.amazon.aws.assets.s3.convert_asset_to_openlineage' from 'apache-airflow-providers-amazon' package
[2026-04-13T13:30:17.952+0000] {processor.py:925} INFO - DAG(s) 'dataset_with_extra_from_classic_operator', 'dataset_with_extra_by_yield', 'dataset_with_extra_by_context' retrieved from /usr/local/python/3.12.1/lib/python3.12/site-packages/airflow/example_dags/example_outlet_event_extra.py
[2026-04-13T13:30:17.967+0000] {logging_mixin.py:190} INFO - [2026-04-13T13:30:17.967+0000] {dag.py:3239} INFO - Sync 3 DAGs
[2026-04-13T13:30:17.983+0000] {logging_mixin.py:190} INFO - [2026-04-13T13:30:17.983+0000] {dag.py:4180} INFO - Setting next_dagrun for dataset_with_extra_by_context to 2026-04-12 00:00:00+00:00, run_after=2026-04-13 00:00:00+00:00
[2026-04-13T13:30:17.987+0000] {logging_mixin.py:190} INFO - [2026-04-13T13:30:17.987+0000] {dag.py:4180} INFO - Setting next_dagrun for dataset_with_extra_by_yield to 2026-04-12 00:00:00+00:00, run_after=2026-04-13 00:00:00+00:00
[2026-04-13T13:30:17.988+0000] {logging_mixin.py:190} INFO - [2026-04-13T13:30:17.988+0000] {dag.py:4180} INFO - Setting next_dagrun for dataset_with_extra_from_classic_operator to 2026-04-12 00:00:00+00:00, run_after=2026-04-13 00:00:00+00:00
[2026-04-13T13:30:18.005+0000] {processor.py:208} INFO - Processing /usr/local/python/3.12.1/lib/python3.12/site-packages/airflow/example_dags/example_outlet_event_extra.py took 0.151 seconds
[2026-04-13T13:31:19.020+0000] {processor.py:186} INFO - Started process (PID=31896) to work on /usr/local/python/3.12.1/lib/python3.12/site-packages/airflow/example_dags/example_outlet_event_extra.py
[2026-04-13T13:31:19.021+0000] {processor.py:914} INFO - Processing file /usr/local/python/3.12.1/lib/python3.12/site-packages/airflow/example_dags/example_outlet_event_extra.py for tasks to queue
[2026-04-13T13:31:19.022+0000] {logging_mixin.py:190} INFO - [2026-04-13T13:31:19.022+0000] {dagbag.py:588} INFO - Filling up the DagBag from /usr/local/python/3.12.1/lib/python3.12/site-packages/airflow/example_dags/example_outlet_event_extra.py
[2026-04-13T13:31:19.105+0000] {logging_mixin.py:190} INFO - [2026-04-13T13:31:19.105+0000] {providers_manager.py:287} INFO - Optional provider feature disabled when importing 'airflow.providers.amazon.aws.assets.s3.sanitize_uri' from 'apache-airflow-providers-amazon' package
[2026-04-13T13:31:19.106+0000] {logging_mixin.py:190} INFO - [2026-04-13T13:31:19.105+0000] {providers_manager.py:287} INFO - Optional provider feature disabled when importing 'airflow.providers.amazon.aws.assets.s3.create_asset' from 'apache-airflow-providers-amazon' package
[2026-04-13T13:31:19.106+0000] {logging_mixin.py:190} INFO - [2026-04-13T13:31:19.106+0000] {providers_manager.py:287} INFO - Optional provider feature disabled when importing 'airflow.providers.amazon.aws.assets.s3.convert_asset_to_openlineage' from 'apache-airflow-providers-amazon' package
[2026-04-13T13:31:19.114+0000] {processor.py:925} INFO - DAG(s) 'dataset_with_extra_from_classic_operator', 'dataset_with_extra_by_yield', 'dataset_with_extra_by_context' retrieved from /usr/local/python/3.12.1/lib/python3.12/site-packages/airflow/example_dags/example_outlet_event_extra.py
[2026-04-13T13:31:19.129+0000] {logging_mixin.py:190} INFO - [2026-04-13T13:31:19.129+0000] {dag.py:3239} INFO - Sync 3 DAGs
[2026-04-13T13:31:19.146+0000] {logging_mixin.py:190} INFO - [2026-04-13T13:31:19.146+0000] {dag.py:4180} INFO - Setting next_dagrun for dataset_with_extra_by_context to 2026-04-12 00:00:00+00:00, run_after=2026-04-13 00:00:00+00:00
[2026-04-13T13:31:19.149+0000] {logging_mixin.py:190} INFO - [2026-04-13T13:31:19.149+0000] {dag.py:4180} INFO - Setting next_dagrun for dataset_with_extra_by_yield to 2026-04-12 00:00:00+00:00, run_after=2026-04-13 00:00:00+00:00
[2026-04-13T13:31:19.151+0000] {logging_mixin.py:190} INFO - [2026-04-13T13:31:19.151+0000] {dag.py:4180} INFO - Setting next_dagrun for dataset_with_extra_from_classic_operator to 2026-04-12 00:00:00+00:00, run_after=2026-04-13 00:00:00+00:00
[2026-04-13T13:31:19.276+0000] {processor.py:208} INFO - Processing /usr/local/python/3.12.1/lib/python3.12/site-packages/airflow/example_dags/example_outlet_event_extra.py took 0.260 seconds
[2026-04-13T13:32:16.426+0000] {processor.py:186} INFO - Started process (PID=32469) to work on /usr/local/python/3.12.1/lib/python3.12/site-packages/airflow/example_dags/example_outlet_event_extra.py
[2026-04-13T13:32:16.427+0000] {processor.py:914} INFO - Processing file /usr/local/python/3.12.1/lib/python3.12/site-packages/airflow/example_dags/example_outlet_event_extra.py for tasks to queue
[2026-04-13T13:32:16.429+0000] {logging_mixin.py:190} INFO - [2026-04-13T13:32:16.428+0000] {dagbag.py:588} INFO - Filling up the DagBag from /usr/local/python/3.12.1/lib/python3.12/site-packages/airflow/example_dags/example_outlet_event_extra.py
[2026-04-13T13:32:16.514+0000] {logging_mixin.py:190} INFO - [2026-04-13T13:32:16.514+0000] {providers_manager.py:287} INFO - Optional provider feature disabled when importing 'airflow.providers.amazon.aws.assets.s3.sanitize_uri' from 'apache-airflow-providers-amazon' package
[2026-04-13T13:32:16.515+0000] {logging_mixin.py:190} INFO - [2026-04-13T13:32:16.515+0000] {providers_manager.py:287} INFO - Optional provider feature disabled when importing 'airflow.providers.amazon.aws.assets.s3.create_asset' from 'apache-airflow-providers-amazon' package
[2026-04-13T13:32:16.515+0000] {logging_mixin.py:190} INFO - [2026-04-13T13:32:16.515+0000] {providers_manager.py:287} INFO - Optional provider feature disabled when importing 'airflow.providers.amazon.aws.assets.s3.convert_asset_to_openlineage' from 'apache-airflow-providers-amazon' package
[2026-04-13T13:32:16.524+0000] {processor.py:925} INFO - DAG(s) 'dataset_with_extra_by_context', 'dataset_with_extra_by_yield', 'dataset_with_extra_from_classic_operator' retrieved from /usr/local/python/3.12.1/lib/python3.12/site-packages/airflow/example_dags/example_outlet_event_extra.py
[2026-04-13T13:32:16.539+0000] {logging_mixin.py:190} INFO - [2026-04-13T13:32:16.539+0000] {dag.py:3239} INFO - Sync 3 DAGs
[2026-04-13T13:32:16.554+0000] {logging_mixin.py:190} INFO - [2026-04-13T13:32:16.554+0000] {dag.py:4180} INFO - Setting next_dagrun for dataset_with_extra_by_context to 2026-04-12 00:00:00+00:00, run_after=2026-04-13 00:00:00+00:00
[2026-04-13T13:32:16.558+0000] {logging_mixin.py:190} INFO - [2026-04-13T13:32:16.558+0000] {dag.py:4180} INFO - Setting next_dagrun for dataset_with_extra_by_yield to 2026-04-12 00:00:00+00:00, run_after=2026-04-13 00:00:00+00:00
[2026-04-13T13:32:16.559+0000] {logging_mixin.py:190} INFO - [2026-04-13T13:32:16.559+0000] {dag.py:4180} INFO - Setting next_dagrun for dataset_with_extra_from_classic_operator to 2026-04-12 00:00:00+00:00, run_after=2026-04-13 00:00:00+00:00
[2026-04-13T13:32:16.576+0000] {processor.py:208} INFO - Processing /usr/local/python/3.12.1/lib/python3.12/site-packages/airflow/example_dags/example_outlet_event_extra.py took 0.154 seconds
[2026-04-13T13:33:15.308+0000] {processor.py:186} INFO - Started process (PID=32989) to work on /usr/local/python/3.12.1/lib/python3.12/site-packages/airflow/example_dags/example_outlet_event_extra.py
[2026-04-13T13:33:15.308+0000] {processor.py:914} INFO - Processing file /usr/local/python/3.12.1/lib/python3.12/site-packages/airflow/example_dags/example_outlet_event_extra.py for tasks to queue
[2026-04-13T13:33:15.310+0000] {logging_mixin.py:190} INFO - [2026-04-13T13:33:15.309+0000] {dagbag.py:588} INFO - Filling up the DagBag from /usr/local/python/3.12.1/lib/python3.12/site-packages/airflow/example_dags/example_outlet_event_extra.py
[2026-04-13T13:33:15.407+0000] {logging_mixin.py:190} INFO - [2026-04-13T13:33:15.406+0000] {providers_manager.py:287} INFO - Optional provider feature disabled when importing 'airflow.providers.amazon.aws.assets.s3.sanitize_uri' from 'apache-airflow-providers-amazon' package
[2026-04-13T13:33:15.407+0000] {logging_mixin.py:190} INFO - [2026-04-13T13:33:15.407+0000] {providers_manager.py:287} INFO - Optional provider feature disabled when importing 'airflow.providers.amazon.aws.assets.s3.create_asset' from 'apache-airflow-providers-amazon' package
[2026-04-13T13:33:15.408+0000] {logging_mixin.py:190} INFO - [2026-04-13T13:33:15.408+0000] {providers_manager.py:287} INFO - Optional provider feature disabled when importing 'airflow.providers.amazon.aws.assets.s3.convert_asset_to_openlineage' from 'apache-airflow-providers-amazon' package
[2026-04-13T13:33:15.417+0000] {processor.py:925} INFO - DAG(s) 'dataset_with_extra_from_classic_operator', 'dataset_with_extra_by_context', 'dataset_with_extra_by_yield' retrieved from /usr/local/python/3.12.1/lib/python3.12/site-packages/airflow/example_dags/example_outlet_event_extra.py
[2026-04-13T13:33:15.432+0000] {logging_mixin.py:190} INFO - [2026-04-13T13:33:15.432+0000] {dag.py:3239} INFO - Sync 3 DAGs
[2026-04-13T13:33:15.449+0000] {logging_mixin.py:190} INFO - [2026-04-13T13:33:15.449+0000] {dag.py:4180} INFO - Setting next_dagrun for dataset_with_extra_by_context to 2026-04-12 00:00:00+00:00, run_after=2026-04-13 00:00:00+00:00
[2026-04-13T13:33:15.452+0000] {logging_mixin.py:190} INFO - [2026-04-13T13:33:15.452+0000] {dag.py:4180} INFO - Setting next_dagrun for dataset_with_extra_by_yield to 2026-04-12 00:00:00+00:00, run_after=2026-04-13 00:00:00+00:00
[2026-04-13T13:33:15.454+0000] {logging_mixin.py:190} INFO - [2026-04-13T13:33:15.454+0000] {dag.py:4180} INFO - Setting next_dagrun for dataset_with_extra_from_classic_operator to 2026-04-12 00:00:00+00:00, run_after=2026-04-13 00:00:00+00:00
[2026-04-13T13:33:15.471+0000] {processor.py:208} INFO - Processing /usr/local/python/3.12.1/lib/python3.12/site-packages/airflow/example_dags/example_outlet_event_extra.py took 0.168 seconds
[2026-04-13T13:34:20.673+0000] {processor.py:186} INFO - Started process (PID=33544) to work on /usr/local/python/3.12.1/lib/python3.12/site-packages/airflow/example_dags/example_outlet_event_extra.py
[2026-04-13T13:34:20.721+0000] {processor.py:914} INFO - Processing file /usr/local/python/3.12.1/lib/python3.12/site-packages/airflow/example_dags/example_outlet_event_extra.py for tasks to queue
[2026-04-13T13:34:20.723+0000] {logging_mixin.py:190} INFO - [2026-04-13T13:34:20.722+0000] {dagbag.py:588} INFO - Filling up the DagBag from /usr/local/python/3.12.1/lib/python3.12/site-packages/airflow/example_dags/example_outlet_event_extra.py
[2026-04-13T13:34:20.816+0000] {logging_mixin.py:190} INFO - [2026-04-13T13:34:20.816+0000] {providers_manager.py:287} INFO - Optional provider feature disabled when importing 'airflow.providers.amazon.aws.assets.s3.sanitize_uri' from 'apache-airflow-providers-amazon' package
[2026-04-13T13:34:20.817+0000] {logging_mixin.py:190} INFO - [2026-04-13T13:34:20.816+0000] {providers_manager.py:287} INFO - Optional provider feature disabled when importing 'airflow.providers.amazon.aws.assets.s3.create_asset' from 'apache-airflow-providers-amazon' package
[2026-04-13T13:34:20.817+0000] {logging_mixin.py:190} INFO - [2026-04-13T13:34:20.817+0000] {providers_manager.py:287} INFO - Optional provider feature disabled when importing 'airflow.providers.amazon.aws.assets.s3.convert_asset_to_openlineage' from 'apache-airflow-providers-amazon' package
[2026-04-13T13:34:20.826+0000] {processor.py:925} INFO - DAG(s) 'dataset_with_extra_by_yield', 'dataset_with_extra_by_context', 'dataset_with_extra_from_classic_operator' retrieved from /usr/local/python/3.12.1/lib/python3.12/site-packages/airflow/example_dags/example_outlet_event_extra.py
[2026-04-13T13:34:20.840+0000] {logging_mixin.py:190} INFO - [2026-04-13T13:34:20.840+0000] {dag.py:3239} INFO - Sync 3 DAGs
[2026-04-13T13:34:20.857+0000] {logging_mixin.py:190} INFO - [2026-04-13T13:34:20.857+0000] {dag.py:4180} INFO - Setting next_dagrun for dataset_with_extra_by_context to 2026-04-12 00:00:00+00:00, run_after=2026-04-13 00:00:00+00:00
[2026-04-13T13:34:20.860+0000] {logging_mixin.py:190} INFO - [2026-04-13T13:34:20.860+0000] {dag.py:4180} INFO - Setting next_dagrun for dataset_with_extra_by_yield to 2026-04-12 00:00:00+00:00, run_after=2026-04-13 00:00:00+00:00
[2026-04-13T13:34:20.862+0000] {logging_mixin.py:190} INFO - [2026-04-13T13:34:20.862+0000] {dag.py:4180} INFO - Setting next_dagrun for dataset_with_extra_from_classic_operator to 2026-04-12 00:00:00+00:00, run_after=2026-04-13 00:00:00+00:00
[2026-04-13T13:34:21.016+0000] {processor.py:208} INFO - Processing /usr/local/python/3.12.1/lib/python3.12/site-packages/airflow/example_dags/example_outlet_event_extra.py took 0.349 seconds
[2026-04-13T13:35:27.635+0000] {processor.py:186} INFO - Started process (PID=34424) to work on /usr/local/python/3.12.1/lib/python3.12/site-packages/airflow/example_dags/example_outlet_event_extra.py
[2026-04-13T13:35:27.636+0000] {processor.py:914} INFO - Processing file /usr/local/python/3.12.1/lib/python3.12/site-packages/airflow/example_dags/example_outlet_event_extra.py for tasks to queue
[2026-04-13T13:35:27.639+0000] {logging_mixin.py:190} INFO - [2026-04-13T13:35:27.638+0000] {dagbag.py:588} INFO - Filling up the DagBag from /usr/local/python/3.12.1/lib/python3.12/site-packages/airflow/example_dags/example_outlet_event_extra.py
[2026-04-13T13:35:27.740+0000] {logging_mixin.py:190} INFO - [2026-04-13T13:35:27.740+0000] {providers_manager.py:287} INFO - Optional provider feature disabled when importing 'airflow.providers.amazon.aws.assets.s3.sanitize_uri' from 'apache-airflow-providers-amazon' package
[2026-04-13T13:35:27.741+0000] {logging_mixin.py:190} INFO - [2026-04-13T13:35:27.741+0000] {providers_manager.py:287} INFO - Optional provider feature disabled when importing 'airflow.providers.amazon.aws.assets.s3.create_asset' from 'apache-airflow-providers-amazon' package
[2026-04-13T13:35:27.741+0000] {logging_mixin.py:190} INFO - [2026-04-13T13:35:27.741+0000] {providers_manager.py:287} INFO - Optional provider feature disabled when importing 'airflow.providers.amazon.aws.assets.s3.convert_asset_to_openlineage' from 'apache-airflow-providers-amazon' package
[2026-04-13T13:35:27.750+0000] {processor.py:925} INFO - DAG(s) 'dataset_with_extra_by_yield', 'dataset_with_extra_from_classic_operator', 'dataset_with_extra_by_context' retrieved from /usr/local/python/3.12.1/lib/python3.12/site-packages/airflow/example_dags/example_outlet_event_extra.py
[2026-04-13T13:35:27.765+0000] {logging_mixin.py:190} INFO - [2026-04-13T13:35:27.764+0000] {dag.py:3239} INFO - Sync 3 DAGs
[2026-04-13T13:35:27.782+0000] {logging_mixin.py:190} INFO - [2026-04-13T13:35:27.781+0000] {dag.py:4180} INFO - Setting next_dagrun for dataset_with_extra_by_context to 2026-04-12 00:00:00+00:00, run_after=2026-04-13 00:00:00+00:00
[2026-04-13T13:35:27.785+0000] {logging_mixin.py:190} INFO - [2026-04-13T13:35:27.785+0000] {dag.py:4180} INFO - Setting next_dagrun for dataset_with_extra_by_yield to 2026-04-12 00:00:00+00:00, run_after=2026-04-13 00:00:00+00:00
[2026-04-13T13:35:27.787+0000] {logging_mixin.py:190} INFO - [2026-04-13T13:35:27.787+0000] {dag.py:4180} INFO - Setting next_dagrun for dataset_with_extra_from_classic_operator to 2026-04-12 00:00:00+00:00, run_after=2026-04-13 00:00:00+00:00
[2026-04-13T13:35:27.804+0000] {processor.py:208} INFO - Processing /usr/local/python/3.12.1/lib/python3.12/site-packages/airflow/example_dags/example_outlet_event_extra.py took 0.174 seconds
