[2026-04-13T13:07:22.183+0000] {processor.py:186} INFO - Started process (PID=16916) to work on /usr/local/python/3.12.1/lib/python3.12/site-packages/airflow/example_dags/example_external_task_marker_dag.py
[2026-04-13T13:07:22.184+0000] {processor.py:914} INFO - Processing file /usr/local/python/3.12.1/lib/python3.12/site-packages/airflow/example_dags/example_external_task_marker_dag.py for tasks to queue
[2026-04-13T13:07:22.185+0000] {logging_mixin.py:190} INFO - [2026-04-13T13:07:22.185+0000] {dagbag.py:588} INFO - Filling up the DagBag from /usr/local/python/3.12.1/lib/python3.12/site-packages/airflow/example_dags/example_external_task_marker_dag.py
[2026-04-13T13:07:22.191+0000] {processor.py:925} INFO - DAG(s) 'example_external_task_marker_parent', 'example_external_task_marker_child' retrieved from /usr/local/python/3.12.1/lib/python3.12/site-packages/airflow/example_dags/example_external_task_marker_dag.py
[2026-04-13T13:07:22.206+0000] {logging_mixin.py:190} INFO - [2026-04-13T13:07:22.205+0000] {dag.py:3239} INFO - Sync 2 DAGs
[2026-04-13T13:07:22.215+0000] {logging_mixin.py:190} INFO - [2026-04-13T13:07:22.215+0000] {dag.py:4180} INFO - Setting next_dagrun for example_external_task_marker_child to None, run_after=None
[2026-04-13T13:07:22.218+0000] {logging_mixin.py:190} INFO - [2026-04-13T13:07:22.218+0000] {dag.py:4180} INFO - Setting next_dagrun for example_external_task_marker_parent to None, run_after=None
[2026-04-13T13:07:22.232+0000] {processor.py:208} INFO - Processing /usr/local/python/3.12.1/lib/python3.12/site-packages/airflow/example_dags/example_external_task_marker_dag.py took 0.053 seconds
[2026-04-13T13:08:23.342+0000] {processor.py:186} INFO - Started process (PID=17709) to work on /usr/local/python/3.12.1/lib/python3.12/site-packages/airflow/example_dags/example_external_task_marker_dag.py
[2026-04-13T13:08:23.343+0000] {processor.py:914} INFO - Processing file /usr/local/python/3.12.1/lib/python3.12/site-packages/airflow/example_dags/example_external_task_marker_dag.py for tasks to queue
[2026-04-13T13:08:23.344+0000] {logging_mixin.py:190} INFO - [2026-04-13T13:08:23.344+0000] {dagbag.py:588} INFO - Filling up the DagBag from /usr/local/python/3.12.1/lib/python3.12/site-packages/airflow/example_dags/example_external_task_marker_dag.py
[2026-04-13T13:08:23.350+0000] {processor.py:925} INFO - DAG(s) 'example_external_task_marker_child', 'example_external_task_marker_parent' retrieved from /usr/local/python/3.12.1/lib/python3.12/site-packages/airflow/example_dags/example_external_task_marker_dag.py
[2026-04-13T13:08:23.364+0000] {logging_mixin.py:190} INFO - [2026-04-13T13:08:23.364+0000] {dag.py:3239} INFO - Sync 2 DAGs
[2026-04-13T13:08:23.375+0000] {logging_mixin.py:190} INFO - [2026-04-13T13:08:23.374+0000] {dag.py:4180} INFO - Setting next_dagrun for example_external_task_marker_child to None, run_after=None
[2026-04-13T13:08:23.378+0000] {logging_mixin.py:190} INFO - [2026-04-13T13:08:23.378+0000] {dag.py:4180} INFO - Setting next_dagrun for example_external_task_marker_parent to None, run_after=None
[2026-04-13T13:08:23.393+0000] {processor.py:208} INFO - Processing /usr/local/python/3.12.1/lib/python3.12/site-packages/airflow/example_dags/example_external_task_marker_dag.py took 0.055 seconds
[2026-04-13T13:09:28.444+0000] {processor.py:186} INFO - Started process (PID=18871) to work on /usr/local/python/3.12.1/lib/python3.12/site-packages/airflow/example_dags/example_external_task_marker_dag.py
[2026-04-13T13:09:28.445+0000] {processor.py:914} INFO - Processing file /usr/local/python/3.12.1/lib/python3.12/site-packages/airflow/example_dags/example_external_task_marker_dag.py for tasks to queue
[2026-04-13T13:09:28.446+0000] {logging_mixin.py:190} INFO - [2026-04-13T13:09:28.446+0000] {dagbag.py:588} INFO - Filling up the DagBag from /usr/local/python/3.12.1/lib/python3.12/site-packages/airflow/example_dags/example_external_task_marker_dag.py
[2026-04-13T13:09:28.452+0000] {processor.py:925} INFO - DAG(s) 'example_external_task_marker_child', 'example_external_task_marker_parent' retrieved from /usr/local/python/3.12.1/lib/python3.12/site-packages/airflow/example_dags/example_external_task_marker_dag.py
[2026-04-13T13:09:28.465+0000] {logging_mixin.py:190} INFO - [2026-04-13T13:09:28.465+0000] {dag.py:3239} INFO - Sync 2 DAGs
[2026-04-13T13:09:28.475+0000] {logging_mixin.py:190} INFO - [2026-04-13T13:09:28.475+0000] {dag.py:4180} INFO - Setting next_dagrun for example_external_task_marker_child to None, run_after=None
[2026-04-13T13:09:28.477+0000] {logging_mixin.py:190} INFO - [2026-04-13T13:09:28.477+0000] {dag.py:4180} INFO - Setting next_dagrun for example_external_task_marker_parent to None, run_after=None
[2026-04-13T13:09:28.491+0000] {processor.py:208} INFO - Processing /usr/local/python/3.12.1/lib/python3.12/site-packages/airflow/example_dags/example_external_task_marker_dag.py took 0.050 seconds
[2026-04-13T13:10:36.417+0000] {processor.py:186} INFO - Started process (PID=19804) to work on /usr/local/python/3.12.1/lib/python3.12/site-packages/airflow/example_dags/example_external_task_marker_dag.py
[2026-04-13T13:10:36.419+0000] {processor.py:914} INFO - Processing file /usr/local/python/3.12.1/lib/python3.12/site-packages/airflow/example_dags/example_external_task_marker_dag.py for tasks to queue
[2026-04-13T13:10:36.423+0000] {logging_mixin.py:190} INFO - [2026-04-13T13:10:36.423+0000] {dagbag.py:588} INFO - Filling up the DagBag from /usr/local/python/3.12.1/lib/python3.12/site-packages/airflow/example_dags/example_external_task_marker_dag.py
[2026-04-13T13:10:36.438+0000] {processor.py:925} INFO - DAG(s) 'example_external_task_marker_child', 'example_external_task_marker_parent' retrieved from /usr/local/python/3.12.1/lib/python3.12/site-packages/airflow/example_dags/example_external_task_marker_dag.py
[2026-04-13T13:10:36.465+0000] {logging_mixin.py:190} INFO - [2026-04-13T13:10:36.465+0000] {dag.py:3239} INFO - Sync 2 DAGs
[2026-04-13T13:10:36.475+0000] {logging_mixin.py:190} INFO - [2026-04-13T13:10:36.475+0000] {dag.py:4180} INFO - Setting next_dagrun for example_external_task_marker_child to None, run_after=None
[2026-04-13T13:10:36.478+0000] {logging_mixin.py:190} INFO - [2026-04-13T13:10:36.477+0000] {dag.py:4180} INFO - Setting next_dagrun for example_external_task_marker_parent to None, run_after=None
[2026-04-13T13:10:36.491+0000] {processor.py:208} INFO - Processing /usr/local/python/3.12.1/lib/python3.12/site-packages/airflow/example_dags/example_external_task_marker_dag.py took 0.087 seconds
[2026-04-13T13:11:34.705+0000] {processor.py:186} INFO - Started process (PID=20316) to work on /usr/local/python/3.12.1/lib/python3.12/site-packages/airflow/example_dags/example_external_task_marker_dag.py
[2026-04-13T13:11:34.706+0000] {processor.py:914} INFO - Processing file /usr/local/python/3.12.1/lib/python3.12/site-packages/airflow/example_dags/example_external_task_marker_dag.py for tasks to queue
[2026-04-13T13:11:34.707+0000] {logging_mixin.py:190} INFO - [2026-04-13T13:11:34.707+0000] {dagbag.py:588} INFO - Filling up the DagBag from /usr/local/python/3.12.1/lib/python3.12/site-packages/airflow/example_dags/example_external_task_marker_dag.py
[2026-04-13T13:11:34.713+0000] {processor.py:925} INFO - DAG(s) 'example_external_task_marker_child', 'example_external_task_marker_parent' retrieved from /usr/local/python/3.12.1/lib/python3.12/site-packages/airflow/example_dags/example_external_task_marker_dag.py
[2026-04-13T13:11:34.727+0000] {logging_mixin.py:190} INFO - [2026-04-13T13:11:34.727+0000] {dag.py:3239} INFO - Sync 2 DAGs
[2026-04-13T13:11:34.736+0000] {logging_mixin.py:190} INFO - [2026-04-13T13:11:34.736+0000] {dag.py:4180} INFO - Setting next_dagrun for example_external_task_marker_child to None, run_after=None
[2026-04-13T13:11:34.739+0000] {logging_mixin.py:190} INFO - [2026-04-13T13:11:34.739+0000] {dag.py:4180} INFO - Setting next_dagrun for example_external_task_marker_parent to None, run_after=None
[2026-04-13T13:11:34.758+0000] {processor.py:208} INFO - Processing /usr/local/python/3.12.1/lib/python3.12/site-packages/airflow/example_dags/example_external_task_marker_dag.py took 0.058 seconds
[2026-04-13T13:12:37.001+0000] {processor.py:186} INFO - Started process (PID=20960) to work on /usr/local/python/3.12.1/lib/python3.12/site-packages/airflow/example_dags/example_external_task_marker_dag.py
[2026-04-13T13:12:37.002+0000] {processor.py:914} INFO - Processing file /usr/local/python/3.12.1/lib/python3.12/site-packages/airflow/example_dags/example_external_task_marker_dag.py for tasks to queue
[2026-04-13T13:12:37.003+0000] {logging_mixin.py:190} INFO - [2026-04-13T13:12:37.003+0000] {dagbag.py:588} INFO - Filling up the DagBag from /usr/local/python/3.12.1/lib/python3.12/site-packages/airflow/example_dags/example_external_task_marker_dag.py
[2026-04-13T13:12:37.009+0000] {processor.py:925} INFO - DAG(s) 'example_external_task_marker_parent', 'example_external_task_marker_child' retrieved from /usr/local/python/3.12.1/lib/python3.12/site-packages/airflow/example_dags/example_external_task_marker_dag.py
[2026-04-13T13:12:37.023+0000] {logging_mixin.py:190} INFO - [2026-04-13T13:12:37.023+0000] {dag.py:3239} INFO - Sync 2 DAGs
[2026-04-13T13:12:37.033+0000] {logging_mixin.py:190} INFO - [2026-04-13T13:12:37.033+0000] {dag.py:4180} INFO - Setting next_dagrun for example_external_task_marker_child to None, run_after=None
[2026-04-13T13:12:37.035+0000] {logging_mixin.py:190} INFO - [2026-04-13T13:12:37.035+0000] {dag.py:4180} INFO - Setting next_dagrun for example_external_task_marker_parent to None, run_after=None
[2026-04-13T13:12:37.051+0000] {processor.py:208} INFO - Processing /usr/local/python/3.12.1/lib/python3.12/site-packages/airflow/example_dags/example_external_task_marker_dag.py took 0.055 seconds
[2026-04-13T13:13:40.648+0000] {processor.py:186} INFO - Started process (PID=21697) to work on /usr/local/python/3.12.1/lib/python3.12/site-packages/airflow/example_dags/example_external_task_marker_dag.py
[2026-04-13T13:13:40.649+0000] {processor.py:914} INFO - Processing file /usr/local/python/3.12.1/lib/python3.12/site-packages/airflow/example_dags/example_external_task_marker_dag.py for tasks to queue
[2026-04-13T13:13:40.650+0000] {logging_mixin.py:190} INFO - [2026-04-13T13:13:40.650+0000] {dagbag.py:588} INFO - Filling up the DagBag from /usr/local/python/3.12.1/lib/python3.12/site-packages/airflow/example_dags/example_external_task_marker_dag.py
[2026-04-13T13:13:40.657+0000] {processor.py:925} INFO - DAG(s) 'example_external_task_marker_child', 'example_external_task_marker_parent' retrieved from /usr/local/python/3.12.1/lib/python3.12/site-packages/airflow/example_dags/example_external_task_marker_dag.py
[2026-04-13T13:13:40.670+0000] {logging_mixin.py:190} INFO - [2026-04-13T13:13:40.670+0000] {dag.py:3239} INFO - Sync 2 DAGs
[2026-04-13T13:13:40.681+0000] {logging_mixin.py:190} INFO - [2026-04-13T13:13:40.681+0000] {dag.py:4180} INFO - Setting next_dagrun for example_external_task_marker_child to None, run_after=None
[2026-04-13T13:13:40.684+0000] {logging_mixin.py:190} INFO - [2026-04-13T13:13:40.684+0000] {dag.py:4180} INFO - Setting next_dagrun for example_external_task_marker_parent to None, run_after=None
[2026-04-13T13:13:40.698+0000] {processor.py:208} INFO - Processing /usr/local/python/3.12.1/lib/python3.12/site-packages/airflow/example_dags/example_external_task_marker_dag.py took 0.054 seconds
[2026-04-13T13:14:47.083+0000] {processor.py:186} INFO - Started process (PID=22289) to work on /usr/local/python/3.12.1/lib/python3.12/site-packages/airflow/example_dags/example_external_task_marker_dag.py
[2026-04-13T13:14:47.085+0000] {processor.py:914} INFO - Processing file /usr/local/python/3.12.1/lib/python3.12/site-packages/airflow/example_dags/example_external_task_marker_dag.py for tasks to queue
[2026-04-13T13:14:47.090+0000] {logging_mixin.py:190} INFO - [2026-04-13T13:14:47.089+0000] {dagbag.py:588} INFO - Filling up the DagBag from /usr/local/python/3.12.1/lib/python3.12/site-packages/airflow/example_dags/example_external_task_marker_dag.py
[2026-04-13T13:14:47.144+0000] {processor.py:925} INFO - DAG(s) 'example_external_task_marker_parent', 'example_external_task_marker_child' retrieved from /usr/local/python/3.12.1/lib/python3.12/site-packages/airflow/example_dags/example_external_task_marker_dag.py
[2026-04-13T13:14:47.165+0000] {logging_mixin.py:190} INFO - [2026-04-13T13:14:47.165+0000] {dag.py:3239} INFO - Sync 2 DAGs
[2026-04-13T13:14:47.175+0000] {logging_mixin.py:190} INFO - [2026-04-13T13:14:47.175+0000] {dag.py:4180} INFO - Setting next_dagrun for example_external_task_marker_child to None, run_after=None
[2026-04-13T13:14:47.178+0000] {logging_mixin.py:190} INFO - [2026-04-13T13:14:47.177+0000] {dag.py:4180} INFO - Setting next_dagrun for example_external_task_marker_parent to None, run_after=None
[2026-04-13T13:14:47.191+0000] {processor.py:208} INFO - Processing /usr/local/python/3.12.1/lib/python3.12/site-packages/airflow/example_dags/example_external_task_marker_dag.py took 0.114 seconds
[2026-04-13T13:15:52.046+0000] {processor.py:186} INFO - Started process (PID=22985) to work on /usr/local/python/3.12.1/lib/python3.12/site-packages/airflow/example_dags/example_external_task_marker_dag.py
[2026-04-13T13:15:52.047+0000] {processor.py:914} INFO - Processing file /usr/local/python/3.12.1/lib/python3.12/site-packages/airflow/example_dags/example_external_task_marker_dag.py for tasks to queue
[2026-04-13T13:15:52.049+0000] {logging_mixin.py:190} INFO - [2026-04-13T13:15:52.048+0000] {dagbag.py:588} INFO - Filling up the DagBag from /usr/local/python/3.12.1/lib/python3.12/site-packages/airflow/example_dags/example_external_task_marker_dag.py
[2026-04-13T13:15:52.055+0000] {processor.py:925} INFO - DAG(s) 'example_external_task_marker_child', 'example_external_task_marker_parent' retrieved from /usr/local/python/3.12.1/lib/python3.12/site-packages/airflow/example_dags/example_external_task_marker_dag.py
[2026-04-13T13:15:52.070+0000] {logging_mixin.py:190} INFO - [2026-04-13T13:15:52.070+0000] {dag.py:3239} INFO - Sync 2 DAGs
[2026-04-13T13:15:52.080+0000] {logging_mixin.py:190} INFO - [2026-04-13T13:15:52.080+0000] {dag.py:4180} INFO - Setting next_dagrun for example_external_task_marker_child to None, run_after=None
[2026-04-13T13:15:52.082+0000] {logging_mixin.py:190} INFO - [2026-04-13T13:15:52.082+0000] {dag.py:4180} INFO - Setting next_dagrun for example_external_task_marker_parent to None, run_after=None
[2026-04-13T13:15:52.097+0000] {processor.py:208} INFO - Processing /usr/local/python/3.12.1/lib/python3.12/site-packages/airflow/example_dags/example_external_task_marker_dag.py took 0.055 seconds
[2026-04-13T13:16:54.844+0000] {processor.py:186} INFO - Started process (PID=23775) to work on /usr/local/python/3.12.1/lib/python3.12/site-packages/airflow/example_dags/example_external_task_marker_dag.py
[2026-04-13T13:16:54.844+0000] {processor.py:914} INFO - Processing file /usr/local/python/3.12.1/lib/python3.12/site-packages/airflow/example_dags/example_external_task_marker_dag.py for tasks to queue
[2026-04-13T13:16:54.846+0000] {logging_mixin.py:190} INFO - [2026-04-13T13:16:54.846+0000] {dagbag.py:588} INFO - Filling up the DagBag from /usr/local/python/3.12.1/lib/python3.12/site-packages/airflow/example_dags/example_external_task_marker_dag.py
[2026-04-13T13:16:54.855+0000] {processor.py:925} INFO - DAG(s) 'example_external_task_marker_parent', 'example_external_task_marker_child' retrieved from /usr/local/python/3.12.1/lib/python3.12/site-packages/airflow/example_dags/example_external_task_marker_dag.py
[2026-04-13T13:16:54.875+0000] {logging_mixin.py:190} INFO - [2026-04-13T13:16:54.875+0000] {dag.py:3239} INFO - Sync 2 DAGs
[2026-04-13T13:16:54.890+0000] {logging_mixin.py:190} INFO - [2026-04-13T13:16:54.890+0000] {dag.py:4180} INFO - Setting next_dagrun for example_external_task_marker_child to None, run_after=None
[2026-04-13T13:16:54.894+0000] {logging_mixin.py:190} INFO - [2026-04-13T13:16:54.894+0000] {dag.py:4180} INFO - Setting next_dagrun for example_external_task_marker_parent to None, run_after=None
[2026-04-13T13:16:54.916+0000] {processor.py:208} INFO - Processing /usr/local/python/3.12.1/lib/python3.12/site-packages/airflow/example_dags/example_external_task_marker_dag.py took 0.079 seconds
[2026-04-13T13:18:17.258+0000] {processor.py:186} INFO - Started process (PID=24923) to work on /usr/local/python/3.12.1/lib/python3.12/site-packages/airflow/example_dags/example_external_task_marker_dag.py
[2026-04-13T13:18:17.259+0000] {processor.py:914} INFO - Processing file /usr/local/python/3.12.1/lib/python3.12/site-packages/airflow/example_dags/example_external_task_marker_dag.py for tasks to queue
[2026-04-13T13:18:17.260+0000] {logging_mixin.py:190} INFO - [2026-04-13T13:18:17.260+0000] {dagbag.py:588} INFO - Filling up the DagBag from /usr/local/python/3.12.1/lib/python3.12/site-packages/airflow/example_dags/example_external_task_marker_dag.py
[2026-04-13T13:18:17.266+0000] {processor.py:925} INFO - DAG(s) 'example_external_task_marker_child', 'example_external_task_marker_parent' retrieved from /usr/local/python/3.12.1/lib/python3.12/site-packages/airflow/example_dags/example_external_task_marker_dag.py
[2026-04-13T13:18:17.280+0000] {logging_mixin.py:190} INFO - [2026-04-13T13:18:17.279+0000] {dag.py:3239} INFO - Sync 2 DAGs
[2026-04-13T13:18:17.290+0000] {logging_mixin.py:190} INFO - [2026-04-13T13:18:17.290+0000] {dag.py:4180} INFO - Setting next_dagrun for example_external_task_marker_child to None, run_after=None
[2026-04-13T13:18:17.292+0000] {logging_mixin.py:190} INFO - [2026-04-13T13:18:17.292+0000] {dag.py:4180} INFO - Setting next_dagrun for example_external_task_marker_parent to None, run_after=None
[2026-04-13T13:18:17.306+0000] {processor.py:208} INFO - Processing /usr/local/python/3.12.1/lib/python3.12/site-packages/airflow/example_dags/example_external_task_marker_dag.py took 0.052 seconds
[2026-04-13T13:19:18.299+0000] {processor.py:186} INFO - Started process (PID=25452) to work on /usr/local/python/3.12.1/lib/python3.12/site-packages/airflow/example_dags/example_external_task_marker_dag.py
[2026-04-13T13:19:18.300+0000] {processor.py:914} INFO - Processing file /usr/local/python/3.12.1/lib/python3.12/site-packages/airflow/example_dags/example_external_task_marker_dag.py for tasks to queue
[2026-04-13T13:19:18.301+0000] {logging_mixin.py:190} INFO - [2026-04-13T13:19:18.301+0000] {dagbag.py:588} INFO - Filling up the DagBag from /usr/local/python/3.12.1/lib/python3.12/site-packages/airflow/example_dags/example_external_task_marker_dag.py
[2026-04-13T13:19:18.309+0000] {processor.py:925} INFO - DAG(s) 'example_external_task_marker_child', 'example_external_task_marker_parent' retrieved from /usr/local/python/3.12.1/lib/python3.12/site-packages/airflow/example_dags/example_external_task_marker_dag.py
[2026-04-13T13:19:18.322+0000] {logging_mixin.py:190} INFO - [2026-04-13T13:19:18.322+0000] {dag.py:3239} INFO - Sync 2 DAGs
[2026-04-13T13:19:18.331+0000] {logging_mixin.py:190} INFO - [2026-04-13T13:19:18.331+0000] {dag.py:4180} INFO - Setting next_dagrun for example_external_task_marker_child to None, run_after=None
[2026-04-13T13:19:18.334+0000] {logging_mixin.py:190} INFO - [2026-04-13T13:19:18.334+0000] {dag.py:4180} INFO - Setting next_dagrun for example_external_task_marker_parent to None, run_after=None
[2026-04-13T13:19:18.348+0000] {processor.py:208} INFO - Processing /usr/local/python/3.12.1/lib/python3.12/site-packages/airflow/example_dags/example_external_task_marker_dag.py took 0.052 seconds
[2026-04-13T13:20:19.986+0000] {processor.py:186} INFO - Started process (PID=26003) to work on /usr/local/python/3.12.1/lib/python3.12/site-packages/airflow/example_dags/example_external_task_marker_dag.py
[2026-04-13T13:20:19.987+0000] {processor.py:914} INFO - Processing file /usr/local/python/3.12.1/lib/python3.12/site-packages/airflow/example_dags/example_external_task_marker_dag.py for tasks to queue
[2026-04-13T13:20:19.989+0000] {logging_mixin.py:190} INFO - [2026-04-13T13:20:19.988+0000] {dagbag.py:588} INFO - Filling up the DagBag from /usr/local/python/3.12.1/lib/python3.12/site-packages/airflow/example_dags/example_external_task_marker_dag.py
[2026-04-13T13:20:19.998+0000] {processor.py:925} INFO - DAG(s) 'example_external_task_marker_child', 'example_external_task_marker_parent' retrieved from /usr/local/python/3.12.1/lib/python3.12/site-packages/airflow/example_dags/example_external_task_marker_dag.py
[2026-04-13T13:20:20.024+0000] {logging_mixin.py:190} INFO - [2026-04-13T13:20:20.024+0000] {dag.py:3239} INFO - Sync 2 DAGs
[2026-04-13T13:20:20.036+0000] {logging_mixin.py:190} INFO - [2026-04-13T13:20:20.036+0000] {dag.py:4180} INFO - Setting next_dagrun for example_external_task_marker_child to None, run_after=None
[2026-04-13T13:20:20.038+0000] {logging_mixin.py:190} INFO - [2026-04-13T13:20:20.038+0000] {dag.py:4180} INFO - Setting next_dagrun for example_external_task_marker_parent to None, run_after=None
[2026-04-13T13:20:20.052+0000] {processor.py:208} INFO - Processing /usr/local/python/3.12.1/lib/python3.12/site-packages/airflow/example_dags/example_external_task_marker_dag.py took 0.073 seconds
[2026-04-13T13:21:20.676+0000] {processor.py:186} INFO - Started process (PID=26535) to work on /usr/local/python/3.12.1/lib/python3.12/site-packages/airflow/example_dags/example_external_task_marker_dag.py
[2026-04-13T13:21:20.677+0000] {processor.py:914} INFO - Processing file /usr/local/python/3.12.1/lib/python3.12/site-packages/airflow/example_dags/example_external_task_marker_dag.py for tasks to queue
[2026-04-13T13:21:20.678+0000] {logging_mixin.py:190} INFO - [2026-04-13T13:21:20.678+0000] {dagbag.py:588} INFO - Filling up the DagBag from /usr/local/python/3.12.1/lib/python3.12/site-packages/airflow/example_dags/example_external_task_marker_dag.py
[2026-04-13T13:21:20.684+0000] {processor.py:925} INFO - DAG(s) 'example_external_task_marker_parent', 'example_external_task_marker_child' retrieved from /usr/local/python/3.12.1/lib/python3.12/site-packages/airflow/example_dags/example_external_task_marker_dag.py
[2026-04-13T13:21:20.697+0000] {logging_mixin.py:190} INFO - [2026-04-13T13:21:20.697+0000] {dag.py:3239} INFO - Sync 2 DAGs
[2026-04-13T13:21:20.707+0000] {logging_mixin.py:190} INFO - [2026-04-13T13:21:20.707+0000] {dag.py:4180} INFO - Setting next_dagrun for example_external_task_marker_child to None, run_after=None
[2026-04-13T13:21:20.709+0000] {logging_mixin.py:190} INFO - [2026-04-13T13:21:20.709+0000] {dag.py:4180} INFO - Setting next_dagrun for example_external_task_marker_parent to None, run_after=None
[2026-04-13T13:21:20.723+0000] {processor.py:208} INFO - Processing /usr/local/python/3.12.1/lib/python3.12/site-packages/airflow/example_dags/example_external_task_marker_dag.py took 0.051 seconds
[2026-04-13T13:22:19.447+0000] {processor.py:186} INFO - Started process (PID=27112) to work on /usr/local/python/3.12.1/lib/python3.12/site-packages/airflow/example_dags/example_external_task_marker_dag.py
[2026-04-13T13:22:19.447+0000] {processor.py:914} INFO - Processing file /usr/local/python/3.12.1/lib/python3.12/site-packages/airflow/example_dags/example_external_task_marker_dag.py for tasks to queue
[2026-04-13T13:22:19.449+0000] {logging_mixin.py:190} INFO - [2026-04-13T13:22:19.449+0000] {dagbag.py:588} INFO - Filling up the DagBag from /usr/local/python/3.12.1/lib/python3.12/site-packages/airflow/example_dags/example_external_task_marker_dag.py
[2026-04-13T13:22:19.455+0000] {processor.py:925} INFO - DAG(s) 'example_external_task_marker_child', 'example_external_task_marker_parent' retrieved from /usr/local/python/3.12.1/lib/python3.12/site-packages/airflow/example_dags/example_external_task_marker_dag.py
[2026-04-13T13:22:19.468+0000] {logging_mixin.py:190} INFO - [2026-04-13T13:22:19.468+0000] {dag.py:3239} INFO - Sync 2 DAGs
[2026-04-13T13:22:19.478+0000] {logging_mixin.py:190} INFO - [2026-04-13T13:22:19.478+0000] {dag.py:4180} INFO - Setting next_dagrun for example_external_task_marker_child to None, run_after=None
[2026-04-13T13:22:19.481+0000] {logging_mixin.py:190} INFO - [2026-04-13T13:22:19.481+0000] {dag.py:4180} INFO - Setting next_dagrun for example_external_task_marker_parent to None, run_after=None
[2026-04-13T13:22:19.507+0000] {processor.py:208} INFO - Processing /usr/local/python/3.12.1/lib/python3.12/site-packages/airflow/example_dags/example_external_task_marker_dag.py took 0.065 seconds
[2026-04-13T13:23:22.291+0000] {processor.py:186} INFO - Started process (PID=27654) to work on /usr/local/python/3.12.1/lib/python3.12/site-packages/airflow/example_dags/example_external_task_marker_dag.py
[2026-04-13T13:23:22.291+0000] {processor.py:914} INFO - Processing file /usr/local/python/3.12.1/lib/python3.12/site-packages/airflow/example_dags/example_external_task_marker_dag.py for tasks to queue
[2026-04-13T13:23:22.293+0000] {logging_mixin.py:190} INFO - [2026-04-13T13:23:22.292+0000] {dagbag.py:588} INFO - Filling up the DagBag from /usr/local/python/3.12.1/lib/python3.12/site-packages/airflow/example_dags/example_external_task_marker_dag.py
[2026-04-13T13:23:22.299+0000] {processor.py:925} INFO - DAG(s) 'example_external_task_marker_child', 'example_external_task_marker_parent' retrieved from /usr/local/python/3.12.1/lib/python3.12/site-packages/airflow/example_dags/example_external_task_marker_dag.py
[2026-04-13T13:23:22.315+0000] {logging_mixin.py:190} INFO - [2026-04-13T13:23:22.315+0000] {dag.py:3239} INFO - Sync 2 DAGs
[2026-04-13T13:23:22.325+0000] {logging_mixin.py:190} INFO - [2026-04-13T13:23:22.324+0000] {dag.py:4180} INFO - Setting next_dagrun for example_external_task_marker_child to None, run_after=None
[2026-04-13T13:23:22.327+0000] {logging_mixin.py:190} INFO - [2026-04-13T13:23:22.327+0000] {dag.py:4180} INFO - Setting next_dagrun for example_external_task_marker_parent to None, run_after=None
[2026-04-13T13:23:22.341+0000] {processor.py:208} INFO - Processing /usr/local/python/3.12.1/lib/python3.12/site-packages/airflow/example_dags/example_external_task_marker_dag.py took 0.054 seconds
[2026-04-13T13:24:21.073+0000] {processor.py:186} INFO - Started process (PID=28191) to work on /usr/local/python/3.12.1/lib/python3.12/site-packages/airflow/example_dags/example_external_task_marker_dag.py
[2026-04-13T13:24:21.073+0000] {processor.py:914} INFO - Processing file /usr/local/python/3.12.1/lib/python3.12/site-packages/airflow/example_dags/example_external_task_marker_dag.py for tasks to queue
[2026-04-13T13:24:21.075+0000] {logging_mixin.py:190} INFO - [2026-04-13T13:24:21.075+0000] {dagbag.py:588} INFO - Filling up the DagBag from /usr/local/python/3.12.1/lib/python3.12/site-packages/airflow/example_dags/example_external_task_marker_dag.py
[2026-04-13T13:24:21.092+0000] {processor.py:925} INFO - DAG(s) 'example_external_task_marker_child', 'example_external_task_marker_parent' retrieved from /usr/local/python/3.12.1/lib/python3.12/site-packages/airflow/example_dags/example_external_task_marker_dag.py
[2026-04-13T13:24:21.107+0000] {logging_mixin.py:190} INFO - [2026-04-13T13:24:21.107+0000] {dag.py:3239} INFO - Sync 2 DAGs
[2026-04-13T13:24:21.116+0000] {logging_mixin.py:190} INFO - [2026-04-13T13:24:21.116+0000] {dag.py:4180} INFO - Setting next_dagrun for example_external_task_marker_child to None, run_after=None
[2026-04-13T13:24:21.119+0000] {logging_mixin.py:190} INFO - [2026-04-13T13:24:21.119+0000] {dag.py:4180} INFO - Setting next_dagrun for example_external_task_marker_parent to None, run_after=None
[2026-04-13T13:24:21.134+0000] {processor.py:208} INFO - Processing /usr/local/python/3.12.1/lib/python3.12/site-packages/airflow/example_dags/example_external_task_marker_dag.py took 0.066 seconds
[2026-04-13T13:25:22.482+0000] {processor.py:186} INFO - Started process (PID=28724) to work on /usr/local/python/3.12.1/lib/python3.12/site-packages/airflow/example_dags/example_external_task_marker_dag.py
[2026-04-13T13:25:22.482+0000] {processor.py:914} INFO - Processing file /usr/local/python/3.12.1/lib/python3.12/site-packages/airflow/example_dags/example_external_task_marker_dag.py for tasks to queue
[2026-04-13T13:25:22.484+0000] {logging_mixin.py:190} INFO - [2026-04-13T13:25:22.484+0000] {dagbag.py:588} INFO - Filling up the DagBag from /usr/local/python/3.12.1/lib/python3.12/site-packages/airflow/example_dags/example_external_task_marker_dag.py
[2026-04-13T13:25:22.490+0000] {processor.py:925} INFO - DAG(s) 'example_external_task_marker_child', 'example_external_task_marker_parent' retrieved from /usr/local/python/3.12.1/lib/python3.12/site-packages/airflow/example_dags/example_external_task_marker_dag.py
[2026-04-13T13:25:22.503+0000] {logging_mixin.py:190} INFO - [2026-04-13T13:25:22.503+0000] {dag.py:3239} INFO - Sync 2 DAGs
[2026-04-13T13:25:22.512+0000] {logging_mixin.py:190} INFO - [2026-04-13T13:25:22.512+0000] {dag.py:4180} INFO - Setting next_dagrun for example_external_task_marker_child to None, run_after=None
[2026-04-13T13:25:22.515+0000] {logging_mixin.py:190} INFO - [2026-04-13T13:25:22.515+0000] {dag.py:4180} INFO - Setting next_dagrun for example_external_task_marker_parent to None, run_after=None
[2026-04-13T13:25:22.529+0000] {processor.py:208} INFO - Processing /usr/local/python/3.12.1/lib/python3.12/site-packages/airflow/example_dags/example_external_task_marker_dag.py took 0.051 seconds
[2026-04-13T13:26:24.875+0000] {processor.py:186} INFO - Started process (PID=29259) to work on /usr/local/python/3.12.1/lib/python3.12/site-packages/airflow/example_dags/example_external_task_marker_dag.py
[2026-04-13T13:26:24.876+0000] {processor.py:914} INFO - Processing file /usr/local/python/3.12.1/lib/python3.12/site-packages/airflow/example_dags/example_external_task_marker_dag.py for tasks to queue
[2026-04-13T13:26:24.877+0000] {logging_mixin.py:190} INFO - [2026-04-13T13:26:24.877+0000] {dagbag.py:588} INFO - Filling up the DagBag from /usr/local/python/3.12.1/lib/python3.12/site-packages/airflow/example_dags/example_external_task_marker_dag.py
[2026-04-13T13:26:24.883+0000] {processor.py:925} INFO - DAG(s) 'example_external_task_marker_child', 'example_external_task_marker_parent' retrieved from /usr/local/python/3.12.1/lib/python3.12/site-packages/airflow/example_dags/example_external_task_marker_dag.py
[2026-04-13T13:26:24.898+0000] {logging_mixin.py:190} INFO - [2026-04-13T13:26:24.898+0000] {dag.py:3239} INFO - Sync 2 DAGs
[2026-04-13T13:26:24.910+0000] {logging_mixin.py:190} INFO - [2026-04-13T13:26:24.910+0000] {dag.py:4180} INFO - Setting next_dagrun for example_external_task_marker_child to None, run_after=None
[2026-04-13T13:26:24.912+0000] {logging_mixin.py:190} INFO - [2026-04-13T13:26:24.912+0000] {dag.py:4180} INFO - Setting next_dagrun for example_external_task_marker_parent to None, run_after=None
[2026-04-13T13:26:24.926+0000] {processor.py:208} INFO - Processing /usr/local/python/3.12.1/lib/python3.12/site-packages/airflow/example_dags/example_external_task_marker_dag.py took 0.055 seconds
[2026-04-13T13:27:23.935+0000] {processor.py:186} INFO - Started process (PID=29837) to work on /usr/local/python/3.12.1/lib/python3.12/site-packages/airflow/example_dags/example_external_task_marker_dag.py
[2026-04-13T13:27:23.936+0000] {processor.py:914} INFO - Processing file /usr/local/python/3.12.1/lib/python3.12/site-packages/airflow/example_dags/example_external_task_marker_dag.py for tasks to queue
[2026-04-13T13:27:23.937+0000] {logging_mixin.py:190} INFO - [2026-04-13T13:27:23.937+0000] {dagbag.py:588} INFO - Filling up the DagBag from /usr/local/python/3.12.1/lib/python3.12/site-packages/airflow/example_dags/example_external_task_marker_dag.py
[2026-04-13T13:27:23.943+0000] {processor.py:925} INFO - DAG(s) 'example_external_task_marker_parent', 'example_external_task_marker_child' retrieved from /usr/local/python/3.12.1/lib/python3.12/site-packages/airflow/example_dags/example_external_task_marker_dag.py
[2026-04-13T13:27:23.957+0000] {logging_mixin.py:190} INFO - [2026-04-13T13:27:23.957+0000] {dag.py:3239} INFO - Sync 2 DAGs
[2026-04-13T13:27:23.966+0000] {logging_mixin.py:190} INFO - [2026-04-13T13:27:23.966+0000] {dag.py:4180} INFO - Setting next_dagrun for example_external_task_marker_child to None, run_after=None
[2026-04-13T13:27:23.969+0000] {logging_mixin.py:190} INFO - [2026-04-13T13:27:23.969+0000] {dag.py:4180} INFO - Setting next_dagrun for example_external_task_marker_parent to None, run_after=None
[2026-04-13T13:27:23.983+0000] {processor.py:208} INFO - Processing /usr/local/python/3.12.1/lib/python3.12/site-packages/airflow/example_dags/example_external_task_marker_dag.py took 0.053 seconds
[2026-04-13T13:28:22.976+0000] {processor.py:186} INFO - Started process (PID=30357) to work on /usr/local/python/3.12.1/lib/python3.12/site-packages/airflow/example_dags/example_external_task_marker_dag.py
[2026-04-13T13:28:22.976+0000] {processor.py:914} INFO - Processing file /usr/local/python/3.12.1/lib/python3.12/site-packages/airflow/example_dags/example_external_task_marker_dag.py for tasks to queue
[2026-04-13T13:28:22.978+0000] {logging_mixin.py:190} INFO - [2026-04-13T13:28:22.977+0000] {dagbag.py:588} INFO - Filling up the DagBag from /usr/local/python/3.12.1/lib/python3.12/site-packages/airflow/example_dags/example_external_task_marker_dag.py
[2026-04-13T13:28:22.984+0000] {processor.py:925} INFO - DAG(s) 'example_external_task_marker_parent', 'example_external_task_marker_child' retrieved from /usr/local/python/3.12.1/lib/python3.12/site-packages/airflow/example_dags/example_external_task_marker_dag.py
[2026-04-13T13:28:22.997+0000] {logging_mixin.py:190} INFO - [2026-04-13T13:28:22.997+0000] {dag.py:3239} INFO - Sync 2 DAGs
[2026-04-13T13:28:23.006+0000] {logging_mixin.py:190} INFO - [2026-04-13T13:28:23.006+0000] {dag.py:4180} INFO - Setting next_dagrun for example_external_task_marker_child to None, run_after=None
[2026-04-13T13:28:23.009+0000] {logging_mixin.py:190} INFO - [2026-04-13T13:28:23.009+0000] {dag.py:4180} INFO - Setting next_dagrun for example_external_task_marker_parent to None, run_after=None
[2026-04-13T13:28:23.026+0000] {processor.py:208} INFO - Processing /usr/local/python/3.12.1/lib/python3.12/site-packages/airflow/example_dags/example_external_task_marker_dag.py took 0.054 seconds
[2026-04-13T13:29:25.126+0000] {processor.py:186} INFO - Started process (PID=30893) to work on /usr/local/python/3.12.1/lib/python3.12/site-packages/airflow/example_dags/example_external_task_marker_dag.py
[2026-04-13T13:29:25.127+0000] {processor.py:914} INFO - Processing file /usr/local/python/3.12.1/lib/python3.12/site-packages/airflow/example_dags/example_external_task_marker_dag.py for tasks to queue
[2026-04-13T13:29:25.128+0000] {logging_mixin.py:190} INFO - [2026-04-13T13:29:25.128+0000] {dagbag.py:588} INFO - Filling up the DagBag from /usr/local/python/3.12.1/lib/python3.12/site-packages/airflow/example_dags/example_external_task_marker_dag.py
[2026-04-13T13:29:25.134+0000] {processor.py:925} INFO - DAG(s) 'example_external_task_marker_parent', 'example_external_task_marker_child' retrieved from /usr/local/python/3.12.1/lib/python3.12/site-packages/airflow/example_dags/example_external_task_marker_dag.py
[2026-04-13T13:29:25.147+0000] {logging_mixin.py:190} INFO - [2026-04-13T13:29:25.147+0000] {dag.py:3239} INFO - Sync 2 DAGs
[2026-04-13T13:29:25.157+0000] {logging_mixin.py:190} INFO - [2026-04-13T13:29:25.157+0000] {dag.py:4180} INFO - Setting next_dagrun for example_external_task_marker_child to None, run_after=None
[2026-04-13T13:29:25.160+0000] {logging_mixin.py:190} INFO - [2026-04-13T13:29:25.160+0000] {dag.py:4180} INFO - Setting next_dagrun for example_external_task_marker_parent to None, run_after=None
[2026-04-13T13:29:25.176+0000] {processor.py:208} INFO - Processing /usr/local/python/3.12.1/lib/python3.12/site-packages/airflow/example_dags/example_external_task_marker_dag.py took 0.054 seconds
[2026-04-13T13:30:26.323+0000] {processor.py:186} INFO - Started process (PID=31425) to work on /usr/local/python/3.12.1/lib/python3.12/site-packages/airflow/example_dags/example_external_task_marker_dag.py
[2026-04-13T13:30:26.324+0000] {processor.py:914} INFO - Processing file /usr/local/python/3.12.1/lib/python3.12/site-packages/airflow/example_dags/example_external_task_marker_dag.py for tasks to queue
[2026-04-13T13:30:26.325+0000] {logging_mixin.py:190} INFO - [2026-04-13T13:30:26.325+0000] {dagbag.py:588} INFO - Filling up the DagBag from /usr/local/python/3.12.1/lib/python3.12/site-packages/airflow/example_dags/example_external_task_marker_dag.py
[2026-04-13T13:30:26.331+0000] {processor.py:925} INFO - DAG(s) 'example_external_task_marker_parent', 'example_external_task_marker_child' retrieved from /usr/local/python/3.12.1/lib/python3.12/site-packages/airflow/example_dags/example_external_task_marker_dag.py
[2026-04-13T13:30:26.345+0000] {logging_mixin.py:190} INFO - [2026-04-13T13:30:26.345+0000] {dag.py:3239} INFO - Sync 2 DAGs
[2026-04-13T13:30:26.354+0000] {logging_mixin.py:190} INFO - [2026-04-13T13:30:26.354+0000] {dag.py:4180} INFO - Setting next_dagrun for example_external_task_marker_child to None, run_after=None
[2026-04-13T13:30:26.357+0000] {logging_mixin.py:190} INFO - [2026-04-13T13:30:26.357+0000] {dag.py:4180} INFO - Setting next_dagrun for example_external_task_marker_parent to None, run_after=None
[2026-04-13T13:30:26.371+0000] {processor.py:208} INFO - Processing /usr/local/python/3.12.1/lib/python3.12/site-packages/airflow/example_dags/example_external_task_marker_dag.py took 0.052 seconds
[2026-04-13T13:31:28.467+0000] {processor.py:186} INFO - Started process (PID=31969) to work on /usr/local/python/3.12.1/lib/python3.12/site-packages/airflow/example_dags/example_external_task_marker_dag.py
[2026-04-13T13:31:28.468+0000] {processor.py:914} INFO - Processing file /usr/local/python/3.12.1/lib/python3.12/site-packages/airflow/example_dags/example_external_task_marker_dag.py for tasks to queue
[2026-04-13T13:31:28.469+0000] {logging_mixin.py:190} INFO - [2026-04-13T13:31:28.469+0000] {dagbag.py:588} INFO - Filling up the DagBag from /usr/local/python/3.12.1/lib/python3.12/site-packages/airflow/example_dags/example_external_task_marker_dag.py
[2026-04-13T13:31:28.475+0000] {processor.py:925} INFO - DAG(s) 'example_external_task_marker_child', 'example_external_task_marker_parent' retrieved from /usr/local/python/3.12.1/lib/python3.12/site-packages/airflow/example_dags/example_external_task_marker_dag.py
[2026-04-13T13:31:28.489+0000] {logging_mixin.py:190} INFO - [2026-04-13T13:31:28.489+0000] {dag.py:3239} INFO - Sync 2 DAGs
[2026-04-13T13:31:28.499+0000] {logging_mixin.py:190} INFO - [2026-04-13T13:31:28.499+0000] {dag.py:4180} INFO - Setting next_dagrun for example_external_task_marker_child to None, run_after=None
[2026-04-13T13:31:28.501+0000] {logging_mixin.py:190} INFO - [2026-04-13T13:31:28.501+0000] {dag.py:4180} INFO - Setting next_dagrun for example_external_task_marker_parent to None, run_after=None
[2026-04-13T13:31:28.516+0000] {processor.py:208} INFO - Processing /usr/local/python/3.12.1/lib/python3.12/site-packages/airflow/example_dags/example_external_task_marker_dag.py took 0.053 seconds
[2026-04-13T13:32:24.987+0000] {processor.py:186} INFO - Started process (PID=32535) to work on /usr/local/python/3.12.1/lib/python3.12/site-packages/airflow/example_dags/example_external_task_marker_dag.py
[2026-04-13T13:32:24.987+0000] {processor.py:914} INFO - Processing file /usr/local/python/3.12.1/lib/python3.12/site-packages/airflow/example_dags/example_external_task_marker_dag.py for tasks to queue
[2026-04-13T13:32:24.989+0000] {logging_mixin.py:190} INFO - [2026-04-13T13:32:24.988+0000] {dagbag.py:588} INFO - Filling up the DagBag from /usr/local/python/3.12.1/lib/python3.12/site-packages/airflow/example_dags/example_external_task_marker_dag.py
[2026-04-13T13:32:24.995+0000] {processor.py:925} INFO - DAG(s) 'example_external_task_marker_child', 'example_external_task_marker_parent' retrieved from /usr/local/python/3.12.1/lib/python3.12/site-packages/airflow/example_dags/example_external_task_marker_dag.py
[2026-04-13T13:32:25.008+0000] {logging_mixin.py:190} INFO - [2026-04-13T13:32:25.008+0000] {dag.py:3239} INFO - Sync 2 DAGs
[2026-04-13T13:32:25.018+0000] {logging_mixin.py:190} INFO - [2026-04-13T13:32:25.018+0000] {dag.py:4180} INFO - Setting next_dagrun for example_external_task_marker_child to None, run_after=None
[2026-04-13T13:32:25.020+0000] {logging_mixin.py:190} INFO - [2026-04-13T13:32:25.020+0000] {dag.py:4180} INFO - Setting next_dagrun for example_external_task_marker_parent to None, run_after=None
[2026-04-13T13:32:25.034+0000] {processor.py:208} INFO - Processing /usr/local/python/3.12.1/lib/python3.12/site-packages/airflow/example_dags/example_external_task_marker_dag.py took 0.051 seconds
[2026-04-13T13:33:24.425+0000] {processor.py:186} INFO - Started process (PID=33043) to work on /usr/local/python/3.12.1/lib/python3.12/site-packages/airflow/example_dags/example_external_task_marker_dag.py
[2026-04-13T13:33:24.426+0000] {processor.py:914} INFO - Processing file /usr/local/python/3.12.1/lib/python3.12/site-packages/airflow/example_dags/example_external_task_marker_dag.py for tasks to queue
[2026-04-13T13:33:24.427+0000] {logging_mixin.py:190} INFO - [2026-04-13T13:33:24.427+0000] {dagbag.py:588} INFO - Filling up the DagBag from /usr/local/python/3.12.1/lib/python3.12/site-packages/airflow/example_dags/example_external_task_marker_dag.py
[2026-04-13T13:33:24.435+0000] {processor.py:925} INFO - DAG(s) 'example_external_task_marker_parent', 'example_external_task_marker_child' retrieved from /usr/local/python/3.12.1/lib/python3.12/site-packages/airflow/example_dags/example_external_task_marker_dag.py
[2026-04-13T13:33:24.454+0000] {logging_mixin.py:190} INFO - [2026-04-13T13:33:24.453+0000] {dag.py:3239} INFO - Sync 2 DAGs
[2026-04-13T13:33:24.465+0000] {logging_mixin.py:190} INFO - [2026-04-13T13:33:24.465+0000] {dag.py:4180} INFO - Setting next_dagrun for example_external_task_marker_child to None, run_after=None
[2026-04-13T13:33:24.468+0000] {logging_mixin.py:190} INFO - [2026-04-13T13:33:24.468+0000] {dag.py:4180} INFO - Setting next_dagrun for example_external_task_marker_parent to None, run_after=None
[2026-04-13T13:33:24.486+0000] {processor.py:208} INFO - Processing /usr/local/python/3.12.1/lib/python3.12/site-packages/airflow/example_dags/example_external_task_marker_dag.py took 0.065 seconds
[2026-04-13T13:34:29.810+0000] {processor.py:186} INFO - Started process (PID=33766) to work on /usr/local/python/3.12.1/lib/python3.12/site-packages/airflow/example_dags/example_external_task_marker_dag.py
[2026-04-13T13:34:29.811+0000] {processor.py:914} INFO - Processing file /usr/local/python/3.12.1/lib/python3.12/site-packages/airflow/example_dags/example_external_task_marker_dag.py for tasks to queue
[2026-04-13T13:34:29.812+0000] {logging_mixin.py:190} INFO - [2026-04-13T13:34:29.812+0000] {dagbag.py:588} INFO - Filling up the DagBag from /usr/local/python/3.12.1/lib/python3.12/site-packages/airflow/example_dags/example_external_task_marker_dag.py
[2026-04-13T13:34:29.818+0000] {processor.py:925} INFO - DAG(s) 'example_external_task_marker_child', 'example_external_task_marker_parent' retrieved from /usr/local/python/3.12.1/lib/python3.12/site-packages/airflow/example_dags/example_external_task_marker_dag.py
[2026-04-13T13:34:29.832+0000] {logging_mixin.py:190} INFO - [2026-04-13T13:34:29.832+0000] {dag.py:3239} INFO - Sync 2 DAGs
[2026-04-13T13:34:29.841+0000] {logging_mixin.py:190} INFO - [2026-04-13T13:34:29.841+0000] {dag.py:4180} INFO - Setting next_dagrun for example_external_task_marker_child to None, run_after=None
[2026-04-13T13:34:29.844+0000] {logging_mixin.py:190} INFO - [2026-04-13T13:34:29.844+0000] {dag.py:4180} INFO - Setting next_dagrun for example_external_task_marker_parent to None, run_after=None
[2026-04-13T13:34:29.858+0000] {processor.py:208} INFO - Processing /usr/local/python/3.12.1/lib/python3.12/site-packages/airflow/example_dags/example_external_task_marker_dag.py took 0.052 seconds
[2026-04-13T13:35:36.768+0000] {processor.py:186} INFO - Started process (PID=34562) to work on /usr/local/python/3.12.1/lib/python3.12/site-packages/airflow/example_dags/example_external_task_marker_dag.py
[2026-04-13T13:35:36.768+0000] {processor.py:914} INFO - Processing file /usr/local/python/3.12.1/lib/python3.12/site-packages/airflow/example_dags/example_external_task_marker_dag.py for tasks to queue
[2026-04-13T13:35:36.770+0000] {logging_mixin.py:190} INFO - [2026-04-13T13:35:36.769+0000] {dagbag.py:588} INFO - Filling up the DagBag from /usr/local/python/3.12.1/lib/python3.12/site-packages/airflow/example_dags/example_external_task_marker_dag.py
[2026-04-13T13:35:36.776+0000] {processor.py:925} INFO - DAG(s) 'example_external_task_marker_child', 'example_external_task_marker_parent' retrieved from /usr/local/python/3.12.1/lib/python3.12/site-packages/airflow/example_dags/example_external_task_marker_dag.py
[2026-04-13T13:35:36.789+0000] {logging_mixin.py:190} INFO - [2026-04-13T13:35:36.789+0000] {dag.py:3239} INFO - Sync 2 DAGs
[2026-04-13T13:35:36.798+0000] {logging_mixin.py:190} INFO - [2026-04-13T13:35:36.798+0000] {dag.py:4180} INFO - Setting next_dagrun for example_external_task_marker_child to None, run_after=None
[2026-04-13T13:35:36.801+0000] {logging_mixin.py:190} INFO - [2026-04-13T13:35:36.801+0000] {dag.py:4180} INFO - Setting next_dagrun for example_external_task_marker_parent to None, run_after=None
[2026-04-13T13:35:36.815+0000] {processor.py:208} INFO - Processing /usr/local/python/3.12.1/lib/python3.12/site-packages/airflow/example_dags/example_external_task_marker_dag.py took 0.051 seconds
