[2026-04-13T13:07:35.232+0000] {processor.py:186} INFO - Started process (PID=17077) to work on /usr/local/python/3.12.1/lib/python3.12/site-packages/airflow/example_dags/example_branch_day_of_week_operator.py
[2026-04-13T13:07:35.233+0000] {processor.py:914} INFO - Processing file /usr/local/python/3.12.1/lib/python3.12/site-packages/airflow/example_dags/example_branch_day_of_week_operator.py for tasks to queue
[2026-04-13T13:07:35.236+0000] {logging_mixin.py:190} INFO - [2026-04-13T13:07:35.235+0000] {dagbag.py:588} INFO - Filling up the DagBag from /usr/local/python/3.12.1/lib/python3.12/site-packages/airflow/example_dags/example_branch_day_of_week_operator.py
[2026-04-13T13:07:35.247+0000] {processor.py:925} INFO - DAG(s) 'example_weekday_branch_operator' retrieved from /usr/local/python/3.12.1/lib/python3.12/site-packages/airflow/example_dags/example_branch_day_of_week_operator.py
[2026-04-13T13:07:35.270+0000] {logging_mixin.py:190} INFO - [2026-04-13T13:07:35.270+0000] {dag.py:3239} INFO - Sync 1 DAGs
[2026-04-13T13:07:35.293+0000] {logging_mixin.py:190} INFO - [2026-04-13T13:07:35.293+0000] {dag.py:4180} INFO - Setting next_dagrun for example_weekday_branch_operator to 2026-04-12 00:00:00+00:00, run_after=2026-04-13 00:00:00+00:00
[2026-04-13T13:07:35.309+0000] {processor.py:208} INFO - Processing /usr/local/python/3.12.1/lib/python3.12/site-packages/airflow/example_dags/example_branch_day_of_week_operator.py took 0.103 seconds
[2026-04-13T13:08:35.745+0000] {processor.py:186} INFO - Started process (PID=17799) to work on /usr/local/python/3.12.1/lib/python3.12/site-packages/airflow/example_dags/example_branch_day_of_week_operator.py
[2026-04-13T13:08:35.745+0000] {processor.py:914} INFO - Processing file /usr/local/python/3.12.1/lib/python3.12/site-packages/airflow/example_dags/example_branch_day_of_week_operator.py for tasks to queue
[2026-04-13T13:08:35.747+0000] {logging_mixin.py:190} INFO - [2026-04-13T13:08:35.747+0000] {dagbag.py:588} INFO - Filling up the DagBag from /usr/local/python/3.12.1/lib/python3.12/site-packages/airflow/example_dags/example_branch_day_of_week_operator.py
[2026-04-13T13:08:35.754+0000] {processor.py:925} INFO - DAG(s) 'example_weekday_branch_operator' retrieved from /usr/local/python/3.12.1/lib/python3.12/site-packages/airflow/example_dags/example_branch_day_of_week_operator.py
[2026-04-13T13:08:35.767+0000] {logging_mixin.py:190} INFO - [2026-04-13T13:08:35.767+0000] {dag.py:3239} INFO - Sync 1 DAGs
[2026-04-13T13:08:35.783+0000] {logging_mixin.py:190} INFO - [2026-04-13T13:08:35.783+0000] {dag.py:4180} INFO - Setting next_dagrun for example_weekday_branch_operator to 2026-04-12 00:00:00+00:00, run_after=2026-04-13 00:00:00+00:00
[2026-04-13T13:08:35.798+0000] {processor.py:208} INFO - Processing /usr/local/python/3.12.1/lib/python3.12/site-packages/airflow/example_dags/example_branch_day_of_week_operator.py took 0.057 seconds
[2026-04-13T13:09:41.450+0000] {processor.py:186} INFO - Started process (PID=19034) to work on /usr/local/python/3.12.1/lib/python3.12/site-packages/airflow/example_dags/example_branch_day_of_week_operator.py
[2026-04-13T13:09:41.450+0000] {processor.py:914} INFO - Processing file /usr/local/python/3.12.1/lib/python3.12/site-packages/airflow/example_dags/example_branch_day_of_week_operator.py for tasks to queue
[2026-04-13T13:09:41.452+0000] {logging_mixin.py:190} INFO - [2026-04-13T13:09:41.452+0000] {dagbag.py:588} INFO - Filling up the DagBag from /usr/local/python/3.12.1/lib/python3.12/site-packages/airflow/example_dags/example_branch_day_of_week_operator.py
[2026-04-13T13:09:41.459+0000] {processor.py:925} INFO - DAG(s) 'example_weekday_branch_operator' retrieved from /usr/local/python/3.12.1/lib/python3.12/site-packages/airflow/example_dags/example_branch_day_of_week_operator.py
[2026-04-13T13:09:41.474+0000] {logging_mixin.py:190} INFO - [2026-04-13T13:09:41.474+0000] {dag.py:3239} INFO - Sync 1 DAGs
[2026-04-13T13:09:41.498+0000] {logging_mixin.py:190} INFO - [2026-04-13T13:09:41.498+0000] {dag.py:4180} INFO - Setting next_dagrun for example_weekday_branch_operator to 2026-04-12 00:00:00+00:00, run_after=2026-04-13 00:00:00+00:00
[2026-04-13T13:09:41.521+0000] {processor.py:208} INFO - Processing /usr/local/python/3.12.1/lib/python3.12/site-packages/airflow/example_dags/example_branch_day_of_week_operator.py took 0.075 seconds
[2026-04-13T13:10:47.899+0000] {processor.py:186} INFO - Started process (PID=19931) to work on /usr/local/python/3.12.1/lib/python3.12/site-packages/airflow/example_dags/example_branch_day_of_week_operator.py
[2026-04-13T13:10:47.900+0000] {processor.py:914} INFO - Processing file /usr/local/python/3.12.1/lib/python3.12/site-packages/airflow/example_dags/example_branch_day_of_week_operator.py for tasks to queue
[2026-04-13T13:10:47.901+0000] {logging_mixin.py:190} INFO - [2026-04-13T13:10:47.901+0000] {dagbag.py:588} INFO - Filling up the DagBag from /usr/local/python/3.12.1/lib/python3.12/site-packages/airflow/example_dags/example_branch_day_of_week_operator.py
[2026-04-13T13:10:47.909+0000] {processor.py:925} INFO - DAG(s) 'example_weekday_branch_operator' retrieved from /usr/local/python/3.12.1/lib/python3.12/site-packages/airflow/example_dags/example_branch_day_of_week_operator.py
[2026-04-13T13:10:47.921+0000] {logging_mixin.py:190} INFO - [2026-04-13T13:10:47.921+0000] {dag.py:3239} INFO - Sync 1 DAGs
[2026-04-13T13:10:47.937+0000] {logging_mixin.py:190} INFO - [2026-04-13T13:10:47.937+0000] {dag.py:4180} INFO - Setting next_dagrun for example_weekday_branch_operator to 2026-04-12 00:00:00+00:00, run_after=2026-04-13 00:00:00+00:00
[2026-04-13T13:10:47.954+0000] {processor.py:208} INFO - Processing /usr/local/python/3.12.1/lib/python3.12/site-packages/airflow/example_dags/example_branch_day_of_week_operator.py took 0.058 seconds
[2026-04-13T13:11:46.240+0000] {processor.py:186} INFO - Started process (PID=20518) to work on /usr/local/python/3.12.1/lib/python3.12/site-packages/airflow/example_dags/example_branch_day_of_week_operator.py
[2026-04-13T13:11:46.241+0000] {processor.py:914} INFO - Processing file /usr/local/python/3.12.1/lib/python3.12/site-packages/airflow/example_dags/example_branch_day_of_week_operator.py for tasks to queue
[2026-04-13T13:11:46.243+0000] {logging_mixin.py:190} INFO - [2026-04-13T13:11:46.242+0000] {dagbag.py:588} INFO - Filling up the DagBag from /usr/local/python/3.12.1/lib/python3.12/site-packages/airflow/example_dags/example_branch_day_of_week_operator.py
[2026-04-13T13:11:46.250+0000] {processor.py:925} INFO - DAG(s) 'example_weekday_branch_operator' retrieved from /usr/local/python/3.12.1/lib/python3.12/site-packages/airflow/example_dags/example_branch_day_of_week_operator.py
[2026-04-13T13:11:46.262+0000] {logging_mixin.py:190} INFO - [2026-04-13T13:11:46.262+0000] {dag.py:3239} INFO - Sync 1 DAGs
[2026-04-13T13:11:46.278+0000] {logging_mixin.py:190} INFO - [2026-04-13T13:11:46.278+0000] {dag.py:4180} INFO - Setting next_dagrun for example_weekday_branch_operator to 2026-04-12 00:00:00+00:00, run_after=2026-04-13 00:00:00+00:00
[2026-04-13T13:11:46.293+0000] {processor.py:208} INFO - Processing /usr/local/python/3.12.1/lib/python3.12/site-packages/airflow/example_dags/example_branch_day_of_week_operator.py took 0.058 seconds
[2026-04-13T13:12:50.147+0000] {processor.py:186} INFO - Started process (PID=21110) to work on /usr/local/python/3.12.1/lib/python3.12/site-packages/airflow/example_dags/example_branch_day_of_week_operator.py
[2026-04-13T13:12:50.148+0000] {processor.py:914} INFO - Processing file /usr/local/python/3.12.1/lib/python3.12/site-packages/airflow/example_dags/example_branch_day_of_week_operator.py for tasks to queue
[2026-04-13T13:12:50.150+0000] {logging_mixin.py:190} INFO - [2026-04-13T13:12:50.150+0000] {dagbag.py:588} INFO - Filling up the DagBag from /usr/local/python/3.12.1/lib/python3.12/site-packages/airflow/example_dags/example_branch_day_of_week_operator.py
[2026-04-13T13:12:50.162+0000] {processor.py:925} INFO - DAG(s) 'example_weekday_branch_operator' retrieved from /usr/local/python/3.12.1/lib/python3.12/site-packages/airflow/example_dags/example_branch_day_of_week_operator.py
[2026-04-13T13:12:50.174+0000] {logging_mixin.py:190} INFO - [2026-04-13T13:12:50.174+0000] {dag.py:3239} INFO - Sync 1 DAGs
[2026-04-13T13:12:50.190+0000] {logging_mixin.py:190} INFO - [2026-04-13T13:12:50.190+0000] {dag.py:4180} INFO - Setting next_dagrun for example_weekday_branch_operator to 2026-04-12 00:00:00+00:00, run_after=2026-04-13 00:00:00+00:00
[2026-04-13T13:12:50.205+0000] {processor.py:208} INFO - Processing /usr/local/python/3.12.1/lib/python3.12/site-packages/airflow/example_dags/example_branch_day_of_week_operator.py took 0.063 seconds
[2026-04-13T13:13:53.352+0000] {processor.py:186} INFO - Started process (PID=21786) to work on /usr/local/python/3.12.1/lib/python3.12/site-packages/airflow/example_dags/example_branch_day_of_week_operator.py
[2026-04-13T13:13:53.352+0000] {processor.py:914} INFO - Processing file /usr/local/python/3.12.1/lib/python3.12/site-packages/airflow/example_dags/example_branch_day_of_week_operator.py for tasks to queue
[2026-04-13T13:13:53.354+0000] {logging_mixin.py:190} INFO - [2026-04-13T13:13:53.353+0000] {dagbag.py:588} INFO - Filling up the DagBag from /usr/local/python/3.12.1/lib/python3.12/site-packages/airflow/example_dags/example_branch_day_of_week_operator.py
[2026-04-13T13:13:53.361+0000] {processor.py:925} INFO - DAG(s) 'example_weekday_branch_operator' retrieved from /usr/local/python/3.12.1/lib/python3.12/site-packages/airflow/example_dags/example_branch_day_of_week_operator.py
[2026-04-13T13:13:53.373+0000] {logging_mixin.py:190} INFO - [2026-04-13T13:13:53.373+0000] {dag.py:3239} INFO - Sync 1 DAGs
[2026-04-13T13:13:53.389+0000] {logging_mixin.py:190} INFO - [2026-04-13T13:13:53.389+0000] {dag.py:4180} INFO - Setting next_dagrun for example_weekday_branch_operator to 2026-04-12 00:00:00+00:00, run_after=2026-04-13 00:00:00+00:00
[2026-04-13T13:13:53.407+0000] {processor.py:208} INFO - Processing /usr/local/python/3.12.1/lib/python3.12/site-packages/airflow/example_dags/example_branch_day_of_week_operator.py took 0.059 seconds
[2026-04-13T13:14:58.642+0000] {processor.py:186} INFO - Started process (PID=22383) to work on /usr/local/python/3.12.1/lib/python3.12/site-packages/airflow/example_dags/example_branch_day_of_week_operator.py
[2026-04-13T13:14:58.643+0000] {processor.py:914} INFO - Processing file /usr/local/python/3.12.1/lib/python3.12/site-packages/airflow/example_dags/example_branch_day_of_week_operator.py for tasks to queue
[2026-04-13T13:14:58.644+0000] {logging_mixin.py:190} INFO - [2026-04-13T13:14:58.644+0000] {dagbag.py:588} INFO - Filling up the DagBag from /usr/local/python/3.12.1/lib/python3.12/site-packages/airflow/example_dags/example_branch_day_of_week_operator.py
[2026-04-13T13:14:58.652+0000] {processor.py:925} INFO - DAG(s) 'example_weekday_branch_operator' retrieved from /usr/local/python/3.12.1/lib/python3.12/site-packages/airflow/example_dags/example_branch_day_of_week_operator.py
[2026-04-13T13:14:58.664+0000] {logging_mixin.py:190} INFO - [2026-04-13T13:14:58.664+0000] {dag.py:3239} INFO - Sync 1 DAGs
[2026-04-13T13:14:58.684+0000] {logging_mixin.py:190} INFO - [2026-04-13T13:14:58.683+0000] {dag.py:4180} INFO - Setting next_dagrun for example_weekday_branch_operator to 2026-04-12 00:00:00+00:00, run_after=2026-04-13 00:00:00+00:00
[2026-04-13T13:14:58.701+0000] {processor.py:208} INFO - Processing /usr/local/python/3.12.1/lib/python3.12/site-packages/airflow/example_dags/example_branch_day_of_week_operator.py took 0.063 seconds
[2026-04-13T13:16:05.693+0000] {processor.py:186} INFO - Started process (PID=23086) to work on /usr/local/python/3.12.1/lib/python3.12/site-packages/airflow/example_dags/example_branch_day_of_week_operator.py
[2026-04-13T13:16:05.694+0000] {processor.py:914} INFO - Processing file /usr/local/python/3.12.1/lib/python3.12/site-packages/airflow/example_dags/example_branch_day_of_week_operator.py for tasks to queue
[2026-04-13T13:16:05.695+0000] {logging_mixin.py:190} INFO - [2026-04-13T13:16:05.695+0000] {dagbag.py:588} INFO - Filling up the DagBag from /usr/local/python/3.12.1/lib/python3.12/site-packages/airflow/example_dags/example_branch_day_of_week_operator.py
[2026-04-13T13:16:05.703+0000] {processor.py:925} INFO - DAG(s) 'example_weekday_branch_operator' retrieved from /usr/local/python/3.12.1/lib/python3.12/site-packages/airflow/example_dags/example_branch_day_of_week_operator.py
[2026-04-13T13:16:05.715+0000] {logging_mixin.py:190} INFO - [2026-04-13T13:16:05.715+0000] {dag.py:3239} INFO - Sync 1 DAGs
[2026-04-13T13:16:05.731+0000] {logging_mixin.py:190} INFO - [2026-04-13T13:16:05.730+0000] {dag.py:4180} INFO - Setting next_dagrun for example_weekday_branch_operator to 2026-04-12 00:00:00+00:00, run_after=2026-04-13 00:00:00+00:00
[2026-04-13T13:16:05.751+0000] {processor.py:208} INFO - Processing /usr/local/python/3.12.1/lib/python3.12/site-packages/airflow/example_dags/example_branch_day_of_week_operator.py took 0.062 seconds
[2026-04-13T13:17:06.913+0000] {processor.py:186} INFO - Started process (PID=23863) to work on /usr/local/python/3.12.1/lib/python3.12/site-packages/airflow/example_dags/example_branch_day_of_week_operator.py
[2026-04-13T13:17:06.914+0000] {processor.py:914} INFO - Processing file /usr/local/python/3.12.1/lib/python3.12/site-packages/airflow/example_dags/example_branch_day_of_week_operator.py for tasks to queue
[2026-04-13T13:17:06.915+0000] {logging_mixin.py:190} INFO - [2026-04-13T13:17:06.915+0000] {dagbag.py:588} INFO - Filling up the DagBag from /usr/local/python/3.12.1/lib/python3.12/site-packages/airflow/example_dags/example_branch_day_of_week_operator.py
[2026-04-13T13:17:06.923+0000] {processor.py:925} INFO - DAG(s) 'example_weekday_branch_operator' retrieved from /usr/local/python/3.12.1/lib/python3.12/site-packages/airflow/example_dags/example_branch_day_of_week_operator.py
[2026-04-13T13:17:06.936+0000] {logging_mixin.py:190} INFO - [2026-04-13T13:17:06.936+0000] {dag.py:3239} INFO - Sync 1 DAGs
[2026-04-13T13:17:06.952+0000] {logging_mixin.py:190} INFO - [2026-04-13T13:17:06.952+0000] {dag.py:4180} INFO - Setting next_dagrun for example_weekday_branch_operator to 2026-04-12 00:00:00+00:00, run_after=2026-04-13 00:00:00+00:00
[2026-04-13T13:17:06.968+0000] {processor.py:208} INFO - Processing /usr/local/python/3.12.1/lib/python3.12/site-packages/airflow/example_dags/example_branch_day_of_week_operator.py took 0.059 seconds
[2026-04-13T13:18:29.647+0000] {processor.py:186} INFO - Started process (PID=25005) to work on /usr/local/python/3.12.1/lib/python3.12/site-packages/airflow/example_dags/example_branch_day_of_week_operator.py
[2026-04-13T13:18:29.650+0000] {processor.py:914} INFO - Processing file /usr/local/python/3.12.1/lib/python3.12/site-packages/airflow/example_dags/example_branch_day_of_week_operator.py for tasks to queue
[2026-04-13T13:18:29.654+0000] {logging_mixin.py:190} INFO - [2026-04-13T13:18:29.652+0000] {dagbag.py:588} INFO - Filling up the DagBag from /usr/local/python/3.12.1/lib/python3.12/site-packages/airflow/example_dags/example_branch_day_of_week_operator.py
[2026-04-13T13:18:29.693+0000] {processor.py:925} INFO - DAG(s) 'example_weekday_branch_operator' retrieved from /usr/local/python/3.12.1/lib/python3.12/site-packages/airflow/example_dags/example_branch_day_of_week_operator.py
[2026-04-13T13:18:29.731+0000] {logging_mixin.py:190} INFO - [2026-04-13T13:18:29.731+0000] {dag.py:3239} INFO - Sync 1 DAGs
[2026-04-13T13:18:29.762+0000] {logging_mixin.py:190} INFO - [2026-04-13T13:18:29.762+0000] {dag.py:4180} INFO - Setting next_dagrun for example_weekday_branch_operator to 2026-04-12 00:00:00+00:00, run_after=2026-04-13 00:00:00+00:00
[2026-04-13T13:18:29.778+0000] {processor.py:208} INFO - Processing /usr/local/python/3.12.1/lib/python3.12/site-packages/airflow/example_dags/example_branch_day_of_week_operator.py took 0.151 seconds
[2026-04-13T13:19:30.500+0000] {processor.py:186} INFO - Started process (PID=25552) to work on /usr/local/python/3.12.1/lib/python3.12/site-packages/airflow/example_dags/example_branch_day_of_week_operator.py
[2026-04-13T13:19:30.501+0000] {processor.py:914} INFO - Processing file /usr/local/python/3.12.1/lib/python3.12/site-packages/airflow/example_dags/example_branch_day_of_week_operator.py for tasks to queue
[2026-04-13T13:19:30.503+0000] {logging_mixin.py:190} INFO - [2026-04-13T13:19:30.503+0000] {dagbag.py:588} INFO - Filling up the DagBag from /usr/local/python/3.12.1/lib/python3.12/site-packages/airflow/example_dags/example_branch_day_of_week_operator.py
[2026-04-13T13:19:30.524+0000] {processor.py:925} INFO - DAG(s) 'example_weekday_branch_operator' retrieved from /usr/local/python/3.12.1/lib/python3.12/site-packages/airflow/example_dags/example_branch_day_of_week_operator.py
[2026-04-13T13:19:30.544+0000] {logging_mixin.py:190} INFO - [2026-04-13T13:19:30.544+0000] {dag.py:3239} INFO - Sync 1 DAGs
[2026-04-13T13:19:30.571+0000] {logging_mixin.py:190} INFO - [2026-04-13T13:19:30.571+0000] {dag.py:4180} INFO - Setting next_dagrun for example_weekday_branch_operator to 2026-04-12 00:00:00+00:00, run_after=2026-04-13 00:00:00+00:00
[2026-04-13T13:19:30.618+0000] {processor.py:208} INFO - Processing /usr/local/python/3.12.1/lib/python3.12/site-packages/airflow/example_dags/example_branch_day_of_week_operator.py took 0.125 seconds
[2026-04-13T13:20:32.312+0000] {processor.py:186} INFO - Started process (PID=26089) to work on /usr/local/python/3.12.1/lib/python3.12/site-packages/airflow/example_dags/example_branch_day_of_week_operator.py
[2026-04-13T13:20:32.313+0000] {processor.py:914} INFO - Processing file /usr/local/python/3.12.1/lib/python3.12/site-packages/airflow/example_dags/example_branch_day_of_week_operator.py for tasks to queue
[2026-04-13T13:20:32.314+0000] {logging_mixin.py:190} INFO - [2026-04-13T13:20:32.314+0000] {dagbag.py:588} INFO - Filling up the DagBag from /usr/local/python/3.12.1/lib/python3.12/site-packages/airflow/example_dags/example_branch_day_of_week_operator.py
[2026-04-13T13:20:32.322+0000] {processor.py:925} INFO - DAG(s) 'example_weekday_branch_operator' retrieved from /usr/local/python/3.12.1/lib/python3.12/site-packages/airflow/example_dags/example_branch_day_of_week_operator.py
[2026-04-13T13:20:32.335+0000] {logging_mixin.py:190} INFO - [2026-04-13T13:20:32.334+0000] {dag.py:3239} INFO - Sync 1 DAGs
[2026-04-13T13:20:32.350+0000] {logging_mixin.py:190} INFO - [2026-04-13T13:20:32.350+0000] {dag.py:4180} INFO - Setting next_dagrun for example_weekday_branch_operator to 2026-04-12 00:00:00+00:00, run_after=2026-04-13 00:00:00+00:00
[2026-04-13T13:20:32.366+0000] {processor.py:208} INFO - Processing /usr/local/python/3.12.1/lib/python3.12/site-packages/airflow/example_dags/example_branch_day_of_week_operator.py took 0.058 seconds
[2026-04-13T13:21:31.197+0000] {processor.py:186} INFO - Started process (PID=26617) to work on /usr/local/python/3.12.1/lib/python3.12/site-packages/airflow/example_dags/example_branch_day_of_week_operator.py
[2026-04-13T13:21:31.198+0000] {processor.py:914} INFO - Processing file /usr/local/python/3.12.1/lib/python3.12/site-packages/airflow/example_dags/example_branch_day_of_week_operator.py for tasks to queue
[2026-04-13T13:21:31.199+0000] {logging_mixin.py:190} INFO - [2026-04-13T13:21:31.199+0000] {dagbag.py:588} INFO - Filling up the DagBag from /usr/local/python/3.12.1/lib/python3.12/site-packages/airflow/example_dags/example_branch_day_of_week_operator.py
[2026-04-13T13:21:31.207+0000] {processor.py:925} INFO - DAG(s) 'example_weekday_branch_operator' retrieved from /usr/local/python/3.12.1/lib/python3.12/site-packages/airflow/example_dags/example_branch_day_of_week_operator.py
[2026-04-13T13:21:31.219+0000] {logging_mixin.py:190} INFO - [2026-04-13T13:21:31.218+0000] {dag.py:3239} INFO - Sync 1 DAGs
[2026-04-13T13:21:31.234+0000] {logging_mixin.py:190} INFO - [2026-04-13T13:21:31.234+0000] {dag.py:4180} INFO - Setting next_dagrun for example_weekday_branch_operator to 2026-04-12 00:00:00+00:00, run_after=2026-04-13 00:00:00+00:00
[2026-04-13T13:21:31.250+0000] {processor.py:208} INFO - Processing /usr/local/python/3.12.1/lib/python3.12/site-packages/airflow/example_dags/example_branch_day_of_week_operator.py took 0.057 seconds
[2026-04-13T13:22:31.740+0000] {processor.py:186} INFO - Started process (PID=27202) to work on /usr/local/python/3.12.1/lib/python3.12/site-packages/airflow/example_dags/example_branch_day_of_week_operator.py
[2026-04-13T13:22:31.741+0000] {processor.py:914} INFO - Processing file /usr/local/python/3.12.1/lib/python3.12/site-packages/airflow/example_dags/example_branch_day_of_week_operator.py for tasks to queue
[2026-04-13T13:22:31.742+0000] {logging_mixin.py:190} INFO - [2026-04-13T13:22:31.742+0000] {dagbag.py:588} INFO - Filling up the DagBag from /usr/local/python/3.12.1/lib/python3.12/site-packages/airflow/example_dags/example_branch_day_of_week_operator.py
[2026-04-13T13:22:31.750+0000] {processor.py:925} INFO - DAG(s) 'example_weekday_branch_operator' retrieved from /usr/local/python/3.12.1/lib/python3.12/site-packages/airflow/example_dags/example_branch_day_of_week_operator.py
[2026-04-13T13:22:31.762+0000] {logging_mixin.py:190} INFO - [2026-04-13T13:22:31.762+0000] {dag.py:3239} INFO - Sync 1 DAGs
[2026-04-13T13:22:31.777+0000] {logging_mixin.py:190} INFO - [2026-04-13T13:22:31.777+0000] {dag.py:4180} INFO - Setting next_dagrun for example_weekday_branch_operator to 2026-04-12 00:00:00+00:00, run_after=2026-04-13 00:00:00+00:00
[2026-04-13T13:22:31.792+0000] {processor.py:208} INFO - Processing /usr/local/python/3.12.1/lib/python3.12/site-packages/airflow/example_dags/example_branch_day_of_week_operator.py took 0.056 seconds
[2026-04-13T13:23:34.005+0000] {processor.py:186} INFO - Started process (PID=27752) to work on /usr/local/python/3.12.1/lib/python3.12/site-packages/airflow/example_dags/example_branch_day_of_week_operator.py
[2026-04-13T13:23:34.006+0000] {processor.py:914} INFO - Processing file /usr/local/python/3.12.1/lib/python3.12/site-packages/airflow/example_dags/example_branch_day_of_week_operator.py for tasks to queue
[2026-04-13T13:23:34.008+0000] {logging_mixin.py:190} INFO - [2026-04-13T13:23:34.008+0000] {dagbag.py:588} INFO - Filling up the DagBag from /usr/local/python/3.12.1/lib/python3.12/site-packages/airflow/example_dags/example_branch_day_of_week_operator.py
[2026-04-13T13:23:34.020+0000] {processor.py:925} INFO - DAG(s) 'example_weekday_branch_operator' retrieved from /usr/local/python/3.12.1/lib/python3.12/site-packages/airflow/example_dags/example_branch_day_of_week_operator.py
[2026-04-13T13:23:34.054+0000] {logging_mixin.py:190} INFO - [2026-04-13T13:23:34.052+0000] {dag.py:3239} INFO - Sync 1 DAGs
[2026-04-13T13:23:34.123+0000] {logging_mixin.py:190} INFO - [2026-04-13T13:23:34.123+0000] {dag.py:4180} INFO - Setting next_dagrun for example_weekday_branch_operator to 2026-04-12 00:00:00+00:00, run_after=2026-04-13 00:00:00+00:00
[2026-04-13T13:23:34.189+0000] {processor.py:208} INFO - Processing /usr/local/python/3.12.1/lib/python3.12/site-packages/airflow/example_dags/example_branch_day_of_week_operator.py took 0.192 seconds
[2026-04-13T13:24:33.381+0000] {processor.py:186} INFO - Started process (PID=28278) to work on /usr/local/python/3.12.1/lib/python3.12/site-packages/airflow/example_dags/example_branch_day_of_week_operator.py
[2026-04-13T13:24:33.382+0000] {processor.py:914} INFO - Processing file /usr/local/python/3.12.1/lib/python3.12/site-packages/airflow/example_dags/example_branch_day_of_week_operator.py for tasks to queue
[2026-04-13T13:24:33.383+0000] {logging_mixin.py:190} INFO - [2026-04-13T13:24:33.383+0000] {dagbag.py:588} INFO - Filling up the DagBag from /usr/local/python/3.12.1/lib/python3.12/site-packages/airflow/example_dags/example_branch_day_of_week_operator.py
[2026-04-13T13:24:33.391+0000] {processor.py:925} INFO - DAG(s) 'example_weekday_branch_operator' retrieved from /usr/local/python/3.12.1/lib/python3.12/site-packages/airflow/example_dags/example_branch_day_of_week_operator.py
[2026-04-13T13:24:33.403+0000] {logging_mixin.py:190} INFO - [2026-04-13T13:24:33.403+0000] {dag.py:3239} INFO - Sync 1 DAGs
[2026-04-13T13:24:33.420+0000] {logging_mixin.py:190} INFO - [2026-04-13T13:24:33.420+0000] {dag.py:4180} INFO - Setting next_dagrun for example_weekday_branch_operator to 2026-04-12 00:00:00+00:00, run_after=2026-04-13 00:00:00+00:00
[2026-04-13T13:24:33.436+0000] {processor.py:208} INFO - Processing /usr/local/python/3.12.1/lib/python3.12/site-packages/airflow/example_dags/example_branch_day_of_week_operator.py took 0.059 seconds
[2026-04-13T13:25:34.185+0000] {processor.py:186} INFO - Started process (PID=28814) to work on /usr/local/python/3.12.1/lib/python3.12/site-packages/airflow/example_dags/example_branch_day_of_week_operator.py
[2026-04-13T13:25:34.186+0000] {processor.py:914} INFO - Processing file /usr/local/python/3.12.1/lib/python3.12/site-packages/airflow/example_dags/example_branch_day_of_week_operator.py for tasks to queue
[2026-04-13T13:25:34.187+0000] {logging_mixin.py:190} INFO - [2026-04-13T13:25:34.187+0000] {dagbag.py:588} INFO - Filling up the DagBag from /usr/local/python/3.12.1/lib/python3.12/site-packages/airflow/example_dags/example_branch_day_of_week_operator.py
[2026-04-13T13:25:34.195+0000] {processor.py:925} INFO - DAG(s) 'example_weekday_branch_operator' retrieved from /usr/local/python/3.12.1/lib/python3.12/site-packages/airflow/example_dags/example_branch_day_of_week_operator.py
[2026-04-13T13:25:34.207+0000] {logging_mixin.py:190} INFO - [2026-04-13T13:25:34.207+0000] {dag.py:3239} INFO - Sync 1 DAGs
[2026-04-13T13:25:34.223+0000] {logging_mixin.py:190} INFO - [2026-04-13T13:25:34.223+0000] {dag.py:4180} INFO - Setting next_dagrun for example_weekday_branch_operator to 2026-04-12 00:00:00+00:00, run_after=2026-04-13 00:00:00+00:00
[2026-04-13T13:25:34.239+0000] {processor.py:208} INFO - Processing /usr/local/python/3.12.1/lib/python3.12/site-packages/airflow/example_dags/example_branch_day_of_week_operator.py took 0.058 seconds
[2026-04-13T13:26:35.868+0000] {processor.py:186} INFO - Started process (PID=29342) to work on /usr/local/python/3.12.1/lib/python3.12/site-packages/airflow/example_dags/example_branch_day_of_week_operator.py
[2026-04-13T13:26:35.868+0000] {processor.py:914} INFO - Processing file /usr/local/python/3.12.1/lib/python3.12/site-packages/airflow/example_dags/example_branch_day_of_week_operator.py for tasks to queue
[2026-04-13T13:26:35.870+0000] {logging_mixin.py:190} INFO - [2026-04-13T13:26:35.870+0000] {dagbag.py:588} INFO - Filling up the DagBag from /usr/local/python/3.12.1/lib/python3.12/site-packages/airflow/example_dags/example_branch_day_of_week_operator.py
[2026-04-13T13:26:35.878+0000] {processor.py:925} INFO - DAG(s) 'example_weekday_branch_operator' retrieved from /usr/local/python/3.12.1/lib/python3.12/site-packages/airflow/example_dags/example_branch_day_of_week_operator.py
[2026-04-13T13:26:35.889+0000] {logging_mixin.py:190} INFO - [2026-04-13T13:26:35.889+0000] {dag.py:3239} INFO - Sync 1 DAGs
[2026-04-13T13:26:35.905+0000] {logging_mixin.py:190} INFO - [2026-04-13T13:26:35.904+0000] {dag.py:4180} INFO - Setting next_dagrun for example_weekday_branch_operator to 2026-04-12 00:00:00+00:00, run_after=2026-04-13 00:00:00+00:00
[2026-04-13T13:26:35.920+0000] {processor.py:208} INFO - Processing /usr/local/python/3.12.1/lib/python3.12/site-packages/airflow/example_dags/example_branch_day_of_week_operator.py took 0.056 seconds
[2026-04-13T13:27:36.049+0000] {processor.py:186} INFO - Started process (PID=29927) to work on /usr/local/python/3.12.1/lib/python3.12/site-packages/airflow/example_dags/example_branch_day_of_week_operator.py
[2026-04-13T13:27:36.049+0000] {processor.py:914} INFO - Processing file /usr/local/python/3.12.1/lib/python3.12/site-packages/airflow/example_dags/example_branch_day_of_week_operator.py for tasks to queue
[2026-04-13T13:27:36.051+0000] {logging_mixin.py:190} INFO - [2026-04-13T13:27:36.050+0000] {dagbag.py:588} INFO - Filling up the DagBag from /usr/local/python/3.12.1/lib/python3.12/site-packages/airflow/example_dags/example_branch_day_of_week_operator.py
[2026-04-13T13:27:36.058+0000] {processor.py:925} INFO - DAG(s) 'example_weekday_branch_operator' retrieved from /usr/local/python/3.12.1/lib/python3.12/site-packages/airflow/example_dags/example_branch_day_of_week_operator.py
[2026-04-13T13:27:36.071+0000] {logging_mixin.py:190} INFO - [2026-04-13T13:27:36.071+0000] {dag.py:3239} INFO - Sync 1 DAGs
[2026-04-13T13:27:36.088+0000] {logging_mixin.py:190} INFO - [2026-04-13T13:27:36.087+0000] {dag.py:4180} INFO - Setting next_dagrun for example_weekday_branch_operator to 2026-04-12 00:00:00+00:00, run_after=2026-04-13 00:00:00+00:00
[2026-04-13T13:27:36.103+0000] {processor.py:208} INFO - Processing /usr/local/python/3.12.1/lib/python3.12/site-packages/airflow/example_dags/example_branch_day_of_week_operator.py took 0.058 seconds
[2026-04-13T13:28:35.094+0000] {processor.py:186} INFO - Started process (PID=30446) to work on /usr/local/python/3.12.1/lib/python3.12/site-packages/airflow/example_dags/example_branch_day_of_week_operator.py
[2026-04-13T13:28:35.095+0000] {processor.py:914} INFO - Processing file /usr/local/python/3.12.1/lib/python3.12/site-packages/airflow/example_dags/example_branch_day_of_week_operator.py for tasks to queue
[2026-04-13T13:28:35.096+0000] {logging_mixin.py:190} INFO - [2026-04-13T13:28:35.096+0000] {dagbag.py:588} INFO - Filling up the DagBag from /usr/local/python/3.12.1/lib/python3.12/site-packages/airflow/example_dags/example_branch_day_of_week_operator.py
[2026-04-13T13:28:35.104+0000] {processor.py:925} INFO - DAG(s) 'example_weekday_branch_operator' retrieved from /usr/local/python/3.12.1/lib/python3.12/site-packages/airflow/example_dags/example_branch_day_of_week_operator.py
[2026-04-13T13:28:35.115+0000] {logging_mixin.py:190} INFO - [2026-04-13T13:28:35.115+0000] {dag.py:3239} INFO - Sync 1 DAGs
[2026-04-13T13:28:35.131+0000] {logging_mixin.py:190} INFO - [2026-04-13T13:28:35.130+0000] {dag.py:4180} INFO - Setting next_dagrun for example_weekday_branch_operator to 2026-04-12 00:00:00+00:00, run_after=2026-04-13 00:00:00+00:00
[2026-04-13T13:28:35.146+0000] {processor.py:208} INFO - Processing /usr/local/python/3.12.1/lib/python3.12/site-packages/airflow/example_dags/example_branch_day_of_week_operator.py took 0.056 seconds
[2026-04-13T13:29:37.407+0000] {processor.py:186} INFO - Started process (PID=31013) to work on /usr/local/python/3.12.1/lib/python3.12/site-packages/airflow/example_dags/example_branch_day_of_week_operator.py
[2026-04-13T13:29:37.408+0000] {processor.py:914} INFO - Processing file /usr/local/python/3.12.1/lib/python3.12/site-packages/airflow/example_dags/example_branch_day_of_week_operator.py for tasks to queue
[2026-04-13T13:29:37.409+0000] {logging_mixin.py:190} INFO - [2026-04-13T13:29:37.409+0000] {dagbag.py:588} INFO - Filling up the DagBag from /usr/local/python/3.12.1/lib/python3.12/site-packages/airflow/example_dags/example_branch_day_of_week_operator.py
[2026-04-13T13:29:37.417+0000] {processor.py:925} INFO - DAG(s) 'example_weekday_branch_operator' retrieved from /usr/local/python/3.12.1/lib/python3.12/site-packages/airflow/example_dags/example_branch_day_of_week_operator.py
[2026-04-13T13:29:37.429+0000] {logging_mixin.py:190} INFO - [2026-04-13T13:29:37.429+0000] {dag.py:3239} INFO - Sync 1 DAGs
[2026-04-13T13:29:37.445+0000] {logging_mixin.py:190} INFO - [2026-04-13T13:29:37.445+0000] {dag.py:4180} INFO - Setting next_dagrun for example_weekday_branch_operator to 2026-04-12 00:00:00+00:00, run_after=2026-04-13 00:00:00+00:00
[2026-04-13T13:29:37.477+0000] {processor.py:208} INFO - Processing /usr/local/python/3.12.1/lib/python3.12/site-packages/airflow/example_dags/example_branch_day_of_week_operator.py took 0.074 seconds
[2026-04-13T13:30:37.891+0000] {processor.py:186} INFO - Started process (PID=31545) to work on /usr/local/python/3.12.1/lib/python3.12/site-packages/airflow/example_dags/example_branch_day_of_week_operator.py
[2026-04-13T13:30:37.892+0000] {processor.py:914} INFO - Processing file /usr/local/python/3.12.1/lib/python3.12/site-packages/airflow/example_dags/example_branch_day_of_week_operator.py for tasks to queue
[2026-04-13T13:30:37.894+0000] {logging_mixin.py:190} INFO - [2026-04-13T13:30:37.894+0000] {dagbag.py:588} INFO - Filling up the DagBag from /usr/local/python/3.12.1/lib/python3.12/site-packages/airflow/example_dags/example_branch_day_of_week_operator.py
[2026-04-13T13:30:37.907+0000] {processor.py:925} INFO - DAG(s) 'example_weekday_branch_operator' retrieved from /usr/local/python/3.12.1/lib/python3.12/site-packages/airflow/example_dags/example_branch_day_of_week_operator.py
[2026-04-13T13:30:37.925+0000] {logging_mixin.py:190} INFO - [2026-04-13T13:30:37.925+0000] {dag.py:3239} INFO - Sync 1 DAGs
[2026-04-13T13:30:37.949+0000] {logging_mixin.py:190} INFO - [2026-04-13T13:30:37.949+0000] {dag.py:4180} INFO - Setting next_dagrun for example_weekday_branch_operator to 2026-04-12 00:00:00+00:00, run_after=2026-04-13 00:00:00+00:00
[2026-04-13T13:30:37.974+0000] {processor.py:208} INFO - Processing /usr/local/python/3.12.1/lib/python3.12/site-packages/airflow/example_dags/example_branch_day_of_week_operator.py took 0.088 seconds
[2026-04-13T13:31:39.296+0000] {processor.py:186} INFO - Started process (PID=32111) to work on /usr/local/python/3.12.1/lib/python3.12/site-packages/airflow/example_dags/example_branch_day_of_week_operator.py
[2026-04-13T13:31:39.297+0000] {processor.py:914} INFO - Processing file /usr/local/python/3.12.1/lib/python3.12/site-packages/airflow/example_dags/example_branch_day_of_week_operator.py for tasks to queue
[2026-04-13T13:31:39.298+0000] {logging_mixin.py:190} INFO - [2026-04-13T13:31:39.298+0000] {dagbag.py:588} INFO - Filling up the DagBag from /usr/local/python/3.12.1/lib/python3.12/site-packages/airflow/example_dags/example_branch_day_of_week_operator.py
[2026-04-13T13:31:39.306+0000] {processor.py:925} INFO - DAG(s) 'example_weekday_branch_operator' retrieved from /usr/local/python/3.12.1/lib/python3.12/site-packages/airflow/example_dags/example_branch_day_of_week_operator.py
[2026-04-13T13:31:39.318+0000] {logging_mixin.py:190} INFO - [2026-04-13T13:31:39.318+0000] {dag.py:3239} INFO - Sync 1 DAGs
[2026-04-13T13:31:39.338+0000] {logging_mixin.py:190} INFO - [2026-04-13T13:31:39.338+0000] {dag.py:4180} INFO - Setting next_dagrun for example_weekday_branch_operator to 2026-04-12 00:00:00+00:00, run_after=2026-04-13 00:00:00+00:00
[2026-04-13T13:31:39.360+0000] {processor.py:208} INFO - Processing /usr/local/python/3.12.1/lib/python3.12/site-packages/airflow/example_dags/example_branch_day_of_week_operator.py took 0.068 seconds
[2026-04-13T13:33:03.841+0000] {processor.py:186} INFO - Started process (PID=32883) to work on /usr/local/python/3.12.1/lib/python3.12/site-packages/airflow/example_dags/example_branch_day_of_week_operator.py
[2026-04-13T13:33:03.841+0000] {processor.py:914} INFO - Processing file /usr/local/python/3.12.1/lib/python3.12/site-packages/airflow/example_dags/example_branch_day_of_week_operator.py for tasks to queue
[2026-04-13T13:33:03.843+0000] {logging_mixin.py:190} INFO - [2026-04-13T13:33:03.842+0000] {dagbag.py:588} INFO - Filling up the DagBag from /usr/local/python/3.12.1/lib/python3.12/site-packages/airflow/example_dags/example_branch_day_of_week_operator.py
[2026-04-13T13:33:03.850+0000] {processor.py:925} INFO - DAG(s) 'example_weekday_branch_operator' retrieved from /usr/local/python/3.12.1/lib/python3.12/site-packages/airflow/example_dags/example_branch_day_of_week_operator.py
[2026-04-13T13:33:03.863+0000] {logging_mixin.py:190} INFO - [2026-04-13T13:33:03.863+0000] {dag.py:3239} INFO - Sync 1 DAGs
[2026-04-13T13:33:03.887+0000] {logging_mixin.py:190} INFO - [2026-04-13T13:33:03.887+0000] {dag.py:4180} INFO - Setting next_dagrun for example_weekday_branch_operator to 2026-04-12 00:00:00+00:00, run_after=2026-04-13 00:00:00+00:00
[2026-04-13T13:33:03.903+0000] {processor.py:208} INFO - Processing /usr/local/python/3.12.1/lib/python3.12/site-packages/airflow/example_dags/example_branch_day_of_week_operator.py took 0.067 seconds
[2026-04-13T13:34:07.536+0000] {processor.py:186} INFO - Started process (PID=33453) to work on /usr/local/python/3.12.1/lib/python3.12/site-packages/airflow/example_dags/example_branch_day_of_week_operator.py
[2026-04-13T13:34:07.537+0000] {processor.py:914} INFO - Processing file /usr/local/python/3.12.1/lib/python3.12/site-packages/airflow/example_dags/example_branch_day_of_week_operator.py for tasks to queue
[2026-04-13T13:34:07.539+0000] {logging_mixin.py:190} INFO - [2026-04-13T13:34:07.539+0000] {dagbag.py:588} INFO - Filling up the DagBag from /usr/local/python/3.12.1/lib/python3.12/site-packages/airflow/example_dags/example_branch_day_of_week_operator.py
[2026-04-13T13:34:07.551+0000] {processor.py:925} INFO - DAG(s) 'example_weekday_branch_operator' retrieved from /usr/local/python/3.12.1/lib/python3.12/site-packages/airflow/example_dags/example_branch_day_of_week_operator.py
[2026-04-13T13:34:07.566+0000] {logging_mixin.py:190} INFO - [2026-04-13T13:34:07.566+0000] {dag.py:3239} INFO - Sync 1 DAGs
[2026-04-13T13:34:07.590+0000] {logging_mixin.py:190} INFO - [2026-04-13T13:34:07.590+0000] {dag.py:4180} INFO - Setting next_dagrun for example_weekday_branch_operator to 2026-04-12 00:00:00+00:00, run_after=2026-04-13 00:00:00+00:00
[2026-04-13T13:34:07.645+0000] {processor.py:208} INFO - Processing /usr/local/python/3.12.1/lib/python3.12/site-packages/airflow/example_dags/example_branch_day_of_week_operator.py took 0.116 seconds
[2026-04-13T13:35:15.140+0000] {processor.py:186} INFO - Started process (PID=34225) to work on /usr/local/python/3.12.1/lib/python3.12/site-packages/airflow/example_dags/example_branch_day_of_week_operator.py
[2026-04-13T13:35:15.140+0000] {processor.py:914} INFO - Processing file /usr/local/python/3.12.1/lib/python3.12/site-packages/airflow/example_dags/example_branch_day_of_week_operator.py for tasks to queue
[2026-04-13T13:35:15.142+0000] {logging_mixin.py:190} INFO - [2026-04-13T13:35:15.141+0000] {dagbag.py:588} INFO - Filling up the DagBag from /usr/local/python/3.12.1/lib/python3.12/site-packages/airflow/example_dags/example_branch_day_of_week_operator.py
[2026-04-13T13:35:15.150+0000] {processor.py:925} INFO - DAG(s) 'example_weekday_branch_operator' retrieved from /usr/local/python/3.12.1/lib/python3.12/site-packages/airflow/example_dags/example_branch_day_of_week_operator.py
[2026-04-13T13:35:15.165+0000] {logging_mixin.py:190} INFO - [2026-04-13T13:35:15.164+0000] {dag.py:3239} INFO - Sync 1 DAGs
[2026-04-13T13:35:15.184+0000] {logging_mixin.py:190} INFO - [2026-04-13T13:35:15.183+0000] {dag.py:4180} INFO - Setting next_dagrun for example_weekday_branch_operator to 2026-04-12 00:00:00+00:00, run_after=2026-04-13 00:00:00+00:00
[2026-04-13T13:35:15.199+0000] {processor.py:208} INFO - Processing /usr/local/python/3.12.1/lib/python3.12/site-packages/airflow/example_dags/example_branch_day_of_week_operator.py took 0.064 seconds
[2026-04-13T13:36:23.551+0000] {processor.py:186} INFO - Started process (PID=35197) to work on /usr/local/python/3.12.1/lib/python3.12/site-packages/airflow/example_dags/example_branch_day_of_week_operator.py
[2026-04-13T13:36:23.576+0000] {processor.py:914} INFO - Processing file /usr/local/python/3.12.1/lib/python3.12/site-packages/airflow/example_dags/example_branch_day_of_week_operator.py for tasks to queue
[2026-04-13T13:36:23.579+0000] {logging_mixin.py:190} INFO - [2026-04-13T13:36:23.578+0000] {dagbag.py:588} INFO - Filling up the DagBag from /usr/local/python/3.12.1/lib/python3.12/site-packages/airflow/example_dags/example_branch_day_of_week_operator.py
[2026-04-13T13:36:23.606+0000] {processor.py:925} INFO - DAG(s) 'example_weekday_branch_operator' retrieved from /usr/local/python/3.12.1/lib/python3.12/site-packages/airflow/example_dags/example_branch_day_of_week_operator.py
[2026-04-13T13:36:23.633+0000] {logging_mixin.py:190} INFO - [2026-04-13T13:36:23.630+0000] {dag.py:3239} INFO - Sync 1 DAGs
[2026-04-13T13:36:23.703+0000] {logging_mixin.py:190} INFO - [2026-04-13T13:36:23.703+0000] {dag.py:4180} INFO - Setting next_dagrun for example_weekday_branch_operator to 2026-04-12 00:00:00+00:00, run_after=2026-04-13 00:00:00+00:00
[2026-04-13T13:36:23.860+0000] {processor.py:208} INFO - Processing /usr/local/python/3.12.1/lib/python3.12/site-packages/airflow/example_dags/example_branch_day_of_week_operator.py took 0.315 seconds
