[2026-04-12T17:21:20.975+0000] {local_task_job_runner.py:123} INFO - ::group::Pre task execution logs
[2026-04-12T17:21:20.984+0000] {taskinstance.py:2612} INFO - Dependencies all met for dep_context=non-requeueable deps ti=<TaskInstance: xcom_dag_v2.read_playerid manual__2026-04-12T17:21:10.695387+00:00 [queued]>
[2026-04-12T17:21:20.990+0000] {taskinstance.py:2612} INFO - Dependencies all met for dep_context=requeueable deps ti=<TaskInstance: xcom_dag_v2.read_playerid manual__2026-04-12T17:21:10.695387+00:00 [queued]>
[2026-04-12T17:21:20.990+0000] {taskinstance.py:2865} INFO - Starting attempt 1 of 1
[2026-04-12T17:21:21.004+0000] {taskinstance.py:2888} INFO - Executing <Task(PythonOperator): read_playerid> on 2026-04-12 17:21:10.695387+00:00
[2026-04-12T17:21:21.009+0000] {standard_task_runner.py:72} INFO - Started process 52622 to run task
[2026-04-12T17:21:21.011+0000] {standard_task_runner.py:104} INFO - Running: ['airflow', 'tasks', 'run', 'xcom_dag_v2', 'read_playerid', 'manual__2026-04-12T17:21:10.695387+00:00', '--job-id', '65', '--raw', '--subdir', 'DAGS_FOLDER/xcom_dag.py', '--cfg-path', '/tmp/tmpy6u8b75n']
[2026-04-12T17:21:21.012+0000] {standard_task_runner.py:105} INFO - Job 65: Subtask read_playerid
[2026-04-12T17:21:21.046+0000] {task_command.py:467} INFO - Running <TaskInstance: xcom_dag_v2.read_playerid manual__2026-04-12T17:21:10.695387+00:00 [running]> on host codespaces-1f1e00
[2026-04-12T17:21:21.097+0000] {taskinstance.py:3131} INFO - Exporting env vars: AIRFLOW_CTX_DAG_OWNER='airflow' AIRFLOW_CTX_DAG_ID='xcom_dag_v2' AIRFLOW_CTX_TASK_ID='read_playerid' AIRFLOW_CTX_EXECUTION_DATE='2026-04-12T17:21:10.695387+00:00' AIRFLOW_CTX_TRY_NUMBER='1' AIRFLOW_CTX_DAG_RUN_ID='manual__2026-04-12T17:21:10.695387+00:00'
[2026-04-12T17:21:21.098+0000] {logging_mixin.py:190} INFO - Task instance is in running state
[2026-04-12T17:21:21.099+0000] {logging_mixin.py:190} INFO -  Previous state of the Task instance: queued
[2026-04-12T17:21:21.099+0000] {logging_mixin.py:190} INFO - Current task name:read_playerid state:running start_date:2026-04-12 17:21:20.984839+00:00
[2026-04-12T17:21:21.099+0000] {logging_mixin.py:190} INFO - Dag name:xcom_dag_v2 and current dag run status:running
[2026-04-12T17:21:21.099+0000] {taskinstance.py:731} INFO - ::endgroup::
[2026-04-12T17:21:21.111+0000] {python.py:240} INFO - Done. Returned value was: None
[2026-04-12T17:21:21.116+0000] {taskinstance.py:340} INFO - ::group::Post task execution logs
[2026-04-12T17:21:21.117+0000] {taskinstance.py:352} INFO - Marking task as SUCCESS. dag_id=xcom_dag_v2, task_id=read_playerid, run_id=manual__2026-04-12T17:21:10.695387+00:00, execution_date=20260412T172110, start_date=20260412T172120, end_date=20260412T172121
[2026-04-12T17:21:21.128+0000] {logging_mixin.py:190} INFO - Task instance in success state
[2026-04-12T17:21:21.128+0000] {logging_mixin.py:190} INFO -  Previous state of the Task instance: running
[2026-04-12T17:21:21.128+0000] {logging_mixin.py:190} INFO - Dag name:xcom_dag_v2 queued_at:2026-04-12 17:21:10.703229+00:00
[2026-04-12T17:21:21.129+0000] {logging_mixin.py:190} INFO - Task hostname:codespaces-1f1e00 operator:PythonOperator
[2026-04-12T17:21:21.148+0000] {local_task_job_runner.py:266} INFO - Task exited with return code 0
[2026-04-12T17:21:21.162+0000] {logging_mixin.py:190} WARNING - /usr/local/python/3.12.1/lib/python3.12/site-packages/airflow/models/baseoperator.py:1378 AirflowProviderDeprecationWarning: Call to deprecated class PostgresOperator. (Please use `airflow.providers.common.sql.operators.sql.SQLExecuteQueryOperator`.Also, you can provide `hook_params={'schema': <database>}`.)
[2026-04-12T17:21:21.178+0000] {taskinstance.py:3900} INFO - 1 downstream tasks scheduled from follow-on schedule check
[2026-04-12T17:21:21.181+0000] {local_task_job_runner.py:245} INFO - ::endgroup::
