[2026-04-10T22:50:29.144+0000] {local_task_job_runner.py:123} INFO - ::group::Pre task execution logs
[2026-04-10T22:50:29.150+0000] {taskinstance.py:2612} INFO - Dependencies all met for dep_context=non-requeueable deps ti=<TaskInstance: dag_exemplo.gera_arquivo manual__2026-04-10T22:50:25.385415+00:00 [queued]>
[2026-04-10T22:50:29.154+0000] {taskinstance.py:2612} INFO - Dependencies all met for dep_context=requeueable deps ti=<TaskInstance: dag_exemplo.gera_arquivo manual__2026-04-10T22:50:25.385415+00:00 [queued]>
[2026-04-10T22:50:29.154+0000] {taskinstance.py:2865} INFO - Starting attempt 1 of 1
[2026-04-10T22:50:29.165+0000] {taskinstance.py:2888} INFO - Executing <Task(PythonOperator): gera_arquivo> on 2026-04-10 22:50:25.385415+00:00
[2026-04-10T22:50:29.168+0000] {standard_task_runner.py:72} INFO - Started process 8348 to run task
[2026-04-10T22:50:29.170+0000] {standard_task_runner.py:104} INFO - Running: ['airflow', 'tasks', 'run', 'dag_exemplo', 'gera_arquivo', 'manual__2026-04-10T22:50:25.385415+00:00', '--job-id', '18', '--raw', '--subdir', 'DAGS_FOLDER/dag_exemplo.py', '--cfg-path', '/tmp/tmpl84ze2qr']
[2026-04-10T22:50:29.171+0000] {standard_task_runner.py:105} INFO - Job 18: Subtask gera_arquivo
[2026-04-10T22:50:29.194+0000] {task_command.py:467} INFO - Running <TaskInstance: dag_exemplo.gera_arquivo manual__2026-04-10T22:50:25.385415+00:00 [running]> on host codespaces-1f1e00
[2026-04-10T22:50:29.238+0000] {taskinstance.py:3131} INFO - Exporting env vars: AIRFLOW_CTX_DAG_OWNER='airflow' AIRFLOW_CTX_DAG_ID='dag_exemplo' AIRFLOW_CTX_TASK_ID='gera_arquivo' AIRFLOW_CTX_EXECUTION_DATE='2026-04-10T22:50:25.385415+00:00' AIRFLOW_CTX_TRY_NUMBER='1' AIRFLOW_CTX_DAG_RUN_ID='manual__2026-04-10T22:50:25.385415+00:00'
[2026-04-10T22:50:29.239+0000] {logging_mixin.py:190} INFO - Task instance is in running state
[2026-04-10T22:50:29.239+0000] {logging_mixin.py:190} INFO -  Previous state of the Task instance: queued
[2026-04-10T22:50:29.239+0000] {logging_mixin.py:190} INFO - Current task name:gera_arquivo state:running start_date:2026-04-10 22:50:29.150347+00:00
[2026-04-10T22:50:29.239+0000] {logging_mixin.py:190} INFO - Dag name:dag_exemplo and current dag run status:running
[2026-04-10T22:50:29.239+0000] {taskinstance.py:731} INFO - ::endgroup::
[2026-04-10T22:50:29.240+0000] {python.py:240} INFO - Done. Returned value was: None
[2026-04-10T22:50:29.243+0000] {taskinstance.py:340} INFO - ::group::Post task execution logs
[2026-04-10T22:50:29.243+0000] {taskinstance.py:352} INFO - Marking task as SUCCESS. dag_id=dag_exemplo, task_id=gera_arquivo, run_id=manual__2026-04-10T22:50:25.385415+00:00, execution_date=20260410T225025, start_date=20260410T225029, end_date=20260410T225029
[2026-04-10T22:50:29.251+0000] {logging_mixin.py:190} INFO - Task instance in success state
[2026-04-10T22:50:29.251+0000] {logging_mixin.py:190} INFO -  Previous state of the Task instance: running
[2026-04-10T22:50:29.251+0000] {logging_mixin.py:190} INFO - Dag name:dag_exemplo queued_at:2026-04-10 22:50:25.400449+00:00
[2026-04-10T22:50:29.252+0000] {logging_mixin.py:190} INFO - Task hostname:codespaces-1f1e00 operator:PythonOperator
[2026-04-10T22:50:29.263+0000] {local_task_job_runner.py:266} INFO - Task exited with return code 0
[2026-04-10T22:50:29.274+0000] {taskinstance.py:3900} INFO - 1 downstream tasks scheduled from follow-on schedule check
[2026-04-10T22:50:29.278+0000] {local_task_job_runner.py:245} INFO - ::endgroup::
