[2026-04-28T23:17:37.985+0000] {local_task_job_runner.py:123} INFO - ::group::Pre task execution logs
[2026-04-28T23:17:37.992+0000] {taskinstance.py:2612} INFO - Dependencies all met for dep_context=non-requeueable deps ti=<TaskInstance: dag_variables.le_json manual__2026-04-28T23:17:31.316095+00:00 [queued]>
[2026-04-28T23:17:37.997+0000] {taskinstance.py:2612} INFO - Dependencies all met for dep_context=requeueable deps ti=<TaskInstance: dag_variables.le_json manual__2026-04-28T23:17:31.316095+00:00 [queued]>
[2026-04-28T23:17:37.997+0000] {taskinstance.py:2865} INFO - Starting attempt 1 of 1
[2026-04-28T23:17:38.009+0000] {taskinstance.py:2888} INFO - Executing <Task(_PythonDecoratedOperator): le_json> on 2026-04-28 23:17:31.316095+00:00
[2026-04-28T23:17:38.014+0000] {standard_task_runner.py:72} INFO - Started process 41006 to run task
[2026-04-28T23:17:38.016+0000] {standard_task_runner.py:104} INFO - Running: ['airflow', 'tasks', 'run', 'dag_variables', 'le_json', 'manual__2026-04-28T23:17:31.316095+00:00', '--job-id', '170', '--raw', '--subdir', 'DAGS_FOLDER/var_dag.py', '--cfg-path', '/tmp/tmp7hnliwe2']
[2026-04-28T23:17:38.017+0000] {standard_task_runner.py:105} INFO - Job 170: Subtask le_json
[2026-04-28T23:17:38.052+0000] {task_command.py:467} INFO - Running <TaskInstance: dag_variables.le_json manual__2026-04-28T23:17:31.316095+00:00 [running]> on host codespaces-1f1e00
[2026-04-28T23:17:38.127+0000] {taskinstance.py:3131} INFO - Exporting env vars: AIRFLOW_CTX_DAG_OWNER='airflow' AIRFLOW_CTX_DAG_ID='dag_variables' AIRFLOW_CTX_TASK_ID='le_json' AIRFLOW_CTX_EXECUTION_DATE='2026-04-28T23:17:31.316095+00:00' AIRFLOW_CTX_TRY_NUMBER='1' AIRFLOW_CTX_DAG_RUN_ID='manual__2026-04-28T23:17:31.316095+00:00'
[2026-04-28T23:17:38.128+0000] {logging_mixin.py:190} INFO - Task instance is in running state
[2026-04-28T23:17:38.128+0000] {logging_mixin.py:190} INFO -  Previous state of the Task instance: queued
[2026-04-28T23:17:38.129+0000] {logging_mixin.py:190} INFO - Current task name:le_json state:running start_date:2026-04-28 23:17:37.993086+00:00
[2026-04-28T23:17:38.129+0000] {logging_mixin.py:190} INFO - Dag name:dag_variables and current dag run status:running
[2026-04-28T23:17:38.130+0000] {taskinstance.py:731} INFO - ::endgroup::
[2026-04-28T23:17:38.134+0000] {logging_mixin.py:190} INFO - abcd efgh
[2026-04-28T23:17:38.134+0000] {python.py:240} INFO - Done. Returned value was: None
[2026-04-28T23:17:38.139+0000] {taskinstance.py:340} INFO - ::group::Post task execution logs
[2026-04-28T23:17:38.140+0000] {taskinstance.py:352} INFO - Marking task as SUCCESS. dag_id=dag_variables, task_id=le_json, run_id=manual__2026-04-28T23:17:31.316095+00:00, execution_date=20260428T231731, start_date=20260428T231737, end_date=20260428T231738
[2026-04-28T23:17:38.150+0000] {logging_mixin.py:190} INFO - Task instance in success state
[2026-04-28T23:17:38.150+0000] {logging_mixin.py:190} INFO -  Previous state of the Task instance: running
[2026-04-28T23:17:38.150+0000] {logging_mixin.py:190} INFO - Dag name:dag_variables queued_at:2026-04-28 23:17:31.325440+00:00
[2026-04-28T23:17:38.150+0000] {logging_mixin.py:190} INFO - Task hostname:codespaces-1f1e00 operator:_PythonDecoratedOperator
[2026-04-28T23:17:38.192+0000] {local_task_job_runner.py:266} INFO - Task exited with return code 0
[2026-04-28T23:17:38.203+0000] {taskinstance.py:3900} INFO - 0 downstream tasks scheduled from follow-on schedule check
[2026-04-28T23:17:38.203+0000] {local_task_job_runner.py:245} INFO - ::endgroup::
