[2026-04-10T23:37:43.819+0000] {local_task_job_runner.py:123} INFO - ::group::Pre task execution logs
[2026-04-10T23:37:43.828+0000] {taskinstance.py:2612} INFO - Dependencies all met for dep_context=non-requeueable deps ti=<TaskInstance: operator_dag.task1 manual__2026-04-10T23:37:40.874682+00:00 [queued]>
[2026-04-10T23:37:43.833+0000] {taskinstance.py:2612} INFO - Dependencies all met for dep_context=requeueable deps ti=<TaskInstance: operator_dag.task1 manual__2026-04-10T23:37:40.874682+00:00 [queued]>
[2026-04-10T23:37:43.833+0000] {taskinstance.py:2865} INFO - Starting attempt 1 of 1
[2026-04-10T23:37:43.846+0000] {taskinstance.py:2888} INFO - Executing <Task(BashOperator): task1> on 2026-04-10 23:37:40.874682+00:00
[2026-04-10T23:37:43.849+0000] {standard_task_runner.py:72} INFO - Started process 35767 to run task
[2026-04-10T23:37:43.851+0000] {standard_task_runner.py:104} INFO - Running: ['airflow', 'tasks', 'run', 'operator_dag', 'task1', 'manual__2026-04-10T23:37:40.874682+00:00', '--job-id', '20', '--raw', '--subdir', 'DAGS_FOLDER/operator_dag.py', '--cfg-path', '/tmp/tmpmhekim3m']
[2026-04-10T23:37:43.852+0000] {standard_task_runner.py:105} INFO - Job 20: Subtask task1
[2026-04-10T23:37:43.877+0000] {task_command.py:467} INFO - Running <TaskInstance: operator_dag.task1 manual__2026-04-10T23:37:40.874682+00:00 [running]> on host codespaces-1f1e00
[2026-04-10T23:37:43.925+0000] {taskinstance.py:3131} INFO - Exporting env vars: AIRFLOW_CTX_DAG_OWNER='airflow' AIRFLOW_CTX_DAG_ID='operator_dag' AIRFLOW_CTX_TASK_ID='task1' AIRFLOW_CTX_EXECUTION_DATE='2026-04-10T23:37:40.874682+00:00' AIRFLOW_CTX_TRY_NUMBER='1' AIRFLOW_CTX_DAG_RUN_ID='manual__2026-04-10T23:37:40.874682+00:00'
[2026-04-10T23:37:43.926+0000] {logging_mixin.py:190} INFO - Task instance is in running state
[2026-04-10T23:37:43.926+0000] {logging_mixin.py:190} INFO -  Previous state of the Task instance: queued
[2026-04-10T23:37:43.930+0000] {logging_mixin.py:190} INFO - Current task name:task1 state:running start_date:2026-04-10 23:37:43.828895+00:00
[2026-04-10T23:37:43.930+0000] {logging_mixin.py:190} INFO - Dag name:operator_dag and current dag run status:running
[2026-04-10T23:37:43.930+0000] {taskinstance.py:731} INFO - ::endgroup::
[2026-04-10T23:37:43.931+0000] {subprocess.py:63} INFO - Tmp dir root location: /tmp
[2026-04-10T23:37:43.934+0000] {subprocess.py:75} INFO - Running command: ['/usr/bin/bash', '-c', 'echo "Hello World!"']
[2026-04-10T23:37:43.944+0000] {subprocess.py:86} INFO - Output:
[2026-04-10T23:37:43.945+0000] {subprocess.py:93} INFO - Hello World!
[2026-04-10T23:37:43.946+0000] {subprocess.py:97} INFO - Command exited with return code 0
[2026-04-10T23:37:43.961+0000] {taskinstance.py:340} INFO - ::group::Post task execution logs
[2026-04-10T23:37:43.961+0000] {taskinstance.py:352} INFO - Marking task as SUCCESS. dag_id=operator_dag, task_id=task1, run_id=manual__2026-04-10T23:37:40.874682+00:00, execution_date=20260410T233740, start_date=20260410T233743, end_date=20260410T233743
[2026-04-10T23:37:43.970+0000] {logging_mixin.py:190} INFO - Task instance in success state
[2026-04-10T23:37:43.970+0000] {logging_mixin.py:190} INFO -  Previous state of the Task instance: running
[2026-04-10T23:37:43.970+0000] {logging_mixin.py:190} INFO - Dag name:operator_dag queued_at:2026-04-10 23:37:40.888079+00:00
[2026-04-10T23:37:43.971+0000] {logging_mixin.py:190} INFO - Task hostname:codespaces-1f1e00 operator:BashOperator
[2026-04-10T23:37:43.984+0000] {local_task_job_runner.py:266} INFO - Task exited with return code 0
[2026-04-10T23:37:43.999+0000] {taskinstance.py:3900} INFO - 1 downstream tasks scheduled from follow-on schedule check
[2026-04-10T23:37:44.002+0000] {local_task_job_runner.py:245} INFO - ::endgroup::
