[2026-04-21T23:00:11.850+0000] {local_task_job_runner.py:123} INFO - ::group::Pre task execution logs
[2026-04-21T23:00:11.858+0000] {taskinstance.py:2612} INFO - Dependencies all met for dep_context=non-requeueable deps ti=<TaskInstance: transfer_dag.transfer_tables manual__2026-04-21T23:00:02.399128+00:00 [queued]>
[2026-04-21T23:00:11.863+0000] {taskinstance.py:2612} INFO - Dependencies all met for dep_context=requeueable deps ti=<TaskInstance: transfer_dag.transfer_tables manual__2026-04-21T23:00:02.399128+00:00 [queued]>
[2026-04-21T23:00:11.863+0000] {taskinstance.py:2865} INFO - Starting attempt 1 of 1
[2026-04-21T23:00:11.874+0000] {taskinstance.py:2888} INFO - Executing <Task(GenericTransfer): transfer_tables> on 2026-04-21 23:00:02.399128+00:00
[2026-04-21T23:00:11.879+0000] {standard_task_runner.py:72} INFO - Started process 30065 to run task
[2026-04-21T23:00:11.881+0000] {standard_task_runner.py:104} INFO - Running: ['airflow', 'tasks', 'run', 'transfer_dag', 'transfer_tables', 'manual__2026-04-21T23:00:02.399128+00:00', '--job-id', '132', '--raw', '--subdir', 'DAGS_FOLDER/transfer_dag.py', '--cfg-path', '/tmp/tmp32cj8shn']
[2026-04-21T23:00:11.882+0000] {standard_task_runner.py:105} INFO - Job 132: Subtask transfer_tables
[2026-04-21T23:00:11.914+0000] {task_command.py:467} INFO - Running <TaskInstance: transfer_dag.transfer_tables manual__2026-04-21T23:00:02.399128+00:00 [running]> on host codespaces-1f1e00
[2026-04-21T23:00:11.955+0000] {taskinstance.py:3131} INFO - Exporting env vars: AIRFLOW_CTX_DAG_OWNER='airflow' AIRFLOW_CTX_DAG_ID='transfer_dag' AIRFLOW_CTX_TASK_ID='transfer_tables' AIRFLOW_CTX_EXECUTION_DATE='2026-04-21T23:00:02.399128+00:00' AIRFLOW_CTX_TRY_NUMBER='1' AIRFLOW_CTX_DAG_RUN_ID='manual__2026-04-21T23:00:02.399128+00:00'
[2026-04-21T23:00:11.956+0000] {logging_mixin.py:190} INFO - Task instance is in running state
[2026-04-21T23:00:11.957+0000] {logging_mixin.py:190} INFO -  Previous state of the Task instance: queued
[2026-04-21T23:00:11.957+0000] {logging_mixin.py:190} INFO - Current task name:transfer_tables state:running start_date:2026-04-21 23:00:11.859173+00:00
[2026-04-21T23:00:11.957+0000] {logging_mixin.py:190} INFO - Dag name:transfer_dag and current dag run status:running
[2026-04-21T23:00:11.957+0000] {taskinstance.py:731} INFO - ::endgroup::
[2026-04-21T23:00:11.961+0000] {base.py:84} INFO - Retrieving connection 'postgres_default'
[2026-04-21T23:00:11.963+0000] {base.py:84} INFO - Retrieving connection 'postgres_default'
[2026-04-21T23:00:11.964+0000] {generic_transfer.py:79} INFO - Extracting data from postgres_default
[2026-04-21T23:00:11.964+0000] {generic_transfer.py:80} INFO - Executing: 
 
            SELECT character_name, character_class, character_level
            FROM fox_character_race;
        
[2026-04-21T23:00:11.966+0000] {base.py:84} INFO - Retrieving connection 'postgres_default'
[2026-04-21T23:00:11.978+0000] {sql.py:509} INFO - Running statement: 
            SELECT character_name, character_class, character_level
            FROM fox_character_race;
        , parameters: None
[2026-04-21T23:00:12.018+0000] {taskinstance.py:3310} ERROR - Task failed with exception
Traceback (most recent call last):
  File "/usr/local/python/3.12.1/lib/python3.12/site-packages/airflow/models/taskinstance.py", line 767, in _execute_task
    result = _execute_callable(context=context, **execute_callable_kwargs)
             ^^^^^^^^^^^^^^^^^^^^^^^^^^^^^^^^^^^^^^^^^^^^^^^^^^^^^^^^^^^^^
  File "/usr/local/python/3.12.1/lib/python3.12/site-packages/airflow/models/taskinstance.py", line 733, in _execute_callable
    return ExecutionCallableRunner(
           ^^^^^^^^^^^^^^^^^^^^^^^^
  File "/usr/local/python/3.12.1/lib/python3.12/site-packages/airflow/utils/operator_helpers.py", line 252, in run
    return self.func(*args, **kwargs)
           ^^^^^^^^^^^^^^^^^^^^^^^^^^
  File "/usr/local/python/3.12.1/lib/python3.12/site-packages/airflow/models/baseoperator.py", line 406, in wrapper
    return func(self, *args, **kwargs)
           ^^^^^^^^^^^^^^^^^^^^^^^^^^^
  File "/usr/local/python/3.12.1/lib/python3.12/site-packages/airflow/operators/generic_transfer.py", line 88, in execute
    results = get_records(self.sql)
              ^^^^^^^^^^^^^^^^^^^^^
  File "/usr/local/python/3.12.1/lib/python3.12/site-packages/airflow/providers/common/sql/hooks/sql.py", line 323, in get_records
    return self.run(sql=sql, parameters=parameters, handler=fetch_all_handler)
           ^^^^^^^^^^^^^^^^^^^^^^^^^^^^^^^^^^^^^^^^^^^^^^^^^^^^^^^^^^^^^^^^^^^
  File "/usr/local/python/3.12.1/lib/python3.12/site-packages/airflow/providers/common/sql/hooks/sql.py", line 456, in run
    self._run_command(cur, sql_statement, parameters)
  File "/usr/local/python/3.12.1/lib/python3.12/site-packages/airflow/providers/common/sql/hooks/sql.py", line 514, in _run_command
    cur.execute(sql_statement)
psycopg2.errors.UndefinedTable: relation "fox_character_race" does not exist
LINE 3:             FROM fox_character_race;
                         ^

[2026-04-21T23:00:12.058+0000] {logging_mixin.py:190} INFO - Task instance in failure state
[2026-04-21T23:00:12.059+0000] {logging_mixin.py:190} INFO - Task start:2026-04-21 23:00:11.859173+00:00 end:2026-04-21 23:00:12.058347+00:00 duration:0.199174
[2026-04-21T23:00:12.059+0000] {logging_mixin.py:190} INFO - Task:<Task(GenericTransfer): transfer_tables> dag:<DAG: transfer_dag> dagrun:<DagRun transfer_dag @ 2026-04-21 23:00:02.399128+00:00: manual__2026-04-21T23:00:02.399128+00:00, state:running, queued_at: 2026-04-21 23:00:02.630192+00:00. externally triggered: True>
[2026-04-21T23:00:12.059+0000] {logging_mixin.py:190} INFO - Failure caused by relation "fox_character_race" does not exist
LINE 3:             FROM fox_character_race;
                         ^
[2026-04-21T23:00:12.059+0000] {taskinstance.py:1225} INFO - Marking task as FAILED. dag_id=transfer_dag, task_id=transfer_tables, run_id=manual__2026-04-21T23:00:02.399128+00:00, execution_date=20260421T230002, start_date=20260421T230011, end_date=20260421T230012
[2026-04-21T23:00:12.069+0000] {taskinstance.py:340} INFO - ::group::Post task execution logs
[2026-04-21T23:00:12.070+0000] {standard_task_runner.py:124} ERROR - Failed to execute job 132 for task transfer_tables (relation "fox_character_race" does not exist
LINE 3:             FROM fox_character_race;
                         ^
; 30065)
Traceback (most recent call last):
  File "/usr/local/python/3.12.1/lib/python3.12/site-packages/airflow/task/task_runner/standard_task_runner.py", line 117, in _start_by_fork
    ret = args.func(args, dag=self.dag)
          ^^^^^^^^^^^^^^^^^^^^^^^^^^^^^
  File "/usr/local/python/3.12.1/lib/python3.12/site-packages/airflow/cli/cli_config.py", line 49, in command
    return func(*args, **kwargs)
           ^^^^^^^^^^^^^^^^^^^^^
  File "/usr/local/python/3.12.1/lib/python3.12/site-packages/airflow/utils/cli.py", line 115, in wrapper
    return f(*args, **kwargs)
           ^^^^^^^^^^^^^^^^^^
  File "/usr/local/python/3.12.1/lib/python3.12/site-packages/airflow/cli/commands/task_command.py", line 483, in task_run
    task_return_code = _run_task_by_selected_method(args, _dag, ti)
                       ^^^^^^^^^^^^^^^^^^^^^^^^^^^^^^^^^^^^^^^^^^^^
  File "/usr/local/python/3.12.1/lib/python3.12/site-packages/airflow/cli/commands/task_command.py", line 256, in _run_task_by_selected_method
    return _run_raw_task(args, ti)
           ^^^^^^^^^^^^^^^^^^^^^^^
  File "/usr/local/python/3.12.1/lib/python3.12/site-packages/airflow/cli/commands/task_command.py", line 341, in _run_raw_task
    return ti._run_raw_task(
           ^^^^^^^^^^^^^^^^^
  File "/usr/local/python/3.12.1/lib/python3.12/site-packages/airflow/utils/session.py", line 97, in wrapper
    return func(*args, session=session, **kwargs)
           ^^^^^^^^^^^^^^^^^^^^^^^^^^^^^^^^^^^^^^
  File "/usr/local/python/3.12.1/lib/python3.12/site-packages/airflow/models/taskinstance.py", line 3004, in _run_raw_task
    return _run_raw_task(
           ^^^^^^^^^^^^^^
  File "/usr/local/python/3.12.1/lib/python3.12/site-packages/airflow/models/taskinstance.py", line 273, in _run_raw_task
    TaskInstance._execute_task_with_callbacks(
  File "/usr/local/python/3.12.1/lib/python3.12/site-packages/airflow/models/taskinstance.py", line 3158, in _execute_task_with_callbacks
    result = self._execute_task(context, task_orig)
             ^^^^^^^^^^^^^^^^^^^^^^^^^^^^^^^^^^^^^^
  File "/usr/local/python/3.12.1/lib/python3.12/site-packages/airflow/models/taskinstance.py", line 3182, in _execute_task
    return _execute_task(self, context, task_orig)
           ^^^^^^^^^^^^^^^^^^^^^^^^^^^^^^^^^^^^^^^
  File "/usr/local/python/3.12.1/lib/python3.12/site-packages/airflow/models/taskinstance.py", line 767, in _execute_task
    result = _execute_callable(context=context, **execute_callable_kwargs)
             ^^^^^^^^^^^^^^^^^^^^^^^^^^^^^^^^^^^^^^^^^^^^^^^^^^^^^^^^^^^^^
  File "/usr/local/python/3.12.1/lib/python3.12/site-packages/airflow/models/taskinstance.py", line 733, in _execute_callable
    return ExecutionCallableRunner(
           ^^^^^^^^^^^^^^^^^^^^^^^^
  File "/usr/local/python/3.12.1/lib/python3.12/site-packages/airflow/utils/operator_helpers.py", line 252, in run
    return self.func(*args, **kwargs)
           ^^^^^^^^^^^^^^^^^^^^^^^^^^
  File "/usr/local/python/3.12.1/lib/python3.12/site-packages/airflow/models/baseoperator.py", line 406, in wrapper
    return func(self, *args, **kwargs)
           ^^^^^^^^^^^^^^^^^^^^^^^^^^^
  File "/usr/local/python/3.12.1/lib/python3.12/site-packages/airflow/operators/generic_transfer.py", line 88, in execute
    results = get_records(self.sql)
              ^^^^^^^^^^^^^^^^^^^^^
  File "/usr/local/python/3.12.1/lib/python3.12/site-packages/airflow/providers/common/sql/hooks/sql.py", line 323, in get_records
    return self.run(sql=sql, parameters=parameters, handler=fetch_all_handler)
           ^^^^^^^^^^^^^^^^^^^^^^^^^^^^^^^^^^^^^^^^^^^^^^^^^^^^^^^^^^^^^^^^^^^
  File "/usr/local/python/3.12.1/lib/python3.12/site-packages/airflow/providers/common/sql/hooks/sql.py", line 456, in run
    self._run_command(cur, sql_statement, parameters)
  File "/usr/local/python/3.12.1/lib/python3.12/site-packages/airflow/providers/common/sql/hooks/sql.py", line 514, in _run_command
    cur.execute(sql_statement)
psycopg2.errors.UndefinedTable: relation "fox_character_race" does not exist
LINE 3:             FROM fox_character_race;
                         ^

[2026-04-21T23:00:12.096+0000] {local_task_job_runner.py:266} INFO - Task exited with return code 1
[2026-04-21T23:00:12.110+0000] {taskinstance.py:3900} INFO - 0 downstream tasks scheduled from follow-on schedule check
[2026-04-21T23:00:12.116+0000] {local_task_job_runner.py:245} INFO - ::endgroup::
