[2026-04-21T23:00:07.848+0000] {local_task_job_runner.py:123} INFO - ::group::Pre task execution logs
[2026-04-21T23:00:07.857+0000] {taskinstance.py:2612} INFO - Dependencies all met for dep_context=non-requeueable deps ti=<TaskInstance: transfer_dag.create_table manual__2026-04-21T23:00:02.399128+00:00 [queued]>
[2026-04-21T23:00:07.861+0000] {taskinstance.py:2612} INFO - Dependencies all met for dep_context=requeueable deps ti=<TaskInstance: transfer_dag.create_table manual__2026-04-21T23:00:02.399128+00:00 [queued]>
[2026-04-21T23:00:07.862+0000] {taskinstance.py:2865} INFO - Starting attempt 1 of 1
[2026-04-21T23:00:07.873+0000] {taskinstance.py:2888} INFO - Executing <Task(PostgresOperator): create_table> on 2026-04-21 23:00:02.399128+00:00
[2026-04-21T23:00:07.877+0000] {standard_task_runner.py:72} INFO - Started process 29980 to run task
[2026-04-21T23:00:07.880+0000] {standard_task_runner.py:104} INFO - Running: ['airflow', 'tasks', 'run', 'transfer_dag', 'create_table', 'manual__2026-04-21T23:00:02.399128+00:00', '--job-id', '131', '--raw', '--subdir', 'DAGS_FOLDER/transfer_dag.py', '--cfg-path', '/tmp/tmp5mr5i5ul']
[2026-04-21T23:00:07.880+0000] {standard_task_runner.py:105} INFO - Job 131: Subtask create_table
[2026-04-21T23:00:07.915+0000] {task_command.py:467} INFO - Running <TaskInstance: transfer_dag.create_table manual__2026-04-21T23:00:02.399128+00:00 [running]> on host codespaces-1f1e00
[2026-04-21T23:00:07.956+0000] {taskinstance.py:3131} INFO - Exporting env vars: AIRFLOW_CTX_DAG_OWNER='airflow' AIRFLOW_CTX_DAG_ID='transfer_dag' AIRFLOW_CTX_TASK_ID='create_table' AIRFLOW_CTX_EXECUTION_DATE='2026-04-21T23:00:02.399128+00:00' AIRFLOW_CTX_TRY_NUMBER='1' AIRFLOW_CTX_DAG_RUN_ID='manual__2026-04-21T23:00:02.399128+00:00'
[2026-04-21T23:00:07.957+0000] {logging_mixin.py:190} INFO - Task instance is in running state
[2026-04-21T23:00:07.957+0000] {logging_mixin.py:190} INFO -  Previous state of the Task instance: queued
[2026-04-21T23:00:07.958+0000] {logging_mixin.py:190} INFO - Current task name:create_table state:running start_date:2026-04-21 23:00:07.857951+00:00
[2026-04-21T23:00:07.958+0000] {logging_mixin.py:190} INFO - Dag name:transfer_dag and current dag run status:running
[2026-04-21T23:00:07.958+0000] {taskinstance.py:731} INFO - ::endgroup::
[2026-04-21T23:00:07.958+0000] {sql.py:266} INFO - Executing: 
        CREATE TABLE IF NOT EXISTS fox_characters (
            name VARCHAR(50) NOT NULL,
            class VARCHAR(50) NOT NULL,
            level INT NOT NULL
        );
    
[2026-04-21T23:00:07.962+0000] {base.py:84} INFO - Retrieving connection 'postgres_default'
[2026-04-21T23:00:07.964+0000] {base.py:84} INFO - Retrieving connection 'postgres_default'
[2026-04-21T23:00:08.266+0000] {sql.py:509} INFO - Running statement: 
        CREATE TABLE IF NOT EXISTS fox_characters (
            name VARCHAR(50) NOT NULL,
            class VARCHAR(50) NOT NULL,
            level INT NOT NULL
        );
    , parameters: None
[2026-04-21T23:00:08.503+0000] {taskinstance.py:340} INFO - ::group::Post task execution logs
[2026-04-21T23:00:08.503+0000] {taskinstance.py:352} INFO - Marking task as SUCCESS. dag_id=transfer_dag, task_id=create_table, run_id=manual__2026-04-21T23:00:02.399128+00:00, execution_date=20260421T230002, start_date=20260421T230007, end_date=20260421T230008
[2026-04-21T23:00:08.512+0000] {logging_mixin.py:190} INFO - Task instance in success state
[2026-04-21T23:00:08.512+0000] {logging_mixin.py:190} INFO -  Previous state of the Task instance: running
[2026-04-21T23:00:08.512+0000] {logging_mixin.py:190} INFO - Dag name:transfer_dag queued_at:2026-04-21 23:00:02.630192+00:00
[2026-04-21T23:00:08.513+0000] {logging_mixin.py:190} INFO - Task hostname:codespaces-1f1e00 operator:PostgresOperator
[2026-04-21T23:00:08.538+0000] {local_task_job_runner.py:266} INFO - Task exited with return code 0
[2026-04-21T23:00:08.548+0000] {logging_mixin.py:190} WARNING - /usr/local/python/3.12.1/lib/python3.12/site-packages/airflow/models/baseoperator.py:1378 AirflowProviderDeprecationWarning: Call to deprecated class PostgresOperator. (Please use `airflow.providers.common.sql.operators.sql.SQLExecuteQueryOperator`.Also, you can provide `hook_params={'schema': <database>}`.)
[2026-04-21T23:00:08.558+0000] {taskinstance.py:3900} INFO - 1 downstream tasks scheduled from follow-on schedule check
[2026-04-21T23:00:08.562+0000] {local_task_job_runner.py:245} INFO - ::endgroup::
