[2026-04-20T00:50:12.921+0000] {processor.py:186} INFO - Started process (PID=16565) to work on /workspaces/meu-projeto-airflow/dags/dag_exemplo.py
[2026-04-20T00:50:12.921+0000] {processor.py:914} INFO - Processing file /workspaces/meu-projeto-airflow/dags/dag_exemplo.py for tasks to queue
[2026-04-20T00:50:12.923+0000] {logging_mixin.py:190} INFO - [2026-04-20T00:50:12.923+0000] {dagbag.py:588} INFO - Filling up the DagBag from /workspaces/meu-projeto-airflow/dags/dag_exemplo.py
[2026-04-20T00:50:12.929+0000] {processor.py:925} INFO - DAG(s) 'dag_exemplo' retrieved from /workspaces/meu-projeto-airflow/dags/dag_exemplo.py
[2026-04-20T00:50:12.940+0000] {logging_mixin.py:190} INFO - [2026-04-20T00:50:12.940+0000] {dag.py:3239} INFO - Sync 1 DAGs
[2026-04-20T00:50:12.950+0000] {logging_mixin.py:190} INFO - [2026-04-20T00:50:12.950+0000] {dag.py:4180} INFO - Setting next_dagrun for dag_exemplo to None, run_after=None
[2026-04-20T00:50:12.968+0000] {processor.py:208} INFO - Processing /workspaces/meu-projeto-airflow/dags/dag_exemplo.py took 0.052 seconds
[2026-04-20T00:51:29.464+0000] {processor.py:186} INFO - Started process (PID=17811) to work on /workspaces/meu-projeto-airflow/dags/dag_exemplo.py
[2026-04-20T00:51:29.464+0000] {processor.py:914} INFO - Processing file /workspaces/meu-projeto-airflow/dags/dag_exemplo.py for tasks to queue
[2026-04-20T00:51:29.466+0000] {logging_mixin.py:190} INFO - [2026-04-20T00:51:29.466+0000] {dagbag.py:588} INFO - Filling up the DagBag from /workspaces/meu-projeto-airflow/dags/dag_exemplo.py
[2026-04-20T00:51:29.472+0000] {processor.py:925} INFO - DAG(s) 'dag_exemplo' retrieved from /workspaces/meu-projeto-airflow/dags/dag_exemplo.py
[2026-04-20T00:51:29.484+0000] {logging_mixin.py:190} INFO - [2026-04-20T00:51:29.484+0000] {dag.py:3239} INFO - Sync 1 DAGs
[2026-04-20T00:51:29.494+0000] {logging_mixin.py:190} INFO - [2026-04-20T00:51:29.493+0000] {dag.py:4180} INFO - Setting next_dagrun for dag_exemplo to None, run_after=None
[2026-04-20T00:51:29.510+0000] {processor.py:208} INFO - Processing /workspaces/meu-projeto-airflow/dags/dag_exemplo.py took 0.051 seconds
[2026-04-20T00:52:45.267+0000] {processor.py:186} INFO - Started process (PID=19212) to work on /workspaces/meu-projeto-airflow/dags/dag_exemplo.py
[2026-04-20T00:52:45.268+0000] {processor.py:914} INFO - Processing file /workspaces/meu-projeto-airflow/dags/dag_exemplo.py for tasks to queue
[2026-04-20T00:52:45.273+0000] {logging_mixin.py:190} INFO - [2026-04-20T00:52:45.272+0000] {dagbag.py:588} INFO - Filling up the DagBag from /workspaces/meu-projeto-airflow/dags/dag_exemplo.py
[2026-04-20T00:52:45.284+0000] {processor.py:925} INFO - DAG(s) 'dag_exemplo' retrieved from /workspaces/meu-projeto-airflow/dags/dag_exemplo.py
[2026-04-20T00:52:45.317+0000] {logging_mixin.py:190} INFO - [2026-04-20T00:52:45.315+0000] {dag.py:3239} INFO - Sync 1 DAGs
[2026-04-20T00:52:45.352+0000] {logging_mixin.py:190} INFO - [2026-04-20T00:52:45.351+0000] {dag.py:4180} INFO - Setting next_dagrun for dag_exemplo to None, run_after=None
[2026-04-20T00:52:45.376+0000] {processor.py:208} INFO - Processing /workspaces/meu-projeto-airflow/dags/dag_exemplo.py took 0.115 seconds
[2026-04-20T00:54:05.119+0000] {processor.py:186} INFO - Started process (PID=20332) to work on /workspaces/meu-projeto-airflow/dags/dag_exemplo.py
[2026-04-20T00:54:05.120+0000] {processor.py:914} INFO - Processing file /workspaces/meu-projeto-airflow/dags/dag_exemplo.py for tasks to queue
[2026-04-20T00:54:05.122+0000] {logging_mixin.py:190} INFO - [2026-04-20T00:54:05.122+0000] {dagbag.py:588} INFO - Filling up the DagBag from /workspaces/meu-projeto-airflow/dags/dag_exemplo.py
[2026-04-20T00:54:05.130+0000] {processor.py:925} INFO - DAG(s) 'dag_exemplo' retrieved from /workspaces/meu-projeto-airflow/dags/dag_exemplo.py
[2026-04-20T00:54:05.152+0000] {logging_mixin.py:190} INFO - [2026-04-20T00:54:05.152+0000] {dag.py:3239} INFO - Sync 1 DAGs
[2026-04-20T00:54:05.162+0000] {logging_mixin.py:190} INFO - [2026-04-20T00:54:05.162+0000] {dag.py:4180} INFO - Setting next_dagrun for dag_exemplo to None, run_after=None
[2026-04-20T00:54:05.180+0000] {processor.py:208} INFO - Processing /workspaces/meu-projeto-airflow/dags/dag_exemplo.py took 0.065 seconds
[2026-04-20T00:55:21.817+0000] {processor.py:186} INFO - Started process (PID=21189) to work on /workspaces/meu-projeto-airflow/dags/dag_exemplo.py
[2026-04-20T00:55:21.818+0000] {processor.py:914} INFO - Processing file /workspaces/meu-projeto-airflow/dags/dag_exemplo.py for tasks to queue
[2026-04-20T00:55:21.819+0000] {logging_mixin.py:190} INFO - [2026-04-20T00:55:21.819+0000] {dagbag.py:588} INFO - Filling up the DagBag from /workspaces/meu-projeto-airflow/dags/dag_exemplo.py
[2026-04-20T00:55:21.825+0000] {processor.py:925} INFO - DAG(s) 'dag_exemplo' retrieved from /workspaces/meu-projeto-airflow/dags/dag_exemplo.py
[2026-04-20T00:55:21.837+0000] {logging_mixin.py:190} INFO - [2026-04-20T00:55:21.836+0000] {dag.py:3239} INFO - Sync 1 DAGs
[2026-04-20T00:55:21.846+0000] {logging_mixin.py:190} INFO - [2026-04-20T00:55:21.846+0000] {dag.py:4180} INFO - Setting next_dagrun for dag_exemplo to None, run_after=None
[2026-04-20T00:55:21.862+0000] {processor.py:208} INFO - Processing /workspaces/meu-projeto-airflow/dags/dag_exemplo.py took 0.049 seconds
[2026-04-20T00:56:39.841+0000] {processor.py:186} INFO - Started process (PID=22047) to work on /workspaces/meu-projeto-airflow/dags/dag_exemplo.py
[2026-04-20T00:56:39.842+0000] {processor.py:914} INFO - Processing file /workspaces/meu-projeto-airflow/dags/dag_exemplo.py for tasks to queue
[2026-04-20T00:56:39.843+0000] {logging_mixin.py:190} INFO - [2026-04-20T00:56:39.843+0000] {dagbag.py:588} INFO - Filling up the DagBag from /workspaces/meu-projeto-airflow/dags/dag_exemplo.py
[2026-04-20T00:56:39.849+0000] {processor.py:925} INFO - DAG(s) 'dag_exemplo' retrieved from /workspaces/meu-projeto-airflow/dags/dag_exemplo.py
[2026-04-20T00:56:39.860+0000] {logging_mixin.py:190} INFO - [2026-04-20T00:56:39.860+0000] {dag.py:3239} INFO - Sync 1 DAGs
[2026-04-20T00:56:39.870+0000] {logging_mixin.py:190} INFO - [2026-04-20T00:56:39.870+0000] {dag.py:4180} INFO - Setting next_dagrun for dag_exemplo to None, run_after=None
[2026-04-20T00:56:39.885+0000] {processor.py:208} INFO - Processing /workspaces/meu-projeto-airflow/dags/dag_exemplo.py took 0.049 seconds
[2026-04-20T00:57:53.924+0000] {processor.py:186} INFO - Started process (PID=22884) to work on /workspaces/meu-projeto-airflow/dags/dag_exemplo.py
[2026-04-20T00:57:53.924+0000] {processor.py:914} INFO - Processing file /workspaces/meu-projeto-airflow/dags/dag_exemplo.py for tasks to queue
[2026-04-20T00:57:53.926+0000] {logging_mixin.py:190} INFO - [2026-04-20T00:57:53.926+0000] {dagbag.py:588} INFO - Filling up the DagBag from /workspaces/meu-projeto-airflow/dags/dag_exemplo.py
[2026-04-20T00:57:53.932+0000] {processor.py:925} INFO - DAG(s) 'dag_exemplo' retrieved from /workspaces/meu-projeto-airflow/dags/dag_exemplo.py
[2026-04-20T00:57:53.943+0000] {logging_mixin.py:190} INFO - [2026-04-20T00:57:53.943+0000] {dag.py:3239} INFO - Sync 1 DAGs
[2026-04-20T00:57:53.953+0000] {logging_mixin.py:190} INFO - [2026-04-20T00:57:53.952+0000] {dag.py:4180} INFO - Setting next_dagrun for dag_exemplo to None, run_after=None
[2026-04-20T00:57:53.968+0000] {processor.py:208} INFO - Processing /workspaces/meu-projeto-airflow/dags/dag_exemplo.py took 0.049 seconds
[2026-04-20T00:59:10.636+0000] {processor.py:186} INFO - Started process (PID=23777) to work on /workspaces/meu-projeto-airflow/dags/dag_exemplo.py
[2026-04-20T00:59:10.637+0000] {processor.py:914} INFO - Processing file /workspaces/meu-projeto-airflow/dags/dag_exemplo.py for tasks to queue
[2026-04-20T00:59:10.638+0000] {logging_mixin.py:190} INFO - [2026-04-20T00:59:10.638+0000] {dagbag.py:588} INFO - Filling up the DagBag from /workspaces/meu-projeto-airflow/dags/dag_exemplo.py
[2026-04-20T00:59:10.644+0000] {processor.py:925} INFO - DAG(s) 'dag_exemplo' retrieved from /workspaces/meu-projeto-airflow/dags/dag_exemplo.py
[2026-04-20T00:59:10.655+0000] {logging_mixin.py:190} INFO - [2026-04-20T00:59:10.655+0000] {dag.py:3239} INFO - Sync 1 DAGs
[2026-04-20T00:59:10.670+0000] {logging_mixin.py:190} INFO - [2026-04-20T00:59:10.670+0000] {dag.py:4180} INFO - Setting next_dagrun for dag_exemplo to None, run_after=None
[2026-04-20T00:59:10.692+0000] {processor.py:208} INFO - Processing /workspaces/meu-projeto-airflow/dags/dag_exemplo.py took 0.061 seconds
[2026-04-20T01:00:31.358+0000] {processor.py:186} INFO - Started process (PID=24784) to work on /workspaces/meu-projeto-airflow/dags/dag_exemplo.py
[2026-04-20T01:00:31.359+0000] {processor.py:914} INFO - Processing file /workspaces/meu-projeto-airflow/dags/dag_exemplo.py for tasks to queue
[2026-04-20T01:00:31.361+0000] {logging_mixin.py:190} INFO - [2026-04-20T01:00:31.360+0000] {dagbag.py:588} INFO - Filling up the DagBag from /workspaces/meu-projeto-airflow/dags/dag_exemplo.py
[2026-04-20T01:00:31.367+0000] {processor.py:925} INFO - DAG(s) 'dag_exemplo' retrieved from /workspaces/meu-projeto-airflow/dags/dag_exemplo.py
[2026-04-20T01:00:31.379+0000] {logging_mixin.py:190} INFO - [2026-04-20T01:00:31.379+0000] {dag.py:3239} INFO - Sync 1 DAGs
[2026-04-20T01:00:31.389+0000] {logging_mixin.py:190} INFO - [2026-04-20T01:00:31.388+0000] {dag.py:4180} INFO - Setting next_dagrun for dag_exemplo to None, run_after=None
[2026-04-20T01:00:31.404+0000] {processor.py:208} INFO - Processing /workspaces/meu-projeto-airflow/dags/dag_exemplo.py took 0.050 seconds
[2026-04-20T01:01:44.711+0000] {processor.py:186} INFO - Started process (PID=25607) to work on /workspaces/meu-projeto-airflow/dags/dag_exemplo.py
[2026-04-20T01:01:44.712+0000] {processor.py:914} INFO - Processing file /workspaces/meu-projeto-airflow/dags/dag_exemplo.py for tasks to queue
[2026-04-20T01:01:44.714+0000] {logging_mixin.py:190} INFO - [2026-04-20T01:01:44.713+0000] {dagbag.py:588} INFO - Filling up the DagBag from /workspaces/meu-projeto-airflow/dags/dag_exemplo.py
[2026-04-20T01:01:44.719+0000] {processor.py:925} INFO - DAG(s) 'dag_exemplo' retrieved from /workspaces/meu-projeto-airflow/dags/dag_exemplo.py
[2026-04-20T01:01:44.734+0000] {logging_mixin.py:190} INFO - [2026-04-20T01:01:44.734+0000] {dag.py:3239} INFO - Sync 1 DAGs
[2026-04-20T01:01:44.763+0000] {logging_mixin.py:190} INFO - [2026-04-20T01:01:44.763+0000] {dag.py:4180} INFO - Setting next_dagrun for dag_exemplo to None, run_after=None
[2026-04-20T01:01:44.787+0000] {processor.py:208} INFO - Processing /workspaces/meu-projeto-airflow/dags/dag_exemplo.py took 0.081 seconds
[2026-04-20T01:02:57.743+0000] {processor.py:186} INFO - Started process (PID=26376) to work on /workspaces/meu-projeto-airflow/dags/dag_exemplo.py
[2026-04-20T01:02:57.744+0000] {processor.py:914} INFO - Processing file /workspaces/meu-projeto-airflow/dags/dag_exemplo.py for tasks to queue
[2026-04-20T01:02:57.746+0000] {logging_mixin.py:190} INFO - [2026-04-20T01:02:57.745+0000] {dagbag.py:588} INFO - Filling up the DagBag from /workspaces/meu-projeto-airflow/dags/dag_exemplo.py
[2026-04-20T01:02:57.751+0000] {processor.py:925} INFO - DAG(s) 'dag_exemplo' retrieved from /workspaces/meu-projeto-airflow/dags/dag_exemplo.py
[2026-04-20T01:02:57.762+0000] {logging_mixin.py:190} INFO - [2026-04-20T01:02:57.762+0000] {dag.py:3239} INFO - Sync 1 DAGs
[2026-04-20T01:02:57.772+0000] {logging_mixin.py:190} INFO - [2026-04-20T01:02:57.772+0000] {dag.py:4180} INFO - Setting next_dagrun for dag_exemplo to None, run_after=None
[2026-04-20T01:02:57.788+0000] {processor.py:208} INFO - Processing /workspaces/meu-projeto-airflow/dags/dag_exemplo.py took 0.048 seconds
[2026-04-20T01:04:12.323+0000] {processor.py:186} INFO - Started process (PID=27249) to work on /workspaces/meu-projeto-airflow/dags/dag_exemplo.py
[2026-04-20T01:04:12.324+0000] {processor.py:914} INFO - Processing file /workspaces/meu-projeto-airflow/dags/dag_exemplo.py for tasks to queue
[2026-04-20T01:04:12.325+0000] {logging_mixin.py:190} INFO - [2026-04-20T01:04:12.325+0000] {dagbag.py:588} INFO - Filling up the DagBag from /workspaces/meu-projeto-airflow/dags/dag_exemplo.py
[2026-04-20T01:04:12.331+0000] {processor.py:925} INFO - DAG(s) 'dag_exemplo' retrieved from /workspaces/meu-projeto-airflow/dags/dag_exemplo.py
[2026-04-20T01:04:12.344+0000] {logging_mixin.py:190} INFO - [2026-04-20T01:04:12.344+0000] {dag.py:3239} INFO - Sync 1 DAGs
[2026-04-20T01:04:12.353+0000] {logging_mixin.py:190} INFO - [2026-04-20T01:04:12.353+0000] {dag.py:4180} INFO - Setting next_dagrun for dag_exemplo to None, run_after=None
[2026-04-20T01:04:12.371+0000] {processor.py:208} INFO - Processing /workspaces/meu-projeto-airflow/dags/dag_exemplo.py took 0.052 seconds
[2026-04-20T01:05:31.316+0000] {processor.py:186} INFO - Started process (PID=28362) to work on /workspaces/meu-projeto-airflow/dags/dag_exemplo.py
[2026-04-20T01:05:31.317+0000] {processor.py:914} INFO - Processing file /workspaces/meu-projeto-airflow/dags/dag_exemplo.py for tasks to queue
[2026-04-20T01:05:31.319+0000] {logging_mixin.py:190} INFO - [2026-04-20T01:05:31.318+0000] {dagbag.py:588} INFO - Filling up the DagBag from /workspaces/meu-projeto-airflow/dags/dag_exemplo.py
[2026-04-20T01:05:31.324+0000] {processor.py:925} INFO - DAG(s) 'dag_exemplo' retrieved from /workspaces/meu-projeto-airflow/dags/dag_exemplo.py
[2026-04-20T01:05:31.338+0000] {logging_mixin.py:190} INFO - [2026-04-20T01:05:31.338+0000] {dag.py:3239} INFO - Sync 1 DAGs
[2026-04-20T01:05:31.357+0000] {logging_mixin.py:190} INFO - [2026-04-20T01:05:31.357+0000] {dag.py:4180} INFO - Setting next_dagrun for dag_exemplo to None, run_after=None
[2026-04-20T01:05:31.386+0000] {processor.py:208} INFO - Processing /workspaces/meu-projeto-airflow/dags/dag_exemplo.py took 0.074 seconds
[2026-04-20T01:06:52.537+0000] {processor.py:186} INFO - Started process (PID=29258) to work on /workspaces/meu-projeto-airflow/dags/dag_exemplo.py
[2026-04-20T01:06:52.538+0000] {processor.py:914} INFO - Processing file /workspaces/meu-projeto-airflow/dags/dag_exemplo.py for tasks to queue
[2026-04-20T01:06:52.540+0000] {logging_mixin.py:190} INFO - [2026-04-20T01:06:52.539+0000] {dagbag.py:588} INFO - Filling up the DagBag from /workspaces/meu-projeto-airflow/dags/dag_exemplo.py
[2026-04-20T01:06:52.549+0000] {processor.py:925} INFO - DAG(s) 'dag_exemplo' retrieved from /workspaces/meu-projeto-airflow/dags/dag_exemplo.py
[2026-04-20T01:06:52.568+0000] {logging_mixin.py:190} INFO - [2026-04-20T01:06:52.568+0000] {dag.py:3239} INFO - Sync 1 DAGs
[2026-04-20T01:06:52.586+0000] {logging_mixin.py:190} INFO - [2026-04-20T01:06:52.586+0000] {dag.py:4180} INFO - Setting next_dagrun for dag_exemplo to None, run_after=None
[2026-04-20T01:06:52.615+0000] {processor.py:208} INFO - Processing /workspaces/meu-projeto-airflow/dags/dag_exemplo.py took 0.085 seconds
[2026-04-20T01:08:11.077+0000] {processor.py:186} INFO - Started process (PID=30314) to work on /workspaces/meu-projeto-airflow/dags/dag_exemplo.py
[2026-04-20T01:08:11.078+0000] {processor.py:914} INFO - Processing file /workspaces/meu-projeto-airflow/dags/dag_exemplo.py for tasks to queue
[2026-04-20T01:08:11.079+0000] {logging_mixin.py:190} INFO - [2026-04-20T01:08:11.078+0000] {dagbag.py:588} INFO - Filling up the DagBag from /workspaces/meu-projeto-airflow/dags/dag_exemplo.py
[2026-04-20T01:08:11.085+0000] {processor.py:925} INFO - DAG(s) 'dag_exemplo' retrieved from /workspaces/meu-projeto-airflow/dags/dag_exemplo.py
[2026-04-20T01:08:11.096+0000] {logging_mixin.py:190} INFO - [2026-04-20T01:08:11.096+0000] {dag.py:3239} INFO - Sync 1 DAGs
[2026-04-20T01:08:11.107+0000] {logging_mixin.py:190} INFO - [2026-04-20T01:08:11.107+0000] {dag.py:4180} INFO - Setting next_dagrun for dag_exemplo to None, run_after=None
[2026-04-20T01:08:11.123+0000] {processor.py:208} INFO - Processing /workspaces/meu-projeto-airflow/dags/dag_exemplo.py took 0.050 seconds
[2026-04-20T01:09:24.423+0000] {processor.py:186} INFO - Started process (PID=31142) to work on /workspaces/meu-projeto-airflow/dags/dag_exemplo.py
[2026-04-20T01:09:24.423+0000] {processor.py:914} INFO - Processing file /workspaces/meu-projeto-airflow/dags/dag_exemplo.py for tasks to queue
[2026-04-20T01:09:24.424+0000] {logging_mixin.py:190} INFO - [2026-04-20T01:09:24.424+0000] {dagbag.py:588} INFO - Filling up the DagBag from /workspaces/meu-projeto-airflow/dags/dag_exemplo.py
[2026-04-20T01:09:24.430+0000] {processor.py:925} INFO - DAG(s) 'dag_exemplo' retrieved from /workspaces/meu-projeto-airflow/dags/dag_exemplo.py
[2026-04-20T01:09:24.441+0000] {logging_mixin.py:190} INFO - [2026-04-20T01:09:24.441+0000] {dag.py:3239} INFO - Sync 1 DAGs
[2026-04-20T01:09:24.451+0000] {logging_mixin.py:190} INFO - [2026-04-20T01:09:24.451+0000] {dag.py:4180} INFO - Setting next_dagrun for dag_exemplo to None, run_after=None
[2026-04-20T01:09:24.467+0000] {processor.py:208} INFO - Processing /workspaces/meu-projeto-airflow/dags/dag_exemplo.py took 0.048 seconds
[2026-04-20T01:10:52.453+0000] {processor.py:186} INFO - Started process (PID=32629) to work on /workspaces/meu-projeto-airflow/dags/dag_exemplo.py
[2026-04-20T01:10:52.454+0000] {processor.py:914} INFO - Processing file /workspaces/meu-projeto-airflow/dags/dag_exemplo.py for tasks to queue
[2026-04-20T01:10:52.455+0000] {logging_mixin.py:190} INFO - [2026-04-20T01:10:52.454+0000] {dagbag.py:588} INFO - Filling up the DagBag from /workspaces/meu-projeto-airflow/dags/dag_exemplo.py
[2026-04-20T01:10:52.460+0000] {processor.py:925} INFO - DAG(s) 'dag_exemplo' retrieved from /workspaces/meu-projeto-airflow/dags/dag_exemplo.py
[2026-04-20T01:10:52.472+0000] {logging_mixin.py:190} INFO - [2026-04-20T01:10:52.472+0000] {dag.py:3239} INFO - Sync 1 DAGs
[2026-04-20T01:10:52.482+0000] {logging_mixin.py:190} INFO - [2026-04-20T01:10:52.482+0000] {dag.py:4180} INFO - Setting next_dagrun for dag_exemplo to None, run_after=None
[2026-04-20T01:10:52.498+0000] {processor.py:208} INFO - Processing /workspaces/meu-projeto-airflow/dags/dag_exemplo.py took 0.050 seconds
[2026-04-20T01:12:07.403+0000] {processor.py:186} INFO - Started process (PID=33452) to work on /workspaces/meu-projeto-airflow/dags/dag_exemplo.py
[2026-04-20T01:12:07.403+0000] {processor.py:914} INFO - Processing file /workspaces/meu-projeto-airflow/dags/dag_exemplo.py for tasks to queue
[2026-04-20T01:12:07.404+0000] {logging_mixin.py:190} INFO - [2026-04-20T01:12:07.404+0000] {dagbag.py:588} INFO - Filling up the DagBag from /workspaces/meu-projeto-airflow/dags/dag_exemplo.py
[2026-04-20T01:12:07.410+0000] {processor.py:925} INFO - DAG(s) 'dag_exemplo' retrieved from /workspaces/meu-projeto-airflow/dags/dag_exemplo.py
[2026-04-20T01:12:07.421+0000] {logging_mixin.py:190} INFO - [2026-04-20T01:12:07.421+0000] {dag.py:3239} INFO - Sync 1 DAGs
[2026-04-20T01:12:07.431+0000] {logging_mixin.py:190} INFO - [2026-04-20T01:12:07.431+0000] {dag.py:4180} INFO - Setting next_dagrun for dag_exemplo to None, run_after=None
[2026-04-20T01:12:07.447+0000] {processor.py:208} INFO - Processing /workspaces/meu-projeto-airflow/dags/dag_exemplo.py took 0.048 seconds
[2026-04-20T01:13:22.886+0000] {processor.py:186} INFO - Started process (PID=34209) to work on /workspaces/meu-projeto-airflow/dags/dag_exemplo.py
[2026-04-20T01:13:22.887+0000] {processor.py:914} INFO - Processing file /workspaces/meu-projeto-airflow/dags/dag_exemplo.py for tasks to queue
[2026-04-20T01:13:22.888+0000] {logging_mixin.py:190} INFO - [2026-04-20T01:13:22.888+0000] {dagbag.py:588} INFO - Filling up the DagBag from /workspaces/meu-projeto-airflow/dags/dag_exemplo.py
[2026-04-20T01:13:22.893+0000] {processor.py:925} INFO - DAG(s) 'dag_exemplo' retrieved from /workspaces/meu-projeto-airflow/dags/dag_exemplo.py
[2026-04-20T01:13:22.904+0000] {logging_mixin.py:190} INFO - [2026-04-20T01:13:22.904+0000] {dag.py:3239} INFO - Sync 1 DAGs
[2026-04-20T01:13:22.914+0000] {logging_mixin.py:190} INFO - [2026-04-20T01:13:22.914+0000] {dag.py:4180} INFO - Setting next_dagrun for dag_exemplo to None, run_after=None
[2026-04-20T01:13:22.929+0000] {processor.py:208} INFO - Processing /workspaces/meu-projeto-airflow/dags/dag_exemplo.py took 0.047 seconds
[2026-04-20T01:14:38.502+0000] {processor.py:186} INFO - Started process (PID=34971) to work on /workspaces/meu-projeto-airflow/dags/dag_exemplo.py
[2026-04-20T01:14:38.503+0000] {processor.py:914} INFO - Processing file /workspaces/meu-projeto-airflow/dags/dag_exemplo.py for tasks to queue
[2026-04-20T01:14:38.504+0000] {logging_mixin.py:190} INFO - [2026-04-20T01:14:38.503+0000] {dagbag.py:588} INFO - Filling up the DagBag from /workspaces/meu-projeto-airflow/dags/dag_exemplo.py
[2026-04-20T01:14:38.509+0000] {processor.py:925} INFO - DAG(s) 'dag_exemplo' retrieved from /workspaces/meu-projeto-airflow/dags/dag_exemplo.py
[2026-04-20T01:14:38.520+0000] {logging_mixin.py:190} INFO - [2026-04-20T01:14:38.520+0000] {dag.py:3239} INFO - Sync 1 DAGs
[2026-04-20T01:14:38.531+0000] {logging_mixin.py:190} INFO - [2026-04-20T01:14:38.531+0000] {dag.py:4180} INFO - Setting next_dagrun for dag_exemplo to None, run_after=None
[2026-04-20T01:14:38.549+0000] {processor.py:208} INFO - Processing /workspaces/meu-projeto-airflow/dags/dag_exemplo.py took 0.051 seconds
[2026-04-20T01:15:54.998+0000] {processor.py:186} INFO - Started process (PID=35751) to work on /workspaces/meu-projeto-airflow/dags/dag_exemplo.py
[2026-04-20T01:15:54.998+0000] {processor.py:914} INFO - Processing file /workspaces/meu-projeto-airflow/dags/dag_exemplo.py for tasks to queue
[2026-04-20T01:15:54.999+0000] {logging_mixin.py:190} INFO - [2026-04-20T01:15:54.999+0000] {dagbag.py:588} INFO - Filling up the DagBag from /workspaces/meu-projeto-airflow/dags/dag_exemplo.py
[2026-04-20T01:15:55.005+0000] {processor.py:925} INFO - DAG(s) 'dag_exemplo' retrieved from /workspaces/meu-projeto-airflow/dags/dag_exemplo.py
[2026-04-20T01:15:55.016+0000] {logging_mixin.py:190} INFO - [2026-04-20T01:15:55.016+0000] {dag.py:3239} INFO - Sync 1 DAGs
[2026-04-20T01:15:55.027+0000] {logging_mixin.py:190} INFO - [2026-04-20T01:15:55.027+0000] {dag.py:4180} INFO - Setting next_dagrun for dag_exemplo to None, run_after=None
[2026-04-20T01:15:55.043+0000] {processor.py:208} INFO - Processing /workspaces/meu-projeto-airflow/dags/dag_exemplo.py took 0.049 seconds
[2026-04-20T01:17:10.770+0000] {processor.py:186} INFO - Started process (PID=36566) to work on /workspaces/meu-projeto-airflow/dags/dag_exemplo.py
[2026-04-20T01:17:10.771+0000] {processor.py:914} INFO - Processing file /workspaces/meu-projeto-airflow/dags/dag_exemplo.py for tasks to queue
[2026-04-20T01:17:10.772+0000] {logging_mixin.py:190} INFO - [2026-04-20T01:17:10.771+0000] {dagbag.py:588} INFO - Filling up the DagBag from /workspaces/meu-projeto-airflow/dags/dag_exemplo.py
[2026-04-20T01:17:10.778+0000] {processor.py:925} INFO - DAG(s) 'dag_exemplo' retrieved from /workspaces/meu-projeto-airflow/dags/dag_exemplo.py
[2026-04-20T01:17:10.790+0000] {logging_mixin.py:190} INFO - [2026-04-20T01:17:10.790+0000] {dag.py:3239} INFO - Sync 1 DAGs
[2026-04-20T01:17:10.801+0000] {logging_mixin.py:190} INFO - [2026-04-20T01:17:10.801+0000] {dag.py:4180} INFO - Setting next_dagrun for dag_exemplo to None, run_after=None
[2026-04-20T01:17:10.816+0000] {processor.py:208} INFO - Processing /workspaces/meu-projeto-airflow/dags/dag_exemplo.py took 0.054 seconds
[2026-04-20T01:18:29.631+0000] {processor.py:186} INFO - Started process (PID=37356) to work on /workspaces/meu-projeto-airflow/dags/dag_exemplo.py
[2026-04-20T01:18:29.632+0000] {processor.py:914} INFO - Processing file /workspaces/meu-projeto-airflow/dags/dag_exemplo.py for tasks to queue
[2026-04-20T01:18:29.633+0000] {logging_mixin.py:190} INFO - [2026-04-20T01:18:29.633+0000] {dagbag.py:588} INFO - Filling up the DagBag from /workspaces/meu-projeto-airflow/dags/dag_exemplo.py
[2026-04-20T01:18:29.639+0000] {processor.py:925} INFO - DAG(s) 'dag_exemplo' retrieved from /workspaces/meu-projeto-airflow/dags/dag_exemplo.py
[2026-04-20T01:18:29.650+0000] {logging_mixin.py:190} INFO - [2026-04-20T01:18:29.650+0000] {dag.py:3239} INFO - Sync 1 DAGs
[2026-04-20T01:18:29.660+0000] {logging_mixin.py:190} INFO - [2026-04-20T01:18:29.660+0000] {dag.py:4180} INFO - Setting next_dagrun for dag_exemplo to None, run_after=None
[2026-04-20T01:18:29.675+0000] {processor.py:208} INFO - Processing /workspaces/meu-projeto-airflow/dags/dag_exemplo.py took 0.048 seconds
[2026-04-20T01:19:44.700+0000] {processor.py:186} INFO - Started process (PID=38175) to work on /workspaces/meu-projeto-airflow/dags/dag_exemplo.py
[2026-04-20T01:19:44.701+0000] {processor.py:914} INFO - Processing file /workspaces/meu-projeto-airflow/dags/dag_exemplo.py for tasks to queue
[2026-04-20T01:19:44.702+0000] {logging_mixin.py:190} INFO - [2026-04-20T01:19:44.701+0000] {dagbag.py:588} INFO - Filling up the DagBag from /workspaces/meu-projeto-airflow/dags/dag_exemplo.py
[2026-04-20T01:19:44.707+0000] {processor.py:925} INFO - DAG(s) 'dag_exemplo' retrieved from /workspaces/meu-projeto-airflow/dags/dag_exemplo.py
[2026-04-20T01:19:44.718+0000] {logging_mixin.py:190} INFO - [2026-04-20T01:19:44.718+0000] {dag.py:3239} INFO - Sync 1 DAGs
[2026-04-20T01:19:44.728+0000] {logging_mixin.py:190} INFO - [2026-04-20T01:19:44.728+0000] {dag.py:4180} INFO - Setting next_dagrun for dag_exemplo to None, run_after=None
[2026-04-20T01:19:44.745+0000] {processor.py:208} INFO - Processing /workspaces/meu-projeto-airflow/dags/dag_exemplo.py took 0.049 seconds
[2026-04-20T01:21:00.716+0000] {processor.py:186} INFO - Started process (PID=38963) to work on /workspaces/meu-projeto-airflow/dags/dag_exemplo.py
[2026-04-20T01:21:00.717+0000] {processor.py:914} INFO - Processing file /workspaces/meu-projeto-airflow/dags/dag_exemplo.py for tasks to queue
[2026-04-20T01:21:00.718+0000] {logging_mixin.py:190} INFO - [2026-04-20T01:21:00.717+0000] {dagbag.py:588} INFO - Filling up the DagBag from /workspaces/meu-projeto-airflow/dags/dag_exemplo.py
[2026-04-20T01:21:00.724+0000] {processor.py:925} INFO - DAG(s) 'dag_exemplo' retrieved from /workspaces/meu-projeto-airflow/dags/dag_exemplo.py
[2026-04-20T01:21:00.736+0000] {logging_mixin.py:190} INFO - [2026-04-20T01:21:00.735+0000] {dag.py:3239} INFO - Sync 1 DAGs
[2026-04-20T01:21:00.745+0000] {logging_mixin.py:190} INFO - [2026-04-20T01:21:00.745+0000] {dag.py:4180} INFO - Setting next_dagrun for dag_exemplo to None, run_after=None
[2026-04-20T01:21:00.761+0000] {processor.py:208} INFO - Processing /workspaces/meu-projeto-airflow/dags/dag_exemplo.py took 0.050 seconds
[2026-04-20T01:22:14.037+0000] {processor.py:186} INFO - Started process (PID=39766) to work on /workspaces/meu-projeto-airflow/dags/dag_exemplo.py
[2026-04-20T01:22:14.038+0000] {processor.py:914} INFO - Processing file /workspaces/meu-projeto-airflow/dags/dag_exemplo.py for tasks to queue
[2026-04-20T01:22:14.039+0000] {logging_mixin.py:190} INFO - [2026-04-20T01:22:14.039+0000] {dagbag.py:588} INFO - Filling up the DagBag from /workspaces/meu-projeto-airflow/dags/dag_exemplo.py
[2026-04-20T01:22:14.046+0000] {processor.py:925} INFO - DAG(s) 'dag_exemplo' retrieved from /workspaces/meu-projeto-airflow/dags/dag_exemplo.py
[2026-04-20T01:22:14.059+0000] {logging_mixin.py:190} INFO - [2026-04-20T01:22:14.059+0000] {dag.py:3239} INFO - Sync 1 DAGs
[2026-04-20T01:22:14.071+0000] {logging_mixin.py:190} INFO - [2026-04-20T01:22:14.071+0000] {dag.py:4180} INFO - Setting next_dagrun for dag_exemplo to None, run_after=None
[2026-04-20T01:22:14.089+0000] {processor.py:208} INFO - Processing /workspaces/meu-projeto-airflow/dags/dag_exemplo.py took 0.056 seconds
[2026-04-20T01:23:27.914+0000] {processor.py:186} INFO - Started process (PID=40453) to work on /workspaces/meu-projeto-airflow/dags/dag_exemplo.py
[2026-04-20T01:23:27.914+0000] {processor.py:914} INFO - Processing file /workspaces/meu-projeto-airflow/dags/dag_exemplo.py for tasks to queue
[2026-04-20T01:23:27.916+0000] {logging_mixin.py:190} INFO - [2026-04-20T01:23:27.915+0000] {dagbag.py:588} INFO - Filling up the DagBag from /workspaces/meu-projeto-airflow/dags/dag_exemplo.py
[2026-04-20T01:23:27.921+0000] {processor.py:925} INFO - DAG(s) 'dag_exemplo' retrieved from /workspaces/meu-projeto-airflow/dags/dag_exemplo.py
[2026-04-20T01:23:27.932+0000] {logging_mixin.py:190} INFO - [2026-04-20T01:23:27.932+0000] {dag.py:3239} INFO - Sync 1 DAGs
[2026-04-20T01:23:27.942+0000] {logging_mixin.py:190} INFO - [2026-04-20T01:23:27.942+0000] {dag.py:4180} INFO - Setting next_dagrun for dag_exemplo to None, run_after=None
[2026-04-20T01:23:27.958+0000] {processor.py:208} INFO - Processing /workspaces/meu-projeto-airflow/dags/dag_exemplo.py took 0.048 seconds
[2026-04-20T01:24:48.196+0000] {processor.py:186} INFO - Started process (PID=41305) to work on /workspaces/meu-projeto-airflow/dags/dag_exemplo.py
[2026-04-20T01:24:48.197+0000] {processor.py:914} INFO - Processing file /workspaces/meu-projeto-airflow/dags/dag_exemplo.py for tasks to queue
[2026-04-20T01:24:48.198+0000] {logging_mixin.py:190} INFO - [2026-04-20T01:24:48.198+0000] {dagbag.py:588} INFO - Filling up the DagBag from /workspaces/meu-projeto-airflow/dags/dag_exemplo.py
[2026-04-20T01:24:48.204+0000] {processor.py:925} INFO - DAG(s) 'dag_exemplo' retrieved from /workspaces/meu-projeto-airflow/dags/dag_exemplo.py
[2026-04-20T01:24:48.215+0000] {logging_mixin.py:190} INFO - [2026-04-20T01:24:48.215+0000] {dag.py:3239} INFO - Sync 1 DAGs
[2026-04-20T01:24:48.225+0000] {logging_mixin.py:190} INFO - [2026-04-20T01:24:48.225+0000] {dag.py:4180} INFO - Setting next_dagrun for dag_exemplo to None, run_after=None
[2026-04-20T01:24:48.240+0000] {processor.py:208} INFO - Processing /workspaces/meu-projeto-airflow/dags/dag_exemplo.py took 0.051 seconds
[2026-04-20T01:25:59.197+0000] {processor.py:186} INFO - Started process (PID=41980) to work on /workspaces/meu-projeto-airflow/dags/dag_exemplo.py
[2026-04-20T01:25:59.198+0000] {processor.py:914} INFO - Processing file /workspaces/meu-projeto-airflow/dags/dag_exemplo.py for tasks to queue
[2026-04-20T01:25:59.199+0000] {logging_mixin.py:190} INFO - [2026-04-20T01:25:59.199+0000] {dagbag.py:588} INFO - Filling up the DagBag from /workspaces/meu-projeto-airflow/dags/dag_exemplo.py
[2026-04-20T01:25:59.204+0000] {processor.py:925} INFO - DAG(s) 'dag_exemplo' retrieved from /workspaces/meu-projeto-airflow/dags/dag_exemplo.py
[2026-04-20T01:25:59.217+0000] {logging_mixin.py:190} INFO - [2026-04-20T01:25:59.217+0000] {dag.py:3239} INFO - Sync 1 DAGs
[2026-04-20T01:25:59.228+0000] {logging_mixin.py:190} INFO - [2026-04-20T01:25:59.227+0000] {dag.py:4180} INFO - Setting next_dagrun for dag_exemplo to None, run_after=None
[2026-04-20T01:25:59.244+0000] {processor.py:208} INFO - Processing /workspaces/meu-projeto-airflow/dags/dag_exemplo.py took 0.051 seconds
[2026-04-20T01:27:18.071+0000] {processor.py:186} INFO - Started process (PID=42831) to work on /workspaces/meu-projeto-airflow/dags/dag_exemplo.py
[2026-04-20T01:27:18.072+0000] {processor.py:914} INFO - Processing file /workspaces/meu-projeto-airflow/dags/dag_exemplo.py for tasks to queue
[2026-04-20T01:27:18.073+0000] {logging_mixin.py:190} INFO - [2026-04-20T01:27:18.073+0000] {dagbag.py:588} INFO - Filling up the DagBag from /workspaces/meu-projeto-airflow/dags/dag_exemplo.py
[2026-04-20T01:27:18.082+0000] {processor.py:925} INFO - DAG(s) 'dag_exemplo' retrieved from /workspaces/meu-projeto-airflow/dags/dag_exemplo.py
[2026-04-20T01:27:18.095+0000] {logging_mixin.py:190} INFO - [2026-04-20T01:27:18.095+0000] {dag.py:3239} INFO - Sync 1 DAGs
[2026-04-20T01:27:18.105+0000] {logging_mixin.py:190} INFO - [2026-04-20T01:27:18.105+0000] {dag.py:4180} INFO - Setting next_dagrun for dag_exemplo to None, run_after=None
[2026-04-20T01:27:18.121+0000] {processor.py:208} INFO - Processing /workspaces/meu-projeto-airflow/dags/dag_exemplo.py took 0.056 seconds
[2026-04-20T01:28:38.161+0000] {processor.py:186} INFO - Started process (PID=43634) to work on /workspaces/meu-projeto-airflow/dags/dag_exemplo.py
[2026-04-20T01:28:38.161+0000] {processor.py:914} INFO - Processing file /workspaces/meu-projeto-airflow/dags/dag_exemplo.py for tasks to queue
[2026-04-20T01:28:38.162+0000] {logging_mixin.py:190} INFO - [2026-04-20T01:28:38.162+0000] {dagbag.py:588} INFO - Filling up the DagBag from /workspaces/meu-projeto-airflow/dags/dag_exemplo.py
[2026-04-20T01:28:38.169+0000] {processor.py:925} INFO - DAG(s) 'dag_exemplo' retrieved from /workspaces/meu-projeto-airflow/dags/dag_exemplo.py
[2026-04-20T01:28:38.184+0000] {logging_mixin.py:190} INFO - [2026-04-20T01:28:38.183+0000] {dag.py:3239} INFO - Sync 1 DAGs
[2026-04-20T01:28:38.194+0000] {logging_mixin.py:190} INFO - [2026-04-20T01:28:38.194+0000] {dag.py:4180} INFO - Setting next_dagrun for dag_exemplo to None, run_after=None
[2026-04-20T01:28:38.210+0000] {processor.py:208} INFO - Processing /workspaces/meu-projeto-airflow/dags/dag_exemplo.py took 0.054 seconds
[2026-04-20T01:29:53.329+0000] {processor.py:186} INFO - Started process (PID=44451) to work on /workspaces/meu-projeto-airflow/dags/dag_exemplo.py
[2026-04-20T01:29:53.329+0000] {processor.py:914} INFO - Processing file /workspaces/meu-projeto-airflow/dags/dag_exemplo.py for tasks to queue
[2026-04-20T01:29:53.330+0000] {logging_mixin.py:190} INFO - [2026-04-20T01:29:53.330+0000] {dagbag.py:588} INFO - Filling up the DagBag from /workspaces/meu-projeto-airflow/dags/dag_exemplo.py
[2026-04-20T01:29:53.336+0000] {processor.py:925} INFO - DAG(s) 'dag_exemplo' retrieved from /workspaces/meu-projeto-airflow/dags/dag_exemplo.py
[2026-04-20T01:29:53.347+0000] {logging_mixin.py:190} INFO - [2026-04-20T01:29:53.347+0000] {dag.py:3239} INFO - Sync 1 DAGs
[2026-04-20T01:29:53.357+0000] {logging_mixin.py:190} INFO - [2026-04-20T01:29:53.357+0000] {dag.py:4180} INFO - Setting next_dagrun for dag_exemplo to None, run_after=None
[2026-04-20T01:29:53.377+0000] {processor.py:208} INFO - Processing /workspaces/meu-projeto-airflow/dags/dag_exemplo.py took 0.053 seconds
[2026-04-20T01:31:10.683+0000] {processor.py:186} INFO - Started process (PID=45295) to work on /workspaces/meu-projeto-airflow/dags/dag_exemplo.py
[2026-04-20T01:31:10.684+0000] {processor.py:914} INFO - Processing file /workspaces/meu-projeto-airflow/dags/dag_exemplo.py for tasks to queue
[2026-04-20T01:31:10.686+0000] {logging_mixin.py:190} INFO - [2026-04-20T01:31:10.685+0000] {dagbag.py:588} INFO - Filling up the DagBag from /workspaces/meu-projeto-airflow/dags/dag_exemplo.py
[2026-04-20T01:31:10.691+0000] {processor.py:925} INFO - DAG(s) 'dag_exemplo' retrieved from /workspaces/meu-projeto-airflow/dags/dag_exemplo.py
[2026-04-20T01:31:10.703+0000] {logging_mixin.py:190} INFO - [2026-04-20T01:31:10.702+0000] {dag.py:3239} INFO - Sync 1 DAGs
[2026-04-20T01:31:10.713+0000] {logging_mixin.py:190} INFO - [2026-04-20T01:31:10.713+0000] {dag.py:4180} INFO - Setting next_dagrun for dag_exemplo to None, run_after=None
[2026-04-20T01:31:10.728+0000] {processor.py:208} INFO - Processing /workspaces/meu-projeto-airflow/dags/dag_exemplo.py took 0.050 seconds
[2026-04-20T01:32:29.611+0000] {processor.py:186} INFO - Started process (PID=46080) to work on /workspaces/meu-projeto-airflow/dags/dag_exemplo.py
[2026-04-20T01:32:29.613+0000] {processor.py:914} INFO - Processing file /workspaces/meu-projeto-airflow/dags/dag_exemplo.py for tasks to queue
[2026-04-20T01:32:29.615+0000] {logging_mixin.py:190} INFO - [2026-04-20T01:32:29.614+0000] {dagbag.py:588} INFO - Filling up the DagBag from /workspaces/meu-projeto-airflow/dags/dag_exemplo.py
[2026-04-20T01:32:29.625+0000] {processor.py:925} INFO - DAG(s) 'dag_exemplo' retrieved from /workspaces/meu-projeto-airflow/dags/dag_exemplo.py
[2026-04-20T01:32:29.639+0000] {logging_mixin.py:190} INFO - [2026-04-20T01:32:29.639+0000] {dag.py:3239} INFO - Sync 1 DAGs
[2026-04-20T01:32:29.649+0000] {logging_mixin.py:190} INFO - [2026-04-20T01:32:29.649+0000] {dag.py:4180} INFO - Setting next_dagrun for dag_exemplo to None, run_after=None
[2026-04-20T01:32:29.665+0000] {processor.py:208} INFO - Processing /workspaces/meu-projeto-airflow/dags/dag_exemplo.py took 0.061 seconds
[2026-04-20T01:33:47.170+0000] {processor.py:186} INFO - Started process (PID=46846) to work on /workspaces/meu-projeto-airflow/dags/dag_exemplo.py
[2026-04-20T01:33:47.171+0000] {processor.py:914} INFO - Processing file /workspaces/meu-projeto-airflow/dags/dag_exemplo.py for tasks to queue
[2026-04-20T01:33:47.172+0000] {logging_mixin.py:190} INFO - [2026-04-20T01:33:47.172+0000] {dagbag.py:588} INFO - Filling up the DagBag from /workspaces/meu-projeto-airflow/dags/dag_exemplo.py
[2026-04-20T01:33:47.180+0000] {processor.py:925} INFO - DAG(s) 'dag_exemplo' retrieved from /workspaces/meu-projeto-airflow/dags/dag_exemplo.py
[2026-04-20T01:33:47.192+0000] {logging_mixin.py:190} INFO - [2026-04-20T01:33:47.192+0000] {dag.py:3239} INFO - Sync 1 DAGs
[2026-04-20T01:33:47.203+0000] {logging_mixin.py:190} INFO - [2026-04-20T01:33:47.203+0000] {dag.py:4180} INFO - Setting next_dagrun for dag_exemplo to None, run_after=None
[2026-04-20T01:33:47.219+0000] {processor.py:208} INFO - Processing /workspaces/meu-projeto-airflow/dags/dag_exemplo.py took 0.054 seconds
[2026-04-20T01:35:08.646+0000] {processor.py:186} INFO - Started process (PID=47770) to work on /workspaces/meu-projeto-airflow/dags/dag_exemplo.py
[2026-04-20T01:35:08.647+0000] {processor.py:914} INFO - Processing file /workspaces/meu-projeto-airflow/dags/dag_exemplo.py for tasks to queue
[2026-04-20T01:35:08.647+0000] {logging_mixin.py:190} INFO - [2026-04-20T01:35:08.647+0000] {dagbag.py:588} INFO - Filling up the DagBag from /workspaces/meu-projeto-airflow/dags/dag_exemplo.py
[2026-04-20T01:35:08.653+0000] {processor.py:925} INFO - DAG(s) 'dag_exemplo' retrieved from /workspaces/meu-projeto-airflow/dags/dag_exemplo.py
[2026-04-20T01:35:08.664+0000] {logging_mixin.py:190} INFO - [2026-04-20T01:35:08.664+0000] {dag.py:3239} INFO - Sync 1 DAGs
[2026-04-20T01:35:08.678+0000] {logging_mixin.py:190} INFO - [2026-04-20T01:35:08.678+0000] {dag.py:4180} INFO - Setting next_dagrun for dag_exemplo to None, run_after=None
[2026-04-20T01:35:08.697+0000] {processor.py:208} INFO - Processing /workspaces/meu-projeto-airflow/dags/dag_exemplo.py took 0.055 seconds
[2026-04-20T01:36:24.227+0000] {processor.py:186} INFO - Started process (PID=48552) to work on /workspaces/meu-projeto-airflow/dags/dag_exemplo.py
[2026-04-20T01:36:24.228+0000] {processor.py:914} INFO - Processing file /workspaces/meu-projeto-airflow/dags/dag_exemplo.py for tasks to queue
[2026-04-20T01:36:24.229+0000] {logging_mixin.py:190} INFO - [2026-04-20T01:36:24.229+0000] {dagbag.py:588} INFO - Filling up the DagBag from /workspaces/meu-projeto-airflow/dags/dag_exemplo.py
[2026-04-20T01:36:24.235+0000] {processor.py:925} INFO - DAG(s) 'dag_exemplo' retrieved from /workspaces/meu-projeto-airflow/dags/dag_exemplo.py
[2026-04-20T01:36:24.246+0000] {logging_mixin.py:190} INFO - [2026-04-20T01:36:24.246+0000] {dag.py:3239} INFO - Sync 1 DAGs
[2026-04-20T01:36:24.256+0000] {logging_mixin.py:190} INFO - [2026-04-20T01:36:24.255+0000] {dag.py:4180} INFO - Setting next_dagrun for dag_exemplo to None, run_after=None
[2026-04-20T01:36:24.273+0000] {processor.py:208} INFO - Processing /workspaces/meu-projeto-airflow/dags/dag_exemplo.py took 0.050 seconds
[2026-04-20T01:37:44.459+0000] {processor.py:186} INFO - Started process (PID=49330) to work on /workspaces/meu-projeto-airflow/dags/dag_exemplo.py
[2026-04-20T01:37:44.460+0000] {processor.py:914} INFO - Processing file /workspaces/meu-projeto-airflow/dags/dag_exemplo.py for tasks to queue
[2026-04-20T01:37:44.461+0000] {logging_mixin.py:190} INFO - [2026-04-20T01:37:44.461+0000] {dagbag.py:588} INFO - Filling up the DagBag from /workspaces/meu-projeto-airflow/dags/dag_exemplo.py
[2026-04-20T01:37:44.467+0000] {processor.py:925} INFO - DAG(s) 'dag_exemplo' retrieved from /workspaces/meu-projeto-airflow/dags/dag_exemplo.py
[2026-04-20T01:37:44.482+0000] {logging_mixin.py:190} INFO - [2026-04-20T01:37:44.482+0000] {dag.py:3239} INFO - Sync 1 DAGs
[2026-04-20T01:37:44.493+0000] {logging_mixin.py:190} INFO - [2026-04-20T01:37:44.493+0000] {dag.py:4180} INFO - Setting next_dagrun for dag_exemplo to None, run_after=None
[2026-04-20T01:37:44.515+0000] {processor.py:208} INFO - Processing /workspaces/meu-projeto-airflow/dags/dag_exemplo.py took 0.065 seconds
[2026-04-20T01:39:03.432+0000] {processor.py:186} INFO - Started process (PID=50121) to work on /workspaces/meu-projeto-airflow/dags/dag_exemplo.py
[2026-04-20T01:39:03.433+0000] {processor.py:914} INFO - Processing file /workspaces/meu-projeto-airflow/dags/dag_exemplo.py for tasks to queue
[2026-04-20T01:39:03.434+0000] {logging_mixin.py:190} INFO - [2026-04-20T01:39:03.434+0000] {dagbag.py:588} INFO - Filling up the DagBag from /workspaces/meu-projeto-airflow/dags/dag_exemplo.py
[2026-04-20T01:39:03.440+0000] {processor.py:925} INFO - DAG(s) 'dag_exemplo' retrieved from /workspaces/meu-projeto-airflow/dags/dag_exemplo.py
[2026-04-20T01:39:03.451+0000] {logging_mixin.py:190} INFO - [2026-04-20T01:39:03.450+0000] {dag.py:3239} INFO - Sync 1 DAGs
[2026-04-20T01:39:03.461+0000] {logging_mixin.py:190} INFO - [2026-04-20T01:39:03.460+0000] {dag.py:4180} INFO - Setting next_dagrun for dag_exemplo to None, run_after=None
[2026-04-20T01:39:03.479+0000] {processor.py:208} INFO - Processing /workspaces/meu-projeto-airflow/dags/dag_exemplo.py took 0.051 seconds
[2026-04-20T01:40:18.238+0000] {processor.py:186} INFO - Started process (PID=51011) to work on /workspaces/meu-projeto-airflow/dags/dag_exemplo.py
[2026-04-20T01:40:18.239+0000] {processor.py:914} INFO - Processing file /workspaces/meu-projeto-airflow/dags/dag_exemplo.py for tasks to queue
[2026-04-20T01:40:18.240+0000] {logging_mixin.py:190} INFO - [2026-04-20T01:40:18.240+0000] {dagbag.py:588} INFO - Filling up the DagBag from /workspaces/meu-projeto-airflow/dags/dag_exemplo.py
[2026-04-20T01:40:18.246+0000] {processor.py:925} INFO - DAG(s) 'dag_exemplo' retrieved from /workspaces/meu-projeto-airflow/dags/dag_exemplo.py
[2026-04-20T01:40:18.257+0000] {logging_mixin.py:190} INFO - [2026-04-20T01:40:18.257+0000] {dag.py:3239} INFO - Sync 1 DAGs
[2026-04-20T01:40:18.268+0000] {logging_mixin.py:190} INFO - [2026-04-20T01:40:18.268+0000] {dag.py:4180} INFO - Setting next_dagrun for dag_exemplo to None, run_after=None
[2026-04-20T01:40:18.285+0000] {processor.py:208} INFO - Processing /workspaces/meu-projeto-airflow/dags/dag_exemplo.py took 0.051 seconds
[2026-04-20T01:41:29.928+0000] {processor.py:186} INFO - Started process (PID=51688) to work on /workspaces/meu-projeto-airflow/dags/dag_exemplo.py
[2026-04-20T01:41:29.929+0000] {processor.py:914} INFO - Processing file /workspaces/meu-projeto-airflow/dags/dag_exemplo.py for tasks to queue
[2026-04-20T01:41:29.930+0000] {logging_mixin.py:190} INFO - [2026-04-20T01:41:29.930+0000] {dagbag.py:588} INFO - Filling up the DagBag from /workspaces/meu-projeto-airflow/dags/dag_exemplo.py
[2026-04-20T01:41:29.936+0000] {processor.py:925} INFO - DAG(s) 'dag_exemplo' retrieved from /workspaces/meu-projeto-airflow/dags/dag_exemplo.py
[2026-04-20T01:41:29.947+0000] {logging_mixin.py:190} INFO - [2026-04-20T01:41:29.947+0000] {dag.py:3239} INFO - Sync 1 DAGs
[2026-04-20T01:41:29.957+0000] {logging_mixin.py:190} INFO - [2026-04-20T01:41:29.957+0000] {dag.py:4180} INFO - Setting next_dagrun for dag_exemplo to None, run_after=None
[2026-04-20T01:41:29.975+0000] {processor.py:208} INFO - Processing /workspaces/meu-projeto-airflow/dags/dag_exemplo.py took 0.051 seconds
[2026-04-20T01:42:47.131+0000] {processor.py:186} INFO - Started process (PID=52460) to work on /workspaces/meu-projeto-airflow/dags/dag_exemplo.py
[2026-04-20T01:42:47.132+0000] {processor.py:914} INFO - Processing file /workspaces/meu-projeto-airflow/dags/dag_exemplo.py for tasks to queue
[2026-04-20T01:42:47.133+0000] {logging_mixin.py:190} INFO - [2026-04-20T01:42:47.133+0000] {dagbag.py:588} INFO - Filling up the DagBag from /workspaces/meu-projeto-airflow/dags/dag_exemplo.py
[2026-04-20T01:42:47.139+0000] {processor.py:925} INFO - DAG(s) 'dag_exemplo' retrieved from /workspaces/meu-projeto-airflow/dags/dag_exemplo.py
[2026-04-20T01:42:47.150+0000] {logging_mixin.py:190} INFO - [2026-04-20T01:42:47.150+0000] {dag.py:3239} INFO - Sync 1 DAGs
[2026-04-20T01:42:47.160+0000] {logging_mixin.py:190} INFO - [2026-04-20T01:42:47.160+0000] {dag.py:4180} INFO - Setting next_dagrun for dag_exemplo to None, run_after=None
[2026-04-20T01:42:47.178+0000] {processor.py:208} INFO - Processing /workspaces/meu-projeto-airflow/dags/dag_exemplo.py took 0.051 seconds
[2026-04-20T01:44:07.168+0000] {processor.py:186} INFO - Started process (PID=53316) to work on /workspaces/meu-projeto-airflow/dags/dag_exemplo.py
[2026-04-20T01:44:07.169+0000] {processor.py:914} INFO - Processing file /workspaces/meu-projeto-airflow/dags/dag_exemplo.py for tasks to queue
[2026-04-20T01:44:07.171+0000] {logging_mixin.py:190} INFO - [2026-04-20T01:44:07.170+0000] {dagbag.py:588} INFO - Filling up the DagBag from /workspaces/meu-projeto-airflow/dags/dag_exemplo.py
[2026-04-20T01:44:07.178+0000] {processor.py:925} INFO - DAG(s) 'dag_exemplo' retrieved from /workspaces/meu-projeto-airflow/dags/dag_exemplo.py
[2026-04-20T01:44:07.191+0000] {logging_mixin.py:190} INFO - [2026-04-20T01:44:07.191+0000] {dag.py:3239} INFO - Sync 1 DAGs
[2026-04-20T01:44:07.202+0000] {logging_mixin.py:190} INFO - [2026-04-20T01:44:07.201+0000] {dag.py:4180} INFO - Setting next_dagrun for dag_exemplo to None, run_after=None
[2026-04-20T01:44:07.217+0000] {processor.py:208} INFO - Processing /workspaces/meu-projeto-airflow/dags/dag_exemplo.py took 0.054 seconds
[2026-04-20T01:45:24.785+0000] {processor.py:186} INFO - Started process (PID=54162) to work on /workspaces/meu-projeto-airflow/dags/dag_exemplo.py
[2026-04-20T01:45:24.786+0000] {processor.py:914} INFO - Processing file /workspaces/meu-projeto-airflow/dags/dag_exemplo.py for tasks to queue
[2026-04-20T01:45:24.787+0000] {logging_mixin.py:190} INFO - [2026-04-20T01:45:24.787+0000] {dagbag.py:588} INFO - Filling up the DagBag from /workspaces/meu-projeto-airflow/dags/dag_exemplo.py
[2026-04-20T01:45:24.793+0000] {processor.py:925} INFO - DAG(s) 'dag_exemplo' retrieved from /workspaces/meu-projeto-airflow/dags/dag_exemplo.py
[2026-04-20T01:45:24.804+0000] {logging_mixin.py:190} INFO - [2026-04-20T01:45:24.804+0000] {dag.py:3239} INFO - Sync 1 DAGs
[2026-04-20T01:45:24.815+0000] {logging_mixin.py:190} INFO - [2026-04-20T01:45:24.814+0000] {dag.py:4180} INFO - Setting next_dagrun for dag_exemplo to None, run_after=None
[2026-04-20T01:45:24.831+0000] {processor.py:208} INFO - Processing /workspaces/meu-projeto-airflow/dags/dag_exemplo.py took 0.051 seconds
[2026-04-20T01:46:47.938+0000] {processor.py:186} INFO - Started process (PID=54979) to work on /workspaces/meu-projeto-airflow/dags/dag_exemplo.py
[2026-04-20T01:46:47.939+0000] {processor.py:914} INFO - Processing file /workspaces/meu-projeto-airflow/dags/dag_exemplo.py for tasks to queue
[2026-04-20T01:46:47.940+0000] {logging_mixin.py:190} INFO - [2026-04-20T01:46:47.940+0000] {dagbag.py:588} INFO - Filling up the DagBag from /workspaces/meu-projeto-airflow/dags/dag_exemplo.py
[2026-04-20T01:46:47.946+0000] {processor.py:925} INFO - DAG(s) 'dag_exemplo' retrieved from /workspaces/meu-projeto-airflow/dags/dag_exemplo.py
[2026-04-20T01:46:47.957+0000] {logging_mixin.py:190} INFO - [2026-04-20T01:46:47.957+0000] {dag.py:3239} INFO - Sync 1 DAGs
[2026-04-20T01:46:47.968+0000] {logging_mixin.py:190} INFO - [2026-04-20T01:46:47.967+0000] {dag.py:4180} INFO - Setting next_dagrun for dag_exemplo to None, run_after=None
[2026-04-20T01:46:47.988+0000] {processor.py:208} INFO - Processing /workspaces/meu-projeto-airflow/dags/dag_exemplo.py took 0.054 seconds
[2026-04-20T01:48:14.759+0000] {processor.py:186} INFO - Started process (PID=55871) to work on /workspaces/meu-projeto-airflow/dags/dag_exemplo.py
[2026-04-20T01:48:14.760+0000] {processor.py:914} INFO - Processing file /workspaces/meu-projeto-airflow/dags/dag_exemplo.py for tasks to queue
[2026-04-20T01:48:14.762+0000] {logging_mixin.py:190} INFO - [2026-04-20T01:48:14.761+0000] {dagbag.py:588} INFO - Filling up the DagBag from /workspaces/meu-projeto-airflow/dags/dag_exemplo.py
[2026-04-20T01:48:14.768+0000] {processor.py:925} INFO - DAG(s) 'dag_exemplo' retrieved from /workspaces/meu-projeto-airflow/dags/dag_exemplo.py
[2026-04-20T01:48:14.784+0000] {logging_mixin.py:190} INFO - [2026-04-20T01:48:14.783+0000] {dag.py:3239} INFO - Sync 1 DAGs
[2026-04-20T01:48:14.794+0000] {logging_mixin.py:190} INFO - [2026-04-20T01:48:14.794+0000] {dag.py:4180} INFO - Setting next_dagrun for dag_exemplo to None, run_after=None
[2026-04-20T01:48:14.810+0000] {processor.py:208} INFO - Processing /workspaces/meu-projeto-airflow/dags/dag_exemplo.py took 0.057 seconds
[2026-04-20T01:49:35.535+0000] {processor.py:186} INFO - Started process (PID=56678) to work on /workspaces/meu-projeto-airflow/dags/dag_exemplo.py
[2026-04-20T01:49:35.536+0000] {processor.py:914} INFO - Processing file /workspaces/meu-projeto-airflow/dags/dag_exemplo.py for tasks to queue
[2026-04-20T01:49:35.537+0000] {logging_mixin.py:190} INFO - [2026-04-20T01:49:35.536+0000] {dagbag.py:588} INFO - Filling up the DagBag from /workspaces/meu-projeto-airflow/dags/dag_exemplo.py
[2026-04-20T01:49:35.542+0000] {processor.py:925} INFO - DAG(s) 'dag_exemplo' retrieved from /workspaces/meu-projeto-airflow/dags/dag_exemplo.py
[2026-04-20T01:49:35.553+0000] {logging_mixin.py:190} INFO - [2026-04-20T01:49:35.553+0000] {dag.py:3239} INFO - Sync 1 DAGs
[2026-04-20T01:49:35.563+0000] {logging_mixin.py:190} INFO - [2026-04-20T01:49:35.563+0000] {dag.py:4180} INFO - Setting next_dagrun for dag_exemplo to None, run_after=None
[2026-04-20T01:49:35.582+0000] {processor.py:208} INFO - Processing /workspaces/meu-projeto-airflow/dags/dag_exemplo.py took 0.052 seconds
[2026-04-20T01:51:04.731+0000] {processor.py:186} INFO - Started process (PID=57542) to work on /workspaces/meu-projeto-airflow/dags/dag_exemplo.py
[2026-04-20T01:51:04.731+0000] {processor.py:914} INFO - Processing file /workspaces/meu-projeto-airflow/dags/dag_exemplo.py for tasks to queue
[2026-04-20T01:51:04.733+0000] {logging_mixin.py:190} INFO - [2026-04-20T01:51:04.732+0000] {dagbag.py:588} INFO - Filling up the DagBag from /workspaces/meu-projeto-airflow/dags/dag_exemplo.py
[2026-04-20T01:51:04.738+0000] {processor.py:925} INFO - DAG(s) 'dag_exemplo' retrieved from /workspaces/meu-projeto-airflow/dags/dag_exemplo.py
[2026-04-20T01:51:04.750+0000] {logging_mixin.py:190} INFO - [2026-04-20T01:51:04.750+0000] {dag.py:3239} INFO - Sync 1 DAGs
[2026-04-20T01:51:04.760+0000] {logging_mixin.py:190} INFO - [2026-04-20T01:51:04.760+0000] {dag.py:4180} INFO - Setting next_dagrun for dag_exemplo to None, run_after=None
[2026-04-20T01:51:04.778+0000] {processor.py:208} INFO - Processing /workspaces/meu-projeto-airflow/dags/dag_exemplo.py took 0.052 seconds
[2026-04-20T01:52:30.795+0000] {processor.py:186} INFO - Started process (PID=58495) to work on /workspaces/meu-projeto-airflow/dags/dag_exemplo.py
[2026-04-20T01:52:30.796+0000] {processor.py:914} INFO - Processing file /workspaces/meu-projeto-airflow/dags/dag_exemplo.py for tasks to queue
[2026-04-20T01:52:30.797+0000] {logging_mixin.py:190} INFO - [2026-04-20T01:52:30.797+0000] {dagbag.py:588} INFO - Filling up the DagBag from /workspaces/meu-projeto-airflow/dags/dag_exemplo.py
[2026-04-20T01:52:30.803+0000] {processor.py:925} INFO - DAG(s) 'dag_exemplo' retrieved from /workspaces/meu-projeto-airflow/dags/dag_exemplo.py
[2026-04-20T01:52:30.814+0000] {logging_mixin.py:190} INFO - [2026-04-20T01:52:30.814+0000] {dag.py:3239} INFO - Sync 1 DAGs
[2026-04-20T01:52:30.824+0000] {logging_mixin.py:190} INFO - [2026-04-20T01:52:30.824+0000] {dag.py:4180} INFO - Setting next_dagrun for dag_exemplo to None, run_after=None
[2026-04-20T01:52:30.841+0000] {processor.py:208} INFO - Processing /workspaces/meu-projeto-airflow/dags/dag_exemplo.py took 0.051 seconds
[2026-04-20T01:53:52.129+0000] {processor.py:186} INFO - Started process (PID=59311) to work on /workspaces/meu-projeto-airflow/dags/dag_exemplo.py
[2026-04-20T01:53:52.130+0000] {processor.py:914} INFO - Processing file /workspaces/meu-projeto-airflow/dags/dag_exemplo.py for tasks to queue
[2026-04-20T01:53:52.131+0000] {logging_mixin.py:190} INFO - [2026-04-20T01:53:52.131+0000] {dagbag.py:588} INFO - Filling up the DagBag from /workspaces/meu-projeto-airflow/dags/dag_exemplo.py
[2026-04-20T01:53:52.137+0000] {processor.py:925} INFO - DAG(s) 'dag_exemplo' retrieved from /workspaces/meu-projeto-airflow/dags/dag_exemplo.py
[2026-04-20T01:53:52.149+0000] {logging_mixin.py:190} INFO - [2026-04-20T01:53:52.149+0000] {dag.py:3239} INFO - Sync 1 DAGs
[2026-04-20T01:53:52.159+0000] {logging_mixin.py:190} INFO - [2026-04-20T01:53:52.159+0000] {dag.py:4180} INFO - Setting next_dagrun for dag_exemplo to None, run_after=None
[2026-04-20T01:53:52.177+0000] {processor.py:208} INFO - Processing /workspaces/meu-projeto-airflow/dags/dag_exemplo.py took 0.052 seconds
[2026-04-20T01:55:09.181+0000] {processor.py:186} INFO - Started process (PID=60221) to work on /workspaces/meu-projeto-airflow/dags/dag_exemplo.py
[2026-04-20T01:55:09.182+0000] {processor.py:914} INFO - Processing file /workspaces/meu-projeto-airflow/dags/dag_exemplo.py for tasks to queue
[2026-04-20T01:55:09.183+0000] {logging_mixin.py:190} INFO - [2026-04-20T01:55:09.182+0000] {dagbag.py:588} INFO - Filling up the DagBag from /workspaces/meu-projeto-airflow/dags/dag_exemplo.py
[2026-04-20T01:55:09.190+0000] {processor.py:925} INFO - DAG(s) 'dag_exemplo' retrieved from /workspaces/meu-projeto-airflow/dags/dag_exemplo.py
[2026-04-20T01:55:09.207+0000] {logging_mixin.py:190} INFO - [2026-04-20T01:55:09.206+0000] {dag.py:3239} INFO - Sync 1 DAGs
[2026-04-20T01:55:09.220+0000] {logging_mixin.py:190} INFO - [2026-04-20T01:55:09.220+0000] {dag.py:4180} INFO - Setting next_dagrun for dag_exemplo to None, run_after=None
[2026-04-20T01:55:09.237+0000] {processor.py:208} INFO - Processing /workspaces/meu-projeto-airflow/dags/dag_exemplo.py took 0.061 seconds
[2026-04-20T01:56:27.192+0000] {processor.py:186} INFO - Started process (PID=61008) to work on /workspaces/meu-projeto-airflow/dags/dag_exemplo.py
[2026-04-20T01:56:27.193+0000] {processor.py:914} INFO - Processing file /workspaces/meu-projeto-airflow/dags/dag_exemplo.py for tasks to queue
[2026-04-20T01:56:27.194+0000] {logging_mixin.py:190} INFO - [2026-04-20T01:56:27.194+0000] {dagbag.py:588} INFO - Filling up the DagBag from /workspaces/meu-projeto-airflow/dags/dag_exemplo.py
[2026-04-20T01:56:27.200+0000] {processor.py:925} INFO - DAG(s) 'dag_exemplo' retrieved from /workspaces/meu-projeto-airflow/dags/dag_exemplo.py
[2026-04-20T01:56:27.211+0000] {logging_mixin.py:190} INFO - [2026-04-20T01:56:27.211+0000] {dag.py:3239} INFO - Sync 1 DAGs
[2026-04-20T01:56:27.221+0000] {logging_mixin.py:190} INFO - [2026-04-20T01:56:27.221+0000] {dag.py:4180} INFO - Setting next_dagrun for dag_exemplo to None, run_after=None
[2026-04-20T01:56:27.237+0000] {processor.py:208} INFO - Processing /workspaces/meu-projeto-airflow/dags/dag_exemplo.py took 0.049 seconds
[2026-04-20T01:57:41.656+0000] {processor.py:186} INFO - Started process (PID=61756) to work on /workspaces/meu-projeto-airflow/dags/dag_exemplo.py
[2026-04-20T01:57:41.657+0000] {processor.py:914} INFO - Processing file /workspaces/meu-projeto-airflow/dags/dag_exemplo.py for tasks to queue
[2026-04-20T01:57:41.658+0000] {logging_mixin.py:190} INFO - [2026-04-20T01:57:41.657+0000] {dagbag.py:588} INFO - Filling up the DagBag from /workspaces/meu-projeto-airflow/dags/dag_exemplo.py
[2026-04-20T01:57:41.663+0000] {processor.py:925} INFO - DAG(s) 'dag_exemplo' retrieved from /workspaces/meu-projeto-airflow/dags/dag_exemplo.py
[2026-04-20T01:57:41.674+0000] {logging_mixin.py:190} INFO - [2026-04-20T01:57:41.674+0000] {dag.py:3239} INFO - Sync 1 DAGs
[2026-04-20T01:57:41.684+0000] {logging_mixin.py:190} INFO - [2026-04-20T01:57:41.684+0000] {dag.py:4180} INFO - Setting next_dagrun for dag_exemplo to None, run_after=None
[2026-04-20T01:57:41.699+0000] {processor.py:208} INFO - Processing /workspaces/meu-projeto-airflow/dags/dag_exemplo.py took 0.047 seconds
[2026-04-20T14:14:22.355+0000] {processor.py:186} INFO - Started process (PID=7636) to work on /workspaces/meu-projeto-airflow/dags/dag_exemplo.py
[2026-04-20T14:14:22.356+0000] {processor.py:914} INFO - Processing file /workspaces/meu-projeto-airflow/dags/dag_exemplo.py for tasks to queue
[2026-04-20T14:14:22.358+0000] {logging_mixin.py:190} INFO - [2026-04-20T14:14:22.358+0000] {dagbag.py:588} INFO - Filling up the DagBag from /workspaces/meu-projeto-airflow/dags/dag_exemplo.py
[2026-04-20T14:14:22.364+0000] {processor.py:925} INFO - DAG(s) 'dag_exemplo' retrieved from /workspaces/meu-projeto-airflow/dags/dag_exemplo.py
[2026-04-20T14:14:22.377+0000] {logging_mixin.py:190} INFO - [2026-04-20T14:14:22.376+0000] {dag.py:3239} INFO - Sync 1 DAGs
[2026-04-20T14:14:22.386+0000] {logging_mixin.py:190} INFO - [2026-04-20T14:14:22.386+0000] {dag.py:4180} INFO - Setting next_dagrun for dag_exemplo to None, run_after=None
[2026-04-20T14:14:22.402+0000] {processor.py:208} INFO - Processing /workspaces/meu-projeto-airflow/dags/dag_exemplo.py took 0.052 seconds
[2026-04-20T14:15:43.655+0000] {processor.py:186} INFO - Started process (PID=9128) to work on /workspaces/meu-projeto-airflow/dags/dag_exemplo.py
[2026-04-20T14:15:43.656+0000] {processor.py:914} INFO - Processing file /workspaces/meu-projeto-airflow/dags/dag_exemplo.py for tasks to queue
[2026-04-20T14:15:43.658+0000] {logging_mixin.py:190} INFO - [2026-04-20T14:15:43.658+0000] {dagbag.py:588} INFO - Filling up the DagBag from /workspaces/meu-projeto-airflow/dags/dag_exemplo.py
[2026-04-20T14:15:43.664+0000] {processor.py:925} INFO - DAG(s) 'dag_exemplo' retrieved from /workspaces/meu-projeto-airflow/dags/dag_exemplo.py
[2026-04-20T14:15:43.677+0000] {logging_mixin.py:190} INFO - [2026-04-20T14:15:43.677+0000] {dag.py:3239} INFO - Sync 1 DAGs
[2026-04-20T14:15:43.687+0000] {logging_mixin.py:190} INFO - [2026-04-20T14:15:43.687+0000] {dag.py:4180} INFO - Setting next_dagrun for dag_exemplo to None, run_after=None
[2026-04-20T14:15:43.707+0000] {processor.py:208} INFO - Processing /workspaces/meu-projeto-airflow/dags/dag_exemplo.py took 0.057 seconds
