[2026-04-20T00:49:13.611+0000] {processor.py:186} INFO - Started process (PID=15181) to work on /workspaces/meu-projeto-airflow/dags/hook_dag_v2.py
[2026-04-20T00:49:13.612+0000] {processor.py:914} INFO - Processing file /workspaces/meu-projeto-airflow/dags/hook_dag_v2.py for tasks to queue
[2026-04-20T00:49:13.614+0000] {logging_mixin.py:190} INFO - [2026-04-20T00:49:13.614+0000] {dagbag.py:588} INFO - Filling up the DagBag from /workspaces/meu-projeto-airflow/dags/hook_dag_v2.py
[2026-04-20T00:49:13.622+0000] {processor.py:925} INFO - DAG(s) 'hook_dag_v2' retrieved from /workspaces/meu-projeto-airflow/dags/hook_dag_v2.py
[2026-04-20T00:49:13.648+0000] {logging_mixin.py:190} INFO - [2026-04-20T00:49:13.648+0000] {dag.py:3239} INFO - Sync 1 DAGs
[2026-04-20T00:49:13.663+0000] {logging_mixin.py:190} INFO - [2026-04-20T00:49:13.663+0000] {dag.py:4180} INFO - Setting next_dagrun for hook_dag_v2 to None, run_after=None
[2026-04-20T00:49:13.686+0000] {processor.py:208} INFO - Processing /workspaces/meu-projeto-airflow/dags/hook_dag_v2.py took 0.082 seconds
[2026-04-20T00:50:24.214+0000] {processor.py:186} INFO - Started process (PID=16719) to work on /workspaces/meu-projeto-airflow/dags/hook_dag_v2.py
[2026-04-20T00:50:24.215+0000] {processor.py:914} INFO - Processing file /workspaces/meu-projeto-airflow/dags/hook_dag_v2.py for tasks to queue
[2026-04-20T00:50:24.217+0000] {logging_mixin.py:190} INFO - [2026-04-20T00:50:24.216+0000] {dagbag.py:588} INFO - Filling up the DagBag from /workspaces/meu-projeto-airflow/dags/hook_dag_v2.py
[2026-04-20T00:50:24.222+0000] {processor.py:925} INFO - DAG(s) 'hook_dag_v2' retrieved from /workspaces/meu-projeto-airflow/dags/hook_dag_v2.py
[2026-04-20T00:50:24.233+0000] {logging_mixin.py:190} INFO - [2026-04-20T00:50:24.233+0000] {dag.py:3239} INFO - Sync 1 DAGs
[2026-04-20T00:50:24.242+0000] {logging_mixin.py:190} INFO - [2026-04-20T00:50:24.242+0000] {dag.py:4180} INFO - Setting next_dagrun for hook_dag_v2 to None, run_after=None
[2026-04-20T00:50:24.258+0000] {processor.py:208} INFO - Processing /workspaces/meu-projeto-airflow/dags/hook_dag_v2.py took 0.048 seconds
[2026-04-20T00:51:36.427+0000] {processor.py:186} INFO - Started process (PID=17961) to work on /workspaces/meu-projeto-airflow/dags/hook_dag_v2.py
[2026-04-20T00:51:36.427+0000] {processor.py:914} INFO - Processing file /workspaces/meu-projeto-airflow/dags/hook_dag_v2.py for tasks to queue
[2026-04-20T00:51:36.429+0000] {logging_mixin.py:190} INFO - [2026-04-20T00:51:36.429+0000] {dagbag.py:588} INFO - Filling up the DagBag from /workspaces/meu-projeto-airflow/dags/hook_dag_v2.py
[2026-04-20T00:51:36.434+0000] {processor.py:925} INFO - DAG(s) 'hook_dag_v2' retrieved from /workspaces/meu-projeto-airflow/dags/hook_dag_v2.py
[2026-04-20T00:51:36.446+0000] {logging_mixin.py:190} INFO - [2026-04-20T00:51:36.446+0000] {dag.py:3239} INFO - Sync 1 DAGs
[2026-04-20T00:51:36.455+0000] {logging_mixin.py:190} INFO - [2026-04-20T00:51:36.455+0000] {dag.py:4180} INFO - Setting next_dagrun for hook_dag_v2 to None, run_after=None
[2026-04-20T00:51:36.472+0000] {processor.py:208} INFO - Processing /workspaces/meu-projeto-airflow/dags/hook_dag_v2.py took 0.049 seconds
[2026-04-20T00:52:17.265+0000] {processor.py:186} INFO - Started process (PID=18765) to work on /workspaces/meu-projeto-airflow/dags/hook_dag_v2.py
[2026-04-20T00:52:17.267+0000] {processor.py:914} INFO - Processing file /workspaces/meu-projeto-airflow/dags/hook_dag_v2.py for tasks to queue
[2026-04-20T00:52:17.270+0000] {logging_mixin.py:190} INFO - [2026-04-20T00:52:17.270+0000] {dagbag.py:588} INFO - Filling up the DagBag from /workspaces/meu-projeto-airflow/dags/hook_dag_v2.py
[2026-04-20T00:52:17.278+0000] {processor.py:925} INFO - DAG(s) 'hook_dag_v2' retrieved from /workspaces/meu-projeto-airflow/dags/hook_dag_v2.py
[2026-04-20T00:52:17.297+0000] {logging_mixin.py:190} INFO - [2026-04-20T00:52:17.297+0000] {dag.py:3239} INFO - Sync 1 DAGs
[2026-04-20T00:52:17.313+0000] {logging_mixin.py:190} INFO - [2026-04-20T00:52:17.313+0000] {dag.py:4180} INFO - Setting next_dagrun for hook_dag_v2 to None, run_after=None
[2026-04-20T00:52:17.338+0000] {processor.py:208} INFO - Processing /workspaces/meu-projeto-airflow/dags/hook_dag_v2.py took 0.077 seconds
[2026-04-20T00:53:36.142+0000] {processor.py:186} INFO - Started process (PID=19942) to work on /workspaces/meu-projeto-airflow/dags/hook_dag_v2.py
[2026-04-20T00:53:36.143+0000] {processor.py:914} INFO - Processing file /workspaces/meu-projeto-airflow/dags/hook_dag_v2.py for tasks to queue
[2026-04-20T00:53:36.145+0000] {logging_mixin.py:190} INFO - [2026-04-20T00:53:36.144+0000] {dagbag.py:588} INFO - Filling up the DagBag from /workspaces/meu-projeto-airflow/dags/hook_dag_v2.py
[2026-04-20T00:53:36.150+0000] {processor.py:925} INFO - DAG(s) 'hook_dag_v2' retrieved from /workspaces/meu-projeto-airflow/dags/hook_dag_v2.py
[2026-04-20T00:53:36.161+0000] {logging_mixin.py:190} INFO - [2026-04-20T00:53:36.161+0000] {dag.py:3239} INFO - Sync 1 DAGs
[2026-04-20T00:53:36.171+0000] {logging_mixin.py:190} INFO - [2026-04-20T00:53:36.170+0000] {dag.py:4180} INFO - Setting next_dagrun for hook_dag_v2 to None, run_after=None
[2026-04-20T00:53:36.188+0000] {processor.py:208} INFO - Processing /workspaces/meu-projeto-airflow/dags/hook_dag_v2.py took 0.050 seconds
[2026-04-20T00:54:16.410+0000] {processor.py:186} INFO - Started process (PID=20544) to work on /workspaces/meu-projeto-airflow/dags/hook_dag_v2.py
[2026-04-20T00:54:16.411+0000] {processor.py:914} INFO - Processing file /workspaces/meu-projeto-airflow/dags/hook_dag_v2.py for tasks to queue
[2026-04-20T00:54:16.413+0000] {logging_mixin.py:190} INFO - [2026-04-20T00:54:16.412+0000] {dagbag.py:588} INFO - Filling up the DagBag from /workspaces/meu-projeto-airflow/dags/hook_dag_v2.py
[2026-04-20T00:54:16.418+0000] {processor.py:925} INFO - DAG(s) 'hook_dag_v2' retrieved from /workspaces/meu-projeto-airflow/dags/hook_dag_v2.py
[2026-04-20T00:54:16.429+0000] {logging_mixin.py:190} INFO - [2026-04-20T00:54:16.429+0000] {dag.py:3239} INFO - Sync 1 DAGs
[2026-04-20T00:54:16.440+0000] {logging_mixin.py:190} INFO - [2026-04-20T00:54:16.440+0000] {dag.py:4180} INFO - Setting next_dagrun for hook_dag_v2 to None, run_after=None
[2026-04-20T00:54:16.455+0000] {processor.py:208} INFO - Processing /workspaces/meu-projeto-airflow/dags/hook_dag_v2.py took 0.049 seconds
[2026-04-20T00:54:56.804+0000] {processor.py:186} INFO - Started process (PID=20928) to work on /workspaces/meu-projeto-airflow/dags/hook_dag_v2.py
[2026-04-20T00:54:56.804+0000] {processor.py:914} INFO - Processing file /workspaces/meu-projeto-airflow/dags/hook_dag_v2.py for tasks to queue
[2026-04-20T00:54:56.806+0000] {logging_mixin.py:190} INFO - [2026-04-20T00:54:56.806+0000] {dagbag.py:588} INFO - Filling up the DagBag from /workspaces/meu-projeto-airflow/dags/hook_dag_v2.py
[2026-04-20T00:54:56.812+0000] {processor.py:925} INFO - DAG(s) 'hook_dag_v2' retrieved from /workspaces/meu-projeto-airflow/dags/hook_dag_v2.py
[2026-04-20T00:54:56.824+0000] {logging_mixin.py:190} INFO - [2026-04-20T00:54:56.824+0000] {dag.py:3239} INFO - Sync 1 DAGs
[2026-04-20T00:54:56.834+0000] {logging_mixin.py:190} INFO - [2026-04-20T00:54:56.834+0000] {dag.py:4180} INFO - Setting next_dagrun for hook_dag_v2 to None, run_after=None
[2026-04-20T00:54:56.849+0000] {processor.py:208} INFO - Processing /workspaces/meu-projeto-airflow/dags/hook_dag_v2.py took 0.050 seconds
[2026-04-20T00:56:11.969+0000] {processor.py:186} INFO - Started process (PID=21768) to work on /workspaces/meu-projeto-airflow/dags/hook_dag_v2.py
[2026-04-20T00:56:11.970+0000] {processor.py:914} INFO - Processing file /workspaces/meu-projeto-airflow/dags/hook_dag_v2.py for tasks to queue
[2026-04-20T00:56:11.972+0000] {logging_mixin.py:190} INFO - [2026-04-20T00:56:11.972+0000] {dagbag.py:588} INFO - Filling up the DagBag from /workspaces/meu-projeto-airflow/dags/hook_dag_v2.py
[2026-04-20T00:56:11.977+0000] {processor.py:925} INFO - DAG(s) 'hook_dag_v2' retrieved from /workspaces/meu-projeto-airflow/dags/hook_dag_v2.py
[2026-04-20T00:56:11.989+0000] {logging_mixin.py:190} INFO - [2026-04-20T00:56:11.989+0000] {dag.py:3239} INFO - Sync 1 DAGs
[2026-04-20T00:56:11.999+0000] {logging_mixin.py:190} INFO - [2026-04-20T00:56:11.999+0000] {dag.py:4180} INFO - Setting next_dagrun for hook_dag_v2 to None, run_after=None
[2026-04-20T00:56:12.015+0000] {processor.py:208} INFO - Processing /workspaces/meu-projeto-airflow/dags/hook_dag_v2.py took 0.050 seconds
[2026-04-20T00:57:27.458+0000] {processor.py:186} INFO - Started process (PID=22663) to work on /workspaces/meu-projeto-airflow/dags/hook_dag_v2.py
[2026-04-20T00:57:27.459+0000] {processor.py:914} INFO - Processing file /workspaces/meu-projeto-airflow/dags/hook_dag_v2.py for tasks to queue
[2026-04-20T00:57:27.461+0000] {logging_mixin.py:190} INFO - [2026-04-20T00:57:27.460+0000] {dagbag.py:588} INFO - Filling up the DagBag from /workspaces/meu-projeto-airflow/dags/hook_dag_v2.py
[2026-04-20T00:57:27.466+0000] {processor.py:925} INFO - DAG(s) 'hook_dag_v2' retrieved from /workspaces/meu-projeto-airflow/dags/hook_dag_v2.py
[2026-04-20T00:57:27.482+0000] {logging_mixin.py:190} INFO - [2026-04-20T00:57:27.481+0000] {dag.py:3239} INFO - Sync 1 DAGs
[2026-04-20T00:57:27.492+0000] {logging_mixin.py:190} INFO - [2026-04-20T00:57:27.492+0000] {dag.py:4180} INFO - Setting next_dagrun for hook_dag_v2 to None, run_after=None
[2026-04-20T00:57:27.509+0000] {processor.py:208} INFO - Processing /workspaces/meu-projeto-airflow/dags/hook_dag_v2.py took 0.055 seconds
[2026-04-20T00:58:41.509+0000] {processor.py:186} INFO - Started process (PID=23434) to work on /workspaces/meu-projeto-airflow/dags/hook_dag_v2.py
[2026-04-20T00:58:41.510+0000] {processor.py:914} INFO - Processing file /workspaces/meu-projeto-airflow/dags/hook_dag_v2.py for tasks to queue
[2026-04-20T00:58:41.512+0000] {logging_mixin.py:190} INFO - [2026-04-20T00:58:41.512+0000] {dagbag.py:588} INFO - Filling up the DagBag from /workspaces/meu-projeto-airflow/dags/hook_dag_v2.py
[2026-04-20T00:58:41.518+0000] {processor.py:925} INFO - DAG(s) 'hook_dag_v2' retrieved from /workspaces/meu-projeto-airflow/dags/hook_dag_v2.py
[2026-04-20T00:58:41.530+0000] {logging_mixin.py:190} INFO - [2026-04-20T00:58:41.529+0000] {dag.py:3239} INFO - Sync 1 DAGs
[2026-04-20T00:58:41.546+0000] {logging_mixin.py:190} INFO - [2026-04-20T00:58:41.546+0000] {dag.py:4180} INFO - Setting next_dagrun for hook_dag_v2 to None, run_after=None
[2026-04-20T00:58:41.569+0000] {processor.py:208} INFO - Processing /workspaces/meu-projeto-airflow/dags/hook_dag_v2.py took 0.064 seconds
[2026-04-20T00:59:24.210+0000] {processor.py:186} INFO - Started process (PID=24038) to work on /workspaces/meu-projeto-airflow/dags/hook_dag_v2.py
[2026-04-20T00:59:24.211+0000] {processor.py:914} INFO - Processing file /workspaces/meu-projeto-airflow/dags/hook_dag_v2.py for tasks to queue
[2026-04-20T00:59:24.213+0000] {logging_mixin.py:190} INFO - [2026-04-20T00:59:24.212+0000] {dagbag.py:588} INFO - Filling up the DagBag from /workspaces/meu-projeto-airflow/dags/hook_dag_v2.py
[2026-04-20T00:59:24.218+0000] {processor.py:925} INFO - DAG(s) 'hook_dag_v2' retrieved from /workspaces/meu-projeto-airflow/dags/hook_dag_v2.py
[2026-04-20T00:59:24.230+0000] {logging_mixin.py:190} INFO - [2026-04-20T00:59:24.229+0000] {dag.py:3239} INFO - Sync 1 DAGs
[2026-04-20T00:59:24.240+0000] {logging_mixin.py:190} INFO - [2026-04-20T00:59:24.239+0000] {dag.py:4180} INFO - Setting next_dagrun for hook_dag_v2 to None, run_after=None
[2026-04-20T00:59:24.256+0000] {processor.py:208} INFO - Processing /workspaces/meu-projeto-airflow/dags/hook_dag_v2.py took 0.049 seconds
[2026-04-20T01:00:04.973+0000] {processor.py:186} INFO - Started process (PID=24528) to work on /workspaces/meu-projeto-airflow/dags/hook_dag_v2.py
[2026-04-20T01:00:04.973+0000] {processor.py:914} INFO - Processing file /workspaces/meu-projeto-airflow/dags/hook_dag_v2.py for tasks to queue
[2026-04-20T01:00:04.975+0000] {logging_mixin.py:190} INFO - [2026-04-20T01:00:04.975+0000] {dagbag.py:588} INFO - Filling up the DagBag from /workspaces/meu-projeto-airflow/dags/hook_dag_v2.py
[2026-04-20T01:00:04.981+0000] {processor.py:925} INFO - DAG(s) 'hook_dag_v2' retrieved from /workspaces/meu-projeto-airflow/dags/hook_dag_v2.py
[2026-04-20T01:00:04.993+0000] {logging_mixin.py:190} INFO - [2026-04-20T01:00:04.992+0000] {dag.py:3239} INFO - Sync 1 DAGs
[2026-04-20T01:00:05.003+0000] {logging_mixin.py:190} INFO - [2026-04-20T01:00:05.002+0000] {dag.py:4180} INFO - Setting next_dagrun for hook_dag_v2 to None, run_after=None
[2026-04-20T01:00:05.018+0000] {processor.py:208} INFO - Processing /workspaces/meu-projeto-airflow/dags/hook_dag_v2.py took 0.050 seconds
[2026-04-20T01:01:18.836+0000] {processor.py:186} INFO - Started process (PID=25333) to work on /workspaces/meu-projeto-airflow/dags/hook_dag_v2.py
[2026-04-20T01:01:18.837+0000] {processor.py:914} INFO - Processing file /workspaces/meu-projeto-airflow/dags/hook_dag_v2.py for tasks to queue
[2026-04-20T01:01:18.839+0000] {logging_mixin.py:190} INFO - [2026-04-20T01:01:18.838+0000] {dagbag.py:588} INFO - Filling up the DagBag from /workspaces/meu-projeto-airflow/dags/hook_dag_v2.py
[2026-04-20T01:01:18.844+0000] {processor.py:925} INFO - DAG(s) 'hook_dag_v2' retrieved from /workspaces/meu-projeto-airflow/dags/hook_dag_v2.py
[2026-04-20T01:01:18.855+0000] {logging_mixin.py:190} INFO - [2026-04-20T01:01:18.855+0000] {dag.py:3239} INFO - Sync 1 DAGs
[2026-04-20T01:01:18.865+0000] {logging_mixin.py:190} INFO - [2026-04-20T01:01:18.865+0000] {dag.py:4180} INFO - Setting next_dagrun for hook_dag_v2 to None, run_after=None
[2026-04-20T01:01:18.881+0000] {processor.py:208} INFO - Processing /workspaces/meu-projeto-airflow/dags/hook_dag_v2.py took 0.049 seconds
[2026-04-20T01:02:31.116+0000] {processor.py:186} INFO - Started process (PID=26150) to work on /workspaces/meu-projeto-airflow/dags/hook_dag_v2.py
[2026-04-20T01:02:31.117+0000] {processor.py:914} INFO - Processing file /workspaces/meu-projeto-airflow/dags/hook_dag_v2.py for tasks to queue
[2026-04-20T01:02:31.119+0000] {logging_mixin.py:190} INFO - [2026-04-20T01:02:31.119+0000] {dagbag.py:588} INFO - Filling up the DagBag from /workspaces/meu-projeto-airflow/dags/hook_dag_v2.py
[2026-04-20T01:02:31.124+0000] {processor.py:925} INFO - DAG(s) 'hook_dag_v2' retrieved from /workspaces/meu-projeto-airflow/dags/hook_dag_v2.py
[2026-04-20T01:02:31.136+0000] {logging_mixin.py:190} INFO - [2026-04-20T01:02:31.136+0000] {dag.py:3239} INFO - Sync 1 DAGs
[2026-04-20T01:02:31.145+0000] {logging_mixin.py:190} INFO - [2026-04-20T01:02:31.145+0000] {dag.py:4180} INFO - Setting next_dagrun for hook_dag_v2 to None, run_after=None
[2026-04-20T01:02:31.161+0000] {processor.py:208} INFO - Processing /workspaces/meu-projeto-airflow/dags/hook_dag_v2.py took 0.049 seconds
[2026-04-20T01:03:45.617+0000] {processor.py:186} INFO - Started process (PID=26915) to work on /workspaces/meu-projeto-airflow/dags/hook_dag_v2.py
[2026-04-20T01:03:45.617+0000] {processor.py:914} INFO - Processing file /workspaces/meu-projeto-airflow/dags/hook_dag_v2.py for tasks to queue
[2026-04-20T01:03:45.619+0000] {logging_mixin.py:190} INFO - [2026-04-20T01:03:45.619+0000] {dagbag.py:588} INFO - Filling up the DagBag from /workspaces/meu-projeto-airflow/dags/hook_dag_v2.py
[2026-04-20T01:03:45.625+0000] {processor.py:925} INFO - DAG(s) 'hook_dag_v2' retrieved from /workspaces/meu-projeto-airflow/dags/hook_dag_v2.py
[2026-04-20T01:03:45.636+0000] {logging_mixin.py:190} INFO - [2026-04-20T01:03:45.635+0000] {dag.py:3239} INFO - Sync 1 DAGs
[2026-04-20T01:03:45.645+0000] {logging_mixin.py:190} INFO - [2026-04-20T01:03:45.645+0000] {dag.py:4180} INFO - Setting next_dagrun for hook_dag_v2 to None, run_after=None
[2026-04-20T01:03:45.660+0000] {processor.py:208} INFO - Processing /workspaces/meu-projeto-airflow/dags/hook_dag_v2.py took 0.048 seconds
[2026-04-20T01:05:01.031+0000] {processor.py:186} INFO - Started process (PID=27768) to work on /workspaces/meu-projeto-airflow/dags/hook_dag_v2.py
[2026-04-20T01:05:01.032+0000] {processor.py:914} INFO - Processing file /workspaces/meu-projeto-airflow/dags/hook_dag_v2.py for tasks to queue
[2026-04-20T01:05:01.034+0000] {logging_mixin.py:190} INFO - [2026-04-20T01:05:01.034+0000] {dagbag.py:588} INFO - Filling up the DagBag from /workspaces/meu-projeto-airflow/dags/hook_dag_v2.py
[2026-04-20T01:05:01.040+0000] {processor.py:925} INFO - DAG(s) 'hook_dag_v2' retrieved from /workspaces/meu-projeto-airflow/dags/hook_dag_v2.py
[2026-04-20T01:05:01.051+0000] {logging_mixin.py:190} INFO - [2026-04-20T01:05:01.051+0000] {dag.py:3239} INFO - Sync 1 DAGs
[2026-04-20T01:05:01.061+0000] {logging_mixin.py:190} INFO - [2026-04-20T01:05:01.061+0000] {dag.py:4180} INFO - Setting next_dagrun for hook_dag_v2 to None, run_after=None
[2026-04-20T01:05:01.077+0000] {processor.py:208} INFO - Processing /workspaces/meu-projeto-airflow/dags/hook_dag_v2.py took 0.050 seconds
[2026-04-20T01:05:41.619+0000] {processor.py:186} INFO - Started process (PID=28508) to work on /workspaces/meu-projeto-airflow/dags/hook_dag_v2.py
[2026-04-20T01:05:41.619+0000] {processor.py:914} INFO - Processing file /workspaces/meu-projeto-airflow/dags/hook_dag_v2.py for tasks to queue
[2026-04-20T01:05:41.621+0000] {logging_mixin.py:190} INFO - [2026-04-20T01:05:41.621+0000] {dagbag.py:588} INFO - Filling up the DagBag from /workspaces/meu-projeto-airflow/dags/hook_dag_v2.py
[2026-04-20T01:05:41.627+0000] {processor.py:925} INFO - DAG(s) 'hook_dag_v2' retrieved from /workspaces/meu-projeto-airflow/dags/hook_dag_v2.py
[2026-04-20T01:05:41.638+0000] {logging_mixin.py:190} INFO - [2026-04-20T01:05:41.638+0000] {dag.py:3239} INFO - Sync 1 DAGs
[2026-04-20T01:05:41.647+0000] {logging_mixin.py:190} INFO - [2026-04-20T01:05:41.647+0000] {dag.py:4180} INFO - Setting next_dagrun for hook_dag_v2 to None, run_after=None
[2026-04-20T01:05:41.664+0000] {processor.py:208} INFO - Processing /workspaces/meu-projeto-airflow/dags/hook_dag_v2.py took 0.049 seconds
[2026-04-20T01:06:22.765+0000] {processor.py:186} INFO - Started process (PID=29010) to work on /workspaces/meu-projeto-airflow/dags/hook_dag_v2.py
[2026-04-20T01:06:22.766+0000] {processor.py:914} INFO - Processing file /workspaces/meu-projeto-airflow/dags/hook_dag_v2.py for tasks to queue
[2026-04-20T01:06:22.767+0000] {logging_mixin.py:190} INFO - [2026-04-20T01:06:22.766+0000] {dagbag.py:588} INFO - Filling up the DagBag from /workspaces/meu-projeto-airflow/dags/hook_dag_v2.py
[2026-04-20T01:06:22.772+0000] {processor.py:925} INFO - DAG(s) 'hook_dag_v2' retrieved from /workspaces/meu-projeto-airflow/dags/hook_dag_v2.py
[2026-04-20T01:06:22.784+0000] {logging_mixin.py:190} INFO - [2026-04-20T01:06:22.784+0000] {dag.py:3239} INFO - Sync 1 DAGs
[2026-04-20T01:06:22.794+0000] {logging_mixin.py:190} INFO - [2026-04-20T01:06:22.794+0000] {dag.py:4180} INFO - Setting next_dagrun for hook_dag_v2 to None, run_after=None
[2026-04-20T01:06:22.810+0000] {processor.py:208} INFO - Processing /workspaces/meu-projeto-airflow/dags/hook_dag_v2.py took 0.049 seconds
[2026-04-20T01:07:03.344+0000] {processor.py:186} INFO - Started process (PID=29408) to work on /workspaces/meu-projeto-airflow/dags/hook_dag_v2.py
[2026-04-20T01:07:03.344+0000] {processor.py:914} INFO - Processing file /workspaces/meu-projeto-airflow/dags/hook_dag_v2.py for tasks to queue
[2026-04-20T01:07:03.345+0000] {logging_mixin.py:190} INFO - [2026-04-20T01:07:03.345+0000] {dagbag.py:588} INFO - Filling up the DagBag from /workspaces/meu-projeto-airflow/dags/hook_dag_v2.py
[2026-04-20T01:07:03.351+0000] {processor.py:925} INFO - DAG(s) 'hook_dag_v2' retrieved from /workspaces/meu-projeto-airflow/dags/hook_dag_v2.py
[2026-04-20T01:07:03.362+0000] {logging_mixin.py:190} INFO - [2026-04-20T01:07:03.362+0000] {dag.py:3239} INFO - Sync 1 DAGs
[2026-04-20T01:07:03.373+0000] {logging_mixin.py:190} INFO - [2026-04-20T01:07:03.373+0000] {dag.py:4180} INFO - Setting next_dagrun for hook_dag_v2 to None, run_after=None
[2026-04-20T01:07:03.390+0000] {processor.py:208} INFO - Processing /workspaces/meu-projeto-airflow/dags/hook_dag_v2.py took 0.051 seconds
[2026-04-20T01:07:43.236+0000] {processor.py:186} INFO - Started process (PID=30035) to work on /workspaces/meu-projeto-airflow/dags/hook_dag_v2.py
[2026-04-20T01:07:43.236+0000] {processor.py:914} INFO - Processing file /workspaces/meu-projeto-airflow/dags/hook_dag_v2.py for tasks to queue
[2026-04-20T01:07:43.237+0000] {logging_mixin.py:190} INFO - [2026-04-20T01:07:43.237+0000] {dagbag.py:588} INFO - Filling up the DagBag from /workspaces/meu-projeto-airflow/dags/hook_dag_v2.py
[2026-04-20T01:07:43.245+0000] {processor.py:925} INFO - DAG(s) 'hook_dag_v2' retrieved from /workspaces/meu-projeto-airflow/dags/hook_dag_v2.py
[2026-04-20T01:07:43.263+0000] {logging_mixin.py:190} INFO - [2026-04-20T01:07:43.263+0000] {dag.py:3239} INFO - Sync 1 DAGs
[2026-04-20T01:07:43.274+0000] {logging_mixin.py:190} INFO - [2026-04-20T01:07:43.274+0000] {dag.py:4180} INFO - Setting next_dagrun for hook_dag_v2 to None, run_after=None
[2026-04-20T01:07:43.301+0000] {processor.py:208} INFO - Processing /workspaces/meu-projeto-airflow/dags/hook_dag_v2.py took 0.069 seconds
[2026-04-20T01:08:56.697+0000] {processor.py:186} INFO - Started process (PID=30873) to work on /workspaces/meu-projeto-airflow/dags/hook_dag_v2.py
[2026-04-20T01:08:56.697+0000] {processor.py:914} INFO - Processing file /workspaces/meu-projeto-airflow/dags/hook_dag_v2.py for tasks to queue
[2026-04-20T01:08:56.698+0000] {logging_mixin.py:190} INFO - [2026-04-20T01:08:56.698+0000] {dagbag.py:588} INFO - Filling up the DagBag from /workspaces/meu-projeto-airflow/dags/hook_dag_v2.py
[2026-04-20T01:08:56.705+0000] {processor.py:925} INFO - DAG(s) 'hook_dag_v2' retrieved from /workspaces/meu-projeto-airflow/dags/hook_dag_v2.py
[2026-04-20T01:08:56.717+0000] {logging_mixin.py:190} INFO - [2026-04-20T01:08:56.716+0000] {dag.py:3239} INFO - Sync 1 DAGs
[2026-04-20T01:08:56.727+0000] {logging_mixin.py:190} INFO - [2026-04-20T01:08:56.727+0000] {dag.py:4180} INFO - Setting next_dagrun for hook_dag_v2 to None, run_after=None
[2026-04-20T01:08:56.743+0000] {processor.py:208} INFO - Processing /workspaces/meu-projeto-airflow/dags/hook_dag_v2.py took 0.051 seconds
[2026-04-20T01:10:18.484+0000] {processor.py:186} INFO - Started process (PID=32134) to work on /workspaces/meu-projeto-airflow/dags/hook_dag_v2.py
[2026-04-20T01:10:18.485+0000] {processor.py:914} INFO - Processing file /workspaces/meu-projeto-airflow/dags/hook_dag_v2.py for tasks to queue
[2026-04-20T01:10:18.486+0000] {logging_mixin.py:190} INFO - [2026-04-20T01:10:18.485+0000] {dagbag.py:588} INFO - Filling up the DagBag from /workspaces/meu-projeto-airflow/dags/hook_dag_v2.py
[2026-04-20T01:10:18.492+0000] {processor.py:925} INFO - DAG(s) 'hook_dag_v2' retrieved from /workspaces/meu-projeto-airflow/dags/hook_dag_v2.py
[2026-04-20T01:10:18.503+0000] {logging_mixin.py:190} INFO - [2026-04-20T01:10:18.503+0000] {dag.py:3239} INFO - Sync 1 DAGs
[2026-04-20T01:10:18.515+0000] {logging_mixin.py:190} INFO - [2026-04-20T01:10:18.515+0000] {dag.py:4180} INFO - Setting next_dagrun for hook_dag_v2 to None, run_after=None
[2026-04-20T01:10:18.531+0000] {processor.py:208} INFO - Processing /workspaces/meu-projeto-airflow/dags/hook_dag_v2.py took 0.052 seconds
[2026-04-20T01:11:02.603+0000] {processor.py:186} INFO - Started process (PID=32770) to work on /workspaces/meu-projeto-airflow/dags/hook_dag_v2.py
[2026-04-20T01:11:02.603+0000] {processor.py:914} INFO - Processing file /workspaces/meu-projeto-airflow/dags/hook_dag_v2.py for tasks to queue
[2026-04-20T01:11:02.605+0000] {logging_mixin.py:190} INFO - [2026-04-20T01:11:02.604+0000] {dagbag.py:588} INFO - Filling up the DagBag from /workspaces/meu-projeto-airflow/dags/hook_dag_v2.py
[2026-04-20T01:11:02.614+0000] {processor.py:925} INFO - DAG(s) 'hook_dag_v2' retrieved from /workspaces/meu-projeto-airflow/dags/hook_dag_v2.py
[2026-04-20T01:11:02.633+0000] {logging_mixin.py:190} INFO - [2026-04-20T01:11:02.632+0000] {dag.py:3239} INFO - Sync 1 DAGs
[2026-04-20T01:11:02.651+0000] {logging_mixin.py:190} INFO - [2026-04-20T01:11:02.651+0000] {dag.py:4180} INFO - Setting next_dagrun for hook_dag_v2 to None, run_after=None
[2026-04-20T01:11:02.676+0000] {processor.py:208} INFO - Processing /workspaces/meu-projeto-airflow/dags/hook_dag_v2.py took 0.078 seconds
[2026-04-20T01:12:17.181+0000] {processor.py:186} INFO - Started process (PID=33573) to work on /workspaces/meu-projeto-airflow/dags/hook_dag_v2.py
[2026-04-20T01:12:17.181+0000] {processor.py:914} INFO - Processing file /workspaces/meu-projeto-airflow/dags/hook_dag_v2.py for tasks to queue
[2026-04-20T01:12:17.183+0000] {logging_mixin.py:190} INFO - [2026-04-20T01:12:17.182+0000] {dagbag.py:588} INFO - Filling up the DagBag from /workspaces/meu-projeto-airflow/dags/hook_dag_v2.py
[2026-04-20T01:12:17.188+0000] {processor.py:925} INFO - DAG(s) 'hook_dag_v2' retrieved from /workspaces/meu-projeto-airflow/dags/hook_dag_v2.py
[2026-04-20T01:12:17.199+0000] {logging_mixin.py:190} INFO - [2026-04-20T01:12:17.199+0000] {dag.py:3239} INFO - Sync 1 DAGs
[2026-04-20T01:12:17.210+0000] {logging_mixin.py:190} INFO - [2026-04-20T01:12:17.209+0000] {dag.py:4180} INFO - Setting next_dagrun for hook_dag_v2 to None, run_after=None
[2026-04-20T01:12:17.225+0000] {processor.py:208} INFO - Processing /workspaces/meu-projeto-airflow/dags/hook_dag_v2.py took 0.049 seconds
[2026-04-20T01:13:33.212+0000] {processor.py:186} INFO - Started process (PID=34350) to work on /workspaces/meu-projeto-airflow/dags/hook_dag_v2.py
[2026-04-20T01:13:33.212+0000] {processor.py:914} INFO - Processing file /workspaces/meu-projeto-airflow/dags/hook_dag_v2.py for tasks to queue
[2026-04-20T01:13:33.213+0000] {logging_mixin.py:190} INFO - [2026-04-20T01:13:33.213+0000] {dagbag.py:588} INFO - Filling up the DagBag from /workspaces/meu-projeto-airflow/dags/hook_dag_v2.py
[2026-04-20T01:13:33.219+0000] {processor.py:925} INFO - DAG(s) 'hook_dag_v2' retrieved from /workspaces/meu-projeto-airflow/dags/hook_dag_v2.py
[2026-04-20T01:13:33.230+0000] {logging_mixin.py:190} INFO - [2026-04-20T01:13:33.230+0000] {dag.py:3239} INFO - Sync 1 DAGs
[2026-04-20T01:13:33.240+0000] {logging_mixin.py:190} INFO - [2026-04-20T01:13:33.240+0000] {dag.py:4180} INFO - Setting next_dagrun for hook_dag_v2 to None, run_after=None
[2026-04-20T01:13:33.256+0000] {processor.py:208} INFO - Processing /workspaces/meu-projeto-airflow/dags/hook_dag_v2.py took 0.050 seconds
[2026-04-20T01:14:48.558+0000] {processor.py:186} INFO - Started process (PID=35109) to work on /workspaces/meu-projeto-airflow/dags/hook_dag_v2.py
[2026-04-20T01:14:48.559+0000] {processor.py:914} INFO - Processing file /workspaces/meu-projeto-airflow/dags/hook_dag_v2.py for tasks to queue
[2026-04-20T01:14:48.560+0000] {logging_mixin.py:190} INFO - [2026-04-20T01:14:48.560+0000] {dagbag.py:588} INFO - Filling up the DagBag from /workspaces/meu-projeto-airflow/dags/hook_dag_v2.py
[2026-04-20T01:14:48.566+0000] {processor.py:925} INFO - DAG(s) 'hook_dag_v2' retrieved from /workspaces/meu-projeto-airflow/dags/hook_dag_v2.py
[2026-04-20T01:14:48.577+0000] {logging_mixin.py:190} INFO - [2026-04-20T01:14:48.576+0000] {dag.py:3239} INFO - Sync 1 DAGs
[2026-04-20T01:14:48.586+0000] {logging_mixin.py:190} INFO - [2026-04-20T01:14:48.586+0000] {dag.py:4180} INFO - Setting next_dagrun for hook_dag_v2 to None, run_after=None
[2026-04-20T01:14:48.602+0000] {processor.py:208} INFO - Processing /workspaces/meu-projeto-airflow/dags/hook_dag_v2.py took 0.048 seconds
[2026-04-20T01:16:04.180+0000] {processor.py:186} INFO - Started process (PID=35890) to work on /workspaces/meu-projeto-airflow/dags/hook_dag_v2.py
[2026-04-20T01:16:04.180+0000] {processor.py:914} INFO - Processing file /workspaces/meu-projeto-airflow/dags/hook_dag_v2.py for tasks to queue
[2026-04-20T01:16:04.182+0000] {logging_mixin.py:190} INFO - [2026-04-20T01:16:04.182+0000] {dagbag.py:588} INFO - Filling up the DagBag from /workspaces/meu-projeto-airflow/dags/hook_dag_v2.py
[2026-04-20T01:16:04.187+0000] {processor.py:925} INFO - DAG(s) 'hook_dag_v2' retrieved from /workspaces/meu-projeto-airflow/dags/hook_dag_v2.py
[2026-04-20T01:16:04.200+0000] {logging_mixin.py:190} INFO - [2026-04-20T01:16:04.199+0000] {dag.py:3239} INFO - Sync 1 DAGs
[2026-04-20T01:16:04.210+0000] {logging_mixin.py:190} INFO - [2026-04-20T01:16:04.210+0000] {dag.py:4180} INFO - Setting next_dagrun for hook_dag_v2 to None, run_after=None
[2026-04-20T01:16:04.229+0000] {processor.py:208} INFO - Processing /workspaces/meu-projeto-airflow/dags/hook_dag_v2.py took 0.054 seconds
[2026-04-20T01:17:21.519+0000] {processor.py:186} INFO - Started process (PID=36713) to work on /workspaces/meu-projeto-airflow/dags/hook_dag_v2.py
[2026-04-20T01:17:21.519+0000] {processor.py:914} INFO - Processing file /workspaces/meu-projeto-airflow/dags/hook_dag_v2.py for tasks to queue
[2026-04-20T01:17:21.521+0000] {logging_mixin.py:190} INFO - [2026-04-20T01:17:21.520+0000] {dagbag.py:588} INFO - Filling up the DagBag from /workspaces/meu-projeto-airflow/dags/hook_dag_v2.py
[2026-04-20T01:17:21.526+0000] {processor.py:925} INFO - DAG(s) 'hook_dag_v2' retrieved from /workspaces/meu-projeto-airflow/dags/hook_dag_v2.py
[2026-04-20T01:17:21.537+0000] {logging_mixin.py:190} INFO - [2026-04-20T01:17:21.537+0000] {dag.py:3239} INFO - Sync 1 DAGs
[2026-04-20T01:17:21.547+0000] {logging_mixin.py:190} INFO - [2026-04-20T01:17:21.547+0000] {dag.py:4180} INFO - Setting next_dagrun for hook_dag_v2 to None, run_after=None
[2026-04-20T01:17:21.563+0000] {processor.py:208} INFO - Processing /workspaces/meu-projeto-airflow/dags/hook_dag_v2.py took 0.049 seconds
[2026-04-20T01:18:39.923+0000] {processor.py:186} INFO - Started process (PID=37498) to work on /workspaces/meu-projeto-airflow/dags/hook_dag_v2.py
[2026-04-20T01:18:39.924+0000] {processor.py:914} INFO - Processing file /workspaces/meu-projeto-airflow/dags/hook_dag_v2.py for tasks to queue
[2026-04-20T01:18:39.925+0000] {logging_mixin.py:190} INFO - [2026-04-20T01:18:39.925+0000] {dagbag.py:588} INFO - Filling up the DagBag from /workspaces/meu-projeto-airflow/dags/hook_dag_v2.py
[2026-04-20T01:18:39.931+0000] {processor.py:925} INFO - DAG(s) 'hook_dag_v2' retrieved from /workspaces/meu-projeto-airflow/dags/hook_dag_v2.py
[2026-04-20T01:18:39.942+0000] {logging_mixin.py:190} INFO - [2026-04-20T01:18:39.942+0000] {dag.py:3239} INFO - Sync 1 DAGs
[2026-04-20T01:18:39.952+0000] {logging_mixin.py:190} INFO - [2026-04-20T01:18:39.952+0000] {dag.py:4180} INFO - Setting next_dagrun for hook_dag_v2 to None, run_after=None
[2026-04-20T01:18:39.967+0000] {processor.py:208} INFO - Processing /workspaces/meu-projeto-airflow/dags/hook_dag_v2.py took 0.048 seconds
[2026-04-20T01:19:53.100+0000] {processor.py:186} INFO - Started process (PID=38301) to work on /workspaces/meu-projeto-airflow/dags/hook_dag_v2.py
[2026-04-20T01:19:53.101+0000] {processor.py:914} INFO - Processing file /workspaces/meu-projeto-airflow/dags/hook_dag_v2.py for tasks to queue
[2026-04-20T01:19:53.102+0000] {logging_mixin.py:190} INFO - [2026-04-20T01:19:53.101+0000] {dagbag.py:588} INFO - Filling up the DagBag from /workspaces/meu-projeto-airflow/dags/hook_dag_v2.py
[2026-04-20T01:19:53.107+0000] {processor.py:925} INFO - DAG(s) 'hook_dag_v2' retrieved from /workspaces/meu-projeto-airflow/dags/hook_dag_v2.py
[2026-04-20T01:19:53.119+0000] {logging_mixin.py:190} INFO - [2026-04-20T01:19:53.118+0000] {dag.py:3239} INFO - Sync 1 DAGs
[2026-04-20T01:19:53.129+0000] {logging_mixin.py:190} INFO - [2026-04-20T01:19:53.128+0000] {dag.py:4180} INFO - Setting next_dagrun for hook_dag_v2 to None, run_after=None
[2026-04-20T01:19:53.147+0000] {processor.py:208} INFO - Processing /workspaces/meu-projeto-airflow/dags/hook_dag_v2.py took 0.052 seconds
[2026-04-20T01:21:10.134+0000] {processor.py:186} INFO - Started process (PID=39116) to work on /workspaces/meu-projeto-airflow/dags/hook_dag_v2.py
[2026-04-20T01:21:10.135+0000] {processor.py:914} INFO - Processing file /workspaces/meu-projeto-airflow/dags/hook_dag_v2.py for tasks to queue
[2026-04-20T01:21:10.137+0000] {logging_mixin.py:190} INFO - [2026-04-20T01:21:10.136+0000] {dagbag.py:588} INFO - Filling up the DagBag from /workspaces/meu-projeto-airflow/dags/hook_dag_v2.py
[2026-04-20T01:21:10.145+0000] {processor.py:925} INFO - DAG(s) 'hook_dag_v2' retrieved from /workspaces/meu-projeto-airflow/dags/hook_dag_v2.py
[2026-04-20T01:21:10.164+0000] {logging_mixin.py:190} INFO - [2026-04-20T01:21:10.163+0000] {dag.py:3239} INFO - Sync 1 DAGs
[2026-04-20T01:21:10.186+0000] {logging_mixin.py:190} INFO - [2026-04-20T01:21:10.186+0000] {dag.py:4180} INFO - Setting next_dagrun for hook_dag_v2 to None, run_after=None
[2026-04-20T01:21:10.212+0000] {processor.py:208} INFO - Processing /workspaces/meu-projeto-airflow/dags/hook_dag_v2.py took 0.084 seconds
[2026-04-20T01:22:22.062+0000] {processor.py:186} INFO - Started process (PID=39830) to work on /workspaces/meu-projeto-airflow/dags/hook_dag_v2.py
[2026-04-20T01:22:22.063+0000] {processor.py:914} INFO - Processing file /workspaces/meu-projeto-airflow/dags/hook_dag_v2.py for tasks to queue
[2026-04-20T01:22:22.064+0000] {logging_mixin.py:190} INFO - [2026-04-20T01:22:22.064+0000] {dagbag.py:588} INFO - Filling up the DagBag from /workspaces/meu-projeto-airflow/dags/hook_dag_v2.py
[2026-04-20T01:22:22.071+0000] {processor.py:925} INFO - DAG(s) 'hook_dag_v2' retrieved from /workspaces/meu-projeto-airflow/dags/hook_dag_v2.py
[2026-04-20T01:22:22.087+0000] {logging_mixin.py:190} INFO - [2026-04-20T01:22:22.087+0000] {dag.py:3239} INFO - Sync 1 DAGs
[2026-04-20T01:22:22.097+0000] {logging_mixin.py:190} INFO - [2026-04-20T01:22:22.097+0000] {dag.py:4180} INFO - Setting next_dagrun for hook_dag_v2 to None, run_after=None
[2026-04-20T01:22:22.113+0000] {processor.py:208} INFO - Processing /workspaces/meu-projeto-airflow/dags/hook_dag_v2.py took 0.056 seconds
[2026-04-20T01:23:38.077+0000] {processor.py:186} INFO - Started process (PID=40560) to work on /workspaces/meu-projeto-airflow/dags/hook_dag_v2.py
[2026-04-20T01:23:38.079+0000] {processor.py:914} INFO - Processing file /workspaces/meu-projeto-airflow/dags/hook_dag_v2.py for tasks to queue
[2026-04-20T01:23:38.082+0000] {logging_mixin.py:190} INFO - [2026-04-20T01:23:38.082+0000] {dagbag.py:588} INFO - Filling up the DagBag from /workspaces/meu-projeto-airflow/dags/hook_dag_v2.py
[2026-04-20T01:23:38.096+0000] {processor.py:925} INFO - DAG(s) 'hook_dag_v2' retrieved from /workspaces/meu-projeto-airflow/dags/hook_dag_v2.py
[2026-04-20T01:23:38.127+0000] {logging_mixin.py:190} INFO - [2026-04-20T01:23:38.126+0000] {dag.py:3239} INFO - Sync 1 DAGs
[2026-04-20T01:23:38.145+0000] {logging_mixin.py:190} INFO - [2026-04-20T01:23:38.145+0000] {dag.py:4180} INFO - Setting next_dagrun for hook_dag_v2 to None, run_after=None
[2026-04-20T01:23:38.161+0000] {processor.py:208} INFO - Processing /workspaces/meu-projeto-airflow/dags/hook_dag_v2.py took 0.096 seconds
[2026-04-20T01:24:18.688+0000] {processor.py:186} INFO - Started process (PID=41078) to work on /workspaces/meu-projeto-airflow/dags/hook_dag_v2.py
[2026-04-20T01:24:18.689+0000] {processor.py:914} INFO - Processing file /workspaces/meu-projeto-airflow/dags/hook_dag_v2.py for tasks to queue
[2026-04-20T01:24:18.690+0000] {logging_mixin.py:190} INFO - [2026-04-20T01:24:18.690+0000] {dagbag.py:588} INFO - Filling up the DagBag from /workspaces/meu-projeto-airflow/dags/hook_dag_v2.py
[2026-04-20T01:24:18.696+0000] {processor.py:925} INFO - DAG(s) 'hook_dag_v2' retrieved from /workspaces/meu-projeto-airflow/dags/hook_dag_v2.py
[2026-04-20T01:24:18.708+0000] {logging_mixin.py:190} INFO - [2026-04-20T01:24:18.707+0000] {dag.py:3239} INFO - Sync 1 DAGs
[2026-04-20T01:24:18.718+0000] {logging_mixin.py:190} INFO - [2026-04-20T01:24:18.717+0000] {dag.py:4180} INFO - Setting next_dagrun for hook_dag_v2 to None, run_after=None
[2026-04-20T01:24:18.736+0000] {processor.py:208} INFO - Processing /workspaces/meu-projeto-airflow/dags/hook_dag_v2.py took 0.052 seconds
[2026-04-20T01:25:29.775+0000] {processor.py:186} INFO - Started process (PID=41753) to work on /workspaces/meu-projeto-airflow/dags/hook_dag_v2.py
[2026-04-20T01:25:29.776+0000] {processor.py:914} INFO - Processing file /workspaces/meu-projeto-airflow/dags/hook_dag_v2.py for tasks to queue
[2026-04-20T01:25:29.778+0000] {logging_mixin.py:190} INFO - [2026-04-20T01:25:29.777+0000] {dagbag.py:588} INFO - Filling up the DagBag from /workspaces/meu-projeto-airflow/dags/hook_dag_v2.py
[2026-04-20T01:25:29.794+0000] {processor.py:925} INFO - DAG(s) 'hook_dag_v2' retrieved from /workspaces/meu-projeto-airflow/dags/hook_dag_v2.py
[2026-04-20T01:25:29.810+0000] {logging_mixin.py:190} INFO - [2026-04-20T01:25:29.810+0000] {dag.py:3239} INFO - Sync 1 DAGs
[2026-04-20T01:25:29.826+0000] {logging_mixin.py:190} INFO - [2026-04-20T01:25:29.825+0000] {dag.py:4180} INFO - Setting next_dagrun for hook_dag_v2 to None, run_after=None
[2026-04-20T01:25:29.856+0000] {processor.py:208} INFO - Processing /workspaces/meu-projeto-airflow/dags/hook_dag_v2.py took 0.088 seconds
[2026-04-20T01:26:10.238+0000] {processor.py:186} INFO - Started process (PID=42146) to work on /workspaces/meu-projeto-airflow/dags/hook_dag_v2.py
[2026-04-20T01:26:10.238+0000] {processor.py:914} INFO - Processing file /workspaces/meu-projeto-airflow/dags/hook_dag_v2.py for tasks to queue
[2026-04-20T01:26:10.239+0000] {logging_mixin.py:190} INFO - [2026-04-20T01:26:10.239+0000] {dagbag.py:588} INFO - Filling up the DagBag from /workspaces/meu-projeto-airflow/dags/hook_dag_v2.py
[2026-04-20T01:26:10.245+0000] {processor.py:925} INFO - DAG(s) 'hook_dag_v2' retrieved from /workspaces/meu-projeto-airflow/dags/hook_dag_v2.py
[2026-04-20T01:26:10.257+0000] {logging_mixin.py:190} INFO - [2026-04-20T01:26:10.256+0000] {dag.py:3239} INFO - Sync 1 DAGs
[2026-04-20T01:26:10.269+0000] {logging_mixin.py:190} INFO - [2026-04-20T01:26:10.269+0000] {dag.py:4180} INFO - Setting next_dagrun for hook_dag_v2 to None, run_after=None
[2026-04-20T01:26:10.288+0000] {processor.py:208} INFO - Processing /workspaces/meu-projeto-airflow/dags/hook_dag_v2.py took 0.054 seconds
[2026-04-20T01:26:50.557+0000] {processor.py:186} INFO - Started process (PID=42550) to work on /workspaces/meu-projeto-airflow/dags/hook_dag_v2.py
[2026-04-20T01:26:50.558+0000] {processor.py:914} INFO - Processing file /workspaces/meu-projeto-airflow/dags/hook_dag_v2.py for tasks to queue
[2026-04-20T01:26:50.559+0000] {logging_mixin.py:190} INFO - [2026-04-20T01:26:50.559+0000] {dagbag.py:588} INFO - Filling up the DagBag from /workspaces/meu-projeto-airflow/dags/hook_dag_v2.py
[2026-04-20T01:26:50.565+0000] {processor.py:925} INFO - DAG(s) 'hook_dag_v2' retrieved from /workspaces/meu-projeto-airflow/dags/hook_dag_v2.py
[2026-04-20T01:26:50.579+0000] {logging_mixin.py:190} INFO - [2026-04-20T01:26:50.578+0000] {dag.py:3239} INFO - Sync 1 DAGs
[2026-04-20T01:26:50.590+0000] {logging_mixin.py:190} INFO - [2026-04-20T01:26:50.590+0000] {dag.py:4180} INFO - Setting next_dagrun for hook_dag_v2 to None, run_after=None
[2026-04-20T01:26:50.607+0000] {processor.py:208} INFO - Processing /workspaces/meu-projeto-airflow/dags/hook_dag_v2.py took 0.054 seconds
[2026-04-20T01:28:08.897+0000] {processor.py:186} INFO - Started process (PID=43347) to work on /workspaces/meu-projeto-airflow/dags/hook_dag_v2.py
[2026-04-20T01:28:08.898+0000] {processor.py:914} INFO - Processing file /workspaces/meu-projeto-airflow/dags/hook_dag_v2.py for tasks to queue
[2026-04-20T01:28:08.899+0000] {logging_mixin.py:190} INFO - [2026-04-20T01:28:08.899+0000] {dagbag.py:588} INFO - Filling up the DagBag from /workspaces/meu-projeto-airflow/dags/hook_dag_v2.py
[2026-04-20T01:28:08.905+0000] {processor.py:925} INFO - DAG(s) 'hook_dag_v2' retrieved from /workspaces/meu-projeto-airflow/dags/hook_dag_v2.py
[2026-04-20T01:28:08.916+0000] {logging_mixin.py:190} INFO - [2026-04-20T01:28:08.916+0000] {dag.py:3239} INFO - Sync 1 DAGs
[2026-04-20T01:28:08.926+0000] {logging_mixin.py:190} INFO - [2026-04-20T01:28:08.926+0000] {dag.py:4180} INFO - Setting next_dagrun for hook_dag_v2 to None, run_after=None
[2026-04-20T01:28:08.941+0000] {processor.py:208} INFO - Processing /workspaces/meu-projeto-airflow/dags/hook_dag_v2.py took 0.049 seconds
[2026-04-20T01:28:48.454+0000] {processor.py:186} INFO - Started process (PID=43775) to work on /workspaces/meu-projeto-airflow/dags/hook_dag_v2.py
[2026-04-20T01:28:48.455+0000] {processor.py:914} INFO - Processing file /workspaces/meu-projeto-airflow/dags/hook_dag_v2.py for tasks to queue
[2026-04-20T01:28:48.456+0000] {logging_mixin.py:190} INFO - [2026-04-20T01:28:48.455+0000] {dagbag.py:588} INFO - Filling up the DagBag from /workspaces/meu-projeto-airflow/dags/hook_dag_v2.py
[2026-04-20T01:28:48.461+0000] {processor.py:925} INFO - DAG(s) 'hook_dag_v2' retrieved from /workspaces/meu-projeto-airflow/dags/hook_dag_v2.py
[2026-04-20T01:28:48.475+0000] {logging_mixin.py:190} INFO - [2026-04-20T01:28:48.474+0000] {dag.py:3239} INFO - Sync 1 DAGs
[2026-04-20T01:28:48.488+0000] {logging_mixin.py:190} INFO - [2026-04-20T01:28:48.488+0000] {dag.py:4180} INFO - Setting next_dagrun for hook_dag_v2 to None, run_after=None
[2026-04-20T01:28:48.504+0000] {processor.py:208} INFO - Processing /workspaces/meu-projeto-airflow/dags/hook_dag_v2.py took 0.054 seconds
[2026-04-20T01:30:03.619+0000] {processor.py:186} INFO - Started process (PID=44593) to work on /workspaces/meu-projeto-airflow/dags/hook_dag_v2.py
[2026-04-20T01:30:03.621+0000] {processor.py:914} INFO - Processing file /workspaces/meu-projeto-airflow/dags/hook_dag_v2.py for tasks to queue
[2026-04-20T01:30:03.622+0000] {logging_mixin.py:190} INFO - [2026-04-20T01:30:03.621+0000] {dagbag.py:588} INFO - Filling up the DagBag from /workspaces/meu-projeto-airflow/dags/hook_dag_v2.py
[2026-04-20T01:30:03.628+0000] {processor.py:925} INFO - DAG(s) 'hook_dag_v2' retrieved from /workspaces/meu-projeto-airflow/dags/hook_dag_v2.py
[2026-04-20T01:30:03.640+0000] {logging_mixin.py:190} INFO - [2026-04-20T01:30:03.639+0000] {dag.py:3239} INFO - Sync 1 DAGs
[2026-04-20T01:30:03.650+0000] {logging_mixin.py:190} INFO - [2026-04-20T01:30:03.650+0000] {dag.py:4180} INFO - Setting next_dagrun for hook_dag_v2 to None, run_after=None
[2026-04-20T01:30:03.668+0000] {processor.py:208} INFO - Processing /workspaces/meu-projeto-airflow/dags/hook_dag_v2.py took 0.055 seconds
[2026-04-20T01:30:42.481+0000] {processor.py:186} INFO - Started process (PID=45014) to work on /workspaces/meu-projeto-airflow/dags/hook_dag_v2.py
[2026-04-20T01:30:42.482+0000] {processor.py:914} INFO - Processing file /workspaces/meu-projeto-airflow/dags/hook_dag_v2.py for tasks to queue
[2026-04-20T01:30:42.484+0000] {logging_mixin.py:190} INFO - [2026-04-20T01:30:42.483+0000] {dagbag.py:588} INFO - Filling up the DagBag from /workspaces/meu-projeto-airflow/dags/hook_dag_v2.py
[2026-04-20T01:30:42.489+0000] {processor.py:925} INFO - DAG(s) 'hook_dag_v2' retrieved from /workspaces/meu-projeto-airflow/dags/hook_dag_v2.py
[2026-04-20T01:30:42.501+0000] {logging_mixin.py:190} INFO - [2026-04-20T01:30:42.500+0000] {dag.py:3239} INFO - Sync 1 DAGs
[2026-04-20T01:30:42.514+0000] {logging_mixin.py:190} INFO - [2026-04-20T01:30:42.513+0000] {dag.py:4180} INFO - Setting next_dagrun for hook_dag_v2 to None, run_after=None
[2026-04-20T01:30:42.530+0000] {processor.py:208} INFO - Processing /workspaces/meu-projeto-airflow/dags/hook_dag_v2.py took 0.054 seconds
[2026-04-20T01:32:00.461+0000] {processor.py:186} INFO - Started process (PID=45794) to work on /workspaces/meu-projeto-airflow/dags/hook_dag_v2.py
[2026-04-20T01:32:00.461+0000] {processor.py:914} INFO - Processing file /workspaces/meu-projeto-airflow/dags/hook_dag_v2.py for tasks to queue
[2026-04-20T01:32:00.463+0000] {logging_mixin.py:190} INFO - [2026-04-20T01:32:00.462+0000] {dagbag.py:588} INFO - Filling up the DagBag from /workspaces/meu-projeto-airflow/dags/hook_dag_v2.py
[2026-04-20T01:32:00.469+0000] {processor.py:925} INFO - DAG(s) 'hook_dag_v2' retrieved from /workspaces/meu-projeto-airflow/dags/hook_dag_v2.py
[2026-04-20T01:32:00.484+0000] {logging_mixin.py:190} INFO - [2026-04-20T01:32:00.484+0000] {dag.py:3239} INFO - Sync 1 DAGs
[2026-04-20T01:32:00.495+0000] {logging_mixin.py:190} INFO - [2026-04-20T01:32:00.495+0000] {dag.py:4180} INFO - Setting next_dagrun for hook_dag_v2 to None, run_after=None
[2026-04-20T01:32:00.510+0000] {processor.py:208} INFO - Processing /workspaces/meu-projeto-airflow/dags/hook_dag_v2.py took 0.054 seconds
[2026-04-20T01:32:40.913+0000] {processor.py:186} INFO - Started process (PID=46229) to work on /workspaces/meu-projeto-airflow/dags/hook_dag_v2.py
[2026-04-20T01:32:40.914+0000] {processor.py:914} INFO - Processing file /workspaces/meu-projeto-airflow/dags/hook_dag_v2.py for tasks to queue
[2026-04-20T01:32:40.915+0000] {logging_mixin.py:190} INFO - [2026-04-20T01:32:40.914+0000] {dagbag.py:588} INFO - Filling up the DagBag from /workspaces/meu-projeto-airflow/dags/hook_dag_v2.py
[2026-04-20T01:32:40.920+0000] {processor.py:925} INFO - DAG(s) 'hook_dag_v2' retrieved from /workspaces/meu-projeto-airflow/dags/hook_dag_v2.py
[2026-04-20T01:32:40.931+0000] {logging_mixin.py:190} INFO - [2026-04-20T01:32:40.931+0000] {dag.py:3239} INFO - Sync 1 DAGs
[2026-04-20T01:32:40.944+0000] {logging_mixin.py:190} INFO - [2026-04-20T01:32:40.943+0000] {dag.py:4180} INFO - Setting next_dagrun for hook_dag_v2 to None, run_after=None
[2026-04-20T01:32:40.959+0000] {processor.py:208} INFO - Processing /workspaces/meu-projeto-airflow/dags/hook_dag_v2.py took 0.050 seconds
[2026-04-20T01:33:57.673+0000] {processor.py:186} INFO - Started process (PID=46988) to work on /workspaces/meu-projeto-airflow/dags/hook_dag_v2.py
[2026-04-20T01:33:57.674+0000] {processor.py:914} INFO - Processing file /workspaces/meu-projeto-airflow/dags/hook_dag_v2.py for tasks to queue
[2026-04-20T01:33:57.675+0000] {logging_mixin.py:190} INFO - [2026-04-20T01:33:57.674+0000] {dagbag.py:588} INFO - Filling up the DagBag from /workspaces/meu-projeto-airflow/dags/hook_dag_v2.py
[2026-04-20T01:33:57.682+0000] {processor.py:925} INFO - DAG(s) 'hook_dag_v2' retrieved from /workspaces/meu-projeto-airflow/dags/hook_dag_v2.py
[2026-04-20T01:33:57.696+0000] {logging_mixin.py:190} INFO - [2026-04-20T01:33:57.696+0000] {dag.py:3239} INFO - Sync 1 DAGs
[2026-04-20T01:33:57.708+0000] {logging_mixin.py:190} INFO - [2026-04-20T01:33:57.708+0000] {dag.py:4180} INFO - Setting next_dagrun for hook_dag_v2 to None, run_after=None
[2026-04-20T01:33:57.723+0000] {processor.py:208} INFO - Processing /workspaces/meu-projeto-airflow/dags/hook_dag_v2.py took 0.057 seconds
[2026-04-20T01:34:38.167+0000] {processor.py:186} INFO - Started process (PID=47487) to work on /workspaces/meu-projeto-airflow/dags/hook_dag_v2.py
[2026-04-20T01:34:38.168+0000] {processor.py:914} INFO - Processing file /workspaces/meu-projeto-airflow/dags/hook_dag_v2.py for tasks to queue
[2026-04-20T01:34:38.169+0000] {logging_mixin.py:190} INFO - [2026-04-20T01:34:38.169+0000] {dagbag.py:588} INFO - Filling up the DagBag from /workspaces/meu-projeto-airflow/dags/hook_dag_v2.py
[2026-04-20T01:34:38.177+0000] {processor.py:925} INFO - DAG(s) 'hook_dag_v2' retrieved from /workspaces/meu-projeto-airflow/dags/hook_dag_v2.py
[2026-04-20T01:34:38.191+0000] {logging_mixin.py:190} INFO - [2026-04-20T01:34:38.191+0000] {dag.py:3239} INFO - Sync 1 DAGs
[2026-04-20T01:34:38.201+0000] {logging_mixin.py:190} INFO - [2026-04-20T01:34:38.201+0000] {dag.py:4180} INFO - Setting next_dagrun for hook_dag_v2 to None, run_after=None
[2026-04-20T01:34:38.221+0000] {processor.py:208} INFO - Processing /workspaces/meu-projeto-airflow/dags/hook_dag_v2.py took 0.059 seconds
[2026-04-20T01:35:18.582+0000] {processor.py:186} INFO - Started process (PID=47911) to work on /workspaces/meu-projeto-airflow/dags/hook_dag_v2.py
[2026-04-20T01:35:18.582+0000] {processor.py:914} INFO - Processing file /workspaces/meu-projeto-airflow/dags/hook_dag_v2.py for tasks to queue
[2026-04-20T01:35:18.584+0000] {logging_mixin.py:190} INFO - [2026-04-20T01:35:18.584+0000] {dagbag.py:588} INFO - Filling up the DagBag from /workspaces/meu-projeto-airflow/dags/hook_dag_v2.py
[2026-04-20T01:35:18.590+0000] {processor.py:925} INFO - DAG(s) 'hook_dag_v2' retrieved from /workspaces/meu-projeto-airflow/dags/hook_dag_v2.py
[2026-04-20T01:35:18.603+0000] {logging_mixin.py:190} INFO - [2026-04-20T01:35:18.603+0000] {dag.py:3239} INFO - Sync 1 DAGs
[2026-04-20T01:35:18.617+0000] {logging_mixin.py:190} INFO - [2026-04-20T01:35:18.616+0000] {dag.py:4180} INFO - Setting next_dagrun for hook_dag_v2 to None, run_after=None
[2026-04-20T01:35:18.633+0000] {processor.py:208} INFO - Processing /workspaces/meu-projeto-airflow/dags/hook_dag_v2.py took 0.057 seconds
[2026-04-20T01:36:34.520+0000] {processor.py:186} INFO - Started process (PID=48694) to work on /workspaces/meu-projeto-airflow/dags/hook_dag_v2.py
[2026-04-20T01:36:34.521+0000] {processor.py:914} INFO - Processing file /workspaces/meu-projeto-airflow/dags/hook_dag_v2.py for tasks to queue
[2026-04-20T01:36:34.522+0000] {logging_mixin.py:190} INFO - [2026-04-20T01:36:34.521+0000] {dagbag.py:588} INFO - Filling up the DagBag from /workspaces/meu-projeto-airflow/dags/hook_dag_v2.py
[2026-04-20T01:36:34.527+0000] {processor.py:925} INFO - DAG(s) 'hook_dag_v2' retrieved from /workspaces/meu-projeto-airflow/dags/hook_dag_v2.py
[2026-04-20T01:36:34.538+0000] {logging_mixin.py:190} INFO - [2026-04-20T01:36:34.538+0000] {dag.py:3239} INFO - Sync 1 DAGs
[2026-04-20T01:36:34.548+0000] {logging_mixin.py:190} INFO - [2026-04-20T01:36:34.548+0000] {dag.py:4180} INFO - Setting next_dagrun for hook_dag_v2 to None, run_after=None
[2026-04-20T01:36:34.564+0000] {processor.py:208} INFO - Processing /workspaces/meu-projeto-airflow/dags/hook_dag_v2.py took 0.049 seconds
[2026-04-20T01:37:15.345+0000] {processor.py:186} INFO - Started process (PID=49124) to work on /workspaces/meu-projeto-airflow/dags/hook_dag_v2.py
[2026-04-20T01:37:15.346+0000] {processor.py:914} INFO - Processing file /workspaces/meu-projeto-airflow/dags/hook_dag_v2.py for tasks to queue
[2026-04-20T01:37:15.347+0000] {logging_mixin.py:190} INFO - [2026-04-20T01:37:15.347+0000] {dagbag.py:588} INFO - Filling up the DagBag from /workspaces/meu-projeto-airflow/dags/hook_dag_v2.py
[2026-04-20T01:37:15.353+0000] {processor.py:925} INFO - DAG(s) 'hook_dag_v2' retrieved from /workspaces/meu-projeto-airflow/dags/hook_dag_v2.py
[2026-04-20T01:37:15.364+0000] {logging_mixin.py:190} INFO - [2026-04-20T01:37:15.364+0000] {dag.py:3239} INFO - Sync 1 DAGs
[2026-04-20T01:37:15.381+0000] {logging_mixin.py:190} INFO - [2026-04-20T01:37:15.381+0000] {dag.py:4180} INFO - Setting next_dagrun for hook_dag_v2 to None, run_after=None
[2026-04-20T01:37:15.402+0000] {processor.py:208} INFO - Processing /workspaces/meu-projeto-airflow/dags/hook_dag_v2.py took 0.061 seconds
[2026-04-20T01:37:55.901+0000] {processor.py:186} INFO - Started process (PID=49496) to work on /workspaces/meu-projeto-airflow/dags/hook_dag_v2.py
[2026-04-20T01:37:55.901+0000] {processor.py:914} INFO - Processing file /workspaces/meu-projeto-airflow/dags/hook_dag_v2.py for tasks to queue
[2026-04-20T01:37:55.902+0000] {logging_mixin.py:190} INFO - [2026-04-20T01:37:55.902+0000] {dagbag.py:588} INFO - Filling up the DagBag from /workspaces/meu-projeto-airflow/dags/hook_dag_v2.py
[2026-04-20T01:37:55.908+0000] {processor.py:925} INFO - DAG(s) 'hook_dag_v2' retrieved from /workspaces/meu-projeto-airflow/dags/hook_dag_v2.py
[2026-04-20T01:37:55.920+0000] {logging_mixin.py:190} INFO - [2026-04-20T01:37:55.919+0000] {dag.py:3239} INFO - Sync 1 DAGs
[2026-04-20T01:37:55.931+0000] {logging_mixin.py:190} INFO - [2026-04-20T01:37:55.931+0000] {dag.py:4180} INFO - Setting next_dagrun for hook_dag_v2 to None, run_after=None
[2026-04-20T01:37:55.947+0000] {processor.py:208} INFO - Processing /workspaces/meu-projeto-airflow/dags/hook_dag_v2.py took 0.051 seconds
[2026-04-20T01:38:35.897+0000] {processor.py:186} INFO - Started process (PID=49908) to work on /workspaces/meu-projeto-airflow/dags/hook_dag_v2.py
[2026-04-20T01:38:35.898+0000] {processor.py:914} INFO - Processing file /workspaces/meu-projeto-airflow/dags/hook_dag_v2.py for tasks to queue
[2026-04-20T01:38:35.899+0000] {logging_mixin.py:190} INFO - [2026-04-20T01:38:35.898+0000] {dagbag.py:588} INFO - Filling up the DagBag from /workspaces/meu-projeto-airflow/dags/hook_dag_v2.py
[2026-04-20T01:38:35.907+0000] {processor.py:925} INFO - DAG(s) 'hook_dag_v2' retrieved from /workspaces/meu-projeto-airflow/dags/hook_dag_v2.py
[2026-04-20T01:38:35.927+0000] {logging_mixin.py:190} INFO - [2026-04-20T01:38:35.927+0000] {dag.py:3239} INFO - Sync 1 DAGs
[2026-04-20T01:38:35.945+0000] {logging_mixin.py:190} INFO - [2026-04-20T01:38:35.945+0000] {dag.py:4180} INFO - Setting next_dagrun for hook_dag_v2 to None, run_after=None
[2026-04-20T01:38:35.972+0000] {processor.py:208} INFO - Processing /workspaces/meu-projeto-airflow/dags/hook_dag_v2.py took 0.084 seconds
[2026-04-20T01:39:50.036+0000] {processor.py:186} INFO - Started process (PID=50733) to work on /workspaces/meu-projeto-airflow/dags/hook_dag_v2.py
[2026-04-20T01:39:50.037+0000] {processor.py:914} INFO - Processing file /workspaces/meu-projeto-airflow/dags/hook_dag_v2.py for tasks to queue
[2026-04-20T01:39:50.038+0000] {logging_mixin.py:190} INFO - [2026-04-20T01:39:50.037+0000] {dagbag.py:588} INFO - Filling up the DagBag from /workspaces/meu-projeto-airflow/dags/hook_dag_v2.py
[2026-04-20T01:39:50.044+0000] {processor.py:925} INFO - DAG(s) 'hook_dag_v2' retrieved from /workspaces/meu-projeto-airflow/dags/hook_dag_v2.py
[2026-04-20T01:39:50.055+0000] {logging_mixin.py:190} INFO - [2026-04-20T01:39:50.055+0000] {dag.py:3239} INFO - Sync 1 DAGs
[2026-04-20T01:39:50.066+0000] {logging_mixin.py:190} INFO - [2026-04-20T01:39:50.066+0000] {dag.py:4180} INFO - Setting next_dagrun for hook_dag_v2 to None, run_after=None
[2026-04-20T01:39:50.085+0000] {processor.py:208} INFO - Processing /workspaces/meu-projeto-airflow/dags/hook_dag_v2.py took 0.053 seconds
[2026-04-20T01:41:01.737+0000] {processor.py:186} INFO - Started process (PID=51409) to work on /workspaces/meu-projeto-airflow/dags/hook_dag_v2.py
[2026-04-20T01:41:01.738+0000] {processor.py:914} INFO - Processing file /workspaces/meu-projeto-airflow/dags/hook_dag_v2.py for tasks to queue
[2026-04-20T01:41:01.739+0000] {logging_mixin.py:190} INFO - [2026-04-20T01:41:01.738+0000] {dagbag.py:588} INFO - Filling up the DagBag from /workspaces/meu-projeto-airflow/dags/hook_dag_v2.py
[2026-04-20T01:41:01.744+0000] {processor.py:925} INFO - DAG(s) 'hook_dag_v2' retrieved from /workspaces/meu-projeto-airflow/dags/hook_dag_v2.py
[2026-04-20T01:41:01.755+0000] {logging_mixin.py:190} INFO - [2026-04-20T01:41:01.755+0000] {dag.py:3239} INFO - Sync 1 DAGs
[2026-04-20T01:41:01.766+0000] {logging_mixin.py:190} INFO - [2026-04-20T01:41:01.766+0000] {dag.py:4180} INFO - Setting next_dagrun for hook_dag_v2 to None, run_after=None
[2026-04-20T01:41:01.785+0000] {processor.py:208} INFO - Processing /workspaces/meu-projeto-airflow/dags/hook_dag_v2.py took 0.052 seconds
[2026-04-20T01:42:17.997+0000] {processor.py:186} INFO - Started process (PID=52228) to work on /workspaces/meu-projeto-airflow/dags/hook_dag_v2.py
[2026-04-20T01:42:17.998+0000] {processor.py:914} INFO - Processing file /workspaces/meu-projeto-airflow/dags/hook_dag_v2.py for tasks to queue
[2026-04-20T01:42:17.999+0000] {logging_mixin.py:190} INFO - [2026-04-20T01:42:17.999+0000] {dagbag.py:588} INFO - Filling up the DagBag from /workspaces/meu-projeto-airflow/dags/hook_dag_v2.py
[2026-04-20T01:42:18.005+0000] {processor.py:925} INFO - DAG(s) 'hook_dag_v2' retrieved from /workspaces/meu-projeto-airflow/dags/hook_dag_v2.py
[2026-04-20T01:42:18.017+0000] {logging_mixin.py:190} INFO - [2026-04-20T01:42:18.017+0000] {dag.py:3239} INFO - Sync 1 DAGs
[2026-04-20T01:42:18.027+0000] {logging_mixin.py:190} INFO - [2026-04-20T01:42:18.027+0000] {dag.py:4180} INFO - Setting next_dagrun for hook_dag_v2 to None, run_after=None
[2026-04-20T01:42:18.044+0000] {processor.py:208} INFO - Processing /workspaces/meu-projeto-airflow/dags/hook_dag_v2.py took 0.051 seconds
[2026-04-20T01:43:39.147+0000] {processor.py:186} INFO - Started process (PID=53037) to work on /workspaces/meu-projeto-airflow/dags/hook_dag_v2.py
[2026-04-20T01:43:39.147+0000] {processor.py:914} INFO - Processing file /workspaces/meu-projeto-airflow/dags/hook_dag_v2.py for tasks to queue
[2026-04-20T01:43:39.149+0000] {logging_mixin.py:190} INFO - [2026-04-20T01:43:39.148+0000] {dagbag.py:588} INFO - Filling up the DagBag from /workspaces/meu-projeto-airflow/dags/hook_dag_v2.py
[2026-04-20T01:43:39.154+0000] {processor.py:925} INFO - DAG(s) 'hook_dag_v2' retrieved from /workspaces/meu-projeto-airflow/dags/hook_dag_v2.py
[2026-04-20T01:43:39.166+0000] {logging_mixin.py:190} INFO - [2026-04-20T01:43:39.165+0000] {dag.py:3239} INFO - Sync 1 DAGs
[2026-04-20T01:43:39.179+0000] {logging_mixin.py:190} INFO - [2026-04-20T01:43:39.179+0000] {dag.py:4180} INFO - Setting next_dagrun for hook_dag_v2 to None, run_after=None
[2026-04-20T01:43:39.196+0000] {processor.py:208} INFO - Processing /workspaces/meu-projeto-airflow/dags/hook_dag_v2.py took 0.054 seconds
[2026-04-20T01:44:55.668+0000] {processor.py:186} INFO - Started process (PID=53879) to work on /workspaces/meu-projeto-airflow/dags/hook_dag_v2.py
[2026-04-20T01:44:55.669+0000] {processor.py:914} INFO - Processing file /workspaces/meu-projeto-airflow/dags/hook_dag_v2.py for tasks to queue
[2026-04-20T01:44:55.670+0000] {logging_mixin.py:190} INFO - [2026-04-20T01:44:55.670+0000] {dagbag.py:588} INFO - Filling up the DagBag from /workspaces/meu-projeto-airflow/dags/hook_dag_v2.py
[2026-04-20T01:44:55.678+0000] {processor.py:925} INFO - DAG(s) 'hook_dag_v2' retrieved from /workspaces/meu-projeto-airflow/dags/hook_dag_v2.py
[2026-04-20T01:44:55.692+0000] {logging_mixin.py:190} INFO - [2026-04-20T01:44:55.691+0000] {dag.py:3239} INFO - Sync 1 DAGs
[2026-04-20T01:44:55.702+0000] {logging_mixin.py:190} INFO - [2026-04-20T01:44:55.702+0000] {dag.py:4180} INFO - Setting next_dagrun for hook_dag_v2 to None, run_after=None
[2026-04-20T01:44:55.718+0000] {processor.py:208} INFO - Processing /workspaces/meu-projeto-airflow/dags/hook_dag_v2.py took 0.055 seconds
[2026-04-20T01:45:37.001+0000] {processor.py:186} INFO - Started process (PID=54314) to work on /workspaces/meu-projeto-airflow/dags/hook_dag_v2.py
[2026-04-20T01:45:37.002+0000] {processor.py:914} INFO - Processing file /workspaces/meu-projeto-airflow/dags/hook_dag_v2.py for tasks to queue
[2026-04-20T01:45:37.003+0000] {logging_mixin.py:190} INFO - [2026-04-20T01:45:37.002+0000] {dagbag.py:588} INFO - Filling up the DagBag from /workspaces/meu-projeto-airflow/dags/hook_dag_v2.py
[2026-04-20T01:45:37.008+0000] {processor.py:925} INFO - DAG(s) 'hook_dag_v2' retrieved from /workspaces/meu-projeto-airflow/dags/hook_dag_v2.py
[2026-04-20T01:45:37.019+0000] {logging_mixin.py:190} INFO - [2026-04-20T01:45:37.019+0000] {dag.py:3239} INFO - Sync 1 DAGs
[2026-04-20T01:45:37.030+0000] {logging_mixin.py:190} INFO - [2026-04-20T01:45:37.030+0000] {dag.py:4180} INFO - Setting next_dagrun for hook_dag_v2 to None, run_after=None
[2026-04-20T01:45:37.187+0000] {processor.py:208} INFO - Processing /workspaces/meu-projeto-airflow/dags/hook_dag_v2.py took 0.191 seconds
[2026-04-20T01:46:17.829+0000] {processor.py:186} INFO - Started process (PID=54745) to work on /workspaces/meu-projeto-airflow/dags/hook_dag_v2.py
[2026-04-20T01:46:17.829+0000] {processor.py:914} INFO - Processing file /workspaces/meu-projeto-airflow/dags/hook_dag_v2.py for tasks to queue
[2026-04-20T01:46:17.830+0000] {logging_mixin.py:190} INFO - [2026-04-20T01:46:17.830+0000] {dagbag.py:588} INFO - Filling up the DagBag from /workspaces/meu-projeto-airflow/dags/hook_dag_v2.py
[2026-04-20T01:46:17.836+0000] {processor.py:925} INFO - DAG(s) 'hook_dag_v2' retrieved from /workspaces/meu-projeto-airflow/dags/hook_dag_v2.py
[2026-04-20T01:46:17.847+0000] {logging_mixin.py:190} INFO - [2026-04-20T01:46:17.847+0000] {dag.py:3239} INFO - Sync 1 DAGs
[2026-04-20T01:46:17.858+0000] {logging_mixin.py:190} INFO - [2026-04-20T01:46:17.857+0000] {dag.py:4180} INFO - Setting next_dagrun for hook_dag_v2 to None, run_after=None
[2026-04-20T01:46:17.878+0000] {processor.py:208} INFO - Processing /workspaces/meu-projeto-airflow/dags/hook_dag_v2.py took 0.054 seconds
[2026-04-20T01:46:59.365+0000] {processor.py:186} INFO - Started process (PID=55119) to work on /workspaces/meu-projeto-airflow/dags/hook_dag_v2.py
[2026-04-20T01:46:59.368+0000] {processor.py:914} INFO - Processing file /workspaces/meu-projeto-airflow/dags/hook_dag_v2.py for tasks to queue
[2026-04-20T01:46:59.369+0000] {logging_mixin.py:190} INFO - [2026-04-20T01:46:59.369+0000] {dagbag.py:588} INFO - Filling up the DagBag from /workspaces/meu-projeto-airflow/dags/hook_dag_v2.py
[2026-04-20T01:46:59.377+0000] {processor.py:925} INFO - DAG(s) 'hook_dag_v2' retrieved from /workspaces/meu-projeto-airflow/dags/hook_dag_v2.py
[2026-04-20T01:46:59.391+0000] {logging_mixin.py:190} INFO - [2026-04-20T01:46:59.391+0000] {dag.py:3239} INFO - Sync 1 DAGs
[2026-04-20T01:46:59.401+0000] {logging_mixin.py:190} INFO - [2026-04-20T01:46:59.401+0000] {dag.py:4180} INFO - Setting next_dagrun for hook_dag_v2 to None, run_after=None
[2026-04-20T01:46:59.418+0000] {processor.py:208} INFO - Processing /workspaces/meu-projeto-airflow/dags/hook_dag_v2.py took 0.058 seconds
[2026-04-20T01:47:43.257+0000] {processor.py:186} INFO - Started process (PID=55571) to work on /workspaces/meu-projeto-airflow/dags/hook_dag_v2.py
[2026-04-20T01:47:43.258+0000] {processor.py:914} INFO - Processing file /workspaces/meu-projeto-airflow/dags/hook_dag_v2.py for tasks to queue
[2026-04-20T01:47:43.259+0000] {logging_mixin.py:190} INFO - [2026-04-20T01:47:43.259+0000] {dagbag.py:588} INFO - Filling up the DagBag from /workspaces/meu-projeto-airflow/dags/hook_dag_v2.py
[2026-04-20T01:47:43.265+0000] {processor.py:925} INFO - DAG(s) 'hook_dag_v2' retrieved from /workspaces/meu-projeto-airflow/dags/hook_dag_v2.py
[2026-04-20T01:47:43.281+0000] {logging_mixin.py:190} INFO - [2026-04-20T01:47:43.281+0000] {dag.py:3239} INFO - Sync 1 DAGs
[2026-04-20T01:47:43.295+0000] {logging_mixin.py:190} INFO - [2026-04-20T01:47:43.295+0000] {dag.py:4180} INFO - Setting next_dagrun for hook_dag_v2 to None, run_after=None
[2026-04-20T01:47:43.314+0000] {processor.py:208} INFO - Processing /workspaces/meu-projeto-airflow/dags/hook_dag_v2.py took 0.061 seconds
[2026-04-20T01:48:24.945+0000] {processor.py:186} INFO - Started process (PID=56012) to work on /workspaces/meu-projeto-airflow/dags/hook_dag_v2.py
[2026-04-20T01:48:24.946+0000] {processor.py:914} INFO - Processing file /workspaces/meu-projeto-airflow/dags/hook_dag_v2.py for tasks to queue
[2026-04-20T01:48:24.947+0000] {logging_mixin.py:190} INFO - [2026-04-20T01:48:24.947+0000] {dagbag.py:588} INFO - Filling up the DagBag from /workspaces/meu-projeto-airflow/dags/hook_dag_v2.py
[2026-04-20T01:48:24.952+0000] {processor.py:925} INFO - DAG(s) 'hook_dag_v2' retrieved from /workspaces/meu-projeto-airflow/dags/hook_dag_v2.py
[2026-04-20T01:48:24.963+0000] {logging_mixin.py:190} INFO - [2026-04-20T01:48:24.963+0000] {dag.py:3239} INFO - Sync 1 DAGs
[2026-04-20T01:48:24.977+0000] {logging_mixin.py:190} INFO - [2026-04-20T01:48:24.977+0000] {dag.py:4180} INFO - Setting next_dagrun for hook_dag_v2 to None, run_after=None
[2026-04-20T01:48:24.996+0000] {processor.py:208} INFO - Processing /workspaces/meu-projeto-airflow/dags/hook_dag_v2.py took 0.056 seconds
[2026-04-20T01:49:04.859+0000] {processor.py:186} INFO - Started process (PID=56381) to work on /workspaces/meu-projeto-airflow/dags/hook_dag_v2.py
[2026-04-20T01:49:04.859+0000] {processor.py:914} INFO - Processing file /workspaces/meu-projeto-airflow/dags/hook_dag_v2.py for tasks to queue
[2026-04-20T01:49:04.860+0000] {logging_mixin.py:190} INFO - [2026-04-20T01:49:04.860+0000] {dagbag.py:588} INFO - Filling up the DagBag from /workspaces/meu-projeto-airflow/dags/hook_dag_v2.py
[2026-04-20T01:49:04.867+0000] {processor.py:925} INFO - DAG(s) 'hook_dag_v2' retrieved from /workspaces/meu-projeto-airflow/dags/hook_dag_v2.py
[2026-04-20T01:49:04.891+0000] {logging_mixin.py:190} INFO - [2026-04-20T01:49:04.891+0000] {dag.py:3239} INFO - Sync 1 DAGs
[2026-04-20T01:49:04.902+0000] {logging_mixin.py:190} INFO - [2026-04-20T01:49:04.901+0000] {dag.py:4180} INFO - Setting next_dagrun for hook_dag_v2 to None, run_after=None
[2026-04-20T01:49:04.917+0000] {processor.py:208} INFO - Processing /workspaces/meu-projeto-airflow/dags/hook_dag_v2.py took 0.063 seconds
[2026-04-20T01:49:47.058+0000] {processor.py:186} INFO - Started process (PID=56821) to work on /workspaces/meu-projeto-airflow/dags/hook_dag_v2.py
[2026-04-20T01:49:47.058+0000] {processor.py:914} INFO - Processing file /workspaces/meu-projeto-airflow/dags/hook_dag_v2.py for tasks to queue
[2026-04-20T01:49:47.059+0000] {logging_mixin.py:190} INFO - [2026-04-20T01:49:47.059+0000] {dagbag.py:588} INFO - Filling up the DagBag from /workspaces/meu-projeto-airflow/dags/hook_dag_v2.py
[2026-04-20T01:49:47.065+0000] {processor.py:925} INFO - DAG(s) 'hook_dag_v2' retrieved from /workspaces/meu-projeto-airflow/dags/hook_dag_v2.py
[2026-04-20T01:49:47.079+0000] {logging_mixin.py:190} INFO - [2026-04-20T01:49:47.079+0000] {dag.py:3239} INFO - Sync 1 DAGs
[2026-04-20T01:49:47.091+0000] {logging_mixin.py:190} INFO - [2026-04-20T01:49:47.091+0000] {dag.py:4180} INFO - Setting next_dagrun for hook_dag_v2 to None, run_after=None
[2026-04-20T01:49:47.221+0000] {processor.py:208} INFO - Processing /workspaces/meu-projeto-airflow/dags/hook_dag_v2.py took 0.167 seconds
[2026-04-20T01:50:31.412+0000] {processor.py:186} INFO - Started process (PID=57291) to work on /workspaces/meu-projeto-airflow/dags/hook_dag_v2.py
[2026-04-20T01:50:31.413+0000] {processor.py:914} INFO - Processing file /workspaces/meu-projeto-airflow/dags/hook_dag_v2.py for tasks to queue
[2026-04-20T01:50:31.414+0000] {logging_mixin.py:190} INFO - [2026-04-20T01:50:31.414+0000] {dagbag.py:588} INFO - Filling up the DagBag from /workspaces/meu-projeto-airflow/dags/hook_dag_v2.py
[2026-04-20T01:50:31.420+0000] {processor.py:925} INFO - DAG(s) 'hook_dag_v2' retrieved from /workspaces/meu-projeto-airflow/dags/hook_dag_v2.py
[2026-04-20T01:50:31.431+0000] {logging_mixin.py:190} INFO - [2026-04-20T01:50:31.431+0000] {dag.py:3239} INFO - Sync 1 DAGs
[2026-04-20T01:50:31.441+0000] {logging_mixin.py:190} INFO - [2026-04-20T01:50:31.441+0000] {dag.py:4180} INFO - Setting next_dagrun for hook_dag_v2 to None, run_after=None
[2026-04-20T01:50:31.457+0000] {processor.py:208} INFO - Processing /workspaces/meu-projeto-airflow/dags/hook_dag_v2.py took 0.049 seconds
[2026-04-20T01:51:15.182+0000] {processor.py:186} INFO - Started process (PID=57746) to work on /workspaces/meu-projeto-airflow/dags/hook_dag_v2.py
[2026-04-20T01:51:15.183+0000] {processor.py:914} INFO - Processing file /workspaces/meu-projeto-airflow/dags/hook_dag_v2.py for tasks to queue
[2026-04-20T01:51:15.184+0000] {logging_mixin.py:190} INFO - [2026-04-20T01:51:15.183+0000] {dagbag.py:588} INFO - Filling up the DagBag from /workspaces/meu-projeto-airflow/dags/hook_dag_v2.py
[2026-04-20T01:51:15.190+0000] {processor.py:925} INFO - DAG(s) 'hook_dag_v2' retrieved from /workspaces/meu-projeto-airflow/dags/hook_dag_v2.py
[2026-04-20T01:51:15.206+0000] {logging_mixin.py:190} INFO - [2026-04-20T01:51:15.206+0000] {dag.py:3239} INFO - Sync 1 DAGs
[2026-04-20T01:51:15.218+0000] {logging_mixin.py:190} INFO - [2026-04-20T01:51:15.218+0000] {dag.py:4180} INFO - Setting next_dagrun for hook_dag_v2 to None, run_after=None
[2026-04-20T01:51:15.234+0000] {processor.py:208} INFO - Processing /workspaces/meu-projeto-airflow/dags/hook_dag_v2.py took 0.058 seconds
[2026-04-20T01:51:59.376+0000] {processor.py:186} INFO - Started process (PID=58137) to work on /workspaces/meu-projeto-airflow/dags/hook_dag_v2.py
[2026-04-20T01:51:59.376+0000] {processor.py:914} INFO - Processing file /workspaces/meu-projeto-airflow/dags/hook_dag_v2.py for tasks to queue
[2026-04-20T01:51:59.377+0000] {logging_mixin.py:190} INFO - [2026-04-20T01:51:59.377+0000] {dagbag.py:588} INFO - Filling up the DagBag from /workspaces/meu-projeto-airflow/dags/hook_dag_v2.py
[2026-04-20T01:51:59.385+0000] {processor.py:925} INFO - DAG(s) 'hook_dag_v2' retrieved from /workspaces/meu-projeto-airflow/dags/hook_dag_v2.py
[2026-04-20T01:51:59.397+0000] {logging_mixin.py:190} INFO - [2026-04-20T01:51:59.397+0000] {dag.py:3239} INFO - Sync 1 DAGs
[2026-04-20T01:51:59.525+0000] {logging_mixin.py:190} INFO - [2026-04-20T01:51:59.525+0000] {dag.py:4180} INFO - Setting next_dagrun for hook_dag_v2 to None, run_after=None
[2026-04-20T01:51:59.541+0000] {processor.py:208} INFO - Processing /workspaces/meu-projeto-airflow/dags/hook_dag_v2.py took 0.171 seconds
[2026-04-20T01:52:41.757+0000] {processor.py:186} INFO - Started process (PID=58656) to work on /workspaces/meu-projeto-airflow/dags/hook_dag_v2.py
[2026-04-20T01:52:41.758+0000] {processor.py:914} INFO - Processing file /workspaces/meu-projeto-airflow/dags/hook_dag_v2.py for tasks to queue
[2026-04-20T01:52:41.759+0000] {logging_mixin.py:190} INFO - [2026-04-20T01:52:41.759+0000] {dagbag.py:588} INFO - Filling up the DagBag from /workspaces/meu-projeto-airflow/dags/hook_dag_v2.py
[2026-04-20T01:52:41.765+0000] {processor.py:925} INFO - DAG(s) 'hook_dag_v2' retrieved from /workspaces/meu-projeto-airflow/dags/hook_dag_v2.py
[2026-04-20T01:52:41.780+0000] {logging_mixin.py:190} INFO - [2026-04-20T01:52:41.779+0000] {dag.py:3239} INFO - Sync 1 DAGs
[2026-04-20T01:52:41.791+0000] {logging_mixin.py:190} INFO - [2026-04-20T01:52:41.791+0000] {dag.py:4180} INFO - Setting next_dagrun for hook_dag_v2 to None, run_after=None
[2026-04-20T01:52:41.807+0000] {processor.py:208} INFO - Processing /workspaces/meu-projeto-airflow/dags/hook_dag_v2.py took 0.054 seconds
[2026-04-20T01:53:23.333+0000] {processor.py:186} INFO - Started process (PID=59096) to work on /workspaces/meu-projeto-airflow/dags/hook_dag_v2.py
[2026-04-20T01:53:23.334+0000] {processor.py:914} INFO - Processing file /workspaces/meu-projeto-airflow/dags/hook_dag_v2.py for tasks to queue
[2026-04-20T01:53:23.335+0000] {logging_mixin.py:190} INFO - [2026-04-20T01:53:23.335+0000] {dagbag.py:588} INFO - Filling up the DagBag from /workspaces/meu-projeto-airflow/dags/hook_dag_v2.py
[2026-04-20T01:53:23.341+0000] {processor.py:925} INFO - DAG(s) 'hook_dag_v2' retrieved from /workspaces/meu-projeto-airflow/dags/hook_dag_v2.py
[2026-04-20T01:53:23.353+0000] {logging_mixin.py:190} INFO - [2026-04-20T01:53:23.352+0000] {dag.py:3239} INFO - Sync 1 DAGs
[2026-04-20T01:53:23.363+0000] {logging_mixin.py:190} INFO - [2026-04-20T01:53:23.363+0000] {dag.py:4180} INFO - Setting next_dagrun for hook_dag_v2 to None, run_after=None
[2026-04-20T01:53:23.386+0000] {processor.py:208} INFO - Processing /workspaces/meu-projeto-airflow/dags/hook_dag_v2.py took 0.057 seconds
[2026-04-20T01:54:39.818+0000] {processor.py:186} INFO - Started process (PID=59930) to work on /workspaces/meu-projeto-airflow/dags/hook_dag_v2.py
[2026-04-20T01:54:39.819+0000] {processor.py:914} INFO - Processing file /workspaces/meu-projeto-airflow/dags/hook_dag_v2.py for tasks to queue
[2026-04-20T01:54:39.820+0000] {logging_mixin.py:190} INFO - [2026-04-20T01:54:39.820+0000] {dagbag.py:588} INFO - Filling up the DagBag from /workspaces/meu-projeto-airflow/dags/hook_dag_v2.py
[2026-04-20T01:54:39.827+0000] {processor.py:925} INFO - DAG(s) 'hook_dag_v2' retrieved from /workspaces/meu-projeto-airflow/dags/hook_dag_v2.py
[2026-04-20T01:54:39.838+0000] {logging_mixin.py:190} INFO - [2026-04-20T01:54:39.838+0000] {dag.py:3239} INFO - Sync 1 DAGs
[2026-04-20T01:54:39.848+0000] {logging_mixin.py:190} INFO - [2026-04-20T01:54:39.848+0000] {dag.py:4180} INFO - Setting next_dagrun for hook_dag_v2 to None, run_after=None
[2026-04-20T01:54:39.865+0000] {processor.py:208} INFO - Processing /workspaces/meu-projeto-airflow/dags/hook_dag_v2.py took 0.051 seconds
[2026-04-20T01:55:18.726+0000] {processor.py:186} INFO - Started process (PID=60348) to work on /workspaces/meu-projeto-airflow/dags/hook_dag_v2.py
[2026-04-20T01:55:18.726+0000] {processor.py:914} INFO - Processing file /workspaces/meu-projeto-airflow/dags/hook_dag_v2.py for tasks to queue
[2026-04-20T01:55:18.727+0000] {logging_mixin.py:190} INFO - [2026-04-20T01:55:18.727+0000] {dagbag.py:588} INFO - Filling up the DagBag from /workspaces/meu-projeto-airflow/dags/hook_dag_v2.py
[2026-04-20T01:55:18.733+0000] {processor.py:925} INFO - DAG(s) 'hook_dag_v2' retrieved from /workspaces/meu-projeto-airflow/dags/hook_dag_v2.py
[2026-04-20T01:55:18.744+0000] {logging_mixin.py:190} INFO - [2026-04-20T01:55:18.744+0000] {dag.py:3239} INFO - Sync 1 DAGs
[2026-04-20T01:55:18.754+0000] {logging_mixin.py:190} INFO - [2026-04-20T01:55:18.754+0000] {dag.py:4180} INFO - Setting next_dagrun for hook_dag_v2 to None, run_after=None
[2026-04-20T01:55:18.771+0000] {processor.py:208} INFO - Processing /workspaces/meu-projeto-airflow/dags/hook_dag_v2.py took 0.050 seconds
[2026-04-20T01:55:58.804+0000] {processor.py:186} INFO - Started process (PID=60725) to work on /workspaces/meu-projeto-airflow/dags/hook_dag_v2.py
[2026-04-20T01:55:58.805+0000] {processor.py:914} INFO - Processing file /workspaces/meu-projeto-airflow/dags/hook_dag_v2.py for tasks to queue
[2026-04-20T01:55:58.806+0000] {logging_mixin.py:190} INFO - [2026-04-20T01:55:58.805+0000] {dagbag.py:588} INFO - Filling up the DagBag from /workspaces/meu-projeto-airflow/dags/hook_dag_v2.py
[2026-04-20T01:55:58.813+0000] {processor.py:925} INFO - DAG(s) 'hook_dag_v2' retrieved from /workspaces/meu-projeto-airflow/dags/hook_dag_v2.py
[2026-04-20T01:55:58.827+0000] {logging_mixin.py:190} INFO - [2026-04-20T01:55:58.827+0000] {dag.py:3239} INFO - Sync 1 DAGs
[2026-04-20T01:55:58.864+0000] {logging_mixin.py:190} INFO - [2026-04-20T01:55:58.861+0000] {dag.py:4180} INFO - Setting next_dagrun for hook_dag_v2 to None, run_after=None
[2026-04-20T01:55:58.925+0000] {processor.py:208} INFO - Processing /workspaces/meu-projeto-airflow/dags/hook_dag_v2.py took 0.127 seconds
[2026-04-20T01:57:13.520+0000] {processor.py:186} INFO - Started process (PID=61534) to work on /workspaces/meu-projeto-airflow/dags/hook_dag_v2.py
[2026-04-20T01:57:13.520+0000] {processor.py:914} INFO - Processing file /workspaces/meu-projeto-airflow/dags/hook_dag_v2.py for tasks to queue
[2026-04-20T01:57:13.521+0000] {logging_mixin.py:190} INFO - [2026-04-20T01:57:13.521+0000] {dagbag.py:588} INFO - Filling up the DagBag from /workspaces/meu-projeto-airflow/dags/hook_dag_v2.py
[2026-04-20T01:57:13.527+0000] {processor.py:925} INFO - DAG(s) 'hook_dag_v2' retrieved from /workspaces/meu-projeto-airflow/dags/hook_dag_v2.py
[2026-04-20T01:57:13.538+0000] {logging_mixin.py:190} INFO - [2026-04-20T01:57:13.538+0000] {dag.py:3239} INFO - Sync 1 DAGs
[2026-04-20T01:57:13.549+0000] {logging_mixin.py:190} INFO - [2026-04-20T01:57:13.549+0000] {dag.py:4180} INFO - Setting next_dagrun for hook_dag_v2 to None, run_after=None
[2026-04-20T01:57:13.565+0000] {processor.py:208} INFO - Processing /workspaces/meu-projeto-airflow/dags/hook_dag_v2.py took 0.049 seconds
[2026-04-20T14:13:24.509+0000] {processor.py:186} INFO - Started process (PID=7130) to work on /workspaces/meu-projeto-airflow/dags/hook_dag_v2.py
[2026-04-20T14:13:24.511+0000] {processor.py:914} INFO - Processing file /workspaces/meu-projeto-airflow/dags/hook_dag_v2.py for tasks to queue
[2026-04-20T14:13:24.513+0000] {logging_mixin.py:190} INFO - [2026-04-20T14:13:24.513+0000] {dagbag.py:588} INFO - Filling up the DagBag from /workspaces/meu-projeto-airflow/dags/hook_dag_v2.py
[2026-04-20T14:13:24.519+0000] {processor.py:925} INFO - DAG(s) 'hook_dag_v2' retrieved from /workspaces/meu-projeto-airflow/dags/hook_dag_v2.py
[2026-04-20T14:13:24.536+0000] {logging_mixin.py:190} INFO - [2026-04-20T14:13:24.536+0000] {dag.py:3239} INFO - Sync 1 DAGs
[2026-04-20T14:13:24.545+0000] {logging_mixin.py:190} INFO - [2026-04-20T14:13:24.545+0000] {dag.py:4180} INFO - Setting next_dagrun for hook_dag_v2 to None, run_after=None
[2026-04-20T14:13:24.562+0000] {processor.py:208} INFO - Processing /workspaces/meu-projeto-airflow/dags/hook_dag_v2.py took 0.057 seconds
[2026-04-20T14:14:32.648+0000] {processor.py:186} INFO - Started process (PID=7766) to work on /workspaces/meu-projeto-airflow/dags/hook_dag_v2.py
[2026-04-20T14:14:32.649+0000] {processor.py:914} INFO - Processing file /workspaces/meu-projeto-airflow/dags/hook_dag_v2.py for tasks to queue
[2026-04-20T14:14:32.651+0000] {logging_mixin.py:190} INFO - [2026-04-20T14:14:32.650+0000] {dagbag.py:588} INFO - Filling up the DagBag from /workspaces/meu-projeto-airflow/dags/hook_dag_v2.py
[2026-04-20T14:14:32.657+0000] {processor.py:925} INFO - DAG(s) 'hook_dag_v2' retrieved from /workspaces/meu-projeto-airflow/dags/hook_dag_v2.py
[2026-04-20T14:14:32.669+0000] {logging_mixin.py:190} INFO - [2026-04-20T14:14:32.668+0000] {dag.py:3239} INFO - Sync 1 DAGs
[2026-04-20T14:14:32.678+0000] {logging_mixin.py:190} INFO - [2026-04-20T14:14:32.678+0000] {dag.py:4180} INFO - Setting next_dagrun for hook_dag_v2 to None, run_after=None
[2026-04-20T14:14:32.694+0000] {processor.py:208} INFO - Processing /workspaces/meu-projeto-airflow/dags/hook_dag_v2.py took 0.050 seconds
[2026-04-20T14:15:55.092+0000] {processor.py:186} INFO - Started process (PID=9347) to work on /workspaces/meu-projeto-airflow/dags/hook_dag_v2.py
[2026-04-20T14:15:55.094+0000] {processor.py:914} INFO - Processing file /workspaces/meu-projeto-airflow/dags/hook_dag_v2.py for tasks to queue
[2026-04-20T14:15:55.096+0000] {logging_mixin.py:190} INFO - [2026-04-20T14:15:55.096+0000] {dagbag.py:588} INFO - Filling up the DagBag from /workspaces/meu-projeto-airflow/dags/hook_dag_v2.py
[2026-04-20T14:15:55.103+0000] {processor.py:925} INFO - DAG(s) 'hook_dag_v2' retrieved from /workspaces/meu-projeto-airflow/dags/hook_dag_v2.py
[2026-04-20T14:15:55.115+0000] {logging_mixin.py:190} INFO - [2026-04-20T14:15:55.115+0000] {dag.py:3239} INFO - Sync 1 DAGs
[2026-04-20T14:15:55.124+0000] {logging_mixin.py:190} INFO - [2026-04-20T14:15:55.124+0000] {dag.py:4180} INFO - Setting next_dagrun for hook_dag_v2 to None, run_after=None
[2026-04-20T14:15:55.141+0000] {processor.py:208} INFO - Processing /workspaces/meu-projeto-airflow/dags/hook_dag_v2.py took 0.053 seconds
