[2026-04-21T22:26:52.277+0000] {processor.py:186} INFO - Started process (PID=3701) to work on /workspaces/meu-projeto-airflow/dags/atividade_pratica2.py
[2026-04-21T22:26:52.278+0000] {processor.py:914} INFO - Processing file /workspaces/meu-projeto-airflow/dags/atividade_pratica2.py for tasks to queue
[2026-04-21T22:26:52.280+0000] {logging_mixin.py:190} INFO - [2026-04-21T22:26:52.279+0000] {dagbag.py:588} INFO - Filling up the DagBag from /workspaces/meu-projeto-airflow/dags/atividade_pratica2.py
[2026-04-21T22:26:52.286+0000] {processor.py:925} INFO - DAG(s) 'atividade_pratica2_cristina' retrieved from /workspaces/meu-projeto-airflow/dags/atividade_pratica2.py
[2026-04-21T22:26:52.305+0000] {logging_mixin.py:190} INFO - [2026-04-21T22:26:52.305+0000] {dag.py:3239} INFO - Sync 1 DAGs
[2026-04-21T22:26:52.316+0000] {logging_mixin.py:190} INFO - [2026-04-21T22:26:52.316+0000] {dag.py:4180} INFO - Setting next_dagrun for atividade_pratica2_cristina to None, run_after=None
[2026-04-21T22:26:52.332+0000] {processor.py:208} INFO - Processing /workspaces/meu-projeto-airflow/dags/atividade_pratica2.py took 0.059 seconds
[2026-04-21T22:28:02.520+0000] {processor.py:186} INFO - Started process (PID=5351) to work on /workspaces/meu-projeto-airflow/dags/atividade_pratica2.py
[2026-04-21T22:28:02.521+0000] {processor.py:914} INFO - Processing file /workspaces/meu-projeto-airflow/dags/atividade_pratica2.py for tasks to queue
[2026-04-21T22:28:02.522+0000] {logging_mixin.py:190} INFO - [2026-04-21T22:28:02.522+0000] {dagbag.py:588} INFO - Filling up the DagBag from /workspaces/meu-projeto-airflow/dags/atividade_pratica2.py
[2026-04-21T22:28:02.529+0000] {processor.py:925} INFO - DAG(s) 'atividade_pratica2_cristina' retrieved from /workspaces/meu-projeto-airflow/dags/atividade_pratica2.py
[2026-04-21T22:28:02.548+0000] {logging_mixin.py:190} INFO - [2026-04-21T22:28:02.548+0000] {dag.py:3239} INFO - Sync 1 DAGs
[2026-04-21T22:28:02.563+0000] {logging_mixin.py:190} INFO - [2026-04-21T22:28:02.563+0000] {dag.py:4180} INFO - Setting next_dagrun for atividade_pratica2_cristina to None, run_after=None
[2026-04-21T22:28:02.580+0000] {processor.py:208} INFO - Processing /workspaces/meu-projeto-airflow/dags/atividade_pratica2.py took 0.065 seconds
[2026-04-21T22:28:43.886+0000] {processor.py:186} INFO - Started process (PID=6236) to work on /workspaces/meu-projeto-airflow/dags/atividade_pratica2.py
[2026-04-21T22:28:43.923+0000] {processor.py:914} INFO - Processing file /workspaces/meu-projeto-airflow/dags/atividade_pratica2.py for tasks to queue
[2026-04-21T22:28:43.928+0000] {logging_mixin.py:190} INFO - [2026-04-21T22:28:43.927+0000] {dagbag.py:588} INFO - Filling up the DagBag from /workspaces/meu-projeto-airflow/dags/atividade_pratica2.py
[2026-04-21T22:28:43.940+0000] {processor.py:925} INFO - DAG(s) 'atividade_pratica2_cristina' retrieved from /workspaces/meu-projeto-airflow/dags/atividade_pratica2.py
[2026-04-21T22:28:43.958+0000] {logging_mixin.py:190} INFO - [2026-04-21T22:28:43.958+0000] {dag.py:3239} INFO - Sync 1 DAGs
[2026-04-21T22:28:43.979+0000] {logging_mixin.py:190} INFO - [2026-04-21T22:28:43.979+0000] {dag.py:4180} INFO - Setting next_dagrun for atividade_pratica2_cristina to None, run_after=None
[2026-04-21T22:28:44.045+0000] {processor.py:208} INFO - Processing /workspaces/meu-projeto-airflow/dags/atividade_pratica2.py took 0.163 seconds
[2026-04-21T22:29:25.161+0000] {processor.py:186} INFO - Started process (PID=7084) to work on /workspaces/meu-projeto-airflow/dags/atividade_pratica2.py
[2026-04-21T22:29:25.162+0000] {processor.py:914} INFO - Processing file /workspaces/meu-projeto-airflow/dags/atividade_pratica2.py for tasks to queue
[2026-04-21T22:29:25.163+0000] {logging_mixin.py:190} INFO - [2026-04-21T22:29:25.163+0000] {dagbag.py:588} INFO - Filling up the DagBag from /workspaces/meu-projeto-airflow/dags/atividade_pratica2.py
[2026-04-21T22:29:25.170+0000] {processor.py:925} INFO - DAG(s) 'atividade_pratica2_cristina' retrieved from /workspaces/meu-projeto-airflow/dags/atividade_pratica2.py
[2026-04-21T22:29:25.183+0000] {logging_mixin.py:190} INFO - [2026-04-21T22:29:25.183+0000] {dag.py:3239} INFO - Sync 1 DAGs
[2026-04-21T22:29:25.192+0000] {logging_mixin.py:190} INFO - [2026-04-21T22:29:25.192+0000] {dag.py:4180} INFO - Setting next_dagrun for atividade_pratica2_cristina to None, run_after=None
[2026-04-21T22:29:25.207+0000] {processor.py:208} INFO - Processing /workspaces/meu-projeto-airflow/dags/atividade_pratica2.py took 0.052 seconds
[2026-04-21T22:30:05.702+0000] {processor.py:186} INFO - Started process (PID=7698) to work on /workspaces/meu-projeto-airflow/dags/atividade_pratica2.py
[2026-04-21T22:30:05.702+0000] {processor.py:914} INFO - Processing file /workspaces/meu-projeto-airflow/dags/atividade_pratica2.py for tasks to queue
[2026-04-21T22:30:05.704+0000] {logging_mixin.py:190} INFO - [2026-04-21T22:30:05.704+0000] {dagbag.py:588} INFO - Filling up the DagBag from /workspaces/meu-projeto-airflow/dags/atividade_pratica2.py
[2026-04-21T22:30:05.711+0000] {processor.py:925} INFO - DAG(s) 'atividade_pratica2_cristina' retrieved from /workspaces/meu-projeto-airflow/dags/atividade_pratica2.py
[2026-04-21T22:30:05.725+0000] {logging_mixin.py:190} INFO - [2026-04-21T22:30:05.725+0000] {dag.py:3239} INFO - Sync 1 DAGs
[2026-04-21T22:30:05.735+0000] {logging_mixin.py:190} INFO - [2026-04-21T22:30:05.735+0000] {dag.py:4180} INFO - Setting next_dagrun for atividade_pratica2_cristina to None, run_after=None
[2026-04-21T22:30:05.750+0000] {processor.py:208} INFO - Processing /workspaces/meu-projeto-airflow/dags/atividade_pratica2.py took 0.053 seconds
[2026-04-21T22:31:19.172+0000] {processor.py:186} INFO - Started process (PID=8680) to work on /workspaces/meu-projeto-airflow/dags/atividade_pratica2.py
[2026-04-21T22:31:19.172+0000] {processor.py:914} INFO - Processing file /workspaces/meu-projeto-airflow/dags/atividade_pratica2.py for tasks to queue
[2026-04-21T22:31:19.174+0000] {logging_mixin.py:190} INFO - [2026-04-21T22:31:19.174+0000] {dagbag.py:588} INFO - Filling up the DagBag from /workspaces/meu-projeto-airflow/dags/atividade_pratica2.py
[2026-04-21T22:31:19.181+0000] {processor.py:925} INFO - DAG(s) 'atividade_pratica2_cristina' retrieved from /workspaces/meu-projeto-airflow/dags/atividade_pratica2.py
[2026-04-21T22:31:19.212+0000] {logging_mixin.py:190} INFO - [2026-04-21T22:31:19.212+0000] {dag.py:3239} INFO - Sync 1 DAGs
[2026-04-21T22:31:19.265+0000] {logging_mixin.py:190} INFO - [2026-04-21T22:31:19.264+0000] {dag.py:4180} INFO - Setting next_dagrun for atividade_pratica2_cristina to None, run_after=None
[2026-04-21T22:31:19.304+0000] {processor.py:208} INFO - Processing /workspaces/meu-projeto-airflow/dags/atividade_pratica2.py took 0.137 seconds
[2026-04-21T22:32:00.544+0000] {processor.py:186} INFO - Started process (PID=9333) to work on /workspaces/meu-projeto-airflow/dags/atividade_pratica2.py
[2026-04-21T22:32:00.545+0000] {processor.py:914} INFO - Processing file /workspaces/meu-projeto-airflow/dags/atividade_pratica2.py for tasks to queue
[2026-04-21T22:32:00.547+0000] {logging_mixin.py:190} INFO - [2026-04-21T22:32:00.547+0000] {dagbag.py:588} INFO - Filling up the DagBag from /workspaces/meu-projeto-airflow/dags/atividade_pratica2.py
[2026-04-21T22:32:00.562+0000] {processor.py:925} INFO - DAG(s) 'atividade_pratica2_cristina' retrieved from /workspaces/meu-projeto-airflow/dags/atividade_pratica2.py
[2026-04-21T22:32:00.589+0000] {logging_mixin.py:190} INFO - [2026-04-21T22:32:00.588+0000] {dag.py:3239} INFO - Sync 1 DAGs
[2026-04-21T22:32:00.602+0000] {logging_mixin.py:190} INFO - [2026-04-21T22:32:00.602+0000] {dag.py:4180} INFO - Setting next_dagrun for atividade_pratica2_cristina to None, run_after=None
[2026-04-21T22:32:00.640+0000] {processor.py:208} INFO - Processing /workspaces/meu-projeto-airflow/dags/atividade_pratica2.py took 0.102 seconds
[2026-04-21T22:32:43.675+0000] {processor.py:186} INFO - Started process (PID=9760) to work on /workspaces/meu-projeto-airflow/dags/atividade_pratica2.py
[2026-04-21T22:32:43.676+0000] {processor.py:914} INFO - Processing file /workspaces/meu-projeto-airflow/dags/atividade_pratica2.py for tasks to queue
[2026-04-21T22:32:43.678+0000] {logging_mixin.py:190} INFO - [2026-04-21T22:32:43.678+0000] {dagbag.py:588} INFO - Filling up the DagBag from /workspaces/meu-projeto-airflow/dags/atividade_pratica2.py
[2026-04-21T22:32:43.686+0000] {processor.py:925} INFO - DAG(s) 'atividade_pratica2_cristina' retrieved from /workspaces/meu-projeto-airflow/dags/atividade_pratica2.py
[2026-04-21T22:32:43.714+0000] {logging_mixin.py:190} INFO - [2026-04-21T22:32:43.714+0000] {dag.py:3239} INFO - Sync 1 DAGs
[2026-04-21T22:32:43.726+0000] {logging_mixin.py:190} INFO - [2026-04-21T22:32:43.726+0000] {dag.py:4180} INFO - Setting next_dagrun for atividade_pratica2_cristina to None, run_after=None
[2026-04-21T22:32:43.741+0000] {processor.py:208} INFO - Processing /workspaces/meu-projeto-airflow/dags/atividade_pratica2.py took 0.072 seconds
[2026-04-21T22:33:24.369+0000] {processor.py:186} INFO - Started process (PID=10365) to work on /workspaces/meu-projeto-airflow/dags/atividade_pratica2.py
[2026-04-21T22:33:24.370+0000] {processor.py:914} INFO - Processing file /workspaces/meu-projeto-airflow/dags/atividade_pratica2.py for tasks to queue
[2026-04-21T22:33:24.375+0000] {logging_mixin.py:190} INFO - [2026-04-21T22:33:24.374+0000] {dagbag.py:588} INFO - Filling up the DagBag from /workspaces/meu-projeto-airflow/dags/atividade_pratica2.py
[2026-04-21T22:33:24.392+0000] {processor.py:925} INFO - DAG(s) 'atividade_pratica2_cristina' retrieved from /workspaces/meu-projeto-airflow/dags/atividade_pratica2.py
[2026-04-21T22:33:24.428+0000] {logging_mixin.py:190} INFO - [2026-04-21T22:33:24.428+0000] {dag.py:3239} INFO - Sync 1 DAGs
[2026-04-21T22:33:24.441+0000] {logging_mixin.py:190} INFO - [2026-04-21T22:33:24.441+0000] {dag.py:4180} INFO - Setting next_dagrun for atividade_pratica2_cristina to None, run_after=None
[2026-04-21T22:33:24.457+0000] {processor.py:208} INFO - Processing /workspaces/meu-projeto-airflow/dags/atividade_pratica2.py took 0.101 seconds
[2026-04-21T22:34:03.145+0000] {processor.py:186} INFO - Started process (PID=10812) to work on /workspaces/meu-projeto-airflow/dags/atividade_pratica2.py
[2026-04-21T22:34:03.146+0000] {processor.py:914} INFO - Processing file /workspaces/meu-projeto-airflow/dags/atividade_pratica2.py for tasks to queue
[2026-04-21T22:34:03.147+0000] {logging_mixin.py:190} INFO - [2026-04-21T22:34:03.147+0000] {dagbag.py:588} INFO - Filling up the DagBag from /workspaces/meu-projeto-airflow/dags/atividade_pratica2.py
[2026-04-21T22:34:03.154+0000] {processor.py:925} INFO - DAG(s) 'atividade_pratica2_cristina' retrieved from /workspaces/meu-projeto-airflow/dags/atividade_pratica2.py
[2026-04-21T22:34:03.167+0000] {logging_mixin.py:190} INFO - [2026-04-21T22:34:03.167+0000] {dag.py:3239} INFO - Sync 1 DAGs
[2026-04-21T22:34:03.177+0000] {logging_mixin.py:190} INFO - [2026-04-21T22:34:03.177+0000] {dag.py:4180} INFO - Setting next_dagrun for atividade_pratica2_cristina to None, run_after=None
[2026-04-21T22:34:03.192+0000] {processor.py:208} INFO - Processing /workspaces/meu-projeto-airflow/dags/atividade_pratica2.py took 0.051 seconds
[2026-04-21T22:35:18.159+0000] {processor.py:186} INFO - Started process (PID=11601) to work on /workspaces/meu-projeto-airflow/dags/atividade_pratica2.py
[2026-04-21T22:35:18.160+0000] {processor.py:914} INFO - Processing file /workspaces/meu-projeto-airflow/dags/atividade_pratica2.py for tasks to queue
[2026-04-21T22:35:18.161+0000] {logging_mixin.py:190} INFO - [2026-04-21T22:35:18.161+0000] {dagbag.py:588} INFO - Filling up the DagBag from /workspaces/meu-projeto-airflow/dags/atividade_pratica2.py
[2026-04-21T22:35:18.168+0000] {processor.py:925} INFO - DAG(s) 'atividade_pratica2_cristina' retrieved from /workspaces/meu-projeto-airflow/dags/atividade_pratica2.py
[2026-04-21T22:35:18.181+0000] {logging_mixin.py:190} INFO - [2026-04-21T22:35:18.181+0000] {dag.py:3239} INFO - Sync 1 DAGs
[2026-04-21T22:35:18.191+0000] {logging_mixin.py:190} INFO - [2026-04-21T22:35:18.191+0000] {dag.py:4180} INFO - Setting next_dagrun for atividade_pratica2_cristina to None, run_after=None
[2026-04-21T22:35:18.207+0000] {processor.py:208} INFO - Processing /workspaces/meu-projeto-airflow/dags/atividade_pratica2.py took 0.053 seconds
[2026-04-21T22:35:56.229+0000] {processor.py:186} INFO - Started process (PID=12014) to work on /workspaces/meu-projeto-airflow/dags/atividade_pratica2.py
[2026-04-21T22:35:56.230+0000] {processor.py:914} INFO - Processing file /workspaces/meu-projeto-airflow/dags/atividade_pratica2.py for tasks to queue
[2026-04-21T22:35:56.232+0000] {logging_mixin.py:190} INFO - [2026-04-21T22:35:56.232+0000] {dagbag.py:588} INFO - Filling up the DagBag from /workspaces/meu-projeto-airflow/dags/atividade_pratica2.py
[2026-04-21T22:35:56.238+0000] {processor.py:925} INFO - DAG(s) 'atividade_pratica2_cristina' retrieved from /workspaces/meu-projeto-airflow/dags/atividade_pratica2.py
[2026-04-21T22:35:56.253+0000] {logging_mixin.py:190} INFO - [2026-04-21T22:35:56.252+0000] {dag.py:3239} INFO - Sync 1 DAGs
[2026-04-21T22:35:56.262+0000] {logging_mixin.py:190} INFO - [2026-04-21T22:35:56.262+0000] {dag.py:4180} INFO - Setting next_dagrun for atividade_pratica2_cristina to None, run_after=None
[2026-04-21T22:35:56.278+0000] {processor.py:208} INFO - Processing /workspaces/meu-projeto-airflow/dags/atividade_pratica2.py took 0.053 seconds
[2026-04-21T22:36:35.990+0000] {processor.py:186} INFO - Started process (PID=12398) to work on /workspaces/meu-projeto-airflow/dags/atividade_pratica2.py
[2026-04-21T22:36:35.993+0000] {processor.py:914} INFO - Processing file /workspaces/meu-projeto-airflow/dags/atividade_pratica2.py for tasks to queue
[2026-04-21T22:36:35.999+0000] {logging_mixin.py:190} INFO - [2026-04-21T22:36:35.999+0000] {dagbag.py:588} INFO - Filling up the DagBag from /workspaces/meu-projeto-airflow/dags/atividade_pratica2.py
[2026-04-21T22:36:36.032+0000] {processor.py:925} INFO - DAG(s) 'atividade_pratica2_cristina' retrieved from /workspaces/meu-projeto-airflow/dags/atividade_pratica2.py
[2026-04-21T22:36:36.085+0000] {logging_mixin.py:190} INFO - [2026-04-21T22:36:36.084+0000] {dag.py:3239} INFO - Sync 1 DAGs
[2026-04-21T22:36:36.113+0000] {logging_mixin.py:190} INFO - [2026-04-21T22:36:36.113+0000] {dag.py:4180} INFO - Setting next_dagrun for atividade_pratica2_cristina to None, run_after=None
[2026-04-21T22:36:36.152+0000] {processor.py:208} INFO - Processing /workspaces/meu-projeto-airflow/dags/atividade_pratica2.py took 0.176 seconds
[2026-04-21T22:37:14.844+0000] {processor.py:186} INFO - Started process (PID=12906) to work on /workspaces/meu-projeto-airflow/dags/atividade_pratica2.py
[2026-04-21T22:37:14.845+0000] {processor.py:914} INFO - Processing file /workspaces/meu-projeto-airflow/dags/atividade_pratica2.py for tasks to queue
[2026-04-21T22:37:14.848+0000] {logging_mixin.py:190} INFO - [2026-04-21T22:37:14.847+0000] {dagbag.py:588} INFO - Filling up the DagBag from /workspaces/meu-projeto-airflow/dags/atividade_pratica2.py
[2026-04-21T22:37:14.857+0000] {processor.py:925} INFO - DAG(s) 'atividade_pratica2_cristina' retrieved from /workspaces/meu-projeto-airflow/dags/atividade_pratica2.py
[2026-04-21T22:37:14.947+0000] {logging_mixin.py:190} INFO - [2026-04-21T22:37:14.944+0000] {dag.py:3239} INFO - Sync 1 DAGs
[2026-04-21T22:37:14.967+0000] {logging_mixin.py:190} INFO - [2026-04-21T22:37:14.967+0000] {dag.py:4180} INFO - Setting next_dagrun for atividade_pratica2_cristina to None, run_after=None
[2026-04-21T22:37:14.989+0000] {processor.py:208} INFO - Processing /workspaces/meu-projeto-airflow/dags/atividade_pratica2.py took 0.151 seconds
[2026-04-21T22:37:54.912+0000] {processor.py:186} INFO - Started process (PID=13465) to work on /workspaces/meu-projeto-airflow/dags/atividade_pratica2.py
[2026-04-21T22:37:54.912+0000] {processor.py:914} INFO - Processing file /workspaces/meu-projeto-airflow/dags/atividade_pratica2.py for tasks to queue
[2026-04-21T22:37:54.914+0000] {logging_mixin.py:190} INFO - [2026-04-21T22:37:54.914+0000] {dagbag.py:588} INFO - Filling up the DagBag from /workspaces/meu-projeto-airflow/dags/atividade_pratica2.py
[2026-04-21T22:37:54.921+0000] {processor.py:925} INFO - DAG(s) 'atividade_pratica2_cristina' retrieved from /workspaces/meu-projeto-airflow/dags/atividade_pratica2.py
[2026-04-21T22:37:54.936+0000] {logging_mixin.py:190} INFO - [2026-04-21T22:37:54.935+0000] {dag.py:3239} INFO - Sync 1 DAGs
[2026-04-21T22:37:54.945+0000] {logging_mixin.py:190} INFO - [2026-04-21T22:37:54.945+0000] {dag.py:4180} INFO - Setting next_dagrun for atividade_pratica2_cristina to None, run_after=None
[2026-04-21T22:37:54.971+0000] {processor.py:208} INFO - Processing /workspaces/meu-projeto-airflow/dags/atividade_pratica2.py took 0.064 seconds
[2026-04-21T22:38:36.011+0000] {processor.py:186} INFO - Started process (PID=14048) to work on /workspaces/meu-projeto-airflow/dags/atividade_pratica2.py
[2026-04-21T22:38:36.012+0000] {processor.py:914} INFO - Processing file /workspaces/meu-projeto-airflow/dags/atividade_pratica2.py for tasks to queue
[2026-04-21T22:38:36.015+0000] {logging_mixin.py:190} INFO - [2026-04-21T22:38:36.014+0000] {dagbag.py:588} INFO - Filling up the DagBag from /workspaces/meu-projeto-airflow/dags/atividade_pratica2.py
[2026-04-21T22:38:36.024+0000] {processor.py:925} INFO - DAG(s) 'atividade_pratica2_cristina' retrieved from /workspaces/meu-projeto-airflow/dags/atividade_pratica2.py
[2026-04-21T22:38:36.065+0000] {logging_mixin.py:190} INFO - [2026-04-21T22:38:36.065+0000] {dag.py:3239} INFO - Sync 1 DAGs
[2026-04-21T22:38:36.081+0000] {logging_mixin.py:190} INFO - [2026-04-21T22:38:36.081+0000] {dag.py:4180} INFO - Setting next_dagrun for atividade_pratica2_cristina to None, run_after=None
[2026-04-21T22:38:36.102+0000] {processor.py:208} INFO - Processing /workspaces/meu-projeto-airflow/dags/atividade_pratica2.py took 0.100 seconds
[2026-04-21T22:39:16.007+0000] {processor.py:186} INFO - Started process (PID=14475) to work on /workspaces/meu-projeto-airflow/dags/atividade_pratica2.py
[2026-04-21T22:39:16.007+0000] {processor.py:914} INFO - Processing file /workspaces/meu-projeto-airflow/dags/atividade_pratica2.py for tasks to queue
[2026-04-21T22:39:16.009+0000] {logging_mixin.py:190} INFO - [2026-04-21T22:39:16.009+0000] {dagbag.py:588} INFO - Filling up the DagBag from /workspaces/meu-projeto-airflow/dags/atividade_pratica2.py
[2026-04-21T22:39:16.016+0000] {processor.py:925} INFO - DAG(s) 'atividade_pratica2_cristina' retrieved from /workspaces/meu-projeto-airflow/dags/atividade_pratica2.py
[2026-04-21T22:39:16.029+0000] {logging_mixin.py:190} INFO - [2026-04-21T22:39:16.029+0000] {dag.py:3239} INFO - Sync 1 DAGs
[2026-04-21T22:39:16.044+0000] {logging_mixin.py:190} INFO - [2026-04-21T22:39:16.044+0000] {dag.py:4180} INFO - Setting next_dagrun for atividade_pratica2_cristina to None, run_after=None
[2026-04-21T22:39:16.091+0000] {processor.py:208} INFO - Processing /workspaces/meu-projeto-airflow/dags/atividade_pratica2.py took 0.089 seconds
[2026-04-21T22:40:30.654+0000] {processor.py:186} INFO - Started process (PID=15190) to work on /workspaces/meu-projeto-airflow/dags/atividade_pratica2.py
[2026-04-21T22:40:30.655+0000] {processor.py:914} INFO - Processing file /workspaces/meu-projeto-airflow/dags/atividade_pratica2.py for tasks to queue
[2026-04-21T22:40:30.658+0000] {logging_mixin.py:190} INFO - [2026-04-21T22:40:30.657+0000] {dagbag.py:588} INFO - Filling up the DagBag from /workspaces/meu-projeto-airflow/dags/atividade_pratica2.py
[2026-04-21T22:40:30.669+0000] {processor.py:925} INFO - DAG(s) 'atividade_pratica2_cristina' retrieved from /workspaces/meu-projeto-airflow/dags/atividade_pratica2.py
[2026-04-21T22:40:30.695+0000] {logging_mixin.py:190} INFO - [2026-04-21T22:40:30.695+0000] {dag.py:3239} INFO - Sync 1 DAGs
[2026-04-21T22:40:30.719+0000] {logging_mixin.py:190} INFO - [2026-04-21T22:40:30.719+0000] {dag.py:4180} INFO - Setting next_dagrun for atividade_pratica2_cristina to None, run_after=None
[2026-04-21T22:40:30.773+0000] {processor.py:208} INFO - Processing /workspaces/meu-projeto-airflow/dags/atividade_pratica2.py took 0.124 seconds
[2026-04-21T22:41:11.524+0000] {processor.py:186} INFO - Started process (PID=15673) to work on /workspaces/meu-projeto-airflow/dags/atividade_pratica2.py
[2026-04-21T22:41:11.526+0000] {processor.py:914} INFO - Processing file /workspaces/meu-projeto-airflow/dags/atividade_pratica2.py for tasks to queue
[2026-04-21T22:41:11.531+0000] {logging_mixin.py:190} INFO - [2026-04-21T22:41:11.531+0000] {dagbag.py:588} INFO - Filling up the DagBag from /workspaces/meu-projeto-airflow/dags/atividade_pratica2.py
[2026-04-21T22:41:11.543+0000] {processor.py:925} INFO - DAG(s) 'atividade_pratica2_cristina' retrieved from /workspaces/meu-projeto-airflow/dags/atividade_pratica2.py
[2026-04-21T22:41:11.591+0000] {logging_mixin.py:190} INFO - [2026-04-21T22:41:11.591+0000] {dag.py:3239} INFO - Sync 1 DAGs
[2026-04-21T22:41:11.616+0000] {logging_mixin.py:190} INFO - [2026-04-21T22:41:11.616+0000] {dag.py:4180} INFO - Setting next_dagrun for atividade_pratica2_cristina to None, run_after=None
[2026-04-21T22:41:11.638+0000] {processor.py:208} INFO - Processing /workspaces/meu-projeto-airflow/dags/atividade_pratica2.py took 0.122 seconds
[2026-04-21T22:41:51.873+0000] {processor.py:186} INFO - Started process (PID=16189) to work on /workspaces/meu-projeto-airflow/dags/atividade_pratica2.py
[2026-04-21T22:41:51.874+0000] {processor.py:914} INFO - Processing file /workspaces/meu-projeto-airflow/dags/atividade_pratica2.py for tasks to queue
[2026-04-21T22:41:51.876+0000] {logging_mixin.py:190} INFO - [2026-04-21T22:41:51.876+0000] {dagbag.py:588} INFO - Filling up the DagBag from /workspaces/meu-projeto-airflow/dags/atividade_pratica2.py
[2026-04-21T22:41:51.883+0000] {processor.py:925} INFO - DAG(s) 'atividade_pratica2_cristina' retrieved from /workspaces/meu-projeto-airflow/dags/atividade_pratica2.py
[2026-04-21T22:41:51.896+0000] {logging_mixin.py:190} INFO - [2026-04-21T22:41:51.896+0000] {dag.py:3239} INFO - Sync 1 DAGs
[2026-04-21T22:41:51.917+0000] {logging_mixin.py:190} INFO - [2026-04-21T22:41:51.917+0000] {dag.py:4180} INFO - Setting next_dagrun for atividade_pratica2_cristina to None, run_after=None
[2026-04-21T22:41:51.953+0000] {processor.py:208} INFO - Processing /workspaces/meu-projeto-airflow/dags/atividade_pratica2.py took 0.084 seconds
[2026-04-21T22:42:30.914+0000] {processor.py:186} INFO - Started process (PID=16610) to work on /workspaces/meu-projeto-airflow/dags/atividade_pratica2.py
[2026-04-21T22:42:30.915+0000] {processor.py:914} INFO - Processing file /workspaces/meu-projeto-airflow/dags/atividade_pratica2.py for tasks to queue
[2026-04-21T22:42:30.918+0000] {logging_mixin.py:190} INFO - [2026-04-21T22:42:30.918+0000] {dagbag.py:588} INFO - Filling up the DagBag from /workspaces/meu-projeto-airflow/dags/atividade_pratica2.py
[2026-04-21T22:42:30.925+0000] {processor.py:925} INFO - DAG(s) 'atividade_pratica2_cristina' retrieved from /workspaces/meu-projeto-airflow/dags/atividade_pratica2.py
[2026-04-21T22:42:30.939+0000] {logging_mixin.py:190} INFO - [2026-04-21T22:42:30.939+0000] {dag.py:3239} INFO - Sync 1 DAGs
[2026-04-21T22:42:30.949+0000] {logging_mixin.py:190} INFO - [2026-04-21T22:42:30.949+0000] {dag.py:4180} INFO - Setting next_dagrun for atividade_pratica2_cristina to None, run_after=None
[2026-04-21T22:42:30.967+0000] {processor.py:208} INFO - Processing /workspaces/meu-projeto-airflow/dags/atividade_pratica2.py took 0.068 seconds
[2026-04-21T22:43:10.494+0000] {processor.py:186} INFO - Started process (PID=17048) to work on /workspaces/meu-projeto-airflow/dags/atividade_pratica2.py
[2026-04-21T22:43:10.495+0000] {processor.py:914} INFO - Processing file /workspaces/meu-projeto-airflow/dags/atividade_pratica2.py for tasks to queue
[2026-04-21T22:43:10.500+0000] {logging_mixin.py:190} INFO - [2026-04-21T22:43:10.499+0000] {dagbag.py:588} INFO - Filling up the DagBag from /workspaces/meu-projeto-airflow/dags/atividade_pratica2.py
[2026-04-21T22:43:10.511+0000] {processor.py:925} INFO - DAG(s) 'atividade_pratica2_cristina' retrieved from /workspaces/meu-projeto-airflow/dags/atividade_pratica2.py
[2026-04-21T22:43:10.554+0000] {logging_mixin.py:190} INFO - [2026-04-21T22:43:10.554+0000] {dag.py:3239} INFO - Sync 1 DAGs
[2026-04-21T22:43:10.568+0000] {logging_mixin.py:190} INFO - [2026-04-21T22:43:10.568+0000] {dag.py:4180} INFO - Setting next_dagrun for atividade_pratica2_cristina to None, run_after=None
[2026-04-21T22:43:10.657+0000] {processor.py:208} INFO - Processing /workspaces/meu-projeto-airflow/dags/atividade_pratica2.py took 0.171 seconds
[2026-04-21T22:43:50.128+0000] {processor.py:186} INFO - Started process (PID=17536) to work on /workspaces/meu-projeto-airflow/dags/atividade_pratica2.py
[2026-04-21T22:43:50.129+0000] {processor.py:914} INFO - Processing file /workspaces/meu-projeto-airflow/dags/atividade_pratica2.py for tasks to queue
[2026-04-21T22:43:50.133+0000] {logging_mixin.py:190} INFO - [2026-04-21T22:43:50.132+0000] {dagbag.py:588} INFO - Filling up the DagBag from /workspaces/meu-projeto-airflow/dags/atividade_pratica2.py
[2026-04-21T22:43:50.142+0000] {processor.py:925} INFO - DAG(s) 'atividade_pratica2_cristina' retrieved from /workspaces/meu-projeto-airflow/dags/atividade_pratica2.py
[2026-04-21T22:43:50.160+0000] {logging_mixin.py:190} INFO - [2026-04-21T22:43:50.160+0000] {dag.py:3239} INFO - Sync 1 DAGs
[2026-04-21T22:43:50.170+0000] {logging_mixin.py:190} INFO - [2026-04-21T22:43:50.170+0000] {dag.py:4180} INFO - Setting next_dagrun for atividade_pratica2_cristina to None, run_after=None
[2026-04-21T22:43:50.186+0000] {processor.py:208} INFO - Processing /workspaces/meu-projeto-airflow/dags/atividade_pratica2.py took 0.079 seconds
[2026-04-21T22:44:28.289+0000] {processor.py:186} INFO - Started process (PID=17892) to work on /workspaces/meu-projeto-airflow/dags/atividade_pratica2.py
[2026-04-21T22:44:28.290+0000] {processor.py:914} INFO - Processing file /workspaces/meu-projeto-airflow/dags/atividade_pratica2.py for tasks to queue
[2026-04-21T22:44:28.291+0000] {logging_mixin.py:190} INFO - [2026-04-21T22:44:28.291+0000] {dagbag.py:588} INFO - Filling up the DagBag from /workspaces/meu-projeto-airflow/dags/atividade_pratica2.py
[2026-04-21T22:44:28.298+0000] {processor.py:925} INFO - DAG(s) 'atividade_pratica2_cristina' retrieved from /workspaces/meu-projeto-airflow/dags/atividade_pratica2.py
[2026-04-21T22:44:28.311+0000] {logging_mixin.py:190} INFO - [2026-04-21T22:44:28.311+0000] {dag.py:3239} INFO - Sync 1 DAGs
[2026-04-21T22:44:28.321+0000] {logging_mixin.py:190} INFO - [2026-04-21T22:44:28.321+0000] {dag.py:4180} INFO - Setting next_dagrun for atividade_pratica2_cristina to None, run_after=None
[2026-04-21T22:44:28.337+0000] {processor.py:208} INFO - Processing /workspaces/meu-projeto-airflow/dags/atividade_pratica2.py took 0.052 seconds
[2026-04-21T22:45:08.761+0000] {processor.py:186} INFO - Started process (PID=18527) to work on /workspaces/meu-projeto-airflow/dags/atividade_pratica2.py
[2026-04-21T22:45:08.764+0000] {processor.py:914} INFO - Processing file /workspaces/meu-projeto-airflow/dags/atividade_pratica2.py for tasks to queue
[2026-04-21T22:45:08.768+0000] {logging_mixin.py:190} INFO - [2026-04-21T22:45:08.767+0000] {dagbag.py:588} INFO - Filling up the DagBag from /workspaces/meu-projeto-airflow/dags/atividade_pratica2.py
[2026-04-21T22:45:08.775+0000] {processor.py:925} INFO - DAG(s) 'atividade_pratica2_cristina' retrieved from /workspaces/meu-projeto-airflow/dags/atividade_pratica2.py
[2026-04-21T22:45:08.789+0000] {logging_mixin.py:190} INFO - [2026-04-21T22:45:08.788+0000] {dag.py:3239} INFO - Sync 1 DAGs
[2026-04-21T22:45:08.798+0000] {logging_mixin.py:190} INFO - [2026-04-21T22:45:08.798+0000] {dag.py:4180} INFO - Setting next_dagrun for atividade_pratica2_cristina to None, run_after=None
[2026-04-21T22:45:08.813+0000] {processor.py:208} INFO - Processing /workspaces/meu-projeto-airflow/dags/atividade_pratica2.py took 0.059 seconds
[2026-04-21T22:45:47.058+0000] {processor.py:186} INFO - Started process (PID=18952) to work on /workspaces/meu-projeto-airflow/dags/atividade_pratica2.py
[2026-04-21T22:45:47.058+0000] {processor.py:914} INFO - Processing file /workspaces/meu-projeto-airflow/dags/atividade_pratica2.py for tasks to queue
[2026-04-21T22:45:47.060+0000] {logging_mixin.py:190} INFO - [2026-04-21T22:45:47.060+0000] {dagbag.py:588} INFO - Filling up the DagBag from /workspaces/meu-projeto-airflow/dags/atividade_pratica2.py
[2026-04-21T22:45:47.067+0000] {processor.py:925} INFO - DAG(s) 'atividade_pratica2_cristina' retrieved from /workspaces/meu-projeto-airflow/dags/atividade_pratica2.py
[2026-04-21T22:45:47.080+0000] {logging_mixin.py:190} INFO - [2026-04-21T22:45:47.080+0000] {dag.py:3239} INFO - Sync 1 DAGs
[2026-04-21T22:45:47.089+0000] {logging_mixin.py:190} INFO - [2026-04-21T22:45:47.089+0000] {dag.py:4180} INFO - Setting next_dagrun for atividade_pratica2_cristina to None, run_after=None
[2026-04-21T22:45:47.105+0000] {processor.py:208} INFO - Processing /workspaces/meu-projeto-airflow/dags/atividade_pratica2.py took 0.052 seconds
[2026-04-21T22:46:29.242+0000] {processor.py:186} INFO - Started process (PID=19337) to work on /workspaces/meu-projeto-airflow/dags/atividade_pratica2.py
[2026-04-21T22:46:29.242+0000] {processor.py:914} INFO - Processing file /workspaces/meu-projeto-airflow/dags/atividade_pratica2.py for tasks to queue
[2026-04-21T22:46:29.245+0000] {logging_mixin.py:190} INFO - [2026-04-21T22:46:29.244+0000] {dagbag.py:588} INFO - Filling up the DagBag from /workspaces/meu-projeto-airflow/dags/atividade_pratica2.py
[2026-04-21T22:46:29.251+0000] {processor.py:925} INFO - DAG(s) 'atividade_pratica2_cristina' retrieved from /workspaces/meu-projeto-airflow/dags/atividade_pratica2.py
[2026-04-21T22:46:29.264+0000] {logging_mixin.py:190} INFO - [2026-04-21T22:46:29.263+0000] {dag.py:3239} INFO - Sync 1 DAGs
[2026-04-21T22:46:29.273+0000] {logging_mixin.py:190} INFO - [2026-04-21T22:46:29.273+0000] {dag.py:4180} INFO - Setting next_dagrun for atividade_pratica2_cristina to None, run_after=None
[2026-04-21T22:46:29.295+0000] {processor.py:208} INFO - Processing /workspaces/meu-projeto-airflow/dags/atividade_pratica2.py took 0.057 seconds
[2026-04-21T22:47:07.553+0000] {processor.py:186} INFO - Started process (PID=19848) to work on /workspaces/meu-projeto-airflow/dags/atividade_pratica2.py
[2026-04-21T22:47:07.554+0000] {processor.py:914} INFO - Processing file /workspaces/meu-projeto-airflow/dags/atividade_pratica2.py for tasks to queue
[2026-04-21T22:47:07.556+0000] {logging_mixin.py:190} INFO - [2026-04-21T22:47:07.555+0000] {dagbag.py:588} INFO - Filling up the DagBag from /workspaces/meu-projeto-airflow/dags/atividade_pratica2.py
[2026-04-21T22:47:07.566+0000] {processor.py:925} INFO - DAG(s) 'atividade_pratica2_cristina' retrieved from /workspaces/meu-projeto-airflow/dags/atividade_pratica2.py
[2026-04-21T22:47:07.612+0000] {logging_mixin.py:190} INFO - [2026-04-21T22:47:07.612+0000] {dag.py:3239} INFO - Sync 1 DAGs
[2026-04-21T22:47:07.661+0000] {logging_mixin.py:190} INFO - [2026-04-21T22:47:07.661+0000] {dag.py:4180} INFO - Setting next_dagrun for atividade_pratica2_cristina to None, run_after=None
[2026-04-21T22:47:07.688+0000] {processor.py:208} INFO - Processing /workspaces/meu-projeto-airflow/dags/atividade_pratica2.py took 0.139 seconds
[2026-04-21T22:47:46.113+0000] {processor.py:186} INFO - Started process (PID=20292) to work on /workspaces/meu-projeto-airflow/dags/atividade_pratica2.py
[2026-04-21T22:47:46.113+0000] {processor.py:914} INFO - Processing file /workspaces/meu-projeto-airflow/dags/atividade_pratica2.py for tasks to queue
[2026-04-21T22:47:46.116+0000] {logging_mixin.py:190} INFO - [2026-04-21T22:47:46.115+0000] {dagbag.py:588} INFO - Filling up the DagBag from /workspaces/meu-projeto-airflow/dags/atividade_pratica2.py
[2026-04-21T22:47:46.122+0000] {processor.py:925} INFO - DAG(s) 'atividade_pratica2_cristina' retrieved from /workspaces/meu-projeto-airflow/dags/atividade_pratica2.py
[2026-04-21T22:47:46.136+0000] {logging_mixin.py:190} INFO - [2026-04-21T22:47:46.136+0000] {dag.py:3239} INFO - Sync 1 DAGs
[2026-04-21T22:47:46.145+0000] {logging_mixin.py:190} INFO - [2026-04-21T22:47:46.145+0000] {dag.py:4180} INFO - Setting next_dagrun for atividade_pratica2_cristina to None, run_after=None
[2026-04-21T22:47:46.161+0000] {processor.py:208} INFO - Processing /workspaces/meu-projeto-airflow/dags/atividade_pratica2.py took 0.053 seconds
[2026-04-21T22:48:27.106+0000] {processor.py:186} INFO - Started process (PID=20705) to work on /workspaces/meu-projeto-airflow/dags/atividade_pratica2.py
[2026-04-21T22:48:27.107+0000] {processor.py:914} INFO - Processing file /workspaces/meu-projeto-airflow/dags/atividade_pratica2.py for tasks to queue
[2026-04-21T22:48:27.109+0000] {logging_mixin.py:190} INFO - [2026-04-21T22:48:27.109+0000] {dagbag.py:588} INFO - Filling up the DagBag from /workspaces/meu-projeto-airflow/dags/atividade_pratica2.py
[2026-04-21T22:48:27.117+0000] {processor.py:925} INFO - DAG(s) 'atividade_pratica2_cristina' retrieved from /workspaces/meu-projeto-airflow/dags/atividade_pratica2.py
[2026-04-21T22:48:27.136+0000] {logging_mixin.py:190} INFO - [2026-04-21T22:48:27.136+0000] {dag.py:3239} INFO - Sync 1 DAGs
[2026-04-21T22:48:27.152+0000] {logging_mixin.py:190} INFO - [2026-04-21T22:48:27.152+0000] {dag.py:4180} INFO - Setting next_dagrun for atividade_pratica2_cristina to None, run_after=None
[2026-04-21T22:48:27.189+0000] {processor.py:208} INFO - Processing /workspaces/meu-projeto-airflow/dags/atividade_pratica2.py took 0.087 seconds
[2026-04-21T22:49:08.151+0000] {processor.py:186} INFO - Started process (PID=21169) to work on /workspaces/meu-projeto-airflow/dags/atividade_pratica2.py
[2026-04-21T22:49:08.158+0000] {processor.py:914} INFO - Processing file /workspaces/meu-projeto-airflow/dags/atividade_pratica2.py for tasks to queue
[2026-04-21T22:49:08.165+0000] {logging_mixin.py:190} INFO - [2026-04-21T22:49:08.165+0000] {dagbag.py:588} INFO - Filling up the DagBag from /workspaces/meu-projeto-airflow/dags/atividade_pratica2.py
[2026-04-21T22:49:08.200+0000] {processor.py:925} INFO - DAG(s) 'atividade_pratica2_cristina' retrieved from /workspaces/meu-projeto-airflow/dags/atividade_pratica2.py
[2026-04-21T22:49:08.246+0000] {logging_mixin.py:190} INFO - [2026-04-21T22:49:08.246+0000] {dag.py:3239} INFO - Sync 1 DAGs
[2026-04-21T22:49:08.264+0000] {logging_mixin.py:190} INFO - [2026-04-21T22:49:08.264+0000] {dag.py:4180} INFO - Setting next_dagrun for atividade_pratica2_cristina to None, run_after=None
[2026-04-21T22:49:08.282+0000] {processor.py:208} INFO - Processing /workspaces/meu-projeto-airflow/dags/atividade_pratica2.py took 0.140 seconds
[2026-04-21T22:49:47.509+0000] {processor.py:186} INFO - Started process (PID=21811) to work on /workspaces/meu-projeto-airflow/dags/atividade_pratica2.py
[2026-04-21T22:49:47.509+0000] {processor.py:914} INFO - Processing file /workspaces/meu-projeto-airflow/dags/atividade_pratica2.py for tasks to queue
[2026-04-21T22:49:47.511+0000] {logging_mixin.py:190} INFO - [2026-04-21T22:49:47.511+0000] {dagbag.py:588} INFO - Filling up the DagBag from /workspaces/meu-projeto-airflow/dags/atividade_pratica2.py
[2026-04-21T22:49:47.518+0000] {processor.py:925} INFO - DAG(s) 'atividade_pratica2_cristina' retrieved from /workspaces/meu-projeto-airflow/dags/atividade_pratica2.py
[2026-04-21T22:49:47.531+0000] {logging_mixin.py:190} INFO - [2026-04-21T22:49:47.530+0000] {dag.py:3239} INFO - Sync 1 DAGs
[2026-04-21T22:49:47.540+0000] {logging_mixin.py:190} INFO - [2026-04-21T22:49:47.540+0000] {dag.py:4180} INFO - Setting next_dagrun for atividade_pratica2_cristina to None, run_after=None
[2026-04-21T22:49:47.556+0000] {processor.py:208} INFO - Processing /workspaces/meu-projeto-airflow/dags/atividade_pratica2.py took 0.051 seconds
[2026-04-21T22:50:26.661+0000] {processor.py:186} INFO - Started process (PID=22360) to work on /workspaces/meu-projeto-airflow/dags/atividade_pratica2.py
[2026-04-21T22:50:26.665+0000] {processor.py:914} INFO - Processing file /workspaces/meu-projeto-airflow/dags/atividade_pratica2.py for tasks to queue
[2026-04-21T22:50:26.668+0000] {logging_mixin.py:190} INFO - [2026-04-21T22:50:26.667+0000] {dagbag.py:588} INFO - Filling up the DagBag from /workspaces/meu-projeto-airflow/dags/atividade_pratica2.py
[2026-04-21T22:50:26.680+0000] {processor.py:925} INFO - DAG(s) 'atividade_pratica2_cristina' retrieved from /workspaces/meu-projeto-airflow/dags/atividade_pratica2.py
[2026-04-21T22:50:26.712+0000] {logging_mixin.py:190} INFO - [2026-04-21T22:50:26.712+0000] {dag.py:3239} INFO - Sync 1 DAGs
[2026-04-21T22:50:26.751+0000] {logging_mixin.py:190} INFO - [2026-04-21T22:50:26.747+0000] {dag.py:4180} INFO - Setting next_dagrun for atividade_pratica2_cristina to None, run_after=None
[2026-04-21T22:50:26.804+0000] {processor.py:208} INFO - Processing /workspaces/meu-projeto-airflow/dags/atividade_pratica2.py took 0.148 seconds
[2026-04-21T22:51:41.963+0000] {processor.py:186} INFO - Started process (PID=23372) to work on /workspaces/meu-projeto-airflow/dags/atividade_pratica2.py
[2026-04-21T22:51:41.964+0000] {processor.py:914} INFO - Processing file /workspaces/meu-projeto-airflow/dags/atividade_pratica2.py for tasks to queue
[2026-04-21T22:51:41.966+0000] {logging_mixin.py:190} INFO - [2026-04-21T22:51:41.966+0000] {dagbag.py:588} INFO - Filling up the DagBag from /workspaces/meu-projeto-airflow/dags/atividade_pratica2.py
[2026-04-21T22:51:41.972+0000] {processor.py:925} INFO - DAG(s) 'atividade_pratica2_cristina' retrieved from /workspaces/meu-projeto-airflow/dags/atividade_pratica2.py
[2026-04-21T22:51:41.985+0000] {logging_mixin.py:190} INFO - [2026-04-21T22:51:41.985+0000] {dag.py:3239} INFO - Sync 1 DAGs
[2026-04-21T22:51:41.994+0000] {logging_mixin.py:190} INFO - [2026-04-21T22:51:41.994+0000] {dag.py:4180} INFO - Setting next_dagrun for atividade_pratica2_cristina to None, run_after=None
[2026-04-21T22:51:42.009+0000] {processor.py:208} INFO - Processing /workspaces/meu-projeto-airflow/dags/atividade_pratica2.py took 0.051 seconds
[2026-04-21T22:52:22.970+0000] {processor.py:186} INFO - Started process (PID=23883) to work on /workspaces/meu-projeto-airflow/dags/atividade_pratica2.py
[2026-04-21T22:52:22.971+0000] {processor.py:914} INFO - Processing file /workspaces/meu-projeto-airflow/dags/atividade_pratica2.py for tasks to queue
[2026-04-21T22:52:22.973+0000] {logging_mixin.py:190} INFO - [2026-04-21T22:52:22.973+0000] {dagbag.py:588} INFO - Filling up the DagBag from /workspaces/meu-projeto-airflow/dags/atividade_pratica2.py
[2026-04-21T22:52:22.979+0000] {processor.py:925} INFO - DAG(s) 'atividade_pratica2_cristina' retrieved from /workspaces/meu-projeto-airflow/dags/atividade_pratica2.py
[2026-04-21T22:52:22.992+0000] {logging_mixin.py:190} INFO - [2026-04-21T22:52:22.992+0000] {dag.py:3239} INFO - Sync 1 DAGs
[2026-04-21T22:52:23.002+0000] {logging_mixin.py:190} INFO - [2026-04-21T22:52:23.002+0000] {dag.py:4180} INFO - Setting next_dagrun for atividade_pratica2_cristina to None, run_after=None
[2026-04-21T22:52:23.018+0000] {processor.py:208} INFO - Processing /workspaces/meu-projeto-airflow/dags/atividade_pratica2.py took 0.052 seconds
[2026-04-21T22:53:02.339+0000] {processor.py:186} INFO - Started process (PID=24509) to work on /workspaces/meu-projeto-airflow/dags/atividade_pratica2.py
[2026-04-21T22:53:02.340+0000] {processor.py:914} INFO - Processing file /workspaces/meu-projeto-airflow/dags/atividade_pratica2.py for tasks to queue
[2026-04-21T22:53:02.342+0000] {logging_mixin.py:190} INFO - [2026-04-21T22:53:02.342+0000] {dagbag.py:588} INFO - Filling up the DagBag from /workspaces/meu-projeto-airflow/dags/atividade_pratica2.py
[2026-04-21T22:53:02.348+0000] {processor.py:925} INFO - DAG(s) 'atividade_pratica2_cristina' retrieved from /workspaces/meu-projeto-airflow/dags/atividade_pratica2.py
[2026-04-21T22:53:02.361+0000] {logging_mixin.py:190} INFO - [2026-04-21T22:53:02.361+0000] {dag.py:3239} INFO - Sync 1 DAGs
[2026-04-21T22:53:02.370+0000] {logging_mixin.py:190} INFO - [2026-04-21T22:53:02.370+0000] {dag.py:4180} INFO - Setting next_dagrun for atividade_pratica2_cristina to None, run_after=None
[2026-04-21T22:53:02.386+0000] {processor.py:208} INFO - Processing /workspaces/meu-projeto-airflow/dags/atividade_pratica2.py took 0.051 seconds
[2026-04-21T22:53:42.325+0000] {processor.py:186} INFO - Started process (PID=24877) to work on /workspaces/meu-projeto-airflow/dags/atividade_pratica2.py
[2026-04-21T22:53:42.325+0000] {processor.py:914} INFO - Processing file /workspaces/meu-projeto-airflow/dags/atividade_pratica2.py for tasks to queue
[2026-04-21T22:53:42.327+0000] {logging_mixin.py:190} INFO - [2026-04-21T22:53:42.327+0000] {dagbag.py:588} INFO - Filling up the DagBag from /workspaces/meu-projeto-airflow/dags/atividade_pratica2.py
[2026-04-21T22:53:42.334+0000] {processor.py:925} INFO - DAG(s) 'atividade_pratica2_cristina' retrieved from /workspaces/meu-projeto-airflow/dags/atividade_pratica2.py
[2026-04-21T22:53:42.347+0000] {logging_mixin.py:190} INFO - [2026-04-21T22:53:42.347+0000] {dag.py:3239} INFO - Sync 1 DAGs
[2026-04-21T22:53:42.382+0000] {logging_mixin.py:190} INFO - [2026-04-21T22:53:42.382+0000] {dag.py:4180} INFO - Setting next_dagrun for atividade_pratica2_cristina to None, run_after=None
[2026-04-21T22:53:42.427+0000] {processor.py:208} INFO - Processing /workspaces/meu-projeto-airflow/dags/atividade_pratica2.py took 0.107 seconds
[2026-04-21T22:54:22.311+0000] {processor.py:186} INFO - Started process (PID=25511) to work on /workspaces/meu-projeto-airflow/dags/atividade_pratica2.py
[2026-04-21T22:54:22.315+0000] {processor.py:914} INFO - Processing file /workspaces/meu-projeto-airflow/dags/atividade_pratica2.py for tasks to queue
[2026-04-21T22:54:22.325+0000] {logging_mixin.py:190} INFO - [2026-04-21T22:54:22.324+0000] {dagbag.py:588} INFO - Filling up the DagBag from /workspaces/meu-projeto-airflow/dags/atividade_pratica2.py
[2026-04-21T22:54:22.350+0000] {processor.py:925} INFO - DAG(s) 'atividade_pratica2_cristina' retrieved from /workspaces/meu-projeto-airflow/dags/atividade_pratica2.py
[2026-04-21T22:54:22.379+0000] {logging_mixin.py:190} INFO - [2026-04-21T22:54:22.379+0000] {dag.py:3239} INFO - Sync 1 DAGs
[2026-04-21T22:54:22.390+0000] {logging_mixin.py:190} INFO - [2026-04-21T22:54:22.390+0000] {dag.py:4180} INFO - Setting next_dagrun for atividade_pratica2_cristina to None, run_after=None
[2026-04-21T22:54:22.407+0000] {processor.py:208} INFO - Processing /workspaces/meu-projeto-airflow/dags/atividade_pratica2.py took 0.109 seconds
[2026-04-21T22:55:03.515+0000] {processor.py:186} INFO - Started process (PID=26082) to work on /workspaces/meu-projeto-airflow/dags/atividade_pratica2.py
[2026-04-21T22:55:03.519+0000] {processor.py:914} INFO - Processing file /workspaces/meu-projeto-airflow/dags/atividade_pratica2.py for tasks to queue
[2026-04-21T22:55:03.525+0000] {logging_mixin.py:190} INFO - [2026-04-21T22:55:03.524+0000] {dagbag.py:588} INFO - Filling up the DagBag from /workspaces/meu-projeto-airflow/dags/atividade_pratica2.py
[2026-04-21T22:55:03.538+0000] {processor.py:925} INFO - DAG(s) 'atividade_pratica2_cristina' retrieved from /workspaces/meu-projeto-airflow/dags/atividade_pratica2.py
[2026-04-21T22:55:03.560+0000] {logging_mixin.py:190} INFO - [2026-04-21T22:55:03.559+0000] {dag.py:3239} INFO - Sync 1 DAGs
[2026-04-21T22:55:03.582+0000] {logging_mixin.py:190} INFO - [2026-04-21T22:55:03.581+0000] {dag.py:4180} INFO - Setting next_dagrun for atividade_pratica2_cristina to None, run_after=None
[2026-04-21T22:55:03.622+0000] {processor.py:208} INFO - Processing /workspaces/meu-projeto-airflow/dags/atividade_pratica2.py took 0.137 seconds
[2026-04-21T22:55:42.968+0000] {processor.py:186} INFO - Started process (PID=26649) to work on /workspaces/meu-projeto-airflow/dags/atividade_pratica2.py
[2026-04-21T22:55:42.969+0000] {processor.py:914} INFO - Processing file /workspaces/meu-projeto-airflow/dags/atividade_pratica2.py for tasks to queue
[2026-04-21T22:55:42.971+0000] {logging_mixin.py:190} INFO - [2026-04-21T22:55:42.971+0000] {dagbag.py:588} INFO - Filling up the DagBag from /workspaces/meu-projeto-airflow/dags/atividade_pratica2.py
[2026-04-21T22:55:42.977+0000] {processor.py:925} INFO - DAG(s) 'atividade_pratica2_cristina' retrieved from /workspaces/meu-projeto-airflow/dags/atividade_pratica2.py
[2026-04-21T22:55:42.992+0000] {logging_mixin.py:190} INFO - [2026-04-21T22:55:42.992+0000] {dag.py:3239} INFO - Sync 1 DAGs
[2026-04-21T22:55:43.002+0000] {logging_mixin.py:190} INFO - [2026-04-21T22:55:43.002+0000] {dag.py:4180} INFO - Setting next_dagrun for atividade_pratica2_cristina to None, run_after=None
[2026-04-21T22:55:43.018+0000] {processor.py:208} INFO - Processing /workspaces/meu-projeto-airflow/dags/atividade_pratica2.py took 0.055 seconds
[2026-04-21T22:56:20.653+0000] {processor.py:186} INFO - Started process (PID=27054) to work on /workspaces/meu-projeto-airflow/dags/atividade_pratica2.py
[2026-04-21T22:56:20.654+0000] {processor.py:914} INFO - Processing file /workspaces/meu-projeto-airflow/dags/atividade_pratica2.py for tasks to queue
[2026-04-21T22:56:20.657+0000] {logging_mixin.py:190} INFO - [2026-04-21T22:56:20.657+0000] {dagbag.py:588} INFO - Filling up the DagBag from /workspaces/meu-projeto-airflow/dags/atividade_pratica2.py
[2026-04-21T22:56:20.667+0000] {processor.py:925} INFO - DAG(s) 'atividade_pratica2_cristina' retrieved from /workspaces/meu-projeto-airflow/dags/atividade_pratica2.py
[2026-04-21T22:56:20.688+0000] {logging_mixin.py:190} INFO - [2026-04-21T22:56:20.688+0000] {dag.py:3239} INFO - Sync 1 DAGs
[2026-04-21T22:56:20.717+0000] {logging_mixin.py:190} INFO - [2026-04-21T22:56:20.716+0000] {dag.py:4180} INFO - Setting next_dagrun for atividade_pratica2_cristina to None, run_after=None
[2026-04-21T22:56:20.761+0000] {processor.py:208} INFO - Processing /workspaces/meu-projeto-airflow/dags/atividade_pratica2.py took 0.115 seconds
[2026-04-21T22:57:00.652+0000] {processor.py:186} INFO - Started process (PID=27799) to work on /workspaces/meu-projeto-airflow/dags/atividade_pratica2.py
[2026-04-21T22:57:00.653+0000] {processor.py:914} INFO - Processing file /workspaces/meu-projeto-airflow/dags/atividade_pratica2.py for tasks to queue
[2026-04-21T22:57:00.656+0000] {logging_mixin.py:190} INFO - [2026-04-21T22:57:00.655+0000] {dagbag.py:588} INFO - Filling up the DagBag from /workspaces/meu-projeto-airflow/dags/atividade_pratica2.py
[2026-04-21T22:57:00.662+0000] {processor.py:925} INFO - DAG(s) 'atividade_pratica2_cristina' retrieved from /workspaces/meu-projeto-airflow/dags/atividade_pratica2.py
[2026-04-21T22:57:00.675+0000] {logging_mixin.py:190} INFO - [2026-04-21T22:57:00.675+0000] {dag.py:3239} INFO - Sync 1 DAGs
[2026-04-21T22:57:00.684+0000] {logging_mixin.py:190} INFO - [2026-04-21T22:57:00.684+0000] {dag.py:4180} INFO - Setting next_dagrun for atividade_pratica2_cristina to None, run_after=None
[2026-04-21T22:57:00.700+0000] {processor.py:208} INFO - Processing /workspaces/meu-projeto-airflow/dags/atividade_pratica2.py took 0.052 seconds
[2026-04-21T22:57:40.538+0000] {processor.py:186} INFO - Started process (PID=28203) to work on /workspaces/meu-projeto-airflow/dags/atividade_pratica2.py
[2026-04-21T22:57:40.539+0000] {processor.py:914} INFO - Processing file /workspaces/meu-projeto-airflow/dags/atividade_pratica2.py for tasks to queue
[2026-04-21T22:57:40.544+0000] {logging_mixin.py:190} INFO - [2026-04-21T22:57:40.544+0000] {dagbag.py:588} INFO - Filling up the DagBag from /workspaces/meu-projeto-airflow/dags/atividade_pratica2.py
[2026-04-21T22:57:40.559+0000] {processor.py:925} INFO - DAG(s) 'atividade_pratica2_cristina' retrieved from /workspaces/meu-projeto-airflow/dags/atividade_pratica2.py
[2026-04-21T22:57:40.591+0000] {logging_mixin.py:190} INFO - [2026-04-21T22:57:40.591+0000] {dag.py:3239} INFO - Sync 1 DAGs
[2026-04-21T22:57:40.602+0000] {logging_mixin.py:190} INFO - [2026-04-21T22:57:40.602+0000] {dag.py:4180} INFO - Setting next_dagrun for atividade_pratica2_cristina to None, run_after=None
[2026-04-21T22:57:40.618+0000] {processor.py:208} INFO - Processing /workspaces/meu-projeto-airflow/dags/atividade_pratica2.py took 0.091 seconds
[2026-04-21T22:58:20.931+0000] {processor.py:186} INFO - Started process (PID=28636) to work on /workspaces/meu-projeto-airflow/dags/atividade_pratica2.py
[2026-04-21T22:58:20.933+0000] {processor.py:914} INFO - Processing file /workspaces/meu-projeto-airflow/dags/atividade_pratica2.py for tasks to queue
[2026-04-21T22:58:20.944+0000] {logging_mixin.py:190} INFO - [2026-04-21T22:58:20.943+0000] {dagbag.py:588} INFO - Filling up the DagBag from /workspaces/meu-projeto-airflow/dags/atividade_pratica2.py
[2026-04-21T22:58:20.964+0000] {processor.py:925} INFO - DAG(s) 'atividade_pratica2_cristina' retrieved from /workspaces/meu-projeto-airflow/dags/atividade_pratica2.py
[2026-04-21T22:58:20.985+0000] {logging_mixin.py:190} INFO - [2026-04-21T22:58:20.985+0000] {dag.py:3239} INFO - Sync 1 DAGs
[2026-04-21T22:58:21.013+0000] {logging_mixin.py:190} INFO - [2026-04-21T22:58:21.013+0000] {dag.py:4180} INFO - Setting next_dagrun for atividade_pratica2_cristina to None, run_after=None
[2026-04-21T22:58:21.031+0000] {processor.py:208} INFO - Processing /workspaces/meu-projeto-airflow/dags/atividade_pratica2.py took 0.109 seconds
[2026-04-21T22:59:36.996+0000] {processor.py:186} INFO - Started process (PID=29375) to work on /workspaces/meu-projeto-airflow/dags/atividade_pratica2.py
[2026-04-21T22:59:36.997+0000] {processor.py:914} INFO - Processing file /workspaces/meu-projeto-airflow/dags/atividade_pratica2.py for tasks to queue
[2026-04-21T22:59:36.999+0000] {logging_mixin.py:190} INFO - [2026-04-21T22:59:36.998+0000] {dagbag.py:588} INFO - Filling up the DagBag from /workspaces/meu-projeto-airflow/dags/atividade_pratica2.py
[2026-04-21T22:59:37.006+0000] {processor.py:925} INFO - DAG(s) 'atividade_pratica2_cristina' retrieved from /workspaces/meu-projeto-airflow/dags/atividade_pratica2.py
[2026-04-21T22:59:37.019+0000] {logging_mixin.py:190} INFO - [2026-04-21T22:59:37.019+0000] {dag.py:3239} INFO - Sync 1 DAGs
[2026-04-21T22:59:37.029+0000] {logging_mixin.py:190} INFO - [2026-04-21T22:59:37.028+0000] {dag.py:4180} INFO - Setting next_dagrun for atividade_pratica2_cristina to None, run_after=None
[2026-04-21T22:59:37.044+0000] {processor.py:208} INFO - Processing /workspaces/meu-projeto-airflow/dags/atividade_pratica2.py took 0.053 seconds
[2026-04-21T23:00:25.484+0000] {processor.py:186} INFO - Started process (PID=30288) to work on /workspaces/meu-projeto-airflow/dags/atividade_pratica2.py
[2026-04-21T23:00:25.491+0000] {processor.py:914} INFO - Processing file /workspaces/meu-projeto-airflow/dags/atividade_pratica2.py for tasks to queue
[2026-04-21T23:00:25.506+0000] {logging_mixin.py:190} INFO - [2026-04-21T23:00:25.505+0000] {dagbag.py:588} INFO - Filling up the DagBag from /workspaces/meu-projeto-airflow/dags/atividade_pratica2.py
[2026-04-21T23:00:25.533+0000] {processor.py:925} INFO - DAG(s) 'atividade_pratica2_cristina' retrieved from /workspaces/meu-projeto-airflow/dags/atividade_pratica2.py
[2026-04-21T23:00:25.556+0000] {logging_mixin.py:190} INFO - [2026-04-21T23:00:25.556+0000] {dag.py:3239} INFO - Sync 1 DAGs
[2026-04-21T23:00:25.573+0000] {logging_mixin.py:190} INFO - [2026-04-21T23:00:25.573+0000] {dag.py:4180} INFO - Setting next_dagrun for atividade_pratica2_cristina to None, run_after=None
[2026-04-21T23:00:25.590+0000] {processor.py:208} INFO - Processing /workspaces/meu-projeto-airflow/dags/atividade_pratica2.py took 0.128 seconds
[2026-04-21T23:01:13.115+0000] {processor.py:186} INFO - Started process (PID=30775) to work on /workspaces/meu-projeto-airflow/dags/atividade_pratica2.py
[2026-04-21T23:01:13.117+0000] {processor.py:914} INFO - Processing file /workspaces/meu-projeto-airflow/dags/atividade_pratica2.py for tasks to queue
[2026-04-21T23:01:13.120+0000] {logging_mixin.py:190} INFO - [2026-04-21T23:01:13.120+0000] {dagbag.py:588} INFO - Filling up the DagBag from /workspaces/meu-projeto-airflow/dags/atividade_pratica2.py
[2026-04-21T23:01:13.128+0000] {processor.py:925} INFO - DAG(s) 'atividade_pratica2_cristina' retrieved from /workspaces/meu-projeto-airflow/dags/atividade_pratica2.py
[2026-04-21T23:01:13.149+0000] {logging_mixin.py:190} INFO - [2026-04-21T23:01:13.148+0000] {dag.py:3239} INFO - Sync 1 DAGs
[2026-04-21T23:01:13.166+0000] {logging_mixin.py:190} INFO - [2026-04-21T23:01:13.166+0000] {dag.py:4180} INFO - Setting next_dagrun for atividade_pratica2_cristina to None, run_after=None
[2026-04-21T23:01:13.226+0000] {processor.py:208} INFO - Processing /workspaces/meu-projeto-airflow/dags/atividade_pratica2.py took 0.120 seconds
[2026-04-21T23:01:50.917+0000] {processor.py:186} INFO - Started process (PID=31295) to work on /workspaces/meu-projeto-airflow/dags/atividade_pratica2.py
[2026-04-21T23:01:50.918+0000] {processor.py:914} INFO - Processing file /workspaces/meu-projeto-airflow/dags/atividade_pratica2.py for tasks to queue
[2026-04-21T23:01:50.920+0000] {logging_mixin.py:190} INFO - [2026-04-21T23:01:50.919+0000] {dagbag.py:588} INFO - Filling up the DagBag from /workspaces/meu-projeto-airflow/dags/atividade_pratica2.py
[2026-04-21T23:01:50.927+0000] {processor.py:925} INFO - DAG(s) 'atividade_pratica2_cristina' retrieved from /workspaces/meu-projeto-airflow/dags/atividade_pratica2.py
[2026-04-21T23:01:50.940+0000] {logging_mixin.py:190} INFO - [2026-04-21T23:01:50.939+0000] {dag.py:3239} INFO - Sync 1 DAGs
[2026-04-21T23:01:50.949+0000] {logging_mixin.py:190} INFO - [2026-04-21T23:01:50.949+0000] {dag.py:4180} INFO - Setting next_dagrun for atividade_pratica2_cristina to None, run_after=None
[2026-04-21T23:01:50.964+0000] {processor.py:208} INFO - Processing /workspaces/meu-projeto-airflow/dags/atividade_pratica2.py took 0.052 seconds
[2026-04-21T23:02:30.454+0000] {processor.py:186} INFO - Started process (PID=31706) to work on /workspaces/meu-projeto-airflow/dags/atividade_pratica2.py
[2026-04-21T23:02:30.455+0000] {processor.py:914} INFO - Processing file /workspaces/meu-projeto-airflow/dags/atividade_pratica2.py for tasks to queue
[2026-04-21T23:02:30.457+0000] {logging_mixin.py:190} INFO - [2026-04-21T23:02:30.457+0000] {dagbag.py:588} INFO - Filling up the DagBag from /workspaces/meu-projeto-airflow/dags/atividade_pratica2.py
[2026-04-21T23:02:30.463+0000] {processor.py:925} INFO - DAG(s) 'atividade_pratica2_cristina' retrieved from /workspaces/meu-projeto-airflow/dags/atividade_pratica2.py
[2026-04-21T23:02:30.503+0000] {logging_mixin.py:190} INFO - [2026-04-21T23:02:30.502+0000] {dag.py:3239} INFO - Sync 1 DAGs
[2026-04-21T23:02:30.528+0000] {logging_mixin.py:190} INFO - [2026-04-21T23:02:30.527+0000] {dag.py:4180} INFO - Setting next_dagrun for atividade_pratica2_cristina to None, run_after=None
[2026-04-21T23:02:30.583+0000] {processor.py:208} INFO - Processing /workspaces/meu-projeto-airflow/dags/atividade_pratica2.py took 0.134 seconds
[2026-04-21T23:03:08.949+0000] {processor.py:186} INFO - Started process (PID=32210) to work on /workspaces/meu-projeto-airflow/dags/atividade_pratica2.py
[2026-04-21T23:03:08.950+0000] {processor.py:914} INFO - Processing file /workspaces/meu-projeto-airflow/dags/atividade_pratica2.py for tasks to queue
[2026-04-21T23:03:08.953+0000] {logging_mixin.py:190} INFO - [2026-04-21T23:03:08.952+0000] {dagbag.py:588} INFO - Filling up the DagBag from /workspaces/meu-projeto-airflow/dags/atividade_pratica2.py
[2026-04-21T23:03:08.962+0000] {processor.py:925} INFO - DAG(s) 'atividade_pratica2_cristina' retrieved from /workspaces/meu-projeto-airflow/dags/atividade_pratica2.py
[2026-04-21T23:03:08.979+0000] {logging_mixin.py:190} INFO - [2026-04-21T23:03:08.978+0000] {dag.py:3239} INFO - Sync 1 DAGs
[2026-04-21T23:03:08.988+0000] {logging_mixin.py:190} INFO - [2026-04-21T23:03:08.988+0000] {dag.py:4180} INFO - Setting next_dagrun for atividade_pratica2_cristina to None, run_after=None
[2026-04-21T23:03:09.004+0000] {processor.py:208} INFO - Processing /workspaces/meu-projeto-airflow/dags/atividade_pratica2.py took 0.061 seconds
[2026-04-21T23:03:55.452+0000] {processor.py:186} INFO - Started process (PID=32995) to work on /workspaces/meu-projeto-airflow/dags/atividade_pratica2.py
[2026-04-21T23:03:55.453+0000] {processor.py:914} INFO - Processing file /workspaces/meu-projeto-airflow/dags/atividade_pratica2.py for tasks to queue
[2026-04-21T23:03:55.455+0000] {logging_mixin.py:190} INFO - [2026-04-21T23:03:55.454+0000] {dagbag.py:588} INFO - Filling up the DagBag from /workspaces/meu-projeto-airflow/dags/atividade_pratica2.py
[2026-04-21T23:03:55.462+0000] {processor.py:925} INFO - DAG(s) 'atividade_pratica2_cristina' retrieved from /workspaces/meu-projeto-airflow/dags/atividade_pratica2.py
[2026-04-21T23:03:55.520+0000] {logging_mixin.py:190} INFO - [2026-04-21T23:03:55.520+0000] {dag.py:3239} INFO - Sync 1 DAGs
[2026-04-21T23:03:55.551+0000] {logging_mixin.py:190} INFO - [2026-04-21T23:03:55.550+0000] {dag.py:4180} INFO - Setting next_dagrun for atividade_pratica2_cristina to None, run_after=None
[2026-04-21T23:03:55.575+0000] {processor.py:208} INFO - Processing /workspaces/meu-projeto-airflow/dags/atividade_pratica2.py took 0.128 seconds
[2026-04-21T23:04:40.449+0000] {processor.py:186} INFO - Started process (PID=33434) to work on /workspaces/meu-projeto-airflow/dags/atividade_pratica2.py
[2026-04-21T23:04:40.450+0000] {processor.py:914} INFO - Processing file /workspaces/meu-projeto-airflow/dags/atividade_pratica2.py for tasks to queue
[2026-04-21T23:04:40.453+0000] {logging_mixin.py:190} INFO - [2026-04-21T23:04:40.452+0000] {dagbag.py:588} INFO - Filling up the DagBag from /workspaces/meu-projeto-airflow/dags/atividade_pratica2.py
[2026-04-21T23:04:40.464+0000] {processor.py:925} INFO - DAG(s) 'atividade_pratica2_cristina' retrieved from /workspaces/meu-projeto-airflow/dags/atividade_pratica2.py
[2026-04-21T23:04:40.485+0000] {logging_mixin.py:190} INFO - [2026-04-21T23:04:40.485+0000] {dag.py:3239} INFO - Sync 1 DAGs
[2026-04-21T23:04:40.520+0000] {logging_mixin.py:190} INFO - [2026-04-21T23:04:40.519+0000] {dag.py:4180} INFO - Setting next_dagrun for atividade_pratica2_cristina to None, run_after=None
[2026-04-21T23:04:40.575+0000] {processor.py:208} INFO - Processing /workspaces/meu-projeto-airflow/dags/atividade_pratica2.py took 0.130 seconds
[2026-04-21T23:05:19.402+0000] {processor.py:186} INFO - Started process (PID=33980) to work on /workspaces/meu-projeto-airflow/dags/atividade_pratica2.py
[2026-04-21T23:05:19.403+0000] {processor.py:914} INFO - Processing file /workspaces/meu-projeto-airflow/dags/atividade_pratica2.py for tasks to queue
[2026-04-21T23:05:19.405+0000] {logging_mixin.py:190} INFO - [2026-04-21T23:05:19.405+0000] {dagbag.py:588} INFO - Filling up the DagBag from /workspaces/meu-projeto-airflow/dags/atividade_pratica2.py
[2026-04-21T23:05:19.412+0000] {processor.py:925} INFO - DAG(s) 'atividade_pratica2_cristina' retrieved from /workspaces/meu-projeto-airflow/dags/atividade_pratica2.py
[2026-04-21T23:05:19.426+0000] {logging_mixin.py:190} INFO - [2026-04-21T23:05:19.426+0000] {dag.py:3239} INFO - Sync 1 DAGs
[2026-04-21T23:05:19.437+0000] {logging_mixin.py:190} INFO - [2026-04-21T23:05:19.437+0000] {dag.py:4180} INFO - Setting next_dagrun for atividade_pratica2_cristina to None, run_after=None
[2026-04-21T23:05:19.453+0000] {processor.py:208} INFO - Processing /workspaces/meu-projeto-airflow/dags/atividade_pratica2.py took 0.056 seconds
[2026-04-21T23:06:02.887+0000] {processor.py:186} INFO - Started process (PID=34662) to work on /workspaces/meu-projeto-airflow/dags/atividade_pratica2.py
[2026-04-21T23:06:02.888+0000] {processor.py:914} INFO - Processing file /workspaces/meu-projeto-airflow/dags/atividade_pratica2.py for tasks to queue
[2026-04-21T23:06:02.890+0000] {logging_mixin.py:190} INFO - [2026-04-21T23:06:02.890+0000] {dagbag.py:588} INFO - Filling up the DagBag from /workspaces/meu-projeto-airflow/dags/atividade_pratica2.py
[2026-04-21T23:06:02.897+0000] {processor.py:925} INFO - DAG(s) 'atividade_pratica2_cristina' retrieved from /workspaces/meu-projeto-airflow/dags/atividade_pratica2.py
[2026-04-21T23:06:02.910+0000] {logging_mixin.py:190} INFO - [2026-04-21T23:06:02.910+0000] {dag.py:3239} INFO - Sync 1 DAGs
[2026-04-21T23:06:02.920+0000] {logging_mixin.py:190} INFO - [2026-04-21T23:06:02.919+0000] {dag.py:4180} INFO - Setting next_dagrun for atividade_pratica2_cristina to None, run_after=None
[2026-04-21T23:06:02.937+0000] {processor.py:208} INFO - Processing /workspaces/meu-projeto-airflow/dags/atividade_pratica2.py took 0.054 seconds
[2026-04-21T23:06:50.701+0000] {processor.py:186} INFO - Started process (PID=35541) to work on /workspaces/meu-projeto-airflow/dags/atividade_pratica2.py
[2026-04-21T23:06:50.702+0000] {processor.py:914} INFO - Processing file /workspaces/meu-projeto-airflow/dags/atividade_pratica2.py for tasks to queue
[2026-04-21T23:06:50.704+0000] {logging_mixin.py:190} INFO - [2026-04-21T23:06:50.703+0000] {dagbag.py:588} INFO - Filling up the DagBag from /workspaces/meu-projeto-airflow/dags/atividade_pratica2.py
[2026-04-21T23:06:50.710+0000] {processor.py:925} INFO - DAG(s) 'atividade_pratica2_cristina' retrieved from /workspaces/meu-projeto-airflow/dags/atividade_pratica2.py
[2026-04-21T23:06:50.725+0000] {logging_mixin.py:190} INFO - [2026-04-21T23:06:50.725+0000] {dag.py:3239} INFO - Sync 1 DAGs
[2026-04-21T23:06:50.735+0000] {logging_mixin.py:190} INFO - [2026-04-21T23:06:50.735+0000] {dag.py:4180} INFO - Setting next_dagrun for atividade_pratica2_cristina to None, run_after=None
[2026-04-21T23:06:50.751+0000] {processor.py:208} INFO - Processing /workspaces/meu-projeto-airflow/dags/atividade_pratica2.py took 0.054 seconds
[2026-04-21T23:07:39.040+0000] {processor.py:186} INFO - Started process (PID=36009) to work on /workspaces/meu-projeto-airflow/dags/atividade_pratica2.py
[2026-04-21T23:07:39.041+0000] {processor.py:914} INFO - Processing file /workspaces/meu-projeto-airflow/dags/atividade_pratica2.py for tasks to queue
[2026-04-21T23:07:39.043+0000] {logging_mixin.py:190} INFO - [2026-04-21T23:07:39.043+0000] {dagbag.py:588} INFO - Filling up the DagBag from /workspaces/meu-projeto-airflow/dags/atividade_pratica2.py
[2026-04-21T23:07:39.050+0000] {processor.py:925} INFO - DAG(s) 'atividade_pratica2_cristina' retrieved from /workspaces/meu-projeto-airflow/dags/atividade_pratica2.py
[2026-04-21T23:07:39.064+0000] {logging_mixin.py:190} INFO - [2026-04-21T23:07:39.063+0000] {dag.py:3239} INFO - Sync 1 DAGs
[2026-04-21T23:07:39.074+0000] {logging_mixin.py:190} INFO - [2026-04-21T23:07:39.074+0000] {dag.py:4180} INFO - Setting next_dagrun for atividade_pratica2_cristina to None, run_after=None
[2026-04-21T23:07:39.111+0000] {processor.py:208} INFO - Processing /workspaces/meu-projeto-airflow/dags/atividade_pratica2.py took 0.076 seconds
[2026-04-21T23:08:22.041+0000] {processor.py:186} INFO - Started process (PID=36535) to work on /workspaces/meu-projeto-airflow/dags/atividade_pratica2.py
[2026-04-21T23:08:22.042+0000] {processor.py:914} INFO - Processing file /workspaces/meu-projeto-airflow/dags/atividade_pratica2.py for tasks to queue
[2026-04-21T23:08:22.044+0000] {logging_mixin.py:190} INFO - [2026-04-21T23:08:22.044+0000] {dagbag.py:588} INFO - Filling up the DagBag from /workspaces/meu-projeto-airflow/dags/atividade_pratica2.py
[2026-04-21T23:08:22.050+0000] {processor.py:925} INFO - DAG(s) 'atividade_pratica2_cristina' retrieved from /workspaces/meu-projeto-airflow/dags/atividade_pratica2.py
[2026-04-21T23:08:22.063+0000] {logging_mixin.py:190} INFO - [2026-04-21T23:08:22.063+0000] {dag.py:3239} INFO - Sync 1 DAGs
[2026-04-21T23:08:22.073+0000] {logging_mixin.py:190} INFO - [2026-04-21T23:08:22.072+0000] {dag.py:4180} INFO - Setting next_dagrun for atividade_pratica2_cristina to None, run_after=None
[2026-04-21T23:08:22.089+0000] {processor.py:208} INFO - Processing /workspaces/meu-projeto-airflow/dags/atividade_pratica2.py took 0.053 seconds
[2026-04-21T23:09:02.302+0000] {processor.py:186} INFO - Started process (PID=37023) to work on /workspaces/meu-projeto-airflow/dags/atividade_pratica2.py
[2026-04-21T23:09:02.303+0000] {processor.py:914} INFO - Processing file /workspaces/meu-projeto-airflow/dags/atividade_pratica2.py for tasks to queue
[2026-04-21T23:09:02.305+0000] {logging_mixin.py:190} INFO - [2026-04-21T23:09:02.305+0000] {dagbag.py:588} INFO - Filling up the DagBag from /workspaces/meu-projeto-airflow/dags/atividade_pratica2.py
[2026-04-21T23:09:02.312+0000] {processor.py:925} INFO - DAG(s) 'atividade_pratica2_cristina' retrieved from /workspaces/meu-projeto-airflow/dags/atividade_pratica2.py
[2026-04-21T23:09:02.324+0000] {logging_mixin.py:190} INFO - [2026-04-21T23:09:02.324+0000] {dag.py:3239} INFO - Sync 1 DAGs
[2026-04-21T23:09:02.334+0000] {logging_mixin.py:190} INFO - [2026-04-21T23:09:02.334+0000] {dag.py:4180} INFO - Setting next_dagrun for atividade_pratica2_cristina to None, run_after=None
[2026-04-21T23:09:02.350+0000] {processor.py:208} INFO - Processing /workspaces/meu-projeto-airflow/dags/atividade_pratica2.py took 0.053 seconds
[2026-04-21T23:09:41.954+0000] {processor.py:186} INFO - Started process (PID=37388) to work on /workspaces/meu-projeto-airflow/dags/atividade_pratica2.py
[2026-04-21T23:09:41.955+0000] {processor.py:914} INFO - Processing file /workspaces/meu-projeto-airflow/dags/atividade_pratica2.py for tasks to queue
[2026-04-21T23:09:41.957+0000] {logging_mixin.py:190} INFO - [2026-04-21T23:09:41.957+0000] {dagbag.py:588} INFO - Filling up the DagBag from /workspaces/meu-projeto-airflow/dags/atividade_pratica2.py
[2026-04-21T23:09:41.963+0000] {processor.py:925} INFO - DAG(s) 'atividade_pratica2_cristina' retrieved from /workspaces/meu-projeto-airflow/dags/atividade_pratica2.py
[2026-04-21T23:09:41.976+0000] {logging_mixin.py:190} INFO - [2026-04-21T23:09:41.976+0000] {dag.py:3239} INFO - Sync 1 DAGs
[2026-04-21T23:09:41.986+0000] {logging_mixin.py:190} INFO - [2026-04-21T23:09:41.985+0000] {dag.py:4180} INFO - Setting next_dagrun for atividade_pratica2_cristina to None, run_after=None
[2026-04-21T23:09:42.004+0000] {processor.py:208} INFO - Processing /workspaces/meu-projeto-airflow/dags/atividade_pratica2.py took 0.054 seconds
[2026-04-21T23:10:22.856+0000] {processor.py:186} INFO - Started process (PID=37851) to work on /workspaces/meu-projeto-airflow/dags/atividade_pratica2.py
[2026-04-21T23:10:22.858+0000] {processor.py:914} INFO - Processing file /workspaces/meu-projeto-airflow/dags/atividade_pratica2.py for tasks to queue
[2026-04-21T23:10:22.861+0000] {logging_mixin.py:190} INFO - [2026-04-21T23:10:22.861+0000] {dagbag.py:588} INFO - Filling up the DagBag from /workspaces/meu-projeto-airflow/dags/atividade_pratica2.py
[2026-04-21T23:10:22.872+0000] {processor.py:925} INFO - DAG(s) 'atividade_pratica2_cristina' retrieved from /workspaces/meu-projeto-airflow/dags/atividade_pratica2.py
[2026-04-21T23:10:22.907+0000] {logging_mixin.py:190} INFO - [2026-04-21T23:10:22.907+0000] {dag.py:3239} INFO - Sync 1 DAGs
[2026-04-21T23:10:22.929+0000] {logging_mixin.py:190} INFO - [2026-04-21T23:10:22.929+0000] {dag.py:4180} INFO - Setting next_dagrun for atividade_pratica2_cristina to None, run_after=None
[2026-04-21T23:10:22.968+0000] {processor.py:208} INFO - Processing /workspaces/meu-projeto-airflow/dags/atividade_pratica2.py took 0.122 seconds
[2026-04-21T23:11:03.533+0000] {processor.py:186} INFO - Started process (PID=38591) to work on /workspaces/meu-projeto-airflow/dags/atividade_pratica2.py
[2026-04-21T23:11:03.534+0000] {processor.py:914} INFO - Processing file /workspaces/meu-projeto-airflow/dags/atividade_pratica2.py for tasks to queue
[2026-04-21T23:11:03.536+0000] {logging_mixin.py:190} INFO - [2026-04-21T23:11:03.536+0000] {dagbag.py:588} INFO - Filling up the DagBag from /workspaces/meu-projeto-airflow/dags/atividade_pratica2.py
[2026-04-21T23:11:03.543+0000] {processor.py:925} INFO - DAG(s) 'atividade_pratica2_cristina' retrieved from /workspaces/meu-projeto-airflow/dags/atividade_pratica2.py
[2026-04-21T23:11:03.559+0000] {logging_mixin.py:190} INFO - [2026-04-21T23:11:03.559+0000] {dag.py:3239} INFO - Sync 1 DAGs
[2026-04-21T23:11:03.569+0000] {logging_mixin.py:190} INFO - [2026-04-21T23:11:03.568+0000] {dag.py:4180} INFO - Setting next_dagrun for atividade_pratica2_cristina to None, run_after=None
[2026-04-21T23:11:03.585+0000] {processor.py:208} INFO - Processing /workspaces/meu-projeto-airflow/dags/atividade_pratica2.py took 0.056 seconds
[2026-04-21T23:11:54.157+0000] {processor.py:186} INFO - Started process (PID=39542) to work on /workspaces/meu-projeto-airflow/dags/atividade_pratica2.py
[2026-04-21T23:11:54.159+0000] {processor.py:914} INFO - Processing file /workspaces/meu-projeto-airflow/dags/atividade_pratica2.py for tasks to queue
[2026-04-21T23:11:54.161+0000] {logging_mixin.py:190} INFO - [2026-04-21T23:11:54.161+0000] {dagbag.py:588} INFO - Filling up the DagBag from /workspaces/meu-projeto-airflow/dags/atividade_pratica2.py
[2026-04-21T23:11:54.194+0000] {processor.py:925} INFO - DAG(s) 'atividade_pratica2_cristina' retrieved from /workspaces/meu-projeto-airflow/dags/atividade_pratica2.py
[2026-04-21T23:11:54.234+0000] {logging_mixin.py:190} INFO - [2026-04-21T23:11:54.233+0000] {dag.py:3239} INFO - Sync 1 DAGs
[2026-04-21T23:11:54.257+0000] {logging_mixin.py:190} INFO - [2026-04-21T23:11:54.257+0000] {dag.py:4180} INFO - Setting next_dagrun for atividade_pratica2_cristina to None, run_after=None
[2026-04-21T23:11:54.286+0000] {processor.py:208} INFO - Processing /workspaces/meu-projeto-airflow/dags/atividade_pratica2.py took 0.146 seconds
[2026-04-21T23:12:44.499+0000] {processor.py:186} INFO - Started process (PID=40048) to work on /workspaces/meu-projeto-airflow/dags/atividade_pratica2.py
[2026-04-21T23:12:44.500+0000] {processor.py:914} INFO - Processing file /workspaces/meu-projeto-airflow/dags/atividade_pratica2.py for tasks to queue
[2026-04-21T23:12:44.502+0000] {logging_mixin.py:190} INFO - [2026-04-21T23:12:44.502+0000] {dagbag.py:588} INFO - Filling up the DagBag from /workspaces/meu-projeto-airflow/dags/atividade_pratica2.py
[2026-04-21T23:12:44.510+0000] {processor.py:925} INFO - DAG(s) 'atividade_pratica2_cristina' retrieved from /workspaces/meu-projeto-airflow/dags/atividade_pratica2.py
[2026-04-21T23:12:44.531+0000] {logging_mixin.py:190} INFO - [2026-04-21T23:12:44.531+0000] {dag.py:3239} INFO - Sync 1 DAGs
[2026-04-21T23:12:44.558+0000] {logging_mixin.py:190} INFO - [2026-04-21T23:12:44.555+0000] {dag.py:4180} INFO - Setting next_dagrun for atividade_pratica2_cristina to None, run_after=None
[2026-04-21T23:12:44.670+0000] {processor.py:208} INFO - Processing /workspaces/meu-projeto-airflow/dags/atividade_pratica2.py took 0.176 seconds
