[2026-04-21T22:26:45.771+0000] {processor.py:186} INFO - Started process (PID=3553) to work on /workspaces/meu-projeto-airflow/dags/dataset_schedule.py
[2026-04-21T22:26:45.772+0000] {processor.py:914} INFO - Processing file /workspaces/meu-projeto-airflow/dags/dataset_schedule.py for tasks to queue
[2026-04-21T22:26:45.773+0000] {logging_mixin.py:190} INFO - [2026-04-21T22:26:45.773+0000] {dagbag.py:588} INFO - Filling up the DagBag from /workspaces/meu-projeto-airflow/dags/dataset_schedule.py
[2026-04-21T22:26:45.785+0000] {processor.py:925} INFO - DAG(s) 'dataset_schedule_dag' retrieved from /workspaces/meu-projeto-airflow/dags/dataset_schedule.py
[2026-04-21T22:26:45.817+0000] {logging_mixin.py:190} INFO - [2026-04-21T22:26:45.817+0000] {dag.py:3239} INFO - Sync 1 DAGs
[2026-04-21T22:26:45.842+0000] {logging_mixin.py:190} INFO - [2026-04-21T22:26:45.842+0000] {dag.py:4180} INFO - Setting next_dagrun for dataset_schedule_dag to None, run_after=None
[2026-04-21T22:26:45.894+0000] {processor.py:208} INFO - Processing /workspaces/meu-projeto-airflow/dags/dataset_schedule.py took 0.127 seconds
[2026-04-21T22:27:56.181+0000] {processor.py:186} INFO - Started process (PID=5211) to work on /workspaces/meu-projeto-airflow/dags/dataset_schedule.py
[2026-04-21T22:27:56.182+0000] {processor.py:914} INFO - Processing file /workspaces/meu-projeto-airflow/dags/dataset_schedule.py for tasks to queue
[2026-04-21T22:27:56.183+0000] {logging_mixin.py:190} INFO - [2026-04-21T22:27:56.183+0000] {dagbag.py:588} INFO - Filling up the DagBag from /workspaces/meu-projeto-airflow/dags/dataset_schedule.py
[2026-04-21T22:27:56.189+0000] {processor.py:925} INFO - DAG(s) 'dataset_schedule_dag' retrieved from /workspaces/meu-projeto-airflow/dags/dataset_schedule.py
[2026-04-21T22:27:56.201+0000] {logging_mixin.py:190} INFO - [2026-04-21T22:27:56.201+0000] {dag.py:3239} INFO - Sync 1 DAGs
[2026-04-21T22:27:56.219+0000] {logging_mixin.py:190} INFO - [2026-04-21T22:27:56.219+0000] {dag.py:4180} INFO - Setting next_dagrun for dataset_schedule_dag to None, run_after=None
[2026-04-21T22:27:56.243+0000] {processor.py:208} INFO - Processing /workspaces/meu-projeto-airflow/dags/dataset_schedule.py took 0.066 seconds
[2026-04-21T22:28:37.297+0000] {processor.py:186} INFO - Started process (PID=6029) to work on /workspaces/meu-projeto-airflow/dags/dataset_schedule.py
[2026-04-21T22:28:37.298+0000] {processor.py:914} INFO - Processing file /workspaces/meu-projeto-airflow/dags/dataset_schedule.py for tasks to queue
[2026-04-21T22:28:37.299+0000] {logging_mixin.py:190} INFO - [2026-04-21T22:28:37.299+0000] {dagbag.py:588} INFO - Filling up the DagBag from /workspaces/meu-projeto-airflow/dags/dataset_schedule.py
[2026-04-21T22:28:37.305+0000] {processor.py:925} INFO - DAG(s) 'dataset_schedule_dag' retrieved from /workspaces/meu-projeto-airflow/dags/dataset_schedule.py
[2026-04-21T22:28:37.317+0000] {logging_mixin.py:190} INFO - [2026-04-21T22:28:37.317+0000] {dag.py:3239} INFO - Sync 1 DAGs
[2026-04-21T22:28:37.331+0000] {logging_mixin.py:190} INFO - [2026-04-21T22:28:37.331+0000] {dag.py:4180} INFO - Setting next_dagrun for dataset_schedule_dag to None, run_after=None
[2026-04-21T22:28:37.351+0000] {processor.py:208} INFO - Processing /workspaces/meu-projeto-airflow/dags/dataset_schedule.py took 0.058 seconds
[2026-04-21T22:29:19.556+0000] {processor.py:186} INFO - Started process (PID=6973) to work on /workspaces/meu-projeto-airflow/dags/dataset_schedule.py
[2026-04-21T22:29:19.556+0000] {processor.py:914} INFO - Processing file /workspaces/meu-projeto-airflow/dags/dataset_schedule.py for tasks to queue
[2026-04-21T22:29:19.559+0000] {logging_mixin.py:190} INFO - [2026-04-21T22:29:19.559+0000] {dagbag.py:588} INFO - Filling up the DagBag from /workspaces/meu-projeto-airflow/dags/dataset_schedule.py
[2026-04-21T22:29:19.564+0000] {processor.py:925} INFO - DAG(s) 'dataset_schedule_dag' retrieved from /workspaces/meu-projeto-airflow/dags/dataset_schedule.py
[2026-04-21T22:29:19.579+0000] {logging_mixin.py:190} INFO - [2026-04-21T22:29:19.579+0000] {dag.py:3239} INFO - Sync 1 DAGs
[2026-04-21T22:29:19.594+0000] {logging_mixin.py:190} INFO - [2026-04-21T22:29:19.594+0000] {dag.py:4180} INFO - Setting next_dagrun for dataset_schedule_dag to None, run_after=None
[2026-04-21T22:29:19.612+0000] {processor.py:208} INFO - Processing /workspaces/meu-projeto-airflow/dags/dataset_schedule.py took 0.064 seconds
[2026-04-21T22:29:59.815+0000] {processor.py:186} INFO - Started process (PID=7608) to work on /workspaces/meu-projeto-airflow/dags/dataset_schedule.py
[2026-04-21T22:29:59.815+0000] {processor.py:914} INFO - Processing file /workspaces/meu-projeto-airflow/dags/dataset_schedule.py for tasks to queue
[2026-04-21T22:29:59.817+0000] {logging_mixin.py:190} INFO - [2026-04-21T22:29:59.817+0000] {dagbag.py:588} INFO - Filling up the DagBag from /workspaces/meu-projeto-airflow/dags/dataset_schedule.py
[2026-04-21T22:29:59.823+0000] {processor.py:925} INFO - DAG(s) 'dataset_schedule_dag' retrieved from /workspaces/meu-projeto-airflow/dags/dataset_schedule.py
[2026-04-21T22:29:59.835+0000] {logging_mixin.py:190} INFO - [2026-04-21T22:29:59.835+0000] {dag.py:3239} INFO - Sync 1 DAGs
[2026-04-21T22:29:59.850+0000] {logging_mixin.py:190} INFO - [2026-04-21T22:29:59.850+0000] {dag.py:4180} INFO - Setting next_dagrun for dataset_schedule_dag to None, run_after=None
[2026-04-21T22:29:59.868+0000] {processor.py:208} INFO - Processing /workspaces/meu-projeto-airflow/dags/dataset_schedule.py took 0.058 seconds
[2026-04-21T22:30:36.828+0000] {processor.py:186} INFO - Started process (PID=8008) to work on /workspaces/meu-projeto-airflow/dags/dataset_schedule.py
[2026-04-21T22:30:36.829+0000] {processor.py:914} INFO - Processing file /workspaces/meu-projeto-airflow/dags/dataset_schedule.py for tasks to queue
[2026-04-21T22:30:36.832+0000] {logging_mixin.py:190} INFO - [2026-04-21T22:30:36.832+0000] {dagbag.py:588} INFO - Filling up the DagBag from /workspaces/meu-projeto-airflow/dags/dataset_schedule.py
[2026-04-21T22:30:36.839+0000] {processor.py:925} INFO - DAG(s) 'dataset_schedule_dag' retrieved from /workspaces/meu-projeto-airflow/dags/dataset_schedule.py
[2026-04-21T22:30:36.854+0000] {logging_mixin.py:190} INFO - [2026-04-21T22:30:36.854+0000] {dag.py:3239} INFO - Sync 1 DAGs
[2026-04-21T22:30:36.869+0000] {logging_mixin.py:190} INFO - [2026-04-21T22:30:36.869+0000] {dag.py:4180} INFO - Setting next_dagrun for dataset_schedule_dag to None, run_after=None
[2026-04-21T22:30:36.888+0000] {processor.py:208} INFO - Processing /workspaces/meu-projeto-airflow/dags/dataset_schedule.py took 0.068 seconds
[2026-04-21T22:31:14.062+0000] {processor.py:186} INFO - Started process (PID=8633) to work on /workspaces/meu-projeto-airflow/dags/dataset_schedule.py
[2026-04-21T22:31:14.063+0000] {processor.py:914} INFO - Processing file /workspaces/meu-projeto-airflow/dags/dataset_schedule.py for tasks to queue
[2026-04-21T22:31:14.064+0000] {logging_mixin.py:190} INFO - [2026-04-21T22:31:14.064+0000] {dagbag.py:588} INFO - Filling up the DagBag from /workspaces/meu-projeto-airflow/dags/dataset_schedule.py
[2026-04-21T22:31:14.070+0000] {processor.py:925} INFO - DAG(s) 'dataset_schedule_dag' retrieved from /workspaces/meu-projeto-airflow/dags/dataset_schedule.py
[2026-04-21T22:31:14.082+0000] {logging_mixin.py:190} INFO - [2026-04-21T22:31:14.082+0000] {dag.py:3239} INFO - Sync 1 DAGs
[2026-04-21T22:31:14.097+0000] {logging_mixin.py:190} INFO - [2026-04-21T22:31:14.097+0000] {dag.py:4180} INFO - Setting next_dagrun for dataset_schedule_dag to None, run_after=None
[2026-04-21T22:31:14.116+0000] {processor.py:208} INFO - Processing /workspaces/meu-projeto-airflow/dags/dataset_schedule.py took 0.059 seconds
[2026-04-21T22:31:55.393+0000] {processor.py:186} INFO - Started process (PID=9239) to work on /workspaces/meu-projeto-airflow/dags/dataset_schedule.py
[2026-04-21T22:31:55.394+0000] {processor.py:914} INFO - Processing file /workspaces/meu-projeto-airflow/dags/dataset_schedule.py for tasks to queue
[2026-04-21T22:31:55.396+0000] {logging_mixin.py:190} INFO - [2026-04-21T22:31:55.396+0000] {dagbag.py:588} INFO - Filling up the DagBag from /workspaces/meu-projeto-airflow/dags/dataset_schedule.py
[2026-04-21T22:31:55.401+0000] {processor.py:925} INFO - DAG(s) 'dataset_schedule_dag' retrieved from /workspaces/meu-projeto-airflow/dags/dataset_schedule.py
[2026-04-21T22:31:55.413+0000] {logging_mixin.py:190} INFO - [2026-04-21T22:31:55.413+0000] {dag.py:3239} INFO - Sync 1 DAGs
[2026-04-21T22:31:55.429+0000] {logging_mixin.py:190} INFO - [2026-04-21T22:31:55.429+0000] {dag.py:4180} INFO - Setting next_dagrun for dataset_schedule_dag to None, run_after=None
[2026-04-21T22:31:55.447+0000] {processor.py:208} INFO - Processing /workspaces/meu-projeto-airflow/dags/dataset_schedule.py took 0.058 seconds
[2026-04-21T22:32:37.759+0000] {processor.py:186} INFO - Started process (PID=9688) to work on /workspaces/meu-projeto-airflow/dags/dataset_schedule.py
[2026-04-21T22:32:37.761+0000] {processor.py:914} INFO - Processing file /workspaces/meu-projeto-airflow/dags/dataset_schedule.py for tasks to queue
[2026-04-21T22:32:37.764+0000] {logging_mixin.py:190} INFO - [2026-04-21T22:32:37.763+0000] {dagbag.py:588} INFO - Filling up the DagBag from /workspaces/meu-projeto-airflow/dags/dataset_schedule.py
[2026-04-21T22:32:37.777+0000] {processor.py:925} INFO - DAG(s) 'dataset_schedule_dag' retrieved from /workspaces/meu-projeto-airflow/dags/dataset_schedule.py
[2026-04-21T22:32:37.793+0000] {logging_mixin.py:190} INFO - [2026-04-21T22:32:37.793+0000] {dag.py:3239} INFO - Sync 1 DAGs
[2026-04-21T22:32:37.813+0000] {logging_mixin.py:190} INFO - [2026-04-21T22:32:37.813+0000] {dag.py:4180} INFO - Setting next_dagrun for dataset_schedule_dag to None, run_after=None
[2026-04-21T22:32:37.837+0000] {processor.py:208} INFO - Processing /workspaces/meu-projeto-airflow/dags/dataset_schedule.py took 0.084 seconds
[2026-04-21T22:33:18.053+0000] {processor.py:186} INFO - Started process (PID=10316) to work on /workspaces/meu-projeto-airflow/dags/dataset_schedule.py
[2026-04-21T22:33:18.053+0000] {processor.py:914} INFO - Processing file /workspaces/meu-projeto-airflow/dags/dataset_schedule.py for tasks to queue
[2026-04-21T22:33:18.056+0000] {logging_mixin.py:190} INFO - [2026-04-21T22:33:18.055+0000] {dagbag.py:588} INFO - Filling up the DagBag from /workspaces/meu-projeto-airflow/dags/dataset_schedule.py
[2026-04-21T22:33:18.062+0000] {processor.py:925} INFO - DAG(s) 'dataset_schedule_dag' retrieved from /workspaces/meu-projeto-airflow/dags/dataset_schedule.py
[2026-04-21T22:33:18.074+0000] {logging_mixin.py:190} INFO - [2026-04-21T22:33:18.073+0000] {dag.py:3239} INFO - Sync 1 DAGs
[2026-04-21T22:33:18.088+0000] {logging_mixin.py:190} INFO - [2026-04-21T22:33:18.088+0000] {dag.py:4180} INFO - Setting next_dagrun for dataset_schedule_dag to None, run_after=None
[2026-04-21T22:33:18.108+0000] {processor.py:208} INFO - Processing /workspaces/meu-projeto-airflow/dags/dataset_schedule.py took 0.060 seconds
[2026-04-21T22:33:58.004+0000] {processor.py:186} INFO - Started process (PID=10783) to work on /workspaces/meu-projeto-airflow/dags/dataset_schedule.py
[2026-04-21T22:33:58.004+0000] {processor.py:914} INFO - Processing file /workspaces/meu-projeto-airflow/dags/dataset_schedule.py for tasks to queue
[2026-04-21T22:33:58.006+0000] {logging_mixin.py:190} INFO - [2026-04-21T22:33:58.006+0000] {dagbag.py:588} INFO - Filling up the DagBag from /workspaces/meu-projeto-airflow/dags/dataset_schedule.py
[2026-04-21T22:33:58.012+0000] {processor.py:925} INFO - DAG(s) 'dataset_schedule_dag' retrieved from /workspaces/meu-projeto-airflow/dags/dataset_schedule.py
[2026-04-21T22:33:58.025+0000] {logging_mixin.py:190} INFO - [2026-04-21T22:33:58.024+0000] {dag.py:3239} INFO - Sync 1 DAGs
[2026-04-21T22:33:58.039+0000] {logging_mixin.py:190} INFO - [2026-04-21T22:33:58.039+0000] {dag.py:4180} INFO - Setting next_dagrun for dataset_schedule_dag to None, run_after=None
[2026-04-21T22:33:58.060+0000] {processor.py:208} INFO - Processing /workspaces/meu-projeto-airflow/dags/dataset_schedule.py took 0.061 seconds
[2026-04-21T22:34:34.127+0000] {processor.py:186} INFO - Started process (PID=11113) to work on /workspaces/meu-projeto-airflow/dags/dataset_schedule.py
[2026-04-21T22:34:34.127+0000] {processor.py:914} INFO - Processing file /workspaces/meu-projeto-airflow/dags/dataset_schedule.py for tasks to queue
[2026-04-21T22:34:34.129+0000] {logging_mixin.py:190} INFO - [2026-04-21T22:34:34.129+0000] {dagbag.py:588} INFO - Filling up the DagBag from /workspaces/meu-projeto-airflow/dags/dataset_schedule.py
[2026-04-21T22:34:34.135+0000] {processor.py:925} INFO - DAG(s) 'dataset_schedule_dag' retrieved from /workspaces/meu-projeto-airflow/dags/dataset_schedule.py
[2026-04-21T22:34:34.147+0000] {logging_mixin.py:190} INFO - [2026-04-21T22:34:34.147+0000] {dag.py:3239} INFO - Sync 1 DAGs
[2026-04-21T22:34:34.162+0000] {logging_mixin.py:190} INFO - [2026-04-21T22:34:34.161+0000] {dag.py:4180} INFO - Setting next_dagrun for dataset_schedule_dag to None, run_after=None
[2026-04-21T22:34:34.182+0000] {processor.py:208} INFO - Processing /workspaces/meu-projeto-airflow/dags/dataset_schedule.py took 0.060 seconds
[2026-04-21T22:35:11.755+0000] {processor.py:186} INFO - Started process (PID=11560) to work on /workspaces/meu-projeto-airflow/dags/dataset_schedule.py
[2026-04-21T22:35:11.756+0000] {processor.py:914} INFO - Processing file /workspaces/meu-projeto-airflow/dags/dataset_schedule.py for tasks to queue
[2026-04-21T22:35:11.757+0000] {logging_mixin.py:190} INFO - [2026-04-21T22:35:11.757+0000] {dagbag.py:588} INFO - Filling up the DagBag from /workspaces/meu-projeto-airflow/dags/dataset_schedule.py
[2026-04-21T22:35:11.763+0000] {processor.py:925} INFO - DAG(s) 'dataset_schedule_dag' retrieved from /workspaces/meu-projeto-airflow/dags/dataset_schedule.py
[2026-04-21T22:35:11.775+0000] {logging_mixin.py:190} INFO - [2026-04-21T22:35:11.775+0000] {dag.py:3239} INFO - Sync 1 DAGs
[2026-04-21T22:35:11.790+0000] {logging_mixin.py:190} INFO - [2026-04-21T22:35:11.789+0000] {dag.py:4180} INFO - Setting next_dagrun for dataset_schedule_dag to None, run_after=None
[2026-04-21T22:35:11.809+0000] {processor.py:208} INFO - Processing /workspaces/meu-projeto-airflow/dags/dataset_schedule.py took 0.059 seconds
[2026-04-21T22:35:50.632+0000] {processor.py:186} INFO - Started process (PID=11978) to work on /workspaces/meu-projeto-airflow/dags/dataset_schedule.py
[2026-04-21T22:35:50.633+0000] {processor.py:914} INFO - Processing file /workspaces/meu-projeto-airflow/dags/dataset_schedule.py for tasks to queue
[2026-04-21T22:35:50.634+0000] {logging_mixin.py:190} INFO - [2026-04-21T22:35:50.634+0000] {dagbag.py:588} INFO - Filling up the DagBag from /workspaces/meu-projeto-airflow/dags/dataset_schedule.py
[2026-04-21T22:35:50.640+0000] {processor.py:925} INFO - DAG(s) 'dataset_schedule_dag' retrieved from /workspaces/meu-projeto-airflow/dags/dataset_schedule.py
[2026-04-21T22:35:50.655+0000] {logging_mixin.py:190} INFO - [2026-04-21T22:35:50.655+0000] {dag.py:3239} INFO - Sync 1 DAGs
[2026-04-21T22:35:50.670+0000] {logging_mixin.py:190} INFO - [2026-04-21T22:35:50.669+0000] {dag.py:4180} INFO - Setting next_dagrun for dataset_schedule_dag to None, run_after=None
[2026-04-21T22:35:50.688+0000] {processor.py:208} INFO - Processing /workspaces/meu-projeto-airflow/dags/dataset_schedule.py took 0.061 seconds
[2026-04-21T22:36:29.555+0000] {processor.py:186} INFO - Started process (PID=12334) to work on /workspaces/meu-projeto-airflow/dags/dataset_schedule.py
[2026-04-21T22:36:29.556+0000] {processor.py:914} INFO - Processing file /workspaces/meu-projeto-airflow/dags/dataset_schedule.py for tasks to queue
[2026-04-21T22:36:29.558+0000] {logging_mixin.py:190} INFO - [2026-04-21T22:36:29.557+0000] {dagbag.py:588} INFO - Filling up the DagBag from /workspaces/meu-projeto-airflow/dags/dataset_schedule.py
[2026-04-21T22:36:29.563+0000] {processor.py:925} INFO - DAG(s) 'dataset_schedule_dag' retrieved from /workspaces/meu-projeto-airflow/dags/dataset_schedule.py
[2026-04-21T22:36:29.576+0000] {logging_mixin.py:190} INFO - [2026-04-21T22:36:29.575+0000] {dag.py:3239} INFO - Sync 1 DAGs
[2026-04-21T22:36:29.590+0000] {logging_mixin.py:190} INFO - [2026-04-21T22:36:29.590+0000] {dag.py:4180} INFO - Setting next_dagrun for dataset_schedule_dag to None, run_after=None
[2026-04-21T22:36:29.609+0000] {processor.py:208} INFO - Processing /workspaces/meu-projeto-airflow/dags/dataset_schedule.py took 0.059 seconds
[2026-04-21T22:37:08.552+0000] {processor.py:186} INFO - Started process (PID=12851) to work on /workspaces/meu-projeto-airflow/dags/dataset_schedule.py
[2026-04-21T22:37:08.553+0000] {processor.py:914} INFO - Processing file /workspaces/meu-projeto-airflow/dags/dataset_schedule.py for tasks to queue
[2026-04-21T22:37:08.555+0000] {logging_mixin.py:190} INFO - [2026-04-21T22:37:08.555+0000] {dagbag.py:588} INFO - Filling up the DagBag from /workspaces/meu-projeto-airflow/dags/dataset_schedule.py
[2026-04-21T22:37:08.563+0000] {processor.py:925} INFO - DAG(s) 'dataset_schedule_dag' retrieved from /workspaces/meu-projeto-airflow/dags/dataset_schedule.py
[2026-04-21T22:37:08.580+0000] {logging_mixin.py:190} INFO - [2026-04-21T22:37:08.579+0000] {dag.py:3239} INFO - Sync 1 DAGs
[2026-04-21T22:37:08.601+0000] {logging_mixin.py:190} INFO - [2026-04-21T22:37:08.601+0000] {dag.py:4180} INFO - Setting next_dagrun for dataset_schedule_dag to None, run_after=None
[2026-04-21T22:37:08.623+0000] {processor.py:208} INFO - Processing /workspaces/meu-projeto-airflow/dags/dataset_schedule.py took 0.075 seconds
[2026-04-21T22:37:49.406+0000] {processor.py:186} INFO - Started process (PID=13407) to work on /workspaces/meu-projeto-airflow/dags/dataset_schedule.py
[2026-04-21T22:37:49.407+0000] {processor.py:914} INFO - Processing file /workspaces/meu-projeto-airflow/dags/dataset_schedule.py for tasks to queue
[2026-04-21T22:37:49.409+0000] {logging_mixin.py:190} INFO - [2026-04-21T22:37:49.409+0000] {dagbag.py:588} INFO - Filling up the DagBag from /workspaces/meu-projeto-airflow/dags/dataset_schedule.py
[2026-04-21T22:37:49.417+0000] {processor.py:925} INFO - DAG(s) 'dataset_schedule_dag' retrieved from /workspaces/meu-projeto-airflow/dags/dataset_schedule.py
[2026-04-21T22:37:49.430+0000] {logging_mixin.py:190} INFO - [2026-04-21T22:37:49.429+0000] {dag.py:3239} INFO - Sync 1 DAGs
[2026-04-21T22:37:49.444+0000] {logging_mixin.py:190} INFO - [2026-04-21T22:37:49.444+0000] {dag.py:4180} INFO - Setting next_dagrun for dataset_schedule_dag to None, run_after=None
[2026-04-21T22:37:49.463+0000] {processor.py:208} INFO - Processing /workspaces/meu-projeto-airflow/dags/dataset_schedule.py took 0.064 seconds
[2026-04-21T22:38:30.281+0000] {processor.py:186} INFO - Started process (PID=13996) to work on /workspaces/meu-projeto-airflow/dags/dataset_schedule.py
[2026-04-21T22:38:30.282+0000] {processor.py:914} INFO - Processing file /workspaces/meu-projeto-airflow/dags/dataset_schedule.py for tasks to queue
[2026-04-21T22:38:30.284+0000] {logging_mixin.py:190} INFO - [2026-04-21T22:38:30.283+0000] {dagbag.py:588} INFO - Filling up the DagBag from /workspaces/meu-projeto-airflow/dags/dataset_schedule.py
[2026-04-21T22:38:30.290+0000] {processor.py:925} INFO - DAG(s) 'dataset_schedule_dag' retrieved from /workspaces/meu-projeto-airflow/dags/dataset_schedule.py
[2026-04-21T22:38:30.301+0000] {logging_mixin.py:190} INFO - [2026-04-21T22:38:30.301+0000] {dag.py:3239} INFO - Sync 1 DAGs
[2026-04-21T22:38:30.316+0000] {logging_mixin.py:190} INFO - [2026-04-21T22:38:30.316+0000] {dag.py:4180} INFO - Setting next_dagrun for dataset_schedule_dag to None, run_after=None
[2026-04-21T22:38:30.336+0000] {processor.py:208} INFO - Processing /workspaces/meu-projeto-airflow/dags/dataset_schedule.py took 0.059 seconds
[2026-04-21T22:39:10.553+0000] {processor.py:186} INFO - Started process (PID=14422) to work on /workspaces/meu-projeto-airflow/dags/dataset_schedule.py
[2026-04-21T22:39:10.554+0000] {processor.py:914} INFO - Processing file /workspaces/meu-projeto-airflow/dags/dataset_schedule.py for tasks to queue
[2026-04-21T22:39:10.556+0000] {logging_mixin.py:190} INFO - [2026-04-21T22:39:10.555+0000] {dagbag.py:588} INFO - Filling up the DagBag from /workspaces/meu-projeto-airflow/dags/dataset_schedule.py
[2026-04-21T22:39:10.563+0000] {processor.py:925} INFO - DAG(s) 'dataset_schedule_dag' retrieved from /workspaces/meu-projeto-airflow/dags/dataset_schedule.py
[2026-04-21T22:39:10.576+0000] {logging_mixin.py:190} INFO - [2026-04-21T22:39:10.576+0000] {dag.py:3239} INFO - Sync 1 DAGs
[2026-04-21T22:39:10.592+0000] {logging_mixin.py:190} INFO - [2026-04-21T22:39:10.591+0000] {dag.py:4180} INFO - Setting next_dagrun for dataset_schedule_dag to None, run_after=None
[2026-04-21T22:39:10.613+0000] {processor.py:208} INFO - Processing /workspaces/meu-projeto-airflow/dags/dataset_schedule.py took 0.065 seconds
[2026-04-21T22:39:46.084+0000] {processor.py:186} INFO - Started process (PID=14835) to work on /workspaces/meu-projeto-airflow/dags/dataset_schedule.py
[2026-04-21T22:39:46.084+0000] {processor.py:914} INFO - Processing file /workspaces/meu-projeto-airflow/dags/dataset_schedule.py for tasks to queue
[2026-04-21T22:39:46.086+0000] {logging_mixin.py:190} INFO - [2026-04-21T22:39:46.086+0000] {dagbag.py:588} INFO - Filling up the DagBag from /workspaces/meu-projeto-airflow/dags/dataset_schedule.py
[2026-04-21T22:39:46.092+0000] {processor.py:925} INFO - DAG(s) 'dataset_schedule_dag' retrieved from /workspaces/meu-projeto-airflow/dags/dataset_schedule.py
[2026-04-21T22:39:46.105+0000] {logging_mixin.py:190} INFO - [2026-04-21T22:39:46.104+0000] {dag.py:3239} INFO - Sync 1 DAGs
[2026-04-21T22:39:46.119+0000] {logging_mixin.py:190} INFO - [2026-04-21T22:39:46.119+0000] {dag.py:4180} INFO - Setting next_dagrun for dataset_schedule_dag to None, run_after=None
[2026-04-21T22:39:46.139+0000] {processor.py:208} INFO - Processing /workspaces/meu-projeto-airflow/dags/dataset_schedule.py took 0.060 seconds
[2026-04-21T22:40:24.550+0000] {processor.py:186} INFO - Started process (PID=15141) to work on /workspaces/meu-projeto-airflow/dags/dataset_schedule.py
[2026-04-21T22:40:24.551+0000] {processor.py:914} INFO - Processing file /workspaces/meu-projeto-airflow/dags/dataset_schedule.py for tasks to queue
[2026-04-21T22:40:24.553+0000] {logging_mixin.py:190} INFO - [2026-04-21T22:40:24.553+0000] {dagbag.py:588} INFO - Filling up the DagBag from /workspaces/meu-projeto-airflow/dags/dataset_schedule.py
[2026-04-21T22:40:24.562+0000] {processor.py:925} INFO - DAG(s) 'dataset_schedule_dag' retrieved from /workspaces/meu-projeto-airflow/dags/dataset_schedule.py
[2026-04-21T22:40:24.597+0000] {logging_mixin.py:190} INFO - [2026-04-21T22:40:24.596+0000] {dag.py:3239} INFO - Sync 1 DAGs
[2026-04-21T22:40:24.637+0000] {logging_mixin.py:190} INFO - [2026-04-21T22:40:24.637+0000] {dag.py:4180} INFO - Setting next_dagrun for dataset_schedule_dag to None, run_after=None
[2026-04-21T22:40:24.728+0000] {processor.py:208} INFO - Processing /workspaces/meu-projeto-airflow/dags/dataset_schedule.py took 0.185 seconds
[2026-04-21T22:41:06.364+0000] {processor.py:186} INFO - Started process (PID=15630) to work on /workspaces/meu-projeto-airflow/dags/dataset_schedule.py
[2026-04-21T22:41:06.365+0000] {processor.py:914} INFO - Processing file /workspaces/meu-projeto-airflow/dags/dataset_schedule.py for tasks to queue
[2026-04-21T22:41:06.367+0000] {logging_mixin.py:190} INFO - [2026-04-21T22:41:06.366+0000] {dagbag.py:588} INFO - Filling up the DagBag from /workspaces/meu-projeto-airflow/dags/dataset_schedule.py
[2026-04-21T22:41:06.373+0000] {processor.py:925} INFO - DAG(s) 'dataset_schedule_dag' retrieved from /workspaces/meu-projeto-airflow/dags/dataset_schedule.py
[2026-04-21T22:41:06.386+0000] {logging_mixin.py:190} INFO - [2026-04-21T22:41:06.386+0000] {dag.py:3239} INFO - Sync 1 DAGs
[2026-04-21T22:41:06.405+0000] {logging_mixin.py:190} INFO - [2026-04-21T22:41:06.405+0000] {dag.py:4180} INFO - Setting next_dagrun for dataset_schedule_dag to None, run_after=None
[2026-04-21T22:41:06.473+0000] {processor.py:208} INFO - Processing /workspaces/meu-projeto-airflow/dags/dataset_schedule.py took 0.115 seconds
[2026-04-21T22:41:45.874+0000] {processor.py:186} INFO - Started process (PID=16066) to work on /workspaces/meu-projeto-airflow/dags/dataset_schedule.py
[2026-04-21T22:41:45.875+0000] {processor.py:914} INFO - Processing file /workspaces/meu-projeto-airflow/dags/dataset_schedule.py for tasks to queue
[2026-04-21T22:41:45.877+0000] {logging_mixin.py:190} INFO - [2026-04-21T22:41:45.877+0000] {dagbag.py:588} INFO - Filling up the DagBag from /workspaces/meu-projeto-airflow/dags/dataset_schedule.py
[2026-04-21T22:41:45.884+0000] {processor.py:925} INFO - DAG(s) 'dataset_schedule_dag' retrieved from /workspaces/meu-projeto-airflow/dags/dataset_schedule.py
[2026-04-21T22:41:45.896+0000] {logging_mixin.py:190} INFO - [2026-04-21T22:41:45.896+0000] {dag.py:3239} INFO - Sync 1 DAGs
[2026-04-21T22:41:45.911+0000] {logging_mixin.py:190} INFO - [2026-04-21T22:41:45.911+0000] {dag.py:4180} INFO - Setting next_dagrun for dataset_schedule_dag to None, run_after=None
[2026-04-21T22:41:45.929+0000] {processor.py:208} INFO - Processing /workspaces/meu-projeto-airflow/dags/dataset_schedule.py took 0.059 seconds
[2026-04-21T22:42:24.545+0000] {processor.py:186} INFO - Started process (PID=16529) to work on /workspaces/meu-projeto-airflow/dags/dataset_schedule.py
[2026-04-21T22:42:24.546+0000] {processor.py:914} INFO - Processing file /workspaces/meu-projeto-airflow/dags/dataset_schedule.py for tasks to queue
[2026-04-21T22:42:24.550+0000] {logging_mixin.py:190} INFO - [2026-04-21T22:42:24.549+0000] {dagbag.py:588} INFO - Filling up the DagBag from /workspaces/meu-projeto-airflow/dags/dataset_schedule.py
[2026-04-21T22:42:24.560+0000] {processor.py:925} INFO - DAG(s) 'dataset_schedule_dag' retrieved from /workspaces/meu-projeto-airflow/dags/dataset_schedule.py
[2026-04-21T22:42:24.579+0000] {logging_mixin.py:190} INFO - [2026-04-21T22:42:24.578+0000] {dag.py:3239} INFO - Sync 1 DAGs
[2026-04-21T22:42:24.596+0000] {logging_mixin.py:190} INFO - [2026-04-21T22:42:24.596+0000] {dag.py:4180} INFO - Setting next_dagrun for dataset_schedule_dag to None, run_after=None
[2026-04-21T22:42:24.615+0000] {processor.py:208} INFO - Processing /workspaces/meu-projeto-airflow/dags/dataset_schedule.py took 0.075 seconds
[2026-04-21T22:43:04.856+0000] {processor.py:186} INFO - Started process (PID=16995) to work on /workspaces/meu-projeto-airflow/dags/dataset_schedule.py
[2026-04-21T22:43:04.857+0000] {processor.py:914} INFO - Processing file /workspaces/meu-projeto-airflow/dags/dataset_schedule.py for tasks to queue
[2026-04-21T22:43:04.859+0000] {logging_mixin.py:190} INFO - [2026-04-21T22:43:04.859+0000] {dagbag.py:588} INFO - Filling up the DagBag from /workspaces/meu-projeto-airflow/dags/dataset_schedule.py
[2026-04-21T22:43:04.865+0000] {processor.py:925} INFO - DAG(s) 'dataset_schedule_dag' retrieved from /workspaces/meu-projeto-airflow/dags/dataset_schedule.py
[2026-04-21T22:43:04.877+0000] {logging_mixin.py:190} INFO - [2026-04-21T22:43:04.876+0000] {dag.py:3239} INFO - Sync 1 DAGs
[2026-04-21T22:43:04.892+0000] {logging_mixin.py:190} INFO - [2026-04-21T22:43:04.892+0000] {dag.py:4180} INFO - Setting next_dagrun for dataset_schedule_dag to None, run_after=None
[2026-04-21T22:43:04.911+0000] {processor.py:208} INFO - Processing /workspaces/meu-projeto-airflow/dags/dataset_schedule.py took 0.060 seconds
[2026-04-21T22:43:45.151+0000] {processor.py:186} INFO - Started process (PID=17462) to work on /workspaces/meu-projeto-airflow/dags/dataset_schedule.py
[2026-04-21T22:43:45.151+0000] {processor.py:914} INFO - Processing file /workspaces/meu-projeto-airflow/dags/dataset_schedule.py for tasks to queue
[2026-04-21T22:43:45.153+0000] {logging_mixin.py:190} INFO - [2026-04-21T22:43:45.153+0000] {dagbag.py:588} INFO - Filling up the DagBag from /workspaces/meu-projeto-airflow/dags/dataset_schedule.py
[2026-04-21T22:43:45.159+0000] {processor.py:925} INFO - DAG(s) 'dataset_schedule_dag' retrieved from /workspaces/meu-projeto-airflow/dags/dataset_schedule.py
[2026-04-21T22:43:45.171+0000] {logging_mixin.py:190} INFO - [2026-04-21T22:43:45.171+0000] {dag.py:3239} INFO - Sync 1 DAGs
[2026-04-21T22:43:45.186+0000] {logging_mixin.py:190} INFO - [2026-04-21T22:43:45.186+0000] {dag.py:4180} INFO - Setting next_dagrun for dataset_schedule_dag to None, run_after=None
[2026-04-21T22:43:45.205+0000] {processor.py:208} INFO - Processing /workspaces/meu-projeto-airflow/dags/dataset_schedule.py took 0.058 seconds
[2026-04-21T22:44:23.146+0000] {processor.py:186} INFO - Started process (PID=17857) to work on /workspaces/meu-projeto-airflow/dags/dataset_schedule.py
[2026-04-21T22:44:23.146+0000] {processor.py:914} INFO - Processing file /workspaces/meu-projeto-airflow/dags/dataset_schedule.py for tasks to queue
[2026-04-21T22:44:23.148+0000] {logging_mixin.py:190} INFO - [2026-04-21T22:44:23.148+0000] {dagbag.py:588} INFO - Filling up the DagBag from /workspaces/meu-projeto-airflow/dags/dataset_schedule.py
[2026-04-21T22:44:23.154+0000] {processor.py:925} INFO - DAG(s) 'dataset_schedule_dag' retrieved from /workspaces/meu-projeto-airflow/dags/dataset_schedule.py
[2026-04-21T22:44:23.166+0000] {logging_mixin.py:190} INFO - [2026-04-21T22:44:23.166+0000] {dag.py:3239} INFO - Sync 1 DAGs
[2026-04-21T22:44:23.182+0000] {logging_mixin.py:190} INFO - [2026-04-21T22:44:23.181+0000] {dag.py:4180} INFO - Setting next_dagrun for dataset_schedule_dag to None, run_after=None
[2026-04-21T22:44:23.200+0000] {processor.py:208} INFO - Processing /workspaces/meu-projeto-airflow/dags/dataset_schedule.py took 0.059 seconds
[2026-04-21T22:45:02.932+0000] {processor.py:186} INFO - Started process (PID=18426) to work on /workspaces/meu-projeto-airflow/dags/dataset_schedule.py
[2026-04-21T22:45:02.932+0000] {processor.py:914} INFO - Processing file /workspaces/meu-projeto-airflow/dags/dataset_schedule.py for tasks to queue
[2026-04-21T22:45:02.934+0000] {logging_mixin.py:190} INFO - [2026-04-21T22:45:02.934+0000] {dagbag.py:588} INFO - Filling up the DagBag from /workspaces/meu-projeto-airflow/dags/dataset_schedule.py
[2026-04-21T22:45:02.941+0000] {processor.py:925} INFO - DAG(s) 'dataset_schedule_dag' retrieved from /workspaces/meu-projeto-airflow/dags/dataset_schedule.py
[2026-04-21T22:45:02.954+0000] {logging_mixin.py:190} INFO - [2026-04-21T22:45:02.954+0000] {dag.py:3239} INFO - Sync 1 DAGs
[2026-04-21T22:45:02.969+0000] {logging_mixin.py:190} INFO - [2026-04-21T22:45:02.969+0000] {dag.py:4180} INFO - Setting next_dagrun for dataset_schedule_dag to None, run_after=None
[2026-04-21T22:45:02.989+0000] {processor.py:208} INFO - Processing /workspaces/meu-projeto-airflow/dags/dataset_schedule.py took 0.062 seconds
[2026-04-21T22:45:41.719+0000] {processor.py:186} INFO - Started process (PID=18861) to work on /workspaces/meu-projeto-airflow/dags/dataset_schedule.py
[2026-04-21T22:45:41.720+0000] {processor.py:914} INFO - Processing file /workspaces/meu-projeto-airflow/dags/dataset_schedule.py for tasks to queue
[2026-04-21T22:45:41.722+0000] {logging_mixin.py:190} INFO - [2026-04-21T22:45:41.722+0000] {dagbag.py:588} INFO - Filling up the DagBag from /workspaces/meu-projeto-airflow/dags/dataset_schedule.py
[2026-04-21T22:45:41.728+0000] {processor.py:925} INFO - DAG(s) 'dataset_schedule_dag' retrieved from /workspaces/meu-projeto-airflow/dags/dataset_schedule.py
[2026-04-21T22:45:41.740+0000] {logging_mixin.py:190} INFO - [2026-04-21T22:45:41.740+0000] {dag.py:3239} INFO - Sync 1 DAGs
[2026-04-21T22:45:41.756+0000] {logging_mixin.py:190} INFO - [2026-04-21T22:45:41.756+0000] {dag.py:4180} INFO - Setting next_dagrun for dataset_schedule_dag to None, run_after=None
[2026-04-21T22:45:41.774+0000] {processor.py:208} INFO - Processing /workspaces/meu-projeto-airflow/dags/dataset_schedule.py took 0.060 seconds
[2026-04-21T22:46:22.987+0000] {processor.py:186} INFO - Started process (PID=19301) to work on /workspaces/meu-projeto-airflow/dags/dataset_schedule.py
[2026-04-21T22:46:22.988+0000] {processor.py:914} INFO - Processing file /workspaces/meu-projeto-airflow/dags/dataset_schedule.py for tasks to queue
[2026-04-21T22:46:22.989+0000] {logging_mixin.py:190} INFO - [2026-04-21T22:46:22.989+0000] {dagbag.py:588} INFO - Filling up the DagBag from /workspaces/meu-projeto-airflow/dags/dataset_schedule.py
[2026-04-21T22:46:22.995+0000] {processor.py:925} INFO - DAG(s) 'dataset_schedule_dag' retrieved from /workspaces/meu-projeto-airflow/dags/dataset_schedule.py
[2026-04-21T22:46:23.008+0000] {logging_mixin.py:190} INFO - [2026-04-21T22:46:23.007+0000] {dag.py:3239} INFO - Sync 1 DAGs
[2026-04-21T22:46:23.023+0000] {logging_mixin.py:190} INFO - [2026-04-21T22:46:23.022+0000] {dag.py:4180} INFO - Setting next_dagrun for dataset_schedule_dag to None, run_after=None
[2026-04-21T22:46:23.041+0000] {processor.py:208} INFO - Processing /workspaces/meu-projeto-airflow/dags/dataset_schedule.py took 0.059 seconds
[2026-04-21T22:47:01.417+0000] {processor.py:186} INFO - Started process (PID=19789) to work on /workspaces/meu-projeto-airflow/dags/dataset_schedule.py
[2026-04-21T22:47:01.417+0000] {processor.py:914} INFO - Processing file /workspaces/meu-projeto-airflow/dags/dataset_schedule.py for tasks to queue
[2026-04-21T22:47:01.419+0000] {logging_mixin.py:190} INFO - [2026-04-21T22:47:01.419+0000] {dagbag.py:588} INFO - Filling up the DagBag from /workspaces/meu-projeto-airflow/dags/dataset_schedule.py
[2026-04-21T22:47:01.426+0000] {processor.py:925} INFO - DAG(s) 'dataset_schedule_dag' retrieved from /workspaces/meu-projeto-airflow/dags/dataset_schedule.py
[2026-04-21T22:47:01.438+0000] {logging_mixin.py:190} INFO - [2026-04-21T22:47:01.438+0000] {dag.py:3239} INFO - Sync 1 DAGs
[2026-04-21T22:47:01.455+0000] {logging_mixin.py:190} INFO - [2026-04-21T22:47:01.455+0000] {dag.py:4180} INFO - Setting next_dagrun for dataset_schedule_dag to None, run_after=None
[2026-04-21T22:47:01.478+0000] {processor.py:208} INFO - Processing /workspaces/meu-projeto-airflow/dags/dataset_schedule.py took 0.066 seconds
[2026-04-21T22:47:40.966+0000] {processor.py:186} INFO - Started process (PID=20180) to work on /workspaces/meu-projeto-airflow/dags/dataset_schedule.py
[2026-04-21T22:47:40.966+0000] {processor.py:914} INFO - Processing file /workspaces/meu-projeto-airflow/dags/dataset_schedule.py for tasks to queue
[2026-04-21T22:47:40.968+0000] {logging_mixin.py:190} INFO - [2026-04-21T22:47:40.968+0000] {dagbag.py:588} INFO - Filling up the DagBag from /workspaces/meu-projeto-airflow/dags/dataset_schedule.py
[2026-04-21T22:47:40.974+0000] {processor.py:925} INFO - DAG(s) 'dataset_schedule_dag' retrieved from /workspaces/meu-projeto-airflow/dags/dataset_schedule.py
[2026-04-21T22:47:40.986+0000] {logging_mixin.py:190} INFO - [2026-04-21T22:47:40.985+0000] {dag.py:3239} INFO - Sync 1 DAGs
[2026-04-21T22:47:41.001+0000] {logging_mixin.py:190} INFO - [2026-04-21T22:47:41.000+0000] {dag.py:4180} INFO - Setting next_dagrun for dataset_schedule_dag to None, run_after=None
[2026-04-21T22:47:41.020+0000] {processor.py:208} INFO - Processing /workspaces/meu-projeto-airflow/dags/dataset_schedule.py took 0.059 seconds
[2026-04-21T22:48:21.440+0000] {processor.py:186} INFO - Started process (PID=20645) to work on /workspaces/meu-projeto-airflow/dags/dataset_schedule.py
[2026-04-21T22:48:21.441+0000] {processor.py:914} INFO - Processing file /workspaces/meu-projeto-airflow/dags/dataset_schedule.py for tasks to queue
[2026-04-21T22:48:21.443+0000] {logging_mixin.py:190} INFO - [2026-04-21T22:48:21.442+0000] {dagbag.py:588} INFO - Filling up the DagBag from /workspaces/meu-projeto-airflow/dags/dataset_schedule.py
[2026-04-21T22:48:21.449+0000] {processor.py:925} INFO - DAG(s) 'dataset_schedule_dag' retrieved from /workspaces/meu-projeto-airflow/dags/dataset_schedule.py
[2026-04-21T22:48:21.461+0000] {logging_mixin.py:190} INFO - [2026-04-21T22:48:21.460+0000] {dag.py:3239} INFO - Sync 1 DAGs
[2026-04-21T22:48:21.476+0000] {logging_mixin.py:190} INFO - [2026-04-21T22:48:21.475+0000] {dag.py:4180} INFO - Setting next_dagrun for dataset_schedule_dag to None, run_after=None
[2026-04-21T22:48:21.494+0000] {processor.py:208} INFO - Processing /workspaces/meu-projeto-airflow/dags/dataset_schedule.py took 0.059 seconds
[2026-04-21T22:49:01.562+0000] {processor.py:186} INFO - Started process (PID=21104) to work on /workspaces/meu-projeto-airflow/dags/dataset_schedule.py
[2026-04-21T22:49:01.563+0000] {processor.py:914} INFO - Processing file /workspaces/meu-projeto-airflow/dags/dataset_schedule.py for tasks to queue
[2026-04-21T22:49:01.565+0000] {logging_mixin.py:190} INFO - [2026-04-21T22:49:01.565+0000] {dagbag.py:588} INFO - Filling up the DagBag from /workspaces/meu-projeto-airflow/dags/dataset_schedule.py
[2026-04-21T22:49:01.571+0000] {processor.py:925} INFO - DAG(s) 'dataset_schedule_dag' retrieved from /workspaces/meu-projeto-airflow/dags/dataset_schedule.py
[2026-04-21T22:49:01.583+0000] {logging_mixin.py:190} INFO - [2026-04-21T22:49:01.583+0000] {dag.py:3239} INFO - Sync 1 DAGs
[2026-04-21T22:49:01.602+0000] {logging_mixin.py:190} INFO - [2026-04-21T22:49:01.601+0000] {dag.py:4180} INFO - Setting next_dagrun for dataset_schedule_dag to None, run_after=None
[2026-04-21T22:49:01.626+0000] {processor.py:208} INFO - Processing /workspaces/meu-projeto-airflow/dags/dataset_schedule.py took 0.068 seconds
[2026-04-21T22:49:42.458+0000] {processor.py:186} INFO - Started process (PID=21698) to work on /workspaces/meu-projeto-airflow/dags/dataset_schedule.py
[2026-04-21T22:49:42.459+0000] {processor.py:914} INFO - Processing file /workspaces/meu-projeto-airflow/dags/dataset_schedule.py for tasks to queue
[2026-04-21T22:49:42.461+0000] {logging_mixin.py:190} INFO - [2026-04-21T22:49:42.460+0000] {dagbag.py:588} INFO - Filling up the DagBag from /workspaces/meu-projeto-airflow/dags/dataset_schedule.py
[2026-04-21T22:49:42.466+0000] {processor.py:925} INFO - DAG(s) 'dataset_schedule_dag' retrieved from /workspaces/meu-projeto-airflow/dags/dataset_schedule.py
[2026-04-21T22:49:42.480+0000] {logging_mixin.py:190} INFO - [2026-04-21T22:49:42.480+0000] {dag.py:3239} INFO - Sync 1 DAGs
[2026-04-21T22:49:42.525+0000] {logging_mixin.py:190} INFO - [2026-04-21T22:49:42.525+0000] {dag.py:4180} INFO - Setting next_dagrun for dataset_schedule_dag to None, run_after=None
[2026-04-21T22:49:42.557+0000] {processor.py:208} INFO - Processing /workspaces/meu-projeto-airflow/dags/dataset_schedule.py took 0.103 seconds
[2026-04-21T22:50:20.361+0000] {processor.py:186} INFO - Started process (PID=22306) to work on /workspaces/meu-projeto-airflow/dags/dataset_schedule.py
[2026-04-21T22:50:20.361+0000] {processor.py:914} INFO - Processing file /workspaces/meu-projeto-airflow/dags/dataset_schedule.py for tasks to queue
[2026-04-21T22:50:20.363+0000] {logging_mixin.py:190} INFO - [2026-04-21T22:50:20.363+0000] {dagbag.py:588} INFO - Filling up the DagBag from /workspaces/meu-projeto-airflow/dags/dataset_schedule.py
[2026-04-21T22:50:20.369+0000] {processor.py:925} INFO - DAG(s) 'dataset_schedule_dag' retrieved from /workspaces/meu-projeto-airflow/dags/dataset_schedule.py
[2026-04-21T22:50:20.381+0000] {logging_mixin.py:190} INFO - [2026-04-21T22:50:20.380+0000] {dag.py:3239} INFO - Sync 1 DAGs
[2026-04-21T22:50:20.396+0000] {logging_mixin.py:190} INFO - [2026-04-21T22:50:20.395+0000] {dag.py:4180} INFO - Setting next_dagrun for dataset_schedule_dag to None, run_after=None
[2026-04-21T22:50:20.414+0000] {processor.py:208} INFO - Processing /workspaces/meu-projeto-airflow/dags/dataset_schedule.py took 0.058 seconds
[2026-04-21T22:50:57.537+0000] {processor.py:186} INFO - Started process (PID=22714) to work on /workspaces/meu-projeto-airflow/dags/dataset_schedule.py
[2026-04-21T22:50:57.538+0000] {processor.py:914} INFO - Processing file /workspaces/meu-projeto-airflow/dags/dataset_schedule.py for tasks to queue
[2026-04-21T22:50:57.540+0000] {logging_mixin.py:190} INFO - [2026-04-21T22:50:57.539+0000] {dagbag.py:588} INFO - Filling up the DagBag from /workspaces/meu-projeto-airflow/dags/dataset_schedule.py
[2026-04-21T22:50:57.546+0000] {processor.py:925} INFO - DAG(s) 'dataset_schedule_dag' retrieved from /workspaces/meu-projeto-airflow/dags/dataset_schedule.py
[2026-04-21T22:50:57.558+0000] {logging_mixin.py:190} INFO - [2026-04-21T22:50:57.557+0000] {dag.py:3239} INFO - Sync 1 DAGs
[2026-04-21T22:50:57.572+0000] {logging_mixin.py:190} INFO - [2026-04-21T22:50:57.572+0000] {dag.py:4180} INFO - Setting next_dagrun for dataset_schedule_dag to None, run_after=None
[2026-04-21T22:50:57.590+0000] {processor.py:208} INFO - Processing /workspaces/meu-projeto-airflow/dags/dataset_schedule.py took 0.058 seconds
[2026-04-21T22:51:36.232+0000] {processor.py:186} INFO - Started process (PID=23265) to work on /workspaces/meu-projeto-airflow/dags/dataset_schedule.py
[2026-04-21T22:51:36.233+0000] {processor.py:914} INFO - Processing file /workspaces/meu-projeto-airflow/dags/dataset_schedule.py for tasks to queue
[2026-04-21T22:51:36.235+0000] {logging_mixin.py:190} INFO - [2026-04-21T22:51:36.234+0000] {dagbag.py:588} INFO - Filling up the DagBag from /workspaces/meu-projeto-airflow/dags/dataset_schedule.py
[2026-04-21T22:51:36.240+0000] {processor.py:925} INFO - DAG(s) 'dataset_schedule_dag' retrieved from /workspaces/meu-projeto-airflow/dags/dataset_schedule.py
[2026-04-21T22:51:36.252+0000] {logging_mixin.py:190} INFO - [2026-04-21T22:51:36.252+0000] {dag.py:3239} INFO - Sync 1 DAGs
[2026-04-21T22:51:36.267+0000] {logging_mixin.py:190} INFO - [2026-04-21T22:51:36.267+0000] {dag.py:4180} INFO - Setting next_dagrun for dataset_schedule_dag to None, run_after=None
[2026-04-21T22:51:36.285+0000] {processor.py:208} INFO - Processing /workspaces/meu-projeto-airflow/dags/dataset_schedule.py took 0.058 seconds
[2026-04-21T22:52:16.693+0000] {processor.py:186} INFO - Started process (PID=23825) to work on /workspaces/meu-projeto-airflow/dags/dataset_schedule.py
[2026-04-21T22:52:16.694+0000] {processor.py:914} INFO - Processing file /workspaces/meu-projeto-airflow/dags/dataset_schedule.py for tasks to queue
[2026-04-21T22:52:16.698+0000] {logging_mixin.py:190} INFO - [2026-04-21T22:52:16.697+0000] {dagbag.py:588} INFO - Filling up the DagBag from /workspaces/meu-projeto-airflow/dags/dataset_schedule.py
[2026-04-21T22:52:16.706+0000] {processor.py:925} INFO - DAG(s) 'dataset_schedule_dag' retrieved from /workspaces/meu-projeto-airflow/dags/dataset_schedule.py
[2026-04-21T22:52:16.718+0000] {logging_mixin.py:190} INFO - [2026-04-21T22:52:16.718+0000] {dag.py:3239} INFO - Sync 1 DAGs
[2026-04-21T22:52:16.734+0000] {logging_mixin.py:190} INFO - [2026-04-21T22:52:16.733+0000] {dag.py:4180} INFO - Setting next_dagrun for dataset_schedule_dag to None, run_after=None
[2026-04-21T22:52:16.752+0000] {processor.py:208} INFO - Processing /workspaces/meu-projeto-airflow/dags/dataset_schedule.py took 0.065 seconds
[2026-04-21T22:52:56.131+0000] {processor.py:186} INFO - Started process (PID=24419) to work on /workspaces/meu-projeto-airflow/dags/dataset_schedule.py
[2026-04-21T22:52:56.132+0000] {processor.py:914} INFO - Processing file /workspaces/meu-projeto-airflow/dags/dataset_schedule.py for tasks to queue
[2026-04-21T22:52:56.133+0000] {logging_mixin.py:190} INFO - [2026-04-21T22:52:56.133+0000] {dagbag.py:588} INFO - Filling up the DagBag from /workspaces/meu-projeto-airflow/dags/dataset_schedule.py
[2026-04-21T22:52:56.141+0000] {processor.py:925} INFO - DAG(s) 'dataset_schedule_dag' retrieved from /workspaces/meu-projeto-airflow/dags/dataset_schedule.py
[2026-04-21T22:52:56.158+0000] {logging_mixin.py:190} INFO - [2026-04-21T22:52:56.158+0000] {dag.py:3239} INFO - Sync 1 DAGs
[2026-04-21T22:52:56.207+0000] {logging_mixin.py:190} INFO - [2026-04-21T22:52:56.207+0000] {dag.py:4180} INFO - Setting next_dagrun for dataset_schedule_dag to None, run_after=None
[2026-04-21T22:52:56.238+0000] {processor.py:208} INFO - Processing /workspaces/meu-projeto-airflow/dags/dataset_schedule.py took 0.112 seconds
[2026-04-21T22:53:35.480+0000] {processor.py:186} INFO - Started process (PID=24822) to work on /workspaces/meu-projeto-airflow/dags/dataset_schedule.py
[2026-04-21T22:53:35.481+0000] {processor.py:914} INFO - Processing file /workspaces/meu-projeto-airflow/dags/dataset_schedule.py for tasks to queue
[2026-04-21T22:53:35.483+0000] {logging_mixin.py:190} INFO - [2026-04-21T22:53:35.483+0000] {dagbag.py:588} INFO - Filling up the DagBag from /workspaces/meu-projeto-airflow/dags/dataset_schedule.py
[2026-04-21T22:53:35.489+0000] {processor.py:925} INFO - DAG(s) 'dataset_schedule_dag' retrieved from /workspaces/meu-projeto-airflow/dags/dataset_schedule.py
[2026-04-21T22:53:35.500+0000] {logging_mixin.py:190} INFO - [2026-04-21T22:53:35.500+0000] {dag.py:3239} INFO - Sync 1 DAGs
[2026-04-21T22:53:35.515+0000] {logging_mixin.py:190} INFO - [2026-04-21T22:53:35.515+0000] {dag.py:4180} INFO - Setting next_dagrun for dataset_schedule_dag to None, run_after=None
[2026-04-21T22:53:35.534+0000] {processor.py:208} INFO - Processing /workspaces/meu-projeto-airflow/dags/dataset_schedule.py took 0.058 seconds
[2026-04-21T22:54:15.986+0000] {processor.py:186} INFO - Started process (PID=25442) to work on /workspaces/meu-projeto-airflow/dags/dataset_schedule.py
[2026-04-21T22:54:15.986+0000] {processor.py:914} INFO - Processing file /workspaces/meu-projeto-airflow/dags/dataset_schedule.py for tasks to queue
[2026-04-21T22:54:15.988+0000] {logging_mixin.py:190} INFO - [2026-04-21T22:54:15.988+0000] {dagbag.py:588} INFO - Filling up the DagBag from /workspaces/meu-projeto-airflow/dags/dataset_schedule.py
[2026-04-21T22:54:15.994+0000] {processor.py:925} INFO - DAG(s) 'dataset_schedule_dag' retrieved from /workspaces/meu-projeto-airflow/dags/dataset_schedule.py
[2026-04-21T22:54:16.006+0000] {logging_mixin.py:190} INFO - [2026-04-21T22:54:16.006+0000] {dag.py:3239} INFO - Sync 1 DAGs
[2026-04-21T22:54:16.021+0000] {logging_mixin.py:190} INFO - [2026-04-21T22:54:16.020+0000] {dag.py:4180} INFO - Setting next_dagrun for dataset_schedule_dag to None, run_after=None
[2026-04-21T22:54:16.039+0000] {processor.py:208} INFO - Processing /workspaces/meu-projeto-airflow/dags/dataset_schedule.py took 0.058 seconds
[2026-04-21T22:54:57.172+0000] {processor.py:186} INFO - Started process (PID=26018) to work on /workspaces/meu-projeto-airflow/dags/dataset_schedule.py
[2026-04-21T22:54:57.172+0000] {processor.py:914} INFO - Processing file /workspaces/meu-projeto-airflow/dags/dataset_schedule.py for tasks to queue
[2026-04-21T22:54:57.174+0000] {logging_mixin.py:190} INFO - [2026-04-21T22:54:57.174+0000] {dagbag.py:588} INFO - Filling up the DagBag from /workspaces/meu-projeto-airflow/dags/dataset_schedule.py
[2026-04-21T22:54:57.180+0000] {processor.py:925} INFO - DAG(s) 'dataset_schedule_dag' retrieved from /workspaces/meu-projeto-airflow/dags/dataset_schedule.py
[2026-04-21T22:54:57.194+0000] {logging_mixin.py:190} INFO - [2026-04-21T22:54:57.194+0000] {dag.py:3239} INFO - Sync 1 DAGs
[2026-04-21T22:54:57.211+0000] {logging_mixin.py:190} INFO - [2026-04-21T22:54:57.210+0000] {dag.py:4180} INFO - Setting next_dagrun for dataset_schedule_dag to None, run_after=None
[2026-04-21T22:54:57.230+0000] {processor.py:208} INFO - Processing /workspaces/meu-projeto-airflow/dags/dataset_schedule.py took 0.063 seconds
[2026-04-21T22:55:36.890+0000] {processor.py:186} INFO - Started process (PID=26595) to work on /workspaces/meu-projeto-airflow/dags/dataset_schedule.py
[2026-04-21T22:55:36.891+0000] {processor.py:914} INFO - Processing file /workspaces/meu-projeto-airflow/dags/dataset_schedule.py for tasks to queue
[2026-04-21T22:55:36.893+0000] {logging_mixin.py:190} INFO - [2026-04-21T22:55:36.892+0000] {dagbag.py:588} INFO - Filling up the DagBag from /workspaces/meu-projeto-airflow/dags/dataset_schedule.py
[2026-04-21T22:55:36.898+0000] {processor.py:925} INFO - DAG(s) 'dataset_schedule_dag' retrieved from /workspaces/meu-projeto-airflow/dags/dataset_schedule.py
[2026-04-21T22:55:36.911+0000] {logging_mixin.py:190} INFO - [2026-04-21T22:55:36.911+0000] {dag.py:3239} INFO - Sync 1 DAGs
[2026-04-21T22:55:36.928+0000] {logging_mixin.py:190} INFO - [2026-04-21T22:55:36.928+0000] {dag.py:4180} INFO - Setting next_dagrun for dataset_schedule_dag to None, run_after=None
[2026-04-21T22:55:36.948+0000] {processor.py:208} INFO - Processing /workspaces/meu-projeto-airflow/dags/dataset_schedule.py took 0.062 seconds
[2026-04-21T22:56:15.499+0000] {processor.py:186} INFO - Started process (PID=27015) to work on /workspaces/meu-projeto-airflow/dags/dataset_schedule.py
[2026-04-21T22:56:15.500+0000] {processor.py:914} INFO - Processing file /workspaces/meu-projeto-airflow/dags/dataset_schedule.py for tasks to queue
[2026-04-21T22:56:15.502+0000] {logging_mixin.py:190} INFO - [2026-04-21T22:56:15.501+0000] {dagbag.py:588} INFO - Filling up the DagBag from /workspaces/meu-projeto-airflow/dags/dataset_schedule.py
[2026-04-21T22:56:15.507+0000] {processor.py:925} INFO - DAG(s) 'dataset_schedule_dag' retrieved from /workspaces/meu-projeto-airflow/dags/dataset_schedule.py
[2026-04-21T22:56:15.519+0000] {logging_mixin.py:190} INFO - [2026-04-21T22:56:15.519+0000] {dag.py:3239} INFO - Sync 1 DAGs
[2026-04-21T22:56:15.534+0000] {logging_mixin.py:190} INFO - [2026-04-21T22:56:15.534+0000] {dag.py:4180} INFO - Setting next_dagrun for dataset_schedule_dag to None, run_after=None
[2026-04-21T22:56:15.554+0000] {processor.py:208} INFO - Processing /workspaces/meu-projeto-airflow/dags/dataset_schedule.py took 0.059 seconds
[2026-04-21T22:56:55.030+0000] {processor.py:186} INFO - Started process (PID=27697) to work on /workspaces/meu-projeto-airflow/dags/dataset_schedule.py
[2026-04-21T22:56:55.031+0000] {processor.py:914} INFO - Processing file /workspaces/meu-projeto-airflow/dags/dataset_schedule.py for tasks to queue
[2026-04-21T22:56:55.033+0000] {logging_mixin.py:190} INFO - [2026-04-21T22:56:55.033+0000] {dagbag.py:588} INFO - Filling up the DagBag from /workspaces/meu-projeto-airflow/dags/dataset_schedule.py
[2026-04-21T22:56:55.039+0000] {processor.py:925} INFO - DAG(s) 'dataset_schedule_dag' retrieved from /workspaces/meu-projeto-airflow/dags/dataset_schedule.py
[2026-04-21T22:56:55.051+0000] {logging_mixin.py:190} INFO - [2026-04-21T22:56:55.051+0000] {dag.py:3239} INFO - Sync 1 DAGs
[2026-04-21T22:56:55.066+0000] {logging_mixin.py:190} INFO - [2026-04-21T22:56:55.066+0000] {dag.py:4180} INFO - Setting next_dagrun for dataset_schedule_dag to None, run_after=None
[2026-04-21T22:56:55.084+0000] {processor.py:208} INFO - Processing /workspaces/meu-projeto-airflow/dags/dataset_schedule.py took 0.060 seconds
[2026-04-21T22:57:35.350+0000] {processor.py:186} INFO - Started process (PID=28151) to work on /workspaces/meu-projeto-airflow/dags/dataset_schedule.py
[2026-04-21T22:57:35.351+0000] {processor.py:914} INFO - Processing file /workspaces/meu-projeto-airflow/dags/dataset_schedule.py for tasks to queue
[2026-04-21T22:57:35.353+0000] {logging_mixin.py:190} INFO - [2026-04-21T22:57:35.352+0000] {dagbag.py:588} INFO - Filling up the DagBag from /workspaces/meu-projeto-airflow/dags/dataset_schedule.py
[2026-04-21T22:57:35.360+0000] {processor.py:925} INFO - DAG(s) 'dataset_schedule_dag' retrieved from /workspaces/meu-projeto-airflow/dags/dataset_schedule.py
[2026-04-21T22:57:35.374+0000] {logging_mixin.py:190} INFO - [2026-04-21T22:57:35.373+0000] {dag.py:3239} INFO - Sync 1 DAGs
[2026-04-21T22:57:35.392+0000] {logging_mixin.py:190} INFO - [2026-04-21T22:57:35.392+0000] {dag.py:4180} INFO - Setting next_dagrun for dataset_schedule_dag to None, run_after=None
[2026-04-21T22:57:35.412+0000] {processor.py:208} INFO - Processing /workspaces/meu-projeto-airflow/dags/dataset_schedule.py took 0.067 seconds
[2026-04-21T22:58:15.062+0000] {processor.py:186} INFO - Started process (PID=28591) to work on /workspaces/meu-projeto-airflow/dags/dataset_schedule.py
[2026-04-21T22:58:15.063+0000] {processor.py:914} INFO - Processing file /workspaces/meu-projeto-airflow/dags/dataset_schedule.py for tasks to queue
[2026-04-21T22:58:15.065+0000] {logging_mixin.py:190} INFO - [2026-04-21T22:58:15.065+0000] {dagbag.py:588} INFO - Filling up the DagBag from /workspaces/meu-projeto-airflow/dags/dataset_schedule.py
[2026-04-21T22:58:15.071+0000] {processor.py:925} INFO - DAG(s) 'dataset_schedule_dag' retrieved from /workspaces/meu-projeto-airflow/dags/dataset_schedule.py
[2026-04-21T22:58:15.084+0000] {logging_mixin.py:190} INFO - [2026-04-21T22:58:15.084+0000] {dag.py:3239} INFO - Sync 1 DAGs
[2026-04-21T22:58:15.099+0000] {logging_mixin.py:190} INFO - [2026-04-21T22:58:15.099+0000] {dag.py:4180} INFO - Setting next_dagrun for dataset_schedule_dag to None, run_after=None
[2026-04-21T22:58:15.118+0000] {processor.py:208} INFO - Processing /workspaces/meu-projeto-airflow/dags/dataset_schedule.py took 0.060 seconds
[2026-04-21T22:58:51.338+0000] {processor.py:186} INFO - Started process (PID=28989) to work on /workspaces/meu-projeto-airflow/dags/dataset_schedule.py
[2026-04-21T22:58:51.339+0000] {processor.py:914} INFO - Processing file /workspaces/meu-projeto-airflow/dags/dataset_schedule.py for tasks to queue
[2026-04-21T22:58:51.341+0000] {logging_mixin.py:190} INFO - [2026-04-21T22:58:51.340+0000] {dagbag.py:588} INFO - Filling up the DagBag from /workspaces/meu-projeto-airflow/dags/dataset_schedule.py
[2026-04-21T22:58:51.346+0000] {processor.py:925} INFO - DAG(s) 'dataset_schedule_dag' retrieved from /workspaces/meu-projeto-airflow/dags/dataset_schedule.py
[2026-04-21T22:58:51.358+0000] {logging_mixin.py:190} INFO - [2026-04-21T22:58:51.357+0000] {dag.py:3239} INFO - Sync 1 DAGs
[2026-04-21T22:58:51.377+0000] {logging_mixin.py:190} INFO - [2026-04-21T22:58:51.377+0000] {dag.py:4180} INFO - Setting next_dagrun for dataset_schedule_dag to None, run_after=None
[2026-04-21T22:58:51.395+0000] {processor.py:208} INFO - Processing /workspaces/meu-projeto-airflow/dags/dataset_schedule.py took 0.061 seconds
[2026-04-21T22:59:31.847+0000] {processor.py:186} INFO - Started process (PID=29329) to work on /workspaces/meu-projeto-airflow/dags/dataset_schedule.py
[2026-04-21T22:59:31.848+0000] {processor.py:914} INFO - Processing file /workspaces/meu-projeto-airflow/dags/dataset_schedule.py for tasks to queue
[2026-04-21T22:59:31.849+0000] {logging_mixin.py:190} INFO - [2026-04-21T22:59:31.849+0000] {dagbag.py:588} INFO - Filling up the DagBag from /workspaces/meu-projeto-airflow/dags/dataset_schedule.py
[2026-04-21T22:59:31.856+0000] {processor.py:925} INFO - DAG(s) 'dataset_schedule_dag' retrieved from /workspaces/meu-projeto-airflow/dags/dataset_schedule.py
[2026-04-21T22:59:31.878+0000] {logging_mixin.py:190} INFO - [2026-04-21T22:59:31.878+0000] {dag.py:3239} INFO - Sync 1 DAGs
[2026-04-21T22:59:31.894+0000] {logging_mixin.py:190} INFO - [2026-04-21T22:59:31.894+0000] {dag.py:4180} INFO - Setting next_dagrun for dataset_schedule_dag to None, run_after=None
[2026-04-21T22:59:31.913+0000] {processor.py:208} INFO - Processing /workspaces/meu-projeto-airflow/dags/dataset_schedule.py took 0.070 seconds
[2026-04-21T23:00:20.316+0000] {processor.py:186} INFO - Started process (PID=30198) to work on /workspaces/meu-projeto-airflow/dags/dataset_schedule.py
[2026-04-21T23:00:20.317+0000] {processor.py:914} INFO - Processing file /workspaces/meu-projeto-airflow/dags/dataset_schedule.py for tasks to queue
[2026-04-21T23:00:20.319+0000] {logging_mixin.py:190} INFO - [2026-04-21T23:00:20.318+0000] {dagbag.py:588} INFO - Filling up the DagBag from /workspaces/meu-projeto-airflow/dags/dataset_schedule.py
[2026-04-21T23:00:20.325+0000] {processor.py:925} INFO - DAG(s) 'dataset_schedule_dag' retrieved from /workspaces/meu-projeto-airflow/dags/dataset_schedule.py
[2026-04-21T23:00:20.337+0000] {logging_mixin.py:190} INFO - [2026-04-21T23:00:20.337+0000] {dag.py:3239} INFO - Sync 1 DAGs
[2026-04-21T23:00:20.352+0000] {logging_mixin.py:190} INFO - [2026-04-21T23:00:20.351+0000] {dag.py:4180} INFO - Setting next_dagrun for dataset_schedule_dag to None, run_after=None
[2026-04-21T23:00:20.371+0000] {processor.py:208} INFO - Processing /workspaces/meu-projeto-airflow/dags/dataset_schedule.py took 0.060 seconds
[2026-04-21T23:01:07.972+0000] {processor.py:186} INFO - Started process (PID=30743) to work on /workspaces/meu-projeto-airflow/dags/dataset_schedule.py
[2026-04-21T23:01:07.973+0000] {processor.py:914} INFO - Processing file /workspaces/meu-projeto-airflow/dags/dataset_schedule.py for tasks to queue
[2026-04-21T23:01:07.975+0000] {logging_mixin.py:190} INFO - [2026-04-21T23:01:07.975+0000] {dagbag.py:588} INFO - Filling up the DagBag from /workspaces/meu-projeto-airflow/dags/dataset_schedule.py
[2026-04-21T23:01:07.982+0000] {processor.py:925} INFO - DAG(s) 'dataset_schedule_dag' retrieved from /workspaces/meu-projeto-airflow/dags/dataset_schedule.py
[2026-04-21T23:01:07.999+0000] {logging_mixin.py:190} INFO - [2026-04-21T23:01:07.998+0000] {dag.py:3239} INFO - Sync 1 DAGs
[2026-04-21T23:01:08.016+0000] {logging_mixin.py:190} INFO - [2026-04-21T23:01:08.016+0000] {dag.py:4180} INFO - Setting next_dagrun for dataset_schedule_dag to None, run_after=None
[2026-04-21T23:01:08.035+0000] {processor.py:208} INFO - Processing /workspaces/meu-projeto-airflow/dags/dataset_schedule.py took 0.071 seconds
[2026-04-21T23:01:45.118+0000] {processor.py:186} INFO - Started process (PID=31142) to work on /workspaces/meu-projeto-airflow/dags/dataset_schedule.py
[2026-04-21T23:01:45.119+0000] {processor.py:914} INFO - Processing file /workspaces/meu-projeto-airflow/dags/dataset_schedule.py for tasks to queue
[2026-04-21T23:01:45.121+0000] {logging_mixin.py:190} INFO - [2026-04-21T23:01:45.120+0000] {dagbag.py:588} INFO - Filling up the DagBag from /workspaces/meu-projeto-airflow/dags/dataset_schedule.py
[2026-04-21T23:01:45.127+0000] {processor.py:925} INFO - DAG(s) 'dataset_schedule_dag' retrieved from /workspaces/meu-projeto-airflow/dags/dataset_schedule.py
[2026-04-21T23:01:45.139+0000] {logging_mixin.py:190} INFO - [2026-04-21T23:01:45.139+0000] {dag.py:3239} INFO - Sync 1 DAGs
[2026-04-21T23:01:45.153+0000] {logging_mixin.py:190} INFO - [2026-04-21T23:01:45.153+0000] {dag.py:4180} INFO - Setting next_dagrun for dataset_schedule_dag to None, run_after=None
[2026-04-21T23:01:45.172+0000] {processor.py:208} INFO - Processing /workspaces/meu-projeto-airflow/dags/dataset_schedule.py took 0.059 seconds
[2026-04-21T23:02:24.551+0000] {processor.py:186} INFO - Started process (PID=31641) to work on /workspaces/meu-projeto-airflow/dags/dataset_schedule.py
[2026-04-21T23:02:24.552+0000] {processor.py:914} INFO - Processing file /workspaces/meu-projeto-airflow/dags/dataset_schedule.py for tasks to queue
[2026-04-21T23:02:24.554+0000] {logging_mixin.py:190} INFO - [2026-04-21T23:02:24.554+0000] {dagbag.py:588} INFO - Filling up the DagBag from /workspaces/meu-projeto-airflow/dags/dataset_schedule.py
[2026-04-21T23:02:24.560+0000] {processor.py:925} INFO - DAG(s) 'dataset_schedule_dag' retrieved from /workspaces/meu-projeto-airflow/dags/dataset_schedule.py
[2026-04-21T23:02:24.572+0000] {logging_mixin.py:190} INFO - [2026-04-21T23:02:24.572+0000] {dag.py:3239} INFO - Sync 1 DAGs
[2026-04-21T23:02:24.587+0000] {logging_mixin.py:190} INFO - [2026-04-21T23:02:24.587+0000] {dag.py:4180} INFO - Setting next_dagrun for dataset_schedule_dag to None, run_after=None
[2026-04-21T23:02:24.607+0000] {processor.py:208} INFO - Processing /workspaces/meu-projeto-airflow/dags/dataset_schedule.py took 0.060 seconds
[2026-04-21T23:03:03.798+0000] {processor.py:186} INFO - Started process (PID=32103) to work on /workspaces/meu-projeto-airflow/dags/dataset_schedule.py
[2026-04-21T23:03:03.799+0000] {processor.py:914} INFO - Processing file /workspaces/meu-projeto-airflow/dags/dataset_schedule.py for tasks to queue
[2026-04-21T23:03:03.801+0000] {logging_mixin.py:190} INFO - [2026-04-21T23:03:03.800+0000] {dagbag.py:588} INFO - Filling up the DagBag from /workspaces/meu-projeto-airflow/dags/dataset_schedule.py
[2026-04-21T23:03:03.807+0000] {processor.py:925} INFO - DAG(s) 'dataset_schedule_dag' retrieved from /workspaces/meu-projeto-airflow/dags/dataset_schedule.py
[2026-04-21T23:03:03.819+0000] {logging_mixin.py:190} INFO - [2026-04-21T23:03:03.818+0000] {dag.py:3239} INFO - Sync 1 DAGs
[2026-04-21T23:03:03.834+0000] {logging_mixin.py:190} INFO - [2026-04-21T23:03:03.833+0000] {dag.py:4180} INFO - Setting next_dagrun for dataset_schedule_dag to None, run_after=None
[2026-04-21T23:03:03.852+0000] {processor.py:208} INFO - Processing /workspaces/meu-projeto-airflow/dags/dataset_schedule.py took 0.059 seconds
[2026-04-21T23:03:48.932+0000] {processor.py:186} INFO - Started process (PID=32932) to work on /workspaces/meu-projeto-airflow/dags/dataset_schedule.py
[2026-04-21T23:03:48.933+0000] {processor.py:914} INFO - Processing file /workspaces/meu-projeto-airflow/dags/dataset_schedule.py for tasks to queue
[2026-04-21T23:03:48.934+0000] {logging_mixin.py:190} INFO - [2026-04-21T23:03:48.934+0000] {dagbag.py:588} INFO - Filling up the DagBag from /workspaces/meu-projeto-airflow/dags/dataset_schedule.py
[2026-04-21T23:03:48.940+0000] {processor.py:925} INFO - DAG(s) 'dataset_schedule_dag' retrieved from /workspaces/meu-projeto-airflow/dags/dataset_schedule.py
[2026-04-21T23:03:48.952+0000] {logging_mixin.py:190} INFO - [2026-04-21T23:03:48.952+0000] {dag.py:3239} INFO - Sync 1 DAGs
[2026-04-21T23:03:48.967+0000] {logging_mixin.py:190} INFO - [2026-04-21T23:03:48.967+0000] {dag.py:4180} INFO - Setting next_dagrun for dataset_schedule_dag to None, run_after=None
[2026-04-21T23:03:48.986+0000] {processor.py:208} INFO - Processing /workspaces/meu-projeto-airflow/dags/dataset_schedule.py took 0.059 seconds
[2026-04-21T23:04:35.299+0000] {processor.py:186} INFO - Started process (PID=33388) to work on /workspaces/meu-projeto-airflow/dags/dataset_schedule.py
[2026-04-21T23:04:35.300+0000] {processor.py:914} INFO - Processing file /workspaces/meu-projeto-airflow/dags/dataset_schedule.py for tasks to queue
[2026-04-21T23:04:35.302+0000] {logging_mixin.py:190} INFO - [2026-04-21T23:04:35.302+0000] {dagbag.py:588} INFO - Filling up the DagBag from /workspaces/meu-projeto-airflow/dags/dataset_schedule.py
[2026-04-21T23:04:35.308+0000] {processor.py:925} INFO - DAG(s) 'dataset_schedule_dag' retrieved from /workspaces/meu-projeto-airflow/dags/dataset_schedule.py
[2026-04-21T23:04:35.320+0000] {logging_mixin.py:190} INFO - [2026-04-21T23:04:35.320+0000] {dag.py:3239} INFO - Sync 1 DAGs
[2026-04-21T23:04:35.346+0000] {logging_mixin.py:190} INFO - [2026-04-21T23:04:35.346+0000] {dag.py:4180} INFO - Setting next_dagrun for dataset_schedule_dag to None, run_after=None
[2026-04-21T23:04:35.371+0000] {processor.py:208} INFO - Processing /workspaces/meu-projeto-airflow/dags/dataset_schedule.py took 0.076 seconds
[2026-04-21T23:05:13.331+0000] {processor.py:186} INFO - Started process (PID=33883) to work on /workspaces/meu-projeto-airflow/dags/dataset_schedule.py
[2026-04-21T23:05:13.332+0000] {processor.py:914} INFO - Processing file /workspaces/meu-projeto-airflow/dags/dataset_schedule.py for tasks to queue
[2026-04-21T23:05:13.334+0000] {logging_mixin.py:190} INFO - [2026-04-21T23:05:13.333+0000] {dagbag.py:588} INFO - Filling up the DagBag from /workspaces/meu-projeto-airflow/dags/dataset_schedule.py
[2026-04-21T23:05:13.339+0000] {processor.py:925} INFO - DAG(s) 'dataset_schedule_dag' retrieved from /workspaces/meu-projeto-airflow/dags/dataset_schedule.py
[2026-04-21T23:05:13.351+0000] {logging_mixin.py:190} INFO - [2026-04-21T23:05:13.351+0000] {dag.py:3239} INFO - Sync 1 DAGs
[2026-04-21T23:05:13.367+0000] {logging_mixin.py:190} INFO - [2026-04-21T23:05:13.367+0000] {dag.py:4180} INFO - Setting next_dagrun for dataset_schedule_dag to None, run_after=None
[2026-04-21T23:05:13.386+0000] {processor.py:208} INFO - Processing /workspaces/meu-projeto-airflow/dags/dataset_schedule.py took 0.060 seconds
[2026-04-21T23:05:57.734+0000] {processor.py:186} INFO - Started process (PID=34549) to work on /workspaces/meu-projeto-airflow/dags/dataset_schedule.py
[2026-04-21T23:05:57.734+0000] {processor.py:914} INFO - Processing file /workspaces/meu-projeto-airflow/dags/dataset_schedule.py for tasks to queue
[2026-04-21T23:05:57.736+0000] {logging_mixin.py:190} INFO - [2026-04-21T23:05:57.736+0000] {dagbag.py:588} INFO - Filling up the DagBag from /workspaces/meu-projeto-airflow/dags/dataset_schedule.py
[2026-04-21T23:05:57.742+0000] {processor.py:925} INFO - DAG(s) 'dataset_schedule_dag' retrieved from /workspaces/meu-projeto-airflow/dags/dataset_schedule.py
[2026-04-21T23:05:57.755+0000] {logging_mixin.py:190} INFO - [2026-04-21T23:05:57.755+0000] {dag.py:3239} INFO - Sync 1 DAGs
[2026-04-21T23:05:57.770+0000] {logging_mixin.py:190} INFO - [2026-04-21T23:05:57.769+0000] {dag.py:4180} INFO - Setting next_dagrun for dataset_schedule_dag to None, run_after=None
[2026-04-21T23:05:57.790+0000] {processor.py:208} INFO - Processing /workspaces/meu-projeto-airflow/dags/dataset_schedule.py took 0.061 seconds
[2026-04-21T23:06:45.908+0000] {processor.py:186} INFO - Started process (PID=35482) to work on /workspaces/meu-projeto-airflow/dags/dataset_schedule.py
[2026-04-21T23:06:45.909+0000] {processor.py:914} INFO - Processing file /workspaces/meu-projeto-airflow/dags/dataset_schedule.py for tasks to queue
[2026-04-21T23:06:45.911+0000] {logging_mixin.py:190} INFO - [2026-04-21T23:06:45.910+0000] {dagbag.py:588} INFO - Filling up the DagBag from /workspaces/meu-projeto-airflow/dags/dataset_schedule.py
[2026-04-21T23:06:45.917+0000] {processor.py:925} INFO - DAG(s) 'dataset_schedule_dag' retrieved from /workspaces/meu-projeto-airflow/dags/dataset_schedule.py
[2026-04-21T23:06:45.930+0000] {logging_mixin.py:190} INFO - [2026-04-21T23:06:45.929+0000] {dag.py:3239} INFO - Sync 1 DAGs
[2026-04-21T23:06:45.944+0000] {logging_mixin.py:190} INFO - [2026-04-21T23:06:45.944+0000] {dag.py:4180} INFO - Setting next_dagrun for dataset_schedule_dag to None, run_after=None
[2026-04-21T23:06:45.964+0000] {processor.py:208} INFO - Processing /workspaces/meu-projeto-airflow/dags/dataset_schedule.py took 0.061 seconds
[2026-04-21T23:07:32.748+0000] {processor.py:186} INFO - Started process (PID=35954) to work on /workspaces/meu-projeto-airflow/dags/dataset_schedule.py
[2026-04-21T23:07:32.749+0000] {processor.py:914} INFO - Processing file /workspaces/meu-projeto-airflow/dags/dataset_schedule.py for tasks to queue
[2026-04-21T23:07:32.750+0000] {logging_mixin.py:190} INFO - [2026-04-21T23:07:32.750+0000] {dagbag.py:588} INFO - Filling up the DagBag from /workspaces/meu-projeto-airflow/dags/dataset_schedule.py
[2026-04-21T23:07:32.756+0000] {processor.py:925} INFO - DAG(s) 'dataset_schedule_dag' retrieved from /workspaces/meu-projeto-airflow/dags/dataset_schedule.py
[2026-04-21T23:07:32.768+0000] {logging_mixin.py:190} INFO - [2026-04-21T23:07:32.768+0000] {dag.py:3239} INFO - Sync 1 DAGs
[2026-04-21T23:07:32.782+0000] {logging_mixin.py:190} INFO - [2026-04-21T23:07:32.782+0000] {dag.py:4180} INFO - Setting next_dagrun for dataset_schedule_dag to None, run_after=None
[2026-04-21T23:07:32.800+0000] {processor.py:208} INFO - Processing /workspaces/meu-projeto-airflow/dags/dataset_schedule.py took 0.057 seconds
[2026-04-21T23:08:16.371+0000] {processor.py:186} INFO - Started process (PID=36480) to work on /workspaces/meu-projeto-airflow/dags/dataset_schedule.py
[2026-04-21T23:08:16.372+0000] {processor.py:914} INFO - Processing file /workspaces/meu-projeto-airflow/dags/dataset_schedule.py for tasks to queue
[2026-04-21T23:08:16.373+0000] {logging_mixin.py:190} INFO - [2026-04-21T23:08:16.373+0000] {dagbag.py:588} INFO - Filling up the DagBag from /workspaces/meu-projeto-airflow/dags/dataset_schedule.py
[2026-04-21T23:08:16.379+0000] {processor.py:925} INFO - DAG(s) 'dataset_schedule_dag' retrieved from /workspaces/meu-projeto-airflow/dags/dataset_schedule.py
[2026-04-21T23:08:16.392+0000] {logging_mixin.py:190} INFO - [2026-04-21T23:08:16.391+0000] {dag.py:3239} INFO - Sync 1 DAGs
[2026-04-21T23:08:16.407+0000] {logging_mixin.py:190} INFO - [2026-04-21T23:08:16.407+0000] {dag.py:4180} INFO - Setting next_dagrun for dataset_schedule_dag to None, run_after=None
[2026-04-21T23:08:16.437+0000] {processor.py:208} INFO - Processing /workspaces/meu-projeto-airflow/dags/dataset_schedule.py took 0.070 seconds
[2026-04-21T23:08:56.505+0000] {processor.py:186} INFO - Started process (PID=36988) to work on /workspaces/meu-projeto-airflow/dags/dataset_schedule.py
[2026-04-21T23:08:56.506+0000] {processor.py:914} INFO - Processing file /workspaces/meu-projeto-airflow/dags/dataset_schedule.py for tasks to queue
[2026-04-21T23:08:56.507+0000] {logging_mixin.py:190} INFO - [2026-04-21T23:08:56.507+0000] {dagbag.py:588} INFO - Filling up the DagBag from /workspaces/meu-projeto-airflow/dags/dataset_schedule.py
[2026-04-21T23:08:56.514+0000] {processor.py:925} INFO - DAG(s) 'dataset_schedule_dag' retrieved from /workspaces/meu-projeto-airflow/dags/dataset_schedule.py
[2026-04-21T23:08:56.525+0000] {logging_mixin.py:190} INFO - [2026-04-21T23:08:56.525+0000] {dag.py:3239} INFO - Sync 1 DAGs
[2026-04-21T23:08:56.540+0000] {logging_mixin.py:190} INFO - [2026-04-21T23:08:56.540+0000] {dag.py:4180} INFO - Setting next_dagrun for dataset_schedule_dag to None, run_after=None
[2026-04-21T23:08:56.559+0000] {processor.py:208} INFO - Processing /workspaces/meu-projeto-airflow/dags/dataset_schedule.py took 0.059 seconds
[2026-04-21T23:09:36.370+0000] {processor.py:186} INFO - Started process (PID=37353) to work on /workspaces/meu-projeto-airflow/dags/dataset_schedule.py
[2026-04-21T23:09:36.370+0000] {processor.py:914} INFO - Processing file /workspaces/meu-projeto-airflow/dags/dataset_schedule.py for tasks to queue
[2026-04-21T23:09:36.372+0000] {logging_mixin.py:190} INFO - [2026-04-21T23:09:36.372+0000] {dagbag.py:588} INFO - Filling up the DagBag from /workspaces/meu-projeto-airflow/dags/dataset_schedule.py
[2026-04-21T23:09:36.379+0000] {processor.py:925} INFO - DAG(s) 'dataset_schedule_dag' retrieved from /workspaces/meu-projeto-airflow/dags/dataset_schedule.py
[2026-04-21T23:09:36.390+0000] {logging_mixin.py:190} INFO - [2026-04-21T23:09:36.390+0000] {dag.py:3239} INFO - Sync 1 DAGs
[2026-04-21T23:09:36.405+0000] {logging_mixin.py:190} INFO - [2026-04-21T23:09:36.405+0000] {dag.py:4180} INFO - Setting next_dagrun for dataset_schedule_dag to None, run_after=None
[2026-04-21T23:09:36.425+0000] {processor.py:208} INFO - Processing /workspaces/meu-projeto-airflow/dags/dataset_schedule.py took 0.060 seconds
[2026-04-21T23:10:16.953+0000] {processor.py:186} INFO - Started process (PID=37808) to work on /workspaces/meu-projeto-airflow/dags/dataset_schedule.py
[2026-04-21T23:10:16.954+0000] {processor.py:914} INFO - Processing file /workspaces/meu-projeto-airflow/dags/dataset_schedule.py for tasks to queue
[2026-04-21T23:10:16.956+0000] {logging_mixin.py:190} INFO - [2026-04-21T23:10:16.956+0000] {dagbag.py:588} INFO - Filling up the DagBag from /workspaces/meu-projeto-airflow/dags/dataset_schedule.py
[2026-04-21T23:10:16.962+0000] {processor.py:925} INFO - DAG(s) 'dataset_schedule_dag' retrieved from /workspaces/meu-projeto-airflow/dags/dataset_schedule.py
[2026-04-21T23:10:16.976+0000] {logging_mixin.py:190} INFO - [2026-04-21T23:10:16.976+0000] {dag.py:3239} INFO - Sync 1 DAGs
[2026-04-21T23:10:16.991+0000] {logging_mixin.py:190} INFO - [2026-04-21T23:10:16.991+0000] {dag.py:4180} INFO - Setting next_dagrun for dataset_schedule_dag to None, run_after=None
[2026-04-21T23:10:17.011+0000] {processor.py:208} INFO - Processing /workspaces/meu-projeto-airflow/dags/dataset_schedule.py took 0.062 seconds
[2026-04-21T23:10:58.040+0000] {processor.py:186} INFO - Started process (PID=38496) to work on /workspaces/meu-projeto-airflow/dags/dataset_schedule.py
[2026-04-21T23:10:58.041+0000] {processor.py:914} INFO - Processing file /workspaces/meu-projeto-airflow/dags/dataset_schedule.py for tasks to queue
[2026-04-21T23:10:58.043+0000] {logging_mixin.py:190} INFO - [2026-04-21T23:10:58.042+0000] {dagbag.py:588} INFO - Filling up the DagBag from /workspaces/meu-projeto-airflow/dags/dataset_schedule.py
[2026-04-21T23:10:58.049+0000] {processor.py:925} INFO - DAG(s) 'dataset_schedule_dag' retrieved from /workspaces/meu-projeto-airflow/dags/dataset_schedule.py
[2026-04-21T23:10:58.061+0000] {logging_mixin.py:190} INFO - [2026-04-21T23:10:58.061+0000] {dag.py:3239} INFO - Sync 1 DAGs
[2026-04-21T23:10:58.077+0000] {logging_mixin.py:190} INFO - [2026-04-21T23:10:58.077+0000] {dag.py:4180} INFO - Setting next_dagrun for dataset_schedule_dag to None, run_after=None
[2026-04-21T23:10:58.097+0000] {processor.py:208} INFO - Processing /workspaces/meu-projeto-airflow/dags/dataset_schedule.py took 0.061 seconds
[2026-04-21T23:11:47.841+0000] {processor.py:186} INFO - Started process (PID=39454) to work on /workspaces/meu-projeto-airflow/dags/dataset_schedule.py
[2026-04-21T23:11:47.842+0000] {processor.py:914} INFO - Processing file /workspaces/meu-projeto-airflow/dags/dataset_schedule.py for tasks to queue
[2026-04-21T23:11:47.844+0000] {logging_mixin.py:190} INFO - [2026-04-21T23:11:47.844+0000] {dagbag.py:588} INFO - Filling up the DagBag from /workspaces/meu-projeto-airflow/dags/dataset_schedule.py
[2026-04-21T23:11:47.851+0000] {processor.py:925} INFO - DAG(s) 'dataset_schedule_dag' retrieved from /workspaces/meu-projeto-airflow/dags/dataset_schedule.py
[2026-04-21T23:11:47.866+0000] {logging_mixin.py:190} INFO - [2026-04-21T23:11:47.865+0000] {dag.py:3239} INFO - Sync 1 DAGs
[2026-04-21T23:11:47.886+0000] {logging_mixin.py:190} INFO - [2026-04-21T23:11:47.885+0000] {dag.py:4180} INFO - Setting next_dagrun for dataset_schedule_dag to None, run_after=None
[2026-04-21T23:11:47.912+0000] {processor.py:208} INFO - Processing /workspaces/meu-projeto-airflow/dags/dataset_schedule.py took 0.077 seconds
[2026-04-21T23:12:38.647+0000] {processor.py:186} INFO - Started process (PID=40001) to work on /workspaces/meu-projeto-airflow/dags/dataset_schedule.py
[2026-04-21T23:12:38.648+0000] {processor.py:914} INFO - Processing file /workspaces/meu-projeto-airflow/dags/dataset_schedule.py for tasks to queue
[2026-04-21T23:12:38.650+0000] {logging_mixin.py:190} INFO - [2026-04-21T23:12:38.650+0000] {dagbag.py:588} INFO - Filling up the DagBag from /workspaces/meu-projeto-airflow/dags/dataset_schedule.py
[2026-04-21T23:12:38.657+0000] {processor.py:925} INFO - DAG(s) 'dataset_schedule_dag' retrieved from /workspaces/meu-projeto-airflow/dags/dataset_schedule.py
[2026-04-21T23:12:38.673+0000] {logging_mixin.py:190} INFO - [2026-04-21T23:12:38.672+0000] {dag.py:3239} INFO - Sync 1 DAGs
[2026-04-21T23:12:38.689+0000] {logging_mixin.py:190} INFO - [2026-04-21T23:12:38.688+0000] {dag.py:4180} INFO - Setting next_dagrun for dataset_schedule_dag to None, run_after=None
[2026-04-21T23:12:38.710+0000] {processor.py:208} INFO - Processing /workspaces/meu-projeto-airflow/dags/dataset_schedule.py took 0.067 seconds
