[2026-05-01T00:00:26.625+0000] {processor.py:186} INFO - Started process (PID=85221) to work on /workspaces/meu-projeto-airflow/dags/atividade_pratica2.py
[2026-05-01T00:00:26.625+0000] {processor.py:914} INFO - Processing file /workspaces/meu-projeto-airflow/dags/atividade_pratica2.py for tasks to queue
[2026-05-01T00:00:26.627+0000] {logging_mixin.py:190} INFO - [2026-05-01T00:00:26.627+0000] {dagbag.py:588} INFO - Filling up the DagBag from /workspaces/meu-projeto-airflow/dags/atividade_pratica2.py
[2026-05-01T00:00:27.078+0000] {processor.py:925} INFO - DAG(s) 'atividade_pratica2_cristina' retrieved from /workspaces/meu-projeto-airflow/dags/atividade_pratica2.py
[2026-05-01T00:00:27.110+0000] {logging_mixin.py:190} INFO - [2026-05-01T00:00:27.109+0000] {dag.py:3239} INFO - Sync 1 DAGs
[2026-05-01T00:00:27.133+0000] {logging_mixin.py:190} INFO - [2026-05-01T00:00:27.133+0000] {dag.py:4180} INFO - Setting next_dagrun for atividade_pratica2_cristina to None, run_after=None
[2026-05-01T00:00:27.174+0000] {processor.py:208} INFO - Processing /workspaces/meu-projeto-airflow/dags/atividade_pratica2.py took 0.554 seconds
[2026-05-01T00:00:57.467+0000] {processor.py:186} INFO - Started process (PID=85914) to work on /workspaces/meu-projeto-airflow/dags/atividade_pratica2.py
[2026-05-01T00:00:57.468+0000] {processor.py:914} INFO - Processing file /workspaces/meu-projeto-airflow/dags/atividade_pratica2.py for tasks to queue
[2026-05-01T00:00:57.469+0000] {logging_mixin.py:190} INFO - [2026-05-01T00:00:57.469+0000] {dagbag.py:588} INFO - Filling up the DagBag from /workspaces/meu-projeto-airflow/dags/atividade_pratica2.py
[2026-05-01T00:00:58.044+0000] {processor.py:925} INFO - DAG(s) 'atividade_pratica2_cristina' retrieved from /workspaces/meu-projeto-airflow/dags/atividade_pratica2.py
[2026-05-01T00:00:58.065+0000] {logging_mixin.py:190} INFO - [2026-05-01T00:00:58.065+0000] {dag.py:3239} INFO - Sync 1 DAGs
[2026-05-01T00:00:58.091+0000] {logging_mixin.py:190} INFO - [2026-05-01T00:00:58.091+0000] {dag.py:4180} INFO - Setting next_dagrun for atividade_pratica2_cristina to None, run_after=None
[2026-05-01T00:00:58.109+0000] {processor.py:208} INFO - Processing /workspaces/meu-projeto-airflow/dags/atividade_pratica2.py took 0.648 seconds
[2026-05-01T00:01:28.334+0000] {processor.py:186} INFO - Started process (PID=86542) to work on /workspaces/meu-projeto-airflow/dags/atividade_pratica2.py
[2026-05-01T00:01:28.335+0000] {processor.py:914} INFO - Processing file /workspaces/meu-projeto-airflow/dags/atividade_pratica2.py for tasks to queue
[2026-05-01T00:01:28.336+0000] {logging_mixin.py:190} INFO - [2026-05-01T00:01:28.336+0000] {dagbag.py:588} INFO - Filling up the DagBag from /workspaces/meu-projeto-airflow/dags/atividade_pratica2.py
[2026-05-01T00:01:28.834+0000] {processor.py:925} INFO - DAG(s) 'atividade_pratica2_cristina' retrieved from /workspaces/meu-projeto-airflow/dags/atividade_pratica2.py
[2026-05-01T00:01:28.850+0000] {logging_mixin.py:190} INFO - [2026-05-01T00:01:28.850+0000] {dag.py:3239} INFO - Sync 1 DAGs
[2026-05-01T00:01:28.863+0000] {logging_mixin.py:190} INFO - [2026-05-01T00:01:28.863+0000] {dag.py:4180} INFO - Setting next_dagrun for atividade_pratica2_cristina to None, run_after=None
[2026-05-01T00:01:28.880+0000] {processor.py:208} INFO - Processing /workspaces/meu-projeto-airflow/dags/atividade_pratica2.py took 0.550 seconds
[2026-05-01T00:01:59.032+0000] {processor.py:186} INFO - Started process (PID=87133) to work on /workspaces/meu-projeto-airflow/dags/atividade_pratica2.py
[2026-05-01T00:01:59.033+0000] {processor.py:914} INFO - Processing file /workspaces/meu-projeto-airflow/dags/atividade_pratica2.py for tasks to queue
[2026-05-01T00:01:59.035+0000] {logging_mixin.py:190} INFO - [2026-05-01T00:01:59.035+0000] {dagbag.py:588} INFO - Filling up the DagBag from /workspaces/meu-projeto-airflow/dags/atividade_pratica2.py
[2026-05-01T00:01:59.518+0000] {processor.py:925} INFO - DAG(s) 'atividade_pratica2_cristina' retrieved from /workspaces/meu-projeto-airflow/dags/atividade_pratica2.py
[2026-05-01T00:01:59.534+0000] {logging_mixin.py:190} INFO - [2026-05-01T00:01:59.534+0000] {dag.py:3239} INFO - Sync 1 DAGs
[2026-05-01T00:01:59.544+0000] {logging_mixin.py:190} INFO - [2026-05-01T00:01:59.543+0000] {dag.py:4180} INFO - Setting next_dagrun for atividade_pratica2_cristina to None, run_after=None
[2026-05-01T00:01:59.560+0000] {processor.py:208} INFO - Processing /workspaces/meu-projeto-airflow/dags/atividade_pratica2.py took 0.534 seconds
[2026-05-01T00:02:29.897+0000] {processor.py:186} INFO - Started process (PID=87759) to work on /workspaces/meu-projeto-airflow/dags/atividade_pratica2.py
[2026-05-01T00:02:29.898+0000] {processor.py:914} INFO - Processing file /workspaces/meu-projeto-airflow/dags/atividade_pratica2.py for tasks to queue
[2026-05-01T00:02:29.899+0000] {logging_mixin.py:190} INFO - [2026-05-01T00:02:29.899+0000] {dagbag.py:588} INFO - Filling up the DagBag from /workspaces/meu-projeto-airflow/dags/atividade_pratica2.py
[2026-05-01T00:02:30.227+0000] {processor.py:925} INFO - DAG(s) 'atividade_pratica2_cristina' retrieved from /workspaces/meu-projeto-airflow/dags/atividade_pratica2.py
[2026-05-01T00:02:30.259+0000] {logging_mixin.py:190} INFO - [2026-05-01T00:02:30.258+0000] {dag.py:3239} INFO - Sync 1 DAGs
[2026-05-01T00:02:30.273+0000] {logging_mixin.py:190} INFO - [2026-05-01T00:02:30.273+0000] {dag.py:4180} INFO - Setting next_dagrun for atividade_pratica2_cristina to None, run_after=None
[2026-05-01T00:02:30.303+0000] {processor.py:208} INFO - Processing /workspaces/meu-projeto-airflow/dags/atividade_pratica2.py took 0.410 seconds
[2026-05-01T00:03:00.528+0000] {processor.py:186} INFO - Started process (PID=88410) to work on /workspaces/meu-projeto-airflow/dags/atividade_pratica2.py
[2026-05-01T00:03:00.529+0000] {processor.py:914} INFO - Processing file /workspaces/meu-projeto-airflow/dags/atividade_pratica2.py for tasks to queue
[2026-05-01T00:03:00.531+0000] {logging_mixin.py:190} INFO - [2026-05-01T00:03:00.530+0000] {dagbag.py:588} INFO - Filling up the DagBag from /workspaces/meu-projeto-airflow/dags/atividade_pratica2.py
[2026-05-01T00:03:01.149+0000] {processor.py:925} INFO - DAG(s) 'atividade_pratica2_cristina' retrieved from /workspaces/meu-projeto-airflow/dags/atividade_pratica2.py
[2026-05-01T00:03:01.198+0000] {logging_mixin.py:190} INFO - [2026-05-01T00:03:01.198+0000] {dag.py:3239} INFO - Sync 1 DAGs
[2026-05-01T00:03:01.228+0000] {logging_mixin.py:190} INFO - [2026-05-01T00:03:01.228+0000] {dag.py:4180} INFO - Setting next_dagrun for atividade_pratica2_cristina to None, run_after=None
[2026-05-01T00:03:01.278+0000] {processor.py:208} INFO - Processing /workspaces/meu-projeto-airflow/dags/atividade_pratica2.py took 0.754 seconds
[2026-05-01T00:03:31.561+0000] {processor.py:186} INFO - Started process (PID=89126) to work on /workspaces/meu-projeto-airflow/dags/atividade_pratica2.py
[2026-05-01T00:03:31.561+0000] {processor.py:914} INFO - Processing file /workspaces/meu-projeto-airflow/dags/atividade_pratica2.py for tasks to queue
[2026-05-01T00:03:31.564+0000] {logging_mixin.py:190} INFO - [2026-05-01T00:03:31.563+0000] {dagbag.py:588} INFO - Filling up the DagBag from /workspaces/meu-projeto-airflow/dags/atividade_pratica2.py
[2026-05-01T00:03:32.146+0000] {processor.py:925} INFO - DAG(s) 'atividade_pratica2_cristina' retrieved from /workspaces/meu-projeto-airflow/dags/atividade_pratica2.py
[2026-05-01T00:03:32.181+0000] {logging_mixin.py:190} INFO - [2026-05-01T00:03:32.179+0000] {dag.py:3239} INFO - Sync 1 DAGs
[2026-05-01T00:03:32.211+0000] {logging_mixin.py:190} INFO - [2026-05-01T00:03:32.209+0000] {dag.py:4180} INFO - Setting next_dagrun for atividade_pratica2_cristina to None, run_after=None
[2026-05-01T00:03:32.264+0000] {processor.py:208} INFO - Processing /workspaces/meu-projeto-airflow/dags/atividade_pratica2.py took 0.712 seconds
[2026-05-01T00:04:21.954+0000] {processor.py:186} INFO - Started process (PID=90176) to work on /workspaces/meu-projeto-airflow/dags/atividade_pratica2.py
[2026-05-01T00:04:21.956+0000] {processor.py:914} INFO - Processing file /workspaces/meu-projeto-airflow/dags/atividade_pratica2.py for tasks to queue
[2026-05-01T00:04:21.959+0000] {logging_mixin.py:190} INFO - [2026-05-01T00:04:21.958+0000] {dagbag.py:588} INFO - Filling up the DagBag from /workspaces/meu-projeto-airflow/dags/atividade_pratica2.py
[2026-05-01T00:04:22.301+0000] {processor.py:925} INFO - DAG(s) 'atividade_pratica2_cristina' retrieved from /workspaces/meu-projeto-airflow/dags/atividade_pratica2.py
[2026-05-01T00:04:22.317+0000] {logging_mixin.py:190} INFO - [2026-05-01T00:04:22.317+0000] {dag.py:3239} INFO - Sync 1 DAGs
[2026-05-01T00:04:22.326+0000] {logging_mixin.py:190} INFO - [2026-05-01T00:04:22.326+0000] {dag.py:4180} INFO - Setting next_dagrun for atividade_pratica2_cristina to None, run_after=None
[2026-05-01T00:04:22.342+0000] {processor.py:208} INFO - Processing /workspaces/meu-projeto-airflow/dags/atividade_pratica2.py took 0.399 seconds
[2026-05-01T00:04:52.671+0000] {processor.py:186} INFO - Started process (PID=90767) to work on /workspaces/meu-projeto-airflow/dags/atividade_pratica2.py
[2026-05-01T00:04:52.672+0000] {processor.py:914} INFO - Processing file /workspaces/meu-projeto-airflow/dags/atividade_pratica2.py for tasks to queue
[2026-05-01T00:04:52.674+0000] {logging_mixin.py:190} INFO - [2026-05-01T00:04:52.674+0000] {dagbag.py:588} INFO - Filling up the DagBag from /workspaces/meu-projeto-airflow/dags/atividade_pratica2.py
[2026-05-01T00:04:53.085+0000] {processor.py:925} INFO - DAG(s) 'atividade_pratica2_cristina' retrieved from /workspaces/meu-projeto-airflow/dags/atividade_pratica2.py
[2026-05-01T00:04:53.100+0000] {logging_mixin.py:190} INFO - [2026-05-01T00:04:53.099+0000] {dag.py:3239} INFO - Sync 1 DAGs
[2026-05-01T00:04:53.109+0000] {logging_mixin.py:190} INFO - [2026-05-01T00:04:53.109+0000] {dag.py:4180} INFO - Setting next_dagrun for atividade_pratica2_cristina to None, run_after=None
[2026-05-01T00:04:53.126+0000] {processor.py:208} INFO - Processing /workspaces/meu-projeto-airflow/dags/atividade_pratica2.py took 0.460 seconds
[2026-05-01T00:05:23.703+0000] {processor.py:186} INFO - Started process (PID=91399) to work on /workspaces/meu-projeto-airflow/dags/atividade_pratica2.py
[2026-05-01T00:05:23.703+0000] {processor.py:914} INFO - Processing file /workspaces/meu-projeto-airflow/dags/atividade_pratica2.py for tasks to queue
[2026-05-01T00:05:23.706+0000] {logging_mixin.py:190} INFO - [2026-05-01T00:05:23.705+0000] {dagbag.py:588} INFO - Filling up the DagBag from /workspaces/meu-projeto-airflow/dags/atividade_pratica2.py
[2026-05-01T00:05:24.024+0000] {processor.py:925} INFO - DAG(s) 'atividade_pratica2_cristina' retrieved from /workspaces/meu-projeto-airflow/dags/atividade_pratica2.py
[2026-05-01T00:05:24.038+0000] {logging_mixin.py:190} INFO - [2026-05-01T00:05:24.038+0000] {dag.py:3239} INFO - Sync 1 DAGs
[2026-05-01T00:05:24.049+0000] {logging_mixin.py:190} INFO - [2026-05-01T00:05:24.049+0000] {dag.py:4180} INFO - Setting next_dagrun for atividade_pratica2_cristina to None, run_after=None
[2026-05-01T00:05:24.077+0000] {processor.py:208} INFO - Processing /workspaces/meu-projeto-airflow/dags/atividade_pratica2.py took 0.379 seconds
[2026-05-01T00:06:01.416+0000] {processor.py:186} INFO - Started process (PID=92128) to work on /workspaces/meu-projeto-airflow/dags/atividade_pratica2.py
[2026-05-01T00:06:01.417+0000] {processor.py:914} INFO - Processing file /workspaces/meu-projeto-airflow/dags/atividade_pratica2.py for tasks to queue
[2026-05-01T00:06:01.419+0000] {logging_mixin.py:190} INFO - [2026-05-01T00:06:01.418+0000] {dagbag.py:588} INFO - Filling up the DagBag from /workspaces/meu-projeto-airflow/dags/atividade_pratica2.py
[2026-05-01T00:06:01.737+0000] {processor.py:925} INFO - DAG(s) 'atividade_pratica2_cristina' retrieved from /workspaces/meu-projeto-airflow/dags/atividade_pratica2.py
[2026-05-01T00:06:01.770+0000] {logging_mixin.py:190} INFO - [2026-05-01T00:06:01.770+0000] {dag.py:3239} INFO - Sync 1 DAGs
[2026-05-01T00:06:01.806+0000] {logging_mixin.py:190} INFO - [2026-05-01T00:06:01.804+0000] {dag.py:4180} INFO - Setting next_dagrun for atividade_pratica2_cristina to None, run_after=None
[2026-05-01T00:06:01.876+0000] {processor.py:208} INFO - Processing /workspaces/meu-projeto-airflow/dags/atividade_pratica2.py took 0.465 seconds
[2026-05-01T00:06:32.940+0000] {processor.py:186} INFO - Started process (PID=92783) to work on /workspaces/meu-projeto-airflow/dags/atividade_pratica2.py
[2026-05-01T00:06:32.941+0000] {processor.py:914} INFO - Processing file /workspaces/meu-projeto-airflow/dags/atividade_pratica2.py for tasks to queue
[2026-05-01T00:06:32.942+0000] {logging_mixin.py:190} INFO - [2026-05-01T00:06:32.942+0000] {dagbag.py:588} INFO - Filling up the DagBag from /workspaces/meu-projeto-airflow/dags/atividade_pratica2.py
[2026-05-01T00:06:33.236+0000] {processor.py:925} INFO - DAG(s) 'atividade_pratica2_cristina' retrieved from /workspaces/meu-projeto-airflow/dags/atividade_pratica2.py
[2026-05-01T00:06:33.252+0000] {logging_mixin.py:190} INFO - [2026-05-01T00:06:33.252+0000] {dag.py:3239} INFO - Sync 1 DAGs
[2026-05-01T00:06:33.266+0000] {logging_mixin.py:190} INFO - [2026-05-01T00:06:33.266+0000] {dag.py:4180} INFO - Setting next_dagrun for atividade_pratica2_cristina to None, run_after=None
[2026-05-01T00:06:33.411+0000] {processor.py:208} INFO - Processing /workspaces/meu-projeto-airflow/dags/atividade_pratica2.py took 0.476 seconds
[2026-05-01T00:07:03.734+0000] {processor.py:186} INFO - Started process (PID=93372) to work on /workspaces/meu-projeto-airflow/dags/atividade_pratica2.py
[2026-05-01T00:07:03.735+0000] {processor.py:914} INFO - Processing file /workspaces/meu-projeto-airflow/dags/atividade_pratica2.py for tasks to queue
[2026-05-01T00:07:03.736+0000] {logging_mixin.py:190} INFO - [2026-05-01T00:07:03.736+0000] {dagbag.py:588} INFO - Filling up the DagBag from /workspaces/meu-projeto-airflow/dags/atividade_pratica2.py
[2026-05-01T00:07:04.031+0000] {processor.py:925} INFO - DAG(s) 'atividade_pratica2_cristina' retrieved from /workspaces/meu-projeto-airflow/dags/atividade_pratica2.py
[2026-05-01T00:07:04.047+0000] {logging_mixin.py:190} INFO - [2026-05-01T00:07:04.046+0000] {dag.py:3239} INFO - Sync 1 DAGs
[2026-05-01T00:07:04.061+0000] {logging_mixin.py:190} INFO - [2026-05-01T00:07:04.061+0000] {dag.py:4180} INFO - Setting next_dagrun for atividade_pratica2_cristina to None, run_after=None
[2026-05-01T00:07:04.079+0000] {processor.py:208} INFO - Processing /workspaces/meu-projeto-airflow/dags/atividade_pratica2.py took 0.349 seconds
[2026-05-01T00:07:34.476+0000] {processor.py:186} INFO - Started process (PID=93962) to work on /workspaces/meu-projeto-airflow/dags/atividade_pratica2.py
[2026-05-01T00:07:34.477+0000] {processor.py:914} INFO - Processing file /workspaces/meu-projeto-airflow/dags/atividade_pratica2.py for tasks to queue
[2026-05-01T00:07:34.478+0000] {logging_mixin.py:190} INFO - [2026-05-01T00:07:34.478+0000] {dagbag.py:588} INFO - Filling up the DagBag from /workspaces/meu-projeto-airflow/dags/atividade_pratica2.py
[2026-05-01T00:07:34.810+0000] {processor.py:925} INFO - DAG(s) 'atividade_pratica2_cristina' retrieved from /workspaces/meu-projeto-airflow/dags/atividade_pratica2.py
[2026-05-01T00:07:34.826+0000] {logging_mixin.py:190} INFO - [2026-05-01T00:07:34.825+0000] {dag.py:3239} INFO - Sync 1 DAGs
[2026-05-01T00:07:34.837+0000] {logging_mixin.py:190} INFO - [2026-05-01T00:07:34.837+0000] {dag.py:4180} INFO - Setting next_dagrun for atividade_pratica2_cristina to None, run_after=None
[2026-05-01T00:07:34.857+0000] {processor.py:208} INFO - Processing /workspaces/meu-projeto-airflow/dags/atividade_pratica2.py took 0.386 seconds
[2026-05-01T00:08:05.147+0000] {processor.py:186} INFO - Started process (PID=94553) to work on /workspaces/meu-projeto-airflow/dags/atividade_pratica2.py
[2026-05-01T00:08:05.148+0000] {processor.py:914} INFO - Processing file /workspaces/meu-projeto-airflow/dags/atividade_pratica2.py for tasks to queue
[2026-05-01T00:08:05.150+0000] {logging_mixin.py:190} INFO - [2026-05-01T00:08:05.149+0000] {dagbag.py:588} INFO - Filling up the DagBag from /workspaces/meu-projeto-airflow/dags/atividade_pratica2.py
[2026-05-01T00:08:05.446+0000] {processor.py:925} INFO - DAG(s) 'atividade_pratica2_cristina' retrieved from /workspaces/meu-projeto-airflow/dags/atividade_pratica2.py
[2026-05-01T00:08:05.462+0000] {logging_mixin.py:190} INFO - [2026-05-01T00:08:05.462+0000] {dag.py:3239} INFO - Sync 1 DAGs
[2026-05-01T00:08:05.475+0000] {logging_mixin.py:190} INFO - [2026-05-01T00:08:05.475+0000] {dag.py:4180} INFO - Setting next_dagrun for atividade_pratica2_cristina to None, run_after=None
[2026-05-01T00:08:05.492+0000] {processor.py:208} INFO - Processing /workspaces/meu-projeto-airflow/dags/atividade_pratica2.py took 0.350 seconds
[2026-05-01T00:08:36.015+0000] {processor.py:186} INFO - Started process (PID=95150) to work on /workspaces/meu-projeto-airflow/dags/atividade_pratica2.py
[2026-05-01T00:08:36.016+0000] {processor.py:914} INFO - Processing file /workspaces/meu-projeto-airflow/dags/atividade_pratica2.py for tasks to queue
[2026-05-01T00:08:36.018+0000] {logging_mixin.py:190} INFO - [2026-05-01T00:08:36.018+0000] {dagbag.py:588} INFO - Filling up the DagBag from /workspaces/meu-projeto-airflow/dags/atividade_pratica2.py
[2026-05-01T00:08:36.317+0000] {processor.py:925} INFO - DAG(s) 'atividade_pratica2_cristina' retrieved from /workspaces/meu-projeto-airflow/dags/atividade_pratica2.py
[2026-05-01T00:08:36.333+0000] {logging_mixin.py:190} INFO - [2026-05-01T00:08:36.332+0000] {dag.py:3239} INFO - Sync 1 DAGs
[2026-05-01T00:08:36.342+0000] {logging_mixin.py:190} INFO - [2026-05-01T00:08:36.342+0000] {dag.py:4180} INFO - Setting next_dagrun for atividade_pratica2_cristina to None, run_after=None
[2026-05-01T00:08:36.362+0000] {processor.py:208} INFO - Processing /workspaces/meu-projeto-airflow/dags/atividade_pratica2.py took 0.352 seconds
