[2026-05-01T00:00:10.135+0000] {processor.py:186} INFO - Started process (PID=84907) to work on /workspaces/meu-projeto-airflow/dags/dag_exemplo.py
[2026-05-01T00:00:10.136+0000] {processor.py:914} INFO - Processing file /workspaces/meu-projeto-airflow/dags/dag_exemplo.py for tasks to queue
[2026-05-01T00:00:10.137+0000] {logging_mixin.py:190} INFO - [2026-05-01T00:00:10.137+0000] {dagbag.py:588} INFO - Filling up the DagBag from /workspaces/meu-projeto-airflow/dags/dag_exemplo.py
[2026-05-01T00:00:10.143+0000] {processor.py:925} INFO - DAG(s) 'dag_exemplo' retrieved from /workspaces/meu-projeto-airflow/dags/dag_exemplo.py
[2026-05-01T00:00:10.162+0000] {logging_mixin.py:190} INFO - [2026-05-01T00:00:10.161+0000] {dag.py:3239} INFO - Sync 1 DAGs
[2026-05-01T00:00:10.172+0000] {logging_mixin.py:190} INFO - [2026-05-01T00:00:10.172+0000] {dag.py:4180} INFO - Setting next_dagrun for dag_exemplo to None, run_after=None
[2026-05-01T00:00:10.188+0000] {processor.py:208} INFO - Processing /workspaces/meu-projeto-airflow/dags/dag_exemplo.py took 0.058 seconds
[2026-05-01T00:00:41.108+0000] {processor.py:186} INFO - Started process (PID=85569) to work on /workspaces/meu-projeto-airflow/dags/dag_exemplo.py
[2026-05-01T00:00:41.109+0000] {processor.py:914} INFO - Processing file /workspaces/meu-projeto-airflow/dags/dag_exemplo.py for tasks to queue
[2026-05-01T00:00:41.112+0000] {logging_mixin.py:190} INFO - [2026-05-01T00:00:41.111+0000] {dagbag.py:588} INFO - Filling up the DagBag from /workspaces/meu-projeto-airflow/dags/dag_exemplo.py
[2026-05-01T00:00:41.120+0000] {processor.py:925} INFO - DAG(s) 'dag_exemplo' retrieved from /workspaces/meu-projeto-airflow/dags/dag_exemplo.py
[2026-05-01T00:00:41.173+0000] {logging_mixin.py:190} INFO - [2026-05-01T00:00:41.171+0000] {dag.py:3239} INFO - Sync 1 DAGs
[2026-05-01T00:00:41.205+0000] {logging_mixin.py:190} INFO - [2026-05-01T00:00:41.204+0000] {dag.py:4180} INFO - Setting next_dagrun for dag_exemplo to None, run_after=None
[2026-05-01T00:00:41.318+0000] {processor.py:208} INFO - Processing /workspaces/meu-projeto-airflow/dags/dag_exemplo.py took 0.217 seconds
[2026-05-01T00:01:11.934+0000] {processor.py:186} INFO - Started process (PID=86213) to work on /workspaces/meu-projeto-airflow/dags/dag_exemplo.py
[2026-05-01T00:01:11.935+0000] {processor.py:914} INFO - Processing file /workspaces/meu-projeto-airflow/dags/dag_exemplo.py for tasks to queue
[2026-05-01T00:01:11.936+0000] {logging_mixin.py:190} INFO - [2026-05-01T00:01:11.936+0000] {dagbag.py:588} INFO - Filling up the DagBag from /workspaces/meu-projeto-airflow/dags/dag_exemplo.py
[2026-05-01T00:01:11.942+0000] {processor.py:925} INFO - DAG(s) 'dag_exemplo' retrieved from /workspaces/meu-projeto-airflow/dags/dag_exemplo.py
[2026-05-01T00:01:11.961+0000] {logging_mixin.py:190} INFO - [2026-05-01T00:01:11.961+0000] {dag.py:3239} INFO - Sync 1 DAGs
[2026-05-01T00:01:11.976+0000] {logging_mixin.py:190} INFO - [2026-05-01T00:01:11.976+0000] {dag.py:4180} INFO - Setting next_dagrun for dag_exemplo to None, run_after=None
[2026-05-01T00:01:11.996+0000] {processor.py:208} INFO - Processing /workspaces/meu-projeto-airflow/dags/dag_exemplo.py took 0.066 seconds
[2026-05-01T00:01:42.679+0000] {processor.py:186} INFO - Started process (PID=86812) to work on /workspaces/meu-projeto-airflow/dags/dag_exemplo.py
[2026-05-01T00:01:42.679+0000] {processor.py:914} INFO - Processing file /workspaces/meu-projeto-airflow/dags/dag_exemplo.py for tasks to queue
[2026-05-01T00:01:42.681+0000] {logging_mixin.py:190} INFO - [2026-05-01T00:01:42.681+0000] {dagbag.py:588} INFO - Filling up the DagBag from /workspaces/meu-projeto-airflow/dags/dag_exemplo.py
[2026-05-01T00:01:42.688+0000] {processor.py:925} INFO - DAG(s) 'dag_exemplo' retrieved from /workspaces/meu-projeto-airflow/dags/dag_exemplo.py
[2026-05-01T00:01:42.705+0000] {logging_mixin.py:190} INFO - [2026-05-01T00:01:42.705+0000] {dag.py:3239} INFO - Sync 1 DAGs
[2026-05-01T00:01:42.716+0000] {logging_mixin.py:190} INFO - [2026-05-01T00:01:42.715+0000] {dag.py:4180} INFO - Setting next_dagrun for dag_exemplo to None, run_after=None
[2026-05-01T00:01:42.732+0000] {processor.py:208} INFO - Processing /workspaces/meu-projeto-airflow/dags/dag_exemplo.py took 0.057 seconds
[2026-05-01T00:02:13.442+0000] {processor.py:186} INFO - Started process (PID=87431) to work on /workspaces/meu-projeto-airflow/dags/dag_exemplo.py
[2026-05-01T00:02:13.443+0000] {processor.py:914} INFO - Processing file /workspaces/meu-projeto-airflow/dags/dag_exemplo.py for tasks to queue
[2026-05-01T00:02:13.445+0000] {logging_mixin.py:190} INFO - [2026-05-01T00:02:13.444+0000] {dagbag.py:588} INFO - Filling up the DagBag from /workspaces/meu-projeto-airflow/dags/dag_exemplo.py
[2026-05-01T00:02:13.454+0000] {processor.py:925} INFO - DAG(s) 'dag_exemplo' retrieved from /workspaces/meu-projeto-airflow/dags/dag_exemplo.py
[2026-05-01T00:02:13.473+0000] {logging_mixin.py:190} INFO - [2026-05-01T00:02:13.472+0000] {dag.py:3239} INFO - Sync 1 DAGs
[2026-05-01T00:02:13.482+0000] {logging_mixin.py:190} INFO - [2026-05-01T00:02:13.482+0000] {dag.py:4180} INFO - Setting next_dagrun for dag_exemplo to None, run_after=None
[2026-05-01T00:02:13.498+0000] {processor.py:208} INFO - Processing /workspaces/meu-projeto-airflow/dags/dag_exemplo.py took 0.060 seconds
[2026-05-01T00:02:43.707+0000] {processor.py:186} INFO - Started process (PID=88119) to work on /workspaces/meu-projeto-airflow/dags/dag_exemplo.py
[2026-05-01T00:02:43.708+0000] {processor.py:914} INFO - Processing file /workspaces/meu-projeto-airflow/dags/dag_exemplo.py for tasks to queue
[2026-05-01T00:02:43.709+0000] {logging_mixin.py:190} INFO - [2026-05-01T00:02:43.709+0000] {dagbag.py:588} INFO - Filling up the DagBag from /workspaces/meu-projeto-airflow/dags/dag_exemplo.py
[2026-05-01T00:02:43.716+0000] {processor.py:925} INFO - DAG(s) 'dag_exemplo' retrieved from /workspaces/meu-projeto-airflow/dags/dag_exemplo.py
[2026-05-01T00:02:43.730+0000] {logging_mixin.py:190} INFO - [2026-05-01T00:02:43.730+0000] {dag.py:3239} INFO - Sync 1 DAGs
[2026-05-01T00:02:43.739+0000] {logging_mixin.py:190} INFO - [2026-05-01T00:02:43.739+0000] {dag.py:4180} INFO - Setting next_dagrun for dag_exemplo to None, run_after=None
[2026-05-01T00:02:43.757+0000] {processor.py:208} INFO - Processing /workspaces/meu-projeto-airflow/dags/dag_exemplo.py took 0.054 seconds
[2026-05-01T00:03:16.349+0000] {processor.py:186} INFO - Started process (PID=88791) to work on /workspaces/meu-projeto-airflow/dags/dag_exemplo.py
[2026-05-01T00:03:16.351+0000] {processor.py:914} INFO - Processing file /workspaces/meu-projeto-airflow/dags/dag_exemplo.py for tasks to queue
[2026-05-01T00:03:16.354+0000] {logging_mixin.py:190} INFO - [2026-05-01T00:03:16.353+0000] {dagbag.py:588} INFO - Filling up the DagBag from /workspaces/meu-projeto-airflow/dags/dag_exemplo.py
[2026-05-01T00:03:16.364+0000] {processor.py:925} INFO - DAG(s) 'dag_exemplo' retrieved from /workspaces/meu-projeto-airflow/dags/dag_exemplo.py
[2026-05-01T00:03:16.389+0000] {logging_mixin.py:190} INFO - [2026-05-01T00:03:16.388+0000] {dag.py:3239} INFO - Sync 1 DAGs
[2026-05-01T00:03:16.420+0000] {logging_mixin.py:190} INFO - [2026-05-01T00:03:16.420+0000] {dag.py:4180} INFO - Setting next_dagrun for dag_exemplo to None, run_after=None
[2026-05-01T00:03:16.499+0000] {processor.py:208} INFO - Processing /workspaces/meu-projeto-airflow/dags/dag_exemplo.py took 0.161 seconds
[2026-05-01T00:04:06.208+0000] {processor.py:186} INFO - Started process (PID=89846) to work on /workspaces/meu-projeto-airflow/dags/dag_exemplo.py
[2026-05-01T00:04:06.209+0000] {processor.py:914} INFO - Processing file /workspaces/meu-projeto-airflow/dags/dag_exemplo.py for tasks to queue
[2026-05-01T00:04:06.211+0000] {logging_mixin.py:190} INFO - [2026-05-01T00:04:06.210+0000] {dagbag.py:588} INFO - Filling up the DagBag from /workspaces/meu-projeto-airflow/dags/dag_exemplo.py
[2026-05-01T00:04:06.217+0000] {processor.py:925} INFO - DAG(s) 'dag_exemplo' retrieved from /workspaces/meu-projeto-airflow/dags/dag_exemplo.py
[2026-05-01T00:04:06.233+0000] {logging_mixin.py:190} INFO - [2026-05-01T00:04:06.233+0000] {dag.py:3239} INFO - Sync 1 DAGs
[2026-05-01T00:04:06.243+0000] {logging_mixin.py:190} INFO - [2026-05-01T00:04:06.243+0000] {dag.py:4180} INFO - Setting next_dagrun for dag_exemplo to None, run_after=None
[2026-05-01T00:04:06.261+0000] {processor.py:208} INFO - Processing /workspaces/meu-projeto-airflow/dags/dag_exemplo.py took 0.059 seconds
[2026-05-01T00:04:37.513+0000] {processor.py:186} INFO - Started process (PID=90486) to work on /workspaces/meu-projeto-airflow/dags/dag_exemplo.py
[2026-05-01T00:04:37.514+0000] {processor.py:914} INFO - Processing file /workspaces/meu-projeto-airflow/dags/dag_exemplo.py for tasks to queue
[2026-05-01T00:04:37.515+0000] {logging_mixin.py:190} INFO - [2026-05-01T00:04:37.515+0000] {dagbag.py:588} INFO - Filling up the DagBag from /workspaces/meu-projeto-airflow/dags/dag_exemplo.py
[2026-05-01T00:04:37.521+0000] {processor.py:925} INFO - DAG(s) 'dag_exemplo' retrieved from /workspaces/meu-projeto-airflow/dags/dag_exemplo.py
[2026-05-01T00:04:37.539+0000] {logging_mixin.py:190} INFO - [2026-05-01T00:04:37.538+0000] {dag.py:3239} INFO - Sync 1 DAGs
[2026-05-01T00:04:37.554+0000] {logging_mixin.py:190} INFO - [2026-05-01T00:04:37.554+0000] {dag.py:4180} INFO - Setting next_dagrun for dag_exemplo to None, run_after=None
[2026-05-01T00:04:37.583+0000] {processor.py:208} INFO - Processing /workspaces/meu-projeto-airflow/dags/dag_exemplo.py took 0.075 seconds
[2026-05-01T00:05:09.625+0000] {processor.py:186} INFO - Started process (PID=91117) to work on /workspaces/meu-projeto-airflow/dags/dag_exemplo.py
[2026-05-01T00:05:09.626+0000] {processor.py:914} INFO - Processing file /workspaces/meu-projeto-airflow/dags/dag_exemplo.py for tasks to queue
[2026-05-01T00:05:09.628+0000] {logging_mixin.py:190} INFO - [2026-05-01T00:05:09.628+0000] {dagbag.py:588} INFO - Filling up the DagBag from /workspaces/meu-projeto-airflow/dags/dag_exemplo.py
[2026-05-01T00:05:09.637+0000] {processor.py:925} INFO - DAG(s) 'dag_exemplo' retrieved from /workspaces/meu-projeto-airflow/dags/dag_exemplo.py
[2026-05-01T00:05:09.660+0000] {logging_mixin.py:190} INFO - [2026-05-01T00:05:09.659+0000] {dag.py:3239} INFO - Sync 1 DAGs
[2026-05-01T00:05:09.676+0000] {logging_mixin.py:190} INFO - [2026-05-01T00:05:09.676+0000] {dag.py:4180} INFO - Setting next_dagrun for dag_exemplo to None, run_after=None
[2026-05-01T00:05:09.720+0000] {processor.py:208} INFO - Processing /workspaces/meu-projeto-airflow/dags/dag_exemplo.py took 0.104 seconds
[2026-05-01T00:05:48.435+0000] {processor.py:186} INFO - Started process (PID=91903) to work on /workspaces/meu-projeto-airflow/dags/dag_exemplo.py
[2026-05-01T00:05:48.435+0000] {processor.py:914} INFO - Processing file /workspaces/meu-projeto-airflow/dags/dag_exemplo.py for tasks to queue
[2026-05-01T00:05:48.437+0000] {logging_mixin.py:190} INFO - [2026-05-01T00:05:48.436+0000] {dagbag.py:588} INFO - Filling up the DagBag from /workspaces/meu-projeto-airflow/dags/dag_exemplo.py
[2026-05-01T00:05:48.443+0000] {processor.py:925} INFO - DAG(s) 'dag_exemplo' retrieved from /workspaces/meu-projeto-airflow/dags/dag_exemplo.py
[2026-05-01T00:05:48.461+0000] {logging_mixin.py:190} INFO - [2026-05-01T00:05:48.461+0000] {dag.py:3239} INFO - Sync 1 DAGs
[2026-05-01T00:05:48.472+0000] {logging_mixin.py:190} INFO - [2026-05-01T00:05:48.472+0000] {dag.py:4180} INFO - Setting next_dagrun for dag_exemplo to None, run_after=None
[2026-05-01T00:05:48.491+0000] {processor.py:208} INFO - Processing /workspaces/meu-projeto-airflow/dags/dag_exemplo.py took 0.061 seconds
[2026-05-01T00:06:19.218+0000] {processor.py:186} INFO - Started process (PID=92506) to work on /workspaces/meu-projeto-airflow/dags/dag_exemplo.py
[2026-05-01T00:06:19.218+0000] {processor.py:914} INFO - Processing file /workspaces/meu-projeto-airflow/dags/dag_exemplo.py for tasks to queue
[2026-05-01T00:06:19.220+0000] {logging_mixin.py:190} INFO - [2026-05-01T00:06:19.220+0000] {dagbag.py:588} INFO - Filling up the DagBag from /workspaces/meu-projeto-airflow/dags/dag_exemplo.py
[2026-05-01T00:06:19.226+0000] {processor.py:925} INFO - DAG(s) 'dag_exemplo' retrieved from /workspaces/meu-projeto-airflow/dags/dag_exemplo.py
[2026-05-01T00:06:19.240+0000] {logging_mixin.py:190} INFO - [2026-05-01T00:06:19.240+0000] {dag.py:3239} INFO - Sync 1 DAGs
[2026-05-01T00:06:19.251+0000] {logging_mixin.py:190} INFO - [2026-05-01T00:06:19.251+0000] {dag.py:4180} INFO - Setting next_dagrun for dag_exemplo to None, run_after=None
[2026-05-01T00:06:19.270+0000] {processor.py:208} INFO - Processing /workspaces/meu-projeto-airflow/dags/dag_exemplo.py took 0.056 seconds
[2026-05-01T00:06:49.473+0000] {processor.py:186} INFO - Started process (PID=93091) to work on /workspaces/meu-projeto-airflow/dags/dag_exemplo.py
[2026-05-01T00:06:49.473+0000] {processor.py:914} INFO - Processing file /workspaces/meu-projeto-airflow/dags/dag_exemplo.py for tasks to queue
[2026-05-01T00:06:49.475+0000] {logging_mixin.py:190} INFO - [2026-05-01T00:06:49.474+0000] {dagbag.py:588} INFO - Filling up the DagBag from /workspaces/meu-projeto-airflow/dags/dag_exemplo.py
[2026-05-01T00:06:49.481+0000] {processor.py:925} INFO - DAG(s) 'dag_exemplo' retrieved from /workspaces/meu-projeto-airflow/dags/dag_exemplo.py
[2026-05-01T00:06:49.495+0000] {logging_mixin.py:190} INFO - [2026-05-01T00:06:49.495+0000] {dag.py:3239} INFO - Sync 1 DAGs
[2026-05-01T00:06:49.504+0000] {logging_mixin.py:190} INFO - [2026-05-01T00:06:49.504+0000] {dag.py:4180} INFO - Setting next_dagrun for dag_exemplo to None, run_after=None
[2026-05-01T00:06:49.520+0000] {processor.py:208} INFO - Processing /workspaces/meu-projeto-airflow/dags/dag_exemplo.py took 0.052 seconds
[2026-05-01T00:07:20.282+0000] {processor.py:186} INFO - Started process (PID=93686) to work on /workspaces/meu-projeto-airflow/dags/dag_exemplo.py
[2026-05-01T00:07:20.283+0000] {processor.py:914} INFO - Processing file /workspaces/meu-projeto-airflow/dags/dag_exemplo.py for tasks to queue
[2026-05-01T00:07:20.285+0000] {logging_mixin.py:190} INFO - [2026-05-01T00:07:20.285+0000] {dagbag.py:588} INFO - Filling up the DagBag from /workspaces/meu-projeto-airflow/dags/dag_exemplo.py
[2026-05-01T00:07:20.293+0000] {processor.py:925} INFO - DAG(s) 'dag_exemplo' retrieved from /workspaces/meu-projeto-airflow/dags/dag_exemplo.py
[2026-05-01T00:07:20.318+0000] {logging_mixin.py:190} INFO - [2026-05-01T00:07:20.318+0000] {dag.py:3239} INFO - Sync 1 DAGs
[2026-05-01T00:07:20.330+0000] {logging_mixin.py:190} INFO - [2026-05-01T00:07:20.330+0000] {dag.py:4180} INFO - Setting next_dagrun for dag_exemplo to None, run_after=None
[2026-05-01T00:07:20.347+0000] {processor.py:208} INFO - Processing /workspaces/meu-projeto-airflow/dags/dag_exemplo.py took 0.073 seconds
[2026-05-01T00:07:50.832+0000] {processor.py:186} INFO - Started process (PID=94277) to work on /workspaces/meu-projeto-airflow/dags/dag_exemplo.py
[2026-05-01T00:07:50.833+0000] {processor.py:914} INFO - Processing file /workspaces/meu-projeto-airflow/dags/dag_exemplo.py for tasks to queue
[2026-05-01T00:07:50.835+0000] {logging_mixin.py:190} INFO - [2026-05-01T00:07:50.834+0000] {dagbag.py:588} INFO - Filling up the DagBag from /workspaces/meu-projeto-airflow/dags/dag_exemplo.py
[2026-05-01T00:07:50.841+0000] {processor.py:925} INFO - DAG(s) 'dag_exemplo' retrieved from /workspaces/meu-projeto-airflow/dags/dag_exemplo.py
[2026-05-01T00:07:50.860+0000] {logging_mixin.py:190} INFO - [2026-05-01T00:07:50.859+0000] {dag.py:3239} INFO - Sync 1 DAGs
[2026-05-01T00:07:50.872+0000] {logging_mixin.py:190} INFO - [2026-05-01T00:07:50.872+0000] {dag.py:4180} INFO - Setting next_dagrun for dag_exemplo to None, run_after=None
[2026-05-01T00:07:50.888+0000] {processor.py:208} INFO - Processing /workspaces/meu-projeto-airflow/dags/dag_exemplo.py took 0.061 seconds
[2026-05-01T00:08:21.850+0000] {processor.py:186} INFO - Started process (PID=94892) to work on /workspaces/meu-projeto-airflow/dags/dag_exemplo.py
[2026-05-01T00:08:21.851+0000] {processor.py:914} INFO - Processing file /workspaces/meu-projeto-airflow/dags/dag_exemplo.py for tasks to queue
[2026-05-01T00:08:21.853+0000] {logging_mixin.py:190} INFO - [2026-05-01T00:08:21.853+0000] {dagbag.py:588} INFO - Filling up the DagBag from /workspaces/meu-projeto-airflow/dags/dag_exemplo.py
[2026-05-01T00:08:21.860+0000] {processor.py:925} INFO - DAG(s) 'dag_exemplo' retrieved from /workspaces/meu-projeto-airflow/dags/dag_exemplo.py
[2026-05-01T00:08:21.876+0000] {logging_mixin.py:190} INFO - [2026-05-01T00:08:21.876+0000] {dag.py:3239} INFO - Sync 1 DAGs
[2026-05-01T00:08:21.886+0000] {logging_mixin.py:190} INFO - [2026-05-01T00:08:21.886+0000] {dag.py:4180} INFO - Setting next_dagrun for dag_exemplo to None, run_after=None
[2026-05-01T00:08:21.902+0000] {processor.py:208} INFO - Processing /workspaces/meu-projeto-airflow/dags/dag_exemplo.py took 0.058 seconds
[2026-05-01T00:08:53.110+0000] {processor.py:186} INFO - Started process (PID=95558) to work on /workspaces/meu-projeto-airflow/dags/dag_exemplo.py
[2026-05-01T00:08:53.115+0000] {processor.py:914} INFO - Processing file /workspaces/meu-projeto-airflow/dags/dag_exemplo.py for tasks to queue
[2026-05-01T00:08:53.118+0000] {logging_mixin.py:190} INFO - [2026-05-01T00:08:53.117+0000] {dagbag.py:588} INFO - Filling up the DagBag from /workspaces/meu-projeto-airflow/dags/dag_exemplo.py
[2026-05-01T00:08:53.128+0000] {processor.py:925} INFO - DAG(s) 'dag_exemplo' retrieved from /workspaces/meu-projeto-airflow/dags/dag_exemplo.py
[2026-05-01T00:08:53.148+0000] {logging_mixin.py:190} INFO - [2026-05-01T00:08:53.148+0000] {dag.py:3239} INFO - Sync 1 DAGs
[2026-05-01T00:08:53.165+0000] {logging_mixin.py:190} INFO - [2026-05-01T00:08:53.165+0000] {dag.py:4180} INFO - Setting next_dagrun for dag_exemplo to None, run_after=None
[2026-05-01T00:08:53.328+0000] {processor.py:208} INFO - Processing /workspaces/meu-projeto-airflow/dags/dag_exemplo.py took 0.227 seconds
