[2026-05-01T00:00:20.251+0000] {processor.py:186} INFO - Started process (PID=85125) to work on /workspaces/meu-projeto-airflow/dags/dataset-dag.py
[2026-05-01T00:00:20.251+0000] {processor.py:914} INFO - Processing file /workspaces/meu-projeto-airflow/dags/dataset-dag.py for tasks to queue
[2026-05-01T00:00:20.253+0000] {logging_mixin.py:190} INFO - [2026-05-01T00:00:20.253+0000] {dagbag.py:588} INFO - Filling up the DagBag from /workspaces/meu-projeto-airflow/dags/dataset-dag.py
[2026-05-01T00:00:20.260+0000] {processor.py:925} INFO - DAG(s) 'dataset_dag' retrieved from /workspaces/meu-projeto-airflow/dags/dataset-dag.py
[2026-05-01T00:00:20.276+0000] {logging_mixin.py:190} INFO - [2026-05-01T00:00:20.276+0000] {dag.py:3239} INFO - Sync 1 DAGs
[2026-05-01T00:00:20.286+0000] {logging_mixin.py:190} INFO - [2026-05-01T00:00:20.286+0000] {dag.py:4180} INFO - Setting next_dagrun for dataset_dag to None, run_after=None
[2026-05-01T00:00:20.305+0000] {processor.py:208} INFO - Processing /workspaces/meu-projeto-airflow/dags/dataset-dag.py took 0.060 seconds
[2026-05-01T00:00:51.222+0000] {processor.py:186} INFO - Started process (PID=85788) to work on /workspaces/meu-projeto-airflow/dags/dataset-dag.py
[2026-05-01T00:00:51.223+0000] {processor.py:914} INFO - Processing file /workspaces/meu-projeto-airflow/dags/dataset-dag.py for tasks to queue
[2026-05-01T00:00:51.224+0000] {logging_mixin.py:190} INFO - [2026-05-01T00:00:51.224+0000] {dagbag.py:588} INFO - Filling up the DagBag from /workspaces/meu-projeto-airflow/dags/dataset-dag.py
[2026-05-01T00:00:51.230+0000] {processor.py:925} INFO - DAG(s) 'dataset_dag' retrieved from /workspaces/meu-projeto-airflow/dags/dataset-dag.py
[2026-05-01T00:00:51.249+0000] {logging_mixin.py:190} INFO - [2026-05-01T00:00:51.249+0000] {dag.py:3239} INFO - Sync 1 DAGs
[2026-05-01T00:00:51.263+0000] {logging_mixin.py:190} INFO - [2026-05-01T00:00:51.262+0000] {dag.py:4180} INFO - Setting next_dagrun for dataset_dag to None, run_after=None
[2026-05-01T00:00:51.285+0000] {processor.py:208} INFO - Processing /workspaces/meu-projeto-airflow/dags/dataset-dag.py took 0.068 seconds
[2026-05-01T00:01:22.047+0000] {processor.py:186} INFO - Started process (PID=86411) to work on /workspaces/meu-projeto-airflow/dags/dataset-dag.py
[2026-05-01T00:01:22.048+0000] {processor.py:914} INFO - Processing file /workspaces/meu-projeto-airflow/dags/dataset-dag.py for tasks to queue
[2026-05-01T00:01:22.050+0000] {logging_mixin.py:190} INFO - [2026-05-01T00:01:22.049+0000] {dagbag.py:588} INFO - Filling up the DagBag from /workspaces/meu-projeto-airflow/dags/dataset-dag.py
[2026-05-01T00:01:22.056+0000] {processor.py:925} INFO - DAG(s) 'dataset_dag' retrieved from /workspaces/meu-projeto-airflow/dags/dataset-dag.py
[2026-05-01T00:01:22.073+0000] {logging_mixin.py:190} INFO - [2026-05-01T00:01:22.073+0000] {dag.py:3239} INFO - Sync 1 DAGs
[2026-05-01T00:01:22.086+0000] {logging_mixin.py:190} INFO - [2026-05-01T00:01:22.085+0000] {dag.py:4180} INFO - Setting next_dagrun for dataset_dag to None, run_after=None
[2026-05-01T00:01:22.104+0000] {processor.py:208} INFO - Processing /workspaces/meu-projeto-airflow/dags/dataset-dag.py took 0.063 seconds
[2026-05-01T00:01:52.820+0000] {processor.py:186} INFO - Started process (PID=87009) to work on /workspaces/meu-projeto-airflow/dags/dataset-dag.py
[2026-05-01T00:01:52.820+0000] {processor.py:914} INFO - Processing file /workspaces/meu-projeto-airflow/dags/dataset-dag.py for tasks to queue
[2026-05-01T00:01:52.822+0000] {logging_mixin.py:190} INFO - [2026-05-01T00:01:52.822+0000] {dagbag.py:588} INFO - Filling up the DagBag from /workspaces/meu-projeto-airflow/dags/dataset-dag.py
[2026-05-01T00:01:52.827+0000] {processor.py:925} INFO - DAG(s) 'dataset_dag' retrieved from /workspaces/meu-projeto-airflow/dags/dataset-dag.py
[2026-05-01T00:01:52.842+0000] {logging_mixin.py:190} INFO - [2026-05-01T00:01:52.842+0000] {dag.py:3239} INFO - Sync 1 DAGs
[2026-05-01T00:01:52.857+0000] {logging_mixin.py:190} INFO - [2026-05-01T00:01:52.855+0000] {dag.py:4180} INFO - Setting next_dagrun for dataset_dag to None, run_after=None
[2026-05-01T00:01:52.979+0000] {processor.py:208} INFO - Processing /workspaces/meu-projeto-airflow/dags/dataset-dag.py took 0.164 seconds
[2026-05-01T00:02:23.545+0000] {processor.py:186} INFO - Started process (PID=87656) to work on /workspaces/meu-projeto-airflow/dags/dataset-dag.py
[2026-05-01T00:02:23.546+0000] {processor.py:914} INFO - Processing file /workspaces/meu-projeto-airflow/dags/dataset-dag.py for tasks to queue
[2026-05-01T00:02:23.548+0000] {logging_mixin.py:190} INFO - [2026-05-01T00:02:23.547+0000] {dagbag.py:588} INFO - Filling up the DagBag from /workspaces/meu-projeto-airflow/dags/dataset-dag.py
[2026-05-01T00:02:23.554+0000] {processor.py:925} INFO - DAG(s) 'dataset_dag' retrieved from /workspaces/meu-projeto-airflow/dags/dataset-dag.py
[2026-05-01T00:02:23.572+0000] {logging_mixin.py:190} INFO - [2026-05-01T00:02:23.572+0000] {dag.py:3239} INFO - Sync 1 DAGs
[2026-05-01T00:02:23.581+0000] {logging_mixin.py:190} INFO - [2026-05-01T00:02:23.581+0000] {dag.py:4180} INFO - Setting next_dagrun for dataset_dag to None, run_after=None
[2026-05-01T00:02:23.600+0000] {processor.py:208} INFO - Processing /workspaces/meu-projeto-airflow/dags/dataset-dag.py took 0.060 seconds
[2026-05-01T00:02:54.026+0000] {processor.py:186} INFO - Started process (PID=88315) to work on /workspaces/meu-projeto-airflow/dags/dataset-dag.py
[2026-05-01T00:02:54.027+0000] {processor.py:914} INFO - Processing file /workspaces/meu-projeto-airflow/dags/dataset-dag.py for tasks to queue
[2026-05-01T00:02:54.028+0000] {logging_mixin.py:190} INFO - [2026-05-01T00:02:54.028+0000] {dagbag.py:588} INFO - Filling up the DagBag from /workspaces/meu-projeto-airflow/dags/dataset-dag.py
[2026-05-01T00:02:54.034+0000] {processor.py:925} INFO - DAG(s) 'dataset_dag' retrieved from /workspaces/meu-projeto-airflow/dags/dataset-dag.py
[2026-05-01T00:02:54.049+0000] {logging_mixin.py:190} INFO - [2026-05-01T00:02:54.049+0000] {dag.py:3239} INFO - Sync 1 DAGs
[2026-05-01T00:02:54.063+0000] {logging_mixin.py:190} INFO - [2026-05-01T00:02:54.062+0000] {dag.py:4180} INFO - Setting next_dagrun for dataset_dag to None, run_after=None
[2026-05-01T00:02:54.083+0000] {processor.py:208} INFO - Processing /workspaces/meu-projeto-airflow/dags/dataset-dag.py took 0.062 seconds
[2026-05-01T00:03:24.754+0000] {processor.py:186} INFO - Started process (PID=89017) to work on /workspaces/meu-projeto-airflow/dags/dataset-dag.py
[2026-05-01T00:03:24.754+0000] {processor.py:914} INFO - Processing file /workspaces/meu-projeto-airflow/dags/dataset-dag.py for tasks to queue
[2026-05-01T00:03:24.756+0000] {logging_mixin.py:190} INFO - [2026-05-01T00:03:24.756+0000] {dagbag.py:588} INFO - Filling up the DagBag from /workspaces/meu-projeto-airflow/dags/dataset-dag.py
[2026-05-01T00:03:24.764+0000] {processor.py:925} INFO - DAG(s) 'dataset_dag' retrieved from /workspaces/meu-projeto-airflow/dags/dataset-dag.py
[2026-05-01T00:03:24.779+0000] {logging_mixin.py:190} INFO - [2026-05-01T00:03:24.778+0000] {dag.py:3239} INFO - Sync 1 DAGs
[2026-05-01T00:03:24.788+0000] {logging_mixin.py:190} INFO - [2026-05-01T00:03:24.788+0000] {dag.py:4180} INFO - Setting next_dagrun for dataset_dag to None, run_after=None
[2026-05-01T00:03:24.807+0000] {processor.py:208} INFO - Processing /workspaces/meu-projeto-airflow/dags/dataset-dag.py took 0.060 seconds
[2026-05-01T00:04:01.467+0000] {processor.py:186} INFO - Started process (PID=89739) to work on /workspaces/meu-projeto-airflow/dags/dataset-dag.py
[2026-05-01T00:04:01.467+0000] {processor.py:914} INFO - Processing file /workspaces/meu-projeto-airflow/dags/dataset-dag.py for tasks to queue
[2026-05-01T00:04:01.470+0000] {logging_mixin.py:190} INFO - [2026-05-01T00:04:01.469+0000] {dagbag.py:588} INFO - Filling up the DagBag from /workspaces/meu-projeto-airflow/dags/dataset-dag.py
[2026-05-01T00:04:01.476+0000] {processor.py:925} INFO - DAG(s) 'dataset_dag' retrieved from /workspaces/meu-projeto-airflow/dags/dataset-dag.py
[2026-05-01T00:04:01.491+0000] {logging_mixin.py:190} INFO - [2026-05-01T00:04:01.491+0000] {dag.py:3239} INFO - Sync 1 DAGs
[2026-05-01T00:04:01.501+0000] {logging_mixin.py:190} INFO - [2026-05-01T00:04:01.501+0000] {dag.py:4180} INFO - Setting next_dagrun for dataset_dag to None, run_after=None
[2026-05-01T00:04:01.521+0000] {processor.py:208} INFO - Processing /workspaces/meu-projeto-airflow/dags/dataset-dag.py took 0.060 seconds
[2026-05-01T00:04:36.054+0000] {processor.py:186} INFO - Started process (PID=90457) to work on /workspaces/meu-projeto-airflow/dags/dataset-dag.py
[2026-05-01T00:04:36.055+0000] {processor.py:914} INFO - Processing file /workspaces/meu-projeto-airflow/dags/dataset-dag.py for tasks to queue
[2026-05-01T00:04:36.058+0000] {logging_mixin.py:190} INFO - [2026-05-01T00:04:36.058+0000] {dagbag.py:588} INFO - Filling up the DagBag from /workspaces/meu-projeto-airflow/dags/dataset-dag.py
[2026-05-01T00:04:36.064+0000] {processor.py:925} INFO - DAG(s) 'dataset_dag' retrieved from /workspaces/meu-projeto-airflow/dags/dataset-dag.py
[2026-05-01T00:04:36.081+0000] {logging_mixin.py:190} INFO - [2026-05-01T00:04:36.081+0000] {dag.py:3239} INFO - Sync 1 DAGs
[2026-05-01T00:04:36.091+0000] {logging_mixin.py:190} INFO - [2026-05-01T00:04:36.091+0000] {dag.py:4180} INFO - Setting next_dagrun for dataset_dag to None, run_after=None
[2026-05-01T00:04:36.111+0000] {processor.py:208} INFO - Processing /workspaces/meu-projeto-airflow/dags/dataset-dag.py took 0.063 seconds
[2026-05-01T00:05:07.934+0000] {processor.py:186} INFO - Started process (PID=91094) to work on /workspaces/meu-projeto-airflow/dags/dataset-dag.py
[2026-05-01T00:05:07.935+0000] {processor.py:914} INFO - Processing file /workspaces/meu-projeto-airflow/dags/dataset-dag.py for tasks to queue
[2026-05-01T00:05:07.937+0000] {logging_mixin.py:190} INFO - [2026-05-01T00:05:07.937+0000] {dagbag.py:588} INFO - Filling up the DagBag from /workspaces/meu-projeto-airflow/dags/dataset-dag.py
[2026-05-01T00:05:07.951+0000] {processor.py:925} INFO - DAG(s) 'dataset_dag' retrieved from /workspaces/meu-projeto-airflow/dags/dataset-dag.py
[2026-05-01T00:05:07.999+0000] {logging_mixin.py:190} INFO - [2026-05-01T00:05:07.998+0000] {dag.py:3239} INFO - Sync 1 DAGs
[2026-05-01T00:05:08.015+0000] {logging_mixin.py:190} INFO - [2026-05-01T00:05:08.015+0000] {dag.py:4180} INFO - Setting next_dagrun for dataset_dag to None, run_after=None
[2026-05-01T00:05:08.040+0000] {processor.py:208} INFO - Processing /workspaces/meu-projeto-airflow/dags/dataset-dag.py took 0.122 seconds
[2026-05-01T00:05:38.208+0000] {processor.py:186} INFO - Started process (PID=91694) to work on /workspaces/meu-projeto-airflow/dags/dataset-dag.py
[2026-05-01T00:05:38.208+0000] {processor.py:914} INFO - Processing file /workspaces/meu-projeto-airflow/dags/dataset-dag.py for tasks to queue
[2026-05-01T00:05:38.210+0000] {logging_mixin.py:190} INFO - [2026-05-01T00:05:38.210+0000] {dagbag.py:588} INFO - Filling up the DagBag from /workspaces/meu-projeto-airflow/dags/dataset-dag.py
[2026-05-01T00:05:38.218+0000] {processor.py:925} INFO - DAG(s) 'dataset_dag' retrieved from /workspaces/meu-projeto-airflow/dags/dataset-dag.py
[2026-05-01T00:05:38.273+0000] {logging_mixin.py:190} INFO - [2026-05-01T00:05:38.272+0000] {dag.py:3239} INFO - Sync 1 DAGs
[2026-05-01T00:05:38.293+0000] {logging_mixin.py:190} INFO - [2026-05-01T00:05:38.292+0000] {dag.py:4180} INFO - Setting next_dagrun for dataset_dag to None, run_after=None
[2026-05-01T00:05:38.349+0000] {processor.py:208} INFO - Processing /workspaces/meu-projeto-airflow/dags/dataset-dag.py took 0.147 seconds
[2026-05-01T00:06:12.062+0000] {processor.py:186} INFO - Started process (PID=92351) to work on /workspaces/meu-projeto-airflow/dags/dataset-dag.py
[2026-05-01T00:06:12.063+0000] {processor.py:914} INFO - Processing file /workspaces/meu-projeto-airflow/dags/dataset-dag.py for tasks to queue
[2026-05-01T00:06:12.065+0000] {logging_mixin.py:190} INFO - [2026-05-01T00:06:12.065+0000] {dagbag.py:588} INFO - Filling up the DagBag from /workspaces/meu-projeto-airflow/dags/dataset-dag.py
[2026-05-01T00:06:12.071+0000] {processor.py:925} INFO - DAG(s) 'dataset_dag' retrieved from /workspaces/meu-projeto-airflow/dags/dataset-dag.py
[2026-05-01T00:06:12.090+0000] {logging_mixin.py:190} INFO - [2026-05-01T00:06:12.090+0000] {dag.py:3239} INFO - Sync 1 DAGs
[2026-05-01T00:06:12.100+0000] {logging_mixin.py:190} INFO - [2026-05-01T00:06:12.100+0000] {dag.py:4180} INFO - Setting next_dagrun for dataset_dag to None, run_after=None
[2026-05-01T00:06:12.121+0000] {processor.py:208} INFO - Processing /workspaces/meu-projeto-airflow/dags/dataset-dag.py took 0.065 seconds
[2026-05-01T00:06:46.022+0000] {processor.py:186} INFO - Started process (PID=93003) to work on /workspaces/meu-projeto-airflow/dags/dataset-dag.py
[2026-05-01T00:06:46.023+0000] {processor.py:914} INFO - Processing file /workspaces/meu-projeto-airflow/dags/dataset-dag.py for tasks to queue
[2026-05-01T00:06:46.025+0000] {logging_mixin.py:190} INFO - [2026-05-01T00:06:46.024+0000] {dagbag.py:588} INFO - Filling up the DagBag from /workspaces/meu-projeto-airflow/dags/dataset-dag.py
[2026-05-01T00:06:46.030+0000] {processor.py:925} INFO - DAG(s) 'dataset_dag' retrieved from /workspaces/meu-projeto-airflow/dags/dataset-dag.py
[2026-05-01T00:06:46.045+0000] {logging_mixin.py:190} INFO - [2026-05-01T00:06:46.045+0000] {dag.py:3239} INFO - Sync 1 DAGs
[2026-05-01T00:06:46.058+0000] {logging_mixin.py:190} INFO - [2026-05-01T00:06:46.058+0000] {dag.py:4180} INFO - Setting next_dagrun for dataset_dag to None, run_after=None
[2026-05-01T00:06:46.080+0000] {processor.py:208} INFO - Processing /workspaces/meu-projeto-airflow/dags/dataset-dag.py took 0.062 seconds
[2026-05-01T00:07:16.687+0000] {processor.py:186} INFO - Started process (PID=93586) to work on /workspaces/meu-projeto-airflow/dags/dataset-dag.py
[2026-05-01T00:07:16.687+0000] {processor.py:914} INFO - Processing file /workspaces/meu-projeto-airflow/dags/dataset-dag.py for tasks to queue
[2026-05-01T00:07:16.689+0000] {logging_mixin.py:190} INFO - [2026-05-01T00:07:16.689+0000] {dagbag.py:588} INFO - Filling up the DagBag from /workspaces/meu-projeto-airflow/dags/dataset-dag.py
[2026-05-01T00:07:16.696+0000] {processor.py:925} INFO - DAG(s) 'dataset_dag' retrieved from /workspaces/meu-projeto-airflow/dags/dataset-dag.py
[2026-05-01T00:07:16.711+0000] {logging_mixin.py:190} INFO - [2026-05-01T00:07:16.711+0000] {dag.py:3239} INFO - Sync 1 DAGs
[2026-05-01T00:07:16.722+0000] {logging_mixin.py:190} INFO - [2026-05-01T00:07:16.721+0000] {dag.py:4180} INFO - Setting next_dagrun for dataset_dag to None, run_after=None
[2026-05-01T00:07:16.741+0000] {processor.py:208} INFO - Processing /workspaces/meu-projeto-airflow/dags/dataset-dag.py took 0.059 seconds
[2026-05-01T00:07:47.422+0000] {processor.py:186} INFO - Started process (PID=94207) to work on /workspaces/meu-projeto-airflow/dags/dataset-dag.py
[2026-05-01T00:07:47.423+0000] {processor.py:914} INFO - Processing file /workspaces/meu-projeto-airflow/dags/dataset-dag.py for tasks to queue
[2026-05-01T00:07:47.425+0000] {logging_mixin.py:190} INFO - [2026-05-01T00:07:47.425+0000] {dagbag.py:588} INFO - Filling up the DagBag from /workspaces/meu-projeto-airflow/dags/dataset-dag.py
[2026-05-01T00:07:47.433+0000] {processor.py:925} INFO - DAG(s) 'dataset_dag' retrieved from /workspaces/meu-projeto-airflow/dags/dataset-dag.py
[2026-05-01T00:07:47.456+0000] {logging_mixin.py:190} INFO - [2026-05-01T00:07:47.456+0000] {dag.py:3239} INFO - Sync 1 DAGs
[2026-05-01T00:07:47.471+0000] {logging_mixin.py:190} INFO - [2026-05-01T00:07:47.471+0000] {dag.py:4180} INFO - Setting next_dagrun for dataset_dag to None, run_after=None
[2026-05-01T00:07:47.509+0000] {processor.py:208} INFO - Processing /workspaces/meu-projeto-airflow/dags/dataset-dag.py took 0.094 seconds
[2026-05-01T00:08:18.285+0000] {processor.py:186} INFO - Started process (PID=94827) to work on /workspaces/meu-projeto-airflow/dags/dataset-dag.py
[2026-05-01T00:08:18.285+0000] {processor.py:914} INFO - Processing file /workspaces/meu-projeto-airflow/dags/dataset-dag.py for tasks to queue
[2026-05-01T00:08:18.287+0000] {logging_mixin.py:190} INFO - [2026-05-01T00:08:18.287+0000] {dagbag.py:588} INFO - Filling up the DagBag from /workspaces/meu-projeto-airflow/dags/dataset-dag.py
[2026-05-01T00:08:18.293+0000] {processor.py:925} INFO - DAG(s) 'dataset_dag' retrieved from /workspaces/meu-projeto-airflow/dags/dataset-dag.py
[2026-05-01T00:08:18.310+0000] {logging_mixin.py:190} INFO - [2026-05-01T00:08:18.310+0000] {dag.py:3239} INFO - Sync 1 DAGs
[2026-05-01T00:08:18.320+0000] {logging_mixin.py:190} INFO - [2026-05-01T00:08:18.320+0000] {dag.py:4180} INFO - Setting next_dagrun for dataset_dag to None, run_after=None
[2026-05-01T00:08:18.339+0000] {processor.py:208} INFO - Processing /workspaces/meu-projeto-airflow/dags/dataset-dag.py took 0.059 seconds
[2026-05-01T00:08:48.956+0000] {processor.py:186} INFO - Started process (PID=95430) to work on /workspaces/meu-projeto-airflow/dags/dataset-dag.py
[2026-05-01T00:08:48.957+0000] {processor.py:914} INFO - Processing file /workspaces/meu-projeto-airflow/dags/dataset-dag.py for tasks to queue
[2026-05-01T00:08:48.959+0000] {logging_mixin.py:190} INFO - [2026-05-01T00:08:48.959+0000] {dagbag.py:588} INFO - Filling up the DagBag from /workspaces/meu-projeto-airflow/dags/dataset-dag.py
[2026-05-01T00:08:48.966+0000] {processor.py:925} INFO - DAG(s) 'dataset_dag' retrieved from /workspaces/meu-projeto-airflow/dags/dataset-dag.py
[2026-05-01T00:08:48.983+0000] {logging_mixin.py:190} INFO - [2026-05-01T00:08:48.983+0000] {dag.py:3239} INFO - Sync 1 DAGs
[2026-05-01T00:08:48.993+0000] {logging_mixin.py:190} INFO - [2026-05-01T00:08:48.993+0000] {dag.py:4180} INFO - Setting next_dagrun for dataset_dag to None, run_after=None
[2026-05-01T00:08:49.013+0000] {processor.py:208} INFO - Processing /workspaces/meu-projeto-airflow/dags/dataset-dag.py took 0.064 seconds
