[2026-05-01T00:00:06.028+0000] {processor.py:186} INFO - Started process (PID=84765) to work on /workspaces/meu-projeto-airflow/dags/operator_dag.py
[2026-05-01T00:00:06.028+0000] {processor.py:914} INFO - Processing file /workspaces/meu-projeto-airflow/dags/operator_dag.py for tasks to queue
[2026-05-01T00:00:06.030+0000] {logging_mixin.py:190} INFO - [2026-05-01T00:00:06.030+0000] {dagbag.py:588} INFO - Filling up the DagBag from /workspaces/meu-projeto-airflow/dags/operator_dag.py
[2026-05-01T00:00:06.037+0000] {processor.py:925} INFO - DAG(s) 'operator_dag' retrieved from /workspaces/meu-projeto-airflow/dags/operator_dag.py
[2026-05-01T00:00:06.054+0000] {logging_mixin.py:190} INFO - [2026-05-01T00:00:06.054+0000] {dag.py:3239} INFO - Sync 1 DAGs
[2026-05-01T00:00:06.070+0000] {logging_mixin.py:190} INFO - [2026-05-01T00:00:06.070+0000] {dag.py:4180} INFO - Setting next_dagrun for operator_dag to None, run_after=None
[2026-05-01T00:00:06.090+0000] {processor.py:208} INFO - Processing /workspaces/meu-projeto-airflow/dags/operator_dag.py took 0.067 seconds
[2026-05-01T00:00:37.217+0000] {processor.py:186} INFO - Started process (PID=85476) to work on /workspaces/meu-projeto-airflow/dags/operator_dag.py
[2026-05-01T00:00:37.218+0000] {processor.py:914} INFO - Processing file /workspaces/meu-projeto-airflow/dags/operator_dag.py for tasks to queue
[2026-05-01T00:00:37.221+0000] {logging_mixin.py:190} INFO - [2026-05-01T00:00:37.221+0000] {dagbag.py:588} INFO - Filling up the DagBag from /workspaces/meu-projeto-airflow/dags/operator_dag.py
[2026-05-01T00:00:37.231+0000] {processor.py:925} INFO - DAG(s) 'operator_dag' retrieved from /workspaces/meu-projeto-airflow/dags/operator_dag.py
[2026-05-01T00:00:37.259+0000] {logging_mixin.py:190} INFO - [2026-05-01T00:00:37.259+0000] {dag.py:3239} INFO - Sync 1 DAGs
[2026-05-01T00:00:37.285+0000] {logging_mixin.py:190} INFO - [2026-05-01T00:00:37.285+0000] {dag.py:4180} INFO - Setting next_dagrun for operator_dag to None, run_after=None
[2026-05-01T00:00:37.357+0000] {processor.py:208} INFO - Processing /workspaces/meu-projeto-airflow/dags/operator_dag.py took 0.146 seconds
[2026-05-01T00:01:08.243+0000] {processor.py:186} INFO - Started process (PID=86157) to work on /workspaces/meu-projeto-airflow/dags/operator_dag.py
[2026-05-01T00:01:08.244+0000] {processor.py:914} INFO - Processing file /workspaces/meu-projeto-airflow/dags/operator_dag.py for tasks to queue
[2026-05-01T00:01:08.247+0000] {logging_mixin.py:190} INFO - [2026-05-01T00:01:08.247+0000] {dagbag.py:588} INFO - Filling up the DagBag from /workspaces/meu-projeto-airflow/dags/operator_dag.py
[2026-05-01T00:01:08.257+0000] {processor.py:925} INFO - DAG(s) 'operator_dag' retrieved from /workspaces/meu-projeto-airflow/dags/operator_dag.py
[2026-05-01T00:01:08.293+0000] {logging_mixin.py:190} INFO - [2026-05-01T00:01:08.292+0000] {dag.py:3239} INFO - Sync 1 DAGs
[2026-05-01T00:01:08.305+0000] {logging_mixin.py:190} INFO - [2026-05-01T00:01:08.305+0000] {dag.py:4180} INFO - Setting next_dagrun for operator_dag to None, run_after=None
[2026-05-01T00:01:08.321+0000] {processor.py:208} INFO - Processing /workspaces/meu-projeto-airflow/dags/operator_dag.py took 0.086 seconds
[2026-05-01T00:01:38.999+0000] {processor.py:186} INFO - Started process (PID=86763) to work on /workspaces/meu-projeto-airflow/dags/operator_dag.py
[2026-05-01T00:01:39.000+0000] {processor.py:914} INFO - Processing file /workspaces/meu-projeto-airflow/dags/operator_dag.py for tasks to queue
[2026-05-01T00:01:39.002+0000] {logging_mixin.py:190} INFO - [2026-05-01T00:01:39.001+0000] {dagbag.py:588} INFO - Filling up the DagBag from /workspaces/meu-projeto-airflow/dags/operator_dag.py
[2026-05-01T00:01:39.008+0000] {processor.py:925} INFO - DAG(s) 'operator_dag' retrieved from /workspaces/meu-projeto-airflow/dags/operator_dag.py
[2026-05-01T00:01:39.025+0000] {logging_mixin.py:190} INFO - [2026-05-01T00:01:39.025+0000] {dag.py:3239} INFO - Sync 1 DAGs
[2026-05-01T00:01:39.035+0000] {logging_mixin.py:190} INFO - [2026-05-01T00:01:39.035+0000] {dag.py:4180} INFO - Setting next_dagrun for operator_dag to None, run_after=None
[2026-05-01T00:01:39.053+0000] {processor.py:208} INFO - Processing /workspaces/meu-projeto-airflow/dags/operator_dag.py took 0.058 seconds
[2026-05-01T00:02:10.810+0000] {processor.py:186} INFO - Started process (PID=87360) to work on /workspaces/meu-projeto-airflow/dags/operator_dag.py
[2026-05-01T00:02:10.810+0000] {processor.py:914} INFO - Processing file /workspaces/meu-projeto-airflow/dags/operator_dag.py for tasks to queue
[2026-05-01T00:02:10.812+0000] {logging_mixin.py:190} INFO - [2026-05-01T00:02:10.812+0000] {dagbag.py:588} INFO - Filling up the DagBag from /workspaces/meu-projeto-airflow/dags/operator_dag.py
[2026-05-01T00:02:10.818+0000] {processor.py:925} INFO - DAG(s) 'operator_dag' retrieved from /workspaces/meu-projeto-airflow/dags/operator_dag.py
[2026-05-01T00:02:10.833+0000] {logging_mixin.py:190} INFO - [2026-05-01T00:02:10.833+0000] {dag.py:3239} INFO - Sync 1 DAGs
[2026-05-01T00:02:10.843+0000] {logging_mixin.py:190} INFO - [2026-05-01T00:02:10.842+0000] {dag.py:4180} INFO - Setting next_dagrun for operator_dag to None, run_after=None
[2026-05-01T00:02:10.862+0000] {processor.py:208} INFO - Processing /workspaces/meu-projeto-airflow/dags/operator_dag.py took 0.057 seconds
[2026-05-01T00:02:41.729+0000] {processor.py:186} INFO - Started process (PID=88041) to work on /workspaces/meu-projeto-airflow/dags/operator_dag.py
[2026-05-01T00:02:41.729+0000] {processor.py:914} INFO - Processing file /workspaces/meu-projeto-airflow/dags/operator_dag.py for tasks to queue
[2026-05-01T00:02:41.731+0000] {logging_mixin.py:190} INFO - [2026-05-01T00:02:41.731+0000] {dagbag.py:588} INFO - Filling up the DagBag from /workspaces/meu-projeto-airflow/dags/operator_dag.py
[2026-05-01T00:02:41.742+0000] {processor.py:925} INFO - DAG(s) 'operator_dag' retrieved from /workspaces/meu-projeto-airflow/dags/operator_dag.py
[2026-05-01T00:02:41.804+0000] {logging_mixin.py:190} INFO - [2026-05-01T00:02:41.803+0000] {dag.py:3239} INFO - Sync 1 DAGs
[2026-05-01T00:02:41.825+0000] {logging_mixin.py:190} INFO - [2026-05-01T00:02:41.825+0000] {dag.py:4180} INFO - Setting next_dagrun for operator_dag to None, run_after=None
[2026-05-01T00:02:41.850+0000] {processor.py:208} INFO - Processing /workspaces/meu-projeto-airflow/dags/operator_dag.py took 0.126 seconds
[2026-05-01T00:03:12.514+0000] {processor.py:186} INFO - Started process (PID=88730) to work on /workspaces/meu-projeto-airflow/dags/operator_dag.py
[2026-05-01T00:03:12.514+0000] {processor.py:914} INFO - Processing file /workspaces/meu-projeto-airflow/dags/operator_dag.py for tasks to queue
[2026-05-01T00:03:12.516+0000] {logging_mixin.py:190} INFO - [2026-05-01T00:03:12.515+0000] {dagbag.py:588} INFO - Filling up the DagBag from /workspaces/meu-projeto-airflow/dags/operator_dag.py
[2026-05-01T00:03:12.522+0000] {processor.py:925} INFO - DAG(s) 'operator_dag' retrieved from /workspaces/meu-projeto-airflow/dags/operator_dag.py
[2026-05-01T00:03:12.538+0000] {logging_mixin.py:190} INFO - [2026-05-01T00:03:12.538+0000] {dag.py:3239} INFO - Sync 1 DAGs
[2026-05-01T00:03:12.548+0000] {logging_mixin.py:190} INFO - [2026-05-01T00:03:12.548+0000] {dag.py:4180} INFO - Setting next_dagrun for operator_dag to None, run_after=None
[2026-05-01T00:03:12.567+0000] {processor.py:208} INFO - Processing /workspaces/meu-projeto-airflow/dags/operator_dag.py took 0.058 seconds
[2026-05-01T00:03:53.296+0000] {processor.py:186} INFO - Started process (PID=89618) to work on /workspaces/meu-projeto-airflow/dags/operator_dag.py
[2026-05-01T00:03:53.297+0000] {processor.py:914} INFO - Processing file /workspaces/meu-projeto-airflow/dags/operator_dag.py for tasks to queue
[2026-05-01T00:03:53.300+0000] {logging_mixin.py:190} INFO - [2026-05-01T00:03:53.299+0000] {dagbag.py:588} INFO - Filling up the DagBag from /workspaces/meu-projeto-airflow/dags/operator_dag.py
[2026-05-01T00:03:53.309+0000] {processor.py:925} INFO - DAG(s) 'operator_dag' retrieved from /workspaces/meu-projeto-airflow/dags/operator_dag.py
[2026-05-01T00:03:53.333+0000] {logging_mixin.py:190} INFO - [2026-05-01T00:03:53.333+0000] {dag.py:3239} INFO - Sync 1 DAGs
[2026-05-01T00:03:53.349+0000] {logging_mixin.py:190} INFO - [2026-05-01T00:03:53.349+0000] {dag.py:4180} INFO - Setting next_dagrun for operator_dag to None, run_after=None
[2026-05-01T00:03:53.377+0000] {processor.py:208} INFO - Processing /workspaces/meu-projeto-airflow/dags/operator_dag.py took 0.087 seconds
[2026-05-01T00:04:31.424+0000] {processor.py:186} INFO - Started process (PID=90353) to work on /workspaces/meu-projeto-airflow/dags/operator_dag.py
[2026-05-01T00:04:31.424+0000] {processor.py:914} INFO - Processing file /workspaces/meu-projeto-airflow/dags/operator_dag.py for tasks to queue
[2026-05-01T00:04:31.427+0000] {logging_mixin.py:190} INFO - [2026-05-01T00:04:31.426+0000] {dagbag.py:588} INFO - Filling up the DagBag from /workspaces/meu-projeto-airflow/dags/operator_dag.py
[2026-05-01T00:04:31.433+0000] {processor.py:925} INFO - DAG(s) 'operator_dag' retrieved from /workspaces/meu-projeto-airflow/dags/operator_dag.py
[2026-05-01T00:04:31.448+0000] {logging_mixin.py:190} INFO - [2026-05-01T00:04:31.448+0000] {dag.py:3239} INFO - Sync 1 DAGs
[2026-05-01T00:04:31.462+0000] {logging_mixin.py:190} INFO - [2026-05-01T00:04:31.462+0000] {dag.py:4180} INFO - Setting next_dagrun for operator_dag to None, run_after=None
[2026-05-01T00:04:31.479+0000] {processor.py:208} INFO - Processing /workspaces/meu-projeto-airflow/dags/operator_dag.py took 0.060 seconds
[2026-05-01T00:05:04.451+0000] {processor.py:186} INFO - Started process (PID=91011) to work on /workspaces/meu-projeto-airflow/dags/operator_dag.py
[2026-05-01T00:05:04.452+0000] {processor.py:914} INFO - Processing file /workspaces/meu-projeto-airflow/dags/operator_dag.py for tasks to queue
[2026-05-01T00:05:04.454+0000] {logging_mixin.py:190} INFO - [2026-05-01T00:05:04.454+0000] {dagbag.py:588} INFO - Filling up the DagBag from /workspaces/meu-projeto-airflow/dags/operator_dag.py
[2026-05-01T00:05:04.462+0000] {processor.py:925} INFO - DAG(s) 'operator_dag' retrieved from /workspaces/meu-projeto-airflow/dags/operator_dag.py
[2026-05-01T00:05:04.486+0000] {logging_mixin.py:190} INFO - [2026-05-01T00:05:04.485+0000] {dag.py:3239} INFO - Sync 1 DAGs
[2026-05-01T00:05:04.501+0000] {logging_mixin.py:190} INFO - [2026-05-01T00:05:04.500+0000] {dag.py:4180} INFO - Setting next_dagrun for operator_dag to None, run_after=None
[2026-05-01T00:05:04.525+0000] {processor.py:208} INFO - Processing /workspaces/meu-projeto-airflow/dags/operator_dag.py took 0.080 seconds
[2026-05-01T00:05:35.311+0000] {processor.py:186} INFO - Started process (PID=91622) to work on /workspaces/meu-projeto-airflow/dags/operator_dag.py
[2026-05-01T00:05:35.311+0000] {processor.py:914} INFO - Processing file /workspaces/meu-projeto-airflow/dags/operator_dag.py for tasks to queue
[2026-05-01T00:05:35.313+0000] {logging_mixin.py:190} INFO - [2026-05-01T00:05:35.313+0000] {dagbag.py:588} INFO - Filling up the DagBag from /workspaces/meu-projeto-airflow/dags/operator_dag.py
[2026-05-01T00:05:35.320+0000] {processor.py:925} INFO - DAG(s) 'operator_dag' retrieved from /workspaces/meu-projeto-airflow/dags/operator_dag.py
[2026-05-01T00:05:35.336+0000] {logging_mixin.py:190} INFO - [2026-05-01T00:05:35.335+0000] {dag.py:3239} INFO - Sync 1 DAGs
[2026-05-01T00:05:35.346+0000] {logging_mixin.py:190} INFO - [2026-05-01T00:05:35.346+0000] {dag.py:4180} INFO - Setting next_dagrun for operator_dag to None, run_after=None
[2026-05-01T00:05:35.369+0000] {processor.py:208} INFO - Processing /workspaces/meu-projeto-airflow/dags/operator_dag.py took 0.063 seconds
[2026-05-01T00:06:10.888+0000] {processor.py:186} INFO - Started process (PID=92318) to work on /workspaces/meu-projeto-airflow/dags/operator_dag.py
[2026-05-01T00:06:10.889+0000] {processor.py:914} INFO - Processing file /workspaces/meu-projeto-airflow/dags/operator_dag.py for tasks to queue
[2026-05-01T00:06:10.891+0000] {logging_mixin.py:190} INFO - [2026-05-01T00:06:10.891+0000] {dagbag.py:588} INFO - Filling up the DagBag from /workspaces/meu-projeto-airflow/dags/operator_dag.py
[2026-05-01T00:06:10.897+0000] {processor.py:925} INFO - DAG(s) 'operator_dag' retrieved from /workspaces/meu-projeto-airflow/dags/operator_dag.py
[2026-05-01T00:06:10.918+0000] {logging_mixin.py:190} INFO - [2026-05-01T00:06:10.918+0000] {dag.py:3239} INFO - Sync 1 DAGs
[2026-05-01T00:06:10.934+0000] {logging_mixin.py:190} INFO - [2026-05-01T00:06:10.934+0000] {dag.py:4180} INFO - Setting next_dagrun for operator_dag to None, run_after=None
[2026-05-01T00:06:10.960+0000] {processor.py:208} INFO - Processing /workspaces/meu-projeto-airflow/dags/operator_dag.py took 0.077 seconds
[2026-05-01T00:06:43.373+0000] {processor.py:186} INFO - Started process (PID=92979) to work on /workspaces/meu-projeto-airflow/dags/operator_dag.py
[2026-05-01T00:06:43.374+0000] {processor.py:914} INFO - Processing file /workspaces/meu-projeto-airflow/dags/operator_dag.py for tasks to queue
[2026-05-01T00:06:43.376+0000] {logging_mixin.py:190} INFO - [2026-05-01T00:06:43.375+0000] {dagbag.py:588} INFO - Filling up the DagBag from /workspaces/meu-projeto-airflow/dags/operator_dag.py
[2026-05-01T00:06:43.382+0000] {processor.py:925} INFO - DAG(s) 'operator_dag' retrieved from /workspaces/meu-projeto-airflow/dags/operator_dag.py
[2026-05-01T00:06:43.396+0000] {logging_mixin.py:190} INFO - [2026-05-01T00:06:43.396+0000] {dag.py:3239} INFO - Sync 1 DAGs
[2026-05-01T00:06:43.406+0000] {logging_mixin.py:190} INFO - [2026-05-01T00:06:43.406+0000] {dag.py:4180} INFO - Setting next_dagrun for operator_dag to None, run_after=None
[2026-05-01T00:06:43.421+0000] {processor.py:208} INFO - Processing /workspaces/meu-projeto-airflow/dags/operator_dag.py took 0.052 seconds
[2026-05-01T00:07:14.115+0000] {processor.py:186} INFO - Started process (PID=93575) to work on /workspaces/meu-projeto-airflow/dags/operator_dag.py
[2026-05-01T00:07:14.115+0000] {processor.py:914} INFO - Processing file /workspaces/meu-projeto-airflow/dags/operator_dag.py for tasks to queue
[2026-05-01T00:07:14.117+0000] {logging_mixin.py:190} INFO - [2026-05-01T00:07:14.117+0000] {dagbag.py:588} INFO - Filling up the DagBag from /workspaces/meu-projeto-airflow/dags/operator_dag.py
[2026-05-01T00:07:14.123+0000] {processor.py:925} INFO - DAG(s) 'operator_dag' retrieved from /workspaces/meu-projeto-airflow/dags/operator_dag.py
[2026-05-01T00:07:14.138+0000] {logging_mixin.py:190} INFO - [2026-05-01T00:07:14.137+0000] {dag.py:3239} INFO - Sync 1 DAGs
[2026-05-01T00:07:14.147+0000] {logging_mixin.py:190} INFO - [2026-05-01T00:07:14.147+0000] {dag.py:4180} INFO - Setting next_dagrun for operator_dag to None, run_after=None
[2026-05-01T00:07:14.166+0000] {processor.py:208} INFO - Processing /workspaces/meu-projeto-airflow/dags/operator_dag.py took 0.056 seconds
[2026-05-01T00:07:44.742+0000] {processor.py:186} INFO - Started process (PID=94164) to work on /workspaces/meu-projeto-airflow/dags/operator_dag.py
[2026-05-01T00:07:44.742+0000] {processor.py:914} INFO - Processing file /workspaces/meu-projeto-airflow/dags/operator_dag.py for tasks to queue
[2026-05-01T00:07:44.744+0000] {logging_mixin.py:190} INFO - [2026-05-01T00:07:44.743+0000] {dagbag.py:588} INFO - Filling up the DagBag from /workspaces/meu-projeto-airflow/dags/operator_dag.py
[2026-05-01T00:07:44.752+0000] {processor.py:925} INFO - DAG(s) 'operator_dag' retrieved from /workspaces/meu-projeto-airflow/dags/operator_dag.py
[2026-05-01T00:07:44.769+0000] {logging_mixin.py:190} INFO - [2026-05-01T00:07:44.769+0000] {dag.py:3239} INFO - Sync 1 DAGs
[2026-05-01T00:07:44.780+0000] {logging_mixin.py:190} INFO - [2026-05-01T00:07:44.779+0000] {dag.py:4180} INFO - Setting next_dagrun for operator_dag to None, run_after=None
[2026-05-01T00:07:44.795+0000] {processor.py:208} INFO - Processing /workspaces/meu-projeto-airflow/dags/operator_dag.py took 0.060 seconds
[2026-05-01T00:08:15.581+0000] {processor.py:186} INFO - Started process (PID=94755) to work on /workspaces/meu-projeto-airflow/dags/operator_dag.py
[2026-05-01T00:08:15.581+0000] {processor.py:914} INFO - Processing file /workspaces/meu-projeto-airflow/dags/operator_dag.py for tasks to queue
[2026-05-01T00:08:15.583+0000] {logging_mixin.py:190} INFO - [2026-05-01T00:08:15.583+0000] {dagbag.py:588} INFO - Filling up the DagBag from /workspaces/meu-projeto-airflow/dags/operator_dag.py
[2026-05-01T00:08:15.589+0000] {processor.py:925} INFO - DAG(s) 'operator_dag' retrieved from /workspaces/meu-projeto-airflow/dags/operator_dag.py
[2026-05-01T00:08:15.604+0000] {logging_mixin.py:190} INFO - [2026-05-01T00:08:15.604+0000] {dag.py:3239} INFO - Sync 1 DAGs
[2026-05-01T00:08:15.614+0000] {logging_mixin.py:190} INFO - [2026-05-01T00:08:15.614+0000] {dag.py:4180} INFO - Setting next_dagrun for operator_dag to None, run_after=None
[2026-05-01T00:08:15.636+0000] {processor.py:208} INFO - Processing /workspaces/meu-projeto-airflow/dags/operator_dag.py took 0.060 seconds
[2026-05-01T00:08:46.235+0000] {processor.py:186} INFO - Started process (PID=95340) to work on /workspaces/meu-projeto-airflow/dags/operator_dag.py
[2026-05-01T00:08:46.236+0000] {processor.py:914} INFO - Processing file /workspaces/meu-projeto-airflow/dags/operator_dag.py for tasks to queue
[2026-05-01T00:08:46.237+0000] {logging_mixin.py:190} INFO - [2026-05-01T00:08:46.237+0000] {dagbag.py:588} INFO - Filling up the DagBag from /workspaces/meu-projeto-airflow/dags/operator_dag.py
[2026-05-01T00:08:46.244+0000] {processor.py:925} INFO - DAG(s) 'operator_dag' retrieved from /workspaces/meu-projeto-airflow/dags/operator_dag.py
[2026-05-01T00:08:46.263+0000] {logging_mixin.py:190} INFO - [2026-05-01T00:08:46.262+0000] {dag.py:3239} INFO - Sync 1 DAGs
[2026-05-01T00:08:46.273+0000] {logging_mixin.py:190} INFO - [2026-05-01T00:08:46.273+0000] {dag.py:4180} INFO - Setting next_dagrun for operator_dag to None, run_after=None
[2026-05-01T00:08:46.289+0000] {processor.py:208} INFO - Processing /workspaces/meu-projeto-airflow/dags/operator_dag.py took 0.058 seconds
