[2026-04-10T15:33:26.568+0000] {local_task_job_runner.py:123} INFO - ::group::Pre task execution logs
[2026-04-10T15:33:26.576+0000] {taskinstance.py:2612} INFO - Dependencies all met for dep_context=non-requeueable deps ti=<TaskInstance: dag_exemplo.gera_arquivo manual__2026-04-10T15:33:22.833037+00:00 [queued]>
[2026-04-10T15:33:26.580+0000] {taskinstance.py:2612} INFO - Dependencies all met for dep_context=requeueable deps ti=<TaskInstance: dag_exemplo.gera_arquivo manual__2026-04-10T15:33:22.833037+00:00 [queued]>
[2026-04-10T15:33:26.580+0000] {taskinstance.py:2865} INFO - Starting attempt 1 of 1
[2026-04-10T15:33:26.591+0000] {taskinstance.py:2888} INFO - Executing <Task(PythonOperator): gera_arquivo> on 2026-04-10 15:33:22.833037+00:00
[2026-04-10T15:33:26.596+0000] {standard_task_runner.py:72} INFO - Started process 127288 to run task
[2026-04-10T15:33:26.598+0000] {standard_task_runner.py:104} INFO - Running: ['airflow', 'tasks', 'run', 'dag_exemplo', 'gera_arquivo', 'manual__2026-04-10T15:33:22.833037+00:00', '--job-id', '3', '--raw', '--subdir', 'DAGS_FOLDER/dag_exemplo.py', '--cfg-path', '/tmp/tmpi7nzzo7j']
[2026-04-10T15:33:26.599+0000] {standard_task_runner.py:105} INFO - Job 3: Subtask gera_arquivo
[2026-04-10T15:33:26.626+0000] {task_command.py:467} INFO - Running <TaskInstance: dag_exemplo.gera_arquivo manual__2026-04-10T15:33:22.833037+00:00 [running]> on host codespaces-1f1e00
[2026-04-10T15:33:26.678+0000] {taskinstance.py:3131} INFO - Exporting env vars: AIRFLOW_CTX_DAG_OWNER='airflow' AIRFLOW_CTX_DAG_ID='dag_exemplo' AIRFLOW_CTX_TASK_ID='gera_arquivo' AIRFLOW_CTX_EXECUTION_DATE='2026-04-10T15:33:22.833037+00:00' AIRFLOW_CTX_TRY_NUMBER='1' AIRFLOW_CTX_DAG_RUN_ID='manual__2026-04-10T15:33:22.833037+00:00'
[2026-04-10T15:33:26.679+0000] {logging_mixin.py:190} INFO - Task instance is in running state
[2026-04-10T15:33:26.679+0000] {logging_mixin.py:190} INFO -  Previous state of the Task instance: queued
[2026-04-10T15:33:26.679+0000] {logging_mixin.py:190} INFO - Current task name:gera_arquivo state:running start_date:2026-04-10 15:33:26.576598+00:00
[2026-04-10T15:33:26.679+0000] {logging_mixin.py:190} INFO - Dag name:dag_exemplo and current dag run status:running
[2026-04-10T15:33:26.680+0000] {taskinstance.py:731} INFO - ::endgroup::
[2026-04-10T15:33:26.680+0000] {taskinstance.py:3310} ERROR - Task failed with exception
Traceback (most recent call last):
  File "/usr/local/python/3.12.1/lib/python3.12/site-packages/airflow/models/taskinstance.py", line 767, in _execute_task
    result = _execute_callable(context=context, **execute_callable_kwargs)
             ^^^^^^^^^^^^^^^^^^^^^^^^^^^^^^^^^^^^^^^^^^^^^^^^^^^^^^^^^^^^^
  File "/usr/local/python/3.12.1/lib/python3.12/site-packages/airflow/models/taskinstance.py", line 733, in _execute_callable
    return ExecutionCallableRunner(
           ^^^^^^^^^^^^^^^^^^^^^^^^
  File "/usr/local/python/3.12.1/lib/python3.12/site-packages/airflow/utils/operator_helpers.py", line 252, in run
    return self.func(*args, **kwargs)
           ^^^^^^^^^^^^^^^^^^^^^^^^^^
  File "/usr/local/python/3.12.1/lib/python3.12/site-packages/airflow/models/baseoperator.py", line 406, in wrapper
    return func(self, *args, **kwargs)
           ^^^^^^^^^^^^^^^^^^^^^^^^^^^
  File "/usr/local/python/3.12.1/lib/python3.12/site-packages/airflow/operators/python.py", line 238, in execute
    return_value = self.execute_callable()
                   ^^^^^^^^^^^^^^^^^^^^^^^
  File "/usr/local/python/3.12.1/lib/python3.12/site-packages/airflow/operators/python.py", line 256, in execute_callable
    return runner.run(*self.op_args, **self.op_kwargs)
           ^^^^^^^^^^^^^^^^^^^^^^^^^^^^^^^^^^^^^^^^^^^
  File "/usr/local/python/3.12.1/lib/python3.12/site-packages/airflow/utils/operator_helpers.py", line 252, in run
    return self.func(*args, **kwargs)
           ^^^^^^^^^^^^^^^^^^^^^^^^^^
  File "/workspaces/meu-projeto-airflow/dags/dag_exemplo.py", line 8, in gera_arquivo
    with open(AIRFLOW_HOME + '/data/arquivo.txt', 'wb') as f:
         ^^^^^^^^^^^^^^^^^^^^^^^^^^^^^^^^^^^^^^^^^^^^^^
FileNotFoundError: [Errno 2] No such file or directory: '/workspaces/meu-projeto-airflow/data/arquivo.txt'
[2026-04-10T15:33:26.688+0000] {logging_mixin.py:190} INFO - Task instance in failure state
[2026-04-10T15:33:26.688+0000] {logging_mixin.py:190} INFO - Task start:2026-04-10 15:33:26.576598+00:00 end:2026-04-10 15:33:26.687681+00:00 duration:0.111083
[2026-04-10T15:33:26.688+0000] {logging_mixin.py:190} INFO - Task:<Task(PythonOperator): gera_arquivo> dag:<DAG: dag_exemplo> dagrun:<DagRun dag_exemplo @ 2026-04-10 15:33:22.833037+00:00: manual__2026-04-10T15:33:22.833037+00:00, state:running, queued_at: 2026-04-10 15:33:22.844692+00:00. externally triggered: True>
[2026-04-10T15:33:26.688+0000] {logging_mixin.py:190} INFO - Failure caused by [Errno 2] No such file or directory: '/workspaces/meu-projeto-airflow/data/arquivo.txt'
[2026-04-10T15:33:26.688+0000] {taskinstance.py:1225} INFO - Marking task as FAILED. dag_id=dag_exemplo, task_id=gera_arquivo, run_id=manual__2026-04-10T15:33:22.833037+00:00, execution_date=20260410T153322, start_date=20260410T153326, end_date=20260410T153326
[2026-04-10T15:33:26.699+0000] {taskinstance.py:340} INFO - ::group::Post task execution logs
[2026-04-10T15:33:26.699+0000] {standard_task_runner.py:124} ERROR - Failed to execute job 3 for task gera_arquivo ([Errno 2] No such file or directory: '/workspaces/meu-projeto-airflow/data/arquivo.txt'; 127288)
Traceback (most recent call last):
  File "/usr/local/python/3.12.1/lib/python3.12/site-packages/airflow/task/task_runner/standard_task_runner.py", line 117, in _start_by_fork
    ret = args.func(args, dag=self.dag)
          ^^^^^^^^^^^^^^^^^^^^^^^^^^^^^
  File "/usr/local/python/3.12.1/lib/python3.12/site-packages/airflow/cli/cli_config.py", line 49, in command
    return func(*args, **kwargs)
           ^^^^^^^^^^^^^^^^^^^^^
  File "/usr/local/python/3.12.1/lib/python3.12/site-packages/airflow/utils/cli.py", line 115, in wrapper
    return f(*args, **kwargs)
           ^^^^^^^^^^^^^^^^^^
  File "/usr/local/python/3.12.1/lib/python3.12/site-packages/airflow/cli/commands/task_command.py", line 483, in task_run
    task_return_code = _run_task_by_selected_method(args, _dag, ti)
                       ^^^^^^^^^^^^^^^^^^^^^^^^^^^^^^^^^^^^^^^^^^^^
  File "/usr/local/python/3.12.1/lib/python3.12/site-packages/airflow/cli/commands/task_command.py", line 256, in _run_task_by_selected_method
    return _run_raw_task(args, ti)
           ^^^^^^^^^^^^^^^^^^^^^^^
  File "/usr/local/python/3.12.1/lib/python3.12/site-packages/airflow/cli/commands/task_command.py", line 341, in _run_raw_task
    return ti._run_raw_task(
           ^^^^^^^^^^^^^^^^^
  File "/usr/local/python/3.12.1/lib/python3.12/site-packages/airflow/utils/session.py", line 97, in wrapper
    return func(*args, session=session, **kwargs)
           ^^^^^^^^^^^^^^^^^^^^^^^^^^^^^^^^^^^^^^
  File "/usr/local/python/3.12.1/lib/python3.12/site-packages/airflow/models/taskinstance.py", line 3004, in _run_raw_task
    return _run_raw_task(
           ^^^^^^^^^^^^^^
  File "/usr/local/python/3.12.1/lib/python3.12/site-packages/airflow/models/taskinstance.py", line 273, in _run_raw_task
    TaskInstance._execute_task_with_callbacks(
  File "/usr/local/python/3.12.1/lib/python3.12/site-packages/airflow/models/taskinstance.py", line 3158, in _execute_task_with_callbacks
    result = self._execute_task(context, task_orig)
             ^^^^^^^^^^^^^^^^^^^^^^^^^^^^^^^^^^^^^^
  File "/usr/local/python/3.12.1/lib/python3.12/site-packages/airflow/models/taskinstance.py", line 3182, in _execute_task
    return _execute_task(self, context, task_orig)
           ^^^^^^^^^^^^^^^^^^^^^^^^^^^^^^^^^^^^^^^
  File "/usr/local/python/3.12.1/lib/python3.12/site-packages/airflow/models/taskinstance.py", line 767, in _execute_task
    result = _execute_callable(context=context, **execute_callable_kwargs)
             ^^^^^^^^^^^^^^^^^^^^^^^^^^^^^^^^^^^^^^^^^^^^^^^^^^^^^^^^^^^^^
  File "/usr/local/python/3.12.1/lib/python3.12/site-packages/airflow/models/taskinstance.py", line 733, in _execute_callable
    return ExecutionCallableRunner(
           ^^^^^^^^^^^^^^^^^^^^^^^^
  File "/usr/local/python/3.12.1/lib/python3.12/site-packages/airflow/utils/operator_helpers.py", line 252, in run
    return self.func(*args, **kwargs)
           ^^^^^^^^^^^^^^^^^^^^^^^^^^
  File "/usr/local/python/3.12.1/lib/python3.12/site-packages/airflow/models/baseoperator.py", line 406, in wrapper
    return func(self, *args, **kwargs)
           ^^^^^^^^^^^^^^^^^^^^^^^^^^^
  File "/usr/local/python/3.12.1/lib/python3.12/site-packages/airflow/operators/python.py", line 238, in execute
    return_value = self.execute_callable()
                   ^^^^^^^^^^^^^^^^^^^^^^^
  File "/usr/local/python/3.12.1/lib/python3.12/site-packages/airflow/operators/python.py", line 256, in execute_callable
    return runner.run(*self.op_args, **self.op_kwargs)
           ^^^^^^^^^^^^^^^^^^^^^^^^^^^^^^^^^^^^^^^^^^^
  File "/usr/local/python/3.12.1/lib/python3.12/site-packages/airflow/utils/operator_helpers.py", line 252, in run
    return self.func(*args, **kwargs)
           ^^^^^^^^^^^^^^^^^^^^^^^^^^
  File "/workspaces/meu-projeto-airflow/dags/dag_exemplo.py", line 8, in gera_arquivo
    with open(AIRFLOW_HOME + '/data/arquivo.txt', 'wb') as f:
         ^^^^^^^^^^^^^^^^^^^^^^^^^^^^^^^^^^^^^^^^^^^^^^
FileNotFoundError: [Errno 2] No such file or directory: '/workspaces/meu-projeto-airflow/data/arquivo.txt'
[2026-04-10T15:33:26.732+0000] {local_task_job_runner.py:266} INFO - Task exited with return code 1
[2026-04-10T15:33:26.745+0000] {taskinstance.py:3900} INFO - 0 downstream tasks scheduled from follow-on schedule check
[2026-04-10T15:33:26.750+0000] {local_task_job_runner.py:245} INFO - ::endgroup::
