[2026-04-20T00:56:06.390+0000] {local_task_job_runner.py:123} INFO - ::group::Pre task execution logs
[2026-04-20T00:56:06.398+0000] {taskinstance.py:2612} INFO - Dependencies all met for dep_context=non-requeueable deps ti=<TaskInstance: dataset_dag.write_characters manual__2026-04-20T00:56:02.496220+00:00 [queued]>
[2026-04-20T00:56:06.402+0000] {taskinstance.py:2612} INFO - Dependencies all met for dep_context=requeueable deps ti=<TaskInstance: dataset_dag.write_characters manual__2026-04-20T00:56:02.496220+00:00 [queued]>
[2026-04-20T00:56:06.403+0000] {taskinstance.py:2865} INFO - Starting attempt 1 of 1
[2026-04-20T00:56:06.414+0000] {taskinstance.py:2888} INFO - Executing <Task(PythonOperator): write_characters> on 2026-04-20 00:56:02.496220+00:00
[2026-04-20T00:56:06.418+0000] {standard_task_runner.py:72} INFO - Started process 21654 to run task
[2026-04-20T00:56:06.421+0000] {standard_task_runner.py:104} INFO - Running: ['airflow', 'tasks', 'run', 'dataset_dag', 'write_characters', 'manual__2026-04-20T00:56:02.496220+00:00', '--job-id', '123', '--raw', '--subdir', 'DAGS_FOLDER/dataset-dag.py', '--cfg-path', '/tmp/tmpkc0c8li1']
[2026-04-20T00:56:06.422+0000] {standard_task_runner.py:105} INFO - Job 123: Subtask write_characters
[2026-04-20T00:56:06.451+0000] {task_command.py:467} INFO - Running <TaskInstance: dataset_dag.write_characters manual__2026-04-20T00:56:02.496220+00:00 [running]> on host codespaces-1f1e00
[2026-04-20T00:56:06.508+0000] {taskinstance.py:3131} INFO - Exporting env vars: AIRFLOW_CTX_DAG_OWNER='airflow' AIRFLOW_CTX_DAG_ID='dataset_dag' AIRFLOW_CTX_TASK_ID='write_characters' AIRFLOW_CTX_EXECUTION_DATE='2026-04-20T00:56:02.496220+00:00' AIRFLOW_CTX_TRY_NUMBER='1' AIRFLOW_CTX_DAG_RUN_ID='manual__2026-04-20T00:56:02.496220+00:00'
[2026-04-20T00:56:06.509+0000] {logging_mixin.py:190} INFO - Task instance is in running state
[2026-04-20T00:56:06.509+0000] {logging_mixin.py:190} INFO -  Previous state of the Task instance: queued
[2026-04-20T00:56:06.509+0000] {logging_mixin.py:190} INFO - Current task name:write_characters state:running start_date:2026-04-20 00:56:06.398986+00:00
[2026-04-20T00:56:06.509+0000] {logging_mixin.py:190} INFO - Dag name:dataset_dag and current dag run status:running
[2026-04-20T00:56:06.510+0000] {taskinstance.py:731} INFO - ::endgroup::
[2026-04-20T00:56:06.510+0000] {postgres.py:191} INFO - Running copy expert: COPY (SELECT * FROM characters WHERE characters_race = 'Fox') TO stdout WITH CSV HEADER, filename: /workspaces/meu-projeto-airflow/data/characters.csv
[2026-04-20T00:56:06.514+0000] {base.py:84} INFO - Retrieving connection 'postgres_default'
[2026-04-20T00:56:06.527+0000] {taskinstance.py:3310} ERROR - Task failed with exception
Traceback (most recent call last):
  File "/usr/local/python/3.12.1/lib/python3.12/site-packages/airflow/models/taskinstance.py", line 767, in _execute_task
    result = _execute_callable(context=context, **execute_callable_kwargs)
             ^^^^^^^^^^^^^^^^^^^^^^^^^^^^^^^^^^^^^^^^^^^^^^^^^^^^^^^^^^^^^
  File "/usr/local/python/3.12.1/lib/python3.12/site-packages/airflow/models/taskinstance.py", line 733, in _execute_callable
    return ExecutionCallableRunner(
           ^^^^^^^^^^^^^^^^^^^^^^^^
  File "/usr/local/python/3.12.1/lib/python3.12/site-packages/airflow/utils/operator_helpers.py", line 252, in run
    return self.func(*args, **kwargs)
           ^^^^^^^^^^^^^^^^^^^^^^^^^^
  File "/usr/local/python/3.12.1/lib/python3.12/site-packages/airflow/models/baseoperator.py", line 406, in wrapper
    return func(self, *args, **kwargs)
           ^^^^^^^^^^^^^^^^^^^^^^^^^^^
  File "/usr/local/python/3.12.1/lib/python3.12/site-packages/airflow/operators/python.py", line 238, in execute
    return_value = self.execute_callable()
                   ^^^^^^^^^^^^^^^^^^^^^^^
  File "/usr/local/python/3.12.1/lib/python3.12/site-packages/airflow/operators/python.py", line 256, in execute_callable
    return runner.run(*self.op_args, **self.op_kwargs)
           ^^^^^^^^^^^^^^^^^^^^^^^^^^^^^^^^^^^^^^^^^^^
  File "/usr/local/python/3.12.1/lib/python3.12/site-packages/airflow/utils/operator_helpers.py", line 252, in run
    return self.func(*args, **kwargs)
           ^^^^^^^^^^^^^^^^^^^^^^^^^^
  File "/workspaces/meu-projeto-airflow/dags/dataset-dag.py", line 17, in read_characters
    pghook.copy_expert(
  File "/usr/local/python/3.12.1/lib/python3.12/site-packages/airflow/providers/postgres/hooks/postgres.py", line 197, in copy_expert
    cur.copy_expert(sql, file)
psycopg2.errors.UndefinedColumn: column "characters_race" does not exist
LINE 1: COPY (SELECT * FROM characters WHERE characters_race = 'Fox'...
                                             ^

[2026-04-20T00:56:06.532+0000] {logging_mixin.py:190} INFO - Task instance in failure state
[2026-04-20T00:56:06.532+0000] {logging_mixin.py:190} INFO - Task start:2026-04-20 00:56:06.398986+00:00 end:2026-04-20 00:56:06.532000+00:00 duration:0.133014
[2026-04-20T00:56:06.532+0000] {logging_mixin.py:190} INFO - Task:<Task(PythonOperator): write_characters> dag:<DAG: dataset_dag> dagrun:<DagRun dataset_dag @ 2026-04-20 00:56:02.496220+00:00: manual__2026-04-20T00:56:02.496220+00:00, state:running, queued_at: 2026-04-20 00:56:02.506024+00:00. externally triggered: True>
[2026-04-20T00:56:06.533+0000] {logging_mixin.py:190} INFO - Failure caused by column "characters_race" does not exist
LINE 1: COPY (SELECT * FROM characters WHERE characters_race = 'Fox'...
                                             ^
[2026-04-20T00:56:06.533+0000] {taskinstance.py:1225} INFO - Marking task as FAILED. dag_id=dataset_dag, task_id=write_characters, run_id=manual__2026-04-20T00:56:02.496220+00:00, execution_date=20260420T005602, start_date=20260420T005606, end_date=20260420T005606
[2026-04-20T00:56:06.545+0000] {taskinstance.py:340} INFO - ::group::Post task execution logs
[2026-04-20T00:56:06.545+0000] {standard_task_runner.py:124} ERROR - Failed to execute job 123 for task write_characters (column "characters_race" does not exist
LINE 1: COPY (SELECT * FROM characters WHERE characters_race = 'Fox'...
                                             ^
; 21654)
Traceback (most recent call last):
  File "/usr/local/python/3.12.1/lib/python3.12/site-packages/airflow/task/task_runner/standard_task_runner.py", line 117, in _start_by_fork
    ret = args.func(args, dag=self.dag)
          ^^^^^^^^^^^^^^^^^^^^^^^^^^^^^
  File "/usr/local/python/3.12.1/lib/python3.12/site-packages/airflow/cli/cli_config.py", line 49, in command
    return func(*args, **kwargs)
           ^^^^^^^^^^^^^^^^^^^^^
  File "/usr/local/python/3.12.1/lib/python3.12/site-packages/airflow/utils/cli.py", line 115, in wrapper
    return f(*args, **kwargs)
           ^^^^^^^^^^^^^^^^^^
  File "/usr/local/python/3.12.1/lib/python3.12/site-packages/airflow/cli/commands/task_command.py", line 483, in task_run
    task_return_code = _run_task_by_selected_method(args, _dag, ti)
                       ^^^^^^^^^^^^^^^^^^^^^^^^^^^^^^^^^^^^^^^^^^^^
  File "/usr/local/python/3.12.1/lib/python3.12/site-packages/airflow/cli/commands/task_command.py", line 256, in _run_task_by_selected_method
    return _run_raw_task(args, ti)
           ^^^^^^^^^^^^^^^^^^^^^^^
  File "/usr/local/python/3.12.1/lib/python3.12/site-packages/airflow/cli/commands/task_command.py", line 341, in _run_raw_task
    return ti._run_raw_task(
           ^^^^^^^^^^^^^^^^^
  File "/usr/local/python/3.12.1/lib/python3.12/site-packages/airflow/utils/session.py", line 97, in wrapper
    return func(*args, session=session, **kwargs)
           ^^^^^^^^^^^^^^^^^^^^^^^^^^^^^^^^^^^^^^
  File "/usr/local/python/3.12.1/lib/python3.12/site-packages/airflow/models/taskinstance.py", line 3004, in _run_raw_task
    return _run_raw_task(
           ^^^^^^^^^^^^^^
  File "/usr/local/python/3.12.1/lib/python3.12/site-packages/airflow/models/taskinstance.py", line 273, in _run_raw_task
    TaskInstance._execute_task_with_callbacks(
  File "/usr/local/python/3.12.1/lib/python3.12/site-packages/airflow/models/taskinstance.py", line 3158, in _execute_task_with_callbacks
    result = self._execute_task(context, task_orig)
             ^^^^^^^^^^^^^^^^^^^^^^^^^^^^^^^^^^^^^^
  File "/usr/local/python/3.12.1/lib/python3.12/site-packages/airflow/models/taskinstance.py", line 3182, in _execute_task
    return _execute_task(self, context, task_orig)
           ^^^^^^^^^^^^^^^^^^^^^^^^^^^^^^^^^^^^^^^
  File "/usr/local/python/3.12.1/lib/python3.12/site-packages/airflow/models/taskinstance.py", line 767, in _execute_task
    result = _execute_callable(context=context, **execute_callable_kwargs)
             ^^^^^^^^^^^^^^^^^^^^^^^^^^^^^^^^^^^^^^^^^^^^^^^^^^^^^^^^^^^^^
  File "/usr/local/python/3.12.1/lib/python3.12/site-packages/airflow/models/taskinstance.py", line 733, in _execute_callable
    return ExecutionCallableRunner(
           ^^^^^^^^^^^^^^^^^^^^^^^^
  File "/usr/local/python/3.12.1/lib/python3.12/site-packages/airflow/utils/operator_helpers.py", line 252, in run
    return self.func(*args, **kwargs)
           ^^^^^^^^^^^^^^^^^^^^^^^^^^
  File "/usr/local/python/3.12.1/lib/python3.12/site-packages/airflow/models/baseoperator.py", line 406, in wrapper
    return func(self, *args, **kwargs)
           ^^^^^^^^^^^^^^^^^^^^^^^^^^^
  File "/usr/local/python/3.12.1/lib/python3.12/site-packages/airflow/operators/python.py", line 238, in execute
    return_value = self.execute_callable()
                   ^^^^^^^^^^^^^^^^^^^^^^^
  File "/usr/local/python/3.12.1/lib/python3.12/site-packages/airflow/operators/python.py", line 256, in execute_callable
    return runner.run(*self.op_args, **self.op_kwargs)
           ^^^^^^^^^^^^^^^^^^^^^^^^^^^^^^^^^^^^^^^^^^^
  File "/usr/local/python/3.12.1/lib/python3.12/site-packages/airflow/utils/operator_helpers.py", line 252, in run
    return self.func(*args, **kwargs)
           ^^^^^^^^^^^^^^^^^^^^^^^^^^
  File "/workspaces/meu-projeto-airflow/dags/dataset-dag.py", line 17, in read_characters
    pghook.copy_expert(
  File "/usr/local/python/3.12.1/lib/python3.12/site-packages/airflow/providers/postgres/hooks/postgres.py", line 197, in copy_expert
    cur.copy_expert(sql, file)
psycopg2.errors.UndefinedColumn: column "characters_race" does not exist
LINE 1: COPY (SELECT * FROM characters WHERE characters_race = 'Fox'...
                                             ^

[2026-04-20T00:56:06.555+0000] {local_task_job_runner.py:266} INFO - Task exited with return code 1
[2026-04-20T00:56:06.564+0000] {taskinstance.py:3900} INFO - 0 downstream tasks scheduled from follow-on schedule check
[2026-04-20T00:56:06.565+0000] {local_task_job_runner.py:245} INFO - ::endgroup::
