[2026-04-10T15:20:03.819+0000] {processor.py:186} INFO - Started process (PID=118052) to work on /usr/local/python/3.12.1/lib/python3.12/site-packages/airflow/example_dags/example_params_ui_tutorial.py
[2026-04-10T15:20:03.820+0000] {processor.py:914} INFO - Processing file /usr/local/python/3.12.1/lib/python3.12/site-packages/airflow/example_dags/example_params_ui_tutorial.py for tasks to queue
[2026-04-10T15:20:03.822+0000] {logging_mixin.py:190} INFO - [2026-04-10T15:20:03.822+0000] {dagbag.py:588} INFO - Filling up the DagBag from /usr/local/python/3.12.1/lib/python3.12/site-packages/airflow/example_dags/example_params_ui_tutorial.py
[2026-04-10T15:20:03.835+0000] {processor.py:925} INFO - DAG(s) 'example_params_ui_tutorial' retrieved from /usr/local/python/3.12.1/lib/python3.12/site-packages/airflow/example_dags/example_params_ui_tutorial.py
[2026-04-10T15:20:03.985+0000] {logging_mixin.py:190} INFO - [2026-04-10T15:20:03.985+0000] {override.py:1900} INFO - Created Permission View: can edit on DAG:example_params_ui_tutorial
[2026-04-10T15:20:03.997+0000] {logging_mixin.py:190} INFO - [2026-04-10T15:20:03.996+0000] {override.py:1900} INFO - Created Permission View: can delete on DAG:example_params_ui_tutorial
[2026-04-10T15:20:04.005+0000] {logging_mixin.py:190} INFO - [2026-04-10T15:20:04.005+0000] {override.py:1900} INFO - Created Permission View: can read on DAG:example_params_ui_tutorial
[2026-04-10T15:20:04.018+0000] {logging_mixin.py:190} INFO - [2026-04-10T15:20:04.018+0000] {override.py:1900} INFO - Created Permission View: menu access on DAG Run:example_params_ui_tutorial
[2026-04-10T15:20:04.026+0000] {logging_mixin.py:190} INFO - [2026-04-10T15:20:04.025+0000] {override.py:1900} INFO - Created Permission View: can create on DAG Run:example_params_ui_tutorial
[2026-04-10T15:20:04.033+0000] {logging_mixin.py:190} INFO - [2026-04-10T15:20:04.033+0000] {override.py:1900} INFO - Created Permission View: can delete on DAG Run:example_params_ui_tutorial
[2026-04-10T15:20:04.041+0000] {logging_mixin.py:190} INFO - [2026-04-10T15:20:04.040+0000] {override.py:1900} INFO - Created Permission View: can read on DAG Run:example_params_ui_tutorial
[2026-04-10T15:20:04.041+0000] {logging_mixin.py:190} INFO - [2026-04-10T15:20:04.041+0000] {dag.py:3239} INFO - Sync 1 DAGs
[2026-04-10T15:20:04.052+0000] {logging_mixin.py:190} INFO - [2026-04-10T15:20:04.051+0000] {dag.py:3262} INFO - Creating ORM DAG for example_params_ui_tutorial
[2026-04-10T15:20:04.052+0000] {logging_mixin.py:190} INFO - [2026-04-10T15:20:04.052+0000] {dag.py:4180} INFO - Setting next_dagrun for example_params_ui_tutorial to None, run_after=None
[2026-04-10T15:20:04.071+0000] {processor.py:208} INFO - Processing /usr/local/python/3.12.1/lib/python3.12/site-packages/airflow/example_dags/example_params_ui_tutorial.py took 0.266 seconds
[2026-04-10T15:21:06.733+0000] {processor.py:186} INFO - Started process (PID=118589) to work on /usr/local/python/3.12.1/lib/python3.12/site-packages/airflow/example_dags/example_params_ui_tutorial.py
[2026-04-10T15:21:06.733+0000] {processor.py:914} INFO - Processing file /usr/local/python/3.12.1/lib/python3.12/site-packages/airflow/example_dags/example_params_ui_tutorial.py for tasks to queue
[2026-04-10T15:21:06.735+0000] {logging_mixin.py:190} INFO - [2026-04-10T15:21:06.735+0000] {dagbag.py:588} INFO - Filling up the DagBag from /usr/local/python/3.12.1/lib/python3.12/site-packages/airflow/example_dags/example_params_ui_tutorial.py
[2026-04-10T15:21:06.742+0000] {processor.py:925} INFO - DAG(s) 'example_params_ui_tutorial' retrieved from /usr/local/python/3.12.1/lib/python3.12/site-packages/airflow/example_dags/example_params_ui_tutorial.py
[2026-04-10T15:21:06.775+0000] {logging_mixin.py:190} INFO - [2026-04-10T15:21:06.775+0000] {dag.py:3239} INFO - Sync 1 DAGs
[2026-04-10T15:21:06.789+0000] {logging_mixin.py:190} INFO - [2026-04-10T15:21:06.789+0000] {dag.py:4180} INFO - Setting next_dagrun for example_params_ui_tutorial to None, run_after=None
[2026-04-10T15:21:06.811+0000] {processor.py:208} INFO - Processing /usr/local/python/3.12.1/lib/python3.12/site-packages/airflow/example_dags/example_params_ui_tutorial.py took 0.082 seconds
[2026-04-10T15:22:05.129+0000] {processor.py:186} INFO - Started process (PID=119561) to work on /usr/local/python/3.12.1/lib/python3.12/site-packages/airflow/example_dags/example_params_ui_tutorial.py
[2026-04-10T15:22:05.130+0000] {processor.py:914} INFO - Processing file /usr/local/python/3.12.1/lib/python3.12/site-packages/airflow/example_dags/example_params_ui_tutorial.py for tasks to queue
[2026-04-10T15:22:05.132+0000] {logging_mixin.py:190} INFO - [2026-04-10T15:22:05.132+0000] {dagbag.py:588} INFO - Filling up the DagBag from /usr/local/python/3.12.1/lib/python3.12/site-packages/airflow/example_dags/example_params_ui_tutorial.py
[2026-04-10T15:22:05.144+0000] {processor.py:925} INFO - DAG(s) 'example_params_ui_tutorial' retrieved from /usr/local/python/3.12.1/lib/python3.12/site-packages/airflow/example_dags/example_params_ui_tutorial.py
[2026-04-10T15:22:05.190+0000] {logging_mixin.py:190} INFO - [2026-04-10T15:22:05.189+0000] {dag.py:3239} INFO - Sync 1 DAGs
[2026-04-10T15:22:05.202+0000] {logging_mixin.py:190} INFO - [2026-04-10T15:22:05.202+0000] {dag.py:4180} INFO - Setting next_dagrun for example_params_ui_tutorial to None, run_after=None
[2026-04-10T15:22:05.221+0000] {processor.py:208} INFO - Processing /usr/local/python/3.12.1/lib/python3.12/site-packages/airflow/example_dags/example_params_ui_tutorial.py took 0.105 seconds
[2026-04-10T15:23:00.447+0000] {processor.py:186} INFO - Started process (PID=120072) to work on /usr/local/python/3.12.1/lib/python3.12/site-packages/airflow/example_dags/example_params_ui_tutorial.py
[2026-04-10T15:23:00.447+0000] {processor.py:914} INFO - Processing file /usr/local/python/3.12.1/lib/python3.12/site-packages/airflow/example_dags/example_params_ui_tutorial.py for tasks to queue
[2026-04-10T15:23:00.449+0000] {logging_mixin.py:190} INFO - [2026-04-10T15:23:00.448+0000] {dagbag.py:588} INFO - Filling up the DagBag from /usr/local/python/3.12.1/lib/python3.12/site-packages/airflow/example_dags/example_params_ui_tutorial.py
[2026-04-10T15:23:00.456+0000] {processor.py:925} INFO - DAG(s) 'example_params_ui_tutorial' retrieved from /usr/local/python/3.12.1/lib/python3.12/site-packages/airflow/example_dags/example_params_ui_tutorial.py
[2026-04-10T15:23:00.490+0000] {logging_mixin.py:190} INFO - [2026-04-10T15:23:00.490+0000] {dag.py:3239} INFO - Sync 1 DAGs
[2026-04-10T15:23:00.503+0000] {logging_mixin.py:190} INFO - [2026-04-10T15:23:00.503+0000] {dag.py:4180} INFO - Setting next_dagrun for example_params_ui_tutorial to None, run_after=None
[2026-04-10T15:23:00.522+0000] {processor.py:208} INFO - Processing /usr/local/python/3.12.1/lib/python3.12/site-packages/airflow/example_dags/example_params_ui_tutorial.py took 0.080 seconds
[2026-04-10T15:23:54.627+0000] {processor.py:186} INFO - Started process (PID=120561) to work on /usr/local/python/3.12.1/lib/python3.12/site-packages/airflow/example_dags/example_params_ui_tutorial.py
[2026-04-10T15:23:54.628+0000] {processor.py:914} INFO - Processing file /usr/local/python/3.12.1/lib/python3.12/site-packages/airflow/example_dags/example_params_ui_tutorial.py for tasks to queue
[2026-04-10T15:23:54.630+0000] {logging_mixin.py:190} INFO - [2026-04-10T15:23:54.629+0000] {dagbag.py:588} INFO - Filling up the DagBag from /usr/local/python/3.12.1/lib/python3.12/site-packages/airflow/example_dags/example_params_ui_tutorial.py
[2026-04-10T15:23:54.637+0000] {processor.py:925} INFO - DAG(s) 'example_params_ui_tutorial' retrieved from /usr/local/python/3.12.1/lib/python3.12/site-packages/airflow/example_dags/example_params_ui_tutorial.py
[2026-04-10T15:23:54.770+0000] {logging_mixin.py:190} INFO - [2026-04-10T15:23:54.770+0000] {dag.py:3239} INFO - Sync 1 DAGs
[2026-04-10T15:23:54.778+0000] {logging_mixin.py:190} INFO - [2026-04-10T15:23:54.778+0000] {dag.py:4180} INFO - Setting next_dagrun for example_params_ui_tutorial to None, run_after=None
[2026-04-10T15:23:54.793+0000] {processor.py:208} INFO - Processing /usr/local/python/3.12.1/lib/python3.12/site-packages/airflow/example_dags/example_params_ui_tutorial.py took 0.171 seconds
[2026-04-10T15:24:51.095+0000] {processor.py:186} INFO - Started process (PID=121109) to work on /usr/local/python/3.12.1/lib/python3.12/site-packages/airflow/example_dags/example_params_ui_tutorial.py
[2026-04-10T15:24:51.098+0000] {processor.py:914} INFO - Processing file /usr/local/python/3.12.1/lib/python3.12/site-packages/airflow/example_dags/example_params_ui_tutorial.py for tasks to queue
[2026-04-10T15:24:51.100+0000] {logging_mixin.py:190} INFO - [2026-04-10T15:24:51.100+0000] {dagbag.py:588} INFO - Filling up the DagBag from /usr/local/python/3.12.1/lib/python3.12/site-packages/airflow/example_dags/example_params_ui_tutorial.py
[2026-04-10T15:24:51.108+0000] {processor.py:925} INFO - DAG(s) 'example_params_ui_tutorial' retrieved from /usr/local/python/3.12.1/lib/python3.12/site-packages/airflow/example_dags/example_params_ui_tutorial.py
[2026-04-10T15:24:51.143+0000] {logging_mixin.py:190} INFO - [2026-04-10T15:24:51.143+0000] {dag.py:3239} INFO - Sync 1 DAGs
[2026-04-10T15:24:51.154+0000] {logging_mixin.py:190} INFO - [2026-04-10T15:24:51.153+0000] {dag.py:4180} INFO - Setting next_dagrun for example_params_ui_tutorial to None, run_after=None
[2026-04-10T15:24:51.169+0000] {processor.py:208} INFO - Processing /usr/local/python/3.12.1/lib/python3.12/site-packages/airflow/example_dags/example_params_ui_tutorial.py took 0.080 seconds
[2026-04-10T15:25:44.165+0000] {processor.py:186} INFO - Started process (PID=121757) to work on /usr/local/python/3.12.1/lib/python3.12/site-packages/airflow/example_dags/example_params_ui_tutorial.py
[2026-04-10T15:25:44.166+0000] {processor.py:914} INFO - Processing file /usr/local/python/3.12.1/lib/python3.12/site-packages/airflow/example_dags/example_params_ui_tutorial.py for tasks to queue
[2026-04-10T15:25:44.168+0000] {logging_mixin.py:190} INFO - [2026-04-10T15:25:44.167+0000] {dagbag.py:588} INFO - Filling up the DagBag from /usr/local/python/3.12.1/lib/python3.12/site-packages/airflow/example_dags/example_params_ui_tutorial.py
[2026-04-10T15:25:44.176+0000] {processor.py:925} INFO - DAG(s) 'example_params_ui_tutorial' retrieved from /usr/local/python/3.12.1/lib/python3.12/site-packages/airflow/example_dags/example_params_ui_tutorial.py
[2026-04-10T15:25:44.220+0000] {logging_mixin.py:190} INFO - [2026-04-10T15:25:44.220+0000] {dag.py:3239} INFO - Sync 1 DAGs
[2026-04-10T15:25:44.233+0000] {logging_mixin.py:190} INFO - [2026-04-10T15:25:44.233+0000] {dag.py:4180} INFO - Setting next_dagrun for example_params_ui_tutorial to None, run_after=None
[2026-04-10T15:25:44.249+0000] {processor.py:208} INFO - Processing /usr/local/python/3.12.1/lib/python3.12/site-packages/airflow/example_dags/example_params_ui_tutorial.py took 0.088 seconds
[2026-04-10T15:26:38.558+0000] {processor.py:186} INFO - Started process (PID=122367) to work on /usr/local/python/3.12.1/lib/python3.12/site-packages/airflow/example_dags/example_params_ui_tutorial.py
[2026-04-10T15:26:38.559+0000] {processor.py:914} INFO - Processing file /usr/local/python/3.12.1/lib/python3.12/site-packages/airflow/example_dags/example_params_ui_tutorial.py for tasks to queue
[2026-04-10T15:26:38.560+0000] {logging_mixin.py:190} INFO - [2026-04-10T15:26:38.560+0000] {dagbag.py:588} INFO - Filling up the DagBag from /usr/local/python/3.12.1/lib/python3.12/site-packages/airflow/example_dags/example_params_ui_tutorial.py
[2026-04-10T15:26:38.567+0000] {processor.py:925} INFO - DAG(s) 'example_params_ui_tutorial' retrieved from /usr/local/python/3.12.1/lib/python3.12/site-packages/airflow/example_dags/example_params_ui_tutorial.py
[2026-04-10T15:26:38.606+0000] {logging_mixin.py:190} INFO - [2026-04-10T15:26:38.605+0000] {dag.py:3239} INFO - Sync 1 DAGs
[2026-04-10T15:26:38.624+0000] {logging_mixin.py:190} INFO - [2026-04-10T15:26:38.624+0000] {dag.py:4180} INFO - Setting next_dagrun for example_params_ui_tutorial to None, run_after=None
[2026-04-10T15:26:38.641+0000] {processor.py:208} INFO - Processing /usr/local/python/3.12.1/lib/python3.12/site-packages/airflow/example_dags/example_params_ui_tutorial.py took 0.087 seconds
[2026-04-10T15:27:32.131+0000] {processor.py:186} INFO - Started process (PID=122969) to work on /usr/local/python/3.12.1/lib/python3.12/site-packages/airflow/example_dags/example_params_ui_tutorial.py
[2026-04-10T15:27:32.132+0000] {processor.py:914} INFO - Processing file /usr/local/python/3.12.1/lib/python3.12/site-packages/airflow/example_dags/example_params_ui_tutorial.py for tasks to queue
[2026-04-10T15:27:32.134+0000] {logging_mixin.py:190} INFO - [2026-04-10T15:27:32.133+0000] {dagbag.py:588} INFO - Filling up the DagBag from /usr/local/python/3.12.1/lib/python3.12/site-packages/airflow/example_dags/example_params_ui_tutorial.py
[2026-04-10T15:27:32.141+0000] {processor.py:925} INFO - DAG(s) 'example_params_ui_tutorial' retrieved from /usr/local/python/3.12.1/lib/python3.12/site-packages/airflow/example_dags/example_params_ui_tutorial.py
[2026-04-10T15:27:32.184+0000] {logging_mixin.py:190} INFO - [2026-04-10T15:27:32.183+0000] {dag.py:3239} INFO - Sync 1 DAGs
[2026-04-10T15:27:32.200+0000] {logging_mixin.py:190} INFO - [2026-04-10T15:27:32.200+0000] {dag.py:4180} INFO - Setting next_dagrun for example_params_ui_tutorial to None, run_after=None
[2026-04-10T15:27:32.225+0000] {processor.py:208} INFO - Processing /usr/local/python/3.12.1/lib/python3.12/site-packages/airflow/example_dags/example_params_ui_tutorial.py took 0.099 seconds
[2026-04-10T15:28:23.343+0000] {processor.py:186} INFO - Started process (PID=123420) to work on /usr/local/python/3.12.1/lib/python3.12/site-packages/airflow/example_dags/example_params_ui_tutorial.py
[2026-04-10T15:28:23.344+0000] {processor.py:914} INFO - Processing file /usr/local/python/3.12.1/lib/python3.12/site-packages/airflow/example_dags/example_params_ui_tutorial.py for tasks to queue
[2026-04-10T15:28:23.346+0000] {logging_mixin.py:190} INFO - [2026-04-10T15:28:23.345+0000] {dagbag.py:588} INFO - Filling up the DagBag from /usr/local/python/3.12.1/lib/python3.12/site-packages/airflow/example_dags/example_params_ui_tutorial.py
[2026-04-10T15:28:23.354+0000] {processor.py:925} INFO - DAG(s) 'example_params_ui_tutorial' retrieved from /usr/local/python/3.12.1/lib/python3.12/site-packages/airflow/example_dags/example_params_ui_tutorial.py
[2026-04-10T15:28:23.397+0000] {logging_mixin.py:190} INFO - [2026-04-10T15:28:23.397+0000] {dag.py:3239} INFO - Sync 1 DAGs
[2026-04-10T15:28:23.412+0000] {logging_mixin.py:190} INFO - [2026-04-10T15:28:23.411+0000] {dag.py:4180} INFO - Setting next_dagrun for example_params_ui_tutorial to None, run_after=None
[2026-04-10T15:28:23.430+0000] {processor.py:208} INFO - Processing /usr/local/python/3.12.1/lib/python3.12/site-packages/airflow/example_dags/example_params_ui_tutorial.py took 0.092 seconds
[2026-04-10T15:29:19.599+0000] {processor.py:186} INFO - Started process (PID=123982) to work on /usr/local/python/3.12.1/lib/python3.12/site-packages/airflow/example_dags/example_params_ui_tutorial.py
[2026-04-10T15:29:19.602+0000] {processor.py:914} INFO - Processing file /usr/local/python/3.12.1/lib/python3.12/site-packages/airflow/example_dags/example_params_ui_tutorial.py for tasks to queue
[2026-04-10T15:29:19.604+0000] {logging_mixin.py:190} INFO - [2026-04-10T15:29:19.604+0000] {dagbag.py:588} INFO - Filling up the DagBag from /usr/local/python/3.12.1/lib/python3.12/site-packages/airflow/example_dags/example_params_ui_tutorial.py
[2026-04-10T15:29:19.616+0000] {processor.py:925} INFO - DAG(s) 'example_params_ui_tutorial' retrieved from /usr/local/python/3.12.1/lib/python3.12/site-packages/airflow/example_dags/example_params_ui_tutorial.py
[2026-04-10T15:29:19.669+0000] {logging_mixin.py:190} INFO - [2026-04-10T15:29:19.669+0000] {dag.py:3239} INFO - Sync 1 DAGs
[2026-04-10T15:29:19.680+0000] {logging_mixin.py:190} INFO - [2026-04-10T15:29:19.680+0000] {dag.py:4180} INFO - Setting next_dagrun for example_params_ui_tutorial to None, run_after=None
[2026-04-10T15:29:19.703+0000] {processor.py:208} INFO - Processing /usr/local/python/3.12.1/lib/python3.12/site-packages/airflow/example_dags/example_params_ui_tutorial.py took 0.114 seconds
[2026-04-10T15:30:12.696+0000] {processor.py:186} INFO - Started process (PID=124568) to work on /usr/local/python/3.12.1/lib/python3.12/site-packages/airflow/example_dags/example_params_ui_tutorial.py
[2026-04-10T15:30:12.697+0000] {processor.py:914} INFO - Processing file /usr/local/python/3.12.1/lib/python3.12/site-packages/airflow/example_dags/example_params_ui_tutorial.py for tasks to queue
[2026-04-10T15:30:12.699+0000] {logging_mixin.py:190} INFO - [2026-04-10T15:30:12.699+0000] {dagbag.py:588} INFO - Filling up the DagBag from /usr/local/python/3.12.1/lib/python3.12/site-packages/airflow/example_dags/example_params_ui_tutorial.py
[2026-04-10T15:30:12.709+0000] {processor.py:925} INFO - DAG(s) 'example_params_ui_tutorial' retrieved from /usr/local/python/3.12.1/lib/python3.12/site-packages/airflow/example_dags/example_params_ui_tutorial.py
[2026-04-10T15:30:12.750+0000] {logging_mixin.py:190} INFO - [2026-04-10T15:30:12.750+0000] {dag.py:3239} INFO - Sync 1 DAGs
[2026-04-10T15:30:12.761+0000] {logging_mixin.py:190} INFO - [2026-04-10T15:30:12.760+0000] {dag.py:4180} INFO - Setting next_dagrun for example_params_ui_tutorial to None, run_after=None
[2026-04-10T15:30:12.779+0000] {processor.py:208} INFO - Processing /usr/local/python/3.12.1/lib/python3.12/site-packages/airflow/example_dags/example_params_ui_tutorial.py took 0.089 seconds
[2026-04-10T15:31:05.669+0000] {processor.py:186} INFO - Started process (PID=125346) to work on /usr/local/python/3.12.1/lib/python3.12/site-packages/airflow/example_dags/example_params_ui_tutorial.py
[2026-04-10T15:31:05.669+0000] {processor.py:914} INFO - Processing file /usr/local/python/3.12.1/lib/python3.12/site-packages/airflow/example_dags/example_params_ui_tutorial.py for tasks to queue
[2026-04-10T15:31:05.671+0000] {logging_mixin.py:190} INFO - [2026-04-10T15:31:05.671+0000] {dagbag.py:588} INFO - Filling up the DagBag from /usr/local/python/3.12.1/lib/python3.12/site-packages/airflow/example_dags/example_params_ui_tutorial.py
[2026-04-10T15:31:05.678+0000] {processor.py:925} INFO - DAG(s) 'example_params_ui_tutorial' retrieved from /usr/local/python/3.12.1/lib/python3.12/site-packages/airflow/example_dags/example_params_ui_tutorial.py
[2026-04-10T15:31:05.715+0000] {logging_mixin.py:190} INFO - [2026-04-10T15:31:05.715+0000] {dag.py:3239} INFO - Sync 1 DAGs
[2026-04-10T15:31:05.725+0000] {logging_mixin.py:190} INFO - [2026-04-10T15:31:05.724+0000] {dag.py:4180} INFO - Setting next_dagrun for example_params_ui_tutorial to None, run_after=None
[2026-04-10T15:31:05.742+0000] {processor.py:208} INFO - Processing /usr/local/python/3.12.1/lib/python3.12/site-packages/airflow/example_dags/example_params_ui_tutorial.py took 0.078 seconds
[2026-04-10T15:31:58.475+0000] {processor.py:186} INFO - Started process (PID=126079) to work on /usr/local/python/3.12.1/lib/python3.12/site-packages/airflow/example_dags/example_params_ui_tutorial.py
[2026-04-10T15:31:58.476+0000] {processor.py:914} INFO - Processing file /usr/local/python/3.12.1/lib/python3.12/site-packages/airflow/example_dags/example_params_ui_tutorial.py for tasks to queue
[2026-04-10T15:31:58.478+0000] {logging_mixin.py:190} INFO - [2026-04-10T15:31:58.478+0000] {dagbag.py:588} INFO - Filling up the DagBag from /usr/local/python/3.12.1/lib/python3.12/site-packages/airflow/example_dags/example_params_ui_tutorial.py
[2026-04-10T15:31:58.489+0000] {processor.py:925} INFO - DAG(s) 'example_params_ui_tutorial' retrieved from /usr/local/python/3.12.1/lib/python3.12/site-packages/airflow/example_dags/example_params_ui_tutorial.py
[2026-04-10T15:31:58.549+0000] {logging_mixin.py:190} INFO - [2026-04-10T15:31:58.549+0000] {dag.py:3239} INFO - Sync 1 DAGs
[2026-04-10T15:31:58.568+0000] {logging_mixin.py:190} INFO - [2026-04-10T15:31:58.568+0000] {dag.py:4180} INFO - Setting next_dagrun for example_params_ui_tutorial to None, run_after=None
[2026-04-10T15:31:58.586+0000] {processor.py:208} INFO - Processing /usr/local/python/3.12.1/lib/python3.12/site-packages/airflow/example_dags/example_params_ui_tutorial.py took 0.118 seconds
[2026-04-10T15:32:48.842+0000] {processor.py:186} INFO - Started process (PID=126687) to work on /usr/local/python/3.12.1/lib/python3.12/site-packages/airflow/example_dags/example_params_ui_tutorial.py
[2026-04-10T15:32:48.843+0000] {processor.py:914} INFO - Processing file /usr/local/python/3.12.1/lib/python3.12/site-packages/airflow/example_dags/example_params_ui_tutorial.py for tasks to queue
[2026-04-10T15:32:48.844+0000] {logging_mixin.py:190} INFO - [2026-04-10T15:32:48.844+0000] {dagbag.py:588} INFO - Filling up the DagBag from /usr/local/python/3.12.1/lib/python3.12/site-packages/airflow/example_dags/example_params_ui_tutorial.py
[2026-04-10T15:32:48.851+0000] {processor.py:925} INFO - DAG(s) 'example_params_ui_tutorial' retrieved from /usr/local/python/3.12.1/lib/python3.12/site-packages/airflow/example_dags/example_params_ui_tutorial.py
[2026-04-10T15:32:48.884+0000] {logging_mixin.py:190} INFO - [2026-04-10T15:32:48.884+0000] {dag.py:3239} INFO - Sync 1 DAGs
[2026-04-10T15:32:48.894+0000] {logging_mixin.py:190} INFO - [2026-04-10T15:32:48.894+0000] {dag.py:4180} INFO - Setting next_dagrun for example_params_ui_tutorial to None, run_after=None
[2026-04-10T15:32:48.910+0000] {processor.py:208} INFO - Processing /usr/local/python/3.12.1/lib/python3.12/site-packages/airflow/example_dags/example_params_ui_tutorial.py took 0.073 seconds
[2026-04-10T15:33:39.632+0000] {processor.py:186} INFO - Started process (PID=127480) to work on /usr/local/python/3.12.1/lib/python3.12/site-packages/airflow/example_dags/example_params_ui_tutorial.py
[2026-04-10T15:33:39.633+0000] {processor.py:914} INFO - Processing file /usr/local/python/3.12.1/lib/python3.12/site-packages/airflow/example_dags/example_params_ui_tutorial.py for tasks to queue
[2026-04-10T15:33:39.635+0000] {logging_mixin.py:190} INFO - [2026-04-10T15:33:39.634+0000] {dagbag.py:588} INFO - Filling up the DagBag from /usr/local/python/3.12.1/lib/python3.12/site-packages/airflow/example_dags/example_params_ui_tutorial.py
[2026-04-10T15:33:39.643+0000] {processor.py:925} INFO - DAG(s) 'example_params_ui_tutorial' retrieved from /usr/local/python/3.12.1/lib/python3.12/site-packages/airflow/example_dags/example_params_ui_tutorial.py
[2026-04-10T15:33:39.677+0000] {logging_mixin.py:190} INFO - [2026-04-10T15:33:39.676+0000] {dag.py:3239} INFO - Sync 1 DAGs
[2026-04-10T15:33:39.687+0000] {logging_mixin.py:190} INFO - [2026-04-10T15:33:39.687+0000] {dag.py:4180} INFO - Setting next_dagrun for example_params_ui_tutorial to None, run_after=None
[2026-04-10T15:33:39.707+0000] {processor.py:208} INFO - Processing /usr/local/python/3.12.1/lib/python3.12/site-packages/airflow/example_dags/example_params_ui_tutorial.py took 0.079 seconds
[2026-04-10T15:34:33.177+0000] {processor.py:186} INFO - Started process (PID=127937) to work on /usr/local/python/3.12.1/lib/python3.12/site-packages/airflow/example_dags/example_params_ui_tutorial.py
[2026-04-10T15:34:33.177+0000] {processor.py:914} INFO - Processing file /usr/local/python/3.12.1/lib/python3.12/site-packages/airflow/example_dags/example_params_ui_tutorial.py for tasks to queue
[2026-04-10T15:34:33.179+0000] {logging_mixin.py:190} INFO - [2026-04-10T15:34:33.179+0000] {dagbag.py:588} INFO - Filling up the DagBag from /usr/local/python/3.12.1/lib/python3.12/site-packages/airflow/example_dags/example_params_ui_tutorial.py
[2026-04-10T15:34:33.186+0000] {processor.py:925} INFO - DAG(s) 'example_params_ui_tutorial' retrieved from /usr/local/python/3.12.1/lib/python3.12/site-packages/airflow/example_dags/example_params_ui_tutorial.py
[2026-04-10T15:34:33.221+0000] {logging_mixin.py:190} INFO - [2026-04-10T15:34:33.220+0000] {dag.py:3239} INFO - Sync 1 DAGs
[2026-04-10T15:34:33.232+0000] {logging_mixin.py:190} INFO - [2026-04-10T15:34:33.232+0000] {dag.py:4180} INFO - Setting next_dagrun for example_params_ui_tutorial to None, run_after=None
[2026-04-10T15:34:33.249+0000] {processor.py:208} INFO - Processing /usr/local/python/3.12.1/lib/python3.12/site-packages/airflow/example_dags/example_params_ui_tutorial.py took 0.077 seconds
[2026-04-10T15:35:33.838+0000] {processor.py:186} INFO - Started process (PID=128776) to work on /usr/local/python/3.12.1/lib/python3.12/site-packages/airflow/example_dags/example_params_ui_tutorial.py
[2026-04-10T15:35:33.839+0000] {processor.py:914} INFO - Processing file /usr/local/python/3.12.1/lib/python3.12/site-packages/airflow/example_dags/example_params_ui_tutorial.py for tasks to queue
[2026-04-10T15:35:33.841+0000] {logging_mixin.py:190} INFO - [2026-04-10T15:35:33.841+0000] {dagbag.py:588} INFO - Filling up the DagBag from /usr/local/python/3.12.1/lib/python3.12/site-packages/airflow/example_dags/example_params_ui_tutorial.py
[2026-04-10T15:35:33.849+0000] {processor.py:925} INFO - DAG(s) 'example_params_ui_tutorial' retrieved from /usr/local/python/3.12.1/lib/python3.12/site-packages/airflow/example_dags/example_params_ui_tutorial.py
[2026-04-10T15:35:33.883+0000] {logging_mixin.py:190} INFO - [2026-04-10T15:35:33.882+0000] {dag.py:3239} INFO - Sync 1 DAGs
[2026-04-10T15:35:33.893+0000] {logging_mixin.py:190} INFO - [2026-04-10T15:35:33.893+0000] {dag.py:4180} INFO - Setting next_dagrun for example_params_ui_tutorial to None, run_after=None
[2026-04-10T15:35:33.910+0000] {processor.py:208} INFO - Processing /usr/local/python/3.12.1/lib/python3.12/site-packages/airflow/example_dags/example_params_ui_tutorial.py took 0.079 seconds
[2026-04-10T15:36:29.166+0000] {processor.py:186} INFO - Started process (PID=129414) to work on /usr/local/python/3.12.1/lib/python3.12/site-packages/airflow/example_dags/example_params_ui_tutorial.py
[2026-04-10T15:36:29.167+0000] {processor.py:914} INFO - Processing file /usr/local/python/3.12.1/lib/python3.12/site-packages/airflow/example_dags/example_params_ui_tutorial.py for tasks to queue
[2026-04-10T15:36:29.169+0000] {logging_mixin.py:190} INFO - [2026-04-10T15:36:29.168+0000] {dagbag.py:588} INFO - Filling up the DagBag from /usr/local/python/3.12.1/lib/python3.12/site-packages/airflow/example_dags/example_params_ui_tutorial.py
[2026-04-10T15:36:29.177+0000] {processor.py:925} INFO - DAG(s) 'example_params_ui_tutorial' retrieved from /usr/local/python/3.12.1/lib/python3.12/site-packages/airflow/example_dags/example_params_ui_tutorial.py
[2026-04-10T15:36:29.212+0000] {logging_mixin.py:190} INFO - [2026-04-10T15:36:29.212+0000] {dag.py:3239} INFO - Sync 1 DAGs
[2026-04-10T15:36:29.223+0000] {logging_mixin.py:190} INFO - [2026-04-10T15:36:29.222+0000] {dag.py:4180} INFO - Setting next_dagrun for example_params_ui_tutorial to None, run_after=None
[2026-04-10T15:36:29.241+0000] {processor.py:208} INFO - Processing /usr/local/python/3.12.1/lib/python3.12/site-packages/airflow/example_dags/example_params_ui_tutorial.py took 0.079 seconds
[2026-04-10T15:37:28.438+0000] {processor.py:186} INFO - Started process (PID=130182) to work on /usr/local/python/3.12.1/lib/python3.12/site-packages/airflow/example_dags/example_params_ui_tutorial.py
[2026-04-10T15:37:28.439+0000] {processor.py:914} INFO - Processing file /usr/local/python/3.12.1/lib/python3.12/site-packages/airflow/example_dags/example_params_ui_tutorial.py for tasks to queue
[2026-04-10T15:37:28.441+0000] {logging_mixin.py:190} INFO - [2026-04-10T15:37:28.440+0000] {dagbag.py:588} INFO - Filling up the DagBag from /usr/local/python/3.12.1/lib/python3.12/site-packages/airflow/example_dags/example_params_ui_tutorial.py
[2026-04-10T15:37:28.454+0000] {processor.py:925} INFO - DAG(s) 'example_params_ui_tutorial' retrieved from /usr/local/python/3.12.1/lib/python3.12/site-packages/airflow/example_dags/example_params_ui_tutorial.py
[2026-04-10T15:37:28.498+0000] {logging_mixin.py:190} INFO - [2026-04-10T15:37:28.498+0000] {dag.py:3239} INFO - Sync 1 DAGs
[2026-04-10T15:37:28.513+0000] {logging_mixin.py:190} INFO - [2026-04-10T15:37:28.513+0000] {dag.py:4180} INFO - Setting next_dagrun for example_params_ui_tutorial to None, run_after=None
[2026-04-10T15:37:28.530+0000] {processor.py:208} INFO - Processing /usr/local/python/3.12.1/lib/python3.12/site-packages/airflow/example_dags/example_params_ui_tutorial.py took 0.101 seconds
[2026-04-10T15:38:35.959+0000] {processor.py:186} INFO - Started process (PID=131273) to work on /usr/local/python/3.12.1/lib/python3.12/site-packages/airflow/example_dags/example_params_ui_tutorial.py
[2026-04-10T15:38:35.960+0000] {processor.py:914} INFO - Processing file /usr/local/python/3.12.1/lib/python3.12/site-packages/airflow/example_dags/example_params_ui_tutorial.py for tasks to queue
[2026-04-10T15:38:35.961+0000] {logging_mixin.py:190} INFO - [2026-04-10T15:38:35.961+0000] {dagbag.py:588} INFO - Filling up the DagBag from /usr/local/python/3.12.1/lib/python3.12/site-packages/airflow/example_dags/example_params_ui_tutorial.py
[2026-04-10T15:38:35.968+0000] {processor.py:925} INFO - DAG(s) 'example_params_ui_tutorial' retrieved from /usr/local/python/3.12.1/lib/python3.12/site-packages/airflow/example_dags/example_params_ui_tutorial.py
[2026-04-10T15:38:36.004+0000] {logging_mixin.py:190} INFO - [2026-04-10T15:38:36.004+0000] {dag.py:3239} INFO - Sync 1 DAGs
[2026-04-10T15:38:36.014+0000] {logging_mixin.py:190} INFO - [2026-04-10T15:38:36.014+0000] {dag.py:4180} INFO - Setting next_dagrun for example_params_ui_tutorial to None, run_after=None
[2026-04-10T15:38:36.031+0000] {processor.py:208} INFO - Processing /usr/local/python/3.12.1/lib/python3.12/site-packages/airflow/example_dags/example_params_ui_tutorial.py took 0.077 seconds
[2026-04-10T15:39:30.223+0000] {processor.py:186} INFO - Started process (PID=131925) to work on /usr/local/python/3.12.1/lib/python3.12/site-packages/airflow/example_dags/example_params_ui_tutorial.py
[2026-04-10T15:39:30.223+0000] {processor.py:914} INFO - Processing file /usr/local/python/3.12.1/lib/python3.12/site-packages/airflow/example_dags/example_params_ui_tutorial.py for tasks to queue
[2026-04-10T15:39:30.225+0000] {logging_mixin.py:190} INFO - [2026-04-10T15:39:30.225+0000] {dagbag.py:588} INFO - Filling up the DagBag from /usr/local/python/3.12.1/lib/python3.12/site-packages/airflow/example_dags/example_params_ui_tutorial.py
[2026-04-10T15:39:30.232+0000] {processor.py:925} INFO - DAG(s) 'example_params_ui_tutorial' retrieved from /usr/local/python/3.12.1/lib/python3.12/site-packages/airflow/example_dags/example_params_ui_tutorial.py
[2026-04-10T15:39:30.267+0000] {logging_mixin.py:190} INFO - [2026-04-10T15:39:30.267+0000] {dag.py:3239} INFO - Sync 1 DAGs
[2026-04-10T15:39:30.277+0000] {logging_mixin.py:190} INFO - [2026-04-10T15:39:30.277+0000] {dag.py:4180} INFO - Setting next_dagrun for example_params_ui_tutorial to None, run_after=None
[2026-04-10T15:39:30.293+0000] {processor.py:208} INFO - Processing /usr/local/python/3.12.1/lib/python3.12/site-packages/airflow/example_dags/example_params_ui_tutorial.py took 0.074 seconds
[2026-04-10T15:40:23.123+0000] {processor.py:186} INFO - Started process (PID=132477) to work on /usr/local/python/3.12.1/lib/python3.12/site-packages/airflow/example_dags/example_params_ui_tutorial.py
[2026-04-10T15:40:23.123+0000] {processor.py:914} INFO - Processing file /usr/local/python/3.12.1/lib/python3.12/site-packages/airflow/example_dags/example_params_ui_tutorial.py for tasks to queue
[2026-04-10T15:40:23.125+0000] {logging_mixin.py:190} INFO - [2026-04-10T15:40:23.124+0000] {dagbag.py:588} INFO - Filling up the DagBag from /usr/local/python/3.12.1/lib/python3.12/site-packages/airflow/example_dags/example_params_ui_tutorial.py
[2026-04-10T15:40:23.132+0000] {processor.py:925} INFO - DAG(s) 'example_params_ui_tutorial' retrieved from /usr/local/python/3.12.1/lib/python3.12/site-packages/airflow/example_dags/example_params_ui_tutorial.py
[2026-04-10T15:40:23.164+0000] {logging_mixin.py:190} INFO - [2026-04-10T15:40:23.163+0000] {dag.py:3239} INFO - Sync 1 DAGs
[2026-04-10T15:40:23.174+0000] {logging_mixin.py:190} INFO - [2026-04-10T15:40:23.174+0000] {dag.py:4180} INFO - Setting next_dagrun for example_params_ui_tutorial to None, run_after=None
[2026-04-10T15:40:23.191+0000] {processor.py:208} INFO - Processing /usr/local/python/3.12.1/lib/python3.12/site-packages/airflow/example_dags/example_params_ui_tutorial.py took 0.073 seconds
[2026-04-10T15:41:14.415+0000] {processor.py:186} INFO - Started process (PID=132941) to work on /usr/local/python/3.12.1/lib/python3.12/site-packages/airflow/example_dags/example_params_ui_tutorial.py
[2026-04-10T15:41:14.415+0000] {processor.py:914} INFO - Processing file /usr/local/python/3.12.1/lib/python3.12/site-packages/airflow/example_dags/example_params_ui_tutorial.py for tasks to queue
[2026-04-10T15:41:14.417+0000] {logging_mixin.py:190} INFO - [2026-04-10T15:41:14.417+0000] {dagbag.py:588} INFO - Filling up the DagBag from /usr/local/python/3.12.1/lib/python3.12/site-packages/airflow/example_dags/example_params_ui_tutorial.py
[2026-04-10T15:41:14.424+0000] {processor.py:925} INFO - DAG(s) 'example_params_ui_tutorial' retrieved from /usr/local/python/3.12.1/lib/python3.12/site-packages/airflow/example_dags/example_params_ui_tutorial.py
[2026-04-10T15:41:14.460+0000] {logging_mixin.py:190} INFO - [2026-04-10T15:41:14.460+0000] {dag.py:3239} INFO - Sync 1 DAGs
[2026-04-10T15:41:14.470+0000] {logging_mixin.py:190} INFO - [2026-04-10T15:41:14.470+0000] {dag.py:4180} INFO - Setting next_dagrun for example_params_ui_tutorial to None, run_after=None
[2026-04-10T15:41:14.486+0000] {processor.py:208} INFO - Processing /usr/local/python/3.12.1/lib/python3.12/site-packages/airflow/example_dags/example_params_ui_tutorial.py took 0.076 seconds
[2026-04-10T15:42:05.324+0000] {processor.py:186} INFO - Started process (PID=133512) to work on /usr/local/python/3.12.1/lib/python3.12/site-packages/airflow/example_dags/example_params_ui_tutorial.py
[2026-04-10T15:42:05.324+0000] {processor.py:914} INFO - Processing file /usr/local/python/3.12.1/lib/python3.12/site-packages/airflow/example_dags/example_params_ui_tutorial.py for tasks to queue
[2026-04-10T15:42:05.326+0000] {logging_mixin.py:190} INFO - [2026-04-10T15:42:05.325+0000] {dagbag.py:588} INFO - Filling up the DagBag from /usr/local/python/3.12.1/lib/python3.12/site-packages/airflow/example_dags/example_params_ui_tutorial.py
[2026-04-10T15:42:05.335+0000] {processor.py:925} INFO - DAG(s) 'example_params_ui_tutorial' retrieved from /usr/local/python/3.12.1/lib/python3.12/site-packages/airflow/example_dags/example_params_ui_tutorial.py
[2026-04-10T15:42:05.372+0000] {logging_mixin.py:190} INFO - [2026-04-10T15:42:05.371+0000] {dag.py:3239} INFO - Sync 1 DAGs
[2026-04-10T15:42:05.382+0000] {logging_mixin.py:190} INFO - [2026-04-10T15:42:05.381+0000] {dag.py:4180} INFO - Setting next_dagrun for example_params_ui_tutorial to None, run_after=None
[2026-04-10T15:42:05.495+0000] {processor.py:208} INFO - Processing /usr/local/python/3.12.1/lib/python3.12/site-packages/airflow/example_dags/example_params_ui_tutorial.py took 0.175 seconds
[2026-04-10T15:43:02.165+0000] {processor.py:186} INFO - Started process (PID=133933) to work on /usr/local/python/3.12.1/lib/python3.12/site-packages/airflow/example_dags/example_params_ui_tutorial.py
[2026-04-10T15:43:02.166+0000] {processor.py:914} INFO - Processing file /usr/local/python/3.12.1/lib/python3.12/site-packages/airflow/example_dags/example_params_ui_tutorial.py for tasks to queue
[2026-04-10T15:43:02.168+0000] {logging_mixin.py:190} INFO - [2026-04-10T15:43:02.167+0000] {dagbag.py:588} INFO - Filling up the DagBag from /usr/local/python/3.12.1/lib/python3.12/site-packages/airflow/example_dags/example_params_ui_tutorial.py
[2026-04-10T15:43:02.176+0000] {processor.py:925} INFO - DAG(s) 'example_params_ui_tutorial' retrieved from /usr/local/python/3.12.1/lib/python3.12/site-packages/airflow/example_dags/example_params_ui_tutorial.py
[2026-04-10T15:43:02.210+0000] {logging_mixin.py:190} INFO - [2026-04-10T15:43:02.210+0000] {dag.py:3239} INFO - Sync 1 DAGs
[2026-04-10T15:43:02.220+0000] {logging_mixin.py:190} INFO - [2026-04-10T15:43:02.220+0000] {dag.py:4180} INFO - Setting next_dagrun for example_params_ui_tutorial to None, run_after=None
[2026-04-10T15:43:02.236+0000] {processor.py:208} INFO - Processing /usr/local/python/3.12.1/lib/python3.12/site-packages/airflow/example_dags/example_params_ui_tutorial.py took 0.076 seconds
[2026-04-10T15:43:51.447+0000] {processor.py:186} INFO - Started process (PID=134436) to work on /usr/local/python/3.12.1/lib/python3.12/site-packages/airflow/example_dags/example_params_ui_tutorial.py
[2026-04-10T15:43:51.448+0000] {processor.py:914} INFO - Processing file /usr/local/python/3.12.1/lib/python3.12/site-packages/airflow/example_dags/example_params_ui_tutorial.py for tasks to queue
[2026-04-10T15:43:51.449+0000] {logging_mixin.py:190} INFO - [2026-04-10T15:43:51.449+0000] {dagbag.py:588} INFO - Filling up the DagBag from /usr/local/python/3.12.1/lib/python3.12/site-packages/airflow/example_dags/example_params_ui_tutorial.py
[2026-04-10T15:43:51.458+0000] {processor.py:925} INFO - DAG(s) 'example_params_ui_tutorial' retrieved from /usr/local/python/3.12.1/lib/python3.12/site-packages/airflow/example_dags/example_params_ui_tutorial.py
[2026-04-10T15:43:51.532+0000] {logging_mixin.py:190} INFO - [2026-04-10T15:43:51.532+0000] {dag.py:3239} INFO - Sync 1 DAGs
[2026-04-10T15:43:51.547+0000] {logging_mixin.py:190} INFO - [2026-04-10T15:43:51.547+0000] {dag.py:4180} INFO - Setting next_dagrun for example_params_ui_tutorial to None, run_after=None
[2026-04-10T15:43:51.573+0000] {processor.py:208} INFO - Processing /usr/local/python/3.12.1/lib/python3.12/site-packages/airflow/example_dags/example_params_ui_tutorial.py took 0.131 seconds
[2026-04-10T15:44:45.127+0000] {processor.py:186} INFO - Started process (PID=135026) to work on /usr/local/python/3.12.1/lib/python3.12/site-packages/airflow/example_dags/example_params_ui_tutorial.py
[2026-04-10T15:44:45.128+0000] {processor.py:914} INFO - Processing file /usr/local/python/3.12.1/lib/python3.12/site-packages/airflow/example_dags/example_params_ui_tutorial.py for tasks to queue
[2026-04-10T15:44:45.130+0000] {logging_mixin.py:190} INFO - [2026-04-10T15:44:45.129+0000] {dagbag.py:588} INFO - Filling up the DagBag from /usr/local/python/3.12.1/lib/python3.12/site-packages/airflow/example_dags/example_params_ui_tutorial.py
[2026-04-10T15:44:45.139+0000] {processor.py:925} INFO - DAG(s) 'example_params_ui_tutorial' retrieved from /usr/local/python/3.12.1/lib/python3.12/site-packages/airflow/example_dags/example_params_ui_tutorial.py
[2026-04-10T15:44:45.182+0000] {logging_mixin.py:190} INFO - [2026-04-10T15:44:45.182+0000] {dag.py:3239} INFO - Sync 1 DAGs
[2026-04-10T15:44:45.192+0000] {logging_mixin.py:190} INFO - [2026-04-10T15:44:45.192+0000] {dag.py:4180} INFO - Setting next_dagrun for example_params_ui_tutorial to None, run_after=None
[2026-04-10T15:44:45.208+0000] {processor.py:208} INFO - Processing /usr/local/python/3.12.1/lib/python3.12/site-packages/airflow/example_dags/example_params_ui_tutorial.py took 0.085 seconds
[2026-04-10T15:45:38.613+0000] {processor.py:186} INFO - Started process (PID=135516) to work on /usr/local/python/3.12.1/lib/python3.12/site-packages/airflow/example_dags/example_params_ui_tutorial.py
[2026-04-10T15:45:38.614+0000] {processor.py:914} INFO - Processing file /usr/local/python/3.12.1/lib/python3.12/site-packages/airflow/example_dags/example_params_ui_tutorial.py for tasks to queue
[2026-04-10T15:45:38.616+0000] {logging_mixin.py:190} INFO - [2026-04-10T15:45:38.615+0000] {dagbag.py:588} INFO - Filling up the DagBag from /usr/local/python/3.12.1/lib/python3.12/site-packages/airflow/example_dags/example_params_ui_tutorial.py
[2026-04-10T15:45:38.623+0000] {processor.py:925} INFO - DAG(s) 'example_params_ui_tutorial' retrieved from /usr/local/python/3.12.1/lib/python3.12/site-packages/airflow/example_dags/example_params_ui_tutorial.py
[2026-04-10T15:45:38.658+0000] {logging_mixin.py:190} INFO - [2026-04-10T15:45:38.658+0000] {dag.py:3239} INFO - Sync 1 DAGs
[2026-04-10T15:45:38.668+0000] {logging_mixin.py:190} INFO - [2026-04-10T15:45:38.668+0000] {dag.py:4180} INFO - Setting next_dagrun for example_params_ui_tutorial to None, run_after=None
[2026-04-10T15:45:38.685+0000] {processor.py:208} INFO - Processing /usr/local/python/3.12.1/lib/python3.12/site-packages/airflow/example_dags/example_params_ui_tutorial.py took 0.076 seconds
[2026-04-10T15:46:32.626+0000] {processor.py:186} INFO - Started process (PID=136096) to work on /usr/local/python/3.12.1/lib/python3.12/site-packages/airflow/example_dags/example_params_ui_tutorial.py
[2026-04-10T15:46:32.626+0000] {processor.py:914} INFO - Processing file /usr/local/python/3.12.1/lib/python3.12/site-packages/airflow/example_dags/example_params_ui_tutorial.py for tasks to queue
[2026-04-10T15:46:32.628+0000] {logging_mixin.py:190} INFO - [2026-04-10T15:46:32.627+0000] {dagbag.py:588} INFO - Filling up the DagBag from /usr/local/python/3.12.1/lib/python3.12/site-packages/airflow/example_dags/example_params_ui_tutorial.py
[2026-04-10T15:46:32.635+0000] {processor.py:925} INFO - DAG(s) 'example_params_ui_tutorial' retrieved from /usr/local/python/3.12.1/lib/python3.12/site-packages/airflow/example_dags/example_params_ui_tutorial.py
[2026-04-10T15:46:32.668+0000] {logging_mixin.py:190} INFO - [2026-04-10T15:46:32.668+0000] {dag.py:3239} INFO - Sync 1 DAGs
[2026-04-10T15:46:32.677+0000] {logging_mixin.py:190} INFO - [2026-04-10T15:46:32.677+0000] {dag.py:4180} INFO - Setting next_dagrun for example_params_ui_tutorial to None, run_after=None
[2026-04-10T15:46:32.694+0000] {processor.py:208} INFO - Processing /usr/local/python/3.12.1/lib/python3.12/site-packages/airflow/example_dags/example_params_ui_tutorial.py took 0.073 seconds
[2026-04-10T15:47:26.222+0000] {processor.py:186} INFO - Started process (PID=136589) to work on /usr/local/python/3.12.1/lib/python3.12/site-packages/airflow/example_dags/example_params_ui_tutorial.py
[2026-04-10T15:47:26.223+0000] {processor.py:914} INFO - Processing file /usr/local/python/3.12.1/lib/python3.12/site-packages/airflow/example_dags/example_params_ui_tutorial.py for tasks to queue
[2026-04-10T15:47:26.225+0000] {logging_mixin.py:190} INFO - [2026-04-10T15:47:26.224+0000] {dagbag.py:588} INFO - Filling up the DagBag from /usr/local/python/3.12.1/lib/python3.12/site-packages/airflow/example_dags/example_params_ui_tutorial.py
[2026-04-10T15:47:26.232+0000] {processor.py:925} INFO - DAG(s) 'example_params_ui_tutorial' retrieved from /usr/local/python/3.12.1/lib/python3.12/site-packages/airflow/example_dags/example_params_ui_tutorial.py
[2026-04-10T15:47:26.266+0000] {logging_mixin.py:190} INFO - [2026-04-10T15:47:26.265+0000] {dag.py:3239} INFO - Sync 1 DAGs
[2026-04-10T15:47:26.276+0000] {logging_mixin.py:190} INFO - [2026-04-10T15:47:26.276+0000] {dag.py:4180} INFO - Setting next_dagrun for example_params_ui_tutorial to None, run_after=None
[2026-04-10T15:47:26.291+0000] {processor.py:208} INFO - Processing /usr/local/python/3.12.1/lib/python3.12/site-packages/airflow/example_dags/example_params_ui_tutorial.py took 0.073 seconds
[2026-04-10T15:48:16.364+0000] {processor.py:186} INFO - Started process (PID=137117) to work on /usr/local/python/3.12.1/lib/python3.12/site-packages/airflow/example_dags/example_params_ui_tutorial.py
[2026-04-10T15:48:16.364+0000] {processor.py:914} INFO - Processing file /usr/local/python/3.12.1/lib/python3.12/site-packages/airflow/example_dags/example_params_ui_tutorial.py for tasks to queue
[2026-04-10T15:48:16.366+0000] {logging_mixin.py:190} INFO - [2026-04-10T15:48:16.365+0000] {dagbag.py:588} INFO - Filling up the DagBag from /usr/local/python/3.12.1/lib/python3.12/site-packages/airflow/example_dags/example_params_ui_tutorial.py
[2026-04-10T15:48:16.373+0000] {processor.py:925} INFO - DAG(s) 'example_params_ui_tutorial' retrieved from /usr/local/python/3.12.1/lib/python3.12/site-packages/airflow/example_dags/example_params_ui_tutorial.py
[2026-04-10T15:48:16.405+0000] {logging_mixin.py:190} INFO - [2026-04-10T15:48:16.405+0000] {dag.py:3239} INFO - Sync 1 DAGs
[2026-04-10T15:48:16.415+0000] {logging_mixin.py:190} INFO - [2026-04-10T15:48:16.415+0000] {dag.py:4180} INFO - Setting next_dagrun for example_params_ui_tutorial to None, run_after=None
[2026-04-10T15:48:16.430+0000] {processor.py:208} INFO - Processing /usr/local/python/3.12.1/lib/python3.12/site-packages/airflow/example_dags/example_params_ui_tutorial.py took 0.071 seconds
[2026-04-10T15:49:07.161+0000] {processor.py:186} INFO - Started process (PID=138036) to work on /usr/local/python/3.12.1/lib/python3.12/site-packages/airflow/example_dags/example_params_ui_tutorial.py
[2026-04-10T15:49:07.162+0000] {processor.py:914} INFO - Processing file /usr/local/python/3.12.1/lib/python3.12/site-packages/airflow/example_dags/example_params_ui_tutorial.py for tasks to queue
[2026-04-10T15:49:07.164+0000] {logging_mixin.py:190} INFO - [2026-04-10T15:49:07.163+0000] {dagbag.py:588} INFO - Filling up the DagBag from /usr/local/python/3.12.1/lib/python3.12/site-packages/airflow/example_dags/example_params_ui_tutorial.py
[2026-04-10T15:49:07.171+0000] {processor.py:925} INFO - DAG(s) 'example_params_ui_tutorial' retrieved from /usr/local/python/3.12.1/lib/python3.12/site-packages/airflow/example_dags/example_params_ui_tutorial.py
[2026-04-10T15:49:07.203+0000] {logging_mixin.py:190} INFO - [2026-04-10T15:49:07.203+0000] {dag.py:3239} INFO - Sync 1 DAGs
[2026-04-10T15:49:07.213+0000] {logging_mixin.py:190} INFO - [2026-04-10T15:49:07.213+0000] {dag.py:4180} INFO - Setting next_dagrun for example_params_ui_tutorial to None, run_after=None
[2026-04-10T15:49:07.228+0000] {processor.py:208} INFO - Processing /usr/local/python/3.12.1/lib/python3.12/site-packages/airflow/example_dags/example_params_ui_tutorial.py took 0.071 seconds
[2026-04-10T15:50:07.580+0000] {processor.py:186} INFO - Started process (PID=138870) to work on /usr/local/python/3.12.1/lib/python3.12/site-packages/airflow/example_dags/example_params_ui_tutorial.py
[2026-04-10T15:50:07.581+0000] {processor.py:914} INFO - Processing file /usr/local/python/3.12.1/lib/python3.12/site-packages/airflow/example_dags/example_params_ui_tutorial.py for tasks to queue
[2026-04-10T15:50:07.582+0000] {logging_mixin.py:190} INFO - [2026-04-10T15:50:07.582+0000] {dagbag.py:588} INFO - Filling up the DagBag from /usr/local/python/3.12.1/lib/python3.12/site-packages/airflow/example_dags/example_params_ui_tutorial.py
[2026-04-10T15:50:07.589+0000] {processor.py:925} INFO - DAG(s) 'example_params_ui_tutorial' retrieved from /usr/local/python/3.12.1/lib/python3.12/site-packages/airflow/example_dags/example_params_ui_tutorial.py
[2026-04-10T15:50:07.629+0000] {logging_mixin.py:190} INFO - [2026-04-10T15:50:07.629+0000] {dag.py:3239} INFO - Sync 1 DAGs
[2026-04-10T15:50:07.639+0000] {logging_mixin.py:190} INFO - [2026-04-10T15:50:07.639+0000] {dag.py:4180} INFO - Setting next_dagrun for example_params_ui_tutorial to None, run_after=None
[2026-04-10T15:50:07.656+0000] {processor.py:208} INFO - Processing /usr/local/python/3.12.1/lib/python3.12/site-packages/airflow/example_dags/example_params_ui_tutorial.py took 0.081 seconds
[2026-04-10T15:50:56.627+0000] {processor.py:186} INFO - Started process (PID=139435) to work on /usr/local/python/3.12.1/lib/python3.12/site-packages/airflow/example_dags/example_params_ui_tutorial.py
[2026-04-10T15:50:56.627+0000] {processor.py:914} INFO - Processing file /usr/local/python/3.12.1/lib/python3.12/site-packages/airflow/example_dags/example_params_ui_tutorial.py for tasks to queue
[2026-04-10T15:50:56.629+0000] {logging_mixin.py:190} INFO - [2026-04-10T15:50:56.628+0000] {dagbag.py:588} INFO - Filling up the DagBag from /usr/local/python/3.12.1/lib/python3.12/site-packages/airflow/example_dags/example_params_ui_tutorial.py
[2026-04-10T15:50:56.637+0000] {processor.py:925} INFO - DAG(s) 'example_params_ui_tutorial' retrieved from /usr/local/python/3.12.1/lib/python3.12/site-packages/airflow/example_dags/example_params_ui_tutorial.py
[2026-04-10T15:50:56.670+0000] {logging_mixin.py:190} INFO - [2026-04-10T15:50:56.670+0000] {dag.py:3239} INFO - Sync 1 DAGs
[2026-04-10T15:50:56.680+0000] {logging_mixin.py:190} INFO - [2026-04-10T15:50:56.680+0000] {dag.py:4180} INFO - Setting next_dagrun for example_params_ui_tutorial to None, run_after=None
[2026-04-10T15:50:56.697+0000] {processor.py:208} INFO - Processing /usr/local/python/3.12.1/lib/python3.12/site-packages/airflow/example_dags/example_params_ui_tutorial.py took 0.075 seconds
[2026-04-10T15:51:48.109+0000] {processor.py:186} INFO - Started process (PID=139908) to work on /usr/local/python/3.12.1/lib/python3.12/site-packages/airflow/example_dags/example_params_ui_tutorial.py
[2026-04-10T15:51:48.110+0000] {processor.py:914} INFO - Processing file /usr/local/python/3.12.1/lib/python3.12/site-packages/airflow/example_dags/example_params_ui_tutorial.py for tasks to queue
[2026-04-10T15:51:48.112+0000] {logging_mixin.py:190} INFO - [2026-04-10T15:51:48.111+0000] {dagbag.py:588} INFO - Filling up the DagBag from /usr/local/python/3.12.1/lib/python3.12/site-packages/airflow/example_dags/example_params_ui_tutorial.py
[2026-04-10T15:51:48.119+0000] {processor.py:925} INFO - DAG(s) 'example_params_ui_tutorial' retrieved from /usr/local/python/3.12.1/lib/python3.12/site-packages/airflow/example_dags/example_params_ui_tutorial.py
[2026-04-10T15:51:48.152+0000] {logging_mixin.py:190} INFO - [2026-04-10T15:51:48.151+0000] {dag.py:3239} INFO - Sync 1 DAGs
[2026-04-10T15:51:48.162+0000] {logging_mixin.py:190} INFO - [2026-04-10T15:51:48.161+0000] {dag.py:4180} INFO - Setting next_dagrun for example_params_ui_tutorial to None, run_after=None
[2026-04-10T15:51:48.178+0000] {processor.py:208} INFO - Processing /usr/local/python/3.12.1/lib/python3.12/site-packages/airflow/example_dags/example_params_ui_tutorial.py took 0.073 seconds
[2026-04-10T15:52:47.721+0000] {processor.py:186} INFO - Started process (PID=140749) to work on /usr/local/python/3.12.1/lib/python3.12/site-packages/airflow/example_dags/example_params_ui_tutorial.py
[2026-04-10T15:52:47.722+0000] {processor.py:914} INFO - Processing file /usr/local/python/3.12.1/lib/python3.12/site-packages/airflow/example_dags/example_params_ui_tutorial.py for tasks to queue
[2026-04-10T15:52:47.724+0000] {logging_mixin.py:190} INFO - [2026-04-10T15:52:47.724+0000] {dagbag.py:588} INFO - Filling up the DagBag from /usr/local/python/3.12.1/lib/python3.12/site-packages/airflow/example_dags/example_params_ui_tutorial.py
[2026-04-10T15:52:47.735+0000] {processor.py:925} INFO - DAG(s) 'example_params_ui_tutorial' retrieved from /usr/local/python/3.12.1/lib/python3.12/site-packages/airflow/example_dags/example_params_ui_tutorial.py
[2026-04-10T15:52:47.768+0000] {logging_mixin.py:190} INFO - [2026-04-10T15:52:47.768+0000] {dag.py:3239} INFO - Sync 1 DAGs
[2026-04-10T15:52:47.778+0000] {logging_mixin.py:190} INFO - [2026-04-10T15:52:47.778+0000] {dag.py:4180} INFO - Setting next_dagrun for example_params_ui_tutorial to None, run_after=None
[2026-04-10T15:52:47.794+0000] {processor.py:208} INFO - Processing /usr/local/python/3.12.1/lib/python3.12/site-packages/airflow/example_dags/example_params_ui_tutorial.py took 0.077 seconds
[2026-04-10T15:53:42.712+0000] {processor.py:186} INFO - Started process (PID=141279) to work on /usr/local/python/3.12.1/lib/python3.12/site-packages/airflow/example_dags/example_params_ui_tutorial.py
[2026-04-10T15:53:42.713+0000] {processor.py:914} INFO - Processing file /usr/local/python/3.12.1/lib/python3.12/site-packages/airflow/example_dags/example_params_ui_tutorial.py for tasks to queue
[2026-04-10T15:53:42.714+0000] {logging_mixin.py:190} INFO - [2026-04-10T15:53:42.714+0000] {dagbag.py:588} INFO - Filling up the DagBag from /usr/local/python/3.12.1/lib/python3.12/site-packages/airflow/example_dags/example_params_ui_tutorial.py
[2026-04-10T15:53:42.722+0000] {processor.py:925} INFO - DAG(s) 'example_params_ui_tutorial' retrieved from /usr/local/python/3.12.1/lib/python3.12/site-packages/airflow/example_dags/example_params_ui_tutorial.py
[2026-04-10T15:53:42.756+0000] {logging_mixin.py:190} INFO - [2026-04-10T15:53:42.756+0000] {dag.py:3239} INFO - Sync 1 DAGs
[2026-04-10T15:53:42.766+0000] {logging_mixin.py:190} INFO - [2026-04-10T15:53:42.766+0000] {dag.py:4180} INFO - Setting next_dagrun for example_params_ui_tutorial to None, run_after=None
[2026-04-10T15:53:42.783+0000] {processor.py:208} INFO - Processing /usr/local/python/3.12.1/lib/python3.12/site-packages/airflow/example_dags/example_params_ui_tutorial.py took 0.076 seconds
[2026-04-10T15:54:34.705+0000] {processor.py:186} INFO - Started process (PID=141756) to work on /usr/local/python/3.12.1/lib/python3.12/site-packages/airflow/example_dags/example_params_ui_tutorial.py
[2026-04-10T15:54:34.706+0000] {processor.py:914} INFO - Processing file /usr/local/python/3.12.1/lib/python3.12/site-packages/airflow/example_dags/example_params_ui_tutorial.py for tasks to queue
[2026-04-10T15:54:34.708+0000] {logging_mixin.py:190} INFO - [2026-04-10T15:54:34.707+0000] {dagbag.py:588} INFO - Filling up the DagBag from /usr/local/python/3.12.1/lib/python3.12/site-packages/airflow/example_dags/example_params_ui_tutorial.py
[2026-04-10T15:54:34.715+0000] {processor.py:925} INFO - DAG(s) 'example_params_ui_tutorial' retrieved from /usr/local/python/3.12.1/lib/python3.12/site-packages/airflow/example_dags/example_params_ui_tutorial.py
[2026-04-10T15:54:34.769+0000] {logging_mixin.py:190} INFO - [2026-04-10T15:54:34.769+0000] {dag.py:3239} INFO - Sync 1 DAGs
[2026-04-10T15:54:34.787+0000] {logging_mixin.py:190} INFO - [2026-04-10T15:54:34.787+0000] {dag.py:4180} INFO - Setting next_dagrun for example_params_ui_tutorial to None, run_after=None
[2026-04-10T15:54:34.805+0000] {processor.py:208} INFO - Processing /usr/local/python/3.12.1/lib/python3.12/site-packages/airflow/example_dags/example_params_ui_tutorial.py took 0.104 seconds
[2026-04-10T15:55:26.893+0000] {processor.py:186} INFO - Started process (PID=142253) to work on /usr/local/python/3.12.1/lib/python3.12/site-packages/airflow/example_dags/example_params_ui_tutorial.py
[2026-04-10T15:55:26.894+0000] {processor.py:914} INFO - Processing file /usr/local/python/3.12.1/lib/python3.12/site-packages/airflow/example_dags/example_params_ui_tutorial.py for tasks to queue
[2026-04-10T15:55:26.895+0000] {logging_mixin.py:190} INFO - [2026-04-10T15:55:26.895+0000] {dagbag.py:588} INFO - Filling up the DagBag from /usr/local/python/3.12.1/lib/python3.12/site-packages/airflow/example_dags/example_params_ui_tutorial.py
[2026-04-10T15:55:26.903+0000] {processor.py:925} INFO - DAG(s) 'example_params_ui_tutorial' retrieved from /usr/local/python/3.12.1/lib/python3.12/site-packages/airflow/example_dags/example_params_ui_tutorial.py
[2026-04-10T15:55:26.935+0000] {logging_mixin.py:190} INFO - [2026-04-10T15:55:26.935+0000] {dag.py:3239} INFO - Sync 1 DAGs
[2026-04-10T15:55:26.946+0000] {logging_mixin.py:190} INFO - [2026-04-10T15:55:26.945+0000] {dag.py:4180} INFO - Setting next_dagrun for example_params_ui_tutorial to None, run_after=None
[2026-04-10T15:55:26.964+0000] {processor.py:208} INFO - Processing /usr/local/python/3.12.1/lib/python3.12/site-packages/airflow/example_dags/example_params_ui_tutorial.py took 0.075 seconds
[2026-04-10T15:56:15.089+0000] {processor.py:186} INFO - Started process (PID=142694) to work on /usr/local/python/3.12.1/lib/python3.12/site-packages/airflow/example_dags/example_params_ui_tutorial.py
[2026-04-10T15:56:15.089+0000] {processor.py:914} INFO - Processing file /usr/local/python/3.12.1/lib/python3.12/site-packages/airflow/example_dags/example_params_ui_tutorial.py for tasks to queue
[2026-04-10T15:56:15.091+0000] {logging_mixin.py:190} INFO - [2026-04-10T15:56:15.091+0000] {dagbag.py:588} INFO - Filling up the DagBag from /usr/local/python/3.12.1/lib/python3.12/site-packages/airflow/example_dags/example_params_ui_tutorial.py
[2026-04-10T15:56:15.098+0000] {processor.py:925} INFO - DAG(s) 'example_params_ui_tutorial' retrieved from /usr/local/python/3.12.1/lib/python3.12/site-packages/airflow/example_dags/example_params_ui_tutorial.py
[2026-04-10T15:56:15.130+0000] {logging_mixin.py:190} INFO - [2026-04-10T15:56:15.130+0000] {dag.py:3239} INFO - Sync 1 DAGs
[2026-04-10T15:56:15.140+0000] {logging_mixin.py:190} INFO - [2026-04-10T15:56:15.140+0000] {dag.py:4180} INFO - Setting next_dagrun for example_params_ui_tutorial to None, run_after=None
[2026-04-10T15:56:15.155+0000] {processor.py:208} INFO - Processing /usr/local/python/3.12.1/lib/python3.12/site-packages/airflow/example_dags/example_params_ui_tutorial.py took 0.071 seconds
[2026-04-10T15:57:05.683+0000] {processor.py:186} INFO - Started process (PID=143147) to work on /usr/local/python/3.12.1/lib/python3.12/site-packages/airflow/example_dags/example_params_ui_tutorial.py
[2026-04-10T15:57:05.684+0000] {processor.py:914} INFO - Processing file /usr/local/python/3.12.1/lib/python3.12/site-packages/airflow/example_dags/example_params_ui_tutorial.py for tasks to queue
[2026-04-10T15:57:05.685+0000] {logging_mixin.py:190} INFO - [2026-04-10T15:57:05.685+0000] {dagbag.py:588} INFO - Filling up the DagBag from /usr/local/python/3.12.1/lib/python3.12/site-packages/airflow/example_dags/example_params_ui_tutorial.py
[2026-04-10T15:57:05.692+0000] {processor.py:925} INFO - DAG(s) 'example_params_ui_tutorial' retrieved from /usr/local/python/3.12.1/lib/python3.12/site-packages/airflow/example_dags/example_params_ui_tutorial.py
[2026-04-10T15:57:05.726+0000] {logging_mixin.py:190} INFO - [2026-04-10T15:57:05.726+0000] {dag.py:3239} INFO - Sync 1 DAGs
[2026-04-10T15:57:05.736+0000] {logging_mixin.py:190} INFO - [2026-04-10T15:57:05.736+0000] {dag.py:4180} INFO - Setting next_dagrun for example_params_ui_tutorial to None, run_after=None
[2026-04-10T15:57:05.753+0000] {processor.py:208} INFO - Processing /usr/local/python/3.12.1/lib/python3.12/site-packages/airflow/example_dags/example_params_ui_tutorial.py took 0.074 seconds
[2026-04-10T15:58:01.851+0000] {processor.py:186} INFO - Started process (PID=143586) to work on /usr/local/python/3.12.1/lib/python3.12/site-packages/airflow/example_dags/example_params_ui_tutorial.py
[2026-04-10T15:58:01.852+0000] {processor.py:914} INFO - Processing file /usr/local/python/3.12.1/lib/python3.12/site-packages/airflow/example_dags/example_params_ui_tutorial.py for tasks to queue
[2026-04-10T15:58:01.853+0000] {logging_mixin.py:190} INFO - [2026-04-10T15:58:01.853+0000] {dagbag.py:588} INFO - Filling up the DagBag from /usr/local/python/3.12.1/lib/python3.12/site-packages/airflow/example_dags/example_params_ui_tutorial.py
[2026-04-10T15:58:01.861+0000] {processor.py:925} INFO - DAG(s) 'example_params_ui_tutorial' retrieved from /usr/local/python/3.12.1/lib/python3.12/site-packages/airflow/example_dags/example_params_ui_tutorial.py
[2026-04-10T15:58:01.894+0000] {logging_mixin.py:190} INFO - [2026-04-10T15:58:01.894+0000] {dag.py:3239} INFO - Sync 1 DAGs
[2026-04-10T15:58:01.904+0000] {logging_mixin.py:190} INFO - [2026-04-10T15:58:01.904+0000] {dag.py:4180} INFO - Setting next_dagrun for example_params_ui_tutorial to None, run_after=None
[2026-04-10T15:58:01.919+0000] {processor.py:208} INFO - Processing /usr/local/python/3.12.1/lib/python3.12/site-packages/airflow/example_dags/example_params_ui_tutorial.py took 0.073 seconds
[2026-04-10T15:58:52.342+0000] {processor.py:186} INFO - Started process (PID=144103) to work on /usr/local/python/3.12.1/lib/python3.12/site-packages/airflow/example_dags/example_params_ui_tutorial.py
[2026-04-10T15:58:52.343+0000] {processor.py:914} INFO - Processing file /usr/local/python/3.12.1/lib/python3.12/site-packages/airflow/example_dags/example_params_ui_tutorial.py for tasks to queue
[2026-04-10T15:58:52.347+0000] {logging_mixin.py:190} INFO - [2026-04-10T15:58:52.344+0000] {dagbag.py:588} INFO - Filling up the DagBag from /usr/local/python/3.12.1/lib/python3.12/site-packages/airflow/example_dags/example_params_ui_tutorial.py
[2026-04-10T15:58:52.359+0000] {processor.py:925} INFO - DAG(s) 'example_params_ui_tutorial' retrieved from /usr/local/python/3.12.1/lib/python3.12/site-packages/airflow/example_dags/example_params_ui_tutorial.py
[2026-04-10T15:58:52.414+0000] {logging_mixin.py:190} INFO - [2026-04-10T15:58:52.414+0000] {dag.py:3239} INFO - Sync 1 DAGs
[2026-04-10T15:58:52.426+0000] {logging_mixin.py:190} INFO - [2026-04-10T15:58:52.426+0000] {dag.py:4180} INFO - Setting next_dagrun for example_params_ui_tutorial to None, run_after=None
[2026-04-10T15:58:52.442+0000] {processor.py:208} INFO - Processing /usr/local/python/3.12.1/lib/python3.12/site-packages/airflow/example_dags/example_params_ui_tutorial.py took 0.105 seconds
[2026-04-10T15:59:41.450+0000] {processor.py:186} INFO - Started process (PID=144533) to work on /usr/local/python/3.12.1/lib/python3.12/site-packages/airflow/example_dags/example_params_ui_tutorial.py
[2026-04-10T15:59:41.451+0000] {processor.py:914} INFO - Processing file /usr/local/python/3.12.1/lib/python3.12/site-packages/airflow/example_dags/example_params_ui_tutorial.py for tasks to queue
[2026-04-10T15:59:41.453+0000] {logging_mixin.py:190} INFO - [2026-04-10T15:59:41.453+0000] {dagbag.py:588} INFO - Filling up the DagBag from /usr/local/python/3.12.1/lib/python3.12/site-packages/airflow/example_dags/example_params_ui_tutorial.py
[2026-04-10T15:59:41.466+0000] {processor.py:925} INFO - DAG(s) 'example_params_ui_tutorial' retrieved from /usr/local/python/3.12.1/lib/python3.12/site-packages/airflow/example_dags/example_params_ui_tutorial.py
[2026-04-10T15:59:41.535+0000] {logging_mixin.py:190} INFO - [2026-04-10T15:59:41.534+0000] {dag.py:3239} INFO - Sync 1 DAGs
[2026-04-10T15:59:41.558+0000] {logging_mixin.py:190} INFO - [2026-04-10T15:59:41.557+0000] {dag.py:4180} INFO - Setting next_dagrun for example_params_ui_tutorial to None, run_after=None
[2026-04-10T15:59:41.595+0000] {processor.py:208} INFO - Processing /usr/local/python/3.12.1/lib/python3.12/site-packages/airflow/example_dags/example_params_ui_tutorial.py took 0.154 seconds
