[2026-04-10T15:19:54.544+0000] {processor.py:186} INFO - Started process (PID=117952) to work on /usr/local/python/3.12.1/lib/python3.12/site-packages/airflow/example_dags/example_short_circuit_decorator.py
[2026-04-10T15:19:54.545+0000] {processor.py:914} INFO - Processing file /usr/local/python/3.12.1/lib/python3.12/site-packages/airflow/example_dags/example_short_circuit_decorator.py for tasks to queue
[2026-04-10T15:19:54.546+0000] {logging_mixin.py:190} INFO - [2026-04-10T15:19:54.546+0000] {dagbag.py:588} INFO - Filling up the DagBag from /usr/local/python/3.12.1/lib/python3.12/site-packages/airflow/example_dags/example_short_circuit_decorator.py
[2026-04-10T15:19:54.554+0000] {processor.py:925} INFO - DAG(s) 'example_short_circuit_decorator' retrieved from /usr/local/python/3.12.1/lib/python3.12/site-packages/airflow/example_dags/example_short_circuit_decorator.py
[2026-04-10T15:19:54.661+0000] {logging_mixin.py:190} INFO - [2026-04-10T15:19:54.661+0000] {override.py:1900} INFO - Created Permission View: can edit on DAG:example_short_circuit_decorator
[2026-04-10T15:19:54.671+0000] {logging_mixin.py:190} INFO - [2026-04-10T15:19:54.671+0000] {override.py:1900} INFO - Created Permission View: can delete on DAG:example_short_circuit_decorator
[2026-04-10T15:19:54.679+0000] {logging_mixin.py:190} INFO - [2026-04-10T15:19:54.679+0000] {override.py:1900} INFO - Created Permission View: can read on DAG:example_short_circuit_decorator
[2026-04-10T15:19:54.707+0000] {logging_mixin.py:190} INFO - [2026-04-10T15:19:54.706+0000] {override.py:1900} INFO - Created Permission View: menu access on DAG Run:example_short_circuit_decorator
[2026-04-10T15:19:54.734+0000] {logging_mixin.py:190} INFO - [2026-04-10T15:19:54.733+0000] {override.py:1900} INFO - Created Permission View: can create on DAG Run:example_short_circuit_decorator
[2026-04-10T15:19:54.757+0000] {logging_mixin.py:190} INFO - [2026-04-10T15:19:54.757+0000] {override.py:1900} INFO - Created Permission View: can delete on DAG Run:example_short_circuit_decorator
[2026-04-10T15:19:54.775+0000] {logging_mixin.py:190} INFO - [2026-04-10T15:19:54.775+0000] {override.py:1900} INFO - Created Permission View: can read on DAG Run:example_short_circuit_decorator
[2026-04-10T15:19:54.776+0000] {logging_mixin.py:190} INFO - [2026-04-10T15:19:54.776+0000] {dag.py:3239} INFO - Sync 1 DAGs
[2026-04-10T15:19:54.795+0000] {logging_mixin.py:190} INFO - [2026-04-10T15:19:54.794+0000] {dag.py:3262} INFO - Creating ORM DAG for example_short_circuit_decorator
[2026-04-10T15:19:54.795+0000] {logging_mixin.py:190} INFO - [2026-04-10T15:19:54.795+0000] {dag.py:4180} INFO - Setting next_dagrun for example_short_circuit_decorator to None, run_after=None
[2026-04-10T15:19:54.818+0000] {processor.py:208} INFO - Processing /usr/local/python/3.12.1/lib/python3.12/site-packages/airflow/example_dags/example_short_circuit_decorator.py took 0.278 seconds
[2026-04-10T15:20:59.311+0000] {processor.py:186} INFO - Started process (PID=118545) to work on /usr/local/python/3.12.1/lib/python3.12/site-packages/airflow/example_dags/example_short_circuit_decorator.py
[2026-04-10T15:20:59.312+0000] {processor.py:914} INFO - Processing file /usr/local/python/3.12.1/lib/python3.12/site-packages/airflow/example_dags/example_short_circuit_decorator.py for tasks to queue
[2026-04-10T15:20:59.314+0000] {logging_mixin.py:190} INFO - [2026-04-10T15:20:59.313+0000] {dagbag.py:588} INFO - Filling up the DagBag from /usr/local/python/3.12.1/lib/python3.12/site-packages/airflow/example_dags/example_short_circuit_decorator.py
[2026-04-10T15:20:59.322+0000] {processor.py:925} INFO - DAG(s) 'example_short_circuit_decorator' retrieved from /usr/local/python/3.12.1/lib/python3.12/site-packages/airflow/example_dags/example_short_circuit_decorator.py
[2026-04-10T15:20:59.336+0000] {logging_mixin.py:190} INFO - [2026-04-10T15:20:59.336+0000] {dag.py:3239} INFO - Sync 1 DAGs
[2026-04-10T15:20:59.345+0000] {logging_mixin.py:190} INFO - [2026-04-10T15:20:59.345+0000] {dag.py:4180} INFO - Setting next_dagrun for example_short_circuit_decorator to None, run_after=None
[2026-04-10T15:20:59.362+0000] {processor.py:208} INFO - Processing /usr/local/python/3.12.1/lib/python3.12/site-packages/airflow/example_dags/example_short_circuit_decorator.py took 0.056 seconds
[2026-04-10T15:21:54.975+0000] {processor.py:186} INFO - Started process (PID=119395) to work on /usr/local/python/3.12.1/lib/python3.12/site-packages/airflow/example_dags/example_short_circuit_decorator.py
[2026-04-10T15:21:54.976+0000] {processor.py:914} INFO - Processing file /usr/local/python/3.12.1/lib/python3.12/site-packages/airflow/example_dags/example_short_circuit_decorator.py for tasks to queue
[2026-04-10T15:21:54.977+0000] {logging_mixin.py:190} INFO - [2026-04-10T15:21:54.977+0000] {dagbag.py:588} INFO - Filling up the DagBag from /usr/local/python/3.12.1/lib/python3.12/site-packages/airflow/example_dags/example_short_circuit_decorator.py
[2026-04-10T15:21:54.985+0000] {processor.py:925} INFO - DAG(s) 'example_short_circuit_decorator' retrieved from /usr/local/python/3.12.1/lib/python3.12/site-packages/airflow/example_dags/example_short_circuit_decorator.py
[2026-04-10T15:21:55.004+0000] {logging_mixin.py:190} INFO - [2026-04-10T15:21:55.004+0000] {dag.py:3239} INFO - Sync 1 DAGs
[2026-04-10T15:21:55.016+0000] {logging_mixin.py:190} INFO - [2026-04-10T15:21:55.016+0000] {dag.py:4180} INFO - Setting next_dagrun for example_short_circuit_decorator to None, run_after=None
[2026-04-10T15:21:55.038+0000] {processor.py:208} INFO - Processing /usr/local/python/3.12.1/lib/python3.12/site-packages/airflow/example_dags/example_short_circuit_decorator.py took 0.067 seconds
[2026-04-10T15:22:47.186+0000] {processor.py:186} INFO - Started process (PID=119974) to work on /usr/local/python/3.12.1/lib/python3.12/site-packages/airflow/example_dags/example_short_circuit_decorator.py
[2026-04-10T15:22:47.187+0000] {processor.py:914} INFO - Processing file /usr/local/python/3.12.1/lib/python3.12/site-packages/airflow/example_dags/example_short_circuit_decorator.py for tasks to queue
[2026-04-10T15:22:47.188+0000] {logging_mixin.py:190} INFO - [2026-04-10T15:22:47.188+0000] {dagbag.py:588} INFO - Filling up the DagBag from /usr/local/python/3.12.1/lib/python3.12/site-packages/airflow/example_dags/example_short_circuit_decorator.py
[2026-04-10T15:22:47.197+0000] {processor.py:925} INFO - DAG(s) 'example_short_circuit_decorator' retrieved from /usr/local/python/3.12.1/lib/python3.12/site-packages/airflow/example_dags/example_short_circuit_decorator.py
[2026-04-10T15:22:47.216+0000] {logging_mixin.py:190} INFO - [2026-04-10T15:22:47.216+0000] {dag.py:3239} INFO - Sync 1 DAGs
[2026-04-10T15:22:47.225+0000] {logging_mixin.py:190} INFO - [2026-04-10T15:22:47.225+0000] {dag.py:4180} INFO - Setting next_dagrun for example_short_circuit_decorator to None, run_after=None
[2026-04-10T15:22:47.242+0000] {processor.py:208} INFO - Processing /usr/local/python/3.12.1/lib/python3.12/site-packages/airflow/example_dags/example_short_circuit_decorator.py took 0.062 seconds
[2026-04-10T15:23:39.348+0000] {processor.py:186} INFO - Started process (PID=120435) to work on /usr/local/python/3.12.1/lib/python3.12/site-packages/airflow/example_dags/example_short_circuit_decorator.py
[2026-04-10T15:23:39.349+0000] {processor.py:914} INFO - Processing file /usr/local/python/3.12.1/lib/python3.12/site-packages/airflow/example_dags/example_short_circuit_decorator.py for tasks to queue
[2026-04-10T15:23:39.350+0000] {logging_mixin.py:190} INFO - [2026-04-10T15:23:39.350+0000] {dagbag.py:588} INFO - Filling up the DagBag from /usr/local/python/3.12.1/lib/python3.12/site-packages/airflow/example_dags/example_short_circuit_decorator.py
[2026-04-10T15:23:39.360+0000] {processor.py:925} INFO - DAG(s) 'example_short_circuit_decorator' retrieved from /usr/local/python/3.12.1/lib/python3.12/site-packages/airflow/example_dags/example_short_circuit_decorator.py
[2026-04-10T15:23:39.377+0000] {logging_mixin.py:190} INFO - [2026-04-10T15:23:39.376+0000] {dag.py:3239} INFO - Sync 1 DAGs
[2026-04-10T15:23:39.387+0000] {logging_mixin.py:190} INFO - [2026-04-10T15:23:39.386+0000] {dag.py:4180} INFO - Setting next_dagrun for example_short_circuit_decorator to None, run_after=None
[2026-04-10T15:23:39.513+0000] {processor.py:208} INFO - Processing /usr/local/python/3.12.1/lib/python3.12/site-packages/airflow/example_dags/example_short_circuit_decorator.py took 0.169 seconds
[2026-04-10T15:24:34.814+0000] {processor.py:186} INFO - Started process (PID=120933) to work on /usr/local/python/3.12.1/lib/python3.12/site-packages/airflow/example_dags/example_short_circuit_decorator.py
[2026-04-10T15:24:34.815+0000] {processor.py:914} INFO - Processing file /usr/local/python/3.12.1/lib/python3.12/site-packages/airflow/example_dags/example_short_circuit_decorator.py for tasks to queue
[2026-04-10T15:24:34.817+0000] {logging_mixin.py:190} INFO - [2026-04-10T15:24:34.817+0000] {dagbag.py:588} INFO - Filling up the DagBag from /usr/local/python/3.12.1/lib/python3.12/site-packages/airflow/example_dags/example_short_circuit_decorator.py
[2026-04-10T15:24:34.825+0000] {processor.py:925} INFO - DAG(s) 'example_short_circuit_decorator' retrieved from /usr/local/python/3.12.1/lib/python3.12/site-packages/airflow/example_dags/example_short_circuit_decorator.py
[2026-04-10T15:24:34.839+0000] {logging_mixin.py:190} INFO - [2026-04-10T15:24:34.838+0000] {dag.py:3239} INFO - Sync 1 DAGs
[2026-04-10T15:24:34.849+0000] {logging_mixin.py:190} INFO - [2026-04-10T15:24:34.849+0000] {dag.py:4180} INFO - Setting next_dagrun for example_short_circuit_decorator to None, run_after=None
[2026-04-10T15:24:34.867+0000] {processor.py:208} INFO - Processing /usr/local/python/3.12.1/lib/python3.12/site-packages/airflow/example_dags/example_short_circuit_decorator.py took 0.057 seconds
[2026-04-10T15:25:30.450+0000] {processor.py:186} INFO - Started process (PID=121572) to work on /usr/local/python/3.12.1/lib/python3.12/site-packages/airflow/example_dags/example_short_circuit_decorator.py
[2026-04-10T15:25:30.453+0000] {processor.py:914} INFO - Processing file /usr/local/python/3.12.1/lib/python3.12/site-packages/airflow/example_dags/example_short_circuit_decorator.py for tasks to queue
[2026-04-10T15:25:30.458+0000] {logging_mixin.py:190} INFO - [2026-04-10T15:25:30.458+0000] {dagbag.py:588} INFO - Filling up the DagBag from /usr/local/python/3.12.1/lib/python3.12/site-packages/airflow/example_dags/example_short_circuit_decorator.py
[2026-04-10T15:25:30.501+0000] {processor.py:925} INFO - DAG(s) 'example_short_circuit_decorator' retrieved from /usr/local/python/3.12.1/lib/python3.12/site-packages/airflow/example_dags/example_short_circuit_decorator.py
[2026-04-10T15:25:30.556+0000] {logging_mixin.py:190} INFO - [2026-04-10T15:25:30.554+0000] {dag.py:3239} INFO - Sync 1 DAGs
[2026-04-10T15:25:30.597+0000] {logging_mixin.py:190} INFO - [2026-04-10T15:25:30.596+0000] {dag.py:4180} INFO - Setting next_dagrun for example_short_circuit_decorator to None, run_after=None
[2026-04-10T15:25:30.695+0000] {processor.py:208} INFO - Processing /usr/local/python/3.12.1/lib/python3.12/site-packages/airflow/example_dags/example_short_circuit_decorator.py took 0.273 seconds
[2026-04-10T15:26:25.585+0000] {processor.py:186} INFO - Started process (PID=122180) to work on /usr/local/python/3.12.1/lib/python3.12/site-packages/airflow/example_dags/example_short_circuit_decorator.py
[2026-04-10T15:26:25.586+0000] {processor.py:914} INFO - Processing file /usr/local/python/3.12.1/lib/python3.12/site-packages/airflow/example_dags/example_short_circuit_decorator.py for tasks to queue
[2026-04-10T15:26:25.588+0000] {logging_mixin.py:190} INFO - [2026-04-10T15:26:25.587+0000] {dagbag.py:588} INFO - Filling up the DagBag from /usr/local/python/3.12.1/lib/python3.12/site-packages/airflow/example_dags/example_short_circuit_decorator.py
[2026-04-10T15:26:25.597+0000] {processor.py:925} INFO - DAG(s) 'example_short_circuit_decorator' retrieved from /usr/local/python/3.12.1/lib/python3.12/site-packages/airflow/example_dags/example_short_circuit_decorator.py
[2026-04-10T15:26:25.615+0000] {logging_mixin.py:190} INFO - [2026-04-10T15:26:25.615+0000] {dag.py:3239} INFO - Sync 1 DAGs
[2026-04-10T15:26:25.625+0000] {logging_mixin.py:190} INFO - [2026-04-10T15:26:25.625+0000] {dag.py:4180} INFO - Setting next_dagrun for example_short_circuit_decorator to None, run_after=None
[2026-04-10T15:26:25.642+0000] {processor.py:208} INFO - Processing /usr/local/python/3.12.1/lib/python3.12/site-packages/airflow/example_dags/example_short_circuit_decorator.py took 0.061 seconds
[2026-04-10T15:27:20.386+0000] {processor.py:186} INFO - Started process (PID=122821) to work on /usr/local/python/3.12.1/lib/python3.12/site-packages/airflow/example_dags/example_short_circuit_decorator.py
[2026-04-10T15:27:20.386+0000] {processor.py:914} INFO - Processing file /usr/local/python/3.12.1/lib/python3.12/site-packages/airflow/example_dags/example_short_circuit_decorator.py for tasks to queue
[2026-04-10T15:27:20.388+0000] {logging_mixin.py:190} INFO - [2026-04-10T15:27:20.388+0000] {dagbag.py:588} INFO - Filling up the DagBag from /usr/local/python/3.12.1/lib/python3.12/site-packages/airflow/example_dags/example_short_circuit_decorator.py
[2026-04-10T15:27:20.397+0000] {processor.py:925} INFO - DAG(s) 'example_short_circuit_decorator' retrieved from /usr/local/python/3.12.1/lib/python3.12/site-packages/airflow/example_dags/example_short_circuit_decorator.py
[2026-04-10T15:27:20.416+0000] {logging_mixin.py:190} INFO - [2026-04-10T15:27:20.416+0000] {dag.py:3239} INFO - Sync 1 DAGs
[2026-04-10T15:27:20.426+0000] {logging_mixin.py:190} INFO - [2026-04-10T15:27:20.426+0000] {dag.py:4180} INFO - Setting next_dagrun for example_short_circuit_decorator to None, run_after=None
[2026-04-10T15:27:20.442+0000] {processor.py:208} INFO - Processing /usr/local/python/3.12.1/lib/python3.12/site-packages/airflow/example_dags/example_short_circuit_decorator.py took 0.061 seconds
[2026-04-10T15:28:12.386+0000] {processor.py:186} INFO - Started process (PID=123338) to work on /usr/local/python/3.12.1/lib/python3.12/site-packages/airflow/example_dags/example_short_circuit_decorator.py
[2026-04-10T15:28:12.387+0000] {processor.py:914} INFO - Processing file /usr/local/python/3.12.1/lib/python3.12/site-packages/airflow/example_dags/example_short_circuit_decorator.py for tasks to queue
[2026-04-10T15:28:12.388+0000] {logging_mixin.py:190} INFO - [2026-04-10T15:28:12.388+0000] {dagbag.py:588} INFO - Filling up the DagBag from /usr/local/python/3.12.1/lib/python3.12/site-packages/airflow/example_dags/example_short_circuit_decorator.py
[2026-04-10T15:28:12.400+0000] {processor.py:925} INFO - DAG(s) 'example_short_circuit_decorator' retrieved from /usr/local/python/3.12.1/lib/python3.12/site-packages/airflow/example_dags/example_short_circuit_decorator.py
[2026-04-10T15:28:12.418+0000] {logging_mixin.py:190} INFO - [2026-04-10T15:28:12.418+0000] {dag.py:3239} INFO - Sync 1 DAGs
[2026-04-10T15:28:12.428+0000] {logging_mixin.py:190} INFO - [2026-04-10T15:28:12.428+0000] {dag.py:4180} INFO - Setting next_dagrun for example_short_circuit_decorator to None, run_after=None
[2026-04-10T15:28:12.445+0000] {processor.py:208} INFO - Processing /usr/local/python/3.12.1/lib/python3.12/site-packages/airflow/example_dags/example_short_circuit_decorator.py took 0.063 seconds
[2026-04-10T15:29:03.953+0000] {processor.py:186} INFO - Started process (PID=123795) to work on /usr/local/python/3.12.1/lib/python3.12/site-packages/airflow/example_dags/example_short_circuit_decorator.py
[2026-04-10T15:29:03.953+0000] {processor.py:914} INFO - Processing file /usr/local/python/3.12.1/lib/python3.12/site-packages/airflow/example_dags/example_short_circuit_decorator.py for tasks to queue
[2026-04-10T15:29:03.955+0000] {logging_mixin.py:190} INFO - [2026-04-10T15:29:03.955+0000] {dagbag.py:588} INFO - Filling up the DagBag from /usr/local/python/3.12.1/lib/python3.12/site-packages/airflow/example_dags/example_short_circuit_decorator.py
[2026-04-10T15:29:03.963+0000] {processor.py:925} INFO - DAG(s) 'example_short_circuit_decorator' retrieved from /usr/local/python/3.12.1/lib/python3.12/site-packages/airflow/example_dags/example_short_circuit_decorator.py
[2026-04-10T15:29:03.980+0000] {logging_mixin.py:190} INFO - [2026-04-10T15:29:03.980+0000] {dag.py:3239} INFO - Sync 1 DAGs
[2026-04-10T15:29:03.991+0000] {logging_mixin.py:190} INFO - [2026-04-10T15:29:03.991+0000] {dag.py:4180} INFO - Setting next_dagrun for example_short_circuit_decorator to None, run_after=None
[2026-04-10T15:29:04.013+0000] {processor.py:208} INFO - Processing /usr/local/python/3.12.1/lib/python3.12/site-packages/airflow/example_dags/example_short_circuit_decorator.py took 0.065 seconds
[2026-04-10T15:29:57.426+0000] {processor.py:186} INFO - Started process (PID=124442) to work on /usr/local/python/3.12.1/lib/python3.12/site-packages/airflow/example_dags/example_short_circuit_decorator.py
[2026-04-10T15:29:57.426+0000] {processor.py:914} INFO - Processing file /usr/local/python/3.12.1/lib/python3.12/site-packages/airflow/example_dags/example_short_circuit_decorator.py for tasks to queue
[2026-04-10T15:29:57.429+0000] {logging_mixin.py:190} INFO - [2026-04-10T15:29:57.428+0000] {dagbag.py:588} INFO - Filling up the DagBag from /usr/local/python/3.12.1/lib/python3.12/site-packages/airflow/example_dags/example_short_circuit_decorator.py
[2026-04-10T15:29:57.441+0000] {processor.py:925} INFO - DAG(s) 'example_short_circuit_decorator' retrieved from /usr/local/python/3.12.1/lib/python3.12/site-packages/airflow/example_dags/example_short_circuit_decorator.py
[2026-04-10T15:29:57.457+0000] {logging_mixin.py:190} INFO - [2026-04-10T15:29:57.457+0000] {dag.py:3239} INFO - Sync 1 DAGs
[2026-04-10T15:29:57.468+0000] {logging_mixin.py:190} INFO - [2026-04-10T15:29:57.468+0000] {dag.py:4180} INFO - Setting next_dagrun for example_short_circuit_decorator to None, run_after=None
[2026-04-10T15:29:57.493+0000] {processor.py:208} INFO - Processing /usr/local/python/3.12.1/lib/python3.12/site-packages/airflow/example_dags/example_short_circuit_decorator.py took 0.072 seconds
[2026-04-10T15:30:51.013+0000] {processor.py:186} INFO - Started process (PID=125059) to work on /usr/local/python/3.12.1/lib/python3.12/site-packages/airflow/example_dags/example_short_circuit_decorator.py
[2026-04-10T15:30:51.014+0000] {processor.py:914} INFO - Processing file /usr/local/python/3.12.1/lib/python3.12/site-packages/airflow/example_dags/example_short_circuit_decorator.py for tasks to queue
[2026-04-10T15:30:51.016+0000] {logging_mixin.py:190} INFO - [2026-04-10T15:30:51.016+0000] {dagbag.py:588} INFO - Filling up the DagBag from /usr/local/python/3.12.1/lib/python3.12/site-packages/airflow/example_dags/example_short_circuit_decorator.py
[2026-04-10T15:30:51.028+0000] {processor.py:925} INFO - DAG(s) 'example_short_circuit_decorator' retrieved from /usr/local/python/3.12.1/lib/python3.12/site-packages/airflow/example_dags/example_short_circuit_decorator.py
[2026-04-10T15:30:51.044+0000] {logging_mixin.py:190} INFO - [2026-04-10T15:30:51.044+0000] {dag.py:3239} INFO - Sync 1 DAGs
[2026-04-10T15:30:51.055+0000] {logging_mixin.py:190} INFO - [2026-04-10T15:30:51.055+0000] {dag.py:4180} INFO - Setting next_dagrun for example_short_circuit_decorator to None, run_after=None
[2026-04-10T15:30:51.072+0000] {processor.py:208} INFO - Processing /usr/local/python/3.12.1/lib/python3.12/site-packages/airflow/example_dags/example_short_circuit_decorator.py took 0.065 seconds
[2026-04-10T15:31:43.965+0000] {processor.py:186} INFO - Started process (PID=125833) to work on /usr/local/python/3.12.1/lib/python3.12/site-packages/airflow/example_dags/example_short_circuit_decorator.py
[2026-04-10T15:31:43.965+0000] {processor.py:914} INFO - Processing file /usr/local/python/3.12.1/lib/python3.12/site-packages/airflow/example_dags/example_short_circuit_decorator.py for tasks to queue
[2026-04-10T15:31:43.967+0000] {logging_mixin.py:190} INFO - [2026-04-10T15:31:43.967+0000] {dagbag.py:588} INFO - Filling up the DagBag from /usr/local/python/3.12.1/lib/python3.12/site-packages/airflow/example_dags/example_short_circuit_decorator.py
[2026-04-10T15:31:43.977+0000] {processor.py:925} INFO - DAG(s) 'example_short_circuit_decorator' retrieved from /usr/local/python/3.12.1/lib/python3.12/site-packages/airflow/example_dags/example_short_circuit_decorator.py
[2026-04-10T15:31:43.992+0000] {logging_mixin.py:190} INFO - [2026-04-10T15:31:43.992+0000] {dag.py:3239} INFO - Sync 1 DAGs
[2026-04-10T15:31:44.003+0000] {logging_mixin.py:190} INFO - [2026-04-10T15:31:44.002+0000] {dag.py:4180} INFO - Setting next_dagrun for example_short_circuit_decorator to None, run_after=None
[2026-04-10T15:31:44.020+0000] {processor.py:208} INFO - Processing /usr/local/python/3.12.1/lib/python3.12/site-packages/airflow/example_dags/example_short_circuit_decorator.py took 0.059 seconds
[2026-04-10T15:32:34.685+0000] {processor.py:186} INFO - Started process (PID=126581) to work on /usr/local/python/3.12.1/lib/python3.12/site-packages/airflow/example_dags/example_short_circuit_decorator.py
[2026-04-10T15:32:34.686+0000] {processor.py:914} INFO - Processing file /usr/local/python/3.12.1/lib/python3.12/site-packages/airflow/example_dags/example_short_circuit_decorator.py for tasks to queue
[2026-04-10T15:32:34.688+0000] {logging_mixin.py:190} INFO - [2026-04-10T15:32:34.687+0000] {dagbag.py:588} INFO - Filling up the DagBag from /usr/local/python/3.12.1/lib/python3.12/site-packages/airflow/example_dags/example_short_circuit_decorator.py
[2026-04-10T15:32:34.696+0000] {processor.py:925} INFO - DAG(s) 'example_short_circuit_decorator' retrieved from /usr/local/python/3.12.1/lib/python3.12/site-packages/airflow/example_dags/example_short_circuit_decorator.py
[2026-04-10T15:32:34.712+0000] {logging_mixin.py:190} INFO - [2026-04-10T15:32:34.711+0000] {dag.py:3239} INFO - Sync 1 DAGs
[2026-04-10T15:32:34.722+0000] {logging_mixin.py:190} INFO - [2026-04-10T15:32:34.722+0000] {dag.py:4180} INFO - Setting next_dagrun for example_short_circuit_decorator to None, run_after=None
[2026-04-10T15:32:34.740+0000] {processor.py:208} INFO - Processing /usr/local/python/3.12.1/lib/python3.12/site-packages/airflow/example_dags/example_short_circuit_decorator.py took 0.059 seconds
[2026-04-10T15:33:32.210+0000] {processor.py:186} INFO - Started process (PID=127381) to work on /usr/local/python/3.12.1/lib/python3.12/site-packages/airflow/example_dags/example_short_circuit_decorator.py
[2026-04-10T15:33:32.211+0000] {processor.py:914} INFO - Processing file /usr/local/python/3.12.1/lib/python3.12/site-packages/airflow/example_dags/example_short_circuit_decorator.py for tasks to queue
[2026-04-10T15:33:32.213+0000] {logging_mixin.py:190} INFO - [2026-04-10T15:33:32.212+0000] {dagbag.py:588} INFO - Filling up the DagBag from /usr/local/python/3.12.1/lib/python3.12/site-packages/airflow/example_dags/example_short_circuit_decorator.py
[2026-04-10T15:33:32.221+0000] {processor.py:925} INFO - DAG(s) 'example_short_circuit_decorator' retrieved from /usr/local/python/3.12.1/lib/python3.12/site-packages/airflow/example_dags/example_short_circuit_decorator.py
[2026-04-10T15:33:32.236+0000] {logging_mixin.py:190} INFO - [2026-04-10T15:33:32.235+0000] {dag.py:3239} INFO - Sync 1 DAGs
[2026-04-10T15:33:32.245+0000] {logging_mixin.py:190} INFO - [2026-04-10T15:33:32.245+0000] {dag.py:4180} INFO - Setting next_dagrun for example_short_circuit_decorator to None, run_after=None
[2026-04-10T15:33:32.262+0000] {processor.py:208} INFO - Processing /usr/local/python/3.12.1/lib/python3.12/site-packages/airflow/example_dags/example_short_circuit_decorator.py took 0.056 seconds
[2026-04-10T15:34:24.983+0000] {processor.py:186} INFO - Started process (PID=127823) to work on /usr/local/python/3.12.1/lib/python3.12/site-packages/airflow/example_dags/example_short_circuit_decorator.py
[2026-04-10T15:34:24.984+0000] {processor.py:914} INFO - Processing file /usr/local/python/3.12.1/lib/python3.12/site-packages/airflow/example_dags/example_short_circuit_decorator.py for tasks to queue
[2026-04-10T15:34:24.986+0000] {logging_mixin.py:190} INFO - [2026-04-10T15:34:24.985+0000] {dagbag.py:588} INFO - Filling up the DagBag from /usr/local/python/3.12.1/lib/python3.12/site-packages/airflow/example_dags/example_short_circuit_decorator.py
[2026-04-10T15:34:24.994+0000] {processor.py:925} INFO - DAG(s) 'example_short_circuit_decorator' retrieved from /usr/local/python/3.12.1/lib/python3.12/site-packages/airflow/example_dags/example_short_circuit_decorator.py
[2026-04-10T15:34:25.008+0000] {logging_mixin.py:190} INFO - [2026-04-10T15:34:25.008+0000] {dag.py:3239} INFO - Sync 1 DAGs
[2026-04-10T15:34:25.019+0000] {logging_mixin.py:190} INFO - [2026-04-10T15:34:25.019+0000] {dag.py:4180} INFO - Setting next_dagrun for example_short_circuit_decorator to None, run_after=None
[2026-04-10T15:34:25.037+0000] {processor.py:208} INFO - Processing /usr/local/python/3.12.1/lib/python3.12/site-packages/airflow/example_dags/example_short_circuit_decorator.py took 0.058 seconds
[2026-04-10T15:35:24.120+0000] {processor.py:186} INFO - Started process (PID=128573) to work on /usr/local/python/3.12.1/lib/python3.12/site-packages/airflow/example_dags/example_short_circuit_decorator.py
[2026-04-10T15:35:24.121+0000] {processor.py:914} INFO - Processing file /usr/local/python/3.12.1/lib/python3.12/site-packages/airflow/example_dags/example_short_circuit_decorator.py for tasks to queue
[2026-04-10T15:35:24.123+0000] {logging_mixin.py:190} INFO - [2026-04-10T15:35:24.122+0000] {dagbag.py:588} INFO - Filling up the DagBag from /usr/local/python/3.12.1/lib/python3.12/site-packages/airflow/example_dags/example_short_circuit_decorator.py
[2026-04-10T15:35:24.131+0000] {processor.py:925} INFO - DAG(s) 'example_short_circuit_decorator' retrieved from /usr/local/python/3.12.1/lib/python3.12/site-packages/airflow/example_dags/example_short_circuit_decorator.py
[2026-04-10T15:35:24.146+0000] {logging_mixin.py:190} INFO - [2026-04-10T15:35:24.146+0000] {dag.py:3239} INFO - Sync 1 DAGs
[2026-04-10T15:35:24.159+0000] {logging_mixin.py:190} INFO - [2026-04-10T15:35:24.159+0000] {dag.py:4180} INFO - Setting next_dagrun for example_short_circuit_decorator to None, run_after=None
[2026-04-10T15:35:24.176+0000] {processor.py:208} INFO - Processing /usr/local/python/3.12.1/lib/python3.12/site-packages/airflow/example_dags/example_short_circuit_decorator.py took 0.061 seconds
[2026-04-10T15:36:21.162+0000] {processor.py:186} INFO - Started process (PID=129338) to work on /usr/local/python/3.12.1/lib/python3.12/site-packages/airflow/example_dags/example_short_circuit_decorator.py
[2026-04-10T15:36:21.163+0000] {processor.py:914} INFO - Processing file /usr/local/python/3.12.1/lib/python3.12/site-packages/airflow/example_dags/example_short_circuit_decorator.py for tasks to queue
[2026-04-10T15:36:21.165+0000] {logging_mixin.py:190} INFO - [2026-04-10T15:36:21.164+0000] {dagbag.py:588} INFO - Filling up the DagBag from /usr/local/python/3.12.1/lib/python3.12/site-packages/airflow/example_dags/example_short_circuit_decorator.py
[2026-04-10T15:36:21.173+0000] {processor.py:925} INFO - DAG(s) 'example_short_circuit_decorator' retrieved from /usr/local/python/3.12.1/lib/python3.12/site-packages/airflow/example_dags/example_short_circuit_decorator.py
[2026-04-10T15:36:21.188+0000] {logging_mixin.py:190} INFO - [2026-04-10T15:36:21.187+0000] {dag.py:3239} INFO - Sync 1 DAGs
[2026-04-10T15:36:21.198+0000] {logging_mixin.py:190} INFO - [2026-04-10T15:36:21.197+0000] {dag.py:4180} INFO - Setting next_dagrun for example_short_circuit_decorator to None, run_after=None
[2026-04-10T15:36:21.215+0000] {processor.py:208} INFO - Processing /usr/local/python/3.12.1/lib/python3.12/site-packages/airflow/example_dags/example_short_circuit_decorator.py took 0.057 seconds
[2026-04-10T15:37:20.271+0000] {processor.py:186} INFO - Started process (PID=130113) to work on /usr/local/python/3.12.1/lib/python3.12/site-packages/airflow/example_dags/example_short_circuit_decorator.py
[2026-04-10T15:37:20.272+0000] {processor.py:914} INFO - Processing file /usr/local/python/3.12.1/lib/python3.12/site-packages/airflow/example_dags/example_short_circuit_decorator.py for tasks to queue
[2026-04-10T15:37:20.274+0000] {logging_mixin.py:190} INFO - [2026-04-10T15:37:20.274+0000] {dagbag.py:588} INFO - Filling up the DagBag from /usr/local/python/3.12.1/lib/python3.12/site-packages/airflow/example_dags/example_short_circuit_decorator.py
[2026-04-10T15:37:20.282+0000] {processor.py:925} INFO - DAG(s) 'example_short_circuit_decorator' retrieved from /usr/local/python/3.12.1/lib/python3.12/site-packages/airflow/example_dags/example_short_circuit_decorator.py
[2026-04-10T15:37:20.298+0000] {logging_mixin.py:190} INFO - [2026-04-10T15:37:20.298+0000] {dag.py:3239} INFO - Sync 1 DAGs
[2026-04-10T15:37:20.309+0000] {logging_mixin.py:190} INFO - [2026-04-10T15:37:20.309+0000] {dag.py:4180} INFO - Setting next_dagrun for example_short_circuit_decorator to None, run_after=None
[2026-04-10T15:37:20.328+0000] {processor.py:208} INFO - Processing /usr/local/python/3.12.1/lib/python3.12/site-packages/airflow/example_dags/example_short_circuit_decorator.py took 0.061 seconds
[2026-04-10T15:38:25.517+0000] {processor.py:186} INFO - Started process (PID=131068) to work on /usr/local/python/3.12.1/lib/python3.12/site-packages/airflow/example_dags/example_short_circuit_decorator.py
[2026-04-10T15:38:25.518+0000] {processor.py:914} INFO - Processing file /usr/local/python/3.12.1/lib/python3.12/site-packages/airflow/example_dags/example_short_circuit_decorator.py for tasks to queue
[2026-04-10T15:38:25.519+0000] {logging_mixin.py:190} INFO - [2026-04-10T15:38:25.519+0000] {dagbag.py:588} INFO - Filling up the DagBag from /usr/local/python/3.12.1/lib/python3.12/site-packages/airflow/example_dags/example_short_circuit_decorator.py
[2026-04-10T15:38:25.527+0000] {processor.py:925} INFO - DAG(s) 'example_short_circuit_decorator' retrieved from /usr/local/python/3.12.1/lib/python3.12/site-packages/airflow/example_dags/example_short_circuit_decorator.py
[2026-04-10T15:38:25.544+0000] {logging_mixin.py:190} INFO - [2026-04-10T15:38:25.544+0000] {dag.py:3239} INFO - Sync 1 DAGs
[2026-04-10T15:38:25.562+0000] {logging_mixin.py:190} INFO - [2026-04-10T15:38:25.562+0000] {dag.py:4180} INFO - Setting next_dagrun for example_short_circuit_decorator to None, run_after=None
[2026-04-10T15:38:25.581+0000] {processor.py:208} INFO - Processing /usr/local/python/3.12.1/lib/python3.12/site-packages/airflow/example_dags/example_short_circuit_decorator.py took 0.069 seconds
[2026-04-10T15:39:22.200+0000] {processor.py:186} INFO - Started process (PID=131873) to work on /usr/local/python/3.12.1/lib/python3.12/site-packages/airflow/example_dags/example_short_circuit_decorator.py
[2026-04-10T15:39:22.201+0000] {processor.py:914} INFO - Processing file /usr/local/python/3.12.1/lib/python3.12/site-packages/airflow/example_dags/example_short_circuit_decorator.py for tasks to queue
[2026-04-10T15:39:22.202+0000] {logging_mixin.py:190} INFO - [2026-04-10T15:39:22.202+0000] {dagbag.py:588} INFO - Filling up the DagBag from /usr/local/python/3.12.1/lib/python3.12/site-packages/airflow/example_dags/example_short_circuit_decorator.py
[2026-04-10T15:39:22.210+0000] {processor.py:925} INFO - DAG(s) 'example_short_circuit_decorator' retrieved from /usr/local/python/3.12.1/lib/python3.12/site-packages/airflow/example_dags/example_short_circuit_decorator.py
[2026-04-10T15:39:22.227+0000] {logging_mixin.py:190} INFO - [2026-04-10T15:39:22.227+0000] {dag.py:3239} INFO - Sync 1 DAGs
[2026-04-10T15:39:22.237+0000] {logging_mixin.py:190} INFO - [2026-04-10T15:39:22.237+0000] {dag.py:4180} INFO - Setting next_dagrun for example_short_circuit_decorator to None, run_after=None
[2026-04-10T15:39:22.255+0000] {processor.py:208} INFO - Processing /usr/local/python/3.12.1/lib/python3.12/site-packages/airflow/example_dags/example_short_circuit_decorator.py took 0.059 seconds
[2026-04-10T15:40:11.693+0000] {processor.py:186} INFO - Started process (PID=132394) to work on /usr/local/python/3.12.1/lib/python3.12/site-packages/airflow/example_dags/example_short_circuit_decorator.py
[2026-04-10T15:40:11.694+0000] {processor.py:914} INFO - Processing file /usr/local/python/3.12.1/lib/python3.12/site-packages/airflow/example_dags/example_short_circuit_decorator.py for tasks to queue
[2026-04-10T15:40:11.695+0000] {logging_mixin.py:190} INFO - [2026-04-10T15:40:11.695+0000] {dagbag.py:588} INFO - Filling up the DagBag from /usr/local/python/3.12.1/lib/python3.12/site-packages/airflow/example_dags/example_short_circuit_decorator.py
[2026-04-10T15:40:11.703+0000] {processor.py:925} INFO - DAG(s) 'example_short_circuit_decorator' retrieved from /usr/local/python/3.12.1/lib/python3.12/site-packages/airflow/example_dags/example_short_circuit_decorator.py
[2026-04-10T15:40:11.718+0000] {logging_mixin.py:190} INFO - [2026-04-10T15:40:11.718+0000] {dag.py:3239} INFO - Sync 1 DAGs
[2026-04-10T15:40:11.728+0000] {logging_mixin.py:190} INFO - [2026-04-10T15:40:11.728+0000] {dag.py:4180} INFO - Setting next_dagrun for example_short_circuit_decorator to None, run_after=None
[2026-04-10T15:40:11.745+0000] {processor.py:208} INFO - Processing /usr/local/python/3.12.1/lib/python3.12/site-packages/airflow/example_dags/example_short_circuit_decorator.py took 0.056 seconds
[2026-04-10T15:41:02.017+0000] {processor.py:186} INFO - Started process (PID=132764) to work on /usr/local/python/3.12.1/lib/python3.12/site-packages/airflow/example_dags/example_short_circuit_decorator.py
[2026-04-10T15:41:02.018+0000] {processor.py:914} INFO - Processing file /usr/local/python/3.12.1/lib/python3.12/site-packages/airflow/example_dags/example_short_circuit_decorator.py for tasks to queue
[2026-04-10T15:41:02.019+0000] {logging_mixin.py:190} INFO - [2026-04-10T15:41:02.019+0000] {dagbag.py:588} INFO - Filling up the DagBag from /usr/local/python/3.12.1/lib/python3.12/site-packages/airflow/example_dags/example_short_circuit_decorator.py
[2026-04-10T15:41:02.027+0000] {processor.py:925} INFO - DAG(s) 'example_short_circuit_decorator' retrieved from /usr/local/python/3.12.1/lib/python3.12/site-packages/airflow/example_dags/example_short_circuit_decorator.py
[2026-04-10T15:41:02.042+0000] {logging_mixin.py:190} INFO - [2026-04-10T15:41:02.041+0000] {dag.py:3239} INFO - Sync 1 DAGs
[2026-04-10T15:41:02.052+0000] {logging_mixin.py:190} INFO - [2026-04-10T15:41:02.052+0000] {dag.py:4180} INFO - Setting next_dagrun for example_short_circuit_decorator to None, run_after=None
[2026-04-10T15:41:02.068+0000] {processor.py:208} INFO - Processing /usr/local/python/3.12.1/lib/python3.12/site-packages/airflow/example_dags/example_short_circuit_decorator.py took 0.055 seconds
[2026-04-10T15:41:54.449+0000] {processor.py:186} INFO - Started process (PID=133367) to work on /usr/local/python/3.12.1/lib/python3.12/site-packages/airflow/example_dags/example_short_circuit_decorator.py
[2026-04-10T15:41:54.450+0000] {processor.py:914} INFO - Processing file /usr/local/python/3.12.1/lib/python3.12/site-packages/airflow/example_dags/example_short_circuit_decorator.py for tasks to queue
[2026-04-10T15:41:54.451+0000] {logging_mixin.py:190} INFO - [2026-04-10T15:41:54.451+0000] {dagbag.py:588} INFO - Filling up the DagBag from /usr/local/python/3.12.1/lib/python3.12/site-packages/airflow/example_dags/example_short_circuit_decorator.py
[2026-04-10T15:41:54.459+0000] {processor.py:925} INFO - DAG(s) 'example_short_circuit_decorator' retrieved from /usr/local/python/3.12.1/lib/python3.12/site-packages/airflow/example_dags/example_short_circuit_decorator.py
[2026-04-10T15:41:54.473+0000] {logging_mixin.py:190} INFO - [2026-04-10T15:41:54.473+0000] {dag.py:3239} INFO - Sync 1 DAGs
[2026-04-10T15:41:54.482+0000] {logging_mixin.py:190} INFO - [2026-04-10T15:41:54.482+0000] {dag.py:4180} INFO - Setting next_dagrun for example_short_circuit_decorator to None, run_after=None
[2026-04-10T15:41:54.498+0000] {processor.py:208} INFO - Processing /usr/local/python/3.12.1/lib/python3.12/site-packages/airflow/example_dags/example_short_circuit_decorator.py took 0.053 seconds
[2026-04-10T15:42:49.862+0000] {processor.py:186} INFO - Started process (PID=133842) to work on /usr/local/python/3.12.1/lib/python3.12/site-packages/airflow/example_dags/example_short_circuit_decorator.py
[2026-04-10T15:42:49.863+0000] {processor.py:914} INFO - Processing file /usr/local/python/3.12.1/lib/python3.12/site-packages/airflow/example_dags/example_short_circuit_decorator.py for tasks to queue
[2026-04-10T15:42:49.864+0000] {logging_mixin.py:190} INFO - [2026-04-10T15:42:49.864+0000] {dagbag.py:588} INFO - Filling up the DagBag from /usr/local/python/3.12.1/lib/python3.12/site-packages/airflow/example_dags/example_short_circuit_decorator.py
[2026-04-10T15:42:49.981+0000] {processor.py:925} INFO - DAG(s) 'example_short_circuit_decorator' retrieved from /usr/local/python/3.12.1/lib/python3.12/site-packages/airflow/example_dags/example_short_circuit_decorator.py
[2026-04-10T15:42:49.994+0000] {logging_mixin.py:190} INFO - [2026-04-10T15:42:49.994+0000] {dag.py:3239} INFO - Sync 1 DAGs
[2026-04-10T15:42:50.002+0000] {logging_mixin.py:190} INFO - [2026-04-10T15:42:50.002+0000] {dag.py:4180} INFO - Setting next_dagrun for example_short_circuit_decorator to None, run_after=None
[2026-04-10T15:42:50.017+0000] {processor.py:208} INFO - Processing /usr/local/python/3.12.1/lib/python3.12/site-packages/airflow/example_dags/example_short_circuit_decorator.py took 0.159 seconds
[2026-04-10T15:43:41.675+0000] {processor.py:186} INFO - Started process (PID=134368) to work on /usr/local/python/3.12.1/lib/python3.12/site-packages/airflow/example_dags/example_short_circuit_decorator.py
[2026-04-10T15:43:41.676+0000] {processor.py:914} INFO - Processing file /usr/local/python/3.12.1/lib/python3.12/site-packages/airflow/example_dags/example_short_circuit_decorator.py for tasks to queue
[2026-04-10T15:43:41.678+0000] {logging_mixin.py:190} INFO - [2026-04-10T15:43:41.677+0000] {dagbag.py:588} INFO - Filling up the DagBag from /usr/local/python/3.12.1/lib/python3.12/site-packages/airflow/example_dags/example_short_circuit_decorator.py
[2026-04-10T15:43:41.685+0000] {processor.py:925} INFO - DAG(s) 'example_short_circuit_decorator' retrieved from /usr/local/python/3.12.1/lib/python3.12/site-packages/airflow/example_dags/example_short_circuit_decorator.py
[2026-04-10T15:43:41.700+0000] {logging_mixin.py:190} INFO - [2026-04-10T15:43:41.700+0000] {dag.py:3239} INFO - Sync 1 DAGs
[2026-04-10T15:43:41.711+0000] {logging_mixin.py:190} INFO - [2026-04-10T15:43:41.711+0000] {dag.py:4180} INFO - Setting next_dagrun for example_short_circuit_decorator to None, run_after=None
[2026-04-10T15:43:41.727+0000] {processor.py:208} INFO - Processing /usr/local/python/3.12.1/lib/python3.12/site-packages/airflow/example_dags/example_short_circuit_decorator.py took 0.056 seconds
[2026-04-10T15:44:36.831+0000] {processor.py:186} INFO - Started process (PID=134979) to work on /usr/local/python/3.12.1/lib/python3.12/site-packages/airflow/example_dags/example_short_circuit_decorator.py
[2026-04-10T15:44:36.831+0000] {processor.py:914} INFO - Processing file /usr/local/python/3.12.1/lib/python3.12/site-packages/airflow/example_dags/example_short_circuit_decorator.py for tasks to queue
[2026-04-10T15:44:36.833+0000] {logging_mixin.py:190} INFO - [2026-04-10T15:44:36.833+0000] {dagbag.py:588} INFO - Filling up the DagBag from /usr/local/python/3.12.1/lib/python3.12/site-packages/airflow/example_dags/example_short_circuit_decorator.py
[2026-04-10T15:44:36.841+0000] {processor.py:925} INFO - DAG(s) 'example_short_circuit_decorator' retrieved from /usr/local/python/3.12.1/lib/python3.12/site-packages/airflow/example_dags/example_short_circuit_decorator.py
[2026-04-10T15:44:36.856+0000] {logging_mixin.py:190} INFO - [2026-04-10T15:44:36.855+0000] {dag.py:3239} INFO - Sync 1 DAGs
[2026-04-10T15:44:36.865+0000] {logging_mixin.py:190} INFO - [2026-04-10T15:44:36.865+0000] {dag.py:4180} INFO - Setting next_dagrun for example_short_circuit_decorator to None, run_after=None
[2026-04-10T15:44:36.882+0000] {processor.py:208} INFO - Processing /usr/local/python/3.12.1/lib/python3.12/site-packages/airflow/example_dags/example_short_circuit_decorator.py took 0.055 seconds
[2026-04-10T15:45:30.768+0000] {processor.py:186} INFO - Started process (PID=135447) to work on /usr/local/python/3.12.1/lib/python3.12/site-packages/airflow/example_dags/example_short_circuit_decorator.py
[2026-04-10T15:45:30.769+0000] {processor.py:914} INFO - Processing file /usr/local/python/3.12.1/lib/python3.12/site-packages/airflow/example_dags/example_short_circuit_decorator.py for tasks to queue
[2026-04-10T15:45:30.770+0000] {logging_mixin.py:190} INFO - [2026-04-10T15:45:30.770+0000] {dagbag.py:588} INFO - Filling up the DagBag from /usr/local/python/3.12.1/lib/python3.12/site-packages/airflow/example_dags/example_short_circuit_decorator.py
[2026-04-10T15:45:30.778+0000] {processor.py:925} INFO - DAG(s) 'example_short_circuit_decorator' retrieved from /usr/local/python/3.12.1/lib/python3.12/site-packages/airflow/example_dags/example_short_circuit_decorator.py
[2026-04-10T15:45:30.792+0000] {logging_mixin.py:190} INFO - [2026-04-10T15:45:30.792+0000] {dag.py:3239} INFO - Sync 1 DAGs
[2026-04-10T15:45:30.802+0000] {logging_mixin.py:190} INFO - [2026-04-10T15:45:30.802+0000] {dag.py:4180} INFO - Setting next_dagrun for example_short_circuit_decorator to None, run_after=None
[2026-04-10T15:45:30.818+0000] {processor.py:208} INFO - Processing /usr/local/python/3.12.1/lib/python3.12/site-packages/airflow/example_dags/example_short_circuit_decorator.py took 0.054 seconds
[2026-04-10T15:46:24.460+0000] {processor.py:186} INFO - Started process (PID=136021) to work on /usr/local/python/3.12.1/lib/python3.12/site-packages/airflow/example_dags/example_short_circuit_decorator.py
[2026-04-10T15:46:24.461+0000] {processor.py:914} INFO - Processing file /usr/local/python/3.12.1/lib/python3.12/site-packages/airflow/example_dags/example_short_circuit_decorator.py for tasks to queue
[2026-04-10T15:46:24.462+0000] {logging_mixin.py:190} INFO - [2026-04-10T15:46:24.462+0000] {dagbag.py:588} INFO - Filling up the DagBag from /usr/local/python/3.12.1/lib/python3.12/site-packages/airflow/example_dags/example_short_circuit_decorator.py
[2026-04-10T15:46:24.470+0000] {processor.py:925} INFO - DAG(s) 'example_short_circuit_decorator' retrieved from /usr/local/python/3.12.1/lib/python3.12/site-packages/airflow/example_dags/example_short_circuit_decorator.py
[2026-04-10T15:46:24.484+0000] {logging_mixin.py:190} INFO - [2026-04-10T15:46:24.484+0000] {dag.py:3239} INFO - Sync 1 DAGs
[2026-04-10T15:46:24.494+0000] {logging_mixin.py:190} INFO - [2026-04-10T15:46:24.493+0000] {dag.py:4180} INFO - Setting next_dagrun for example_short_circuit_decorator to None, run_after=None
[2026-04-10T15:46:24.510+0000] {processor.py:208} INFO - Processing /usr/local/python/3.12.1/lib/python3.12/site-packages/airflow/example_dags/example_short_circuit_decorator.py took 0.054 seconds
[2026-04-10T15:47:19.377+0000] {processor.py:186} INFO - Started process (PID=136545) to work on /usr/local/python/3.12.1/lib/python3.12/site-packages/airflow/example_dags/example_short_circuit_decorator.py
[2026-04-10T15:47:19.378+0000] {processor.py:914} INFO - Processing file /usr/local/python/3.12.1/lib/python3.12/site-packages/airflow/example_dags/example_short_circuit_decorator.py for tasks to queue
[2026-04-10T15:47:19.379+0000] {logging_mixin.py:190} INFO - [2026-04-10T15:47:19.379+0000] {dagbag.py:588} INFO - Filling up the DagBag from /usr/local/python/3.12.1/lib/python3.12/site-packages/airflow/example_dags/example_short_circuit_decorator.py
[2026-04-10T15:47:19.390+0000] {processor.py:925} INFO - DAG(s) 'example_short_circuit_decorator' retrieved from /usr/local/python/3.12.1/lib/python3.12/site-packages/airflow/example_dags/example_short_circuit_decorator.py
[2026-04-10T15:47:19.408+0000] {logging_mixin.py:190} INFO - [2026-04-10T15:47:19.408+0000] {dag.py:3239} INFO - Sync 1 DAGs
[2026-04-10T15:47:19.421+0000] {logging_mixin.py:190} INFO - [2026-04-10T15:47:19.421+0000] {dag.py:4180} INFO - Setting next_dagrun for example_short_circuit_decorator to None, run_after=None
[2026-04-10T15:47:19.438+0000] {processor.py:208} INFO - Processing /usr/local/python/3.12.1/lib/python3.12/site-packages/airflow/example_dags/example_short_circuit_decorator.py took 0.065 seconds
[2026-04-10T15:48:08.865+0000] {processor.py:186} INFO - Started process (PID=137014) to work on /usr/local/python/3.12.1/lib/python3.12/site-packages/airflow/example_dags/example_short_circuit_decorator.py
[2026-04-10T15:48:08.866+0000] {processor.py:914} INFO - Processing file /usr/local/python/3.12.1/lib/python3.12/site-packages/airflow/example_dags/example_short_circuit_decorator.py for tasks to queue
[2026-04-10T15:48:08.867+0000] {logging_mixin.py:190} INFO - [2026-04-10T15:48:08.867+0000] {dagbag.py:588} INFO - Filling up the DagBag from /usr/local/python/3.12.1/lib/python3.12/site-packages/airflow/example_dags/example_short_circuit_decorator.py
[2026-04-10T15:48:08.876+0000] {processor.py:925} INFO - DAG(s) 'example_short_circuit_decorator' retrieved from /usr/local/python/3.12.1/lib/python3.12/site-packages/airflow/example_dags/example_short_circuit_decorator.py
[2026-04-10T15:48:08.900+0000] {logging_mixin.py:190} INFO - [2026-04-10T15:48:08.900+0000] {dag.py:3239} INFO - Sync 1 DAGs
[2026-04-10T15:48:08.931+0000] {logging_mixin.py:190} INFO - [2026-04-10T15:48:08.930+0000] {dag.py:4180} INFO - Setting next_dagrun for example_short_circuit_decorator to None, run_after=None
[2026-04-10T15:48:08.985+0000] {processor.py:208} INFO - Processing /usr/local/python/3.12.1/lib/python3.12/site-packages/airflow/example_dags/example_short_circuit_decorator.py took 0.125 seconds
[2026-04-10T15:48:59.774+0000] {processor.py:186} INFO - Started process (PID=137913) to work on /usr/local/python/3.12.1/lib/python3.12/site-packages/airflow/example_dags/example_short_circuit_decorator.py
[2026-04-10T15:48:59.775+0000] {processor.py:914} INFO - Processing file /usr/local/python/3.12.1/lib/python3.12/site-packages/airflow/example_dags/example_short_circuit_decorator.py for tasks to queue
[2026-04-10T15:48:59.777+0000] {logging_mixin.py:190} INFO - [2026-04-10T15:48:59.777+0000] {dagbag.py:588} INFO - Filling up the DagBag from /usr/local/python/3.12.1/lib/python3.12/site-packages/airflow/example_dags/example_short_circuit_decorator.py
[2026-04-10T15:48:59.790+0000] {processor.py:925} INFO - DAG(s) 'example_short_circuit_decorator' retrieved from /usr/local/python/3.12.1/lib/python3.12/site-packages/airflow/example_dags/example_short_circuit_decorator.py
[2026-04-10T15:48:59.813+0000] {logging_mixin.py:190} INFO - [2026-04-10T15:48:59.813+0000] {dag.py:3239} INFO - Sync 1 DAGs
[2026-04-10T15:48:59.825+0000] {logging_mixin.py:190} INFO - [2026-04-10T15:48:59.825+0000] {dag.py:4180} INFO - Setting next_dagrun for example_short_circuit_decorator to None, run_after=None
[2026-04-10T15:48:59.841+0000] {processor.py:208} INFO - Processing /usr/local/python/3.12.1/lib/python3.12/site-packages/airflow/example_dags/example_short_circuit_decorator.py took 0.074 seconds
[2026-04-10T15:50:01.307+0000] {processor.py:186} INFO - Started process (PID=138756) to work on /usr/local/python/3.12.1/lib/python3.12/site-packages/airflow/example_dags/example_short_circuit_decorator.py
[2026-04-10T15:50:01.308+0000] {processor.py:914} INFO - Processing file /usr/local/python/3.12.1/lib/python3.12/site-packages/airflow/example_dags/example_short_circuit_decorator.py for tasks to queue
[2026-04-10T15:50:01.309+0000] {logging_mixin.py:190} INFO - [2026-04-10T15:50:01.309+0000] {dagbag.py:588} INFO - Filling up the DagBag from /usr/local/python/3.12.1/lib/python3.12/site-packages/airflow/example_dags/example_short_circuit_decorator.py
[2026-04-10T15:50:01.317+0000] {processor.py:925} INFO - DAG(s) 'example_short_circuit_decorator' retrieved from /usr/local/python/3.12.1/lib/python3.12/site-packages/airflow/example_dags/example_short_circuit_decorator.py
[2026-04-10T15:50:01.331+0000] {logging_mixin.py:190} INFO - [2026-04-10T15:50:01.331+0000] {dag.py:3239} INFO - Sync 1 DAGs
[2026-04-10T15:50:01.341+0000] {logging_mixin.py:190} INFO - [2026-04-10T15:50:01.341+0000] {dag.py:4180} INFO - Setting next_dagrun for example_short_circuit_decorator to None, run_after=None
[2026-04-10T15:50:01.358+0000] {processor.py:208} INFO - Processing /usr/local/python/3.12.1/lib/python3.12/site-packages/airflow/example_dags/example_short_circuit_decorator.py took 0.055 seconds
[2026-04-10T15:50:48.738+0000] {processor.py:186} INFO - Started process (PID=139366) to work on /usr/local/python/3.12.1/lib/python3.12/site-packages/airflow/example_dags/example_short_circuit_decorator.py
[2026-04-10T15:50:48.739+0000] {processor.py:914} INFO - Processing file /usr/local/python/3.12.1/lib/python3.12/site-packages/airflow/example_dags/example_short_circuit_decorator.py for tasks to queue
[2026-04-10T15:50:48.740+0000] {logging_mixin.py:190} INFO - [2026-04-10T15:50:48.740+0000] {dagbag.py:588} INFO - Filling up the DagBag from /usr/local/python/3.12.1/lib/python3.12/site-packages/airflow/example_dags/example_short_circuit_decorator.py
[2026-04-10T15:50:48.748+0000] {processor.py:925} INFO - DAG(s) 'example_short_circuit_decorator' retrieved from /usr/local/python/3.12.1/lib/python3.12/site-packages/airflow/example_dags/example_short_circuit_decorator.py
[2026-04-10T15:50:48.762+0000] {logging_mixin.py:190} INFO - [2026-04-10T15:50:48.762+0000] {dag.py:3239} INFO - Sync 1 DAGs
[2026-04-10T15:50:48.772+0000] {logging_mixin.py:190} INFO - [2026-04-10T15:50:48.772+0000] {dag.py:4180} INFO - Setting next_dagrun for example_short_circuit_decorator to None, run_after=None
[2026-04-10T15:50:48.788+0000] {processor.py:208} INFO - Processing /usr/local/python/3.12.1/lib/python3.12/site-packages/airflow/example_dags/example_short_circuit_decorator.py took 0.055 seconds
[2026-04-10T15:51:40.091+0000] {processor.py:186} INFO - Started process (PID=139838) to work on /usr/local/python/3.12.1/lib/python3.12/site-packages/airflow/example_dags/example_short_circuit_decorator.py
[2026-04-10T15:51:40.092+0000] {processor.py:914} INFO - Processing file /usr/local/python/3.12.1/lib/python3.12/site-packages/airflow/example_dags/example_short_circuit_decorator.py for tasks to queue
[2026-04-10T15:51:40.093+0000] {logging_mixin.py:190} INFO - [2026-04-10T15:51:40.093+0000] {dagbag.py:588} INFO - Filling up the DagBag from /usr/local/python/3.12.1/lib/python3.12/site-packages/airflow/example_dags/example_short_circuit_decorator.py
[2026-04-10T15:51:40.101+0000] {processor.py:925} INFO - DAG(s) 'example_short_circuit_decorator' retrieved from /usr/local/python/3.12.1/lib/python3.12/site-packages/airflow/example_dags/example_short_circuit_decorator.py
[2026-04-10T15:51:40.116+0000] {logging_mixin.py:190} INFO - [2026-04-10T15:51:40.115+0000] {dag.py:3239} INFO - Sync 1 DAGs
[2026-04-10T15:51:40.126+0000] {logging_mixin.py:190} INFO - [2026-04-10T15:51:40.126+0000] {dag.py:4180} INFO - Setting next_dagrun for example_short_circuit_decorator to None, run_after=None
[2026-04-10T15:51:40.143+0000] {processor.py:208} INFO - Processing /usr/local/python/3.12.1/lib/python3.12/site-packages/airflow/example_dags/example_short_circuit_decorator.py took 0.056 seconds
[2026-04-10T15:52:39.916+0000] {processor.py:186} INFO - Started process (PID=140686) to work on /usr/local/python/3.12.1/lib/python3.12/site-packages/airflow/example_dags/example_short_circuit_decorator.py
[2026-04-10T15:52:39.916+0000] {processor.py:914} INFO - Processing file /usr/local/python/3.12.1/lib/python3.12/site-packages/airflow/example_dags/example_short_circuit_decorator.py for tasks to queue
[2026-04-10T15:52:39.918+0000] {logging_mixin.py:190} INFO - [2026-04-10T15:52:39.918+0000] {dagbag.py:588} INFO - Filling up the DagBag from /usr/local/python/3.12.1/lib/python3.12/site-packages/airflow/example_dags/example_short_circuit_decorator.py
[2026-04-10T15:52:39.926+0000] {processor.py:925} INFO - DAG(s) 'example_short_circuit_decorator' retrieved from /usr/local/python/3.12.1/lib/python3.12/site-packages/airflow/example_dags/example_short_circuit_decorator.py
[2026-04-10T15:52:39.941+0000] {logging_mixin.py:190} INFO - [2026-04-10T15:52:39.940+0000] {dag.py:3239} INFO - Sync 1 DAGs
[2026-04-10T15:52:39.950+0000] {logging_mixin.py:190} INFO - [2026-04-10T15:52:39.950+0000] {dag.py:4180} INFO - Setting next_dagrun for example_short_circuit_decorator to None, run_after=None
[2026-04-10T15:52:39.967+0000] {processor.py:208} INFO - Processing /usr/local/python/3.12.1/lib/python3.12/site-packages/airflow/example_dags/example_short_circuit_decorator.py took 0.056 seconds
[2026-04-10T15:53:34.137+0000] {processor.py:186} INFO - Started process (PID=141215) to work on /usr/local/python/3.12.1/lib/python3.12/site-packages/airflow/example_dags/example_short_circuit_decorator.py
[2026-04-10T15:53:34.138+0000] {processor.py:914} INFO - Processing file /usr/local/python/3.12.1/lib/python3.12/site-packages/airflow/example_dags/example_short_circuit_decorator.py for tasks to queue
[2026-04-10T15:53:34.139+0000] {logging_mixin.py:190} INFO - [2026-04-10T15:53:34.139+0000] {dagbag.py:588} INFO - Filling up the DagBag from /usr/local/python/3.12.1/lib/python3.12/site-packages/airflow/example_dags/example_short_circuit_decorator.py
[2026-04-10T15:53:34.147+0000] {processor.py:925} INFO - DAG(s) 'example_short_circuit_decorator' retrieved from /usr/local/python/3.12.1/lib/python3.12/site-packages/airflow/example_dags/example_short_circuit_decorator.py
[2026-04-10T15:53:34.162+0000] {logging_mixin.py:190} INFO - [2026-04-10T15:53:34.161+0000] {dag.py:3239} INFO - Sync 1 DAGs
[2026-04-10T15:53:34.171+0000] {logging_mixin.py:190} INFO - [2026-04-10T15:53:34.171+0000] {dag.py:4180} INFO - Setting next_dagrun for example_short_circuit_decorator to None, run_after=None
[2026-04-10T15:53:34.188+0000] {processor.py:208} INFO - Processing /usr/local/python/3.12.1/lib/python3.12/site-packages/airflow/example_dags/example_short_circuit_decorator.py took 0.056 seconds
[2026-04-10T15:54:26.798+0000] {processor.py:186} INFO - Started process (PID=141687) to work on /usr/local/python/3.12.1/lib/python3.12/site-packages/airflow/example_dags/example_short_circuit_decorator.py
[2026-04-10T15:54:26.799+0000] {processor.py:914} INFO - Processing file /usr/local/python/3.12.1/lib/python3.12/site-packages/airflow/example_dags/example_short_circuit_decorator.py for tasks to queue
[2026-04-10T15:54:26.801+0000] {logging_mixin.py:190} INFO - [2026-04-10T15:54:26.801+0000] {dagbag.py:588} INFO - Filling up the DagBag from /usr/local/python/3.12.1/lib/python3.12/site-packages/airflow/example_dags/example_short_circuit_decorator.py
[2026-04-10T15:54:26.815+0000] {processor.py:925} INFO - DAG(s) 'example_short_circuit_decorator' retrieved from /usr/local/python/3.12.1/lib/python3.12/site-packages/airflow/example_dags/example_short_circuit_decorator.py
[2026-04-10T15:54:26.846+0000] {logging_mixin.py:190} INFO - [2026-04-10T15:54:26.845+0000] {dag.py:3239} INFO - Sync 1 DAGs
[2026-04-10T15:54:26.864+0000] {logging_mixin.py:190} INFO - [2026-04-10T15:54:26.864+0000] {dag.py:4180} INFO - Setting next_dagrun for example_short_circuit_decorator to None, run_after=None
[2026-04-10T15:54:26.892+0000] {processor.py:208} INFO - Processing /usr/local/python/3.12.1/lib/python3.12/site-packages/airflow/example_dags/example_short_circuit_decorator.py took 0.102 seconds
[2026-04-10T15:55:19.486+0000] {processor.py:186} INFO - Started process (PID=142207) to work on /usr/local/python/3.12.1/lib/python3.12/site-packages/airflow/example_dags/example_short_circuit_decorator.py
[2026-04-10T15:55:19.487+0000] {processor.py:914} INFO - Processing file /usr/local/python/3.12.1/lib/python3.12/site-packages/airflow/example_dags/example_short_circuit_decorator.py for tasks to queue
[2026-04-10T15:55:19.489+0000] {logging_mixin.py:190} INFO - [2026-04-10T15:55:19.488+0000] {dagbag.py:588} INFO - Filling up the DagBag from /usr/local/python/3.12.1/lib/python3.12/site-packages/airflow/example_dags/example_short_circuit_decorator.py
[2026-04-10T15:55:19.496+0000] {processor.py:925} INFO - DAG(s) 'example_short_circuit_decorator' retrieved from /usr/local/python/3.12.1/lib/python3.12/site-packages/airflow/example_dags/example_short_circuit_decorator.py
[2026-04-10T15:55:19.511+0000] {logging_mixin.py:190} INFO - [2026-04-10T15:55:19.511+0000] {dag.py:3239} INFO - Sync 1 DAGs
[2026-04-10T15:55:19.522+0000] {logging_mixin.py:190} INFO - [2026-04-10T15:55:19.521+0000] {dag.py:4180} INFO - Setting next_dagrun for example_short_circuit_decorator to None, run_after=None
[2026-04-10T15:55:19.540+0000] {processor.py:208} INFO - Processing /usr/local/python/3.12.1/lib/python3.12/site-packages/airflow/example_dags/example_short_circuit_decorator.py took 0.058 seconds
[2026-04-10T15:56:08.451+0000] {processor.py:186} INFO - Started process (PID=142638) to work on /usr/local/python/3.12.1/lib/python3.12/site-packages/airflow/example_dags/example_short_circuit_decorator.py
[2026-04-10T15:56:08.452+0000] {processor.py:914} INFO - Processing file /usr/local/python/3.12.1/lib/python3.12/site-packages/airflow/example_dags/example_short_circuit_decorator.py for tasks to queue
[2026-04-10T15:56:08.454+0000] {logging_mixin.py:190} INFO - [2026-04-10T15:56:08.453+0000] {dagbag.py:588} INFO - Filling up the DagBag from /usr/local/python/3.12.1/lib/python3.12/site-packages/airflow/example_dags/example_short_circuit_decorator.py
[2026-04-10T15:56:08.462+0000] {processor.py:925} INFO - DAG(s) 'example_short_circuit_decorator' retrieved from /usr/local/python/3.12.1/lib/python3.12/site-packages/airflow/example_dags/example_short_circuit_decorator.py
[2026-04-10T15:56:08.476+0000] {logging_mixin.py:190} INFO - [2026-04-10T15:56:08.476+0000] {dag.py:3239} INFO - Sync 1 DAGs
[2026-04-10T15:56:08.485+0000] {logging_mixin.py:190} INFO - [2026-04-10T15:56:08.485+0000] {dag.py:4180} INFO - Setting next_dagrun for example_short_circuit_decorator to None, run_after=None
[2026-04-10T15:56:08.502+0000] {processor.py:208} INFO - Processing /usr/local/python/3.12.1/lib/python3.12/site-packages/airflow/example_dags/example_short_circuit_decorator.py took 0.055 seconds
[2026-04-10T15:56:58.838+0000] {processor.py:186} INFO - Started process (PID=143030) to work on /usr/local/python/3.12.1/lib/python3.12/site-packages/airflow/example_dags/example_short_circuit_decorator.py
[2026-04-10T15:56:58.839+0000] {processor.py:914} INFO - Processing file /usr/local/python/3.12.1/lib/python3.12/site-packages/airflow/example_dags/example_short_circuit_decorator.py for tasks to queue
[2026-04-10T15:56:58.841+0000] {logging_mixin.py:190} INFO - [2026-04-10T15:56:58.841+0000] {dagbag.py:588} INFO - Filling up the DagBag from /usr/local/python/3.12.1/lib/python3.12/site-packages/airflow/example_dags/example_short_circuit_decorator.py
[2026-04-10T15:56:58.849+0000] {processor.py:925} INFO - DAG(s) 'example_short_circuit_decorator' retrieved from /usr/local/python/3.12.1/lib/python3.12/site-packages/airflow/example_dags/example_short_circuit_decorator.py
[2026-04-10T15:56:58.864+0000] {logging_mixin.py:190} INFO - [2026-04-10T15:56:58.864+0000] {dag.py:3239} INFO - Sync 1 DAGs
[2026-04-10T15:56:58.874+0000] {logging_mixin.py:190} INFO - [2026-04-10T15:56:58.874+0000] {dag.py:4180} INFO - Setting next_dagrun for example_short_circuit_decorator to None, run_after=None
[2026-04-10T15:56:58.892+0000] {processor.py:208} INFO - Processing /usr/local/python/3.12.1/lib/python3.12/site-packages/airflow/example_dags/example_short_circuit_decorator.py took 0.058 seconds
[2026-04-10T15:57:53.203+0000] {processor.py:186} INFO - Started process (PID=143516) to work on /usr/local/python/3.12.1/lib/python3.12/site-packages/airflow/example_dags/example_short_circuit_decorator.py
[2026-04-10T15:57:53.204+0000] {processor.py:914} INFO - Processing file /usr/local/python/3.12.1/lib/python3.12/site-packages/airflow/example_dags/example_short_circuit_decorator.py for tasks to queue
[2026-04-10T15:57:53.206+0000] {logging_mixin.py:190} INFO - [2026-04-10T15:57:53.205+0000] {dagbag.py:588} INFO - Filling up the DagBag from /usr/local/python/3.12.1/lib/python3.12/site-packages/airflow/example_dags/example_short_circuit_decorator.py
[2026-04-10T15:57:53.213+0000] {processor.py:925} INFO - DAG(s) 'example_short_circuit_decorator' retrieved from /usr/local/python/3.12.1/lib/python3.12/site-packages/airflow/example_dags/example_short_circuit_decorator.py
[2026-04-10T15:57:53.228+0000] {logging_mixin.py:190} INFO - [2026-04-10T15:57:53.228+0000] {dag.py:3239} INFO - Sync 1 DAGs
[2026-04-10T15:57:53.237+0000] {logging_mixin.py:190} INFO - [2026-04-10T15:57:53.237+0000] {dag.py:4180} INFO - Setting next_dagrun for example_short_circuit_decorator to None, run_after=None
[2026-04-10T15:57:53.254+0000] {processor.py:208} INFO - Processing /usr/local/python/3.12.1/lib/python3.12/site-packages/airflow/example_dags/example_short_circuit_decorator.py took 0.055 seconds
[2026-04-10T15:58:43.684+0000] {processor.py:186} INFO - Started process (PID=144026) to work on /usr/local/python/3.12.1/lib/python3.12/site-packages/airflow/example_dags/example_short_circuit_decorator.py
[2026-04-10T15:58:43.685+0000] {processor.py:914} INFO - Processing file /usr/local/python/3.12.1/lib/python3.12/site-packages/airflow/example_dags/example_short_circuit_decorator.py for tasks to queue
[2026-04-10T15:58:43.686+0000] {logging_mixin.py:190} INFO - [2026-04-10T15:58:43.686+0000] {dagbag.py:588} INFO - Filling up the DagBag from /usr/local/python/3.12.1/lib/python3.12/site-packages/airflow/example_dags/example_short_circuit_decorator.py
[2026-04-10T15:58:43.709+0000] {processor.py:925} INFO - DAG(s) 'example_short_circuit_decorator' retrieved from /usr/local/python/3.12.1/lib/python3.12/site-packages/airflow/example_dags/example_short_circuit_decorator.py
[2026-04-10T15:58:43.752+0000] {logging_mixin.py:190} INFO - [2026-04-10T15:58:43.752+0000] {dag.py:3239} INFO - Sync 1 DAGs
[2026-04-10T15:58:43.772+0000] {logging_mixin.py:190} INFO - [2026-04-10T15:58:43.769+0000] {dag.py:4180} INFO - Setting next_dagrun for example_short_circuit_decorator to None, run_after=None
[2026-04-10T15:58:43.796+0000] {processor.py:208} INFO - Processing /usr/local/python/3.12.1/lib/python3.12/site-packages/airflow/example_dags/example_short_circuit_decorator.py took 0.118 seconds
[2026-04-10T15:59:33.399+0000] {processor.py:186} INFO - Started process (PID=144476) to work on /usr/local/python/3.12.1/lib/python3.12/site-packages/airflow/example_dags/example_short_circuit_decorator.py
[2026-04-10T15:59:33.400+0000] {processor.py:914} INFO - Processing file /usr/local/python/3.12.1/lib/python3.12/site-packages/airflow/example_dags/example_short_circuit_decorator.py for tasks to queue
[2026-04-10T15:59:33.401+0000] {logging_mixin.py:190} INFO - [2026-04-10T15:59:33.401+0000] {dagbag.py:588} INFO - Filling up the DagBag from /usr/local/python/3.12.1/lib/python3.12/site-packages/airflow/example_dags/example_short_circuit_decorator.py
[2026-04-10T15:59:33.409+0000] {processor.py:925} INFO - DAG(s) 'example_short_circuit_decorator' retrieved from /usr/local/python/3.12.1/lib/python3.12/site-packages/airflow/example_dags/example_short_circuit_decorator.py
[2026-04-10T15:59:33.427+0000] {logging_mixin.py:190} INFO - [2026-04-10T15:59:33.427+0000] {dag.py:3239} INFO - Sync 1 DAGs
[2026-04-10T15:59:33.437+0000] {logging_mixin.py:190} INFO - [2026-04-10T15:59:33.437+0000] {dag.py:4180} INFO - Setting next_dagrun for example_short_circuit_decorator to None, run_after=None
[2026-04-10T15:59:33.453+0000] {processor.py:208} INFO - Processing /usr/local/python/3.12.1/lib/python3.12/site-packages/airflow/example_dags/example_short_circuit_decorator.py took 0.059 seconds
