[2026-04-21T22:27:50.649+0000] {processor.py:186} INFO - Started process (PID=5105) to work on /usr/local/python/3.12.1/lib/python3.12/site-packages/airflow/example_dags/example_branch_day_of_week_operator.py
[2026-04-21T22:27:50.650+0000] {processor.py:914} INFO - Processing file /usr/local/python/3.12.1/lib/python3.12/site-packages/airflow/example_dags/example_branch_day_of_week_operator.py for tasks to queue
[2026-04-21T22:27:50.651+0000] {logging_mixin.py:190} INFO - [2026-04-21T22:27:50.651+0000] {dagbag.py:588} INFO - Filling up the DagBag from /usr/local/python/3.12.1/lib/python3.12/site-packages/airflow/example_dags/example_branch_day_of_week_operator.py
[2026-04-21T22:27:50.661+0000] {processor.py:925} INFO - DAG(s) 'example_weekday_branch_operator' retrieved from /usr/local/python/3.12.1/lib/python3.12/site-packages/airflow/example_dags/example_branch_day_of_week_operator.py
[2026-04-21T22:27:50.674+0000] {logging_mixin.py:190} INFO - [2026-04-21T22:27:50.674+0000] {dag.py:3239} INFO - Sync 1 DAGs
[2026-04-21T22:27:50.693+0000] {logging_mixin.py:190} INFO - [2026-04-21T22:27:50.692+0000] {dag.py:4180} INFO - Setting next_dagrun for example_weekday_branch_operator to 2026-04-20 00:00:00+00:00, run_after=2026-04-21 00:00:00+00:00
[2026-04-21T22:27:50.715+0000] {processor.py:208} INFO - Processing /usr/local/python/3.12.1/lib/python3.12/site-packages/airflow/example_dags/example_branch_day_of_week_operator.py took 0.071 seconds
[2026-04-21T22:29:12.676+0000] {processor.py:186} INFO - Started process (PID=6811) to work on /usr/local/python/3.12.1/lib/python3.12/site-packages/airflow/example_dags/example_branch_day_of_week_operator.py
[2026-04-21T22:29:12.677+0000] {processor.py:914} INFO - Processing file /usr/local/python/3.12.1/lib/python3.12/site-packages/airflow/example_dags/example_branch_day_of_week_operator.py for tasks to queue
[2026-04-21T22:29:12.679+0000] {logging_mixin.py:190} INFO - [2026-04-21T22:29:12.679+0000] {dagbag.py:588} INFO - Filling up the DagBag from /usr/local/python/3.12.1/lib/python3.12/site-packages/airflow/example_dags/example_branch_day_of_week_operator.py
[2026-04-21T22:29:12.687+0000] {processor.py:925} INFO - DAG(s) 'example_weekday_branch_operator' retrieved from /usr/local/python/3.12.1/lib/python3.12/site-packages/airflow/example_dags/example_branch_day_of_week_operator.py
[2026-04-21T22:29:12.701+0000] {logging_mixin.py:190} INFO - [2026-04-21T22:29:12.701+0000] {dag.py:3239} INFO - Sync 1 DAGs
[2026-04-21T22:29:12.721+0000] {logging_mixin.py:190} INFO - [2026-04-21T22:29:12.721+0000] {dag.py:4180} INFO - Setting next_dagrun for example_weekday_branch_operator to 2026-04-20 00:00:00+00:00, run_after=2026-04-21 00:00:00+00:00
[2026-04-21T22:29:12.740+0000] {processor.py:208} INFO - Processing /usr/local/python/3.12.1/lib/python3.12/site-packages/airflow/example_dags/example_branch_day_of_week_operator.py took 0.068 seconds
[2026-04-21T22:30:30.086+0000] {processor.py:186} INFO - Started process (PID=7927) to work on /usr/local/python/3.12.1/lib/python3.12/site-packages/airflow/example_dags/example_branch_day_of_week_operator.py
[2026-04-21T22:30:30.087+0000] {processor.py:914} INFO - Processing file /usr/local/python/3.12.1/lib/python3.12/site-packages/airflow/example_dags/example_branch_day_of_week_operator.py for tasks to queue
[2026-04-21T22:30:30.088+0000] {logging_mixin.py:190} INFO - [2026-04-21T22:30:30.088+0000] {dagbag.py:588} INFO - Filling up the DagBag from /usr/local/python/3.12.1/lib/python3.12/site-packages/airflow/example_dags/example_branch_day_of_week_operator.py
[2026-04-21T22:30:30.097+0000] {processor.py:925} INFO - DAG(s) 'example_weekday_branch_operator' retrieved from /usr/local/python/3.12.1/lib/python3.12/site-packages/airflow/example_dags/example_branch_day_of_week_operator.py
[2026-04-21T22:30:30.110+0000] {logging_mixin.py:190} INFO - [2026-04-21T22:30:30.110+0000] {dag.py:3239} INFO - Sync 1 DAGs
[2026-04-21T22:30:30.126+0000] {logging_mixin.py:190} INFO - [2026-04-21T22:30:30.125+0000] {dag.py:4180} INFO - Setting next_dagrun for example_weekday_branch_operator to 2026-04-20 00:00:00+00:00, run_after=2026-04-21 00:00:00+00:00
[2026-04-21T22:30:30.142+0000] {processor.py:208} INFO - Processing /usr/local/python/3.12.1/lib/python3.12/site-packages/airflow/example_dags/example_branch_day_of_week_operator.py took 0.061 seconds
[2026-04-21T22:31:47.698+0000] {processor.py:186} INFO - Started process (PID=9049) to work on /usr/local/python/3.12.1/lib/python3.12/site-packages/airflow/example_dags/example_branch_day_of_week_operator.py
[2026-04-21T22:31:47.699+0000] {processor.py:914} INFO - Processing file /usr/local/python/3.12.1/lib/python3.12/site-packages/airflow/example_dags/example_branch_day_of_week_operator.py for tasks to queue
[2026-04-21T22:31:47.701+0000] {logging_mixin.py:190} INFO - [2026-04-21T22:31:47.700+0000] {dagbag.py:588} INFO - Filling up the DagBag from /usr/local/python/3.12.1/lib/python3.12/site-packages/airflow/example_dags/example_branch_day_of_week_operator.py
[2026-04-21T22:31:47.710+0000] {processor.py:925} INFO - DAG(s) 'example_weekday_branch_operator' retrieved from /usr/local/python/3.12.1/lib/python3.12/site-packages/airflow/example_dags/example_branch_day_of_week_operator.py
[2026-04-21T22:31:47.725+0000] {logging_mixin.py:190} INFO - [2026-04-21T22:31:47.724+0000] {dag.py:3239} INFO - Sync 1 DAGs
[2026-04-21T22:31:47.743+0000] {logging_mixin.py:190} INFO - [2026-04-21T22:31:47.742+0000] {dag.py:4180} INFO - Setting next_dagrun for example_weekday_branch_operator to 2026-04-20 00:00:00+00:00, run_after=2026-04-21 00:00:00+00:00
[2026-04-21T22:31:47.767+0000] {processor.py:208} INFO - Processing /usr/local/python/3.12.1/lib/python3.12/site-packages/airflow/example_dags/example_branch_day_of_week_operator.py took 0.075 seconds
[2026-04-21T22:33:11.031+0000] {processor.py:186} INFO - Started process (PID=10222) to work on /usr/local/python/3.12.1/lib/python3.12/site-packages/airflow/example_dags/example_branch_day_of_week_operator.py
[2026-04-21T22:33:11.032+0000] {processor.py:914} INFO - Processing file /usr/local/python/3.12.1/lib/python3.12/site-packages/airflow/example_dags/example_branch_day_of_week_operator.py for tasks to queue
[2026-04-21T22:33:11.034+0000] {logging_mixin.py:190} INFO - [2026-04-21T22:33:11.034+0000] {dagbag.py:588} INFO - Filling up the DagBag from /usr/local/python/3.12.1/lib/python3.12/site-packages/airflow/example_dags/example_branch_day_of_week_operator.py
[2026-04-21T22:33:11.042+0000] {processor.py:925} INFO - DAG(s) 'example_weekday_branch_operator' retrieved from /usr/local/python/3.12.1/lib/python3.12/site-packages/airflow/example_dags/example_branch_day_of_week_operator.py
[2026-04-21T22:33:11.056+0000] {logging_mixin.py:190} INFO - [2026-04-21T22:33:11.056+0000] {dag.py:3239} INFO - Sync 1 DAGs
[2026-04-21T22:33:11.072+0000] {logging_mixin.py:190} INFO - [2026-04-21T22:33:11.072+0000] {dag.py:4180} INFO - Setting next_dagrun for example_weekday_branch_operator to 2026-04-20 00:00:00+00:00, run_after=2026-04-21 00:00:00+00:00
[2026-04-21T22:33:11.089+0000] {processor.py:208} INFO - Processing /usr/local/python/3.12.1/lib/python3.12/site-packages/airflow/example_dags/example_branch_day_of_week_operator.py took 0.062 seconds
[2026-04-21T22:34:28.508+0000] {processor.py:186} INFO - Started process (PID=11077) to work on /usr/local/python/3.12.1/lib/python3.12/site-packages/airflow/example_dags/example_branch_day_of_week_operator.py
[2026-04-21T22:34:28.509+0000] {processor.py:914} INFO - Processing file /usr/local/python/3.12.1/lib/python3.12/site-packages/airflow/example_dags/example_branch_day_of_week_operator.py for tasks to queue
[2026-04-21T22:34:28.510+0000] {logging_mixin.py:190} INFO - [2026-04-21T22:34:28.510+0000] {dagbag.py:588} INFO - Filling up the DagBag from /usr/local/python/3.12.1/lib/python3.12/site-packages/airflow/example_dags/example_branch_day_of_week_operator.py
[2026-04-21T22:34:28.519+0000] {processor.py:925} INFO - DAG(s) 'example_weekday_branch_operator' retrieved from /usr/local/python/3.12.1/lib/python3.12/site-packages/airflow/example_dags/example_branch_day_of_week_operator.py
[2026-04-21T22:34:28.533+0000] {logging_mixin.py:190} INFO - [2026-04-21T22:34:28.533+0000] {dag.py:3239} INFO - Sync 1 DAGs
[2026-04-21T22:34:28.559+0000] {logging_mixin.py:190} INFO - [2026-04-21T22:34:28.558+0000] {dag.py:4180} INFO - Setting next_dagrun for example_weekday_branch_operator to 2026-04-20 00:00:00+00:00, run_after=2026-04-21 00:00:00+00:00
[2026-04-21T22:34:28.582+0000] {processor.py:208} INFO - Processing /usr/local/python/3.12.1/lib/python3.12/site-packages/airflow/example_dags/example_branch_day_of_week_operator.py took 0.079 seconds
[2026-04-21T22:35:43.215+0000] {processor.py:186} INFO - Started process (PID=11859) to work on /usr/local/python/3.12.1/lib/python3.12/site-packages/airflow/example_dags/example_branch_day_of_week_operator.py
[2026-04-21T22:35:43.216+0000] {processor.py:914} INFO - Processing file /usr/local/python/3.12.1/lib/python3.12/site-packages/airflow/example_dags/example_branch_day_of_week_operator.py for tasks to queue
[2026-04-21T22:35:43.218+0000] {logging_mixin.py:190} INFO - [2026-04-21T22:35:43.218+0000] {dagbag.py:588} INFO - Filling up the DagBag from /usr/local/python/3.12.1/lib/python3.12/site-packages/airflow/example_dags/example_branch_day_of_week_operator.py
[2026-04-21T22:35:43.226+0000] {processor.py:925} INFO - DAG(s) 'example_weekday_branch_operator' retrieved from /usr/local/python/3.12.1/lib/python3.12/site-packages/airflow/example_dags/example_branch_day_of_week_operator.py
[2026-04-21T22:35:43.241+0000] {logging_mixin.py:190} INFO - [2026-04-21T22:35:43.241+0000] {dag.py:3239} INFO - Sync 1 DAGs
[2026-04-21T22:35:43.257+0000] {logging_mixin.py:190} INFO - [2026-04-21T22:35:43.256+0000] {dag.py:4180} INFO - Setting next_dagrun for example_weekday_branch_operator to 2026-04-20 00:00:00+00:00, run_after=2026-04-21 00:00:00+00:00
[2026-04-21T22:35:43.273+0000] {processor.py:208} INFO - Processing /usr/local/python/3.12.1/lib/python3.12/site-packages/airflow/example_dags/example_branch_day_of_week_operator.py took 0.062 seconds
[2026-04-21T22:37:01.843+0000] {processor.py:186} INFO - Started process (PID=12801) to work on /usr/local/python/3.12.1/lib/python3.12/site-packages/airflow/example_dags/example_branch_day_of_week_operator.py
[2026-04-21T22:37:01.844+0000] {processor.py:914} INFO - Processing file /usr/local/python/3.12.1/lib/python3.12/site-packages/airflow/example_dags/example_branch_day_of_week_operator.py for tasks to queue
[2026-04-21T22:37:01.853+0000] {logging_mixin.py:190} INFO - [2026-04-21T22:37:01.852+0000] {dagbag.py:588} INFO - Filling up the DagBag from /usr/local/python/3.12.1/lib/python3.12/site-packages/airflow/example_dags/example_branch_day_of_week_operator.py
[2026-04-21T22:37:01.868+0000] {processor.py:925} INFO - DAG(s) 'example_weekday_branch_operator' retrieved from /usr/local/python/3.12.1/lib/python3.12/site-packages/airflow/example_dags/example_branch_day_of_week_operator.py
[2026-04-21T22:37:01.888+0000] {logging_mixin.py:190} INFO - [2026-04-21T22:37:01.888+0000] {dag.py:3239} INFO - Sync 1 DAGs
[2026-04-21T22:37:01.920+0000] {logging_mixin.py:190} INFO - [2026-04-21T22:37:01.919+0000] {dag.py:4180} INFO - Setting next_dagrun for example_weekday_branch_operator to 2026-04-20 00:00:00+00:00, run_after=2026-04-21 00:00:00+00:00
[2026-04-21T22:37:01.940+0000] {processor.py:208} INFO - Processing /usr/local/python/3.12.1/lib/python3.12/site-packages/airflow/example_dags/example_branch_day_of_week_operator.py took 0.103 seconds
[2026-04-21T22:38:23.137+0000] {processor.py:186} INFO - Started process (PID=13946) to work on /usr/local/python/3.12.1/lib/python3.12/site-packages/airflow/example_dags/example_branch_day_of_week_operator.py
[2026-04-21T22:38:23.138+0000] {processor.py:914} INFO - Processing file /usr/local/python/3.12.1/lib/python3.12/site-packages/airflow/example_dags/example_branch_day_of_week_operator.py for tasks to queue
[2026-04-21T22:38:23.140+0000] {logging_mixin.py:190} INFO - [2026-04-21T22:38:23.140+0000] {dagbag.py:588} INFO - Filling up the DagBag from /usr/local/python/3.12.1/lib/python3.12/site-packages/airflow/example_dags/example_branch_day_of_week_operator.py
[2026-04-21T22:38:23.149+0000] {processor.py:925} INFO - DAG(s) 'example_weekday_branch_operator' retrieved from /usr/local/python/3.12.1/lib/python3.12/site-packages/airflow/example_dags/example_branch_day_of_week_operator.py
[2026-04-21T22:38:23.162+0000] {logging_mixin.py:190} INFO - [2026-04-21T22:38:23.162+0000] {dag.py:3239} INFO - Sync 1 DAGs
[2026-04-21T22:38:23.179+0000] {logging_mixin.py:190} INFO - [2026-04-21T22:38:23.179+0000] {dag.py:4180} INFO - Setting next_dagrun for example_weekday_branch_operator to 2026-04-20 00:00:00+00:00, run_after=2026-04-21 00:00:00+00:00
[2026-04-21T22:38:23.214+0000] {processor.py:208} INFO - Processing /usr/local/python/3.12.1/lib/python3.12/site-packages/airflow/example_dags/example_branch_day_of_week_operator.py took 0.081 seconds
[2026-04-21T22:39:40.376+0000] {processor.py:186} INFO - Started process (PID=14721) to work on /usr/local/python/3.12.1/lib/python3.12/site-packages/airflow/example_dags/example_branch_day_of_week_operator.py
[2026-04-21T22:39:40.377+0000] {processor.py:914} INFO - Processing file /usr/local/python/3.12.1/lib/python3.12/site-packages/airflow/example_dags/example_branch_day_of_week_operator.py for tasks to queue
[2026-04-21T22:39:40.379+0000] {logging_mixin.py:190} INFO - [2026-04-21T22:39:40.378+0000] {dagbag.py:588} INFO - Filling up the DagBag from /usr/local/python/3.12.1/lib/python3.12/site-packages/airflow/example_dags/example_branch_day_of_week_operator.py
[2026-04-21T22:39:40.387+0000] {processor.py:925} INFO - DAG(s) 'example_weekday_branch_operator' retrieved from /usr/local/python/3.12.1/lib/python3.12/site-packages/airflow/example_dags/example_branch_day_of_week_operator.py
[2026-04-21T22:39:40.400+0000] {logging_mixin.py:190} INFO - [2026-04-21T22:39:40.400+0000] {dag.py:3239} INFO - Sync 1 DAGs
[2026-04-21T22:39:40.416+0000] {logging_mixin.py:190} INFO - [2026-04-21T22:39:40.416+0000] {dag.py:4180} INFO - Setting next_dagrun for example_weekday_branch_operator to 2026-04-20 00:00:00+00:00, run_after=2026-04-21 00:00:00+00:00
[2026-04-21T22:39:40.432+0000] {processor.py:208} INFO - Processing /usr/local/python/3.12.1/lib/python3.12/site-packages/airflow/example_dags/example_branch_day_of_week_operator.py took 0.060 seconds
[2026-04-21T22:40:58.945+0000] {processor.py:186} INFO - Started process (PID=15570) to work on /usr/local/python/3.12.1/lib/python3.12/site-packages/airflow/example_dags/example_branch_day_of_week_operator.py
[2026-04-21T22:40:58.946+0000] {processor.py:914} INFO - Processing file /usr/local/python/3.12.1/lib/python3.12/site-packages/airflow/example_dags/example_branch_day_of_week_operator.py for tasks to queue
[2026-04-21T22:40:58.948+0000] {logging_mixin.py:190} INFO - [2026-04-21T22:40:58.948+0000] {dagbag.py:588} INFO - Filling up the DagBag from /usr/local/python/3.12.1/lib/python3.12/site-packages/airflow/example_dags/example_branch_day_of_week_operator.py
[2026-04-21T22:40:58.956+0000] {processor.py:925} INFO - DAG(s) 'example_weekday_branch_operator' retrieved from /usr/local/python/3.12.1/lib/python3.12/site-packages/airflow/example_dags/example_branch_day_of_week_operator.py
[2026-04-21T22:40:58.980+0000] {logging_mixin.py:190} INFO - [2026-04-21T22:40:58.980+0000] {dag.py:3239} INFO - Sync 1 DAGs
[2026-04-21T22:40:58.996+0000] {logging_mixin.py:190} INFO - [2026-04-21T22:40:58.996+0000] {dag.py:4180} INFO - Setting next_dagrun for example_weekday_branch_operator to 2026-04-20 00:00:00+00:00, run_after=2026-04-21 00:00:00+00:00
[2026-04-21T22:40:59.012+0000] {processor.py:208} INFO - Processing /usr/local/python/3.12.1/lib/python3.12/site-packages/airflow/example_dags/example_branch_day_of_week_operator.py took 0.071 seconds
[2026-04-21T22:42:17.426+0000] {processor.py:186} INFO - Started process (PID=16474) to work on /usr/local/python/3.12.1/lib/python3.12/site-packages/airflow/example_dags/example_branch_day_of_week_operator.py
[2026-04-21T22:42:17.427+0000] {processor.py:914} INFO - Processing file /usr/local/python/3.12.1/lib/python3.12/site-packages/airflow/example_dags/example_branch_day_of_week_operator.py for tasks to queue
[2026-04-21T22:42:17.429+0000] {logging_mixin.py:190} INFO - [2026-04-21T22:42:17.429+0000] {dagbag.py:588} INFO - Filling up the DagBag from /usr/local/python/3.12.1/lib/python3.12/site-packages/airflow/example_dags/example_branch_day_of_week_operator.py
[2026-04-21T22:42:17.437+0000] {processor.py:925} INFO - DAG(s) 'example_weekday_branch_operator' retrieved from /usr/local/python/3.12.1/lib/python3.12/site-packages/airflow/example_dags/example_branch_day_of_week_operator.py
[2026-04-21T22:42:17.451+0000] {logging_mixin.py:190} INFO - [2026-04-21T22:42:17.451+0000] {dag.py:3239} INFO - Sync 1 DAGs
[2026-04-21T22:42:17.467+0000] {logging_mixin.py:190} INFO - [2026-04-21T22:42:17.467+0000] {dag.py:4180} INFO - Setting next_dagrun for example_weekday_branch_operator to 2026-04-20 00:00:00+00:00, run_after=2026-04-21 00:00:00+00:00
[2026-04-21T22:42:17.483+0000] {processor.py:208} INFO - Processing /usr/local/python/3.12.1/lib/python3.12/site-packages/airflow/example_dags/example_branch_day_of_week_operator.py took 0.061 seconds
[2026-04-21T22:43:37.611+0000] {processor.py:186} INFO - Started process (PID=17330) to work on /usr/local/python/3.12.1/lib/python3.12/site-packages/airflow/example_dags/example_branch_day_of_week_operator.py
[2026-04-21T22:43:37.612+0000] {processor.py:914} INFO - Processing file /usr/local/python/3.12.1/lib/python3.12/site-packages/airflow/example_dags/example_branch_day_of_week_operator.py for tasks to queue
[2026-04-21T22:43:37.614+0000] {logging_mixin.py:190} INFO - [2026-04-21T22:43:37.613+0000] {dagbag.py:588} INFO - Filling up the DagBag from /usr/local/python/3.12.1/lib/python3.12/site-packages/airflow/example_dags/example_branch_day_of_week_operator.py
[2026-04-21T22:43:37.622+0000] {processor.py:925} INFO - DAG(s) 'example_weekday_branch_operator' retrieved from /usr/local/python/3.12.1/lib/python3.12/site-packages/airflow/example_dags/example_branch_day_of_week_operator.py
[2026-04-21T22:43:37.635+0000] {logging_mixin.py:190} INFO - [2026-04-21T22:43:37.635+0000] {dag.py:3239} INFO - Sync 1 DAGs
[2026-04-21T22:43:37.650+0000] {logging_mixin.py:190} INFO - [2026-04-21T22:43:37.650+0000] {dag.py:4180} INFO - Setting next_dagrun for example_weekday_branch_operator to 2026-04-20 00:00:00+00:00, run_after=2026-04-21 00:00:00+00:00
[2026-04-21T22:43:37.668+0000] {processor.py:208} INFO - Processing /usr/local/python/3.12.1/lib/python3.12/site-packages/airflow/example_dags/example_branch_day_of_week_operator.py took 0.061 seconds
[2026-04-21T22:44:55.953+0000] {processor.py:186} INFO - Started process (PID=18310) to work on /usr/local/python/3.12.1/lib/python3.12/site-packages/airflow/example_dags/example_branch_day_of_week_operator.py
[2026-04-21T22:44:55.954+0000] {processor.py:914} INFO - Processing file /usr/local/python/3.12.1/lib/python3.12/site-packages/airflow/example_dags/example_branch_day_of_week_operator.py for tasks to queue
[2026-04-21T22:44:55.956+0000] {logging_mixin.py:190} INFO - [2026-04-21T22:44:55.955+0000] {dagbag.py:588} INFO - Filling up the DagBag from /usr/local/python/3.12.1/lib/python3.12/site-packages/airflow/example_dags/example_branch_day_of_week_operator.py
[2026-04-21T22:44:55.964+0000] {processor.py:925} INFO - DAG(s) 'example_weekday_branch_operator' retrieved from /usr/local/python/3.12.1/lib/python3.12/site-packages/airflow/example_dags/example_branch_day_of_week_operator.py
[2026-04-21T22:44:55.977+0000] {logging_mixin.py:190} INFO - [2026-04-21T22:44:55.977+0000] {dag.py:3239} INFO - Sync 1 DAGs
[2026-04-21T22:44:55.993+0000] {logging_mixin.py:190} INFO - [2026-04-21T22:44:55.993+0000] {dag.py:4180} INFO - Setting next_dagrun for example_weekday_branch_operator to 2026-04-20 00:00:00+00:00, run_after=2026-04-21 00:00:00+00:00
[2026-04-21T22:44:56.009+0000] {processor.py:208} INFO - Processing /usr/local/python/3.12.1/lib/python3.12/site-packages/airflow/example_dags/example_branch_day_of_week_operator.py took 0.060 seconds
[2026-04-21T22:46:16.323+0000] {processor.py:186} INFO - Started process (PID=19247) to work on /usr/local/python/3.12.1/lib/python3.12/site-packages/airflow/example_dags/example_branch_day_of_week_operator.py
[2026-04-21T22:46:16.324+0000] {processor.py:914} INFO - Processing file /usr/local/python/3.12.1/lib/python3.12/site-packages/airflow/example_dags/example_branch_day_of_week_operator.py for tasks to queue
[2026-04-21T22:46:16.326+0000] {logging_mixin.py:190} INFO - [2026-04-21T22:46:16.325+0000] {dagbag.py:588} INFO - Filling up the DagBag from /usr/local/python/3.12.1/lib/python3.12/site-packages/airflow/example_dags/example_branch_day_of_week_operator.py
[2026-04-21T22:46:16.334+0000] {processor.py:925} INFO - DAG(s) 'example_weekday_branch_operator' retrieved from /usr/local/python/3.12.1/lib/python3.12/site-packages/airflow/example_dags/example_branch_day_of_week_operator.py
[2026-04-21T22:46:16.347+0000] {logging_mixin.py:190} INFO - [2026-04-21T22:46:16.347+0000] {dag.py:3239} INFO - Sync 1 DAGs
[2026-04-21T22:46:16.367+0000] {logging_mixin.py:190} INFO - [2026-04-21T22:46:16.367+0000] {dag.py:4180} INFO - Setting next_dagrun for example_weekday_branch_operator to 2026-04-20 00:00:00+00:00, run_after=2026-04-21 00:00:00+00:00
[2026-04-21T22:46:16.383+0000] {processor.py:208} INFO - Processing /usr/local/python/3.12.1/lib/python3.12/site-packages/airflow/example_dags/example_branch_day_of_week_operator.py took 0.065 seconds
[2026-04-21T22:47:33.956+0000] {processor.py:186} INFO - Started process (PID=20136) to work on /usr/local/python/3.12.1/lib/python3.12/site-packages/airflow/example_dags/example_branch_day_of_week_operator.py
[2026-04-21T22:47:33.956+0000] {processor.py:914} INFO - Processing file /usr/local/python/3.12.1/lib/python3.12/site-packages/airflow/example_dags/example_branch_day_of_week_operator.py for tasks to queue
[2026-04-21T22:47:33.958+0000] {logging_mixin.py:190} INFO - [2026-04-21T22:47:33.958+0000] {dagbag.py:588} INFO - Filling up the DagBag from /usr/local/python/3.12.1/lib/python3.12/site-packages/airflow/example_dags/example_branch_day_of_week_operator.py
[2026-04-21T22:47:33.966+0000] {processor.py:925} INFO - DAG(s) 'example_weekday_branch_operator' retrieved from /usr/local/python/3.12.1/lib/python3.12/site-packages/airflow/example_dags/example_branch_day_of_week_operator.py
[2026-04-21T22:47:33.981+0000] {logging_mixin.py:190} INFO - [2026-04-21T22:47:33.981+0000] {dag.py:3239} INFO - Sync 1 DAGs
[2026-04-21T22:47:33.996+0000] {logging_mixin.py:190} INFO - [2026-04-21T22:47:33.996+0000] {dag.py:4180} INFO - Setting next_dagrun for example_weekday_branch_operator to 2026-04-20 00:00:00+00:00, run_after=2026-04-21 00:00:00+00:00
[2026-04-21T22:47:34.012+0000] {processor.py:208} INFO - Processing /usr/local/python/3.12.1/lib/python3.12/site-packages/airflow/example_dags/example_branch_day_of_week_operator.py took 0.062 seconds
[2026-04-21T22:48:54.152+0000] {processor.py:186} INFO - Started process (PID=21066) to work on /usr/local/python/3.12.1/lib/python3.12/site-packages/airflow/example_dags/example_branch_day_of_week_operator.py
[2026-04-21T22:48:54.152+0000] {processor.py:914} INFO - Processing file /usr/local/python/3.12.1/lib/python3.12/site-packages/airflow/example_dags/example_branch_day_of_week_operator.py for tasks to queue
[2026-04-21T22:48:54.155+0000] {logging_mixin.py:190} INFO - [2026-04-21T22:48:54.154+0000] {dagbag.py:588} INFO - Filling up the DagBag from /usr/local/python/3.12.1/lib/python3.12/site-packages/airflow/example_dags/example_branch_day_of_week_operator.py
[2026-04-21T22:48:54.166+0000] {processor.py:925} INFO - DAG(s) 'example_weekday_branch_operator' retrieved from /usr/local/python/3.12.1/lib/python3.12/site-packages/airflow/example_dags/example_branch_day_of_week_operator.py
[2026-04-21T22:48:54.184+0000] {logging_mixin.py:190} INFO - [2026-04-21T22:48:54.184+0000] {dag.py:3239} INFO - Sync 1 DAGs
[2026-04-21T22:48:54.206+0000] {logging_mixin.py:190} INFO - [2026-04-21T22:48:54.206+0000] {dag.py:4180} INFO - Setting next_dagrun for example_weekday_branch_operator to 2026-04-20 00:00:00+00:00, run_after=2026-04-21 00:00:00+00:00
[2026-04-21T22:48:54.223+0000] {processor.py:208} INFO - Processing /usr/local/python/3.12.1/lib/python3.12/site-packages/airflow/example_dags/example_branch_day_of_week_operator.py took 0.077 seconds
[2026-04-21T22:50:13.292+0000] {processor.py:186} INFO - Started process (PID=22151) to work on /usr/local/python/3.12.1/lib/python3.12/site-packages/airflow/example_dags/example_branch_day_of_week_operator.py
[2026-04-21T22:50:13.292+0000] {processor.py:914} INFO - Processing file /usr/local/python/3.12.1/lib/python3.12/site-packages/airflow/example_dags/example_branch_day_of_week_operator.py for tasks to queue
[2026-04-21T22:50:13.294+0000] {logging_mixin.py:190} INFO - [2026-04-21T22:50:13.294+0000] {dagbag.py:588} INFO - Filling up the DagBag from /usr/local/python/3.12.1/lib/python3.12/site-packages/airflow/example_dags/example_branch_day_of_week_operator.py
[2026-04-21T22:50:13.302+0000] {processor.py:925} INFO - DAG(s) 'example_weekday_branch_operator' retrieved from /usr/local/python/3.12.1/lib/python3.12/site-packages/airflow/example_dags/example_branch_day_of_week_operator.py
[2026-04-21T22:50:13.316+0000] {logging_mixin.py:190} INFO - [2026-04-21T22:50:13.316+0000] {dag.py:3239} INFO - Sync 1 DAGs
[2026-04-21T22:50:13.334+0000] {logging_mixin.py:190} INFO - [2026-04-21T22:50:13.334+0000] {dag.py:4180} INFO - Setting next_dagrun for example_weekday_branch_operator to 2026-04-20 00:00:00+00:00, run_after=2026-04-21 00:00:00+00:00
[2026-04-21T22:50:13.350+0000] {processor.py:208} INFO - Processing /usr/local/python/3.12.1/lib/python3.12/site-packages/airflow/example_dags/example_branch_day_of_week_operator.py took 0.063 seconds
[2026-04-21T22:51:28.925+0000] {processor.py:186} INFO - Started process (PID=23156) to work on /usr/local/python/3.12.1/lib/python3.12/site-packages/airflow/example_dags/example_branch_day_of_week_operator.py
[2026-04-21T22:51:28.926+0000] {processor.py:914} INFO - Processing file /usr/local/python/3.12.1/lib/python3.12/site-packages/airflow/example_dags/example_branch_day_of_week_operator.py for tasks to queue
[2026-04-21T22:51:28.928+0000] {logging_mixin.py:190} INFO - [2026-04-21T22:51:28.928+0000] {dagbag.py:588} INFO - Filling up the DagBag from /usr/local/python/3.12.1/lib/python3.12/site-packages/airflow/example_dags/example_branch_day_of_week_operator.py
[2026-04-21T22:51:28.937+0000] {processor.py:925} INFO - DAG(s) 'example_weekday_branch_operator' retrieved from /usr/local/python/3.12.1/lib/python3.12/site-packages/airflow/example_dags/example_branch_day_of_week_operator.py
[2026-04-21T22:51:28.950+0000] {logging_mixin.py:190} INFO - [2026-04-21T22:51:28.950+0000] {dag.py:3239} INFO - Sync 1 DAGs
[2026-04-21T22:51:28.965+0000] {logging_mixin.py:190} INFO - [2026-04-21T22:51:28.965+0000] {dag.py:4180} INFO - Setting next_dagrun for example_weekday_branch_operator to 2026-04-20 00:00:00+00:00, run_after=2026-04-21 00:00:00+00:00
[2026-04-21T22:51:28.983+0000] {processor.py:208} INFO - Processing /usr/local/python/3.12.1/lib/python3.12/site-packages/airflow/example_dags/example_branch_day_of_week_operator.py took 0.062 seconds
[2026-04-21T22:52:48.670+0000] {processor.py:186} INFO - Started process (PID=24284) to work on /usr/local/python/3.12.1/lib/python3.12/site-packages/airflow/example_dags/example_branch_day_of_week_operator.py
[2026-04-21T22:52:48.671+0000] {processor.py:914} INFO - Processing file /usr/local/python/3.12.1/lib/python3.12/site-packages/airflow/example_dags/example_branch_day_of_week_operator.py for tasks to queue
[2026-04-21T22:52:48.673+0000] {logging_mixin.py:190} INFO - [2026-04-21T22:52:48.672+0000] {dagbag.py:588} INFO - Filling up the DagBag from /usr/local/python/3.12.1/lib/python3.12/site-packages/airflow/example_dags/example_branch_day_of_week_operator.py
[2026-04-21T22:52:48.681+0000] {processor.py:925} INFO - DAG(s) 'example_weekday_branch_operator' retrieved from /usr/local/python/3.12.1/lib/python3.12/site-packages/airflow/example_dags/example_branch_day_of_week_operator.py
[2026-04-21T22:52:48.694+0000] {logging_mixin.py:190} INFO - [2026-04-21T22:52:48.693+0000] {dag.py:3239} INFO - Sync 1 DAGs
[2026-04-21T22:52:48.710+0000] {logging_mixin.py:190} INFO - [2026-04-21T22:52:48.710+0000] {dag.py:4180} INFO - Setting next_dagrun for example_weekday_branch_operator to 2026-04-20 00:00:00+00:00, run_after=2026-04-21 00:00:00+00:00
[2026-04-21T22:52:48.726+0000] {processor.py:208} INFO - Processing /usr/local/python/3.12.1/lib/python3.12/site-packages/airflow/example_dags/example_branch_day_of_week_operator.py took 0.060 seconds
[2026-04-21T22:54:10.254+0000] {processor.py:186} INFO - Started process (PID=25405) to work on /usr/local/python/3.12.1/lib/python3.12/site-packages/airflow/example_dags/example_branch_day_of_week_operator.py
[2026-04-21T22:54:10.254+0000] {processor.py:914} INFO - Processing file /usr/local/python/3.12.1/lib/python3.12/site-packages/airflow/example_dags/example_branch_day_of_week_operator.py for tasks to queue
[2026-04-21T22:54:10.256+0000] {logging_mixin.py:190} INFO - [2026-04-21T22:54:10.256+0000] {dagbag.py:588} INFO - Filling up the DagBag from /usr/local/python/3.12.1/lib/python3.12/site-packages/airflow/example_dags/example_branch_day_of_week_operator.py
[2026-04-21T22:54:10.264+0000] {processor.py:925} INFO - DAG(s) 'example_weekday_branch_operator' retrieved from /usr/local/python/3.12.1/lib/python3.12/site-packages/airflow/example_dags/example_branch_day_of_week_operator.py
[2026-04-21T22:54:10.278+0000] {logging_mixin.py:190} INFO - [2026-04-21T22:54:10.278+0000] {dag.py:3239} INFO - Sync 1 DAGs
[2026-04-21T22:54:10.294+0000] {logging_mixin.py:190} INFO - [2026-04-21T22:54:10.294+0000] {dag.py:4180} INFO - Setting next_dagrun for example_weekday_branch_operator to 2026-04-20 00:00:00+00:00, run_after=2026-04-21 00:00:00+00:00
[2026-04-21T22:54:10.310+0000] {processor.py:208} INFO - Processing /usr/local/python/3.12.1/lib/python3.12/site-packages/airflow/example_dags/example_branch_day_of_week_operator.py took 0.061 seconds
[2026-04-21T22:55:31.419+0000] {processor.py:186} INFO - Started process (PID=26554) to work on /usr/local/python/3.12.1/lib/python3.12/site-packages/airflow/example_dags/example_branch_day_of_week_operator.py
[2026-04-21T22:55:31.420+0000] {processor.py:914} INFO - Processing file /usr/local/python/3.12.1/lib/python3.12/site-packages/airflow/example_dags/example_branch_day_of_week_operator.py for tasks to queue
[2026-04-21T22:55:31.422+0000] {logging_mixin.py:190} INFO - [2026-04-21T22:55:31.422+0000] {dagbag.py:588} INFO - Filling up the DagBag from /usr/local/python/3.12.1/lib/python3.12/site-packages/airflow/example_dags/example_branch_day_of_week_operator.py
[2026-04-21T22:55:31.431+0000] {processor.py:925} INFO - DAG(s) 'example_weekday_branch_operator' retrieved from /usr/local/python/3.12.1/lib/python3.12/site-packages/airflow/example_dags/example_branch_day_of_week_operator.py
[2026-04-21T22:55:31.444+0000] {logging_mixin.py:190} INFO - [2026-04-21T22:55:31.444+0000] {dag.py:3239} INFO - Sync 1 DAGs
[2026-04-21T22:55:31.460+0000] {logging_mixin.py:190} INFO - [2026-04-21T22:55:31.460+0000] {dag.py:4180} INFO - Setting next_dagrun for example_weekday_branch_operator to 2026-04-20 00:00:00+00:00, run_after=2026-04-21 00:00:00+00:00
[2026-04-21T22:55:31.476+0000] {processor.py:208} INFO - Processing /usr/local/python/3.12.1/lib/python3.12/site-packages/airflow/example_dags/example_branch_day_of_week_operator.py took 0.061 seconds
[2026-04-21T22:56:47.706+0000] {processor.py:186} INFO - Started process (PID=27542) to work on /usr/local/python/3.12.1/lib/python3.12/site-packages/airflow/example_dags/example_branch_day_of_week_operator.py
[2026-04-21T22:56:47.706+0000] {processor.py:914} INFO - Processing file /usr/local/python/3.12.1/lib/python3.12/site-packages/airflow/example_dags/example_branch_day_of_week_operator.py for tasks to queue
[2026-04-21T22:56:47.708+0000] {logging_mixin.py:190} INFO - [2026-04-21T22:56:47.708+0000] {dagbag.py:588} INFO - Filling up the DagBag from /usr/local/python/3.12.1/lib/python3.12/site-packages/airflow/example_dags/example_branch_day_of_week_operator.py
[2026-04-21T22:56:47.717+0000] {processor.py:925} INFO - DAG(s) 'example_weekday_branch_operator' retrieved from /usr/local/python/3.12.1/lib/python3.12/site-packages/airflow/example_dags/example_branch_day_of_week_operator.py
[2026-04-21T22:56:47.730+0000] {logging_mixin.py:190} INFO - [2026-04-21T22:56:47.730+0000] {dag.py:3239} INFO - Sync 1 DAGs
[2026-04-21T22:56:47.746+0000] {logging_mixin.py:190} INFO - [2026-04-21T22:56:47.745+0000] {dag.py:4180} INFO - Setting next_dagrun for example_weekday_branch_operator to 2026-04-20 00:00:00+00:00, run_after=2026-04-21 00:00:00+00:00
[2026-04-21T22:56:47.761+0000] {processor.py:208} INFO - Processing /usr/local/python/3.12.1/lib/python3.12/site-packages/airflow/example_dags/example_branch_day_of_week_operator.py took 0.060 seconds
[2026-04-21T22:58:07.613+0000] {processor.py:186} INFO - Started process (PID=28528) to work on /usr/local/python/3.12.1/lib/python3.12/site-packages/airflow/example_dags/example_branch_day_of_week_operator.py
[2026-04-21T22:58:07.614+0000] {processor.py:914} INFO - Processing file /usr/local/python/3.12.1/lib/python3.12/site-packages/airflow/example_dags/example_branch_day_of_week_operator.py for tasks to queue
[2026-04-21T22:58:07.615+0000] {logging_mixin.py:190} INFO - [2026-04-21T22:58:07.615+0000] {dagbag.py:588} INFO - Filling up the DagBag from /usr/local/python/3.12.1/lib/python3.12/site-packages/airflow/example_dags/example_branch_day_of_week_operator.py
[2026-04-21T22:58:07.624+0000] {processor.py:925} INFO - DAG(s) 'example_weekday_branch_operator' retrieved from /usr/local/python/3.12.1/lib/python3.12/site-packages/airflow/example_dags/example_branch_day_of_week_operator.py
[2026-04-21T22:58:07.637+0000] {logging_mixin.py:190} INFO - [2026-04-21T22:58:07.637+0000] {dag.py:3239} INFO - Sync 1 DAGs
[2026-04-21T22:58:07.657+0000] {logging_mixin.py:190} INFO - [2026-04-21T22:58:07.657+0000] {dag.py:4180} INFO - Setting next_dagrun for example_weekday_branch_operator to 2026-04-20 00:00:00+00:00, run_after=2026-04-21 00:00:00+00:00
[2026-04-21T22:58:07.690+0000] {processor.py:208} INFO - Processing /usr/local/python/3.12.1/lib/python3.12/site-packages/airflow/example_dags/example_branch_day_of_week_operator.py took 0.082 seconds
[2026-04-21T22:59:24.562+0000] {processor.py:186} INFO - Started process (PID=29268) to work on /usr/local/python/3.12.1/lib/python3.12/site-packages/airflow/example_dags/example_branch_day_of_week_operator.py
[2026-04-21T22:59:24.563+0000] {processor.py:914} INFO - Processing file /usr/local/python/3.12.1/lib/python3.12/site-packages/airflow/example_dags/example_branch_day_of_week_operator.py for tasks to queue
[2026-04-21T22:59:24.564+0000] {logging_mixin.py:190} INFO - [2026-04-21T22:59:24.564+0000] {dagbag.py:588} INFO - Filling up the DagBag from /usr/local/python/3.12.1/lib/python3.12/site-packages/airflow/example_dags/example_branch_day_of_week_operator.py
[2026-04-21T22:59:24.574+0000] {processor.py:925} INFO - DAG(s) 'example_weekday_branch_operator' retrieved from /usr/local/python/3.12.1/lib/python3.12/site-packages/airflow/example_dags/example_branch_day_of_week_operator.py
[2026-04-21T22:59:24.588+0000] {logging_mixin.py:190} INFO - [2026-04-21T22:59:24.587+0000] {dag.py:3239} INFO - Sync 1 DAGs
[2026-04-21T22:59:24.603+0000] {logging_mixin.py:190} INFO - [2026-04-21T22:59:24.603+0000] {dag.py:4180} INFO - Setting next_dagrun for example_weekday_branch_operator to 2026-04-20 00:00:00+00:00, run_after=2026-04-21 00:00:00+00:00
[2026-04-21T22:59:24.619+0000] {processor.py:208} INFO - Processing /usr/local/python/3.12.1/lib/python3.12/site-packages/airflow/example_dags/example_branch_day_of_week_operator.py took 0.062 seconds
[2026-04-21T23:01:00.557+0000] {processor.py:186} INFO - Started process (PID=30681) to work on /usr/local/python/3.12.1/lib/python3.12/site-packages/airflow/example_dags/example_branch_day_of_week_operator.py
[2026-04-21T23:01:00.561+0000] {processor.py:914} INFO - Processing file /usr/local/python/3.12.1/lib/python3.12/site-packages/airflow/example_dags/example_branch_day_of_week_operator.py for tasks to queue
[2026-04-21T23:01:00.566+0000] {logging_mixin.py:190} INFO - [2026-04-21T23:01:00.565+0000] {dagbag.py:588} INFO - Filling up the DagBag from /usr/local/python/3.12.1/lib/python3.12/site-packages/airflow/example_dags/example_branch_day_of_week_operator.py
[2026-04-21T23:01:00.583+0000] {processor.py:925} INFO - DAG(s) 'example_weekday_branch_operator' retrieved from /usr/local/python/3.12.1/lib/python3.12/site-packages/airflow/example_dags/example_branch_day_of_week_operator.py
[2026-04-21T23:01:00.606+0000] {logging_mixin.py:190} INFO - [2026-04-21T23:01:00.606+0000] {dag.py:3239} INFO - Sync 1 DAGs
[2026-04-21T23:01:00.622+0000] {logging_mixin.py:190} INFO - [2026-04-21T23:01:00.621+0000] {dag.py:4180} INFO - Setting next_dagrun for example_weekday_branch_operator to 2026-04-20 00:00:00+00:00, run_after=2026-04-21 00:00:00+00:00
[2026-04-21T23:01:00.638+0000] {processor.py:208} INFO - Processing /usr/local/python/3.12.1/lib/python3.12/site-packages/airflow/example_dags/example_branch_day_of_week_operator.py took 0.091 seconds
[2026-04-21T23:02:17.620+0000] {processor.py:186} INFO - Started process (PID=31576) to work on /usr/local/python/3.12.1/lib/python3.12/site-packages/airflow/example_dags/example_branch_day_of_week_operator.py
[2026-04-21T23:02:17.621+0000] {processor.py:914} INFO - Processing file /usr/local/python/3.12.1/lib/python3.12/site-packages/airflow/example_dags/example_branch_day_of_week_operator.py for tasks to queue
[2026-04-21T23:02:17.623+0000] {logging_mixin.py:190} INFO - [2026-04-21T23:02:17.622+0000] {dagbag.py:588} INFO - Filling up the DagBag from /usr/local/python/3.12.1/lib/python3.12/site-packages/airflow/example_dags/example_branch_day_of_week_operator.py
[2026-04-21T23:02:17.631+0000] {processor.py:925} INFO - DAG(s) 'example_weekday_branch_operator' retrieved from /usr/local/python/3.12.1/lib/python3.12/site-packages/airflow/example_dags/example_branch_day_of_week_operator.py
[2026-04-21T23:02:17.645+0000] {logging_mixin.py:190} INFO - [2026-04-21T23:02:17.644+0000] {dag.py:3239} INFO - Sync 1 DAGs
[2026-04-21T23:02:17.662+0000] {logging_mixin.py:190} INFO - [2026-04-21T23:02:17.662+0000] {dag.py:4180} INFO - Setting next_dagrun for example_weekday_branch_operator to 2026-04-20 00:00:00+00:00, run_after=2026-04-21 00:00:00+00:00
[2026-04-21T23:02:17.678+0000] {processor.py:208} INFO - Processing /usr/local/python/3.12.1/lib/python3.12/site-packages/airflow/example_dags/example_branch_day_of_week_operator.py took 0.062 seconds
[2026-04-21T23:03:41.488+0000] {processor.py:186} INFO - Started process (PID=32822) to work on /usr/local/python/3.12.1/lib/python3.12/site-packages/airflow/example_dags/example_branch_day_of_week_operator.py
[2026-04-21T23:03:41.489+0000] {processor.py:914} INFO - Processing file /usr/local/python/3.12.1/lib/python3.12/site-packages/airflow/example_dags/example_branch_day_of_week_operator.py for tasks to queue
[2026-04-21T23:03:41.491+0000] {logging_mixin.py:190} INFO - [2026-04-21T23:03:41.491+0000] {dagbag.py:588} INFO - Filling up the DagBag from /usr/local/python/3.12.1/lib/python3.12/site-packages/airflow/example_dags/example_branch_day_of_week_operator.py
[2026-04-21T23:03:41.505+0000] {processor.py:925} INFO - DAG(s) 'example_weekday_branch_operator' retrieved from /usr/local/python/3.12.1/lib/python3.12/site-packages/airflow/example_dags/example_branch_day_of_week_operator.py
[2026-04-21T23:03:41.526+0000] {logging_mixin.py:190} INFO - [2026-04-21T23:03:41.526+0000] {dag.py:3239} INFO - Sync 1 DAGs
[2026-04-21T23:03:41.542+0000] {logging_mixin.py:190} INFO - [2026-04-21T23:03:41.542+0000] {dag.py:4180} INFO - Setting next_dagrun for example_weekday_branch_operator to 2026-04-20 00:00:00+00:00, run_after=2026-04-21 00:00:00+00:00
[2026-04-21T23:03:41.559+0000] {processor.py:208} INFO - Processing /usr/local/python/3.12.1/lib/python3.12/site-packages/airflow/example_dags/example_branch_day_of_week_operator.py took 0.078 seconds
[2026-04-21T23:05:06.851+0000] {processor.py:186} INFO - Started process (PID=33768) to work on /usr/local/python/3.12.1/lib/python3.12/site-packages/airflow/example_dags/example_branch_day_of_week_operator.py
[2026-04-21T23:05:06.852+0000] {processor.py:914} INFO - Processing file /usr/local/python/3.12.1/lib/python3.12/site-packages/airflow/example_dags/example_branch_day_of_week_operator.py for tasks to queue
[2026-04-21T23:05:06.854+0000] {logging_mixin.py:190} INFO - [2026-04-21T23:05:06.853+0000] {dagbag.py:588} INFO - Filling up the DagBag from /usr/local/python/3.12.1/lib/python3.12/site-packages/airflow/example_dags/example_branch_day_of_week_operator.py
[2026-04-21T23:05:06.862+0000] {processor.py:925} INFO - DAG(s) 'example_weekday_branch_operator' retrieved from /usr/local/python/3.12.1/lib/python3.12/site-packages/airflow/example_dags/example_branch_day_of_week_operator.py
[2026-04-21T23:05:06.875+0000] {logging_mixin.py:190} INFO - [2026-04-21T23:05:06.874+0000] {dag.py:3239} INFO - Sync 1 DAGs
[2026-04-21T23:05:06.896+0000] {logging_mixin.py:190} INFO - [2026-04-21T23:05:06.896+0000] {dag.py:4180} INFO - Setting next_dagrun for example_weekday_branch_operator to 2026-04-20 00:00:00+00:00, run_after=2026-04-21 00:00:00+00:00
[2026-04-21T23:05:06.913+0000] {processor.py:208} INFO - Processing /usr/local/python/3.12.1/lib/python3.12/site-packages/airflow/example_dags/example_branch_day_of_week_operator.py took 0.067 seconds
[2026-04-21T23:06:39.594+0000] {processor.py:186} INFO - Started process (PID=35365) to work on /usr/local/python/3.12.1/lib/python3.12/site-packages/airflow/example_dags/example_branch_day_of_week_operator.py
[2026-04-21T23:06:39.595+0000] {processor.py:914} INFO - Processing file /usr/local/python/3.12.1/lib/python3.12/site-packages/airflow/example_dags/example_branch_day_of_week_operator.py for tasks to queue
[2026-04-21T23:06:39.597+0000] {logging_mixin.py:190} INFO - [2026-04-21T23:06:39.597+0000] {dagbag.py:588} INFO - Filling up the DagBag from /usr/local/python/3.12.1/lib/python3.12/site-packages/airflow/example_dags/example_branch_day_of_week_operator.py
[2026-04-21T23:06:39.605+0000] {processor.py:925} INFO - DAG(s) 'example_weekday_branch_operator' retrieved from /usr/local/python/3.12.1/lib/python3.12/site-packages/airflow/example_dags/example_branch_day_of_week_operator.py
[2026-04-21T23:06:39.619+0000] {logging_mixin.py:190} INFO - [2026-04-21T23:06:39.619+0000] {dag.py:3239} INFO - Sync 1 DAGs
[2026-04-21T23:06:39.640+0000] {logging_mixin.py:190} INFO - [2026-04-21T23:06:39.640+0000] {dag.py:4180} INFO - Setting next_dagrun for example_weekday_branch_operator to 2026-04-20 00:00:00+00:00, run_after=2026-04-21 00:00:00+00:00
[2026-04-21T23:06:39.657+0000] {processor.py:208} INFO - Processing /usr/local/python/3.12.1/lib/python3.12/site-packages/airflow/example_dags/example_branch_day_of_week_operator.py took 0.067 seconds
[2026-04-21T23:08:08.921+0000] {processor.py:186} INFO - Started process (PID=36381) to work on /usr/local/python/3.12.1/lib/python3.12/site-packages/airflow/example_dags/example_branch_day_of_week_operator.py
[2026-04-21T23:08:08.921+0000] {processor.py:914} INFO - Processing file /usr/local/python/3.12.1/lib/python3.12/site-packages/airflow/example_dags/example_branch_day_of_week_operator.py for tasks to queue
[2026-04-21T23:08:08.923+0000] {logging_mixin.py:190} INFO - [2026-04-21T23:08:08.923+0000] {dagbag.py:588} INFO - Filling up the DagBag from /usr/local/python/3.12.1/lib/python3.12/site-packages/airflow/example_dags/example_branch_day_of_week_operator.py
[2026-04-21T23:08:08.931+0000] {processor.py:925} INFO - DAG(s) 'example_weekday_branch_operator' retrieved from /usr/local/python/3.12.1/lib/python3.12/site-packages/airflow/example_dags/example_branch_day_of_week_operator.py
[2026-04-21T23:08:08.944+0000] {logging_mixin.py:190} INFO - [2026-04-21T23:08:08.944+0000] {dag.py:3239} INFO - Sync 1 DAGs
[2026-04-21T23:08:08.961+0000] {logging_mixin.py:190} INFO - [2026-04-21T23:08:08.961+0000] {dag.py:4180} INFO - Setting next_dagrun for example_weekday_branch_operator to 2026-04-20 00:00:00+00:00, run_after=2026-04-21 00:00:00+00:00
[2026-04-21T23:08:08.977+0000] {processor.py:208} INFO - Processing /usr/local/python/3.12.1/lib/python3.12/site-packages/airflow/example_dags/example_branch_day_of_week_operator.py took 0.061 seconds
[2026-04-21T23:09:29.947+0000] {processor.py:186} INFO - Started process (PID=37297) to work on /usr/local/python/3.12.1/lib/python3.12/site-packages/airflow/example_dags/example_branch_day_of_week_operator.py
[2026-04-21T23:09:29.948+0000] {processor.py:914} INFO - Processing file /usr/local/python/3.12.1/lib/python3.12/site-packages/airflow/example_dags/example_branch_day_of_week_operator.py for tasks to queue
[2026-04-21T23:09:29.950+0000] {logging_mixin.py:190} INFO - [2026-04-21T23:09:29.950+0000] {dagbag.py:588} INFO - Filling up the DagBag from /usr/local/python/3.12.1/lib/python3.12/site-packages/airflow/example_dags/example_branch_day_of_week_operator.py
[2026-04-21T23:09:29.958+0000] {processor.py:925} INFO - DAG(s) 'example_weekday_branch_operator' retrieved from /usr/local/python/3.12.1/lib/python3.12/site-packages/airflow/example_dags/example_branch_day_of_week_operator.py
[2026-04-21T23:09:29.972+0000] {logging_mixin.py:190} INFO - [2026-04-21T23:09:29.971+0000] {dag.py:3239} INFO - Sync 1 DAGs
[2026-04-21T23:09:29.988+0000] {logging_mixin.py:190} INFO - [2026-04-21T23:09:29.987+0000] {dag.py:4180} INFO - Setting next_dagrun for example_weekday_branch_operator to 2026-04-20 00:00:00+00:00, run_after=2026-04-21 00:00:00+00:00
[2026-04-21T23:09:30.006+0000] {processor.py:208} INFO - Processing /usr/local/python/3.12.1/lib/python3.12/site-packages/airflow/example_dags/example_branch_day_of_week_operator.py took 0.063 seconds
[2026-04-21T23:10:50.981+0000] {processor.py:186} INFO - Started process (PID=38375) to work on /usr/local/python/3.12.1/lib/python3.12/site-packages/airflow/example_dags/example_branch_day_of_week_operator.py
[2026-04-21T23:10:50.982+0000] {processor.py:914} INFO - Processing file /usr/local/python/3.12.1/lib/python3.12/site-packages/airflow/example_dags/example_branch_day_of_week_operator.py for tasks to queue
[2026-04-21T23:10:50.984+0000] {logging_mixin.py:190} INFO - [2026-04-21T23:10:50.984+0000] {dagbag.py:588} INFO - Filling up the DagBag from /usr/local/python/3.12.1/lib/python3.12/site-packages/airflow/example_dags/example_branch_day_of_week_operator.py
[2026-04-21T23:10:50.992+0000] {processor.py:925} INFO - DAG(s) 'example_weekday_branch_operator' retrieved from /usr/local/python/3.12.1/lib/python3.12/site-packages/airflow/example_dags/example_branch_day_of_week_operator.py
[2026-04-21T23:10:51.006+0000] {logging_mixin.py:190} INFO - [2026-04-21T23:10:51.006+0000] {dag.py:3239} INFO - Sync 1 DAGs
[2026-04-21T23:10:51.023+0000] {logging_mixin.py:190} INFO - [2026-04-21T23:10:51.023+0000] {dag.py:4180} INFO - Setting next_dagrun for example_weekday_branch_operator to 2026-04-20 00:00:00+00:00, run_after=2026-04-21 00:00:00+00:00
[2026-04-21T23:10:51.043+0000] {processor.py:208} INFO - Processing /usr/local/python/3.12.1/lib/python3.12/site-packages/airflow/example_dags/example_branch_day_of_week_operator.py took 0.066 seconds
[2026-04-21T23:12:31.928+0000] {processor.py:186} INFO - Started process (PID=39948) to work on /usr/local/python/3.12.1/lib/python3.12/site-packages/airflow/example_dags/example_branch_day_of_week_operator.py
[2026-04-21T23:12:31.929+0000] {processor.py:914} INFO - Processing file /usr/local/python/3.12.1/lib/python3.12/site-packages/airflow/example_dags/example_branch_day_of_week_operator.py for tasks to queue
[2026-04-21T23:12:31.931+0000] {logging_mixin.py:190} INFO - [2026-04-21T23:12:31.930+0000] {dagbag.py:588} INFO - Filling up the DagBag from /usr/local/python/3.12.1/lib/python3.12/site-packages/airflow/example_dags/example_branch_day_of_week_operator.py
[2026-04-21T23:12:31.939+0000] {processor.py:925} INFO - DAG(s) 'example_weekday_branch_operator' retrieved from /usr/local/python/3.12.1/lib/python3.12/site-packages/airflow/example_dags/example_branch_day_of_week_operator.py
[2026-04-21T23:12:31.959+0000] {logging_mixin.py:190} INFO - [2026-04-21T23:12:31.959+0000] {dag.py:3239} INFO - Sync 1 DAGs
[2026-04-21T23:12:31.997+0000] {logging_mixin.py:190} INFO - [2026-04-21T23:12:31.996+0000] {dag.py:4180} INFO - Setting next_dagrun for example_weekday_branch_operator to 2026-04-20 00:00:00+00:00, run_after=2026-04-21 00:00:00+00:00
[2026-04-21T23:12:32.025+0000] {processor.py:208} INFO - Processing /usr/local/python/3.12.1/lib/python3.12/site-packages/airflow/example_dags/example_branch_day_of_week_operator.py took 0.102 seconds
