[2026-04-21T22:27:52.181+0000] {processor.py:186} INFO - Started process (PID=5156) to work on /usr/local/python/3.12.1/lib/python3.12/site-packages/airflow/example_dags/example_bash_operator.py
[2026-04-21T22:27:52.182+0000] {processor.py:914} INFO - Processing file /usr/local/python/3.12.1/lib/python3.12/site-packages/airflow/example_dags/example_bash_operator.py for tasks to queue
[2026-04-21T22:27:52.184+0000] {logging_mixin.py:190} INFO - [2026-04-21T22:27:52.184+0000] {dagbag.py:588} INFO - Filling up the DagBag from /usr/local/python/3.12.1/lib/python3.12/site-packages/airflow/example_dags/example_bash_operator.py
[2026-04-21T22:27:52.196+0000] {processor.py:925} INFO - DAG(s) 'example_bash_operator' retrieved from /usr/local/python/3.12.1/lib/python3.12/site-packages/airflow/example_dags/example_bash_operator.py
[2026-04-21T22:27:52.213+0000] {logging_mixin.py:190} INFO - [2026-04-21T22:27:52.213+0000] {dag.py:3239} INFO - Sync 1 DAGs
[2026-04-21T22:27:52.229+0000] {logging_mixin.py:190} INFO - [2026-04-21T22:27:52.229+0000] {dag.py:4180} INFO - Setting next_dagrun for example_bash_operator to 2026-04-20 00:00:00+00:00, run_after=2026-04-21 00:00:00+00:00
[2026-04-21T22:27:52.246+0000] {processor.py:208} INFO - Processing /usr/local/python/3.12.1/lib/python3.12/site-packages/airflow/example_dags/example_bash_operator.py took 0.069 seconds
[2026-04-21T22:29:14.310+0000] {processor.py:186} INFO - Started process (PID=6884) to work on /usr/local/python/3.12.1/lib/python3.12/site-packages/airflow/example_dags/example_bash_operator.py
[2026-04-21T22:29:14.311+0000] {processor.py:914} INFO - Processing file /usr/local/python/3.12.1/lib/python3.12/site-packages/airflow/example_dags/example_bash_operator.py for tasks to queue
[2026-04-21T22:29:14.314+0000] {logging_mixin.py:190} INFO - [2026-04-21T22:29:14.314+0000] {dagbag.py:588} INFO - Filling up the DagBag from /usr/local/python/3.12.1/lib/python3.12/site-packages/airflow/example_dags/example_bash_operator.py
[2026-04-21T22:29:14.330+0000] {processor.py:925} INFO - DAG(s) 'example_bash_operator' retrieved from /usr/local/python/3.12.1/lib/python3.12/site-packages/airflow/example_dags/example_bash_operator.py
[2026-04-21T22:29:14.356+0000] {logging_mixin.py:190} INFO - [2026-04-21T22:29:14.356+0000] {dag.py:3239} INFO - Sync 1 DAGs
[2026-04-21T22:29:14.393+0000] {logging_mixin.py:190} INFO - [2026-04-21T22:29:14.393+0000] {dag.py:4180} INFO - Setting next_dagrun for example_bash_operator to 2026-04-20 00:00:00+00:00, run_after=2026-04-21 00:00:00+00:00
[2026-04-21T22:29:14.412+0000] {processor.py:208} INFO - Processing /usr/local/python/3.12.1/lib/python3.12/site-packages/airflow/example_dags/example_bash_operator.py took 0.107 seconds
[2026-04-21T22:30:31.674+0000] {processor.py:186} INFO - Started process (PID=7936) to work on /usr/local/python/3.12.1/lib/python3.12/site-packages/airflow/example_dags/example_bash_operator.py
[2026-04-21T22:30:31.674+0000] {processor.py:914} INFO - Processing file /usr/local/python/3.12.1/lib/python3.12/site-packages/airflow/example_dags/example_bash_operator.py for tasks to queue
[2026-04-21T22:30:31.676+0000] {logging_mixin.py:190} INFO - [2026-04-21T22:30:31.676+0000] {dagbag.py:588} INFO - Filling up the DagBag from /usr/local/python/3.12.1/lib/python3.12/site-packages/airflow/example_dags/example_bash_operator.py
[2026-04-21T22:30:31.686+0000] {processor.py:925} INFO - DAG(s) 'example_bash_operator' retrieved from /usr/local/python/3.12.1/lib/python3.12/site-packages/airflow/example_dags/example_bash_operator.py
[2026-04-21T22:30:31.704+0000] {logging_mixin.py:190} INFO - [2026-04-21T22:30:31.704+0000] {dag.py:3239} INFO - Sync 1 DAGs
[2026-04-21T22:30:31.720+0000] {logging_mixin.py:190} INFO - [2026-04-21T22:30:31.720+0000] {dag.py:4180} INFO - Setting next_dagrun for example_bash_operator to 2026-04-20 00:00:00+00:00, run_after=2026-04-21 00:00:00+00:00
[2026-04-21T22:30:31.748+0000] {processor.py:208} INFO - Processing /usr/local/python/3.12.1/lib/python3.12/site-packages/airflow/example_dags/example_bash_operator.py took 0.079 seconds
[2026-04-21T22:31:50.244+0000] {processor.py:186} INFO - Started process (PID=9128) to work on /usr/local/python/3.12.1/lib/python3.12/site-packages/airflow/example_dags/example_bash_operator.py
[2026-04-21T22:31:50.245+0000] {processor.py:914} INFO - Processing file /usr/local/python/3.12.1/lib/python3.12/site-packages/airflow/example_dags/example_bash_operator.py for tasks to queue
[2026-04-21T22:31:50.247+0000] {logging_mixin.py:190} INFO - [2026-04-21T22:31:50.247+0000] {dagbag.py:588} INFO - Filling up the DagBag from /usr/local/python/3.12.1/lib/python3.12/site-packages/airflow/example_dags/example_bash_operator.py
[2026-04-21T22:31:50.257+0000] {processor.py:925} INFO - DAG(s) 'example_bash_operator' retrieved from /usr/local/python/3.12.1/lib/python3.12/site-packages/airflow/example_dags/example_bash_operator.py
[2026-04-21T22:31:50.275+0000] {logging_mixin.py:190} INFO - [2026-04-21T22:31:50.275+0000] {dag.py:3239} INFO - Sync 1 DAGs
[2026-04-21T22:31:50.291+0000] {logging_mixin.py:190} INFO - [2026-04-21T22:31:50.290+0000] {dag.py:4180} INFO - Setting next_dagrun for example_bash_operator to 2026-04-20 00:00:00+00:00, run_after=2026-04-21 00:00:00+00:00
[2026-04-21T22:31:50.307+0000] {processor.py:208} INFO - Processing /usr/local/python/3.12.1/lib/python3.12/site-packages/airflow/example_dags/example_bash_operator.py took 0.067 seconds
[2026-04-21T22:33:12.906+0000] {processor.py:186} INFO - Started process (PID=10267) to work on /usr/local/python/3.12.1/lib/python3.12/site-packages/airflow/example_dags/example_bash_operator.py
[2026-04-21T22:33:12.906+0000] {processor.py:914} INFO - Processing file /usr/local/python/3.12.1/lib/python3.12/site-packages/airflow/example_dags/example_bash_operator.py for tasks to queue
[2026-04-21T22:33:12.908+0000] {logging_mixin.py:190} INFO - [2026-04-21T22:33:12.908+0000] {dagbag.py:588} INFO - Filling up the DagBag from /usr/local/python/3.12.1/lib/python3.12/site-packages/airflow/example_dags/example_bash_operator.py
[2026-04-21T22:33:12.919+0000] {processor.py:925} INFO - DAG(s) 'example_bash_operator' retrieved from /usr/local/python/3.12.1/lib/python3.12/site-packages/airflow/example_dags/example_bash_operator.py
[2026-04-21T22:33:12.936+0000] {logging_mixin.py:190} INFO - [2026-04-21T22:33:12.936+0000] {dag.py:3239} INFO - Sync 1 DAGs
[2026-04-21T22:33:12.952+0000] {logging_mixin.py:190} INFO - [2026-04-21T22:33:12.952+0000] {dag.py:4180} INFO - Setting next_dagrun for example_bash_operator to 2026-04-20 00:00:00+00:00, run_after=2026-04-21 00:00:00+00:00
[2026-04-21T22:33:12.968+0000] {processor.py:208} INFO - Processing /usr/local/python/3.12.1/lib/python3.12/site-packages/airflow/example_dags/example_bash_operator.py took 0.067 seconds
[2026-04-21T22:34:29.961+0000] {processor.py:186} INFO - Started process (PID=11086) to work on /usr/local/python/3.12.1/lib/python3.12/site-packages/airflow/example_dags/example_bash_operator.py
[2026-04-21T22:34:29.962+0000] {processor.py:914} INFO - Processing file /usr/local/python/3.12.1/lib/python3.12/site-packages/airflow/example_dags/example_bash_operator.py for tasks to queue
[2026-04-21T22:34:29.964+0000] {logging_mixin.py:190} INFO - [2026-04-21T22:34:29.963+0000] {dagbag.py:588} INFO - Filling up the DagBag from /usr/local/python/3.12.1/lib/python3.12/site-packages/airflow/example_dags/example_bash_operator.py
[2026-04-21T22:34:29.974+0000] {processor.py:925} INFO - DAG(s) 'example_bash_operator' retrieved from /usr/local/python/3.12.1/lib/python3.12/site-packages/airflow/example_dags/example_bash_operator.py
[2026-04-21T22:34:29.992+0000] {logging_mixin.py:190} INFO - [2026-04-21T22:34:29.991+0000] {dag.py:3239} INFO - Sync 1 DAGs
[2026-04-21T22:34:30.007+0000] {logging_mixin.py:190} INFO - [2026-04-21T22:34:30.007+0000] {dag.py:4180} INFO - Setting next_dagrun for example_bash_operator to 2026-04-20 00:00:00+00:00, run_after=2026-04-21 00:00:00+00:00
[2026-04-21T22:34:30.024+0000] {processor.py:208} INFO - Processing /usr/local/python/3.12.1/lib/python3.12/site-packages/airflow/example_dags/example_bash_operator.py took 0.067 seconds
[2026-04-21T22:35:45.455+0000] {processor.py:186} INFO - Started process (PID=11935) to work on /usr/local/python/3.12.1/lib/python3.12/site-packages/airflow/example_dags/example_bash_operator.py
[2026-04-21T22:35:45.456+0000] {processor.py:914} INFO - Processing file /usr/local/python/3.12.1/lib/python3.12/site-packages/airflow/example_dags/example_bash_operator.py for tasks to queue
[2026-04-21T22:35:45.457+0000] {logging_mixin.py:190} INFO - [2026-04-21T22:35:45.457+0000] {dagbag.py:588} INFO - Filling up the DagBag from /usr/local/python/3.12.1/lib/python3.12/site-packages/airflow/example_dags/example_bash_operator.py
[2026-04-21T22:35:45.468+0000] {processor.py:925} INFO - DAG(s) 'example_bash_operator' retrieved from /usr/local/python/3.12.1/lib/python3.12/site-packages/airflow/example_dags/example_bash_operator.py
[2026-04-21T22:35:45.487+0000] {logging_mixin.py:190} INFO - [2026-04-21T22:35:45.487+0000] {dag.py:3239} INFO - Sync 1 DAGs
[2026-04-21T22:35:45.503+0000] {logging_mixin.py:190} INFO - [2026-04-21T22:35:45.502+0000] {dag.py:4180} INFO - Setting next_dagrun for example_bash_operator to 2026-04-20 00:00:00+00:00, run_after=2026-04-21 00:00:00+00:00
[2026-04-21T22:35:45.519+0000] {processor.py:208} INFO - Processing /usr/local/python/3.12.1/lib/python3.12/site-packages/airflow/example_dags/example_bash_operator.py took 0.069 seconds
[2026-04-21T22:37:03.401+0000] {processor.py:186} INFO - Started process (PID=12810) to work on /usr/local/python/3.12.1/lib/python3.12/site-packages/airflow/example_dags/example_bash_operator.py
[2026-04-21T22:37:03.402+0000] {processor.py:914} INFO - Processing file /usr/local/python/3.12.1/lib/python3.12/site-packages/airflow/example_dags/example_bash_operator.py for tasks to queue
[2026-04-21T22:37:03.404+0000] {logging_mixin.py:190} INFO - [2026-04-21T22:37:03.403+0000] {dagbag.py:588} INFO - Filling up the DagBag from /usr/local/python/3.12.1/lib/python3.12/site-packages/airflow/example_dags/example_bash_operator.py
[2026-04-21T22:37:03.415+0000] {processor.py:925} INFO - DAG(s) 'example_bash_operator' retrieved from /usr/local/python/3.12.1/lib/python3.12/site-packages/airflow/example_dags/example_bash_operator.py
[2026-04-21T22:37:03.436+0000] {logging_mixin.py:190} INFO - [2026-04-21T22:37:03.436+0000] {dag.py:3239} INFO - Sync 1 DAGs
[2026-04-21T22:37:03.454+0000] {logging_mixin.py:190} INFO - [2026-04-21T22:37:03.454+0000] {dag.py:4180} INFO - Setting next_dagrun for example_bash_operator to 2026-04-20 00:00:00+00:00, run_after=2026-04-21 00:00:00+00:00
[2026-04-21T22:37:03.470+0000] {processor.py:208} INFO - Processing /usr/local/python/3.12.1/lib/python3.12/site-packages/airflow/example_dags/example_bash_operator.py took 0.073 seconds
[2026-04-21T22:38:25.415+0000] {processor.py:186} INFO - Started process (PID=13962) to work on /usr/local/python/3.12.1/lib/python3.12/site-packages/airflow/example_dags/example_bash_operator.py
[2026-04-21T22:38:25.415+0000] {processor.py:914} INFO - Processing file /usr/local/python/3.12.1/lib/python3.12/site-packages/airflow/example_dags/example_bash_operator.py for tasks to queue
[2026-04-21T22:38:25.417+0000] {logging_mixin.py:190} INFO - [2026-04-21T22:38:25.417+0000] {dagbag.py:588} INFO - Filling up the DagBag from /usr/local/python/3.12.1/lib/python3.12/site-packages/airflow/example_dags/example_bash_operator.py
[2026-04-21T22:38:25.429+0000] {processor.py:925} INFO - DAG(s) 'example_bash_operator' retrieved from /usr/local/python/3.12.1/lib/python3.12/site-packages/airflow/example_dags/example_bash_operator.py
[2026-04-21T22:38:25.447+0000] {logging_mixin.py:190} INFO - [2026-04-21T22:38:25.446+0000] {dag.py:3239} INFO - Sync 1 DAGs
[2026-04-21T22:38:25.462+0000] {logging_mixin.py:190} INFO - [2026-04-21T22:38:25.462+0000] {dag.py:4180} INFO - Setting next_dagrun for example_bash_operator to 2026-04-20 00:00:00+00:00, run_after=2026-04-21 00:00:00+00:00
[2026-04-21T22:38:25.479+0000] {processor.py:208} INFO - Processing /usr/local/python/3.12.1/lib/python3.12/site-packages/airflow/example_dags/example_bash_operator.py took 0.069 seconds
[2026-04-21T22:39:42.646+0000] {processor.py:186} INFO - Started process (PID=14731) to work on /usr/local/python/3.12.1/lib/python3.12/site-packages/airflow/example_dags/example_bash_operator.py
[2026-04-21T22:39:42.647+0000] {processor.py:914} INFO - Processing file /usr/local/python/3.12.1/lib/python3.12/site-packages/airflow/example_dags/example_bash_operator.py for tasks to queue
[2026-04-21T22:39:42.649+0000] {logging_mixin.py:190} INFO - [2026-04-21T22:39:42.649+0000] {dagbag.py:588} INFO - Filling up the DagBag from /usr/local/python/3.12.1/lib/python3.12/site-packages/airflow/example_dags/example_bash_operator.py
[2026-04-21T22:39:42.660+0000] {processor.py:925} INFO - DAG(s) 'example_bash_operator' retrieved from /usr/local/python/3.12.1/lib/python3.12/site-packages/airflow/example_dags/example_bash_operator.py
[2026-04-21T22:39:42.677+0000] {logging_mixin.py:190} INFO - [2026-04-21T22:39:42.677+0000] {dag.py:3239} INFO - Sync 1 DAGs
[2026-04-21T22:39:42.694+0000] {logging_mixin.py:190} INFO - [2026-04-21T22:39:42.694+0000] {dag.py:4180} INFO - Setting next_dagrun for example_bash_operator to 2026-04-20 00:00:00+00:00, run_after=2026-04-21 00:00:00+00:00
[2026-04-21T22:39:42.711+0000] {processor.py:208} INFO - Processing /usr/local/python/3.12.1/lib/python3.12/site-packages/airflow/example_dags/example_bash_operator.py took 0.069 seconds
[2026-04-21T22:41:01.249+0000] {processor.py:186} INFO - Started process (PID=15580) to work on /usr/local/python/3.12.1/lib/python3.12/site-packages/airflow/example_dags/example_bash_operator.py
[2026-04-21T22:41:01.250+0000] {processor.py:914} INFO - Processing file /usr/local/python/3.12.1/lib/python3.12/site-packages/airflow/example_dags/example_bash_operator.py for tasks to queue
[2026-04-21T22:41:01.251+0000] {logging_mixin.py:190} INFO - [2026-04-21T22:41:01.251+0000] {dagbag.py:588} INFO - Filling up the DagBag from /usr/local/python/3.12.1/lib/python3.12/site-packages/airflow/example_dags/example_bash_operator.py
[2026-04-21T22:41:01.262+0000] {processor.py:925} INFO - DAG(s) 'example_bash_operator' retrieved from /usr/local/python/3.12.1/lib/python3.12/site-packages/airflow/example_dags/example_bash_operator.py
[2026-04-21T22:41:01.283+0000] {logging_mixin.py:190} INFO - [2026-04-21T22:41:01.282+0000] {dag.py:3239} INFO - Sync 1 DAGs
[2026-04-21T22:41:01.298+0000] {logging_mixin.py:190} INFO - [2026-04-21T22:41:01.298+0000] {dag.py:4180} INFO - Setting next_dagrun for example_bash_operator to 2026-04-20 00:00:00+00:00, run_after=2026-04-21 00:00:00+00:00
[2026-04-21T22:41:01.314+0000] {processor.py:208} INFO - Processing /usr/local/python/3.12.1/lib/python3.12/site-packages/airflow/example_dags/example_bash_operator.py took 0.071 seconds
[2026-04-21T22:42:19.402+0000] {processor.py:186} INFO - Started process (PID=16490) to work on /usr/local/python/3.12.1/lib/python3.12/site-packages/airflow/example_dags/example_bash_operator.py
[2026-04-21T22:42:19.403+0000] {processor.py:914} INFO - Processing file /usr/local/python/3.12.1/lib/python3.12/site-packages/airflow/example_dags/example_bash_operator.py for tasks to queue
[2026-04-21T22:42:19.405+0000] {logging_mixin.py:190} INFO - [2026-04-21T22:42:19.405+0000] {dagbag.py:588} INFO - Filling up the DagBag from /usr/local/python/3.12.1/lib/python3.12/site-packages/airflow/example_dags/example_bash_operator.py
[2026-04-21T22:42:19.416+0000] {processor.py:925} INFO - DAG(s) 'example_bash_operator' retrieved from /usr/local/python/3.12.1/lib/python3.12/site-packages/airflow/example_dags/example_bash_operator.py
[2026-04-21T22:42:19.434+0000] {logging_mixin.py:190} INFO - [2026-04-21T22:42:19.434+0000] {dag.py:3239} INFO - Sync 1 DAGs
[2026-04-21T22:42:19.450+0000] {logging_mixin.py:190} INFO - [2026-04-21T22:42:19.450+0000] {dag.py:4180} INFO - Setting next_dagrun for example_bash_operator to 2026-04-20 00:00:00+00:00, run_after=2026-04-21 00:00:00+00:00
[2026-04-21T22:42:19.466+0000] {processor.py:208} INFO - Processing /usr/local/python/3.12.1/lib/python3.12/site-packages/airflow/example_dags/example_bash_operator.py took 0.068 seconds
[2026-04-21T22:43:39.925+0000] {processor.py:186} INFO - Started process (PID=17366) to work on /usr/local/python/3.12.1/lib/python3.12/site-packages/airflow/example_dags/example_bash_operator.py
[2026-04-21T22:43:39.928+0000] {processor.py:914} INFO - Processing file /usr/local/python/3.12.1/lib/python3.12/site-packages/airflow/example_dags/example_bash_operator.py for tasks to queue
[2026-04-21T22:43:39.931+0000] {logging_mixin.py:190} INFO - [2026-04-21T22:43:39.930+0000] {dagbag.py:588} INFO - Filling up the DagBag from /usr/local/python/3.12.1/lib/python3.12/site-packages/airflow/example_dags/example_bash_operator.py
[2026-04-21T22:43:39.945+0000] {processor.py:925} INFO - DAG(s) 'example_bash_operator' retrieved from /usr/local/python/3.12.1/lib/python3.12/site-packages/airflow/example_dags/example_bash_operator.py
[2026-04-21T22:43:39.976+0000] {logging_mixin.py:190} INFO - [2026-04-21T22:43:39.976+0000] {dag.py:3239} INFO - Sync 1 DAGs
[2026-04-21T22:43:39.995+0000] {logging_mixin.py:190} INFO - [2026-04-21T22:43:39.995+0000] {dag.py:4180} INFO - Setting next_dagrun for example_bash_operator to 2026-04-20 00:00:00+00:00, run_after=2026-04-21 00:00:00+00:00
[2026-04-21T22:43:40.014+0000] {processor.py:208} INFO - Processing /usr/local/python/3.12.1/lib/python3.12/site-packages/airflow/example_dags/example_bash_operator.py took 0.102 seconds
[2026-04-21T22:44:58.251+0000] {processor.py:186} INFO - Started process (PID=18338) to work on /usr/local/python/3.12.1/lib/python3.12/site-packages/airflow/example_dags/example_bash_operator.py
[2026-04-21T22:44:58.252+0000] {processor.py:914} INFO - Processing file /usr/local/python/3.12.1/lib/python3.12/site-packages/airflow/example_dags/example_bash_operator.py for tasks to queue
[2026-04-21T22:44:58.256+0000] {logging_mixin.py:190} INFO - [2026-04-21T22:44:58.255+0000] {dagbag.py:588} INFO - Filling up the DagBag from /usr/local/python/3.12.1/lib/python3.12/site-packages/airflow/example_dags/example_bash_operator.py
[2026-04-21T22:44:58.273+0000] {processor.py:925} INFO - DAG(s) 'example_bash_operator' retrieved from /usr/local/python/3.12.1/lib/python3.12/site-packages/airflow/example_dags/example_bash_operator.py
[2026-04-21T22:44:58.305+0000] {logging_mixin.py:190} INFO - [2026-04-21T22:44:58.305+0000] {dag.py:3239} INFO - Sync 1 DAGs
[2026-04-21T22:44:58.330+0000] {logging_mixin.py:190} INFO - [2026-04-21T22:44:58.329+0000] {dag.py:4180} INFO - Setting next_dagrun for example_bash_operator to 2026-04-20 00:00:00+00:00, run_after=2026-04-21 00:00:00+00:00
[2026-04-21T22:44:58.352+0000] {processor.py:208} INFO - Processing /usr/local/python/3.12.1/lib/python3.12/site-packages/airflow/example_dags/example_bash_operator.py took 0.114 seconds
[2026-04-21T22:46:17.845+0000] {processor.py:186} INFO - Started process (PID=19257) to work on /usr/local/python/3.12.1/lib/python3.12/site-packages/airflow/example_dags/example_bash_operator.py
[2026-04-21T22:46:17.846+0000] {processor.py:914} INFO - Processing file /usr/local/python/3.12.1/lib/python3.12/site-packages/airflow/example_dags/example_bash_operator.py for tasks to queue
[2026-04-21T22:46:17.848+0000] {logging_mixin.py:190} INFO - [2026-04-21T22:46:17.847+0000] {dagbag.py:588} INFO - Filling up the DagBag from /usr/local/python/3.12.1/lib/python3.12/site-packages/airflow/example_dags/example_bash_operator.py
[2026-04-21T22:46:17.858+0000] {processor.py:925} INFO - DAG(s) 'example_bash_operator' retrieved from /usr/local/python/3.12.1/lib/python3.12/site-packages/airflow/example_dags/example_bash_operator.py
[2026-04-21T22:46:17.875+0000] {logging_mixin.py:190} INFO - [2026-04-21T22:46:17.875+0000] {dag.py:3239} INFO - Sync 1 DAGs
[2026-04-21T22:46:17.897+0000] {logging_mixin.py:190} INFO - [2026-04-21T22:46:17.897+0000] {dag.py:4180} INFO - Setting next_dagrun for example_bash_operator to 2026-04-20 00:00:00+00:00, run_after=2026-04-21 00:00:00+00:00
[2026-04-21T22:46:17.914+0000] {processor.py:208} INFO - Processing /usr/local/python/3.12.1/lib/python3.12/site-packages/airflow/example_dags/example_bash_operator.py took 0.073 seconds
[2026-04-21T22:47:36.233+0000] {processor.py:186} INFO - Started process (PID=20146) to work on /usr/local/python/3.12.1/lib/python3.12/site-packages/airflow/example_dags/example_bash_operator.py
[2026-04-21T22:47:36.234+0000] {processor.py:914} INFO - Processing file /usr/local/python/3.12.1/lib/python3.12/site-packages/airflow/example_dags/example_bash_operator.py for tasks to queue
[2026-04-21T22:47:36.235+0000] {logging_mixin.py:190} INFO - [2026-04-21T22:47:36.235+0000] {dagbag.py:588} INFO - Filling up the DagBag from /usr/local/python/3.12.1/lib/python3.12/site-packages/airflow/example_dags/example_bash_operator.py
[2026-04-21T22:47:36.246+0000] {processor.py:925} INFO - DAG(s) 'example_bash_operator' retrieved from /usr/local/python/3.12.1/lib/python3.12/site-packages/airflow/example_dags/example_bash_operator.py
[2026-04-21T22:47:36.263+0000] {logging_mixin.py:190} INFO - [2026-04-21T22:47:36.263+0000] {dag.py:3239} INFO - Sync 1 DAGs
[2026-04-21T22:47:36.278+0000] {logging_mixin.py:190} INFO - [2026-04-21T22:47:36.278+0000] {dag.py:4180} INFO - Setting next_dagrun for example_bash_operator to 2026-04-20 00:00:00+00:00, run_after=2026-04-21 00:00:00+00:00
[2026-04-21T22:47:36.297+0000] {processor.py:208} INFO - Processing /usr/local/python/3.12.1/lib/python3.12/site-packages/airflow/example_dags/example_bash_operator.py took 0.068 seconds
[2026-04-21T22:48:56.420+0000] {processor.py:186} INFO - Started process (PID=21076) to work on /usr/local/python/3.12.1/lib/python3.12/site-packages/airflow/example_dags/example_bash_operator.py
[2026-04-21T22:48:56.421+0000] {processor.py:914} INFO - Processing file /usr/local/python/3.12.1/lib/python3.12/site-packages/airflow/example_dags/example_bash_operator.py for tasks to queue
[2026-04-21T22:48:56.423+0000] {logging_mixin.py:190} INFO - [2026-04-21T22:48:56.422+0000] {dagbag.py:588} INFO - Filling up the DagBag from /usr/local/python/3.12.1/lib/python3.12/site-packages/airflow/example_dags/example_bash_operator.py
[2026-04-21T22:48:56.434+0000] {processor.py:925} INFO - DAG(s) 'example_bash_operator' retrieved from /usr/local/python/3.12.1/lib/python3.12/site-packages/airflow/example_dags/example_bash_operator.py
[2026-04-21T22:48:56.451+0000] {logging_mixin.py:190} INFO - [2026-04-21T22:48:56.451+0000] {dag.py:3239} INFO - Sync 1 DAGs
[2026-04-21T22:48:56.466+0000] {logging_mixin.py:190} INFO - [2026-04-21T22:48:56.466+0000] {dag.py:4180} INFO - Setting next_dagrun for example_bash_operator to 2026-04-20 00:00:00+00:00, run_after=2026-04-21 00:00:00+00:00
[2026-04-21T22:48:56.482+0000] {processor.py:208} INFO - Processing /usr/local/python/3.12.1/lib/python3.12/site-packages/airflow/example_dags/example_bash_operator.py took 0.067 seconds
[2026-04-21T22:50:15.230+0000] {processor.py:186} INFO - Started process (PID=22207) to work on /usr/local/python/3.12.1/lib/python3.12/site-packages/airflow/example_dags/example_bash_operator.py
[2026-04-21T22:50:15.232+0000] {processor.py:914} INFO - Processing file /usr/local/python/3.12.1/lib/python3.12/site-packages/airflow/example_dags/example_bash_operator.py for tasks to queue
[2026-04-21T22:50:15.235+0000] {logging_mixin.py:190} INFO - [2026-04-21T22:50:15.234+0000] {dagbag.py:588} INFO - Filling up the DagBag from /usr/local/python/3.12.1/lib/python3.12/site-packages/airflow/example_dags/example_bash_operator.py
[2026-04-21T22:50:15.252+0000] {processor.py:925} INFO - DAG(s) 'example_bash_operator' retrieved from /usr/local/python/3.12.1/lib/python3.12/site-packages/airflow/example_dags/example_bash_operator.py
[2026-04-21T22:50:15.275+0000] {logging_mixin.py:190} INFO - [2026-04-21T22:50:15.274+0000] {dag.py:3239} INFO - Sync 1 DAGs
[2026-04-21T22:50:15.291+0000] {logging_mixin.py:190} INFO - [2026-04-21T22:50:15.290+0000] {dag.py:4180} INFO - Setting next_dagrun for example_bash_operator to 2026-04-20 00:00:00+00:00, run_after=2026-04-21 00:00:00+00:00
[2026-04-21T22:50:15.306+0000] {processor.py:208} INFO - Processing /usr/local/python/3.12.1/lib/python3.12/site-packages/airflow/example_dags/example_bash_operator.py took 0.084 seconds
[2026-04-21T22:51:31.197+0000] {processor.py:186} INFO - Started process (PID=23171) to work on /usr/local/python/3.12.1/lib/python3.12/site-packages/airflow/example_dags/example_bash_operator.py
[2026-04-21T22:51:31.198+0000] {processor.py:914} INFO - Processing file /usr/local/python/3.12.1/lib/python3.12/site-packages/airflow/example_dags/example_bash_operator.py for tasks to queue
[2026-04-21T22:51:31.200+0000] {logging_mixin.py:190} INFO - [2026-04-21T22:51:31.200+0000] {dagbag.py:588} INFO - Filling up the DagBag from /usr/local/python/3.12.1/lib/python3.12/site-packages/airflow/example_dags/example_bash_operator.py
[2026-04-21T22:51:31.211+0000] {processor.py:925} INFO - DAG(s) 'example_bash_operator' retrieved from /usr/local/python/3.12.1/lib/python3.12/site-packages/airflow/example_dags/example_bash_operator.py
[2026-04-21T22:51:31.228+0000] {logging_mixin.py:190} INFO - [2026-04-21T22:51:31.228+0000] {dag.py:3239} INFO - Sync 1 DAGs
[2026-04-21T22:51:31.244+0000] {logging_mixin.py:190} INFO - [2026-04-21T22:51:31.243+0000] {dag.py:4180} INFO - Setting next_dagrun for example_bash_operator to 2026-04-20 00:00:00+00:00, run_after=2026-04-21 00:00:00+00:00
[2026-04-21T22:51:31.259+0000] {processor.py:208} INFO - Processing /usr/local/python/3.12.1/lib/python3.12/site-packages/airflow/example_dags/example_bash_operator.py took 0.066 seconds
[2026-04-21T22:52:50.947+0000] {processor.py:186} INFO - Started process (PID=24325) to work on /usr/local/python/3.12.1/lib/python3.12/site-packages/airflow/example_dags/example_bash_operator.py
[2026-04-21T22:52:50.948+0000] {processor.py:914} INFO - Processing file /usr/local/python/3.12.1/lib/python3.12/site-packages/airflow/example_dags/example_bash_operator.py for tasks to queue
[2026-04-21T22:52:50.950+0000] {logging_mixin.py:190} INFO - [2026-04-21T22:52:50.950+0000] {dagbag.py:588} INFO - Filling up the DagBag from /usr/local/python/3.12.1/lib/python3.12/site-packages/airflow/example_dags/example_bash_operator.py
[2026-04-21T22:52:50.961+0000] {processor.py:925} INFO - DAG(s) 'example_bash_operator' retrieved from /usr/local/python/3.12.1/lib/python3.12/site-packages/airflow/example_dags/example_bash_operator.py
[2026-04-21T22:52:50.978+0000] {logging_mixin.py:190} INFO - [2026-04-21T22:52:50.978+0000] {dag.py:3239} INFO - Sync 1 DAGs
[2026-04-21T22:52:50.994+0000] {logging_mixin.py:190} INFO - [2026-04-21T22:52:50.994+0000] {dag.py:4180} INFO - Setting next_dagrun for example_bash_operator to 2026-04-20 00:00:00+00:00, run_after=2026-04-21 00:00:00+00:00
[2026-04-21T22:52:51.010+0000] {processor.py:208} INFO - Processing /usr/local/python/3.12.1/lib/python3.12/site-packages/airflow/example_dags/example_bash_operator.py took 0.067 seconds
[2026-04-21T22:54:11.986+0000] {processor.py:186} INFO - Started process (PID=25421) to work on /usr/local/python/3.12.1/lib/python3.12/site-packages/airflow/example_dags/example_bash_operator.py
[2026-04-21T22:54:11.987+0000] {processor.py:914} INFO - Processing file /usr/local/python/3.12.1/lib/python3.12/site-packages/airflow/example_dags/example_bash_operator.py for tasks to queue
[2026-04-21T22:54:11.988+0000] {logging_mixin.py:190} INFO - [2026-04-21T22:54:11.988+0000] {dagbag.py:588} INFO - Filling up the DagBag from /usr/local/python/3.12.1/lib/python3.12/site-packages/airflow/example_dags/example_bash_operator.py
[2026-04-21T22:54:11.999+0000] {processor.py:925} INFO - DAG(s) 'example_bash_operator' retrieved from /usr/local/python/3.12.1/lib/python3.12/site-packages/airflow/example_dags/example_bash_operator.py
[2026-04-21T22:54:12.017+0000] {logging_mixin.py:190} INFO - [2026-04-21T22:54:12.016+0000] {dag.py:3239} INFO - Sync 1 DAGs
[2026-04-21T22:54:12.033+0000] {logging_mixin.py:190} INFO - [2026-04-21T22:54:12.032+0000] {dag.py:4180} INFO - Setting next_dagrun for example_bash_operator to 2026-04-20 00:00:00+00:00, run_after=2026-04-21 00:00:00+00:00
[2026-04-21T22:54:12.049+0000] {processor.py:208} INFO - Processing /usr/local/python/3.12.1/lib/python3.12/site-packages/airflow/example_dags/example_bash_operator.py took 0.067 seconds
[2026-04-21T22:55:32.848+0000] {processor.py:186} INFO - Started process (PID=26568) to work on /usr/local/python/3.12.1/lib/python3.12/site-packages/airflow/example_dags/example_bash_operator.py
[2026-04-21T22:55:32.848+0000] {processor.py:914} INFO - Processing file /usr/local/python/3.12.1/lib/python3.12/site-packages/airflow/example_dags/example_bash_operator.py for tasks to queue
[2026-04-21T22:55:32.850+0000] {logging_mixin.py:190} INFO - [2026-04-21T22:55:32.850+0000] {dagbag.py:588} INFO - Filling up the DagBag from /usr/local/python/3.12.1/lib/python3.12/site-packages/airflow/example_dags/example_bash_operator.py
[2026-04-21T22:55:32.861+0000] {processor.py:925} INFO - DAG(s) 'example_bash_operator' retrieved from /usr/local/python/3.12.1/lib/python3.12/site-packages/airflow/example_dags/example_bash_operator.py
[2026-04-21T22:55:32.878+0000] {logging_mixin.py:190} INFO - [2026-04-21T22:55:32.878+0000] {dag.py:3239} INFO - Sync 1 DAGs
[2026-04-21T22:55:32.896+0000] {logging_mixin.py:190} INFO - [2026-04-21T22:55:32.896+0000] {dag.py:4180} INFO - Setting next_dagrun for example_bash_operator to 2026-04-20 00:00:00+00:00, run_after=2026-04-21 00:00:00+00:00
[2026-04-21T22:55:32.913+0000] {processor.py:208} INFO - Processing /usr/local/python/3.12.1/lib/python3.12/site-packages/airflow/example_dags/example_bash_operator.py took 0.070 seconds
[2026-04-21T22:56:50.009+0000] {processor.py:186} INFO - Started process (PID=27587) to work on /usr/local/python/3.12.1/lib/python3.12/site-packages/airflow/example_dags/example_bash_operator.py
[2026-04-21T22:56:50.009+0000] {processor.py:914} INFO - Processing file /usr/local/python/3.12.1/lib/python3.12/site-packages/airflow/example_dags/example_bash_operator.py for tasks to queue
[2026-04-21T22:56:50.011+0000] {logging_mixin.py:190} INFO - [2026-04-21T22:56:50.011+0000] {dagbag.py:588} INFO - Filling up the DagBag from /usr/local/python/3.12.1/lib/python3.12/site-packages/airflow/example_dags/example_bash_operator.py
[2026-04-21T22:56:50.022+0000] {processor.py:925} INFO - DAG(s) 'example_bash_operator' retrieved from /usr/local/python/3.12.1/lib/python3.12/site-packages/airflow/example_dags/example_bash_operator.py
[2026-04-21T22:56:50.039+0000] {logging_mixin.py:190} INFO - [2026-04-21T22:56:50.039+0000] {dag.py:3239} INFO - Sync 1 DAGs
[2026-04-21T22:56:50.055+0000] {logging_mixin.py:190} INFO - [2026-04-21T22:56:50.055+0000] {dag.py:4180} INFO - Setting next_dagrun for example_bash_operator to 2026-04-20 00:00:00+00:00, run_after=2026-04-21 00:00:00+00:00
[2026-04-21T22:56:50.071+0000] {processor.py:208} INFO - Processing /usr/local/python/3.12.1/lib/python3.12/site-packages/airflow/example_dags/example_bash_operator.py took 0.067 seconds
[2026-04-21T22:58:09.744+0000] {processor.py:186} INFO - Started process (PID=28538) to work on /usr/local/python/3.12.1/lib/python3.12/site-packages/airflow/example_dags/example_bash_operator.py
[2026-04-21T22:58:09.745+0000] {processor.py:914} INFO - Processing file /usr/local/python/3.12.1/lib/python3.12/site-packages/airflow/example_dags/example_bash_operator.py for tasks to queue
[2026-04-21T22:58:09.747+0000] {logging_mixin.py:190} INFO - [2026-04-21T22:58:09.746+0000] {dagbag.py:588} INFO - Filling up the DagBag from /usr/local/python/3.12.1/lib/python3.12/site-packages/airflow/example_dags/example_bash_operator.py
[2026-04-21T22:58:09.759+0000] {processor.py:925} INFO - DAG(s) 'example_bash_operator' retrieved from /usr/local/python/3.12.1/lib/python3.12/site-packages/airflow/example_dags/example_bash_operator.py
[2026-04-21T22:58:09.789+0000] {logging_mixin.py:190} INFO - [2026-04-21T22:58:09.789+0000] {dag.py:3239} INFO - Sync 1 DAGs
[2026-04-21T22:58:09.815+0000] {logging_mixin.py:190} INFO - [2026-04-21T22:58:09.814+0000] {dag.py:4180} INFO - Setting next_dagrun for example_bash_operator to 2026-04-20 00:00:00+00:00, run_after=2026-04-21 00:00:00+00:00
[2026-04-21T22:58:09.853+0000] {processor.py:208} INFO - Processing /usr/local/python/3.12.1/lib/python3.12/site-packages/airflow/example_dags/example_bash_operator.py took 0.113 seconds
[2026-04-21T22:59:26.839+0000] {processor.py:186} INFO - Started process (PID=29296) to work on /usr/local/python/3.12.1/lib/python3.12/site-packages/airflow/example_dags/example_bash_operator.py
[2026-04-21T22:59:26.840+0000] {processor.py:914} INFO - Processing file /usr/local/python/3.12.1/lib/python3.12/site-packages/airflow/example_dags/example_bash_operator.py for tasks to queue
[2026-04-21T22:59:26.841+0000] {logging_mixin.py:190} INFO - [2026-04-21T22:59:26.841+0000] {dagbag.py:588} INFO - Filling up the DagBag from /usr/local/python/3.12.1/lib/python3.12/site-packages/airflow/example_dags/example_bash_operator.py
[2026-04-21T22:59:26.852+0000] {processor.py:925} INFO - DAG(s) 'example_bash_operator' retrieved from /usr/local/python/3.12.1/lib/python3.12/site-packages/airflow/example_dags/example_bash_operator.py
[2026-04-21T22:59:26.870+0000] {logging_mixin.py:190} INFO - [2026-04-21T22:59:26.870+0000] {dag.py:3239} INFO - Sync 1 DAGs
[2026-04-21T22:59:26.887+0000] {logging_mixin.py:190} INFO - [2026-04-21T22:59:26.887+0000] {dag.py:4180} INFO - Setting next_dagrun for example_bash_operator to 2026-04-20 00:00:00+00:00, run_after=2026-04-21 00:00:00+00:00
[2026-04-21T22:59:26.904+0000] {processor.py:208} INFO - Processing /usr/local/python/3.12.1/lib/python3.12/site-packages/airflow/example_dags/example_bash_operator.py took 0.069 seconds
[2026-04-21T23:01:02.828+0000] {processor.py:186} INFO - Started process (PID=30697) to work on /usr/local/python/3.12.1/lib/python3.12/site-packages/airflow/example_dags/example_bash_operator.py
[2026-04-21T23:01:02.829+0000] {processor.py:914} INFO - Processing file /usr/local/python/3.12.1/lib/python3.12/site-packages/airflow/example_dags/example_bash_operator.py for tasks to queue
[2026-04-21T23:01:02.831+0000] {logging_mixin.py:190} INFO - [2026-04-21T23:01:02.830+0000] {dagbag.py:588} INFO - Filling up the DagBag from /usr/local/python/3.12.1/lib/python3.12/site-packages/airflow/example_dags/example_bash_operator.py
[2026-04-21T23:01:02.841+0000] {processor.py:925} INFO - DAG(s) 'example_bash_operator' retrieved from /usr/local/python/3.12.1/lib/python3.12/site-packages/airflow/example_dags/example_bash_operator.py
[2026-04-21T23:01:02.860+0000] {logging_mixin.py:190} INFO - [2026-04-21T23:01:02.860+0000] {dag.py:3239} INFO - Sync 1 DAGs
[2026-04-21T23:01:02.876+0000] {logging_mixin.py:190} INFO - [2026-04-21T23:01:02.876+0000] {dag.py:4180} INFO - Setting next_dagrun for example_bash_operator to 2026-04-20 00:00:00+00:00, run_after=2026-04-21 00:00:00+00:00
[2026-04-21T23:01:02.893+0000] {processor.py:208} INFO - Processing /usr/local/python/3.12.1/lib/python3.12/site-packages/airflow/example_dags/example_bash_operator.py took 0.069 seconds
[2026-04-21T23:02:19.931+0000] {processor.py:186} INFO - Started process (PID=31615) to work on /usr/local/python/3.12.1/lib/python3.12/site-packages/airflow/example_dags/example_bash_operator.py
[2026-04-21T23:02:19.931+0000] {processor.py:914} INFO - Processing file /usr/local/python/3.12.1/lib/python3.12/site-packages/airflow/example_dags/example_bash_operator.py for tasks to queue
[2026-04-21T23:02:19.933+0000] {logging_mixin.py:190} INFO - [2026-04-21T23:02:19.933+0000] {dagbag.py:588} INFO - Filling up the DagBag from /usr/local/python/3.12.1/lib/python3.12/site-packages/airflow/example_dags/example_bash_operator.py
[2026-04-21T23:02:19.945+0000] {processor.py:925} INFO - DAG(s) 'example_bash_operator' retrieved from /usr/local/python/3.12.1/lib/python3.12/site-packages/airflow/example_dags/example_bash_operator.py
[2026-04-21T23:02:19.962+0000] {logging_mixin.py:190} INFO - [2026-04-21T23:02:19.962+0000] {dag.py:3239} INFO - Sync 1 DAGs
[2026-04-21T23:02:19.978+0000] {logging_mixin.py:190} INFO - [2026-04-21T23:02:19.978+0000] {dag.py:4180} INFO - Setting next_dagrun for example_bash_operator to 2026-04-20 00:00:00+00:00, run_after=2026-04-21 00:00:00+00:00
[2026-04-21T23:02:19.993+0000] {processor.py:208} INFO - Processing /usr/local/python/3.12.1/lib/python3.12/site-packages/airflow/example_dags/example_bash_operator.py took 0.067 seconds
[2026-04-21T23:03:43.796+0000] {processor.py:186} INFO - Started process (PID=32838) to work on /usr/local/python/3.12.1/lib/python3.12/site-packages/airflow/example_dags/example_bash_operator.py
[2026-04-21T23:03:43.796+0000] {processor.py:914} INFO - Processing file /usr/local/python/3.12.1/lib/python3.12/site-packages/airflow/example_dags/example_bash_operator.py for tasks to queue
[2026-04-21T23:03:43.798+0000] {logging_mixin.py:190} INFO - [2026-04-21T23:03:43.798+0000] {dagbag.py:588} INFO - Filling up the DagBag from /usr/local/python/3.12.1/lib/python3.12/site-packages/airflow/example_dags/example_bash_operator.py
[2026-04-21T23:03:43.809+0000] {processor.py:925} INFO - DAG(s) 'example_bash_operator' retrieved from /usr/local/python/3.12.1/lib/python3.12/site-packages/airflow/example_dags/example_bash_operator.py
[2026-04-21T23:03:43.831+0000] {logging_mixin.py:190} INFO - [2026-04-21T23:03:43.831+0000] {dag.py:3239} INFO - Sync 1 DAGs
[2026-04-21T23:03:43.847+0000] {logging_mixin.py:190} INFO - [2026-04-21T23:03:43.846+0000] {dag.py:4180} INFO - Setting next_dagrun for example_bash_operator to 2026-04-20 00:00:00+00:00, run_after=2026-04-21 00:00:00+00:00
[2026-04-21T23:03:43.864+0000] {processor.py:208} INFO - Processing /usr/local/python/3.12.1/lib/python3.12/site-packages/airflow/example_dags/example_bash_operator.py took 0.072 seconds
[2026-04-21T23:05:08.124+0000] {processor.py:186} INFO - Started process (PID=33777) to work on /usr/local/python/3.12.1/lib/python3.12/site-packages/airflow/example_dags/example_bash_operator.py
[2026-04-21T23:05:08.125+0000] {processor.py:914} INFO - Processing file /usr/local/python/3.12.1/lib/python3.12/site-packages/airflow/example_dags/example_bash_operator.py for tasks to queue
[2026-04-21T23:05:08.127+0000] {logging_mixin.py:190} INFO - [2026-04-21T23:05:08.127+0000] {dagbag.py:588} INFO - Filling up the DagBag from /usr/local/python/3.12.1/lib/python3.12/site-packages/airflow/example_dags/example_bash_operator.py
[2026-04-21T23:05:08.138+0000] {processor.py:925} INFO - DAG(s) 'example_bash_operator' retrieved from /usr/local/python/3.12.1/lib/python3.12/site-packages/airflow/example_dags/example_bash_operator.py
[2026-04-21T23:05:08.155+0000] {logging_mixin.py:190} INFO - [2026-04-21T23:05:08.155+0000] {dag.py:3239} INFO - Sync 1 DAGs
[2026-04-21T23:05:08.172+0000] {logging_mixin.py:190} INFO - [2026-04-21T23:05:08.172+0000] {dag.py:4180} INFO - Setting next_dagrun for example_bash_operator to 2026-04-20 00:00:00+00:00, run_after=2026-04-21 00:00:00+00:00
[2026-04-21T23:05:08.188+0000] {processor.py:208} INFO - Processing /usr/local/python/3.12.1/lib/python3.12/site-packages/airflow/example_dags/example_bash_operator.py took 0.068 seconds
[2026-04-21T23:06:41.277+0000] {processor.py:186} INFO - Started process (PID=35375) to work on /usr/local/python/3.12.1/lib/python3.12/site-packages/airflow/example_dags/example_bash_operator.py
[2026-04-21T23:06:41.278+0000] {processor.py:914} INFO - Processing file /usr/local/python/3.12.1/lib/python3.12/site-packages/airflow/example_dags/example_bash_operator.py for tasks to queue
[2026-04-21T23:06:41.280+0000] {logging_mixin.py:190} INFO - [2026-04-21T23:06:41.280+0000] {dagbag.py:588} INFO - Filling up the DagBag from /usr/local/python/3.12.1/lib/python3.12/site-packages/airflow/example_dags/example_bash_operator.py
[2026-04-21T23:06:41.291+0000] {processor.py:925} INFO - DAG(s) 'example_bash_operator' retrieved from /usr/local/python/3.12.1/lib/python3.12/site-packages/airflow/example_dags/example_bash_operator.py
[2026-04-21T23:06:41.310+0000] {logging_mixin.py:190} INFO - [2026-04-21T23:06:41.310+0000] {dag.py:3239} INFO - Sync 1 DAGs
[2026-04-21T23:06:41.326+0000] {logging_mixin.py:190} INFO - [2026-04-21T23:06:41.326+0000] {dag.py:4180} INFO - Setting next_dagrun for example_bash_operator to 2026-04-20 00:00:00+00:00, run_after=2026-04-21 00:00:00+00:00
[2026-04-21T23:06:41.343+0000] {processor.py:208} INFO - Processing /usr/local/python/3.12.1/lib/python3.12/site-packages/airflow/example_dags/example_bash_operator.py took 0.070 seconds
[2026-04-21T23:08:11.213+0000] {processor.py:186} INFO - Started process (PID=36397) to work on /usr/local/python/3.12.1/lib/python3.12/site-packages/airflow/example_dags/example_bash_operator.py
[2026-04-21T23:08:11.214+0000] {processor.py:914} INFO - Processing file /usr/local/python/3.12.1/lib/python3.12/site-packages/airflow/example_dags/example_bash_operator.py for tasks to queue
[2026-04-21T23:08:11.216+0000] {logging_mixin.py:190} INFO - [2026-04-21T23:08:11.215+0000] {dagbag.py:588} INFO - Filling up the DagBag from /usr/local/python/3.12.1/lib/python3.12/site-packages/airflow/example_dags/example_bash_operator.py
[2026-04-21T23:08:11.230+0000] {processor.py:925} INFO - DAG(s) 'example_bash_operator' retrieved from /usr/local/python/3.12.1/lib/python3.12/site-packages/airflow/example_dags/example_bash_operator.py
[2026-04-21T23:08:11.248+0000] {logging_mixin.py:190} INFO - [2026-04-21T23:08:11.248+0000] {dag.py:3239} INFO - Sync 1 DAGs
[2026-04-21T23:08:11.267+0000] {logging_mixin.py:190} INFO - [2026-04-21T23:08:11.267+0000] {dag.py:4180} INFO - Setting next_dagrun for example_bash_operator to 2026-04-20 00:00:00+00:00, run_after=2026-04-21 00:00:00+00:00
[2026-04-21T23:08:11.284+0000] {processor.py:208} INFO - Processing /usr/local/python/3.12.1/lib/python3.12/site-packages/airflow/example_dags/example_bash_operator.py took 0.077 seconds
[2026-04-21T23:09:31.669+0000] {processor.py:186} INFO - Started process (PID=37307) to work on /usr/local/python/3.12.1/lib/python3.12/site-packages/airflow/example_dags/example_bash_operator.py
[2026-04-21T23:09:31.670+0000] {processor.py:914} INFO - Processing file /usr/local/python/3.12.1/lib/python3.12/site-packages/airflow/example_dags/example_bash_operator.py for tasks to queue
[2026-04-21T23:09:31.672+0000] {logging_mixin.py:190} INFO - [2026-04-21T23:09:31.672+0000] {dagbag.py:588} INFO - Filling up the DagBag from /usr/local/python/3.12.1/lib/python3.12/site-packages/airflow/example_dags/example_bash_operator.py
[2026-04-21T23:09:31.683+0000] {processor.py:925} INFO - DAG(s) 'example_bash_operator' retrieved from /usr/local/python/3.12.1/lib/python3.12/site-packages/airflow/example_dags/example_bash_operator.py
[2026-04-21T23:09:31.700+0000] {logging_mixin.py:190} INFO - [2026-04-21T23:09:31.700+0000] {dag.py:3239} INFO - Sync 1 DAGs
[2026-04-21T23:09:31.716+0000] {logging_mixin.py:190} INFO - [2026-04-21T23:09:31.716+0000] {dag.py:4180} INFO - Setting next_dagrun for example_bash_operator to 2026-04-20 00:00:00+00:00, run_after=2026-04-21 00:00:00+00:00
[2026-04-21T23:09:31.733+0000] {processor.py:208} INFO - Processing /usr/local/python/3.12.1/lib/python3.12/site-packages/airflow/example_dags/example_bash_operator.py took 0.068 seconds
[2026-04-21T23:10:53.263+0000] {processor.py:186} INFO - Started process (PID=38391) to work on /usr/local/python/3.12.1/lib/python3.12/site-packages/airflow/example_dags/example_bash_operator.py
[2026-04-21T23:10:53.264+0000] {processor.py:914} INFO - Processing file /usr/local/python/3.12.1/lib/python3.12/site-packages/airflow/example_dags/example_bash_operator.py for tasks to queue
[2026-04-21T23:10:53.267+0000] {logging_mixin.py:190} INFO - [2026-04-21T23:10:53.266+0000] {dagbag.py:588} INFO - Filling up the DagBag from /usr/local/python/3.12.1/lib/python3.12/site-packages/airflow/example_dags/example_bash_operator.py
[2026-04-21T23:10:53.278+0000] {processor.py:925} INFO - DAG(s) 'example_bash_operator' retrieved from /usr/local/python/3.12.1/lib/python3.12/site-packages/airflow/example_dags/example_bash_operator.py
[2026-04-21T23:10:53.296+0000] {logging_mixin.py:190} INFO - [2026-04-21T23:10:53.296+0000] {dag.py:3239} INFO - Sync 1 DAGs
[2026-04-21T23:10:53.312+0000] {logging_mixin.py:190} INFO - [2026-04-21T23:10:53.312+0000] {dag.py:4180} INFO - Setting next_dagrun for example_bash_operator to 2026-04-20 00:00:00+00:00, run_after=2026-04-21 00:00:00+00:00
[2026-04-21T23:10:53.329+0000] {processor.py:208} INFO - Processing /usr/local/python/3.12.1/lib/python3.12/site-packages/airflow/example_dags/example_bash_operator.py took 0.073 seconds
[2026-04-21T23:12:34.214+0000] {processor.py:186} INFO - Started process (PID=39975) to work on /usr/local/python/3.12.1/lib/python3.12/site-packages/airflow/example_dags/example_bash_operator.py
[2026-04-21T23:12:34.215+0000] {processor.py:914} INFO - Processing file /usr/local/python/3.12.1/lib/python3.12/site-packages/airflow/example_dags/example_bash_operator.py for tasks to queue
[2026-04-21T23:12:34.217+0000] {logging_mixin.py:190} INFO - [2026-04-21T23:12:34.217+0000] {dagbag.py:588} INFO - Filling up the DagBag from /usr/local/python/3.12.1/lib/python3.12/site-packages/airflow/example_dags/example_bash_operator.py
[2026-04-21T23:12:34.229+0000] {processor.py:925} INFO - DAG(s) 'example_bash_operator' retrieved from /usr/local/python/3.12.1/lib/python3.12/site-packages/airflow/example_dags/example_bash_operator.py
[2026-04-21T23:12:34.251+0000] {logging_mixin.py:190} INFO - [2026-04-21T23:12:34.250+0000] {dag.py:3239} INFO - Sync 1 DAGs
[2026-04-21T23:12:34.267+0000] {logging_mixin.py:190} INFO - [2026-04-21T23:12:34.267+0000] {dag.py:4180} INFO - Setting next_dagrun for example_bash_operator to 2026-04-20 00:00:00+00:00, run_after=2026-04-21 00:00:00+00:00
[2026-04-21T23:12:34.285+0000] {processor.py:208} INFO - Processing /usr/local/python/3.12.1/lib/python3.12/site-packages/airflow/example_dags/example_bash_operator.py took 0.075 seconds
