[2026-04-21T22:27:07.510+0000] {processor.py:186} INFO - Started process (PID=3908) to work on /usr/local/python/3.12.1/lib/python3.12/site-packages/airflow/example_dags/example_trigger_target_dag.py
[2026-04-21T22:27:07.511+0000] {processor.py:914} INFO - Processing file /usr/local/python/3.12.1/lib/python3.12/site-packages/airflow/example_dags/example_trigger_target_dag.py for tasks to queue
[2026-04-21T22:27:07.514+0000] {logging_mixin.py:190} INFO - [2026-04-21T22:27:07.513+0000] {dagbag.py:588} INFO - Filling up the DagBag from /usr/local/python/3.12.1/lib/python3.12/site-packages/airflow/example_dags/example_trigger_target_dag.py
[2026-04-21T22:27:07.523+0000] {processor.py:925} INFO - DAG(s) 'example_trigger_target_dag' retrieved from /usr/local/python/3.12.1/lib/python3.12/site-packages/airflow/example_dags/example_trigger_target_dag.py
[2026-04-21T22:27:07.559+0000] {logging_mixin.py:190} INFO - [2026-04-21T22:27:07.557+0000] {dag.py:3239} INFO - Sync 1 DAGs
[2026-04-21T22:27:07.599+0000] {logging_mixin.py:190} INFO - [2026-04-21T22:27:07.594+0000] {dag.py:4180} INFO - Setting next_dagrun for example_trigger_target_dag to None, run_after=None
[2026-04-21T22:27:07.638+0000] {processor.py:208} INFO - Processing /usr/local/python/3.12.1/lib/python3.12/site-packages/airflow/example_dags/example_trigger_target_dag.py took 0.134 seconds
[2026-04-21T22:28:16.811+0000] {processor.py:186} INFO - Started process (PID=5617) to work on /usr/local/python/3.12.1/lib/python3.12/site-packages/airflow/example_dags/example_trigger_target_dag.py
[2026-04-21T22:28:16.812+0000] {processor.py:914} INFO - Processing file /usr/local/python/3.12.1/lib/python3.12/site-packages/airflow/example_dags/example_trigger_target_dag.py for tasks to queue
[2026-04-21T22:28:16.814+0000] {logging_mixin.py:190} INFO - [2026-04-21T22:28:16.814+0000] {dagbag.py:588} INFO - Filling up the DagBag from /usr/local/python/3.12.1/lib/python3.12/site-packages/airflow/example_dags/example_trigger_target_dag.py
[2026-04-21T22:28:16.820+0000] {processor.py:925} INFO - DAG(s) 'example_trigger_target_dag' retrieved from /usr/local/python/3.12.1/lib/python3.12/site-packages/airflow/example_dags/example_trigger_target_dag.py
[2026-04-21T22:28:16.832+0000] {logging_mixin.py:190} INFO - [2026-04-21T22:28:16.832+0000] {dag.py:3239} INFO - Sync 1 DAGs
[2026-04-21T22:28:16.842+0000] {logging_mixin.py:190} INFO - [2026-04-21T22:28:16.842+0000] {dag.py:4180} INFO - Setting next_dagrun for example_trigger_target_dag to None, run_after=None
[2026-04-21T22:28:16.870+0000] {processor.py:208} INFO - Processing /usr/local/python/3.12.1/lib/python3.12/site-packages/airflow/example_dags/example_trigger_target_dag.py took 0.064 seconds
[2026-04-21T22:29:40.129+0000] {processor.py:186} INFO - Started process (PID=7316) to work on /usr/local/python/3.12.1/lib/python3.12/site-packages/airflow/example_dags/example_trigger_target_dag.py
[2026-04-21T22:29:40.129+0000] {processor.py:914} INFO - Processing file /usr/local/python/3.12.1/lib/python3.12/site-packages/airflow/example_dags/example_trigger_target_dag.py for tasks to queue
[2026-04-21T22:29:40.131+0000] {logging_mixin.py:190} INFO - [2026-04-21T22:29:40.131+0000] {dagbag.py:588} INFO - Filling up the DagBag from /usr/local/python/3.12.1/lib/python3.12/site-packages/airflow/example_dags/example_trigger_target_dag.py
[2026-04-21T22:29:40.138+0000] {processor.py:925} INFO - DAG(s) 'example_trigger_target_dag' retrieved from /usr/local/python/3.12.1/lib/python3.12/site-packages/airflow/example_dags/example_trigger_target_dag.py
[2026-04-21T22:29:40.150+0000] {logging_mixin.py:190} INFO - [2026-04-21T22:29:40.149+0000] {dag.py:3239} INFO - Sync 1 DAGs
[2026-04-21T22:29:40.159+0000] {logging_mixin.py:190} INFO - [2026-04-21T22:29:40.159+0000] {dag.py:4180} INFO - Setting next_dagrun for example_trigger_target_dag to None, run_after=None
[2026-04-21T22:29:40.177+0000] {processor.py:208} INFO - Processing /usr/local/python/3.12.1/lib/python3.12/site-packages/airflow/example_dags/example_trigger_target_dag.py took 0.053 seconds
[2026-04-21T22:30:53.392+0000] {processor.py:186} INFO - Started process (PID=8233) to work on /usr/local/python/3.12.1/lib/python3.12/site-packages/airflow/example_dags/example_trigger_target_dag.py
[2026-04-21T22:30:53.393+0000] {processor.py:914} INFO - Processing file /usr/local/python/3.12.1/lib/python3.12/site-packages/airflow/example_dags/example_trigger_target_dag.py for tasks to queue
[2026-04-21T22:30:53.395+0000] {logging_mixin.py:190} INFO - [2026-04-21T22:30:53.395+0000] {dagbag.py:588} INFO - Filling up the DagBag from /usr/local/python/3.12.1/lib/python3.12/site-packages/airflow/example_dags/example_trigger_target_dag.py
[2026-04-21T22:30:53.402+0000] {processor.py:925} INFO - DAG(s) 'example_trigger_target_dag' retrieved from /usr/local/python/3.12.1/lib/python3.12/site-packages/airflow/example_dags/example_trigger_target_dag.py
[2026-04-21T22:30:53.416+0000] {logging_mixin.py:190} INFO - [2026-04-21T22:30:53.416+0000] {dag.py:3239} INFO - Sync 1 DAGs
[2026-04-21T22:30:53.426+0000] {logging_mixin.py:190} INFO - [2026-04-21T22:30:53.426+0000] {dag.py:4180} INFO - Setting next_dagrun for example_trigger_target_dag to None, run_after=None
[2026-04-21T22:30:53.442+0000] {processor.py:208} INFO - Processing /usr/local/python/3.12.1/lib/python3.12/site-packages/airflow/example_dags/example_trigger_target_dag.py took 0.054 seconds
[2026-04-21T22:32:16.289+0000] {processor.py:186} INFO - Started process (PID=9523) to work on /usr/local/python/3.12.1/lib/python3.12/site-packages/airflow/example_dags/example_trigger_target_dag.py
[2026-04-21T22:32:16.290+0000] {processor.py:914} INFO - Processing file /usr/local/python/3.12.1/lib/python3.12/site-packages/airflow/example_dags/example_trigger_target_dag.py for tasks to queue
[2026-04-21T22:32:16.292+0000] {logging_mixin.py:190} INFO - [2026-04-21T22:32:16.291+0000] {dagbag.py:588} INFO - Filling up the DagBag from /usr/local/python/3.12.1/lib/python3.12/site-packages/airflow/example_dags/example_trigger_target_dag.py
[2026-04-21T22:32:16.301+0000] {processor.py:925} INFO - DAG(s) 'example_trigger_target_dag' retrieved from /usr/local/python/3.12.1/lib/python3.12/site-packages/airflow/example_dags/example_trigger_target_dag.py
[2026-04-21T22:32:16.322+0000] {logging_mixin.py:190} INFO - [2026-04-21T22:32:16.320+0000] {dag.py:3239} INFO - Sync 1 DAGs
[2026-04-21T22:32:16.339+0000] {logging_mixin.py:190} INFO - [2026-04-21T22:32:16.339+0000] {dag.py:4180} INFO - Setting next_dagrun for example_trigger_target_dag to None, run_after=None
[2026-04-21T22:32:16.357+0000] {processor.py:208} INFO - Processing /usr/local/python/3.12.1/lib/python3.12/site-packages/airflow/example_dags/example_trigger_target_dag.py took 0.075 seconds
[2026-04-21T22:33:38.651+0000] {processor.py:186} INFO - Started process (PID=10557) to work on /usr/local/python/3.12.1/lib/python3.12/site-packages/airflow/example_dags/example_trigger_target_dag.py
[2026-04-21T22:33:38.651+0000] {processor.py:914} INFO - Processing file /usr/local/python/3.12.1/lib/python3.12/site-packages/airflow/example_dags/example_trigger_target_dag.py for tasks to queue
[2026-04-21T22:33:38.653+0000] {logging_mixin.py:190} INFO - [2026-04-21T22:33:38.653+0000] {dagbag.py:588} INFO - Filling up the DagBag from /usr/local/python/3.12.1/lib/python3.12/site-packages/airflow/example_dags/example_trigger_target_dag.py
[2026-04-21T22:33:38.662+0000] {processor.py:925} INFO - DAG(s) 'example_trigger_target_dag' retrieved from /usr/local/python/3.12.1/lib/python3.12/site-packages/airflow/example_dags/example_trigger_target_dag.py
[2026-04-21T22:33:38.678+0000] {logging_mixin.py:190} INFO - [2026-04-21T22:33:38.678+0000] {dag.py:3239} INFO - Sync 1 DAGs
[2026-04-21T22:33:38.692+0000] {logging_mixin.py:190} INFO - [2026-04-21T22:33:38.692+0000] {dag.py:4180} INFO - Setting next_dagrun for example_trigger_target_dag to None, run_after=None
[2026-04-21T22:33:38.722+0000] {processor.py:208} INFO - Processing /usr/local/python/3.12.1/lib/python3.12/site-packages/airflow/example_dags/example_trigger_target_dag.py took 0.076 seconds
[2026-04-21T22:34:51.487+0000] {processor.py:186} INFO - Started process (PID=11388) to work on /usr/local/python/3.12.1/lib/python3.12/site-packages/airflow/example_dags/example_trigger_target_dag.py
[2026-04-21T22:34:51.488+0000] {processor.py:914} INFO - Processing file /usr/local/python/3.12.1/lib/python3.12/site-packages/airflow/example_dags/example_trigger_target_dag.py for tasks to queue
[2026-04-21T22:34:51.491+0000] {logging_mixin.py:190} INFO - [2026-04-21T22:34:51.490+0000] {dagbag.py:588} INFO - Filling up the DagBag from /usr/local/python/3.12.1/lib/python3.12/site-packages/airflow/example_dags/example_trigger_target_dag.py
[2026-04-21T22:34:51.500+0000] {processor.py:925} INFO - DAG(s) 'example_trigger_target_dag' retrieved from /usr/local/python/3.12.1/lib/python3.12/site-packages/airflow/example_dags/example_trigger_target_dag.py
[2026-04-21T22:34:51.516+0000] {logging_mixin.py:190} INFO - [2026-04-21T22:34:51.516+0000] {dag.py:3239} INFO - Sync 1 DAGs
[2026-04-21T22:34:51.535+0000] {logging_mixin.py:190} INFO - [2026-04-21T22:34:51.535+0000] {dag.py:4180} INFO - Setting next_dagrun for example_trigger_target_dag to None, run_after=None
[2026-04-21T22:34:51.571+0000] {processor.py:208} INFO - Processing /usr/local/python/3.12.1/lib/python3.12/site-packages/airflow/example_dags/example_trigger_target_dag.py took 0.091 seconds
[2026-04-21T22:36:09.927+0000] {processor.py:186} INFO - Started process (PID=12194) to work on /usr/local/python/3.12.1/lib/python3.12/site-packages/airflow/example_dags/example_trigger_target_dag.py
[2026-04-21T22:36:09.928+0000] {processor.py:914} INFO - Processing file /usr/local/python/3.12.1/lib/python3.12/site-packages/airflow/example_dags/example_trigger_target_dag.py for tasks to queue
[2026-04-21T22:36:09.930+0000] {logging_mixin.py:190} INFO - [2026-04-21T22:36:09.929+0000] {dagbag.py:588} INFO - Filling up the DagBag from /usr/local/python/3.12.1/lib/python3.12/site-packages/airflow/example_dags/example_trigger_target_dag.py
[2026-04-21T22:36:09.937+0000] {processor.py:925} INFO - DAG(s) 'example_trigger_target_dag' retrieved from /usr/local/python/3.12.1/lib/python3.12/site-packages/airflow/example_dags/example_trigger_target_dag.py
[2026-04-21T22:36:09.949+0000] {logging_mixin.py:190} INFO - [2026-04-21T22:36:09.949+0000] {dag.py:3239} INFO - Sync 1 DAGs
[2026-04-21T22:36:09.959+0000] {logging_mixin.py:190} INFO - [2026-04-21T22:36:09.959+0000] {dag.py:4180} INFO - Setting next_dagrun for example_trigger_target_dag to None, run_after=None
[2026-04-21T22:36:09.979+0000] {processor.py:208} INFO - Processing /usr/local/python/3.12.1/lib/python3.12/site-packages/airflow/example_dags/example_trigger_target_dag.py took 0.056 seconds
[2026-04-21T22:37:28.580+0000] {processor.py:186} INFO - Started process (PID=13193) to work on /usr/local/python/3.12.1/lib/python3.12/site-packages/airflow/example_dags/example_trigger_target_dag.py
[2026-04-21T22:37:28.581+0000] {processor.py:914} INFO - Processing file /usr/local/python/3.12.1/lib/python3.12/site-packages/airflow/example_dags/example_trigger_target_dag.py for tasks to queue
[2026-04-21T22:37:28.582+0000] {logging_mixin.py:190} INFO - [2026-04-21T22:37:28.582+0000] {dagbag.py:588} INFO - Filling up the DagBag from /usr/local/python/3.12.1/lib/python3.12/site-packages/airflow/example_dags/example_trigger_target_dag.py
[2026-04-21T22:37:28.590+0000] {processor.py:925} INFO - DAG(s) 'example_trigger_target_dag' retrieved from /usr/local/python/3.12.1/lib/python3.12/site-packages/airflow/example_dags/example_trigger_target_dag.py
[2026-04-21T22:37:28.603+0000] {logging_mixin.py:190} INFO - [2026-04-21T22:37:28.603+0000] {dag.py:3239} INFO - Sync 1 DAGs
[2026-04-21T22:37:28.618+0000] {logging_mixin.py:190} INFO - [2026-04-21T22:37:28.618+0000] {dag.py:4180} INFO - Setting next_dagrun for example_trigger_target_dag to None, run_after=None
[2026-04-21T22:37:28.652+0000] {processor.py:208} INFO - Processing /usr/local/python/3.12.1/lib/python3.12/site-packages/airflow/example_dags/example_trigger_target_dag.py took 0.079 seconds
[2026-04-21T22:38:49.918+0000] {processor.py:186} INFO - Started process (PID=14260) to work on /usr/local/python/3.12.1/lib/python3.12/site-packages/airflow/example_dags/example_trigger_target_dag.py
[2026-04-21T22:38:49.919+0000] {processor.py:914} INFO - Processing file /usr/local/python/3.12.1/lib/python3.12/site-packages/airflow/example_dags/example_trigger_target_dag.py for tasks to queue
[2026-04-21T22:38:49.921+0000] {logging_mixin.py:190} INFO - [2026-04-21T22:38:49.921+0000] {dagbag.py:588} INFO - Filling up the DagBag from /usr/local/python/3.12.1/lib/python3.12/site-packages/airflow/example_dags/example_trigger_target_dag.py
[2026-04-21T22:38:49.928+0000] {processor.py:925} INFO - DAG(s) 'example_trigger_target_dag' retrieved from /usr/local/python/3.12.1/lib/python3.12/site-packages/airflow/example_dags/example_trigger_target_dag.py
[2026-04-21T22:38:49.939+0000] {logging_mixin.py:190} INFO - [2026-04-21T22:38:49.939+0000] {dag.py:3239} INFO - Sync 1 DAGs
[2026-04-21T22:38:49.949+0000] {logging_mixin.py:190} INFO - [2026-04-21T22:38:49.949+0000] {dag.py:4180} INFO - Setting next_dagrun for example_trigger_target_dag to None, run_after=None
[2026-04-21T22:38:49.965+0000] {processor.py:208} INFO - Processing /usr/local/python/3.12.1/lib/python3.12/site-packages/airflow/example_dags/example_trigger_target_dag.py took 0.051 seconds
[2026-04-21T22:40:03.299+0000] {processor.py:186} INFO - Started process (PID=14952) to work on /usr/local/python/3.12.1/lib/python3.12/site-packages/airflow/example_dags/example_trigger_target_dag.py
[2026-04-21T22:40:03.300+0000] {processor.py:914} INFO - Processing file /usr/local/python/3.12.1/lib/python3.12/site-packages/airflow/example_dags/example_trigger_target_dag.py for tasks to queue
[2026-04-21T22:40:03.302+0000] {logging_mixin.py:190} INFO - [2026-04-21T22:40:03.302+0000] {dagbag.py:588} INFO - Filling up the DagBag from /usr/local/python/3.12.1/lib/python3.12/site-packages/airflow/example_dags/example_trigger_target_dag.py
[2026-04-21T22:40:03.309+0000] {processor.py:925} INFO - DAG(s) 'example_trigger_target_dag' retrieved from /usr/local/python/3.12.1/lib/python3.12/site-packages/airflow/example_dags/example_trigger_target_dag.py
[2026-04-21T22:40:03.321+0000] {logging_mixin.py:190} INFO - [2026-04-21T22:40:03.321+0000] {dag.py:3239} INFO - Sync 1 DAGs
[2026-04-21T22:40:03.331+0000] {logging_mixin.py:190} INFO - [2026-04-21T22:40:03.331+0000] {dag.py:4180} INFO - Setting next_dagrun for example_trigger_target_dag to None, run_after=None
[2026-04-21T22:40:03.346+0000] {processor.py:208} INFO - Processing /usr/local/python/3.12.1/lib/python3.12/site-packages/airflow/example_dags/example_trigger_target_dag.py took 0.052 seconds
[2026-04-21T22:41:25.498+0000] {processor.py:186} INFO - Started process (PID=15838) to work on /usr/local/python/3.12.1/lib/python3.12/site-packages/airflow/example_dags/example_trigger_target_dag.py
[2026-04-21T22:41:25.499+0000] {processor.py:914} INFO - Processing file /usr/local/python/3.12.1/lib/python3.12/site-packages/airflow/example_dags/example_trigger_target_dag.py for tasks to queue
[2026-04-21T22:41:25.500+0000] {logging_mixin.py:190} INFO - [2026-04-21T22:41:25.500+0000] {dagbag.py:588} INFO - Filling up the DagBag from /usr/local/python/3.12.1/lib/python3.12/site-packages/airflow/example_dags/example_trigger_target_dag.py
[2026-04-21T22:41:25.508+0000] {processor.py:925} INFO - DAG(s) 'example_trigger_target_dag' retrieved from /usr/local/python/3.12.1/lib/python3.12/site-packages/airflow/example_dags/example_trigger_target_dag.py
[2026-04-21T22:41:25.520+0000] {logging_mixin.py:190} INFO - [2026-04-21T22:41:25.520+0000] {dag.py:3239} INFO - Sync 1 DAGs
[2026-04-21T22:41:25.529+0000] {logging_mixin.py:190} INFO - [2026-04-21T22:41:25.529+0000] {dag.py:4180} INFO - Setting next_dagrun for example_trigger_target_dag to None, run_after=None
[2026-04-21T22:41:25.545+0000] {processor.py:208} INFO - Processing /usr/local/python/3.12.1/lib/python3.12/site-packages/airflow/example_dags/example_trigger_target_dag.py took 0.052 seconds
[2026-04-21T22:42:44.415+0000] {processor.py:186} INFO - Started process (PID=16781) to work on /usr/local/python/3.12.1/lib/python3.12/site-packages/airflow/example_dags/example_trigger_target_dag.py
[2026-04-21T22:42:44.416+0000] {processor.py:914} INFO - Processing file /usr/local/python/3.12.1/lib/python3.12/site-packages/airflow/example_dags/example_trigger_target_dag.py for tasks to queue
[2026-04-21T22:42:44.418+0000] {logging_mixin.py:190} INFO - [2026-04-21T22:42:44.417+0000] {dagbag.py:588} INFO - Filling up the DagBag from /usr/local/python/3.12.1/lib/python3.12/site-packages/airflow/example_dags/example_trigger_target_dag.py
[2026-04-21T22:42:44.426+0000] {processor.py:925} INFO - DAG(s) 'example_trigger_target_dag' retrieved from /usr/local/python/3.12.1/lib/python3.12/site-packages/airflow/example_dags/example_trigger_target_dag.py
[2026-04-21T22:42:44.441+0000] {logging_mixin.py:190} INFO - [2026-04-21T22:42:44.441+0000] {dag.py:3239} INFO - Sync 1 DAGs
[2026-04-21T22:42:44.451+0000] {logging_mixin.py:190} INFO - [2026-04-21T22:42:44.451+0000] {dag.py:4180} INFO - Setting next_dagrun for example_trigger_target_dag to None, run_after=None
[2026-04-21T22:42:44.466+0000] {processor.py:208} INFO - Processing /usr/local/python/3.12.1/lib/python3.12/site-packages/airflow/example_dags/example_trigger_target_dag.py took 0.056 seconds
[2026-04-21T22:44:03.718+0000] {processor.py:186} INFO - Started process (PID=17694) to work on /usr/local/python/3.12.1/lib/python3.12/site-packages/airflow/example_dags/example_trigger_target_dag.py
[2026-04-21T22:44:03.718+0000] {processor.py:914} INFO - Processing file /usr/local/python/3.12.1/lib/python3.12/site-packages/airflow/example_dags/example_trigger_target_dag.py for tasks to queue
[2026-04-21T22:44:03.720+0000] {logging_mixin.py:190} INFO - [2026-04-21T22:44:03.720+0000] {dagbag.py:588} INFO - Filling up the DagBag from /usr/local/python/3.12.1/lib/python3.12/site-packages/airflow/example_dags/example_trigger_target_dag.py
[2026-04-21T22:44:03.727+0000] {processor.py:925} INFO - DAG(s) 'example_trigger_target_dag' retrieved from /usr/local/python/3.12.1/lib/python3.12/site-packages/airflow/example_dags/example_trigger_target_dag.py
[2026-04-21T22:44:03.739+0000] {logging_mixin.py:190} INFO - [2026-04-21T22:44:03.739+0000] {dag.py:3239} INFO - Sync 1 DAGs
[2026-04-21T22:44:03.749+0000] {logging_mixin.py:190} INFO - [2026-04-21T22:44:03.748+0000] {dag.py:4180} INFO - Setting next_dagrun for example_trigger_target_dag to None, run_after=None
[2026-04-21T22:44:03.765+0000] {processor.py:208} INFO - Processing /usr/local/python/3.12.1/lib/python3.12/site-packages/airflow/example_dags/example_trigger_target_dag.py took 0.052 seconds
[2026-04-21T22:45:21.184+0000] {processor.py:186} INFO - Started process (PID=18695) to work on /usr/local/python/3.12.1/lib/python3.12/site-packages/airflow/example_dags/example_trigger_target_dag.py
[2026-04-21T22:45:21.184+0000] {processor.py:914} INFO - Processing file /usr/local/python/3.12.1/lib/python3.12/site-packages/airflow/example_dags/example_trigger_target_dag.py for tasks to queue
[2026-04-21T22:45:21.186+0000] {logging_mixin.py:190} INFO - [2026-04-21T22:45:21.186+0000] {dagbag.py:588} INFO - Filling up the DagBag from /usr/local/python/3.12.1/lib/python3.12/site-packages/airflow/example_dags/example_trigger_target_dag.py
[2026-04-21T22:45:21.193+0000] {processor.py:925} INFO - DAG(s) 'example_trigger_target_dag' retrieved from /usr/local/python/3.12.1/lib/python3.12/site-packages/airflow/example_dags/example_trigger_target_dag.py
[2026-04-21T22:45:21.205+0000] {logging_mixin.py:190} INFO - [2026-04-21T22:45:21.205+0000] {dag.py:3239} INFO - Sync 1 DAGs
[2026-04-21T22:45:21.215+0000] {logging_mixin.py:190} INFO - [2026-04-21T22:45:21.215+0000] {dag.py:4180} INFO - Setting next_dagrun for example_trigger_target_dag to None, run_after=None
[2026-04-21T22:45:21.232+0000] {processor.py:208} INFO - Processing /usr/local/python/3.12.1/lib/python3.12/site-packages/airflow/example_dags/example_trigger_target_dag.py took 0.053 seconds
[2026-04-21T22:46:42.385+0000] {processor.py:186} INFO - Started process (PID=19518) to work on /usr/local/python/3.12.1/lib/python3.12/site-packages/airflow/example_dags/example_trigger_target_dag.py
[2026-04-21T22:46:42.386+0000] {processor.py:914} INFO - Processing file /usr/local/python/3.12.1/lib/python3.12/site-packages/airflow/example_dags/example_trigger_target_dag.py for tasks to queue
[2026-04-21T22:46:42.388+0000] {logging_mixin.py:190} INFO - [2026-04-21T22:46:42.387+0000] {dagbag.py:588} INFO - Filling up the DagBag from /usr/local/python/3.12.1/lib/python3.12/site-packages/airflow/example_dags/example_trigger_target_dag.py
[2026-04-21T22:46:42.394+0000] {processor.py:925} INFO - DAG(s) 'example_trigger_target_dag' retrieved from /usr/local/python/3.12.1/lib/python3.12/site-packages/airflow/example_dags/example_trigger_target_dag.py
[2026-04-21T22:46:42.407+0000] {logging_mixin.py:190} INFO - [2026-04-21T22:46:42.406+0000] {dag.py:3239} INFO - Sync 1 DAGs
[2026-04-21T22:46:42.416+0000] {logging_mixin.py:190} INFO - [2026-04-21T22:46:42.416+0000] {dag.py:4180} INFO - Setting next_dagrun for example_trigger_target_dag to None, run_after=None
[2026-04-21T22:46:42.432+0000] {processor.py:208} INFO - Processing /usr/local/python/3.12.1/lib/python3.12/site-packages/airflow/example_dags/example_trigger_target_dag.py took 0.052 seconds
[2026-04-21T22:48:00.973+0000] {processor.py:186} INFO - Started process (PID=20471) to work on /usr/local/python/3.12.1/lib/python3.12/site-packages/airflow/example_dags/example_trigger_target_dag.py
[2026-04-21T22:48:00.974+0000] {processor.py:914} INFO - Processing file /usr/local/python/3.12.1/lib/python3.12/site-packages/airflow/example_dags/example_trigger_target_dag.py for tasks to queue
[2026-04-21T22:48:00.975+0000] {logging_mixin.py:190} INFO - [2026-04-21T22:48:00.975+0000] {dagbag.py:588} INFO - Filling up the DagBag from /usr/local/python/3.12.1/lib/python3.12/site-packages/airflow/example_dags/example_trigger_target_dag.py
[2026-04-21T22:48:00.982+0000] {processor.py:925} INFO - DAG(s) 'example_trigger_target_dag' retrieved from /usr/local/python/3.12.1/lib/python3.12/site-packages/airflow/example_dags/example_trigger_target_dag.py
[2026-04-21T22:48:00.994+0000] {logging_mixin.py:190} INFO - [2026-04-21T22:48:00.994+0000] {dag.py:3239} INFO - Sync 1 DAGs
[2026-04-21T22:48:01.004+0000] {logging_mixin.py:190} INFO - [2026-04-21T22:48:01.004+0000] {dag.py:4180} INFO - Setting next_dagrun for example_trigger_target_dag to None, run_after=None
[2026-04-21T22:48:01.020+0000] {processor.py:208} INFO - Processing /usr/local/python/3.12.1/lib/python3.12/site-packages/airflow/example_dags/example_trigger_target_dag.py took 0.052 seconds
[2026-04-21T22:49:22.178+0000] {processor.py:186} INFO - Started process (PID=21471) to work on /usr/local/python/3.12.1/lib/python3.12/site-packages/airflow/example_dags/example_trigger_target_dag.py
[2026-04-21T22:49:22.179+0000] {processor.py:914} INFO - Processing file /usr/local/python/3.12.1/lib/python3.12/site-packages/airflow/example_dags/example_trigger_target_dag.py for tasks to queue
[2026-04-21T22:49:22.181+0000] {logging_mixin.py:190} INFO - [2026-04-21T22:49:22.181+0000] {dagbag.py:588} INFO - Filling up the DagBag from /usr/local/python/3.12.1/lib/python3.12/site-packages/airflow/example_dags/example_trigger_target_dag.py
[2026-04-21T22:49:22.188+0000] {processor.py:925} INFO - DAG(s) 'example_trigger_target_dag' retrieved from /usr/local/python/3.12.1/lib/python3.12/site-packages/airflow/example_dags/example_trigger_target_dag.py
[2026-04-21T22:49:22.199+0000] {logging_mixin.py:190} INFO - [2026-04-21T22:49:22.199+0000] {dag.py:3239} INFO - Sync 1 DAGs
[2026-04-21T22:49:22.209+0000] {logging_mixin.py:190} INFO - [2026-04-21T22:49:22.209+0000] {dag.py:4180} INFO - Setting next_dagrun for example_trigger_target_dag to None, run_after=None
[2026-04-21T22:49:22.224+0000] {processor.py:208} INFO - Processing /usr/local/python/3.12.1/lib/python3.12/site-packages/airflow/example_dags/example_trigger_target_dag.py took 0.050 seconds
[2026-04-21T22:50:38.101+0000] {processor.py:186} INFO - Started process (PID=22510) to work on /usr/local/python/3.12.1/lib/python3.12/site-packages/airflow/example_dags/example_trigger_target_dag.py
[2026-04-21T22:50:38.102+0000] {processor.py:914} INFO - Processing file /usr/local/python/3.12.1/lib/python3.12/site-packages/airflow/example_dags/example_trigger_target_dag.py for tasks to queue
[2026-04-21T22:50:38.104+0000] {logging_mixin.py:190} INFO - [2026-04-21T22:50:38.103+0000] {dagbag.py:588} INFO - Filling up the DagBag from /usr/local/python/3.12.1/lib/python3.12/site-packages/airflow/example_dags/example_trigger_target_dag.py
[2026-04-21T22:50:38.110+0000] {processor.py:925} INFO - DAG(s) 'example_trigger_target_dag' retrieved from /usr/local/python/3.12.1/lib/python3.12/site-packages/airflow/example_dags/example_trigger_target_dag.py
[2026-04-21T22:50:38.123+0000] {logging_mixin.py:190} INFO - [2026-04-21T22:50:38.122+0000] {dag.py:3239} INFO - Sync 1 DAGs
[2026-04-21T22:50:38.132+0000] {logging_mixin.py:190} INFO - [2026-04-21T22:50:38.132+0000] {dag.py:4180} INFO - Setting next_dagrun for example_trigger_target_dag to None, run_after=None
[2026-04-21T22:50:38.149+0000] {processor.py:208} INFO - Processing /usr/local/python/3.12.1/lib/python3.12/site-packages/airflow/example_dags/example_trigger_target_dag.py took 0.052 seconds
[2026-04-21T22:51:55.351+0000] {processor.py:186} INFO - Started process (PID=23597) to work on /usr/local/python/3.12.1/lib/python3.12/site-packages/airflow/example_dags/example_trigger_target_dag.py
[2026-04-21T22:51:55.352+0000] {processor.py:914} INFO - Processing file /usr/local/python/3.12.1/lib/python3.12/site-packages/airflow/example_dags/example_trigger_target_dag.py for tasks to queue
[2026-04-21T22:51:55.354+0000] {logging_mixin.py:190} INFO - [2026-04-21T22:51:55.354+0000] {dagbag.py:588} INFO - Filling up the DagBag from /usr/local/python/3.12.1/lib/python3.12/site-packages/airflow/example_dags/example_trigger_target_dag.py
[2026-04-21T22:51:55.361+0000] {processor.py:925} INFO - DAG(s) 'example_trigger_target_dag' retrieved from /usr/local/python/3.12.1/lib/python3.12/site-packages/airflow/example_dags/example_trigger_target_dag.py
[2026-04-21T22:51:55.375+0000] {logging_mixin.py:190} INFO - [2026-04-21T22:51:55.375+0000] {dag.py:3239} INFO - Sync 1 DAGs
[2026-04-21T22:51:55.388+0000] {logging_mixin.py:190} INFO - [2026-04-21T22:51:55.388+0000] {dag.py:4180} INFO - Setting next_dagrun for example_trigger_target_dag to None, run_after=None
[2026-04-21T22:51:55.406+0000] {processor.py:208} INFO - Processing /usr/local/python/3.12.1/lib/python3.12/site-packages/airflow/example_dags/example_trigger_target_dag.py took 0.059 seconds
[2026-04-21T22:53:14.397+0000] {processor.py:186} INFO - Started process (PID=24660) to work on /usr/local/python/3.12.1/lib/python3.12/site-packages/airflow/example_dags/example_trigger_target_dag.py
[2026-04-21T22:53:14.398+0000] {processor.py:914} INFO - Processing file /usr/local/python/3.12.1/lib/python3.12/site-packages/airflow/example_dags/example_trigger_target_dag.py for tasks to queue
[2026-04-21T22:53:14.399+0000] {logging_mixin.py:190} INFO - [2026-04-21T22:53:14.399+0000] {dagbag.py:588} INFO - Filling up the DagBag from /usr/local/python/3.12.1/lib/python3.12/site-packages/airflow/example_dags/example_trigger_target_dag.py
[2026-04-21T22:53:14.406+0000] {processor.py:925} INFO - DAG(s) 'example_trigger_target_dag' retrieved from /usr/local/python/3.12.1/lib/python3.12/site-packages/airflow/example_dags/example_trigger_target_dag.py
[2026-04-21T22:53:14.419+0000] {logging_mixin.py:190} INFO - [2026-04-21T22:53:14.418+0000] {dag.py:3239} INFO - Sync 1 DAGs
[2026-04-21T22:53:14.429+0000] {logging_mixin.py:190} INFO - [2026-04-21T22:53:14.429+0000] {dag.py:4180} INFO - Setting next_dagrun for example_trigger_target_dag to None, run_after=None
[2026-04-21T22:53:14.445+0000] {processor.py:208} INFO - Processing /usr/local/python/3.12.1/lib/python3.12/site-packages/airflow/example_dags/example_trigger_target_dag.py took 0.052 seconds
[2026-04-21T22:54:36.566+0000] {processor.py:186} INFO - Started process (PID=25724) to work on /usr/local/python/3.12.1/lib/python3.12/site-packages/airflow/example_dags/example_trigger_target_dag.py
[2026-04-21T22:54:36.567+0000] {processor.py:914} INFO - Processing file /usr/local/python/3.12.1/lib/python3.12/site-packages/airflow/example_dags/example_trigger_target_dag.py for tasks to queue
[2026-04-21T22:54:36.569+0000] {logging_mixin.py:190} INFO - [2026-04-21T22:54:36.568+0000] {dagbag.py:588} INFO - Filling up the DagBag from /usr/local/python/3.12.1/lib/python3.12/site-packages/airflow/example_dags/example_trigger_target_dag.py
[2026-04-21T22:54:36.576+0000] {processor.py:925} INFO - DAG(s) 'example_trigger_target_dag' retrieved from /usr/local/python/3.12.1/lib/python3.12/site-packages/airflow/example_dags/example_trigger_target_dag.py
[2026-04-21T22:54:36.591+0000] {logging_mixin.py:190} INFO - [2026-04-21T22:54:36.591+0000] {dag.py:3239} INFO - Sync 1 DAGs
[2026-04-21T22:54:36.601+0000] {logging_mixin.py:190} INFO - [2026-04-21T22:54:36.601+0000] {dag.py:4180} INFO - Setting next_dagrun for example_trigger_target_dag to None, run_after=None
[2026-04-21T22:54:36.617+0000] {processor.py:208} INFO - Processing /usr/local/python/3.12.1/lib/python3.12/site-packages/airflow/example_dags/example_trigger_target_dag.py took 0.056 seconds
[2026-04-21T22:55:53.711+0000] {processor.py:186} INFO - Started process (PID=26852) to work on /usr/local/python/3.12.1/lib/python3.12/site-packages/airflow/example_dags/example_trigger_target_dag.py
[2026-04-21T22:55:53.712+0000] {processor.py:914} INFO - Processing file /usr/local/python/3.12.1/lib/python3.12/site-packages/airflow/example_dags/example_trigger_target_dag.py for tasks to queue
[2026-04-21T22:55:53.713+0000] {logging_mixin.py:190} INFO - [2026-04-21T22:55:53.713+0000] {dagbag.py:588} INFO - Filling up the DagBag from /usr/local/python/3.12.1/lib/python3.12/site-packages/airflow/example_dags/example_trigger_target_dag.py
[2026-04-21T22:55:53.720+0000] {processor.py:925} INFO - DAG(s) 'example_trigger_target_dag' retrieved from /usr/local/python/3.12.1/lib/python3.12/site-packages/airflow/example_dags/example_trigger_target_dag.py
[2026-04-21T22:55:53.732+0000] {logging_mixin.py:190} INFO - [2026-04-21T22:55:53.732+0000] {dag.py:3239} INFO - Sync 1 DAGs
[2026-04-21T22:55:53.742+0000] {logging_mixin.py:190} INFO - [2026-04-21T22:55:53.741+0000] {dag.py:4180} INFO - Setting next_dagrun for example_trigger_target_dag to None, run_after=None
[2026-04-21T22:55:53.758+0000] {processor.py:208} INFO - Processing /usr/local/python/3.12.1/lib/python3.12/site-packages/airflow/example_dags/example_trigger_target_dag.py took 0.051 seconds
[2026-04-21T22:57:14.357+0000] {processor.py:186} INFO - Started process (PID=27990) to work on /usr/local/python/3.12.1/lib/python3.12/site-packages/airflow/example_dags/example_trigger_target_dag.py
[2026-04-21T22:57:14.358+0000] {processor.py:914} INFO - Processing file /usr/local/python/3.12.1/lib/python3.12/site-packages/airflow/example_dags/example_trigger_target_dag.py for tasks to queue
[2026-04-21T22:57:14.360+0000] {logging_mixin.py:190} INFO - [2026-04-21T22:57:14.359+0000] {dagbag.py:588} INFO - Filling up the DagBag from /usr/local/python/3.12.1/lib/python3.12/site-packages/airflow/example_dags/example_trigger_target_dag.py
[2026-04-21T22:57:14.367+0000] {processor.py:925} INFO - DAG(s) 'example_trigger_target_dag' retrieved from /usr/local/python/3.12.1/lib/python3.12/site-packages/airflow/example_dags/example_trigger_target_dag.py
[2026-04-21T22:57:14.379+0000] {logging_mixin.py:190} INFO - [2026-04-21T22:57:14.379+0000] {dag.py:3239} INFO - Sync 1 DAGs
[2026-04-21T22:57:14.388+0000] {logging_mixin.py:190} INFO - [2026-04-21T22:57:14.388+0000] {dag.py:4180} INFO - Setting next_dagrun for example_trigger_target_dag to None, run_after=None
[2026-04-21T22:57:14.404+0000] {processor.py:208} INFO - Processing /usr/local/python/3.12.1/lib/python3.12/site-packages/airflow/example_dags/example_trigger_target_dag.py took 0.051 seconds
[2026-04-21T22:58:33.313+0000] {processor.py:186} INFO - Started process (PID=28776) to work on /usr/local/python/3.12.1/lib/python3.12/site-packages/airflow/example_dags/example_trigger_target_dag.py
[2026-04-21T22:58:33.314+0000] {processor.py:914} INFO - Processing file /usr/local/python/3.12.1/lib/python3.12/site-packages/airflow/example_dags/example_trigger_target_dag.py for tasks to queue
[2026-04-21T22:58:33.315+0000] {logging_mixin.py:190} INFO - [2026-04-21T22:58:33.315+0000] {dagbag.py:588} INFO - Filling up the DagBag from /usr/local/python/3.12.1/lib/python3.12/site-packages/airflow/example_dags/example_trigger_target_dag.py
[2026-04-21T22:58:33.322+0000] {processor.py:925} INFO - DAG(s) 'example_trigger_target_dag' retrieved from /usr/local/python/3.12.1/lib/python3.12/site-packages/airflow/example_dags/example_trigger_target_dag.py
[2026-04-21T22:58:33.334+0000] {logging_mixin.py:190} INFO - [2026-04-21T22:58:33.334+0000] {dag.py:3239} INFO - Sync 1 DAGs
[2026-04-21T22:58:33.344+0000] {logging_mixin.py:190} INFO - [2026-04-21T22:58:33.344+0000] {dag.py:4180} INFO - Setting next_dagrun for example_trigger_target_dag to None, run_after=None
[2026-04-21T22:58:33.360+0000] {processor.py:208} INFO - Processing /usr/local/python/3.12.1/lib/python3.12/site-packages/airflow/example_dags/example_trigger_target_dag.py took 0.052 seconds
[2026-04-21T22:59:51.318+0000] {processor.py:186} INFO - Started process (PID=29664) to work on /usr/local/python/3.12.1/lib/python3.12/site-packages/airflow/example_dags/example_trigger_target_dag.py
[2026-04-21T22:59:51.320+0000] {processor.py:914} INFO - Processing file /usr/local/python/3.12.1/lib/python3.12/site-packages/airflow/example_dags/example_trigger_target_dag.py for tasks to queue
[2026-04-21T22:59:51.322+0000] {logging_mixin.py:190} INFO - [2026-04-21T22:59:51.321+0000] {dagbag.py:588} INFO - Filling up the DagBag from /usr/local/python/3.12.1/lib/python3.12/site-packages/airflow/example_dags/example_trigger_target_dag.py
[2026-04-21T22:59:51.328+0000] {processor.py:925} INFO - DAG(s) 'example_trigger_target_dag' retrieved from /usr/local/python/3.12.1/lib/python3.12/site-packages/airflow/example_dags/example_trigger_target_dag.py
[2026-04-21T22:59:51.341+0000] {logging_mixin.py:190} INFO - [2026-04-21T22:59:51.341+0000] {dag.py:3239} INFO - Sync 1 DAGs
[2026-04-21T22:59:51.351+0000] {logging_mixin.py:190} INFO - [2026-04-21T22:59:51.350+0000] {dag.py:4180} INFO - Setting next_dagrun for example_trigger_target_dag to None, run_after=None
[2026-04-21T22:59:51.367+0000] {processor.py:208} INFO - Processing /usr/local/python/3.12.1/lib/python3.12/site-packages/airflow/example_dags/example_trigger_target_dag.py took 0.053 seconds
[2026-04-21T23:01:25.727+0000] {processor.py:186} INFO - Started process (PID=30948) to work on /usr/local/python/3.12.1/lib/python3.12/site-packages/airflow/example_dags/example_trigger_target_dag.py
[2026-04-21T23:01:25.728+0000] {processor.py:914} INFO - Processing file /usr/local/python/3.12.1/lib/python3.12/site-packages/airflow/example_dags/example_trigger_target_dag.py for tasks to queue
[2026-04-21T23:01:25.729+0000] {logging_mixin.py:190} INFO - [2026-04-21T23:01:25.729+0000] {dagbag.py:588} INFO - Filling up the DagBag from /usr/local/python/3.12.1/lib/python3.12/site-packages/airflow/example_dags/example_trigger_target_dag.py
[2026-04-21T23:01:25.736+0000] {processor.py:925} INFO - DAG(s) 'example_trigger_target_dag' retrieved from /usr/local/python/3.12.1/lib/python3.12/site-packages/airflow/example_dags/example_trigger_target_dag.py
[2026-04-21T23:01:25.751+0000] {logging_mixin.py:190} INFO - [2026-04-21T23:01:25.750+0000] {dag.py:3239} INFO - Sync 1 DAGs
[2026-04-21T23:01:25.761+0000] {logging_mixin.py:190} INFO - [2026-04-21T23:01:25.761+0000] {dag.py:4180} INFO - Setting next_dagrun for example_trigger_target_dag to None, run_after=None
[2026-04-21T23:01:25.778+0000] {processor.py:208} INFO - Processing /usr/local/python/3.12.1/lib/python3.12/site-packages/airflow/example_dags/example_trigger_target_dag.py took 0.055 seconds
[2026-04-21T23:02:44.475+0000] {processor.py:186} INFO - Started process (PID=31882) to work on /usr/local/python/3.12.1/lib/python3.12/site-packages/airflow/example_dags/example_trigger_target_dag.py
[2026-04-21T23:02:44.476+0000] {processor.py:914} INFO - Processing file /usr/local/python/3.12.1/lib/python3.12/site-packages/airflow/example_dags/example_trigger_target_dag.py for tasks to queue
[2026-04-21T23:02:44.479+0000] {logging_mixin.py:190} INFO - [2026-04-21T23:02:44.478+0000] {dagbag.py:588} INFO - Filling up the DagBag from /usr/local/python/3.12.1/lib/python3.12/site-packages/airflow/example_dags/example_trigger_target_dag.py
[2026-04-21T23:02:44.489+0000] {processor.py:925} INFO - DAG(s) 'example_trigger_target_dag' retrieved from /usr/local/python/3.12.1/lib/python3.12/site-packages/airflow/example_dags/example_trigger_target_dag.py
[2026-04-21T23:02:44.508+0000] {logging_mixin.py:190} INFO - [2026-04-21T23:02:44.508+0000] {dag.py:3239} INFO - Sync 1 DAGs
[2026-04-21T23:02:44.523+0000] {logging_mixin.py:190} INFO - [2026-04-21T23:02:44.523+0000] {dag.py:4180} INFO - Setting next_dagrun for example_trigger_target_dag to None, run_after=None
[2026-04-21T23:02:44.548+0000] {processor.py:208} INFO - Processing /usr/local/python/3.12.1/lib/python3.12/site-packages/airflow/example_dags/example_trigger_target_dag.py took 0.080 seconds
[2026-04-21T23:04:11.861+0000] {processor.py:186} INFO - Started process (PID=33202) to work on /usr/local/python/3.12.1/lib/python3.12/site-packages/airflow/example_dags/example_trigger_target_dag.py
[2026-04-21T23:04:11.862+0000] {processor.py:914} INFO - Processing file /usr/local/python/3.12.1/lib/python3.12/site-packages/airflow/example_dags/example_trigger_target_dag.py for tasks to queue
[2026-04-21T23:04:11.864+0000] {logging_mixin.py:190} INFO - [2026-04-21T23:04:11.864+0000] {dagbag.py:588} INFO - Filling up the DagBag from /usr/local/python/3.12.1/lib/python3.12/site-packages/airflow/example_dags/example_trigger_target_dag.py
[2026-04-21T23:04:11.871+0000] {processor.py:925} INFO - DAG(s) 'example_trigger_target_dag' retrieved from /usr/local/python/3.12.1/lib/python3.12/site-packages/airflow/example_dags/example_trigger_target_dag.py
[2026-04-21T23:04:11.885+0000] {logging_mixin.py:190} INFO - [2026-04-21T23:04:11.885+0000] {dag.py:3239} INFO - Sync 1 DAGs
[2026-04-21T23:04:11.898+0000] {logging_mixin.py:190} INFO - [2026-04-21T23:04:11.898+0000] {dag.py:4180} INFO - Setting next_dagrun for example_trigger_target_dag to None, run_after=None
[2026-04-21T23:04:11.937+0000] {processor.py:208} INFO - Processing /usr/local/python/3.12.1/lib/python3.12/site-packages/airflow/example_dags/example_trigger_target_dag.py took 0.080 seconds
[2026-04-21T23:05:32.979+0000] {processor.py:186} INFO - Started process (PID=34289) to work on /usr/local/python/3.12.1/lib/python3.12/site-packages/airflow/example_dags/example_trigger_target_dag.py
[2026-04-21T23:05:32.980+0000] {processor.py:914} INFO - Processing file /usr/local/python/3.12.1/lib/python3.12/site-packages/airflow/example_dags/example_trigger_target_dag.py for tasks to queue
[2026-04-21T23:05:32.982+0000] {logging_mixin.py:190} INFO - [2026-04-21T23:05:32.982+0000] {dagbag.py:588} INFO - Filling up the DagBag from /usr/local/python/3.12.1/lib/python3.12/site-packages/airflow/example_dags/example_trigger_target_dag.py
[2026-04-21T23:05:32.990+0000] {processor.py:925} INFO - DAG(s) 'example_trigger_target_dag' retrieved from /usr/local/python/3.12.1/lib/python3.12/site-packages/airflow/example_dags/example_trigger_target_dag.py
[2026-04-21T23:05:33.002+0000] {logging_mixin.py:190} INFO - [2026-04-21T23:05:33.002+0000] {dag.py:3239} INFO - Sync 1 DAGs
[2026-04-21T23:05:33.011+0000] {logging_mixin.py:190} INFO - [2026-04-21T23:05:33.011+0000] {dag.py:4180} INFO - Setting next_dagrun for example_trigger_target_dag to None, run_after=None
[2026-04-21T23:05:33.028+0000] {processor.py:208} INFO - Processing /usr/local/python/3.12.1/lib/python3.12/site-packages/airflow/example_dags/example_trigger_target_dag.py took 0.055 seconds
[2026-04-21T23:07:07.017+0000] {processor.py:186} INFO - Started process (PID=35766) to work on /usr/local/python/3.12.1/lib/python3.12/site-packages/airflow/example_dags/example_trigger_target_dag.py
[2026-04-21T23:07:07.018+0000] {processor.py:914} INFO - Processing file /usr/local/python/3.12.1/lib/python3.12/site-packages/airflow/example_dags/example_trigger_target_dag.py for tasks to queue
[2026-04-21T23:07:07.020+0000] {logging_mixin.py:190} INFO - [2026-04-21T23:07:07.019+0000] {dagbag.py:588} INFO - Filling up the DagBag from /usr/local/python/3.12.1/lib/python3.12/site-packages/airflow/example_dags/example_trigger_target_dag.py
[2026-04-21T23:07:07.036+0000] {processor.py:925} INFO - DAG(s) 'example_trigger_target_dag' retrieved from /usr/local/python/3.12.1/lib/python3.12/site-packages/airflow/example_dags/example_trigger_target_dag.py
[2026-04-21T23:07:07.061+0000] {logging_mixin.py:190} INFO - [2026-04-21T23:07:07.061+0000] {dag.py:3239} INFO - Sync 1 DAGs
[2026-04-21T23:07:07.080+0000] {logging_mixin.py:190} INFO - [2026-04-21T23:07:07.080+0000] {dag.py:4180} INFO - Setting next_dagrun for example_trigger_target_dag to None, run_after=None
[2026-04-21T23:07:07.107+0000] {processor.py:208} INFO - Processing /usr/local/python/3.12.1/lib/python3.12/site-packages/airflow/example_dags/example_trigger_target_dag.py took 0.095 seconds
[2026-04-21T23:08:32.002+0000] {processor.py:186} INFO - Started process (PID=36681) to work on /usr/local/python/3.12.1/lib/python3.12/site-packages/airflow/example_dags/example_trigger_target_dag.py
[2026-04-21T23:08:32.003+0000] {processor.py:914} INFO - Processing file /usr/local/python/3.12.1/lib/python3.12/site-packages/airflow/example_dags/example_trigger_target_dag.py for tasks to queue
[2026-04-21T23:08:32.005+0000] {logging_mixin.py:190} INFO - [2026-04-21T23:08:32.005+0000] {dagbag.py:588} INFO - Filling up the DagBag from /usr/local/python/3.12.1/lib/python3.12/site-packages/airflow/example_dags/example_trigger_target_dag.py
[2026-04-21T23:08:32.012+0000] {processor.py:925} INFO - DAG(s) 'example_trigger_target_dag' retrieved from /usr/local/python/3.12.1/lib/python3.12/site-packages/airflow/example_dags/example_trigger_target_dag.py
[2026-04-21T23:08:32.025+0000] {logging_mixin.py:190} INFO - [2026-04-21T23:08:32.025+0000] {dag.py:3239} INFO - Sync 1 DAGs
[2026-04-21T23:08:32.035+0000] {logging_mixin.py:190} INFO - [2026-04-21T23:08:32.035+0000] {dag.py:4180} INFO - Setting next_dagrun for example_trigger_target_dag to None, run_after=None
[2026-04-21T23:08:32.066+0000] {processor.py:208} INFO - Processing /usr/local/python/3.12.1/lib/python3.12/site-packages/airflow/example_dags/example_trigger_target_dag.py took 0.068 seconds
[2026-04-21T23:09:51.978+0000] {processor.py:186} INFO - Started process (PID=37581) to work on /usr/local/python/3.12.1/lib/python3.12/site-packages/airflow/example_dags/example_trigger_target_dag.py
[2026-04-21T23:09:51.979+0000] {processor.py:914} INFO - Processing file /usr/local/python/3.12.1/lib/python3.12/site-packages/airflow/example_dags/example_trigger_target_dag.py for tasks to queue
[2026-04-21T23:09:51.981+0000] {logging_mixin.py:190} INFO - [2026-04-21T23:09:51.980+0000] {dagbag.py:588} INFO - Filling up the DagBag from /usr/local/python/3.12.1/lib/python3.12/site-packages/airflow/example_dags/example_trigger_target_dag.py
[2026-04-21T23:09:51.988+0000] {processor.py:925} INFO - DAG(s) 'example_trigger_target_dag' retrieved from /usr/local/python/3.12.1/lib/python3.12/site-packages/airflow/example_dags/example_trigger_target_dag.py
[2026-04-21T23:09:52.000+0000] {logging_mixin.py:190} INFO - [2026-04-21T23:09:52.000+0000] {dag.py:3239} INFO - Sync 1 DAGs
[2026-04-21T23:09:52.010+0000] {logging_mixin.py:190} INFO - [2026-04-21T23:09:52.010+0000] {dag.py:4180} INFO - Setting next_dagrun for example_trigger_target_dag to None, run_after=None
[2026-04-21T23:09:52.027+0000] {processor.py:208} INFO - Processing /usr/local/python/3.12.1/lib/python3.12/site-packages/airflow/example_dags/example_trigger_target_dag.py took 0.054 seconds
[2026-04-21T23:11:13.043+0000] {processor.py:186} INFO - Started process (PID=38792) to work on /usr/local/python/3.12.1/lib/python3.12/site-packages/airflow/example_dags/example_trigger_target_dag.py
[2026-04-21T23:11:13.044+0000] {processor.py:914} INFO - Processing file /usr/local/python/3.12.1/lib/python3.12/site-packages/airflow/example_dags/example_trigger_target_dag.py for tasks to queue
[2026-04-21T23:11:13.046+0000] {logging_mixin.py:190} INFO - [2026-04-21T23:11:13.046+0000] {dagbag.py:588} INFO - Filling up the DagBag from /usr/local/python/3.12.1/lib/python3.12/site-packages/airflow/example_dags/example_trigger_target_dag.py
[2026-04-21T23:11:13.053+0000] {processor.py:925} INFO - DAG(s) 'example_trigger_target_dag' retrieved from /usr/local/python/3.12.1/lib/python3.12/site-packages/airflow/example_dags/example_trigger_target_dag.py
[2026-04-21T23:11:13.065+0000] {logging_mixin.py:190} INFO - [2026-04-21T23:11:13.065+0000] {dag.py:3239} INFO - Sync 1 DAGs
[2026-04-21T23:11:13.074+0000] {logging_mixin.py:190} INFO - [2026-04-21T23:11:13.074+0000] {dag.py:4180} INFO - Setting next_dagrun for example_trigger_target_dag to None, run_after=None
[2026-04-21T23:11:13.091+0000] {processor.py:208} INFO - Processing /usr/local/python/3.12.1/lib/python3.12/site-packages/airflow/example_dags/example_trigger_target_dag.py took 0.052 seconds
[2026-04-21T23:12:08.466+0000] {processor.py:186} INFO - Started process (PID=39723) to work on /usr/local/python/3.12.1/lib/python3.12/site-packages/airflow/example_dags/example_trigger_target_dag.py
[2026-04-21T23:12:08.467+0000] {processor.py:914} INFO - Processing file /usr/local/python/3.12.1/lib/python3.12/site-packages/airflow/example_dags/example_trigger_target_dag.py for tasks to queue
[2026-04-21T23:12:08.469+0000] {logging_mixin.py:190} INFO - [2026-04-21T23:12:08.468+0000] {dagbag.py:588} INFO - Filling up the DagBag from /usr/local/python/3.12.1/lib/python3.12/site-packages/airflow/example_dags/example_trigger_target_dag.py
[2026-04-21T23:12:08.476+0000] {processor.py:925} INFO - DAG(s) 'example_trigger_target_dag' retrieved from /usr/local/python/3.12.1/lib/python3.12/site-packages/airflow/example_dags/example_trigger_target_dag.py
[2026-04-21T23:12:08.489+0000] {logging_mixin.py:190} INFO - [2026-04-21T23:12:08.489+0000] {dag.py:3239} INFO - Sync 1 DAGs
[2026-04-21T23:12:08.501+0000] {logging_mixin.py:190} INFO - [2026-04-21T23:12:08.501+0000] {dag.py:4180} INFO - Setting next_dagrun for example_trigger_target_dag to None, run_after=None
[2026-04-21T23:12:08.520+0000] {processor.py:208} INFO - Processing /usr/local/python/3.12.1/lib/python3.12/site-packages/airflow/example_dags/example_trigger_target_dag.py took 0.059 seconds
