[2026-04-21T22:27:27.039+0000] {processor.py:186} INFO - Started process (PID=4738) to work on /usr/local/python/3.12.1/lib/python3.12/site-packages/airflow/example_dags/example_outlet_event_extra.py
[2026-04-21T22:27:27.040+0000] {processor.py:914} INFO - Processing file /usr/local/python/3.12.1/lib/python3.12/site-packages/airflow/example_dags/example_outlet_event_extra.py for tasks to queue
[2026-04-21T22:27:27.042+0000] {logging_mixin.py:190} INFO - [2026-04-21T22:27:27.041+0000] {dagbag.py:588} INFO - Filling up the DagBag from /usr/local/python/3.12.1/lib/python3.12/site-packages/airflow/example_dags/example_outlet_event_extra.py
[2026-04-21T22:27:27.322+0000] {logging_mixin.py:190} INFO - [2026-04-21T22:27:27.321+0000] {providers_manager.py:287} INFO - Optional provider feature disabled when importing 'airflow.providers.amazon.aws.assets.s3.sanitize_uri' from 'apache-airflow-providers-amazon' package
[2026-04-21T22:27:27.323+0000] {logging_mixin.py:190} INFO - [2026-04-21T22:27:27.322+0000] {providers_manager.py:287} INFO - Optional provider feature disabled when importing 'airflow.providers.amazon.aws.assets.s3.create_asset' from 'apache-airflow-providers-amazon' package
[2026-04-21T22:27:27.323+0000] {logging_mixin.py:190} INFO - [2026-04-21T22:27:27.323+0000] {providers_manager.py:287} INFO - Optional provider feature disabled when importing 'airflow.providers.amazon.aws.assets.s3.convert_asset_to_openlineage' from 'apache-airflow-providers-amazon' package
[2026-04-21T22:27:27.348+0000] {processor.py:925} INFO - DAG(s) 'dataset_with_extra_by_context', 'dataset_with_extra_by_yield', 'dataset_with_extra_from_classic_operator' retrieved from /usr/local/python/3.12.1/lib/python3.12/site-packages/airflow/example_dags/example_outlet_event_extra.py
[2026-04-21T22:27:27.410+0000] {logging_mixin.py:190} INFO - [2026-04-21T22:27:27.410+0000] {dag.py:3239} INFO - Sync 3 DAGs
[2026-04-21T22:27:27.449+0000] {logging_mixin.py:190} INFO - [2026-04-21T22:27:27.449+0000] {dag.py:4180} INFO - Setting next_dagrun for dataset_with_extra_by_context to 2026-04-20 00:00:00+00:00, run_after=2026-04-21 00:00:00+00:00
[2026-04-21T22:27:27.456+0000] {logging_mixin.py:190} INFO - [2026-04-21T22:27:27.455+0000] {dag.py:4180} INFO - Setting next_dagrun for dataset_with_extra_by_yield to 2026-04-20 00:00:00+00:00, run_after=2026-04-21 00:00:00+00:00
[2026-04-21T22:27:27.460+0000] {logging_mixin.py:190} INFO - [2026-04-21T22:27:27.460+0000] {dag.py:4180} INFO - Setting next_dagrun for dataset_with_extra_from_classic_operator to 2026-04-20 00:00:00+00:00, run_after=2026-04-21 00:00:00+00:00
[2026-04-21T22:27:27.537+0000] {processor.py:208} INFO - Processing /usr/local/python/3.12.1/lib/python3.12/site-packages/airflow/example_dags/example_outlet_event_extra.py took 0.502 seconds
[2026-04-21T22:28:50.967+0000] {processor.py:186} INFO - Started process (PID=6379) to work on /usr/local/python/3.12.1/lib/python3.12/site-packages/airflow/example_dags/example_outlet_event_extra.py
[2026-04-21T22:28:50.968+0000] {processor.py:914} INFO - Processing file /usr/local/python/3.12.1/lib/python3.12/site-packages/airflow/example_dags/example_outlet_event_extra.py for tasks to queue
[2026-04-21T22:28:50.970+0000] {logging_mixin.py:190} INFO - [2026-04-21T22:28:50.969+0000] {dagbag.py:588} INFO - Filling up the DagBag from /usr/local/python/3.12.1/lib/python3.12/site-packages/airflow/example_dags/example_outlet_event_extra.py
[2026-04-21T22:28:51.102+0000] {logging_mixin.py:190} INFO - [2026-04-21T22:28:51.102+0000] {providers_manager.py:287} INFO - Optional provider feature disabled when importing 'airflow.providers.amazon.aws.assets.s3.sanitize_uri' from 'apache-airflow-providers-amazon' package
[2026-04-21T22:28:51.102+0000] {logging_mixin.py:190} INFO - [2026-04-21T22:28:51.102+0000] {providers_manager.py:287} INFO - Optional provider feature disabled when importing 'airflow.providers.amazon.aws.assets.s3.create_asset' from 'apache-airflow-providers-amazon' package
[2026-04-21T22:28:51.103+0000] {logging_mixin.py:190} INFO - [2026-04-21T22:28:51.103+0000] {providers_manager.py:287} INFO - Optional provider feature disabled when importing 'airflow.providers.amazon.aws.assets.s3.convert_asset_to_openlineage' from 'apache-airflow-providers-amazon' package
[2026-04-21T22:28:51.112+0000] {processor.py:925} INFO - DAG(s) 'dataset_with_extra_by_context', 'dataset_with_extra_from_classic_operator', 'dataset_with_extra_by_yield' retrieved from /usr/local/python/3.12.1/lib/python3.12/site-packages/airflow/example_dags/example_outlet_event_extra.py
[2026-04-21T22:28:51.128+0000] {logging_mixin.py:190} INFO - [2026-04-21T22:28:51.127+0000] {dag.py:3239} INFO - Sync 3 DAGs
[2026-04-21T22:28:51.144+0000] {logging_mixin.py:190} INFO - [2026-04-21T22:28:51.144+0000] {dag.py:4180} INFO - Setting next_dagrun for dataset_with_extra_by_context to 2026-04-20 00:00:00+00:00, run_after=2026-04-21 00:00:00+00:00
[2026-04-21T22:28:51.148+0000] {logging_mixin.py:190} INFO - [2026-04-21T22:28:51.147+0000] {dag.py:4180} INFO - Setting next_dagrun for dataset_with_extra_by_yield to 2026-04-20 00:00:00+00:00, run_after=2026-04-21 00:00:00+00:00
[2026-04-21T22:28:51.149+0000] {logging_mixin.py:190} INFO - [2026-04-21T22:28:51.149+0000] {dag.py:4180} INFO - Setting next_dagrun for dataset_with_extra_from_classic_operator to 2026-04-20 00:00:00+00:00, run_after=2026-04-21 00:00:00+00:00
[2026-04-21T22:28:51.167+0000] {processor.py:208} INFO - Processing /usr/local/python/3.12.1/lib/python3.12/site-packages/airflow/example_dags/example_outlet_event_extra.py took 0.204 seconds
[2026-04-21T22:30:10.389+0000] {processor.py:186} INFO - Started process (PID=7785) to work on /usr/local/python/3.12.1/lib/python3.12/site-packages/airflow/example_dags/example_outlet_event_extra.py
[2026-04-21T22:30:10.390+0000] {processor.py:914} INFO - Processing file /usr/local/python/3.12.1/lib/python3.12/site-packages/airflow/example_dags/example_outlet_event_extra.py for tasks to queue
[2026-04-21T22:30:10.392+0000] {logging_mixin.py:190} INFO - [2026-04-21T22:30:10.392+0000] {dagbag.py:588} INFO - Filling up the DagBag from /usr/local/python/3.12.1/lib/python3.12/site-packages/airflow/example_dags/example_outlet_event_extra.py
[2026-04-21T22:30:10.479+0000] {logging_mixin.py:190} INFO - [2026-04-21T22:30:10.479+0000] {providers_manager.py:287} INFO - Optional provider feature disabled when importing 'airflow.providers.amazon.aws.assets.s3.sanitize_uri' from 'apache-airflow-providers-amazon' package
[2026-04-21T22:30:10.480+0000] {logging_mixin.py:190} INFO - [2026-04-21T22:30:10.480+0000] {providers_manager.py:287} INFO - Optional provider feature disabled when importing 'airflow.providers.amazon.aws.assets.s3.create_asset' from 'apache-airflow-providers-amazon' package
[2026-04-21T22:30:10.480+0000] {logging_mixin.py:190} INFO - [2026-04-21T22:30:10.480+0000] {providers_manager.py:287} INFO - Optional provider feature disabled when importing 'airflow.providers.amazon.aws.assets.s3.convert_asset_to_openlineage' from 'apache-airflow-providers-amazon' package
[2026-04-21T22:30:10.489+0000] {processor.py:925} INFO - DAG(s) 'dataset_with_extra_from_classic_operator', 'dataset_with_extra_by_yield', 'dataset_with_extra_by_context' retrieved from /usr/local/python/3.12.1/lib/python3.12/site-packages/airflow/example_dags/example_outlet_event_extra.py
[2026-04-21T22:30:10.505+0000] {logging_mixin.py:190} INFO - [2026-04-21T22:30:10.505+0000] {dag.py:3239} INFO - Sync 3 DAGs
[2026-04-21T22:30:10.522+0000] {logging_mixin.py:190} INFO - [2026-04-21T22:30:10.522+0000] {dag.py:4180} INFO - Setting next_dagrun for dataset_with_extra_by_context to 2026-04-20 00:00:00+00:00, run_after=2026-04-21 00:00:00+00:00
[2026-04-21T22:30:10.527+0000] {logging_mixin.py:190} INFO - [2026-04-21T22:30:10.527+0000] {dag.py:4180} INFO - Setting next_dagrun for dataset_with_extra_by_yield to 2026-04-20 00:00:00+00:00, run_after=2026-04-21 00:00:00+00:00
[2026-04-21T22:30:10.529+0000] {logging_mixin.py:190} INFO - [2026-04-21T22:30:10.529+0000] {dag.py:4180} INFO - Setting next_dagrun for dataset_with_extra_from_classic_operator to 2026-04-20 00:00:00+00:00, run_after=2026-04-21 00:00:00+00:00
[2026-04-21T22:30:10.548+0000] {processor.py:208} INFO - Processing /usr/local/python/3.12.1/lib/python3.12/site-packages/airflow/example_dags/example_outlet_event_extra.py took 0.163 seconds
[2026-04-21T22:31:25.484+0000] {processor.py:186} INFO - Started process (PID=8806) to work on /usr/local/python/3.12.1/lib/python3.12/site-packages/airflow/example_dags/example_outlet_event_extra.py
[2026-04-21T22:31:25.485+0000] {processor.py:914} INFO - Processing file /usr/local/python/3.12.1/lib/python3.12/site-packages/airflow/example_dags/example_outlet_event_extra.py for tasks to queue
[2026-04-21T22:31:25.488+0000] {logging_mixin.py:190} INFO - [2026-04-21T22:31:25.488+0000] {dagbag.py:588} INFO - Filling up the DagBag from /usr/local/python/3.12.1/lib/python3.12/site-packages/airflow/example_dags/example_outlet_event_extra.py
[2026-04-21T22:31:25.728+0000] {logging_mixin.py:190} INFO - [2026-04-21T22:31:25.728+0000] {providers_manager.py:287} INFO - Optional provider feature disabled when importing 'airflow.providers.amazon.aws.assets.s3.sanitize_uri' from 'apache-airflow-providers-amazon' package
[2026-04-21T22:31:25.731+0000] {logging_mixin.py:190} INFO - [2026-04-21T22:31:25.731+0000] {providers_manager.py:287} INFO - Optional provider feature disabled when importing 'airflow.providers.amazon.aws.assets.s3.create_asset' from 'apache-airflow-providers-amazon' package
[2026-04-21T22:31:25.733+0000] {logging_mixin.py:190} INFO - [2026-04-21T22:31:25.733+0000] {providers_manager.py:287} INFO - Optional provider feature disabled when importing 'airflow.providers.amazon.aws.assets.s3.convert_asset_to_openlineage' from 'apache-airflow-providers-amazon' package
[2026-04-21T22:31:25.776+0000] {processor.py:925} INFO - DAG(s) 'dataset_with_extra_by_yield', 'dataset_with_extra_from_classic_operator', 'dataset_with_extra_by_context' retrieved from /usr/local/python/3.12.1/lib/python3.12/site-packages/airflow/example_dags/example_outlet_event_extra.py
[2026-04-21T22:31:25.852+0000] {logging_mixin.py:190} INFO - [2026-04-21T22:31:25.851+0000] {dag.py:3239} INFO - Sync 3 DAGs
[2026-04-21T22:31:25.882+0000] {logging_mixin.py:190} INFO - [2026-04-21T22:31:25.881+0000] {dag.py:4180} INFO - Setting next_dagrun for dataset_with_extra_by_context to 2026-04-20 00:00:00+00:00, run_after=2026-04-21 00:00:00+00:00
[2026-04-21T22:31:25.885+0000] {logging_mixin.py:190} INFO - [2026-04-21T22:31:25.885+0000] {dag.py:4180} INFO - Setting next_dagrun for dataset_with_extra_by_yield to 2026-04-20 00:00:00+00:00, run_after=2026-04-21 00:00:00+00:00
[2026-04-21T22:31:25.887+0000] {logging_mixin.py:190} INFO - [2026-04-21T22:31:25.887+0000] {dag.py:4180} INFO - Setting next_dagrun for dataset_with_extra_from_classic_operator to 2026-04-20 00:00:00+00:00, run_after=2026-04-21 00:00:00+00:00
[2026-04-21T22:31:25.906+0000] {processor.py:208} INFO - Processing /usr/local/python/3.12.1/lib/python3.12/site-packages/airflow/example_dags/example_outlet_event_extra.py took 0.429 seconds
[2026-04-21T22:32:48.508+0000] {processor.py:186} INFO - Started process (PID=9868) to work on /usr/local/python/3.12.1/lib/python3.12/site-packages/airflow/example_dags/example_outlet_event_extra.py
[2026-04-21T22:32:48.508+0000] {processor.py:914} INFO - Processing file /usr/local/python/3.12.1/lib/python3.12/site-packages/airflow/example_dags/example_outlet_event_extra.py for tasks to queue
[2026-04-21T22:32:48.510+0000] {logging_mixin.py:190} INFO - [2026-04-21T22:32:48.510+0000] {dagbag.py:588} INFO - Filling up the DagBag from /usr/local/python/3.12.1/lib/python3.12/site-packages/airflow/example_dags/example_outlet_event_extra.py
[2026-04-21T22:32:48.611+0000] {logging_mixin.py:190} INFO - [2026-04-21T22:32:48.611+0000] {providers_manager.py:287} INFO - Optional provider feature disabled when importing 'airflow.providers.amazon.aws.assets.s3.sanitize_uri' from 'apache-airflow-providers-amazon' package
[2026-04-21T22:32:48.612+0000] {logging_mixin.py:190} INFO - [2026-04-21T22:32:48.612+0000] {providers_manager.py:287} INFO - Optional provider feature disabled when importing 'airflow.providers.amazon.aws.assets.s3.create_asset' from 'apache-airflow-providers-amazon' package
[2026-04-21T22:32:48.612+0000] {logging_mixin.py:190} INFO - [2026-04-21T22:32:48.612+0000] {providers_manager.py:287} INFO - Optional provider feature disabled when importing 'airflow.providers.amazon.aws.assets.s3.convert_asset_to_openlineage' from 'apache-airflow-providers-amazon' package
[2026-04-21T22:32:48.621+0000] {processor.py:925} INFO - DAG(s) 'dataset_with_extra_by_yield', 'dataset_with_extra_from_classic_operator', 'dataset_with_extra_by_context' retrieved from /usr/local/python/3.12.1/lib/python3.12/site-packages/airflow/example_dags/example_outlet_event_extra.py
[2026-04-21T22:32:48.637+0000] {logging_mixin.py:190} INFO - [2026-04-21T22:32:48.637+0000] {dag.py:3239} INFO - Sync 3 DAGs
[2026-04-21T22:32:48.654+0000] {logging_mixin.py:190} INFO - [2026-04-21T22:32:48.654+0000] {dag.py:4180} INFO - Setting next_dagrun for dataset_with_extra_by_context to 2026-04-20 00:00:00+00:00, run_after=2026-04-21 00:00:00+00:00
[2026-04-21T22:32:48.657+0000] {logging_mixin.py:190} INFO - [2026-04-21T22:32:48.657+0000] {dag.py:4180} INFO - Setting next_dagrun for dataset_with_extra_by_yield to 2026-04-20 00:00:00+00:00, run_after=2026-04-21 00:00:00+00:00
[2026-04-21T22:32:48.659+0000] {logging_mixin.py:190} INFO - [2026-04-21T22:32:48.659+0000] {dag.py:4180} INFO - Setting next_dagrun for dataset_with_extra_from_classic_operator to 2026-04-20 00:00:00+00:00, run_after=2026-04-21 00:00:00+00:00
[2026-04-21T22:32:48.676+0000] {processor.py:208} INFO - Processing /usr/local/python/3.12.1/lib/python3.12/site-packages/airflow/example_dags/example_outlet_event_extra.py took 0.173 seconds
[2026-04-21T22:34:07.719+0000] {processor.py:186} INFO - Started process (PID=10916) to work on /usr/local/python/3.12.1/lib/python3.12/site-packages/airflow/example_dags/example_outlet_event_extra.py
[2026-04-21T22:34:07.719+0000] {processor.py:914} INFO - Processing file /usr/local/python/3.12.1/lib/python3.12/site-packages/airflow/example_dags/example_outlet_event_extra.py for tasks to queue
[2026-04-21T22:34:07.721+0000] {logging_mixin.py:190} INFO - [2026-04-21T22:34:07.721+0000] {dagbag.py:588} INFO - Filling up the DagBag from /usr/local/python/3.12.1/lib/python3.12/site-packages/airflow/example_dags/example_outlet_event_extra.py
[2026-04-21T22:34:07.810+0000] {logging_mixin.py:190} INFO - [2026-04-21T22:34:07.810+0000] {providers_manager.py:287} INFO - Optional provider feature disabled when importing 'airflow.providers.amazon.aws.assets.s3.sanitize_uri' from 'apache-airflow-providers-amazon' package
[2026-04-21T22:34:07.810+0000] {logging_mixin.py:190} INFO - [2026-04-21T22:34:07.810+0000] {providers_manager.py:287} INFO - Optional provider feature disabled when importing 'airflow.providers.amazon.aws.assets.s3.create_asset' from 'apache-airflow-providers-amazon' package
[2026-04-21T22:34:07.811+0000] {logging_mixin.py:190} INFO - [2026-04-21T22:34:07.811+0000] {providers_manager.py:287} INFO - Optional provider feature disabled when importing 'airflow.providers.amazon.aws.assets.s3.convert_asset_to_openlineage' from 'apache-airflow-providers-amazon' package
[2026-04-21T22:34:07.820+0000] {processor.py:925} INFO - DAG(s) 'dataset_with_extra_by_yield', 'dataset_with_extra_by_context', 'dataset_with_extra_from_classic_operator' retrieved from /usr/local/python/3.12.1/lib/python3.12/site-packages/airflow/example_dags/example_outlet_event_extra.py
[2026-04-21T22:34:07.835+0000] {logging_mixin.py:190} INFO - [2026-04-21T22:34:07.835+0000] {dag.py:3239} INFO - Sync 3 DAGs
[2026-04-21T22:34:07.851+0000] {logging_mixin.py:190} INFO - [2026-04-21T22:34:07.851+0000] {dag.py:4180} INFO - Setting next_dagrun for dataset_with_extra_by_context to 2026-04-20 00:00:00+00:00, run_after=2026-04-21 00:00:00+00:00
[2026-04-21T22:34:07.855+0000] {logging_mixin.py:190} INFO - [2026-04-21T22:34:07.854+0000] {dag.py:4180} INFO - Setting next_dagrun for dataset_with_extra_by_yield to 2026-04-20 00:00:00+00:00, run_after=2026-04-21 00:00:00+00:00
[2026-04-21T22:34:07.856+0000] {logging_mixin.py:190} INFO - [2026-04-21T22:34:07.856+0000] {dag.py:4180} INFO - Setting next_dagrun for dataset_with_extra_from_classic_operator to 2026-04-20 00:00:00+00:00, run_after=2026-04-21 00:00:00+00:00
[2026-04-21T22:34:07.874+0000] {processor.py:208} INFO - Processing /usr/local/python/3.12.1/lib/python3.12/site-packages/airflow/example_dags/example_outlet_event_extra.py took 0.160 seconds
[2026-04-21T22:35:21.893+0000] {processor.py:186} INFO - Started process (PID=11699) to work on /usr/local/python/3.12.1/lib/python3.12/site-packages/airflow/example_dags/example_outlet_event_extra.py
[2026-04-21T22:35:21.894+0000] {processor.py:914} INFO - Processing file /usr/local/python/3.12.1/lib/python3.12/site-packages/airflow/example_dags/example_outlet_event_extra.py for tasks to queue
[2026-04-21T22:35:21.895+0000] {logging_mixin.py:190} INFO - [2026-04-21T22:35:21.895+0000] {dagbag.py:588} INFO - Filling up the DagBag from /usr/local/python/3.12.1/lib/python3.12/site-packages/airflow/example_dags/example_outlet_event_extra.py
[2026-04-21T22:35:21.984+0000] {logging_mixin.py:190} INFO - [2026-04-21T22:35:21.984+0000] {providers_manager.py:287} INFO - Optional provider feature disabled when importing 'airflow.providers.amazon.aws.assets.s3.sanitize_uri' from 'apache-airflow-providers-amazon' package
[2026-04-21T22:35:21.984+0000] {logging_mixin.py:190} INFO - [2026-04-21T22:35:21.984+0000] {providers_manager.py:287} INFO - Optional provider feature disabled when importing 'airflow.providers.amazon.aws.assets.s3.create_asset' from 'apache-airflow-providers-amazon' package
[2026-04-21T22:35:21.985+0000] {logging_mixin.py:190} INFO - [2026-04-21T22:35:21.985+0000] {providers_manager.py:287} INFO - Optional provider feature disabled when importing 'airflow.providers.amazon.aws.assets.s3.convert_asset_to_openlineage' from 'apache-airflow-providers-amazon' package
[2026-04-21T22:35:21.994+0000] {processor.py:925} INFO - DAG(s) 'dataset_with_extra_from_classic_operator', 'dataset_with_extra_by_yield', 'dataset_with_extra_by_context' retrieved from /usr/local/python/3.12.1/lib/python3.12/site-packages/airflow/example_dags/example_outlet_event_extra.py
[2026-04-21T22:35:22.011+0000] {logging_mixin.py:190} INFO - [2026-04-21T22:35:22.011+0000] {dag.py:3239} INFO - Sync 3 DAGs
[2026-04-21T22:35:22.028+0000] {logging_mixin.py:190} INFO - [2026-04-21T22:35:22.027+0000] {dag.py:4180} INFO - Setting next_dagrun for dataset_with_extra_by_context to 2026-04-20 00:00:00+00:00, run_after=2026-04-21 00:00:00+00:00
[2026-04-21T22:35:22.032+0000] {logging_mixin.py:190} INFO - [2026-04-21T22:35:22.032+0000] {dag.py:4180} INFO - Setting next_dagrun for dataset_with_extra_by_yield to 2026-04-20 00:00:00+00:00, run_after=2026-04-21 00:00:00+00:00
[2026-04-21T22:35:22.034+0000] {logging_mixin.py:190} INFO - [2026-04-21T22:35:22.033+0000] {dag.py:4180} INFO - Setting next_dagrun for dataset_with_extra_from_classic_operator to 2026-04-20 00:00:00+00:00, run_after=2026-04-21 00:00:00+00:00
[2026-04-21T22:35:22.053+0000] {processor.py:208} INFO - Processing /usr/local/python/3.12.1/lib/python3.12/site-packages/airflow/example_dags/example_outlet_event_extra.py took 0.164 seconds
[2026-04-21T22:36:39.991+0000] {processor.py:186} INFO - Started process (PID=12489) to work on /usr/local/python/3.12.1/lib/python3.12/site-packages/airflow/example_dags/example_outlet_event_extra.py
[2026-04-21T22:36:39.992+0000] {processor.py:914} INFO - Processing file /usr/local/python/3.12.1/lib/python3.12/site-packages/airflow/example_dags/example_outlet_event_extra.py for tasks to queue
[2026-04-21T22:36:39.995+0000] {logging_mixin.py:190} INFO - [2026-04-21T22:36:39.994+0000] {dagbag.py:588} INFO - Filling up the DagBag from /usr/local/python/3.12.1/lib/python3.12/site-packages/airflow/example_dags/example_outlet_event_extra.py
[2026-04-21T22:36:40.141+0000] {logging_mixin.py:190} INFO - [2026-04-21T22:36:40.141+0000] {providers_manager.py:287} INFO - Optional provider feature disabled when importing 'airflow.providers.amazon.aws.assets.s3.sanitize_uri' from 'apache-airflow-providers-amazon' package
[2026-04-21T22:36:40.142+0000] {logging_mixin.py:190} INFO - [2026-04-21T22:36:40.142+0000] {providers_manager.py:287} INFO - Optional provider feature disabled when importing 'airflow.providers.amazon.aws.assets.s3.create_asset' from 'apache-airflow-providers-amazon' package
[2026-04-21T22:36:40.143+0000] {logging_mixin.py:190} INFO - [2026-04-21T22:36:40.143+0000] {providers_manager.py:287} INFO - Optional provider feature disabled when importing 'airflow.providers.amazon.aws.assets.s3.convert_asset_to_openlineage' from 'apache-airflow-providers-amazon' package
[2026-04-21T22:36:40.157+0000] {processor.py:925} INFO - DAG(s) 'dataset_with_extra_by_context', 'dataset_with_extra_from_classic_operator', 'dataset_with_extra_by_yield' retrieved from /usr/local/python/3.12.1/lib/python3.12/site-packages/airflow/example_dags/example_outlet_event_extra.py
[2026-04-21T22:36:40.185+0000] {logging_mixin.py:190} INFO - [2026-04-21T22:36:40.185+0000] {dag.py:3239} INFO - Sync 3 DAGs
[2026-04-21T22:36:40.209+0000] {logging_mixin.py:190} INFO - [2026-04-21T22:36:40.209+0000] {dag.py:4180} INFO - Setting next_dagrun for dataset_with_extra_by_context to 2026-04-20 00:00:00+00:00, run_after=2026-04-21 00:00:00+00:00
[2026-04-21T22:36:40.217+0000] {logging_mixin.py:190} INFO - [2026-04-21T22:36:40.217+0000] {dag.py:4180} INFO - Setting next_dagrun for dataset_with_extra_by_yield to 2026-04-20 00:00:00+00:00, run_after=2026-04-21 00:00:00+00:00
[2026-04-21T22:36:40.219+0000] {logging_mixin.py:190} INFO - [2026-04-21T22:36:40.219+0000] {dag.py:4180} INFO - Setting next_dagrun for dataset_with_extra_from_classic_operator to 2026-04-20 00:00:00+00:00, run_after=2026-04-21 00:00:00+00:00
[2026-04-21T22:36:40.237+0000] {processor.py:208} INFO - Processing /usr/local/python/3.12.1/lib/python3.12/site-packages/airflow/example_dags/example_outlet_event_extra.py took 0.254 seconds
[2026-04-21T22:38:01.383+0000] {processor.py:186} INFO - Started process (PID=13579) to work on /usr/local/python/3.12.1/lib/python3.12/site-packages/airflow/example_dags/example_outlet_event_extra.py
[2026-04-21T22:38:01.384+0000] {processor.py:914} INFO - Processing file /usr/local/python/3.12.1/lib/python3.12/site-packages/airflow/example_dags/example_outlet_event_extra.py for tasks to queue
[2026-04-21T22:38:01.386+0000] {logging_mixin.py:190} INFO - [2026-04-21T22:38:01.386+0000] {dagbag.py:588} INFO - Filling up the DagBag from /usr/local/python/3.12.1/lib/python3.12/site-packages/airflow/example_dags/example_outlet_event_extra.py
[2026-04-21T22:38:01.476+0000] {logging_mixin.py:190} INFO - [2026-04-21T22:38:01.476+0000] {providers_manager.py:287} INFO - Optional provider feature disabled when importing 'airflow.providers.amazon.aws.assets.s3.sanitize_uri' from 'apache-airflow-providers-amazon' package
[2026-04-21T22:38:01.476+0000] {logging_mixin.py:190} INFO - [2026-04-21T22:38:01.476+0000] {providers_manager.py:287} INFO - Optional provider feature disabled when importing 'airflow.providers.amazon.aws.assets.s3.create_asset' from 'apache-airflow-providers-amazon' package
[2026-04-21T22:38:01.477+0000] {logging_mixin.py:190} INFO - [2026-04-21T22:38:01.477+0000] {providers_manager.py:287} INFO - Optional provider feature disabled when importing 'airflow.providers.amazon.aws.assets.s3.convert_asset_to_openlineage' from 'apache-airflow-providers-amazon' package
[2026-04-21T22:38:01.486+0000] {processor.py:925} INFO - DAG(s) 'dataset_with_extra_from_classic_operator', 'dataset_with_extra_by_context', 'dataset_with_extra_by_yield' retrieved from /usr/local/python/3.12.1/lib/python3.12/site-packages/airflow/example_dags/example_outlet_event_extra.py
[2026-04-21T22:38:01.507+0000] {logging_mixin.py:190} INFO - [2026-04-21T22:38:01.506+0000] {dag.py:3239} INFO - Sync 3 DAGs
[2026-04-21T22:38:01.532+0000] {logging_mixin.py:190} INFO - [2026-04-21T22:38:01.532+0000] {dag.py:4180} INFO - Setting next_dagrun for dataset_with_extra_by_context to 2026-04-20 00:00:00+00:00, run_after=2026-04-21 00:00:00+00:00
[2026-04-21T22:38:01.539+0000] {logging_mixin.py:190} INFO - [2026-04-21T22:38:01.539+0000] {dag.py:4180} INFO - Setting next_dagrun for dataset_with_extra_by_yield to 2026-04-20 00:00:00+00:00, run_after=2026-04-21 00:00:00+00:00
[2026-04-21T22:38:01.544+0000] {logging_mixin.py:190} INFO - [2026-04-21T22:38:01.544+0000] {dag.py:4180} INFO - Setting next_dagrun for dataset_with_extra_from_classic_operator to 2026-04-20 00:00:00+00:00, run_after=2026-04-21 00:00:00+00:00
[2026-04-21T22:38:01.672+0000] {processor.py:208} INFO - Processing /usr/local/python/3.12.1/lib/python3.12/site-packages/airflow/example_dags/example_outlet_event_extra.py took 0.293 seconds
[2026-04-21T22:39:20.192+0000] {processor.py:186} INFO - Started process (PID=14564) to work on /usr/local/python/3.12.1/lib/python3.12/site-packages/airflow/example_dags/example_outlet_event_extra.py
[2026-04-21T22:39:20.193+0000] {processor.py:914} INFO - Processing file /usr/local/python/3.12.1/lib/python3.12/site-packages/airflow/example_dags/example_outlet_event_extra.py for tasks to queue
[2026-04-21T22:39:20.195+0000] {logging_mixin.py:190} INFO - [2026-04-21T22:39:20.195+0000] {dagbag.py:588} INFO - Filling up the DagBag from /usr/local/python/3.12.1/lib/python3.12/site-packages/airflow/example_dags/example_outlet_event_extra.py
[2026-04-21T22:39:20.282+0000] {logging_mixin.py:190} INFO - [2026-04-21T22:39:20.282+0000] {providers_manager.py:287} INFO - Optional provider feature disabled when importing 'airflow.providers.amazon.aws.assets.s3.sanitize_uri' from 'apache-airflow-providers-amazon' package
[2026-04-21T22:39:20.282+0000] {logging_mixin.py:190} INFO - [2026-04-21T22:39:20.282+0000] {providers_manager.py:287} INFO - Optional provider feature disabled when importing 'airflow.providers.amazon.aws.assets.s3.create_asset' from 'apache-airflow-providers-amazon' package
[2026-04-21T22:39:20.283+0000] {logging_mixin.py:190} INFO - [2026-04-21T22:39:20.283+0000] {providers_manager.py:287} INFO - Optional provider feature disabled when importing 'airflow.providers.amazon.aws.assets.s3.convert_asset_to_openlineage' from 'apache-airflow-providers-amazon' package
[2026-04-21T22:39:20.292+0000] {processor.py:925} INFO - DAG(s) 'dataset_with_extra_by_yield', 'dataset_with_extra_by_context', 'dataset_with_extra_from_classic_operator' retrieved from /usr/local/python/3.12.1/lib/python3.12/site-packages/airflow/example_dags/example_outlet_event_extra.py
[2026-04-21T22:39:20.307+0000] {logging_mixin.py:190} INFO - [2026-04-21T22:39:20.307+0000] {dag.py:3239} INFO - Sync 3 DAGs
[2026-04-21T22:39:20.323+0000] {logging_mixin.py:190} INFO - [2026-04-21T22:39:20.323+0000] {dag.py:4180} INFO - Setting next_dagrun for dataset_with_extra_by_context to 2026-04-20 00:00:00+00:00, run_after=2026-04-21 00:00:00+00:00
[2026-04-21T22:39:20.327+0000] {logging_mixin.py:190} INFO - [2026-04-21T22:39:20.327+0000] {dag.py:4180} INFO - Setting next_dagrun for dataset_with_extra_by_yield to 2026-04-20 00:00:00+00:00, run_after=2026-04-21 00:00:00+00:00
[2026-04-21T22:39:20.329+0000] {logging_mixin.py:190} INFO - [2026-04-21T22:39:20.329+0000] {dag.py:4180} INFO - Setting next_dagrun for dataset_with_extra_from_classic_operator to 2026-04-20 00:00:00+00:00, run_after=2026-04-21 00:00:00+00:00
[2026-04-21T22:39:20.347+0000] {processor.py:208} INFO - Processing /usr/local/python/3.12.1/lib/python3.12/site-packages/airflow/example_dags/example_outlet_event_extra.py took 0.159 seconds
[2026-04-21T22:40:36.234+0000] {processor.py:186} INFO - Started process (PID=15310) to work on /usr/local/python/3.12.1/lib/python3.12/site-packages/airflow/example_dags/example_outlet_event_extra.py
[2026-04-21T22:40:36.235+0000] {processor.py:914} INFO - Processing file /usr/local/python/3.12.1/lib/python3.12/site-packages/airflow/example_dags/example_outlet_event_extra.py for tasks to queue
[2026-04-21T22:40:36.237+0000] {logging_mixin.py:190} INFO - [2026-04-21T22:40:36.236+0000] {dagbag.py:588} INFO - Filling up the DagBag from /usr/local/python/3.12.1/lib/python3.12/site-packages/airflow/example_dags/example_outlet_event_extra.py
[2026-04-21T22:40:36.364+0000] {logging_mixin.py:190} INFO - [2026-04-21T22:40:36.364+0000] {providers_manager.py:287} INFO - Optional provider feature disabled when importing 'airflow.providers.amazon.aws.assets.s3.sanitize_uri' from 'apache-airflow-providers-amazon' package
[2026-04-21T22:40:36.365+0000] {logging_mixin.py:190} INFO - [2026-04-21T22:40:36.365+0000] {providers_manager.py:287} INFO - Optional provider feature disabled when importing 'airflow.providers.amazon.aws.assets.s3.create_asset' from 'apache-airflow-providers-amazon' package
[2026-04-21T22:40:36.366+0000] {logging_mixin.py:190} INFO - [2026-04-21T22:40:36.366+0000] {providers_manager.py:287} INFO - Optional provider feature disabled when importing 'airflow.providers.amazon.aws.assets.s3.convert_asset_to_openlineage' from 'apache-airflow-providers-amazon' package
[2026-04-21T22:40:36.385+0000] {processor.py:925} INFO - DAG(s) 'dataset_with_extra_by_context', 'dataset_with_extra_by_yield', 'dataset_with_extra_from_classic_operator' retrieved from /usr/local/python/3.12.1/lib/python3.12/site-packages/airflow/example_dags/example_outlet_event_extra.py
[2026-04-21T22:40:36.442+0000] {logging_mixin.py:190} INFO - [2026-04-21T22:40:36.442+0000] {dag.py:3239} INFO - Sync 3 DAGs
[2026-04-21T22:40:36.477+0000] {logging_mixin.py:190} INFO - [2026-04-21T22:40:36.477+0000] {dag.py:4180} INFO - Setting next_dagrun for dataset_with_extra_by_context to 2026-04-20 00:00:00+00:00, run_after=2026-04-21 00:00:00+00:00
[2026-04-21T22:40:36.483+0000] {logging_mixin.py:190} INFO - [2026-04-21T22:40:36.483+0000] {dag.py:4180} INFO - Setting next_dagrun for dataset_with_extra_by_yield to 2026-04-20 00:00:00+00:00, run_after=2026-04-21 00:00:00+00:00
[2026-04-21T22:40:36.486+0000] {logging_mixin.py:190} INFO - [2026-04-21T22:40:36.485+0000] {dag.py:4180} INFO - Setting next_dagrun for dataset_with_extra_from_classic_operator to 2026-04-20 00:00:00+00:00, run_after=2026-04-21 00:00:00+00:00
[2026-04-21T22:40:36.515+0000] {processor.py:208} INFO - Processing /usr/local/python/3.12.1/lib/python3.12/site-packages/airflow/example_dags/example_outlet_event_extra.py took 0.286 seconds
[2026-04-21T22:41:56.014+0000] {processor.py:186} INFO - Started process (PID=16272) to work on /usr/local/python/3.12.1/lib/python3.12/site-packages/airflow/example_dags/example_outlet_event_extra.py
[2026-04-21T22:41:56.015+0000] {processor.py:914} INFO - Processing file /usr/local/python/3.12.1/lib/python3.12/site-packages/airflow/example_dags/example_outlet_event_extra.py for tasks to queue
[2026-04-21T22:41:56.017+0000] {logging_mixin.py:190} INFO - [2026-04-21T22:41:56.017+0000] {dagbag.py:588} INFO - Filling up the DagBag from /usr/local/python/3.12.1/lib/python3.12/site-packages/airflow/example_dags/example_outlet_event_extra.py
[2026-04-21T22:41:56.119+0000] {logging_mixin.py:190} INFO - [2026-04-21T22:41:56.119+0000] {providers_manager.py:287} INFO - Optional provider feature disabled when importing 'airflow.providers.amazon.aws.assets.s3.sanitize_uri' from 'apache-airflow-providers-amazon' package
[2026-04-21T22:41:56.120+0000] {logging_mixin.py:190} INFO - [2026-04-21T22:41:56.120+0000] {providers_manager.py:287} INFO - Optional provider feature disabled when importing 'airflow.providers.amazon.aws.assets.s3.create_asset' from 'apache-airflow-providers-amazon' package
[2026-04-21T22:41:56.120+0000] {logging_mixin.py:190} INFO - [2026-04-21T22:41:56.120+0000] {providers_manager.py:287} INFO - Optional provider feature disabled when importing 'airflow.providers.amazon.aws.assets.s3.convert_asset_to_openlineage' from 'apache-airflow-providers-amazon' package
[2026-04-21T22:41:56.131+0000] {processor.py:925} INFO - DAG(s) 'dataset_with_extra_by_context', 'dataset_with_extra_by_yield', 'dataset_with_extra_from_classic_operator' retrieved from /usr/local/python/3.12.1/lib/python3.12/site-packages/airflow/example_dags/example_outlet_event_extra.py
[2026-04-21T22:41:56.152+0000] {logging_mixin.py:190} INFO - [2026-04-21T22:41:56.151+0000] {dag.py:3239} INFO - Sync 3 DAGs
[2026-04-21T22:41:56.170+0000] {logging_mixin.py:190} INFO - [2026-04-21T22:41:56.170+0000] {dag.py:4180} INFO - Setting next_dagrun for dataset_with_extra_by_context to 2026-04-20 00:00:00+00:00, run_after=2026-04-21 00:00:00+00:00
[2026-04-21T22:41:56.173+0000] {logging_mixin.py:190} INFO - [2026-04-21T22:41:56.173+0000] {dag.py:4180} INFO - Setting next_dagrun for dataset_with_extra_by_yield to 2026-04-20 00:00:00+00:00, run_after=2026-04-21 00:00:00+00:00
[2026-04-21T22:41:56.175+0000] {logging_mixin.py:190} INFO - [2026-04-21T22:41:56.175+0000] {dag.py:4180} INFO - Setting next_dagrun for dataset_with_extra_from_classic_operator to 2026-04-20 00:00:00+00:00, run_after=2026-04-21 00:00:00+00:00
[2026-04-21T22:41:56.197+0000] {processor.py:208} INFO - Processing /usr/local/python/3.12.1/lib/python3.12/site-packages/airflow/example_dags/example_outlet_event_extra.py took 0.188 seconds
[2026-04-21T22:43:16.898+0000] {processor.py:186} INFO - Started process (PID=17156) to work on /usr/local/python/3.12.1/lib/python3.12/site-packages/airflow/example_dags/example_outlet_event_extra.py
[2026-04-21T22:43:16.898+0000] {processor.py:914} INFO - Processing file /usr/local/python/3.12.1/lib/python3.12/site-packages/airflow/example_dags/example_outlet_event_extra.py for tasks to queue
[2026-04-21T22:43:16.901+0000] {logging_mixin.py:190} INFO - [2026-04-21T22:43:16.901+0000] {dagbag.py:588} INFO - Filling up the DagBag from /usr/local/python/3.12.1/lib/python3.12/site-packages/airflow/example_dags/example_outlet_event_extra.py
[2026-04-21T22:43:16.992+0000] {logging_mixin.py:190} INFO - [2026-04-21T22:43:16.992+0000] {providers_manager.py:287} INFO - Optional provider feature disabled when importing 'airflow.providers.amazon.aws.assets.s3.sanitize_uri' from 'apache-airflow-providers-amazon' package
[2026-04-21T22:43:16.993+0000] {logging_mixin.py:190} INFO - [2026-04-21T22:43:16.993+0000] {providers_manager.py:287} INFO - Optional provider feature disabled when importing 'airflow.providers.amazon.aws.assets.s3.create_asset' from 'apache-airflow-providers-amazon' package
[2026-04-21T22:43:16.993+0000] {logging_mixin.py:190} INFO - [2026-04-21T22:43:16.993+0000] {providers_manager.py:287} INFO - Optional provider feature disabled when importing 'airflow.providers.amazon.aws.assets.s3.convert_asset_to_openlineage' from 'apache-airflow-providers-amazon' package
[2026-04-21T22:43:17.002+0000] {processor.py:925} INFO - DAG(s) 'dataset_with_extra_by_yield', 'dataset_with_extra_from_classic_operator', 'dataset_with_extra_by_context' retrieved from /usr/local/python/3.12.1/lib/python3.12/site-packages/airflow/example_dags/example_outlet_event_extra.py
[2026-04-21T22:43:17.018+0000] {logging_mixin.py:190} INFO - [2026-04-21T22:43:17.018+0000] {dag.py:3239} INFO - Sync 3 DAGs
[2026-04-21T22:43:17.034+0000] {logging_mixin.py:190} INFO - [2026-04-21T22:43:17.034+0000] {dag.py:4180} INFO - Setting next_dagrun for dataset_with_extra_by_context to 2026-04-20 00:00:00+00:00, run_after=2026-04-21 00:00:00+00:00
[2026-04-21T22:43:17.039+0000] {logging_mixin.py:190} INFO - [2026-04-21T22:43:17.039+0000] {dag.py:4180} INFO - Setting next_dagrun for dataset_with_extra_by_yield to 2026-04-20 00:00:00+00:00, run_after=2026-04-21 00:00:00+00:00
[2026-04-21T22:43:17.040+0000] {logging_mixin.py:190} INFO - [2026-04-21T22:43:17.040+0000] {dag.py:4180} INFO - Setting next_dagrun for dataset_with_extra_from_classic_operator to 2026-04-20 00:00:00+00:00, run_after=2026-04-21 00:00:00+00:00
[2026-04-21T22:43:17.061+0000] {processor.py:208} INFO - Processing /usr/local/python/3.12.1/lib/python3.12/site-packages/airflow/example_dags/example_outlet_event_extra.py took 0.169 seconds
[2026-04-21T22:44:34.631+0000] {processor.py:186} INFO - Started process (PID=18014) to work on /usr/local/python/3.12.1/lib/python3.12/site-packages/airflow/example_dags/example_outlet_event_extra.py
[2026-04-21T22:44:34.632+0000] {processor.py:914} INFO - Processing file /usr/local/python/3.12.1/lib/python3.12/site-packages/airflow/example_dags/example_outlet_event_extra.py for tasks to queue
[2026-04-21T22:44:34.634+0000] {logging_mixin.py:190} INFO - [2026-04-21T22:44:34.634+0000] {dagbag.py:588} INFO - Filling up the DagBag from /usr/local/python/3.12.1/lib/python3.12/site-packages/airflow/example_dags/example_outlet_event_extra.py
[2026-04-21T22:44:34.824+0000] {logging_mixin.py:190} INFO - [2026-04-21T22:44:34.824+0000] {providers_manager.py:287} INFO - Optional provider feature disabled when importing 'airflow.providers.amazon.aws.assets.s3.sanitize_uri' from 'apache-airflow-providers-amazon' package
[2026-04-21T22:44:34.826+0000] {logging_mixin.py:190} INFO - [2026-04-21T22:44:34.826+0000] {providers_manager.py:287} INFO - Optional provider feature disabled when importing 'airflow.providers.amazon.aws.assets.s3.create_asset' from 'apache-airflow-providers-amazon' package
[2026-04-21T22:44:34.827+0000] {logging_mixin.py:190} INFO - [2026-04-21T22:44:34.827+0000] {providers_manager.py:287} INFO - Optional provider feature disabled when importing 'airflow.providers.amazon.aws.assets.s3.convert_asset_to_openlineage' from 'apache-airflow-providers-amazon' package
[2026-04-21T22:44:34.841+0000] {processor.py:925} INFO - DAG(s) 'dataset_with_extra_by_context', 'dataset_with_extra_from_classic_operator', 'dataset_with_extra_by_yield' retrieved from /usr/local/python/3.12.1/lib/python3.12/site-packages/airflow/example_dags/example_outlet_event_extra.py
[2026-04-21T22:44:34.864+0000] {logging_mixin.py:190} INFO - [2026-04-21T22:44:34.864+0000] {dag.py:3239} INFO - Sync 3 DAGs
[2026-04-21T22:44:34.896+0000] {logging_mixin.py:190} INFO - [2026-04-21T22:44:34.896+0000] {dag.py:4180} INFO - Setting next_dagrun for dataset_with_extra_by_context to 2026-04-20 00:00:00+00:00, run_after=2026-04-21 00:00:00+00:00
[2026-04-21T22:44:34.901+0000] {logging_mixin.py:190} INFO - [2026-04-21T22:44:34.901+0000] {dag.py:4180} INFO - Setting next_dagrun for dataset_with_extra_by_yield to 2026-04-20 00:00:00+00:00, run_after=2026-04-21 00:00:00+00:00
[2026-04-21T22:44:34.907+0000] {logging_mixin.py:190} INFO - [2026-04-21T22:44:34.907+0000] {dag.py:4180} INFO - Setting next_dagrun for dataset_with_extra_from_classic_operator to 2026-04-20 00:00:00+00:00, run_after=2026-04-21 00:00:00+00:00
[2026-04-21T22:44:34.946+0000] {processor.py:208} INFO - Processing /usr/local/python/3.12.1/lib/python3.12/site-packages/airflow/example_dags/example_outlet_event_extra.py took 0.321 seconds
[2026-04-21T22:45:54.297+0000] {processor.py:186} INFO - Started process (PID=19073) to work on /usr/local/python/3.12.1/lib/python3.12/site-packages/airflow/example_dags/example_outlet_event_extra.py
[2026-04-21T22:45:54.298+0000] {processor.py:914} INFO - Processing file /usr/local/python/3.12.1/lib/python3.12/site-packages/airflow/example_dags/example_outlet_event_extra.py for tasks to queue
[2026-04-21T22:45:54.300+0000] {logging_mixin.py:190} INFO - [2026-04-21T22:45:54.299+0000] {dagbag.py:588} INFO - Filling up the DagBag from /usr/local/python/3.12.1/lib/python3.12/site-packages/airflow/example_dags/example_outlet_event_extra.py
[2026-04-21T22:45:54.390+0000] {logging_mixin.py:190} INFO - [2026-04-21T22:45:54.390+0000] {providers_manager.py:287} INFO - Optional provider feature disabled when importing 'airflow.providers.amazon.aws.assets.s3.sanitize_uri' from 'apache-airflow-providers-amazon' package
[2026-04-21T22:45:54.391+0000] {logging_mixin.py:190} INFO - [2026-04-21T22:45:54.391+0000] {providers_manager.py:287} INFO - Optional provider feature disabled when importing 'airflow.providers.amazon.aws.assets.s3.create_asset' from 'apache-airflow-providers-amazon' package
[2026-04-21T22:45:54.392+0000] {logging_mixin.py:190} INFO - [2026-04-21T22:45:54.392+0000] {providers_manager.py:287} INFO - Optional provider feature disabled when importing 'airflow.providers.amazon.aws.assets.s3.convert_asset_to_openlineage' from 'apache-airflow-providers-amazon' package
[2026-04-21T22:45:54.403+0000] {processor.py:925} INFO - DAG(s) 'dataset_with_extra_by_yield', 'dataset_with_extra_from_classic_operator', 'dataset_with_extra_by_context' retrieved from /usr/local/python/3.12.1/lib/python3.12/site-packages/airflow/example_dags/example_outlet_event_extra.py
[2026-04-21T22:45:54.421+0000] {logging_mixin.py:190} INFO - [2026-04-21T22:45:54.420+0000] {dag.py:3239} INFO - Sync 3 DAGs
[2026-04-21T22:45:54.437+0000] {logging_mixin.py:190} INFO - [2026-04-21T22:45:54.437+0000] {dag.py:4180} INFO - Setting next_dagrun for dataset_with_extra_by_context to 2026-04-20 00:00:00+00:00, run_after=2026-04-21 00:00:00+00:00
[2026-04-21T22:45:54.441+0000] {logging_mixin.py:190} INFO - [2026-04-21T22:45:54.440+0000] {dag.py:4180} INFO - Setting next_dagrun for dataset_with_extra_by_yield to 2026-04-20 00:00:00+00:00, run_after=2026-04-21 00:00:00+00:00
[2026-04-21T22:45:54.442+0000] {logging_mixin.py:190} INFO - [2026-04-21T22:45:54.442+0000] {dag.py:4180} INFO - Setting next_dagrun for dataset_with_extra_from_classic_operator to 2026-04-20 00:00:00+00:00, run_after=2026-04-21 00:00:00+00:00
[2026-04-21T22:45:54.459+0000] {processor.py:208} INFO - Processing /usr/local/python/3.12.1/lib/python3.12/site-packages/airflow/example_dags/example_outlet_event_extra.py took 0.167 seconds
[2026-04-21T22:47:12.438+0000] {processor.py:186} INFO - Started process (PID=19963) to work on /usr/local/python/3.12.1/lib/python3.12/site-packages/airflow/example_dags/example_outlet_event_extra.py
[2026-04-21T22:47:12.439+0000] {processor.py:914} INFO - Processing file /usr/local/python/3.12.1/lib/python3.12/site-packages/airflow/example_dags/example_outlet_event_extra.py for tasks to queue
[2026-04-21T22:47:12.441+0000] {logging_mixin.py:190} INFO - [2026-04-21T22:47:12.441+0000] {dagbag.py:588} INFO - Filling up the DagBag from /usr/local/python/3.12.1/lib/python3.12/site-packages/airflow/example_dags/example_outlet_event_extra.py
[2026-04-21T22:47:12.540+0000] {logging_mixin.py:190} INFO - [2026-04-21T22:47:12.540+0000] {providers_manager.py:287} INFO - Optional provider feature disabled when importing 'airflow.providers.amazon.aws.assets.s3.sanitize_uri' from 'apache-airflow-providers-amazon' package
[2026-04-21T22:47:12.540+0000] {logging_mixin.py:190} INFO - [2026-04-21T22:47:12.540+0000] {providers_manager.py:287} INFO - Optional provider feature disabled when importing 'airflow.providers.amazon.aws.assets.s3.create_asset' from 'apache-airflow-providers-amazon' package
[2026-04-21T22:47:12.541+0000] {logging_mixin.py:190} INFO - [2026-04-21T22:47:12.541+0000] {providers_manager.py:287} INFO - Optional provider feature disabled when importing 'airflow.providers.amazon.aws.assets.s3.convert_asset_to_openlineage' from 'apache-airflow-providers-amazon' package
[2026-04-21T22:47:12.551+0000] {processor.py:925} INFO - DAG(s) 'dataset_with_extra_from_classic_operator', 'dataset_with_extra_by_yield', 'dataset_with_extra_by_context' retrieved from /usr/local/python/3.12.1/lib/python3.12/site-packages/airflow/example_dags/example_outlet_event_extra.py
[2026-04-21T22:47:12.568+0000] {logging_mixin.py:190} INFO - [2026-04-21T22:47:12.567+0000] {dag.py:3239} INFO - Sync 3 DAGs
[2026-04-21T22:47:12.602+0000] {logging_mixin.py:190} INFO - [2026-04-21T22:47:12.602+0000] {dag.py:4180} INFO - Setting next_dagrun for dataset_with_extra_by_context to 2026-04-20 00:00:00+00:00, run_after=2026-04-21 00:00:00+00:00
[2026-04-21T22:47:12.606+0000] {logging_mixin.py:190} INFO - [2026-04-21T22:47:12.606+0000] {dag.py:4180} INFO - Setting next_dagrun for dataset_with_extra_by_yield to 2026-04-20 00:00:00+00:00, run_after=2026-04-21 00:00:00+00:00
[2026-04-21T22:47:12.607+0000] {logging_mixin.py:190} INFO - [2026-04-21T22:47:12.607+0000] {dag.py:4180} INFO - Setting next_dagrun for dataset_with_extra_from_classic_operator to 2026-04-20 00:00:00+00:00, run_after=2026-04-21 00:00:00+00:00
[2026-04-21T22:47:12.629+0000] {processor.py:208} INFO - Processing /usr/local/python/3.12.1/lib/python3.12/site-packages/airflow/example_dags/example_outlet_event_extra.py took 0.196 seconds
[2026-04-21T22:48:34.079+0000] {processor.py:186} INFO - Started process (PID=20830) to work on /usr/local/python/3.12.1/lib/python3.12/site-packages/airflow/example_dags/example_outlet_event_extra.py
[2026-04-21T22:48:34.079+0000] {processor.py:914} INFO - Processing file /usr/local/python/3.12.1/lib/python3.12/site-packages/airflow/example_dags/example_outlet_event_extra.py for tasks to queue
[2026-04-21T22:48:34.081+0000] {logging_mixin.py:190} INFO - [2026-04-21T22:48:34.081+0000] {dagbag.py:588} INFO - Filling up the DagBag from /usr/local/python/3.12.1/lib/python3.12/site-packages/airflow/example_dags/example_outlet_event_extra.py
[2026-04-21T22:48:34.167+0000] {logging_mixin.py:190} INFO - [2026-04-21T22:48:34.167+0000] {providers_manager.py:287} INFO - Optional provider feature disabled when importing 'airflow.providers.amazon.aws.assets.s3.sanitize_uri' from 'apache-airflow-providers-amazon' package
[2026-04-21T22:48:34.168+0000] {logging_mixin.py:190} INFO - [2026-04-21T22:48:34.168+0000] {providers_manager.py:287} INFO - Optional provider feature disabled when importing 'airflow.providers.amazon.aws.assets.s3.create_asset' from 'apache-airflow-providers-amazon' package
[2026-04-21T22:48:34.168+0000] {logging_mixin.py:190} INFO - [2026-04-21T22:48:34.168+0000] {providers_manager.py:287} INFO - Optional provider feature disabled when importing 'airflow.providers.amazon.aws.assets.s3.convert_asset_to_openlineage' from 'apache-airflow-providers-amazon' package
[2026-04-21T22:48:34.177+0000] {processor.py:925} INFO - DAG(s) 'dataset_with_extra_by_context', 'dataset_with_extra_from_classic_operator', 'dataset_with_extra_by_yield' retrieved from /usr/local/python/3.12.1/lib/python3.12/site-packages/airflow/example_dags/example_outlet_event_extra.py
[2026-04-21T22:48:34.193+0000] {logging_mixin.py:190} INFO - [2026-04-21T22:48:34.193+0000] {dag.py:3239} INFO - Sync 3 DAGs
[2026-04-21T22:48:34.209+0000] {logging_mixin.py:190} INFO - [2026-04-21T22:48:34.209+0000] {dag.py:4180} INFO - Setting next_dagrun for dataset_with_extra_by_context to 2026-04-20 00:00:00+00:00, run_after=2026-04-21 00:00:00+00:00
[2026-04-21T22:48:34.212+0000] {logging_mixin.py:190} INFO - [2026-04-21T22:48:34.212+0000] {dag.py:4180} INFO - Setting next_dagrun for dataset_with_extra_by_yield to 2026-04-20 00:00:00+00:00, run_after=2026-04-21 00:00:00+00:00
[2026-04-21T22:48:34.214+0000] {logging_mixin.py:190} INFO - [2026-04-21T22:48:34.214+0000] {dag.py:4180} INFO - Setting next_dagrun for dataset_with_extra_from_classic_operator to 2026-04-20 00:00:00+00:00, run_after=2026-04-21 00:00:00+00:00
[2026-04-21T22:48:34.231+0000] {processor.py:208} INFO - Processing /usr/local/python/3.12.1/lib/python3.12/site-packages/airflow/example_dags/example_outlet_event_extra.py took 0.157 seconds
[2026-04-21T22:49:53.069+0000] {processor.py:186} INFO - Started process (PID=21907) to work on /usr/local/python/3.12.1/lib/python3.12/site-packages/airflow/example_dags/example_outlet_event_extra.py
[2026-04-21T22:49:53.069+0000] {processor.py:914} INFO - Processing file /usr/local/python/3.12.1/lib/python3.12/site-packages/airflow/example_dags/example_outlet_event_extra.py for tasks to queue
[2026-04-21T22:49:53.071+0000] {logging_mixin.py:190} INFO - [2026-04-21T22:49:53.071+0000] {dagbag.py:588} INFO - Filling up the DagBag from /usr/local/python/3.12.1/lib/python3.12/site-packages/airflow/example_dags/example_outlet_event_extra.py
[2026-04-21T22:49:53.157+0000] {logging_mixin.py:190} INFO - [2026-04-21T22:49:53.157+0000] {providers_manager.py:287} INFO - Optional provider feature disabled when importing 'airflow.providers.amazon.aws.assets.s3.sanitize_uri' from 'apache-airflow-providers-amazon' package
[2026-04-21T22:49:53.158+0000] {logging_mixin.py:190} INFO - [2026-04-21T22:49:53.158+0000] {providers_manager.py:287} INFO - Optional provider feature disabled when importing 'airflow.providers.amazon.aws.assets.s3.create_asset' from 'apache-airflow-providers-amazon' package
[2026-04-21T22:49:53.159+0000] {logging_mixin.py:190} INFO - [2026-04-21T22:49:53.158+0000] {providers_manager.py:287} INFO - Optional provider feature disabled when importing 'airflow.providers.amazon.aws.assets.s3.convert_asset_to_openlineage' from 'apache-airflow-providers-amazon' package
[2026-04-21T22:49:53.168+0000] {processor.py:925} INFO - DAG(s) 'dataset_with_extra_by_yield', 'dataset_with_extra_from_classic_operator', 'dataset_with_extra_by_context' retrieved from /usr/local/python/3.12.1/lib/python3.12/site-packages/airflow/example_dags/example_outlet_event_extra.py
[2026-04-21T22:49:53.184+0000] {logging_mixin.py:190} INFO - [2026-04-21T22:49:53.184+0000] {dag.py:3239} INFO - Sync 3 DAGs
[2026-04-21T22:49:53.201+0000] {logging_mixin.py:190} INFO - [2026-04-21T22:49:53.201+0000] {dag.py:4180} INFO - Setting next_dagrun for dataset_with_extra_by_context to 2026-04-20 00:00:00+00:00, run_after=2026-04-21 00:00:00+00:00
[2026-04-21T22:49:53.205+0000] {logging_mixin.py:190} INFO - [2026-04-21T22:49:53.205+0000] {dag.py:4180} INFO - Setting next_dagrun for dataset_with_extra_by_yield to 2026-04-20 00:00:00+00:00, run_after=2026-04-21 00:00:00+00:00
[2026-04-21T22:49:53.207+0000] {logging_mixin.py:190} INFO - [2026-04-21T22:49:53.206+0000] {dag.py:4180} INFO - Setting next_dagrun for dataset_with_extra_from_classic_operator to 2026-04-20 00:00:00+00:00, run_after=2026-04-21 00:00:00+00:00
[2026-04-21T22:49:53.224+0000] {processor.py:208} INFO - Processing /usr/local/python/3.12.1/lib/python3.12/site-packages/airflow/example_dags/example_outlet_event_extra.py took 0.160 seconds
[2026-04-21T22:51:07.829+0000] {processor.py:186} INFO - Started process (PID=22802) to work on /usr/local/python/3.12.1/lib/python3.12/site-packages/airflow/example_dags/example_outlet_event_extra.py
[2026-04-21T22:51:07.830+0000] {processor.py:914} INFO - Processing file /usr/local/python/3.12.1/lib/python3.12/site-packages/airflow/example_dags/example_outlet_event_extra.py for tasks to queue
[2026-04-21T22:51:07.832+0000] {logging_mixin.py:190} INFO - [2026-04-21T22:51:07.832+0000] {dagbag.py:588} INFO - Filling up the DagBag from /usr/local/python/3.12.1/lib/python3.12/site-packages/airflow/example_dags/example_outlet_event_extra.py
[2026-04-21T22:51:07.943+0000] {logging_mixin.py:190} INFO - [2026-04-21T22:51:07.943+0000] {providers_manager.py:287} INFO - Optional provider feature disabled when importing 'airflow.providers.amazon.aws.assets.s3.sanitize_uri' from 'apache-airflow-providers-amazon' package
[2026-04-21T22:51:07.946+0000] {logging_mixin.py:190} INFO - [2026-04-21T22:51:07.945+0000] {providers_manager.py:287} INFO - Optional provider feature disabled when importing 'airflow.providers.amazon.aws.assets.s3.create_asset' from 'apache-airflow-providers-amazon' package
[2026-04-21T22:51:07.947+0000] {logging_mixin.py:190} INFO - [2026-04-21T22:51:07.946+0000] {providers_manager.py:287} INFO - Optional provider feature disabled when importing 'airflow.providers.amazon.aws.assets.s3.convert_asset_to_openlineage' from 'apache-airflow-providers-amazon' package
[2026-04-21T22:51:07.969+0000] {processor.py:925} INFO - DAG(s) 'dataset_with_extra_by_context', 'dataset_with_extra_by_yield', 'dataset_with_extra_from_classic_operator' retrieved from /usr/local/python/3.12.1/lib/python3.12/site-packages/airflow/example_dags/example_outlet_event_extra.py
[2026-04-21T22:51:07.999+0000] {logging_mixin.py:190} INFO - [2026-04-21T22:51:07.999+0000] {dag.py:3239} INFO - Sync 3 DAGs
[2026-04-21T22:51:08.030+0000] {logging_mixin.py:190} INFO - [2026-04-21T22:51:08.030+0000] {dag.py:4180} INFO - Setting next_dagrun for dataset_with_extra_by_context to 2026-04-20 00:00:00+00:00, run_after=2026-04-21 00:00:00+00:00
[2026-04-21T22:51:08.036+0000] {logging_mixin.py:190} INFO - [2026-04-21T22:51:08.036+0000] {dag.py:4180} INFO - Setting next_dagrun for dataset_with_extra_by_yield to 2026-04-20 00:00:00+00:00, run_after=2026-04-21 00:00:00+00:00
[2026-04-21T22:51:08.039+0000] {logging_mixin.py:190} INFO - [2026-04-21T22:51:08.039+0000] {dag.py:4180} INFO - Setting next_dagrun for dataset_with_extra_from_classic_operator to 2026-04-20 00:00:00+00:00, run_after=2026-04-21 00:00:00+00:00
[2026-04-21T22:51:08.063+0000] {processor.py:208} INFO - Processing /usr/local/python/3.12.1/lib/python3.12/site-packages/airflow/example_dags/example_outlet_event_extra.py took 0.238 seconds
[2026-04-21T22:52:29.124+0000] {processor.py:186} INFO - Started process (PID=24002) to work on /usr/local/python/3.12.1/lib/python3.12/site-packages/airflow/example_dags/example_outlet_event_extra.py
[2026-04-21T22:52:29.125+0000] {processor.py:914} INFO - Processing file /usr/local/python/3.12.1/lib/python3.12/site-packages/airflow/example_dags/example_outlet_event_extra.py for tasks to queue
[2026-04-21T22:52:29.126+0000] {logging_mixin.py:190} INFO - [2026-04-21T22:52:29.126+0000] {dagbag.py:588} INFO - Filling up the DagBag from /usr/local/python/3.12.1/lib/python3.12/site-packages/airflow/example_dags/example_outlet_event_extra.py
[2026-04-21T22:52:29.214+0000] {logging_mixin.py:190} INFO - [2026-04-21T22:52:29.214+0000] {providers_manager.py:287} INFO - Optional provider feature disabled when importing 'airflow.providers.amazon.aws.assets.s3.sanitize_uri' from 'apache-airflow-providers-amazon' package
[2026-04-21T22:52:29.215+0000] {logging_mixin.py:190} INFO - [2026-04-21T22:52:29.215+0000] {providers_manager.py:287} INFO - Optional provider feature disabled when importing 'airflow.providers.amazon.aws.assets.s3.create_asset' from 'apache-airflow-providers-amazon' package
[2026-04-21T22:52:29.215+0000] {logging_mixin.py:190} INFO - [2026-04-21T22:52:29.215+0000] {providers_manager.py:287} INFO - Optional provider feature disabled when importing 'airflow.providers.amazon.aws.assets.s3.convert_asset_to_openlineage' from 'apache-airflow-providers-amazon' package
[2026-04-21T22:52:29.224+0000] {processor.py:925} INFO - DAG(s) 'dataset_with_extra_from_classic_operator', 'dataset_with_extra_by_yield', 'dataset_with_extra_by_context' retrieved from /usr/local/python/3.12.1/lib/python3.12/site-packages/airflow/example_dags/example_outlet_event_extra.py
[2026-04-21T22:52:29.242+0000] {logging_mixin.py:190} INFO - [2026-04-21T22:52:29.242+0000] {dag.py:3239} INFO - Sync 3 DAGs
[2026-04-21T22:52:29.259+0000] {logging_mixin.py:190} INFO - [2026-04-21T22:52:29.259+0000] {dag.py:4180} INFO - Setting next_dagrun for dataset_with_extra_by_context to 2026-04-20 00:00:00+00:00, run_after=2026-04-21 00:00:00+00:00
[2026-04-21T22:52:29.262+0000] {logging_mixin.py:190} INFO - [2026-04-21T22:52:29.262+0000] {dag.py:4180} INFO - Setting next_dagrun for dataset_with_extra_by_yield to 2026-04-20 00:00:00+00:00, run_after=2026-04-21 00:00:00+00:00
[2026-04-21T22:52:29.264+0000] {logging_mixin.py:190} INFO - [2026-04-21T22:52:29.264+0000] {dag.py:4180} INFO - Setting next_dagrun for dataset_with_extra_from_classic_operator to 2026-04-20 00:00:00+00:00, run_after=2026-04-21 00:00:00+00:00
[2026-04-21T22:52:29.296+0000] {processor.py:208} INFO - Processing /usr/local/python/3.12.1/lib/python3.12/site-packages/airflow/example_dags/example_outlet_event_extra.py took 0.177 seconds
[2026-04-21T22:53:48.085+0000] {processor.py:186} INFO - Started process (PID=25008) to work on /usr/local/python/3.12.1/lib/python3.12/site-packages/airflow/example_dags/example_outlet_event_extra.py
[2026-04-21T22:53:48.086+0000] {processor.py:914} INFO - Processing file /usr/local/python/3.12.1/lib/python3.12/site-packages/airflow/example_dags/example_outlet_event_extra.py for tasks to queue
[2026-04-21T22:53:48.092+0000] {logging_mixin.py:190} INFO - [2026-04-21T22:53:48.091+0000] {dagbag.py:588} INFO - Filling up the DagBag from /usr/local/python/3.12.1/lib/python3.12/site-packages/airflow/example_dags/example_outlet_event_extra.py
[2026-04-21T22:53:48.319+0000] {logging_mixin.py:190} INFO - [2026-04-21T22:53:48.318+0000] {providers_manager.py:287} INFO - Optional provider feature disabled when importing 'airflow.providers.amazon.aws.assets.s3.sanitize_uri' from 'apache-airflow-providers-amazon' package
[2026-04-21T22:53:48.322+0000] {logging_mixin.py:190} INFO - [2026-04-21T22:53:48.322+0000] {providers_manager.py:287} INFO - Optional provider feature disabled when importing 'airflow.providers.amazon.aws.assets.s3.create_asset' from 'apache-airflow-providers-amazon' package
[2026-04-21T22:53:48.324+0000] {logging_mixin.py:190} INFO - [2026-04-21T22:53:48.323+0000] {providers_manager.py:287} INFO - Optional provider feature disabled when importing 'airflow.providers.amazon.aws.assets.s3.convert_asset_to_openlineage' from 'apache-airflow-providers-amazon' package
[2026-04-21T22:53:48.356+0000] {processor.py:925} INFO - DAG(s) 'dataset_with_extra_from_classic_operator', 'dataset_with_extra_by_yield', 'dataset_with_extra_by_context' retrieved from /usr/local/python/3.12.1/lib/python3.12/site-packages/airflow/example_dags/example_outlet_event_extra.py
[2026-04-21T22:53:48.390+0000] {logging_mixin.py:190} INFO - [2026-04-21T22:53:48.389+0000] {dag.py:3239} INFO - Sync 3 DAGs
[2026-04-21T22:53:48.417+0000] {logging_mixin.py:190} INFO - [2026-04-21T22:53:48.417+0000] {dag.py:4180} INFO - Setting next_dagrun for dataset_with_extra_by_context to 2026-04-20 00:00:00+00:00, run_after=2026-04-21 00:00:00+00:00
[2026-04-21T22:53:48.423+0000] {logging_mixin.py:190} INFO - [2026-04-21T22:53:48.423+0000] {dag.py:4180} INFO - Setting next_dagrun for dataset_with_extra_by_yield to 2026-04-20 00:00:00+00:00, run_after=2026-04-21 00:00:00+00:00
[2026-04-21T22:53:48.427+0000] {logging_mixin.py:190} INFO - [2026-04-21T22:53:48.427+0000] {dag.py:4180} INFO - Setting next_dagrun for dataset_with_extra_from_classic_operator to 2026-04-20 00:00:00+00:00, run_after=2026-04-21 00:00:00+00:00
[2026-04-21T22:53:48.470+0000] {processor.py:208} INFO - Processing /usr/local/python/3.12.1/lib/python3.12/site-packages/airflow/example_dags/example_outlet_event_extra.py took 0.392 seconds
[2026-04-21T22:55:09.747+0000] {processor.py:186} INFO - Started process (PID=26181) to work on /usr/local/python/3.12.1/lib/python3.12/site-packages/airflow/example_dags/example_outlet_event_extra.py
[2026-04-21T22:55:09.748+0000] {processor.py:914} INFO - Processing file /usr/local/python/3.12.1/lib/python3.12/site-packages/airflow/example_dags/example_outlet_event_extra.py for tasks to queue
[2026-04-21T22:55:09.750+0000] {logging_mixin.py:190} INFO - [2026-04-21T22:55:09.750+0000] {dagbag.py:588} INFO - Filling up the DagBag from /usr/local/python/3.12.1/lib/python3.12/site-packages/airflow/example_dags/example_outlet_event_extra.py
[2026-04-21T22:55:09.837+0000] {logging_mixin.py:190} INFO - [2026-04-21T22:55:09.837+0000] {providers_manager.py:287} INFO - Optional provider feature disabled when importing 'airflow.providers.amazon.aws.assets.s3.sanitize_uri' from 'apache-airflow-providers-amazon' package
[2026-04-21T22:55:09.838+0000] {logging_mixin.py:190} INFO - [2026-04-21T22:55:09.838+0000] {providers_manager.py:287} INFO - Optional provider feature disabled when importing 'airflow.providers.amazon.aws.assets.s3.create_asset' from 'apache-airflow-providers-amazon' package
[2026-04-21T22:55:09.838+0000] {logging_mixin.py:190} INFO - [2026-04-21T22:55:09.838+0000] {providers_manager.py:287} INFO - Optional provider feature disabled when importing 'airflow.providers.amazon.aws.assets.s3.convert_asset_to_openlineage' from 'apache-airflow-providers-amazon' package
[2026-04-21T22:55:09.847+0000] {processor.py:925} INFO - DAG(s) 'dataset_with_extra_by_yield', 'dataset_with_extra_from_classic_operator', 'dataset_with_extra_by_context' retrieved from /usr/local/python/3.12.1/lib/python3.12/site-packages/airflow/example_dags/example_outlet_event_extra.py
[2026-04-21T22:55:09.865+0000] {logging_mixin.py:190} INFO - [2026-04-21T22:55:09.865+0000] {dag.py:3239} INFO - Sync 3 DAGs
[2026-04-21T22:55:09.882+0000] {logging_mixin.py:190} INFO - [2026-04-21T22:55:09.882+0000] {dag.py:4180} INFO - Setting next_dagrun for dataset_with_extra_by_context to 2026-04-20 00:00:00+00:00, run_after=2026-04-21 00:00:00+00:00
[2026-04-21T22:55:09.885+0000] {logging_mixin.py:190} INFO - [2026-04-21T22:55:09.885+0000] {dag.py:4180} INFO - Setting next_dagrun for dataset_with_extra_by_yield to 2026-04-20 00:00:00+00:00, run_after=2026-04-21 00:00:00+00:00
[2026-04-21T22:55:09.887+0000] {logging_mixin.py:190} INFO - [2026-04-21T22:55:09.887+0000] {dag.py:4180} INFO - Setting next_dagrun for dataset_with_extra_from_classic_operator to 2026-04-20 00:00:00+00:00, run_after=2026-04-21 00:00:00+00:00
[2026-04-21T22:55:10.035+0000] {processor.py:208} INFO - Processing /usr/local/python/3.12.1/lib/python3.12/site-packages/airflow/example_dags/example_outlet_event_extra.py took 0.292 seconds
[2026-04-21T22:56:27.315+0000] {processor.py:186} INFO - Started process (PID=27179) to work on /usr/local/python/3.12.1/lib/python3.12/site-packages/airflow/example_dags/example_outlet_event_extra.py
[2026-04-21T22:56:27.315+0000] {processor.py:914} INFO - Processing file /usr/local/python/3.12.1/lib/python3.12/site-packages/airflow/example_dags/example_outlet_event_extra.py for tasks to queue
[2026-04-21T22:56:27.317+0000] {logging_mixin.py:190} INFO - [2026-04-21T22:56:27.317+0000] {dagbag.py:588} INFO - Filling up the DagBag from /usr/local/python/3.12.1/lib/python3.12/site-packages/airflow/example_dags/example_outlet_event_extra.py
[2026-04-21T22:56:27.407+0000] {logging_mixin.py:190} INFO - [2026-04-21T22:56:27.407+0000] {providers_manager.py:287} INFO - Optional provider feature disabled when importing 'airflow.providers.amazon.aws.assets.s3.sanitize_uri' from 'apache-airflow-providers-amazon' package
[2026-04-21T22:56:27.408+0000] {logging_mixin.py:190} INFO - [2026-04-21T22:56:27.407+0000] {providers_manager.py:287} INFO - Optional provider feature disabled when importing 'airflow.providers.amazon.aws.assets.s3.create_asset' from 'apache-airflow-providers-amazon' package
[2026-04-21T22:56:27.408+0000] {logging_mixin.py:190} INFO - [2026-04-21T22:56:27.408+0000] {providers_manager.py:287} INFO - Optional provider feature disabled when importing 'airflow.providers.amazon.aws.assets.s3.convert_asset_to_openlineage' from 'apache-airflow-providers-amazon' package
[2026-04-21T22:56:27.418+0000] {processor.py:925} INFO - DAG(s) 'dataset_with_extra_by_context', 'dataset_with_extra_from_classic_operator', 'dataset_with_extra_by_yield' retrieved from /usr/local/python/3.12.1/lib/python3.12/site-packages/airflow/example_dags/example_outlet_event_extra.py
[2026-04-21T22:56:27.437+0000] {logging_mixin.py:190} INFO - [2026-04-21T22:56:27.437+0000] {dag.py:3239} INFO - Sync 3 DAGs
[2026-04-21T22:56:27.456+0000] {logging_mixin.py:190} INFO - [2026-04-21T22:56:27.456+0000] {dag.py:4180} INFO - Setting next_dagrun for dataset_with_extra_by_context to 2026-04-20 00:00:00+00:00, run_after=2026-04-21 00:00:00+00:00
[2026-04-21T22:56:27.460+0000] {logging_mixin.py:190} INFO - [2026-04-21T22:56:27.459+0000] {dag.py:4180} INFO - Setting next_dagrun for dataset_with_extra_by_yield to 2026-04-20 00:00:00+00:00, run_after=2026-04-21 00:00:00+00:00
[2026-04-21T22:56:27.461+0000] {logging_mixin.py:190} INFO - [2026-04-21T22:56:27.461+0000] {dag.py:4180} INFO - Setting next_dagrun for dataset_with_extra_from_classic_operator to 2026-04-20 00:00:00+00:00, run_after=2026-04-21 00:00:00+00:00
[2026-04-21T22:56:27.478+0000] {processor.py:208} INFO - Processing /usr/local/python/3.12.1/lib/python3.12/site-packages/airflow/example_dags/example_outlet_event_extra.py took 0.168 seconds
[2026-04-21T22:57:47.637+0000] {processor.py:186} INFO - Started process (PID=28373) to work on /usr/local/python/3.12.1/lib/python3.12/site-packages/airflow/example_dags/example_outlet_event_extra.py
[2026-04-21T22:57:47.637+0000] {processor.py:914} INFO - Processing file /usr/local/python/3.12.1/lib/python3.12/site-packages/airflow/example_dags/example_outlet_event_extra.py for tasks to queue
[2026-04-21T22:57:47.639+0000] {logging_mixin.py:190} INFO - [2026-04-21T22:57:47.639+0000] {dagbag.py:588} INFO - Filling up the DagBag from /usr/local/python/3.12.1/lib/python3.12/site-packages/airflow/example_dags/example_outlet_event_extra.py
[2026-04-21T22:57:47.724+0000] {logging_mixin.py:190} INFO - [2026-04-21T22:57:47.724+0000] {providers_manager.py:287} INFO - Optional provider feature disabled when importing 'airflow.providers.amazon.aws.assets.s3.sanitize_uri' from 'apache-airflow-providers-amazon' package
[2026-04-21T22:57:47.725+0000] {logging_mixin.py:190} INFO - [2026-04-21T22:57:47.725+0000] {providers_manager.py:287} INFO - Optional provider feature disabled when importing 'airflow.providers.amazon.aws.assets.s3.create_asset' from 'apache-airflow-providers-amazon' package
[2026-04-21T22:57:47.725+0000] {logging_mixin.py:190} INFO - [2026-04-21T22:57:47.725+0000] {providers_manager.py:287} INFO - Optional provider feature disabled when importing 'airflow.providers.amazon.aws.assets.s3.convert_asset_to_openlineage' from 'apache-airflow-providers-amazon' package
[2026-04-21T22:57:47.734+0000] {processor.py:925} INFO - DAG(s) 'dataset_with_extra_from_classic_operator', 'dataset_with_extra_by_context', 'dataset_with_extra_by_yield' retrieved from /usr/local/python/3.12.1/lib/python3.12/site-packages/airflow/example_dags/example_outlet_event_extra.py
[2026-04-21T22:57:47.750+0000] {logging_mixin.py:190} INFO - [2026-04-21T22:57:47.750+0000] {dag.py:3239} INFO - Sync 3 DAGs
[2026-04-21T22:57:47.767+0000] {logging_mixin.py:190} INFO - [2026-04-21T22:57:47.767+0000] {dag.py:4180} INFO - Setting next_dagrun for dataset_with_extra_by_context to 2026-04-20 00:00:00+00:00, run_after=2026-04-21 00:00:00+00:00
[2026-04-21T22:57:47.772+0000] {logging_mixin.py:190} INFO - [2026-04-21T22:57:47.771+0000] {dag.py:4180} INFO - Setting next_dagrun for dataset_with_extra_by_yield to 2026-04-20 00:00:00+00:00, run_after=2026-04-21 00:00:00+00:00
[2026-04-21T22:57:47.773+0000] {logging_mixin.py:190} INFO - [2026-04-21T22:57:47.773+0000] {dag.py:4180} INFO - Setting next_dagrun for dataset_with_extra_from_classic_operator to 2026-04-20 00:00:00+00:00, run_after=2026-04-21 00:00:00+00:00
[2026-04-21T22:57:47.791+0000] {processor.py:208} INFO - Processing /usr/local/python/3.12.1/lib/python3.12/site-packages/airflow/example_dags/example_outlet_event_extra.py took 0.159 seconds
[2026-04-21T22:59:01.480+0000] {processor.py:186} INFO - Started process (PID=29066) to work on /usr/local/python/3.12.1/lib/python3.12/site-packages/airflow/example_dags/example_outlet_event_extra.py
[2026-04-21T22:59:01.481+0000] {processor.py:914} INFO - Processing file /usr/local/python/3.12.1/lib/python3.12/site-packages/airflow/example_dags/example_outlet_event_extra.py for tasks to queue
[2026-04-21T22:59:01.484+0000] {logging_mixin.py:190} INFO - [2026-04-21T22:59:01.483+0000] {dagbag.py:588} INFO - Filling up the DagBag from /usr/local/python/3.12.1/lib/python3.12/site-packages/airflow/example_dags/example_outlet_event_extra.py
[2026-04-21T22:59:01.582+0000] {logging_mixin.py:190} INFO - [2026-04-21T22:59:01.582+0000] {providers_manager.py:287} INFO - Optional provider feature disabled when importing 'airflow.providers.amazon.aws.assets.s3.sanitize_uri' from 'apache-airflow-providers-amazon' package
[2026-04-21T22:59:01.583+0000] {logging_mixin.py:190} INFO - [2026-04-21T22:59:01.583+0000] {providers_manager.py:287} INFO - Optional provider feature disabled when importing 'airflow.providers.amazon.aws.assets.s3.create_asset' from 'apache-airflow-providers-amazon' package
[2026-04-21T22:59:01.584+0000] {logging_mixin.py:190} INFO - [2026-04-21T22:59:01.584+0000] {providers_manager.py:287} INFO - Optional provider feature disabled when importing 'airflow.providers.amazon.aws.assets.s3.convert_asset_to_openlineage' from 'apache-airflow-providers-amazon' package
[2026-04-21T22:59:01.599+0000] {processor.py:925} INFO - DAG(s) 'dataset_with_extra_by_yield', 'dataset_with_extra_from_classic_operator', 'dataset_with_extra_by_context' retrieved from /usr/local/python/3.12.1/lib/python3.12/site-packages/airflow/example_dags/example_outlet_event_extra.py
[2026-04-21T22:59:01.625+0000] {logging_mixin.py:190} INFO - [2026-04-21T22:59:01.625+0000] {dag.py:3239} INFO - Sync 3 DAGs
[2026-04-21T22:59:01.642+0000] {logging_mixin.py:190} INFO - [2026-04-21T22:59:01.642+0000] {dag.py:4180} INFO - Setting next_dagrun for dataset_with_extra_by_context to 2026-04-20 00:00:00+00:00, run_after=2026-04-21 00:00:00+00:00
[2026-04-21T22:59:01.646+0000] {logging_mixin.py:190} INFO - [2026-04-21T22:59:01.645+0000] {dag.py:4180} INFO - Setting next_dagrun for dataset_with_extra_by_yield to 2026-04-20 00:00:00+00:00, run_after=2026-04-21 00:00:00+00:00
[2026-04-21T22:59:01.647+0000] {logging_mixin.py:190} INFO - [2026-04-21T22:59:01.647+0000] {dag.py:4180} INFO - Setting next_dagrun for dataset_with_extra_from_classic_operator to 2026-04-20 00:00:00+00:00, run_after=2026-04-21 00:00:00+00:00
[2026-04-21T22:59:01.666+0000] {processor.py:208} INFO - Processing /usr/local/python/3.12.1/lib/python3.12/site-packages/airflow/example_dags/example_outlet_event_extra.py took 0.192 seconds
[2026-04-21T23:00:39.752+0000] {processor.py:186} INFO - Started process (PID=30465) to work on /usr/local/python/3.12.1/lib/python3.12/site-packages/airflow/example_dags/example_outlet_event_extra.py
[2026-04-21T23:00:39.753+0000] {processor.py:914} INFO - Processing file /usr/local/python/3.12.1/lib/python3.12/site-packages/airflow/example_dags/example_outlet_event_extra.py for tasks to queue
[2026-04-21T23:00:39.755+0000] {logging_mixin.py:190} INFO - [2026-04-21T23:00:39.754+0000] {dagbag.py:588} INFO - Filling up the DagBag from /usr/local/python/3.12.1/lib/python3.12/site-packages/airflow/example_dags/example_outlet_event_extra.py
[2026-04-21T23:00:39.848+0000] {logging_mixin.py:190} INFO - [2026-04-21T23:00:39.848+0000] {providers_manager.py:287} INFO - Optional provider feature disabled when importing 'airflow.providers.amazon.aws.assets.s3.sanitize_uri' from 'apache-airflow-providers-amazon' package
[2026-04-21T23:00:39.849+0000] {logging_mixin.py:190} INFO - [2026-04-21T23:00:39.849+0000] {providers_manager.py:287} INFO - Optional provider feature disabled when importing 'airflow.providers.amazon.aws.assets.s3.create_asset' from 'apache-airflow-providers-amazon' package
[2026-04-21T23:00:39.849+0000] {logging_mixin.py:190} INFO - [2026-04-21T23:00:39.849+0000] {providers_manager.py:287} INFO - Optional provider feature disabled when importing 'airflow.providers.amazon.aws.assets.s3.convert_asset_to_openlineage' from 'apache-airflow-providers-amazon' package
[2026-04-21T23:00:39.858+0000] {processor.py:925} INFO - DAG(s) 'dataset_with_extra_by_context', 'dataset_with_extra_from_classic_operator', 'dataset_with_extra_by_yield' retrieved from /usr/local/python/3.12.1/lib/python3.12/site-packages/airflow/example_dags/example_outlet_event_extra.py
[2026-04-21T23:00:39.874+0000] {logging_mixin.py:190} INFO - [2026-04-21T23:00:39.873+0000] {dag.py:3239} INFO - Sync 3 DAGs
[2026-04-21T23:00:39.890+0000] {logging_mixin.py:190} INFO - [2026-04-21T23:00:39.890+0000] {dag.py:4180} INFO - Setting next_dagrun for dataset_with_extra_by_context to 2026-04-20 00:00:00+00:00, run_after=2026-04-21 00:00:00+00:00
[2026-04-21T23:00:39.894+0000] {logging_mixin.py:190} INFO - [2026-04-21T23:00:39.893+0000] {dag.py:4180} INFO - Setting next_dagrun for dataset_with_extra_by_yield to 2026-04-20 00:00:00+00:00, run_after=2026-04-21 00:00:00+00:00
[2026-04-21T23:00:39.895+0000] {logging_mixin.py:190} INFO - [2026-04-21T23:00:39.895+0000] {dag.py:4180} INFO - Setting next_dagrun for dataset_with_extra_from_classic_operator to 2026-04-20 00:00:00+00:00, run_after=2026-04-21 00:00:00+00:00
[2026-04-21T23:00:39.912+0000] {processor.py:208} INFO - Processing /usr/local/python/3.12.1/lib/python3.12/site-packages/airflow/example_dags/example_outlet_event_extra.py took 0.165 seconds
[2026-04-21T23:01:56.002+0000] {processor.py:186} INFO - Started process (PID=31395) to work on /usr/local/python/3.12.1/lib/python3.12/site-packages/airflow/example_dags/example_outlet_event_extra.py
[2026-04-21T23:01:56.003+0000] {processor.py:914} INFO - Processing file /usr/local/python/3.12.1/lib/python3.12/site-packages/airflow/example_dags/example_outlet_event_extra.py for tasks to queue
[2026-04-21T23:01:56.004+0000] {logging_mixin.py:190} INFO - [2026-04-21T23:01:56.004+0000] {dagbag.py:588} INFO - Filling up the DagBag from /usr/local/python/3.12.1/lib/python3.12/site-packages/airflow/example_dags/example_outlet_event_extra.py
[2026-04-21T23:01:56.090+0000] {logging_mixin.py:190} INFO - [2026-04-21T23:01:56.090+0000] {providers_manager.py:287} INFO - Optional provider feature disabled when importing 'airflow.providers.amazon.aws.assets.s3.sanitize_uri' from 'apache-airflow-providers-amazon' package
[2026-04-21T23:01:56.091+0000] {logging_mixin.py:190} INFO - [2026-04-21T23:01:56.091+0000] {providers_manager.py:287} INFO - Optional provider feature disabled when importing 'airflow.providers.amazon.aws.assets.s3.create_asset' from 'apache-airflow-providers-amazon' package
[2026-04-21T23:01:56.091+0000] {logging_mixin.py:190} INFO - [2026-04-21T23:01:56.091+0000] {providers_manager.py:287} INFO - Optional provider feature disabled when importing 'airflow.providers.amazon.aws.assets.s3.convert_asset_to_openlineage' from 'apache-airflow-providers-amazon' package
[2026-04-21T23:01:56.100+0000] {processor.py:925} INFO - DAG(s) 'dataset_with_extra_from_classic_operator', 'dataset_with_extra_by_context', 'dataset_with_extra_by_yield' retrieved from /usr/local/python/3.12.1/lib/python3.12/site-packages/airflow/example_dags/example_outlet_event_extra.py
[2026-04-21T23:01:56.118+0000] {logging_mixin.py:190} INFO - [2026-04-21T23:01:56.117+0000] {dag.py:3239} INFO - Sync 3 DAGs
[2026-04-21T23:01:56.134+0000] {logging_mixin.py:190} INFO - [2026-04-21T23:01:56.133+0000] {dag.py:4180} INFO - Setting next_dagrun for dataset_with_extra_by_context to 2026-04-20 00:00:00+00:00, run_after=2026-04-21 00:00:00+00:00
[2026-04-21T23:01:56.137+0000] {logging_mixin.py:190} INFO - [2026-04-21T23:01:56.137+0000] {dag.py:4180} INFO - Setting next_dagrun for dataset_with_extra_by_yield to 2026-04-20 00:00:00+00:00, run_after=2026-04-21 00:00:00+00:00
[2026-04-21T23:01:56.139+0000] {logging_mixin.py:190} INFO - [2026-04-21T23:01:56.138+0000] {dag.py:4180} INFO - Setting next_dagrun for dataset_with_extra_from_classic_operator to 2026-04-20 00:00:00+00:00, run_after=2026-04-21 00:00:00+00:00
[2026-04-21T23:01:56.156+0000] {processor.py:208} INFO - Processing /usr/local/python/3.12.1/lib/python3.12/site-packages/airflow/example_dags/example_outlet_event_extra.py took 0.159 seconds
[2026-04-21T23:03:14.087+0000] {processor.py:186} INFO - Started process (PID=32304) to work on /usr/local/python/3.12.1/lib/python3.12/site-packages/airflow/example_dags/example_outlet_event_extra.py
[2026-04-21T23:03:14.088+0000] {processor.py:914} INFO - Processing file /usr/local/python/3.12.1/lib/python3.12/site-packages/airflow/example_dags/example_outlet_event_extra.py for tasks to queue
[2026-04-21T23:03:14.090+0000] {logging_mixin.py:190} INFO - [2026-04-21T23:03:14.090+0000] {dagbag.py:588} INFO - Filling up the DagBag from /usr/local/python/3.12.1/lib/python3.12/site-packages/airflow/example_dags/example_outlet_event_extra.py
[2026-04-21T23:03:14.178+0000] {logging_mixin.py:190} INFO - [2026-04-21T23:03:14.178+0000] {providers_manager.py:287} INFO - Optional provider feature disabled when importing 'airflow.providers.amazon.aws.assets.s3.sanitize_uri' from 'apache-airflow-providers-amazon' package
[2026-04-21T23:03:14.179+0000] {logging_mixin.py:190} INFO - [2026-04-21T23:03:14.179+0000] {providers_manager.py:287} INFO - Optional provider feature disabled when importing 'airflow.providers.amazon.aws.assets.s3.create_asset' from 'apache-airflow-providers-amazon' package
[2026-04-21T23:03:14.179+0000] {logging_mixin.py:190} INFO - [2026-04-21T23:03:14.179+0000] {providers_manager.py:287} INFO - Optional provider feature disabled when importing 'airflow.providers.amazon.aws.assets.s3.convert_asset_to_openlineage' from 'apache-airflow-providers-amazon' package
[2026-04-21T23:03:14.188+0000] {processor.py:925} INFO - DAG(s) 'dataset_with_extra_by_context', 'dataset_with_extra_by_yield', 'dataset_with_extra_from_classic_operator' retrieved from /usr/local/python/3.12.1/lib/python3.12/site-packages/airflow/example_dags/example_outlet_event_extra.py
[2026-04-21T23:03:14.204+0000] {logging_mixin.py:190} INFO - [2026-04-21T23:03:14.204+0000] {dag.py:3239} INFO - Sync 3 DAGs
[2026-04-21T23:03:14.227+0000] {logging_mixin.py:190} INFO - [2026-04-21T23:03:14.227+0000] {dag.py:4180} INFO - Setting next_dagrun for dataset_with_extra_by_context to 2026-04-20 00:00:00+00:00, run_after=2026-04-21 00:00:00+00:00
[2026-04-21T23:03:14.373+0000] {logging_mixin.py:190} INFO - [2026-04-21T23:03:14.372+0000] {dag.py:4180} INFO - Setting next_dagrun for dataset_with_extra_by_yield to 2026-04-20 00:00:00+00:00, run_after=2026-04-21 00:00:00+00:00
[2026-04-21T23:03:14.374+0000] {logging_mixin.py:190} INFO - [2026-04-21T23:03:14.374+0000] {dag.py:4180} INFO - Setting next_dagrun for dataset_with_extra_from_classic_operator to 2026-04-20 00:00:00+00:00, run_after=2026-04-21 00:00:00+00:00
[2026-04-21T23:03:14.393+0000] {processor.py:208} INFO - Processing /usr/local/python/3.12.1/lib/python3.12/site-packages/airflow/example_dags/example_outlet_event_extra.py took 0.310 seconds
[2026-04-21T23:04:29.313+0000] {processor.py:186} INFO - Started process (PID=33335) to work on /usr/local/python/3.12.1/lib/python3.12/site-packages/airflow/example_dags/example_outlet_event_extra.py
[2026-04-21T23:04:29.313+0000] {processor.py:914} INFO - Processing file /usr/local/python/3.12.1/lib/python3.12/site-packages/airflow/example_dags/example_outlet_event_extra.py for tasks to queue
[2026-04-21T23:04:29.315+0000] {logging_mixin.py:190} INFO - [2026-04-21T23:04:29.315+0000] {dagbag.py:588} INFO - Filling up the DagBag from /usr/local/python/3.12.1/lib/python3.12/site-packages/airflow/example_dags/example_outlet_event_extra.py
[2026-04-21T23:04:29.406+0000] {logging_mixin.py:190} INFO - [2026-04-21T23:04:29.406+0000] {providers_manager.py:287} INFO - Optional provider feature disabled when importing 'airflow.providers.amazon.aws.assets.s3.sanitize_uri' from 'apache-airflow-providers-amazon' package
[2026-04-21T23:04:29.407+0000] {logging_mixin.py:190} INFO - [2026-04-21T23:04:29.407+0000] {providers_manager.py:287} INFO - Optional provider feature disabled when importing 'airflow.providers.amazon.aws.assets.s3.create_asset' from 'apache-airflow-providers-amazon' package
[2026-04-21T23:04:29.407+0000] {logging_mixin.py:190} INFO - [2026-04-21T23:04:29.407+0000] {providers_manager.py:287} INFO - Optional provider feature disabled when importing 'airflow.providers.amazon.aws.assets.s3.convert_asset_to_openlineage' from 'apache-airflow-providers-amazon' package
[2026-04-21T23:04:29.420+0000] {processor.py:925} INFO - DAG(s) 'dataset_with_extra_from_classic_operator', 'dataset_with_extra_by_context', 'dataset_with_extra_by_yield' retrieved from /usr/local/python/3.12.1/lib/python3.12/site-packages/airflow/example_dags/example_outlet_event_extra.py
[2026-04-21T23:04:29.439+0000] {logging_mixin.py:190} INFO - [2026-04-21T23:04:29.439+0000] {dag.py:3239} INFO - Sync 3 DAGs
[2026-04-21T23:04:29.457+0000] {logging_mixin.py:190} INFO - [2026-04-21T23:04:29.457+0000] {dag.py:4180} INFO - Setting next_dagrun for dataset_with_extra_by_context to 2026-04-20 00:00:00+00:00, run_after=2026-04-21 00:00:00+00:00
[2026-04-21T23:04:29.461+0000] {logging_mixin.py:190} INFO - [2026-04-21T23:04:29.461+0000] {dag.py:4180} INFO - Setting next_dagrun for dataset_with_extra_by_yield to 2026-04-20 00:00:00+00:00, run_after=2026-04-21 00:00:00+00:00
[2026-04-21T23:04:29.463+0000] {logging_mixin.py:190} INFO - [2026-04-21T23:04:29.462+0000] {dag.py:4180} INFO - Setting next_dagrun for dataset_with_extra_from_classic_operator to 2026-04-20 00:00:00+00:00, run_after=2026-04-21 00:00:00+00:00
[2026-04-21T23:04:29.481+0000] {processor.py:208} INFO - Processing /usr/local/python/3.12.1/lib/python3.12/site-packages/airflow/example_dags/example_outlet_event_extra.py took 0.173 seconds
[2026-04-21T23:05:52.340+0000] {processor.py:186} INFO - Started process (PID=34513) to work on /usr/local/python/3.12.1/lib/python3.12/site-packages/airflow/example_dags/example_outlet_event_extra.py
[2026-04-21T23:05:52.341+0000] {processor.py:914} INFO - Processing file /usr/local/python/3.12.1/lib/python3.12/site-packages/airflow/example_dags/example_outlet_event_extra.py for tasks to queue
[2026-04-21T23:05:52.343+0000] {logging_mixin.py:190} INFO - [2026-04-21T23:05:52.343+0000] {dagbag.py:588} INFO - Filling up the DagBag from /usr/local/python/3.12.1/lib/python3.12/site-packages/airflow/example_dags/example_outlet_event_extra.py
[2026-04-21T23:05:52.433+0000] {logging_mixin.py:190} INFO - [2026-04-21T23:05:52.433+0000] {providers_manager.py:287} INFO - Optional provider feature disabled when importing 'airflow.providers.amazon.aws.assets.s3.sanitize_uri' from 'apache-airflow-providers-amazon' package
[2026-04-21T23:05:52.434+0000] {logging_mixin.py:190} INFO - [2026-04-21T23:05:52.434+0000] {providers_manager.py:287} INFO - Optional provider feature disabled when importing 'airflow.providers.amazon.aws.assets.s3.create_asset' from 'apache-airflow-providers-amazon' package
[2026-04-21T23:05:52.434+0000] {logging_mixin.py:190} INFO - [2026-04-21T23:05:52.434+0000] {providers_manager.py:287} INFO - Optional provider feature disabled when importing 'airflow.providers.amazon.aws.assets.s3.convert_asset_to_openlineage' from 'apache-airflow-providers-amazon' package
[2026-04-21T23:05:52.443+0000] {processor.py:925} INFO - DAG(s) 'dataset_with_extra_from_classic_operator', 'dataset_with_extra_by_yield', 'dataset_with_extra_by_context' retrieved from /usr/local/python/3.12.1/lib/python3.12/site-packages/airflow/example_dags/example_outlet_event_extra.py
[2026-04-21T23:05:52.460+0000] {logging_mixin.py:190} INFO - [2026-04-21T23:05:52.459+0000] {dag.py:3239} INFO - Sync 3 DAGs
[2026-04-21T23:05:52.600+0000] {logging_mixin.py:190} INFO - [2026-04-21T23:05:52.600+0000] {dag.py:4180} INFO - Setting next_dagrun for dataset_with_extra_by_context to 2026-04-20 00:00:00+00:00, run_after=2026-04-21 00:00:00+00:00
[2026-04-21T23:05:52.603+0000] {logging_mixin.py:190} INFO - [2026-04-21T23:05:52.603+0000] {dag.py:4180} INFO - Setting next_dagrun for dataset_with_extra_by_yield to 2026-04-20 00:00:00+00:00, run_after=2026-04-21 00:00:00+00:00
[2026-04-21T23:05:52.605+0000] {logging_mixin.py:190} INFO - [2026-04-21T23:05:52.605+0000] {dag.py:4180} INFO - Setting next_dagrun for dataset_with_extra_from_classic_operator to 2026-04-20 00:00:00+00:00, run_after=2026-04-21 00:00:00+00:00
[2026-04-21T23:05:52.621+0000] {processor.py:208} INFO - Processing /usr/local/python/3.12.1/lib/python3.12/site-packages/airflow/example_dags/example_outlet_event_extra.py took 0.286 seconds
[2026-04-21T23:07:27.406+0000] {processor.py:186} INFO - Started process (PID=35921) to work on /usr/local/python/3.12.1/lib/python3.12/site-packages/airflow/example_dags/example_outlet_event_extra.py
[2026-04-21T23:07:27.407+0000] {processor.py:914} INFO - Processing file /usr/local/python/3.12.1/lib/python3.12/site-packages/airflow/example_dags/example_outlet_event_extra.py for tasks to queue
[2026-04-21T23:07:27.409+0000] {logging_mixin.py:190} INFO - [2026-04-21T23:07:27.408+0000] {dagbag.py:588} INFO - Filling up the DagBag from /usr/local/python/3.12.1/lib/python3.12/site-packages/airflow/example_dags/example_outlet_event_extra.py
[2026-04-21T23:07:27.496+0000] {logging_mixin.py:190} INFO - [2026-04-21T23:07:27.495+0000] {providers_manager.py:287} INFO - Optional provider feature disabled when importing 'airflow.providers.amazon.aws.assets.s3.sanitize_uri' from 'apache-airflow-providers-amazon' package
[2026-04-21T23:07:27.496+0000] {logging_mixin.py:190} INFO - [2026-04-21T23:07:27.496+0000] {providers_manager.py:287} INFO - Optional provider feature disabled when importing 'airflow.providers.amazon.aws.assets.s3.create_asset' from 'apache-airflow-providers-amazon' package
[2026-04-21T23:07:27.497+0000] {logging_mixin.py:190} INFO - [2026-04-21T23:07:27.497+0000] {providers_manager.py:287} INFO - Optional provider feature disabled when importing 'airflow.providers.amazon.aws.assets.s3.convert_asset_to_openlineage' from 'apache-airflow-providers-amazon' package
[2026-04-21T23:07:27.505+0000] {processor.py:925} INFO - DAG(s) 'dataset_with_extra_by_yield', 'dataset_with_extra_by_context', 'dataset_with_extra_from_classic_operator' retrieved from /usr/local/python/3.12.1/lib/python3.12/site-packages/airflow/example_dags/example_outlet_event_extra.py
[2026-04-21T23:07:27.521+0000] {logging_mixin.py:190} INFO - [2026-04-21T23:07:27.521+0000] {dag.py:3239} INFO - Sync 3 DAGs
[2026-04-21T23:07:27.663+0000] {logging_mixin.py:190} INFO - [2026-04-21T23:07:27.663+0000] {dag.py:4180} INFO - Setting next_dagrun for dataset_with_extra_by_context to 2026-04-20 00:00:00+00:00, run_after=2026-04-21 00:00:00+00:00
[2026-04-21T23:07:27.667+0000] {logging_mixin.py:190} INFO - [2026-04-21T23:07:27.667+0000] {dag.py:4180} INFO - Setting next_dagrun for dataset_with_extra_by_yield to 2026-04-20 00:00:00+00:00, run_after=2026-04-21 00:00:00+00:00
[2026-04-21T23:07:27.668+0000] {logging_mixin.py:190} INFO - [2026-04-21T23:07:27.668+0000] {dag.py:4180} INFO - Setting next_dagrun for dataset_with_extra_from_classic_operator to 2026-04-20 00:00:00+00:00, run_after=2026-04-21 00:00:00+00:00
[2026-04-21T23:07:27.685+0000] {processor.py:208} INFO - Processing /usr/local/python/3.12.1/lib/python3.12/site-packages/airflow/example_dags/example_outlet_event_extra.py took 0.284 seconds
[2026-04-21T23:08:51.359+0000] {processor.py:186} INFO - Started process (PID=36938) to work on /usr/local/python/3.12.1/lib/python3.12/site-packages/airflow/example_dags/example_outlet_event_extra.py
[2026-04-21T23:08:51.360+0000] {processor.py:914} INFO - Processing file /usr/local/python/3.12.1/lib/python3.12/site-packages/airflow/example_dags/example_outlet_event_extra.py for tasks to queue
[2026-04-21T23:08:51.362+0000] {logging_mixin.py:190} INFO - [2026-04-21T23:08:51.361+0000] {dagbag.py:588} INFO - Filling up the DagBag from /usr/local/python/3.12.1/lib/python3.12/site-packages/airflow/example_dags/example_outlet_event_extra.py
[2026-04-21T23:08:51.462+0000] {logging_mixin.py:190} INFO - [2026-04-21T23:08:51.462+0000] {providers_manager.py:287} INFO - Optional provider feature disabled when importing 'airflow.providers.amazon.aws.assets.s3.sanitize_uri' from 'apache-airflow-providers-amazon' package
[2026-04-21T23:08:51.463+0000] {logging_mixin.py:190} INFO - [2026-04-21T23:08:51.463+0000] {providers_manager.py:287} INFO - Optional provider feature disabled when importing 'airflow.providers.amazon.aws.assets.s3.create_asset' from 'apache-airflow-providers-amazon' package
[2026-04-21T23:08:51.463+0000] {logging_mixin.py:190} INFO - [2026-04-21T23:08:51.463+0000] {providers_manager.py:287} INFO - Optional provider feature disabled when importing 'airflow.providers.amazon.aws.assets.s3.convert_asset_to_openlineage' from 'apache-airflow-providers-amazon' package
[2026-04-21T23:08:51.472+0000] {processor.py:925} INFO - DAG(s) 'dataset_with_extra_from_classic_operator', 'dataset_with_extra_by_yield', 'dataset_with_extra_by_context' retrieved from /usr/local/python/3.12.1/lib/python3.12/site-packages/airflow/example_dags/example_outlet_event_extra.py
[2026-04-21T23:08:51.488+0000] {logging_mixin.py:190} INFO - [2026-04-21T23:08:51.488+0000] {dag.py:3239} INFO - Sync 3 DAGs
[2026-04-21T23:08:51.504+0000] {logging_mixin.py:190} INFO - [2026-04-21T23:08:51.504+0000] {dag.py:4180} INFO - Setting next_dagrun for dataset_with_extra_by_context to 2026-04-20 00:00:00+00:00, run_after=2026-04-21 00:00:00+00:00
[2026-04-21T23:08:51.508+0000] {logging_mixin.py:190} INFO - [2026-04-21T23:08:51.507+0000] {dag.py:4180} INFO - Setting next_dagrun for dataset_with_extra_by_yield to 2026-04-20 00:00:00+00:00, run_after=2026-04-21 00:00:00+00:00
[2026-04-21T23:08:51.509+0000] {logging_mixin.py:190} INFO - [2026-04-21T23:08:51.509+0000] {dag.py:4180} INFO - Setting next_dagrun for dataset_with_extra_from_classic_operator to 2026-04-20 00:00:00+00:00, run_after=2026-04-21 00:00:00+00:00
[2026-04-21T23:08:51.669+0000] {processor.py:208} INFO - Processing /usr/local/python/3.12.1/lib/python3.12/site-packages/airflow/example_dags/example_outlet_event_extra.py took 0.314 seconds
[2026-04-21T23:10:11.147+0000] {processor.py:186} INFO - Started process (PID=37753) to work on /usr/local/python/3.12.1/lib/python3.12/site-packages/airflow/example_dags/example_outlet_event_extra.py
[2026-04-21T23:10:11.148+0000] {processor.py:914} INFO - Processing file /usr/local/python/3.12.1/lib/python3.12/site-packages/airflow/example_dags/example_outlet_event_extra.py for tasks to queue
[2026-04-21T23:10:11.151+0000] {logging_mixin.py:190} INFO - [2026-04-21T23:10:11.150+0000] {dagbag.py:588} INFO - Filling up the DagBag from /usr/local/python/3.12.1/lib/python3.12/site-packages/airflow/example_dags/example_outlet_event_extra.py
[2026-04-21T23:10:11.328+0000] {logging_mixin.py:190} INFO - [2026-04-21T23:10:11.328+0000] {providers_manager.py:287} INFO - Optional provider feature disabled when importing 'airflow.providers.amazon.aws.assets.s3.sanitize_uri' from 'apache-airflow-providers-amazon' package
[2026-04-21T23:10:11.329+0000] {logging_mixin.py:190} INFO - [2026-04-21T23:10:11.329+0000] {providers_manager.py:287} INFO - Optional provider feature disabled when importing 'airflow.providers.amazon.aws.assets.s3.create_asset' from 'apache-airflow-providers-amazon' package
[2026-04-21T23:10:11.330+0000] {logging_mixin.py:190} INFO - [2026-04-21T23:10:11.330+0000] {providers_manager.py:287} INFO - Optional provider feature disabled when importing 'airflow.providers.amazon.aws.assets.s3.convert_asset_to_openlineage' from 'apache-airflow-providers-amazon' package
[2026-04-21T23:10:11.347+0000] {processor.py:925} INFO - DAG(s) 'dataset_with_extra_from_classic_operator', 'dataset_with_extra_by_yield', 'dataset_with_extra_by_context' retrieved from /usr/local/python/3.12.1/lib/python3.12/site-packages/airflow/example_dags/example_outlet_event_extra.py
[2026-04-21T23:10:11.594+0000] {logging_mixin.py:190} INFO - [2026-04-21T23:10:11.593+0000] {dag.py:3239} INFO - Sync 3 DAGs
[2026-04-21T23:10:11.610+0000] {logging_mixin.py:190} INFO - [2026-04-21T23:10:11.610+0000] {dag.py:4180} INFO - Setting next_dagrun for dataset_with_extra_by_context to 2026-04-20 00:00:00+00:00, run_after=2026-04-21 00:00:00+00:00
[2026-04-21T23:10:11.613+0000] {logging_mixin.py:190} INFO - [2026-04-21T23:10:11.613+0000] {dag.py:4180} INFO - Setting next_dagrun for dataset_with_extra_by_yield to 2026-04-20 00:00:00+00:00, run_after=2026-04-21 00:00:00+00:00
[2026-04-21T23:10:11.615+0000] {logging_mixin.py:190} INFO - [2026-04-21T23:10:11.615+0000] {dag.py:4180} INFO - Setting next_dagrun for dataset_with_extra_from_classic_operator to 2026-04-20 00:00:00+00:00, run_after=2026-04-21 00:00:00+00:00
[2026-04-21T23:10:11.636+0000] {processor.py:208} INFO - Processing /usr/local/python/3.12.1/lib/python3.12/site-packages/airflow/example_dags/example_outlet_event_extra.py took 0.496 seconds
[2026-04-21T23:11:42.356+0000] {processor.py:186} INFO - Started process (PID=39359) to work on /usr/local/python/3.12.1/lib/python3.12/site-packages/airflow/example_dags/example_outlet_event_extra.py
[2026-04-21T23:11:42.357+0000] {processor.py:914} INFO - Processing file /usr/local/python/3.12.1/lib/python3.12/site-packages/airflow/example_dags/example_outlet_event_extra.py for tasks to queue
[2026-04-21T23:11:42.359+0000] {logging_mixin.py:190} INFO - [2026-04-21T23:11:42.358+0000] {dagbag.py:588} INFO - Filling up the DagBag from /usr/local/python/3.12.1/lib/python3.12/site-packages/airflow/example_dags/example_outlet_event_extra.py
[2026-04-21T23:11:42.631+0000] {logging_mixin.py:190} INFO - [2026-04-21T23:11:42.630+0000] {providers_manager.py:287} INFO - Optional provider feature disabled when importing 'airflow.providers.amazon.aws.assets.s3.sanitize_uri' from 'apache-airflow-providers-amazon' package
[2026-04-21T23:11:42.631+0000] {logging_mixin.py:190} INFO - [2026-04-21T23:11:42.631+0000] {providers_manager.py:287} INFO - Optional provider feature disabled when importing 'airflow.providers.amazon.aws.assets.s3.create_asset' from 'apache-airflow-providers-amazon' package
[2026-04-21T23:11:42.632+0000] {logging_mixin.py:190} INFO - [2026-04-21T23:11:42.632+0000] {providers_manager.py:287} INFO - Optional provider feature disabled when importing 'airflow.providers.amazon.aws.assets.s3.convert_asset_to_openlineage' from 'apache-airflow-providers-amazon' package
[2026-04-21T23:11:42.640+0000] {processor.py:925} INFO - DAG(s) 'dataset_with_extra_by_context', 'dataset_with_extra_from_classic_operator', 'dataset_with_extra_by_yield' retrieved from /usr/local/python/3.12.1/lib/python3.12/site-packages/airflow/example_dags/example_outlet_event_extra.py
[2026-04-21T23:11:42.655+0000] {logging_mixin.py:190} INFO - [2026-04-21T23:11:42.654+0000] {dag.py:3239} INFO - Sync 3 DAGs
[2026-04-21T23:11:42.672+0000] {logging_mixin.py:190} INFO - [2026-04-21T23:11:42.671+0000] {dag.py:4180} INFO - Setting next_dagrun for dataset_with_extra_by_context to 2026-04-20 00:00:00+00:00, run_after=2026-04-21 00:00:00+00:00
[2026-04-21T23:11:42.675+0000] {logging_mixin.py:190} INFO - [2026-04-21T23:11:42.675+0000] {dag.py:4180} INFO - Setting next_dagrun for dataset_with_extra_by_yield to 2026-04-20 00:00:00+00:00, run_after=2026-04-21 00:00:00+00:00
[2026-04-21T23:11:42.677+0000] {logging_mixin.py:190} INFO - [2026-04-21T23:11:42.677+0000] {dag.py:4180} INFO - Setting next_dagrun for dataset_with_extra_from_classic_operator to 2026-04-20 00:00:00+00:00, run_after=2026-04-21 00:00:00+00:00
[2026-04-21T23:11:42.695+0000] {processor.py:208} INFO - Processing /usr/local/python/3.12.1/lib/python3.12/site-packages/airflow/example_dags/example_outlet_event_extra.py took 0.344 seconds
