[2026-04-21T22:27:11.526+0000] {processor.py:186} INFO - Started process (PID=4376) to work on /usr/local/python/3.12.1/lib/python3.12/site-packages/airflow/example_dags/example_trigger_controller_dag.py
[2026-04-21T22:27:11.527+0000] {processor.py:914} INFO - Processing file /usr/local/python/3.12.1/lib/python3.12/site-packages/airflow/example_dags/example_trigger_controller_dag.py for tasks to queue
[2026-04-21T22:27:11.529+0000] {logging_mixin.py:190} INFO - [2026-04-21T22:27:11.528+0000] {dagbag.py:588} INFO - Filling up the DagBag from /usr/local/python/3.12.1/lib/python3.12/site-packages/airflow/example_dags/example_trigger_controller_dag.py
[2026-04-21T22:27:11.534+0000] {processor.py:925} INFO - DAG(s) 'example_trigger_controller_dag' retrieved from /usr/local/python/3.12.1/lib/python3.12/site-packages/airflow/example_dags/example_trigger_controller_dag.py
[2026-04-21T22:27:11.548+0000] {logging_mixin.py:190} INFO - [2026-04-21T22:27:11.548+0000] {dag.py:3239} INFO - Sync 1 DAGs
[2026-04-21T22:27:11.563+0000] {logging_mixin.py:190} INFO - [2026-04-21T22:27:11.563+0000] {dag.py:4180} INFO - Setting next_dagrun for example_trigger_controller_dag to 2021-01-01 00:00:00+00:00, run_after=2021-01-01 00:00:00+00:00
[2026-04-21T22:27:11.579+0000] {processor.py:208} INFO - Processing /usr/local/python/3.12.1/lib/python3.12/site-packages/airflow/example_dags/example_trigger_controller_dag.py took 0.058 seconds
[2026-04-21T22:28:21.507+0000] {processor.py:186} INFO - Started process (PID=5717) to work on /usr/local/python/3.12.1/lib/python3.12/site-packages/airflow/example_dags/example_trigger_controller_dag.py
[2026-04-21T22:28:21.508+0000] {processor.py:914} INFO - Processing file /usr/local/python/3.12.1/lib/python3.12/site-packages/airflow/example_dags/example_trigger_controller_dag.py for tasks to queue
[2026-04-21T22:28:21.512+0000] {logging_mixin.py:190} INFO - [2026-04-21T22:28:21.511+0000] {dagbag.py:588} INFO - Filling up the DagBag from /usr/local/python/3.12.1/lib/python3.12/site-packages/airflow/example_dags/example_trigger_controller_dag.py
[2026-04-21T22:28:21.521+0000] {processor.py:925} INFO - DAG(s) 'example_trigger_controller_dag' retrieved from /usr/local/python/3.12.1/lib/python3.12/site-packages/airflow/example_dags/example_trigger_controller_dag.py
[2026-04-21T22:28:21.541+0000] {logging_mixin.py:190} INFO - [2026-04-21T22:28:21.540+0000] {dag.py:3239} INFO - Sync 1 DAGs
[2026-04-21T22:28:21.577+0000] {logging_mixin.py:190} INFO - [2026-04-21T22:28:21.576+0000] {dag.py:4180} INFO - Setting next_dagrun for example_trigger_controller_dag to 2021-01-01 00:00:00+00:00, run_after=2021-01-01 00:00:00+00:00
[2026-04-21T22:28:21.596+0000] {processor.py:208} INFO - Processing /usr/local/python/3.12.1/lib/python3.12/site-packages/airflow/example_dags/example_trigger_controller_dag.py took 0.096 seconds
[2026-04-21T22:29:44.678+0000] {processor.py:186} INFO - Started process (PID=7421) to work on /usr/local/python/3.12.1/lib/python3.12/site-packages/airflow/example_dags/example_trigger_controller_dag.py
[2026-04-21T22:29:44.679+0000] {processor.py:914} INFO - Processing file /usr/local/python/3.12.1/lib/python3.12/site-packages/airflow/example_dags/example_trigger_controller_dag.py for tasks to queue
[2026-04-21T22:29:44.681+0000] {logging_mixin.py:190} INFO - [2026-04-21T22:29:44.681+0000] {dagbag.py:588} INFO - Filling up the DagBag from /usr/local/python/3.12.1/lib/python3.12/site-packages/airflow/example_dags/example_trigger_controller_dag.py
[2026-04-21T22:29:44.687+0000] {processor.py:925} INFO - DAG(s) 'example_trigger_controller_dag' retrieved from /usr/local/python/3.12.1/lib/python3.12/site-packages/airflow/example_dags/example_trigger_controller_dag.py
[2026-04-21T22:29:44.699+0000] {logging_mixin.py:190} INFO - [2026-04-21T22:29:44.698+0000] {dag.py:3239} INFO - Sync 1 DAGs
[2026-04-21T22:29:44.713+0000] {logging_mixin.py:190} INFO - [2026-04-21T22:29:44.713+0000] {dag.py:4180} INFO - Setting next_dagrun for example_trigger_controller_dag to 2021-01-01 00:00:00+00:00, run_after=2021-01-01 00:00:00+00:00
[2026-04-21T22:29:44.730+0000] {processor.py:208} INFO - Processing /usr/local/python/3.12.1/lib/python3.12/site-packages/airflow/example_dags/example_trigger_controller_dag.py took 0.056 seconds
[2026-04-21T22:30:57.395+0000] {processor.py:186} INFO - Started process (PID=8331) to work on /usr/local/python/3.12.1/lib/python3.12/site-packages/airflow/example_dags/example_trigger_controller_dag.py
[2026-04-21T22:30:57.396+0000] {processor.py:914} INFO - Processing file /usr/local/python/3.12.1/lib/python3.12/site-packages/airflow/example_dags/example_trigger_controller_dag.py for tasks to queue
[2026-04-21T22:30:57.398+0000] {logging_mixin.py:190} INFO - [2026-04-21T22:30:57.398+0000] {dagbag.py:588} INFO - Filling up the DagBag from /usr/local/python/3.12.1/lib/python3.12/site-packages/airflow/example_dags/example_trigger_controller_dag.py
[2026-04-21T22:30:57.407+0000] {processor.py:925} INFO - DAG(s) 'example_trigger_controller_dag' retrieved from /usr/local/python/3.12.1/lib/python3.12/site-packages/airflow/example_dags/example_trigger_controller_dag.py
[2026-04-21T22:30:57.440+0000] {logging_mixin.py:190} INFO - [2026-04-21T22:30:57.440+0000] {dag.py:3239} INFO - Sync 1 DAGs
[2026-04-21T22:30:57.464+0000] {logging_mixin.py:190} INFO - [2026-04-21T22:30:57.461+0000] {dag.py:4180} INFO - Setting next_dagrun for example_trigger_controller_dag to 2021-01-01 00:00:00+00:00, run_after=2021-01-01 00:00:00+00:00
[2026-04-21T22:30:57.491+0000] {processor.py:208} INFO - Processing /usr/local/python/3.12.1/lib/python3.12/site-packages/airflow/example_dags/example_trigger_controller_dag.py took 0.102 seconds
[2026-04-21T22:32:19.971+0000] {processor.py:186} INFO - Started process (PID=9539) to work on /usr/local/python/3.12.1/lib/python3.12/site-packages/airflow/example_dags/example_trigger_controller_dag.py
[2026-04-21T22:32:19.972+0000] {processor.py:914} INFO - Processing file /usr/local/python/3.12.1/lib/python3.12/site-packages/airflow/example_dags/example_trigger_controller_dag.py for tasks to queue
[2026-04-21T22:32:19.974+0000] {logging_mixin.py:190} INFO - [2026-04-21T22:32:19.974+0000] {dagbag.py:588} INFO - Filling up the DagBag from /usr/local/python/3.12.1/lib/python3.12/site-packages/airflow/example_dags/example_trigger_controller_dag.py
[2026-04-21T22:32:19.979+0000] {processor.py:925} INFO - DAG(s) 'example_trigger_controller_dag' retrieved from /usr/local/python/3.12.1/lib/python3.12/site-packages/airflow/example_dags/example_trigger_controller_dag.py
[2026-04-21T22:32:19.991+0000] {logging_mixin.py:190} INFO - [2026-04-21T22:32:19.991+0000] {dag.py:3239} INFO - Sync 1 DAGs
[2026-04-21T22:32:20.006+0000] {logging_mixin.py:190} INFO - [2026-04-21T22:32:20.006+0000] {dag.py:4180} INFO - Setting next_dagrun for example_trigger_controller_dag to 2021-01-01 00:00:00+00:00, run_after=2021-01-01 00:00:00+00:00
[2026-04-21T22:32:20.021+0000] {processor.py:208} INFO - Processing /usr/local/python/3.12.1/lib/python3.12/site-packages/airflow/example_dags/example_trigger_controller_dag.py took 0.055 seconds
[2026-04-21T22:33:42.574+0000] {processor.py:186} INFO - Started process (PID=10582) to work on /usr/local/python/3.12.1/lib/python3.12/site-packages/airflow/example_dags/example_trigger_controller_dag.py
[2026-04-21T22:33:42.575+0000] {processor.py:914} INFO - Processing file /usr/local/python/3.12.1/lib/python3.12/site-packages/airflow/example_dags/example_trigger_controller_dag.py for tasks to queue
[2026-04-21T22:33:42.577+0000] {logging_mixin.py:190} INFO - [2026-04-21T22:33:42.577+0000] {dagbag.py:588} INFO - Filling up the DagBag from /usr/local/python/3.12.1/lib/python3.12/site-packages/airflow/example_dags/example_trigger_controller_dag.py
[2026-04-21T22:33:42.583+0000] {processor.py:925} INFO - DAG(s) 'example_trigger_controller_dag' retrieved from /usr/local/python/3.12.1/lib/python3.12/site-packages/airflow/example_dags/example_trigger_controller_dag.py
[2026-04-21T22:33:42.594+0000] {logging_mixin.py:190} INFO - [2026-04-21T22:33:42.594+0000] {dag.py:3239} INFO - Sync 1 DAGs
[2026-04-21T22:33:42.609+0000] {logging_mixin.py:190} INFO - [2026-04-21T22:33:42.609+0000] {dag.py:4180} INFO - Setting next_dagrun for example_trigger_controller_dag to 2021-01-01 00:00:00+00:00, run_after=2021-01-01 00:00:00+00:00
[2026-04-21T22:33:42.627+0000] {processor.py:208} INFO - Processing /usr/local/python/3.12.1/lib/python3.12/site-packages/airflow/example_dags/example_trigger_controller_dag.py took 0.057 seconds
[2026-04-21T22:34:55.852+0000] {processor.py:186} INFO - Started process (PID=11416) to work on /usr/local/python/3.12.1/lib/python3.12/site-packages/airflow/example_dags/example_trigger_controller_dag.py
[2026-04-21T22:34:55.853+0000] {processor.py:914} INFO - Processing file /usr/local/python/3.12.1/lib/python3.12/site-packages/airflow/example_dags/example_trigger_controller_dag.py for tasks to queue
[2026-04-21T22:34:55.855+0000] {logging_mixin.py:190} INFO - [2026-04-21T22:34:55.855+0000] {dagbag.py:588} INFO - Filling up the DagBag from /usr/local/python/3.12.1/lib/python3.12/site-packages/airflow/example_dags/example_trigger_controller_dag.py
[2026-04-21T22:34:55.861+0000] {processor.py:925} INFO - DAG(s) 'example_trigger_controller_dag' retrieved from /usr/local/python/3.12.1/lib/python3.12/site-packages/airflow/example_dags/example_trigger_controller_dag.py
[2026-04-21T22:34:55.873+0000] {logging_mixin.py:190} INFO - [2026-04-21T22:34:55.873+0000] {dag.py:3239} INFO - Sync 1 DAGs
[2026-04-21T22:34:55.887+0000] {logging_mixin.py:190} INFO - [2026-04-21T22:34:55.887+0000] {dag.py:4180} INFO - Setting next_dagrun for example_trigger_controller_dag to 2021-01-01 00:00:00+00:00, run_after=2021-01-01 00:00:00+00:00
[2026-04-21T22:34:55.905+0000] {processor.py:208} INFO - Processing /usr/local/python/3.12.1/lib/python3.12/site-packages/airflow/example_dags/example_trigger_controller_dag.py took 0.057 seconds
[2026-04-21T22:36:12.941+0000] {processor.py:186} INFO - Started process (PID=12214) to work on /usr/local/python/3.12.1/lib/python3.12/site-packages/airflow/example_dags/example_trigger_controller_dag.py
[2026-04-21T22:36:12.942+0000] {processor.py:914} INFO - Processing file /usr/local/python/3.12.1/lib/python3.12/site-packages/airflow/example_dags/example_trigger_controller_dag.py for tasks to queue
[2026-04-21T22:36:12.945+0000] {logging_mixin.py:190} INFO - [2026-04-21T22:36:12.944+0000] {dagbag.py:588} INFO - Filling up the DagBag from /usr/local/python/3.12.1/lib/python3.12/site-packages/airflow/example_dags/example_trigger_controller_dag.py
[2026-04-21T22:36:12.950+0000] {processor.py:925} INFO - DAG(s) 'example_trigger_controller_dag' retrieved from /usr/local/python/3.12.1/lib/python3.12/site-packages/airflow/example_dags/example_trigger_controller_dag.py
[2026-04-21T22:36:12.963+0000] {logging_mixin.py:190} INFO - [2026-04-21T22:36:12.963+0000] {dag.py:3239} INFO - Sync 1 DAGs
[2026-04-21T22:36:12.978+0000] {logging_mixin.py:190} INFO - [2026-04-21T22:36:12.978+0000] {dag.py:4180} INFO - Setting next_dagrun for example_trigger_controller_dag to 2021-01-01 00:00:00+00:00, run_after=2021-01-01 00:00:00+00:00
[2026-04-21T22:36:12.996+0000] {processor.py:208} INFO - Processing /usr/local/python/3.12.1/lib/python3.12/site-packages/airflow/example_dags/example_trigger_controller_dag.py took 0.059 seconds
[2026-04-21T22:37:32.361+0000] {processor.py:186} INFO - Started process (PID=13230) to work on /usr/local/python/3.12.1/lib/python3.12/site-packages/airflow/example_dags/example_trigger_controller_dag.py
[2026-04-21T22:37:32.361+0000] {processor.py:914} INFO - Processing file /usr/local/python/3.12.1/lib/python3.12/site-packages/airflow/example_dags/example_trigger_controller_dag.py for tasks to queue
[2026-04-21T22:37:32.364+0000] {logging_mixin.py:190} INFO - [2026-04-21T22:37:32.363+0000] {dagbag.py:588} INFO - Filling up the DagBag from /usr/local/python/3.12.1/lib/python3.12/site-packages/airflow/example_dags/example_trigger_controller_dag.py
[2026-04-21T22:37:32.369+0000] {processor.py:925} INFO - DAG(s) 'example_trigger_controller_dag' retrieved from /usr/local/python/3.12.1/lib/python3.12/site-packages/airflow/example_dags/example_trigger_controller_dag.py
[2026-04-21T22:37:32.382+0000] {logging_mixin.py:190} INFO - [2026-04-21T22:37:32.381+0000] {dag.py:3239} INFO - Sync 1 DAGs
[2026-04-21T22:37:32.396+0000] {logging_mixin.py:190} INFO - [2026-04-21T22:37:32.396+0000] {dag.py:4180} INFO - Setting next_dagrun for example_trigger_controller_dag to 2021-01-01 00:00:00+00:00, run_after=2021-01-01 00:00:00+00:00
[2026-04-21T22:37:32.412+0000] {processor.py:208} INFO - Processing /usr/local/python/3.12.1/lib/python3.12/site-packages/airflow/example_dags/example_trigger_controller_dag.py took 0.056 seconds
[2026-04-21T22:38:53.438+0000] {processor.py:186} INFO - Started process (PID=14304) to work on /usr/local/python/3.12.1/lib/python3.12/site-packages/airflow/example_dags/example_trigger_controller_dag.py
[2026-04-21T22:38:53.439+0000] {processor.py:914} INFO - Processing file /usr/local/python/3.12.1/lib/python3.12/site-packages/airflow/example_dags/example_trigger_controller_dag.py for tasks to queue
[2026-04-21T22:38:53.441+0000] {logging_mixin.py:190} INFO - [2026-04-21T22:38:53.441+0000] {dagbag.py:588} INFO - Filling up the DagBag from /usr/local/python/3.12.1/lib/python3.12/site-packages/airflow/example_dags/example_trigger_controller_dag.py
[2026-04-21T22:38:53.447+0000] {processor.py:925} INFO - DAG(s) 'example_trigger_controller_dag' retrieved from /usr/local/python/3.12.1/lib/python3.12/site-packages/airflow/example_dags/example_trigger_controller_dag.py
[2026-04-21T22:38:53.459+0000] {logging_mixin.py:190} INFO - [2026-04-21T22:38:53.459+0000] {dag.py:3239} INFO - Sync 1 DAGs
[2026-04-21T22:38:53.474+0000] {logging_mixin.py:190} INFO - [2026-04-21T22:38:53.474+0000] {dag.py:4180} INFO - Setting next_dagrun for example_trigger_controller_dag to 2021-01-01 00:00:00+00:00, run_after=2021-01-01 00:00:00+00:00
[2026-04-21T22:38:53.490+0000] {processor.py:208} INFO - Processing /usr/local/python/3.12.1/lib/python3.12/site-packages/airflow/example_dags/example_trigger_controller_dag.py took 0.056 seconds
[2026-04-21T22:40:06.946+0000] {processor.py:186} INFO - Started process (PID=14989) to work on /usr/local/python/3.12.1/lib/python3.12/site-packages/airflow/example_dags/example_trigger_controller_dag.py
[2026-04-21T22:40:06.947+0000] {processor.py:914} INFO - Processing file /usr/local/python/3.12.1/lib/python3.12/site-packages/airflow/example_dags/example_trigger_controller_dag.py for tasks to queue
[2026-04-21T22:40:06.949+0000] {logging_mixin.py:190} INFO - [2026-04-21T22:40:06.948+0000] {dagbag.py:588} INFO - Filling up the DagBag from /usr/local/python/3.12.1/lib/python3.12/site-packages/airflow/example_dags/example_trigger_controller_dag.py
[2026-04-21T22:40:06.954+0000] {processor.py:925} INFO - DAG(s) 'example_trigger_controller_dag' retrieved from /usr/local/python/3.12.1/lib/python3.12/site-packages/airflow/example_dags/example_trigger_controller_dag.py
[2026-04-21T22:40:06.966+0000] {logging_mixin.py:190} INFO - [2026-04-21T22:40:06.966+0000] {dag.py:3239} INFO - Sync 1 DAGs
[2026-04-21T22:40:06.981+0000] {logging_mixin.py:190} INFO - [2026-04-21T22:40:06.980+0000] {dag.py:4180} INFO - Setting next_dagrun for example_trigger_controller_dag to 2021-01-01 00:00:00+00:00, run_after=2021-01-01 00:00:00+00:00
[2026-04-21T22:40:06.996+0000] {processor.py:208} INFO - Processing /usr/local/python/3.12.1/lib/python3.12/site-packages/airflow/example_dags/example_trigger_controller_dag.py took 0.055 seconds
[2026-04-21T22:41:29.817+0000] {processor.py:186} INFO - Started process (PID=15883) to work on /usr/local/python/3.12.1/lib/python3.12/site-packages/airflow/example_dags/example_trigger_controller_dag.py
[2026-04-21T22:41:29.818+0000] {processor.py:914} INFO - Processing file /usr/local/python/3.12.1/lib/python3.12/site-packages/airflow/example_dags/example_trigger_controller_dag.py for tasks to queue
[2026-04-21T22:41:29.821+0000] {logging_mixin.py:190} INFO - [2026-04-21T22:41:29.820+0000] {dagbag.py:588} INFO - Filling up the DagBag from /usr/local/python/3.12.1/lib/python3.12/site-packages/airflow/example_dags/example_trigger_controller_dag.py
[2026-04-21T22:41:29.828+0000] {processor.py:925} INFO - DAG(s) 'example_trigger_controller_dag' retrieved from /usr/local/python/3.12.1/lib/python3.12/site-packages/airflow/example_dags/example_trigger_controller_dag.py
[2026-04-21T22:41:29.846+0000] {logging_mixin.py:190} INFO - [2026-04-21T22:41:29.846+0000] {dag.py:3239} INFO - Sync 1 DAGs
[2026-04-21T22:41:29.864+0000] {logging_mixin.py:190} INFO - [2026-04-21T22:41:29.864+0000] {dag.py:4180} INFO - Setting next_dagrun for example_trigger_controller_dag to 2021-01-01 00:00:00+00:00, run_after=2021-01-01 00:00:00+00:00
[2026-04-21T22:41:29.881+0000] {processor.py:208} INFO - Processing /usr/local/python/3.12.1/lib/python3.12/site-packages/airflow/example_dags/example_trigger_controller_dag.py took 0.071 seconds
[2026-04-21T22:42:46.720+0000] {processor.py:186} INFO - Started process (PID=16834) to work on /usr/local/python/3.12.1/lib/python3.12/site-packages/airflow/example_dags/example_trigger_controller_dag.py
[2026-04-21T22:42:46.720+0000] {processor.py:914} INFO - Processing file /usr/local/python/3.12.1/lib/python3.12/site-packages/airflow/example_dags/example_trigger_controller_dag.py for tasks to queue
[2026-04-21T22:42:46.723+0000] {logging_mixin.py:190} INFO - [2026-04-21T22:42:46.722+0000] {dagbag.py:588} INFO - Filling up the DagBag from /usr/local/python/3.12.1/lib/python3.12/site-packages/airflow/example_dags/example_trigger_controller_dag.py
[2026-04-21T22:42:46.728+0000] {processor.py:925} INFO - DAG(s) 'example_trigger_controller_dag' retrieved from /usr/local/python/3.12.1/lib/python3.12/site-packages/airflow/example_dags/example_trigger_controller_dag.py
[2026-04-21T22:42:46.740+0000] {logging_mixin.py:190} INFO - [2026-04-21T22:42:46.740+0000] {dag.py:3239} INFO - Sync 1 DAGs
[2026-04-21T22:42:46.755+0000] {logging_mixin.py:190} INFO - [2026-04-21T22:42:46.754+0000] {dag.py:4180} INFO - Setting next_dagrun for example_trigger_controller_dag to 2021-01-01 00:00:00+00:00, run_after=2021-01-01 00:00:00+00:00
[2026-04-21T22:42:46.770+0000] {processor.py:208} INFO - Processing /usr/local/python/3.12.1/lib/python3.12/site-packages/airflow/example_dags/example_trigger_controller_dag.py took 0.055 seconds
[2026-04-21T22:44:07.717+0000] {processor.py:186} INFO - Started process (PID=17719) to work on /usr/local/python/3.12.1/lib/python3.12/site-packages/airflow/example_dags/example_trigger_controller_dag.py
[2026-04-21T22:44:07.718+0000] {processor.py:914} INFO - Processing file /usr/local/python/3.12.1/lib/python3.12/site-packages/airflow/example_dags/example_trigger_controller_dag.py for tasks to queue
[2026-04-21T22:44:07.720+0000] {logging_mixin.py:190} INFO - [2026-04-21T22:44:07.720+0000] {dagbag.py:588} INFO - Filling up the DagBag from /usr/local/python/3.12.1/lib/python3.12/site-packages/airflow/example_dags/example_trigger_controller_dag.py
[2026-04-21T22:44:07.726+0000] {processor.py:925} INFO - DAG(s) 'example_trigger_controller_dag' retrieved from /usr/local/python/3.12.1/lib/python3.12/site-packages/airflow/example_dags/example_trigger_controller_dag.py
[2026-04-21T22:44:07.739+0000] {logging_mixin.py:190} INFO - [2026-04-21T22:44:07.738+0000] {dag.py:3239} INFO - Sync 1 DAGs
[2026-04-21T22:44:07.754+0000] {logging_mixin.py:190} INFO - [2026-04-21T22:44:07.754+0000] {dag.py:4180} INFO - Setting next_dagrun for example_trigger_controller_dag to 2021-01-01 00:00:00+00:00, run_after=2021-01-01 00:00:00+00:00
[2026-04-21T22:44:07.770+0000] {processor.py:208} INFO - Processing /usr/local/python/3.12.1/lib/python3.12/site-packages/airflow/example_dags/example_trigger_controller_dag.py took 0.058 seconds
[2026-04-21T22:45:25.108+0000] {processor.py:186} INFO - Started process (PID=18715) to work on /usr/local/python/3.12.1/lib/python3.12/site-packages/airflow/example_dags/example_trigger_controller_dag.py
[2026-04-21T22:45:25.108+0000] {processor.py:914} INFO - Processing file /usr/local/python/3.12.1/lib/python3.12/site-packages/airflow/example_dags/example_trigger_controller_dag.py for tasks to queue
[2026-04-21T22:45:25.111+0000] {logging_mixin.py:190} INFO - [2026-04-21T22:45:25.110+0000] {dagbag.py:588} INFO - Filling up the DagBag from /usr/local/python/3.12.1/lib/python3.12/site-packages/airflow/example_dags/example_trigger_controller_dag.py
[2026-04-21T22:45:25.116+0000] {processor.py:925} INFO - DAG(s) 'example_trigger_controller_dag' retrieved from /usr/local/python/3.12.1/lib/python3.12/site-packages/airflow/example_dags/example_trigger_controller_dag.py
[2026-04-21T22:45:25.128+0000] {logging_mixin.py:190} INFO - [2026-04-21T22:45:25.128+0000] {dag.py:3239} INFO - Sync 1 DAGs
[2026-04-21T22:45:25.143+0000] {logging_mixin.py:190} INFO - [2026-04-21T22:45:25.143+0000] {dag.py:4180} INFO - Setting next_dagrun for example_trigger_controller_dag to 2021-01-01 00:00:00+00:00, run_after=2021-01-01 00:00:00+00:00
[2026-04-21T22:45:25.159+0000] {processor.py:208} INFO - Processing /usr/local/python/3.12.1/lib/python3.12/site-packages/airflow/example_dags/example_trigger_controller_dag.py took 0.056 seconds
[2026-04-21T22:46:45.972+0000] {processor.py:186} INFO - Started process (PID=19592) to work on /usr/local/python/3.12.1/lib/python3.12/site-packages/airflow/example_dags/example_trigger_controller_dag.py
[2026-04-21T22:46:45.973+0000] {processor.py:914} INFO - Processing file /usr/local/python/3.12.1/lib/python3.12/site-packages/airflow/example_dags/example_trigger_controller_dag.py for tasks to queue
[2026-04-21T22:46:45.974+0000] {logging_mixin.py:190} INFO - [2026-04-21T22:46:45.974+0000] {dagbag.py:588} INFO - Filling up the DagBag from /usr/local/python/3.12.1/lib/python3.12/site-packages/airflow/example_dags/example_trigger_controller_dag.py
[2026-04-21T22:46:45.980+0000] {processor.py:925} INFO - DAG(s) 'example_trigger_controller_dag' retrieved from /usr/local/python/3.12.1/lib/python3.12/site-packages/airflow/example_dags/example_trigger_controller_dag.py
[2026-04-21T22:46:45.992+0000] {logging_mixin.py:190} INFO - [2026-04-21T22:46:45.992+0000] {dag.py:3239} INFO - Sync 1 DAGs
[2026-04-21T22:46:46.007+0000] {logging_mixin.py:190} INFO - [2026-04-21T22:46:46.007+0000] {dag.py:4180} INFO - Setting next_dagrun for example_trigger_controller_dag to 2021-01-01 00:00:00+00:00, run_after=2021-01-01 00:00:00+00:00
[2026-04-21T22:46:46.023+0000] {processor.py:208} INFO - Processing /usr/local/python/3.12.1/lib/python3.12/site-packages/airflow/example_dags/example_trigger_controller_dag.py took 0.056 seconds
[2026-04-21T22:48:04.721+0000] {processor.py:186} INFO - Started process (PID=20518) to work on /usr/local/python/3.12.1/lib/python3.12/site-packages/airflow/example_dags/example_trigger_controller_dag.py
[2026-04-21T22:48:04.722+0000] {processor.py:914} INFO - Processing file /usr/local/python/3.12.1/lib/python3.12/site-packages/airflow/example_dags/example_trigger_controller_dag.py for tasks to queue
[2026-04-21T22:48:04.727+0000] {logging_mixin.py:190} INFO - [2026-04-21T22:48:04.726+0000] {dagbag.py:588} INFO - Filling up the DagBag from /usr/local/python/3.12.1/lib/python3.12/site-packages/airflow/example_dags/example_trigger_controller_dag.py
[2026-04-21T22:48:04.735+0000] {processor.py:925} INFO - DAG(s) 'example_trigger_controller_dag' retrieved from /usr/local/python/3.12.1/lib/python3.12/site-packages/airflow/example_dags/example_trigger_controller_dag.py
[2026-04-21T22:48:04.754+0000] {logging_mixin.py:190} INFO - [2026-04-21T22:48:04.754+0000] {dag.py:3239} INFO - Sync 1 DAGs
[2026-04-21T22:48:04.778+0000] {logging_mixin.py:190} INFO - [2026-04-21T22:48:04.778+0000] {dag.py:4180} INFO - Setting next_dagrun for example_trigger_controller_dag to 2021-01-01 00:00:00+00:00, run_after=2021-01-01 00:00:00+00:00
[2026-04-21T22:48:04.807+0000] {processor.py:208} INFO - Processing /usr/local/python/3.12.1/lib/python3.12/site-packages/airflow/example_dags/example_trigger_controller_dag.py took 0.094 seconds
[2026-04-21T22:49:26.827+0000] {processor.py:186} INFO - Started process (PID=21581) to work on /usr/local/python/3.12.1/lib/python3.12/site-packages/airflow/example_dags/example_trigger_controller_dag.py
[2026-04-21T22:49:26.828+0000] {processor.py:914} INFO - Processing file /usr/local/python/3.12.1/lib/python3.12/site-packages/airflow/example_dags/example_trigger_controller_dag.py for tasks to queue
[2026-04-21T22:49:26.830+0000] {logging_mixin.py:190} INFO - [2026-04-21T22:49:26.830+0000] {dagbag.py:588} INFO - Filling up the DagBag from /usr/local/python/3.12.1/lib/python3.12/site-packages/airflow/example_dags/example_trigger_controller_dag.py
[2026-04-21T22:49:26.836+0000] {processor.py:925} INFO - DAG(s) 'example_trigger_controller_dag' retrieved from /usr/local/python/3.12.1/lib/python3.12/site-packages/airflow/example_dags/example_trigger_controller_dag.py
[2026-04-21T22:49:26.850+0000] {logging_mixin.py:190} INFO - [2026-04-21T22:49:26.850+0000] {dag.py:3239} INFO - Sync 1 DAGs
[2026-04-21T22:49:26.874+0000] {logging_mixin.py:190} INFO - [2026-04-21T22:49:26.874+0000] {dag.py:4180} INFO - Setting next_dagrun for example_trigger_controller_dag to 2021-01-01 00:00:00+00:00, run_after=2021-01-01 00:00:00+00:00
[2026-04-21T22:49:26.897+0000] {processor.py:208} INFO - Processing /usr/local/python/3.12.1/lib/python3.12/site-packages/airflow/example_dags/example_trigger_controller_dag.py took 0.074 seconds
[2026-04-21T22:50:42.210+0000] {processor.py:186} INFO - Started process (PID=22531) to work on /usr/local/python/3.12.1/lib/python3.12/site-packages/airflow/example_dags/example_trigger_controller_dag.py
[2026-04-21T22:50:42.211+0000] {processor.py:914} INFO - Processing file /usr/local/python/3.12.1/lib/python3.12/site-packages/airflow/example_dags/example_trigger_controller_dag.py for tasks to queue
[2026-04-21T22:50:42.213+0000] {logging_mixin.py:190} INFO - [2026-04-21T22:50:42.213+0000] {dagbag.py:588} INFO - Filling up the DagBag from /usr/local/python/3.12.1/lib/python3.12/site-packages/airflow/example_dags/example_trigger_controller_dag.py
[2026-04-21T22:50:42.219+0000] {processor.py:925} INFO - DAG(s) 'example_trigger_controller_dag' retrieved from /usr/local/python/3.12.1/lib/python3.12/site-packages/airflow/example_dags/example_trigger_controller_dag.py
[2026-04-21T22:50:42.231+0000] {logging_mixin.py:190} INFO - [2026-04-21T22:50:42.231+0000] {dag.py:3239} INFO - Sync 1 DAGs
[2026-04-21T22:50:42.246+0000] {logging_mixin.py:190} INFO - [2026-04-21T22:50:42.246+0000] {dag.py:4180} INFO - Setting next_dagrun for example_trigger_controller_dag to 2021-01-01 00:00:00+00:00, run_after=2021-01-01 00:00:00+00:00
[2026-04-21T22:50:42.261+0000] {processor.py:208} INFO - Processing /usr/local/python/3.12.1/lib/python3.12/site-packages/airflow/example_dags/example_trigger_controller_dag.py took 0.055 seconds
[2026-04-21T22:51:59.211+0000] {processor.py:186} INFO - Started process (PID=23635) to work on /usr/local/python/3.12.1/lib/python3.12/site-packages/airflow/example_dags/example_trigger_controller_dag.py
[2026-04-21T22:51:59.212+0000] {processor.py:914} INFO - Processing file /usr/local/python/3.12.1/lib/python3.12/site-packages/airflow/example_dags/example_trigger_controller_dag.py for tasks to queue
[2026-04-21T22:51:59.214+0000] {logging_mixin.py:190} INFO - [2026-04-21T22:51:59.213+0000] {dagbag.py:588} INFO - Filling up the DagBag from /usr/local/python/3.12.1/lib/python3.12/site-packages/airflow/example_dags/example_trigger_controller_dag.py
[2026-04-21T22:51:59.219+0000] {processor.py:925} INFO - DAG(s) 'example_trigger_controller_dag' retrieved from /usr/local/python/3.12.1/lib/python3.12/site-packages/airflow/example_dags/example_trigger_controller_dag.py
[2026-04-21T22:51:59.231+0000] {logging_mixin.py:190} INFO - [2026-04-21T22:51:59.231+0000] {dag.py:3239} INFO - Sync 1 DAGs
[2026-04-21T22:51:59.246+0000] {logging_mixin.py:190} INFO - [2026-04-21T22:51:59.246+0000] {dag.py:4180} INFO - Setting next_dagrun for example_trigger_controller_dag to 2021-01-01 00:00:00+00:00, run_after=2021-01-01 00:00:00+00:00
[2026-04-21T22:51:59.262+0000] {processor.py:208} INFO - Processing /usr/local/python/3.12.1/lib/python3.12/site-packages/airflow/example_dags/example_trigger_controller_dag.py took 0.056 seconds
[2026-04-21T22:53:18.614+0000] {processor.py:186} INFO - Started process (PID=24705) to work on /usr/local/python/3.12.1/lib/python3.12/site-packages/airflow/example_dags/example_trigger_controller_dag.py
[2026-04-21T22:53:18.615+0000] {processor.py:914} INFO - Processing file /usr/local/python/3.12.1/lib/python3.12/site-packages/airflow/example_dags/example_trigger_controller_dag.py for tasks to queue
[2026-04-21T22:53:18.617+0000] {logging_mixin.py:190} INFO - [2026-04-21T22:53:18.617+0000] {dagbag.py:588} INFO - Filling up the DagBag from /usr/local/python/3.12.1/lib/python3.12/site-packages/airflow/example_dags/example_trigger_controller_dag.py
[2026-04-21T22:53:18.623+0000] {processor.py:925} INFO - DAG(s) 'example_trigger_controller_dag' retrieved from /usr/local/python/3.12.1/lib/python3.12/site-packages/airflow/example_dags/example_trigger_controller_dag.py
[2026-04-21T22:53:18.635+0000] {logging_mixin.py:190} INFO - [2026-04-21T22:53:18.635+0000] {dag.py:3239} INFO - Sync 1 DAGs
[2026-04-21T22:53:18.650+0000] {logging_mixin.py:190} INFO - [2026-04-21T22:53:18.650+0000] {dag.py:4180} INFO - Setting next_dagrun for example_trigger_controller_dag to 2021-01-01 00:00:00+00:00, run_after=2021-01-01 00:00:00+00:00
[2026-04-21T22:53:18.665+0000] {processor.py:208} INFO - Processing /usr/local/python/3.12.1/lib/python3.12/site-packages/airflow/example_dags/example_trigger_controller_dag.py took 0.055 seconds
[2026-04-21T22:54:41.139+0000] {processor.py:186} INFO - Started process (PID=25806) to work on /usr/local/python/3.12.1/lib/python3.12/site-packages/airflow/example_dags/example_trigger_controller_dag.py
[2026-04-21T22:54:41.140+0000] {processor.py:914} INFO - Processing file /usr/local/python/3.12.1/lib/python3.12/site-packages/airflow/example_dags/example_trigger_controller_dag.py for tasks to queue
[2026-04-21T22:54:41.143+0000] {logging_mixin.py:190} INFO - [2026-04-21T22:54:41.142+0000] {dagbag.py:588} INFO - Filling up the DagBag from /usr/local/python/3.12.1/lib/python3.12/site-packages/airflow/example_dags/example_trigger_controller_dag.py
[2026-04-21T22:54:41.151+0000] {processor.py:925} INFO - DAG(s) 'example_trigger_controller_dag' retrieved from /usr/local/python/3.12.1/lib/python3.12/site-packages/airflow/example_dags/example_trigger_controller_dag.py
[2026-04-21T22:54:41.167+0000] {logging_mixin.py:190} INFO - [2026-04-21T22:54:41.167+0000] {dag.py:3239} INFO - Sync 1 DAGs
[2026-04-21T22:54:41.188+0000] {logging_mixin.py:190} INFO - [2026-04-21T22:54:41.188+0000] {dag.py:4180} INFO - Setting next_dagrun for example_trigger_controller_dag to 2021-01-01 00:00:00+00:00, run_after=2021-01-01 00:00:00+00:00
[2026-04-21T22:54:41.224+0000] {processor.py:208} INFO - Processing /usr/local/python/3.12.1/lib/python3.12/site-packages/airflow/example_dags/example_trigger_controller_dag.py took 0.091 seconds
[2026-04-21T22:55:58.268+0000] {processor.py:186} INFO - Started process (PID=26878) to work on /usr/local/python/3.12.1/lib/python3.12/site-packages/airflow/example_dags/example_trigger_controller_dag.py
[2026-04-21T22:55:58.269+0000] {processor.py:914} INFO - Processing file /usr/local/python/3.12.1/lib/python3.12/site-packages/airflow/example_dags/example_trigger_controller_dag.py for tasks to queue
[2026-04-21T22:55:58.271+0000] {logging_mixin.py:190} INFO - [2026-04-21T22:55:58.270+0000] {dagbag.py:588} INFO - Filling up the DagBag from /usr/local/python/3.12.1/lib/python3.12/site-packages/airflow/example_dags/example_trigger_controller_dag.py
[2026-04-21T22:55:58.276+0000] {processor.py:925} INFO - DAG(s) 'example_trigger_controller_dag' retrieved from /usr/local/python/3.12.1/lib/python3.12/site-packages/airflow/example_dags/example_trigger_controller_dag.py
[2026-04-21T22:55:58.288+0000] {logging_mixin.py:190} INFO - [2026-04-21T22:55:58.288+0000] {dag.py:3239} INFO - Sync 1 DAGs
[2026-04-21T22:55:58.303+0000] {logging_mixin.py:190} INFO - [2026-04-21T22:55:58.302+0000] {dag.py:4180} INFO - Setting next_dagrun for example_trigger_controller_dag to 2021-01-01 00:00:00+00:00, run_after=2021-01-01 00:00:00+00:00
[2026-04-21T22:55:58.321+0000] {processor.py:208} INFO - Processing /usr/local/python/3.12.1/lib/python3.12/site-packages/airflow/example_dags/example_trigger_controller_dag.py took 0.057 seconds
[2026-04-21T22:57:17.933+0000] {processor.py:186} INFO - Started process (PID=28016) to work on /usr/local/python/3.12.1/lib/python3.12/site-packages/airflow/example_dags/example_trigger_controller_dag.py
[2026-04-21T22:57:17.933+0000] {processor.py:914} INFO - Processing file /usr/local/python/3.12.1/lib/python3.12/site-packages/airflow/example_dags/example_trigger_controller_dag.py for tasks to queue
[2026-04-21T22:57:17.936+0000] {logging_mixin.py:190} INFO - [2026-04-21T22:57:17.935+0000] {dagbag.py:588} INFO - Filling up the DagBag from /usr/local/python/3.12.1/lib/python3.12/site-packages/airflow/example_dags/example_trigger_controller_dag.py
[2026-04-21T22:57:17.941+0000] {processor.py:925} INFO - DAG(s) 'example_trigger_controller_dag' retrieved from /usr/local/python/3.12.1/lib/python3.12/site-packages/airflow/example_dags/example_trigger_controller_dag.py
[2026-04-21T22:57:17.953+0000] {logging_mixin.py:190} INFO - [2026-04-21T22:57:17.953+0000] {dag.py:3239} INFO - Sync 1 DAGs
[2026-04-21T22:57:17.968+0000] {logging_mixin.py:190} INFO - [2026-04-21T22:57:17.968+0000] {dag.py:4180} INFO - Setting next_dagrun for example_trigger_controller_dag to 2021-01-01 00:00:00+00:00, run_after=2021-01-01 00:00:00+00:00
[2026-04-21T22:57:17.983+0000] {processor.py:208} INFO - Processing /usr/local/python/3.12.1/lib/python3.12/site-packages/airflow/example_dags/example_trigger_controller_dag.py took 0.055 seconds
[2026-04-21T22:58:37.182+0000] {processor.py:186} INFO - Started process (PID=28820) to work on /usr/local/python/3.12.1/lib/python3.12/site-packages/airflow/example_dags/example_trigger_controller_dag.py
[2026-04-21T22:58:37.183+0000] {processor.py:914} INFO - Processing file /usr/local/python/3.12.1/lib/python3.12/site-packages/airflow/example_dags/example_trigger_controller_dag.py for tasks to queue
[2026-04-21T22:58:37.185+0000] {logging_mixin.py:190} INFO - [2026-04-21T22:58:37.184+0000] {dagbag.py:588} INFO - Filling up the DagBag from /usr/local/python/3.12.1/lib/python3.12/site-packages/airflow/example_dags/example_trigger_controller_dag.py
[2026-04-21T22:58:37.191+0000] {processor.py:925} INFO - DAG(s) 'example_trigger_controller_dag' retrieved from /usr/local/python/3.12.1/lib/python3.12/site-packages/airflow/example_dags/example_trigger_controller_dag.py
[2026-04-21T22:58:37.204+0000] {logging_mixin.py:190} INFO - [2026-04-21T22:58:37.204+0000] {dag.py:3239} INFO - Sync 1 DAGs
[2026-04-21T22:58:37.222+0000] {logging_mixin.py:190} INFO - [2026-04-21T22:58:37.222+0000] {dag.py:4180} INFO - Setting next_dagrun for example_trigger_controller_dag to 2021-01-01 00:00:00+00:00, run_after=2021-01-01 00:00:00+00:00
[2026-04-21T22:58:37.238+0000] {processor.py:208} INFO - Processing /usr/local/python/3.12.1/lib/python3.12/site-packages/airflow/example_dags/example_trigger_controller_dag.py took 0.061 seconds
[2026-04-21T22:59:55.338+0000] {processor.py:186} INFO - Started process (PID=29689) to work on /usr/local/python/3.12.1/lib/python3.12/site-packages/airflow/example_dags/example_trigger_controller_dag.py
[2026-04-21T22:59:55.339+0000] {processor.py:914} INFO - Processing file /usr/local/python/3.12.1/lib/python3.12/site-packages/airflow/example_dags/example_trigger_controller_dag.py for tasks to queue
[2026-04-21T22:59:55.341+0000] {logging_mixin.py:190} INFO - [2026-04-21T22:59:55.340+0000] {dagbag.py:588} INFO - Filling up the DagBag from /usr/local/python/3.12.1/lib/python3.12/site-packages/airflow/example_dags/example_trigger_controller_dag.py
[2026-04-21T22:59:55.349+0000] {processor.py:925} INFO - DAG(s) 'example_trigger_controller_dag' retrieved from /usr/local/python/3.12.1/lib/python3.12/site-packages/airflow/example_dags/example_trigger_controller_dag.py
[2026-04-21T22:59:55.370+0000] {logging_mixin.py:190} INFO - [2026-04-21T22:59:55.370+0000] {dag.py:3239} INFO - Sync 1 DAGs
[2026-04-21T22:59:55.402+0000] {logging_mixin.py:190} INFO - [2026-04-21T22:59:55.401+0000] {dag.py:4180} INFO - Setting next_dagrun for example_trigger_controller_dag to 2021-01-01 00:00:00+00:00, run_after=2021-01-01 00:00:00+00:00
[2026-04-21T22:59:55.446+0000] {processor.py:208} INFO - Processing /usr/local/python/3.12.1/lib/python3.12/site-packages/airflow/example_dags/example_trigger_controller_dag.py took 0.118 seconds
[2026-04-21T23:01:29.534+0000] {processor.py:186} INFO - Started process (PID=30991) to work on /usr/local/python/3.12.1/lib/python3.12/site-packages/airflow/example_dags/example_trigger_controller_dag.py
[2026-04-21T23:01:29.535+0000] {processor.py:914} INFO - Processing file /usr/local/python/3.12.1/lib/python3.12/site-packages/airflow/example_dags/example_trigger_controller_dag.py for tasks to queue
[2026-04-21T23:01:29.537+0000] {logging_mixin.py:190} INFO - [2026-04-21T23:01:29.536+0000] {dagbag.py:588} INFO - Filling up the DagBag from /usr/local/python/3.12.1/lib/python3.12/site-packages/airflow/example_dags/example_trigger_controller_dag.py
[2026-04-21T23:01:29.543+0000] {processor.py:925} INFO - DAG(s) 'example_trigger_controller_dag' retrieved from /usr/local/python/3.12.1/lib/python3.12/site-packages/airflow/example_dags/example_trigger_controller_dag.py
[2026-04-21T23:01:29.555+0000] {logging_mixin.py:190} INFO - [2026-04-21T23:01:29.555+0000] {dag.py:3239} INFO - Sync 1 DAGs
[2026-04-21T23:01:29.570+0000] {logging_mixin.py:190} INFO - [2026-04-21T23:01:29.569+0000] {dag.py:4180} INFO - Setting next_dagrun for example_trigger_controller_dag to 2021-01-01 00:00:00+00:00, run_after=2021-01-01 00:00:00+00:00
[2026-04-21T23:01:29.594+0000] {processor.py:208} INFO - Processing /usr/local/python/3.12.1/lib/python3.12/site-packages/airflow/example_dags/example_trigger_controller_dag.py took 0.065 seconds
[2026-04-21T23:02:47.906+0000] {processor.py:186} INFO - Started process (PID=31962) to work on /usr/local/python/3.12.1/lib/python3.12/site-packages/airflow/example_dags/example_trigger_controller_dag.py
[2026-04-21T23:02:47.906+0000] {processor.py:914} INFO - Processing file /usr/local/python/3.12.1/lib/python3.12/site-packages/airflow/example_dags/example_trigger_controller_dag.py for tasks to queue
[2026-04-21T23:02:47.908+0000] {logging_mixin.py:190} INFO - [2026-04-21T23:02:47.908+0000] {dagbag.py:588} INFO - Filling up the DagBag from /usr/local/python/3.12.1/lib/python3.12/site-packages/airflow/example_dags/example_trigger_controller_dag.py
[2026-04-21T23:02:47.914+0000] {processor.py:925} INFO - DAG(s) 'example_trigger_controller_dag' retrieved from /usr/local/python/3.12.1/lib/python3.12/site-packages/airflow/example_dags/example_trigger_controller_dag.py
[2026-04-21T23:02:47.926+0000] {logging_mixin.py:190} INFO - [2026-04-21T23:02:47.926+0000] {dag.py:3239} INFO - Sync 1 DAGs
[2026-04-21T23:02:47.940+0000] {logging_mixin.py:190} INFO - [2026-04-21T23:02:47.940+0000] {dag.py:4180} INFO - Setting next_dagrun for example_trigger_controller_dag to 2021-01-01 00:00:00+00:00, run_after=2021-01-01 00:00:00+00:00
[2026-04-21T23:02:47.956+0000] {processor.py:208} INFO - Processing /usr/local/python/3.12.1/lib/python3.12/site-packages/airflow/example_dags/example_trigger_controller_dag.py took 0.055 seconds
[2026-04-21T23:04:15.313+0000] {processor.py:186} INFO - Started process (PID=33231) to work on /usr/local/python/3.12.1/lib/python3.12/site-packages/airflow/example_dags/example_trigger_controller_dag.py
[2026-04-21T23:04:15.314+0000] {processor.py:914} INFO - Processing file /usr/local/python/3.12.1/lib/python3.12/site-packages/airflow/example_dags/example_trigger_controller_dag.py for tasks to queue
[2026-04-21T23:04:15.316+0000] {logging_mixin.py:190} INFO - [2026-04-21T23:04:15.315+0000] {dagbag.py:588} INFO - Filling up the DagBag from /usr/local/python/3.12.1/lib/python3.12/site-packages/airflow/example_dags/example_trigger_controller_dag.py
[2026-04-21T23:04:15.322+0000] {processor.py:925} INFO - DAG(s) 'example_trigger_controller_dag' retrieved from /usr/local/python/3.12.1/lib/python3.12/site-packages/airflow/example_dags/example_trigger_controller_dag.py
[2026-04-21T23:04:15.333+0000] {logging_mixin.py:190} INFO - [2026-04-21T23:04:15.333+0000] {dag.py:3239} INFO - Sync 1 DAGs
[2026-04-21T23:04:15.348+0000] {logging_mixin.py:190} INFO - [2026-04-21T23:04:15.348+0000] {dag.py:4180} INFO - Setting next_dagrun for example_trigger_controller_dag to 2021-01-01 00:00:00+00:00, run_after=2021-01-01 00:00:00+00:00
[2026-04-21T23:04:15.365+0000] {processor.py:208} INFO - Processing /usr/local/python/3.12.1/lib/python3.12/site-packages/airflow/example_dags/example_trigger_controller_dag.py took 0.056 seconds
[2026-04-21T23:05:36.879+0000] {processor.py:186} INFO - Started process (PID=34308) to work on /usr/local/python/3.12.1/lib/python3.12/site-packages/airflow/example_dags/example_trigger_controller_dag.py
[2026-04-21T23:05:36.880+0000] {processor.py:914} INFO - Processing file /usr/local/python/3.12.1/lib/python3.12/site-packages/airflow/example_dags/example_trigger_controller_dag.py for tasks to queue
[2026-04-21T23:05:36.882+0000] {logging_mixin.py:190} INFO - [2026-04-21T23:05:36.882+0000] {dagbag.py:588} INFO - Filling up the DagBag from /usr/local/python/3.12.1/lib/python3.12/site-packages/airflow/example_dags/example_trigger_controller_dag.py
[2026-04-21T23:05:36.888+0000] {processor.py:925} INFO - DAG(s) 'example_trigger_controller_dag' retrieved from /usr/local/python/3.12.1/lib/python3.12/site-packages/airflow/example_dags/example_trigger_controller_dag.py
[2026-04-21T23:05:36.900+0000] {logging_mixin.py:190} INFO - [2026-04-21T23:05:36.900+0000] {dag.py:3239} INFO - Sync 1 DAGs
[2026-04-21T23:05:36.918+0000] {logging_mixin.py:190} INFO - [2026-04-21T23:05:36.917+0000] {dag.py:4180} INFO - Setting next_dagrun for example_trigger_controller_dag to 2021-01-01 00:00:00+00:00, run_after=2021-01-01 00:00:00+00:00
[2026-04-21T23:05:36.978+0000] {processor.py:208} INFO - Processing /usr/local/python/3.12.1/lib/python3.12/site-packages/airflow/example_dags/example_trigger_controller_dag.py took 0.103 seconds
[2026-04-21T23:07:10.977+0000] {processor.py:186} INFO - Started process (PID=35788) to work on /usr/local/python/3.12.1/lib/python3.12/site-packages/airflow/example_dags/example_trigger_controller_dag.py
[2026-04-21T23:07:10.977+0000] {processor.py:914} INFO - Processing file /usr/local/python/3.12.1/lib/python3.12/site-packages/airflow/example_dags/example_trigger_controller_dag.py for tasks to queue
[2026-04-21T23:07:10.979+0000] {logging_mixin.py:190} INFO - [2026-04-21T23:07:10.979+0000] {dagbag.py:588} INFO - Filling up the DagBag from /usr/local/python/3.12.1/lib/python3.12/site-packages/airflow/example_dags/example_trigger_controller_dag.py
[2026-04-21T23:07:10.985+0000] {processor.py:925} INFO - DAG(s) 'example_trigger_controller_dag' retrieved from /usr/local/python/3.12.1/lib/python3.12/site-packages/airflow/example_dags/example_trigger_controller_dag.py
[2026-04-21T23:07:10.997+0000] {logging_mixin.py:190} INFO - [2026-04-21T23:07:10.996+0000] {dag.py:3239} INFO - Sync 1 DAGs
[2026-04-21T23:07:11.011+0000] {logging_mixin.py:190} INFO - [2026-04-21T23:07:11.011+0000] {dag.py:4180} INFO - Setting next_dagrun for example_trigger_controller_dag to 2021-01-01 00:00:00+00:00, run_after=2021-01-01 00:00:00+00:00
[2026-04-21T23:07:11.027+0000] {processor.py:208} INFO - Processing /usr/local/python/3.12.1/lib/python3.12/site-packages/airflow/example_dags/example_trigger_controller_dag.py took 0.055 seconds
[2026-04-21T23:08:35.742+0000] {processor.py:186} INFO - Started process (PID=36748) to work on /usr/local/python/3.12.1/lib/python3.12/site-packages/airflow/example_dags/example_trigger_controller_dag.py
[2026-04-21T23:08:35.743+0000] {processor.py:914} INFO - Processing file /usr/local/python/3.12.1/lib/python3.12/site-packages/airflow/example_dags/example_trigger_controller_dag.py for tasks to queue
[2026-04-21T23:08:35.745+0000] {logging_mixin.py:190} INFO - [2026-04-21T23:08:35.745+0000] {dagbag.py:588} INFO - Filling up the DagBag from /usr/local/python/3.12.1/lib/python3.12/site-packages/airflow/example_dags/example_trigger_controller_dag.py
[2026-04-21T23:08:35.753+0000] {processor.py:925} INFO - DAG(s) 'example_trigger_controller_dag' retrieved from /usr/local/python/3.12.1/lib/python3.12/site-packages/airflow/example_dags/example_trigger_controller_dag.py
[2026-04-21T23:08:35.765+0000] {logging_mixin.py:190} INFO - [2026-04-21T23:08:35.765+0000] {dag.py:3239} INFO - Sync 1 DAGs
[2026-04-21T23:08:35.780+0000] {logging_mixin.py:190} INFO - [2026-04-21T23:08:35.780+0000] {dag.py:4180} INFO - Setting next_dagrun for example_trigger_controller_dag to 2021-01-01 00:00:00+00:00, run_after=2021-01-01 00:00:00+00:00
[2026-04-21T23:08:35.797+0000] {processor.py:208} INFO - Processing /usr/local/python/3.12.1/lib/python3.12/site-packages/airflow/example_dags/example_trigger_controller_dag.py took 0.062 seconds
[2026-04-21T23:09:55.533+0000] {processor.py:186} INFO - Started process (PID=37607) to work on /usr/local/python/3.12.1/lib/python3.12/site-packages/airflow/example_dags/example_trigger_controller_dag.py
[2026-04-21T23:09:55.534+0000] {processor.py:914} INFO - Processing file /usr/local/python/3.12.1/lib/python3.12/site-packages/airflow/example_dags/example_trigger_controller_dag.py for tasks to queue
[2026-04-21T23:09:55.536+0000] {logging_mixin.py:190} INFO - [2026-04-21T23:09:55.535+0000] {dagbag.py:588} INFO - Filling up the DagBag from /usr/local/python/3.12.1/lib/python3.12/site-packages/airflow/example_dags/example_trigger_controller_dag.py
[2026-04-21T23:09:55.543+0000] {processor.py:925} INFO - DAG(s) 'example_trigger_controller_dag' retrieved from /usr/local/python/3.12.1/lib/python3.12/site-packages/airflow/example_dags/example_trigger_controller_dag.py
[2026-04-21T23:09:55.555+0000] {logging_mixin.py:190} INFO - [2026-04-21T23:09:55.555+0000] {dag.py:3239} INFO - Sync 1 DAGs
[2026-04-21T23:09:55.570+0000] {logging_mixin.py:190} INFO - [2026-04-21T23:09:55.570+0000] {dag.py:4180} INFO - Setting next_dagrun for example_trigger_controller_dag to 2021-01-01 00:00:00+00:00, run_after=2021-01-01 00:00:00+00:00
[2026-04-21T23:09:55.587+0000] {processor.py:208} INFO - Processing /usr/local/python/3.12.1/lib/python3.12/site-packages/airflow/example_dags/example_trigger_controller_dag.py took 0.059 seconds
[2026-04-21T23:11:17.025+0000] {processor.py:186} INFO - Started process (PID=38843) to work on /usr/local/python/3.12.1/lib/python3.12/site-packages/airflow/example_dags/example_trigger_controller_dag.py
[2026-04-21T23:11:17.025+0000] {processor.py:914} INFO - Processing file /usr/local/python/3.12.1/lib/python3.12/site-packages/airflow/example_dags/example_trigger_controller_dag.py for tasks to queue
[2026-04-21T23:11:17.027+0000] {logging_mixin.py:190} INFO - [2026-04-21T23:11:17.027+0000] {dagbag.py:588} INFO - Filling up the DagBag from /usr/local/python/3.12.1/lib/python3.12/site-packages/airflow/example_dags/example_trigger_controller_dag.py
[2026-04-21T23:11:17.033+0000] {processor.py:925} INFO - DAG(s) 'example_trigger_controller_dag' retrieved from /usr/local/python/3.12.1/lib/python3.12/site-packages/airflow/example_dags/example_trigger_controller_dag.py
[2026-04-21T23:11:17.045+0000] {logging_mixin.py:190} INFO - [2026-04-21T23:11:17.045+0000] {dag.py:3239} INFO - Sync 1 DAGs
[2026-04-21T23:11:17.060+0000] {logging_mixin.py:190} INFO - [2026-04-21T23:11:17.060+0000] {dag.py:4180} INFO - Setting next_dagrun for example_trigger_controller_dag to 2021-01-01 00:00:00+00:00, run_after=2021-01-01 00:00:00+00:00
[2026-04-21T23:11:17.077+0000] {processor.py:208} INFO - Processing /usr/local/python/3.12.1/lib/python3.12/site-packages/airflow/example_dags/example_trigger_controller_dag.py took 0.057 seconds
[2026-04-21T23:12:58.707+0000] {processor.py:186} INFO - Started process (PID=40285) to work on /usr/local/python/3.12.1/lib/python3.12/site-packages/airflow/example_dags/example_trigger_controller_dag.py
[2026-04-21T23:12:58.708+0000] {processor.py:914} INFO - Processing file /usr/local/python/3.12.1/lib/python3.12/site-packages/airflow/example_dags/example_trigger_controller_dag.py for tasks to queue
[2026-04-21T23:12:58.710+0000] {logging_mixin.py:190} INFO - [2026-04-21T23:12:58.709+0000] {dagbag.py:588} INFO - Filling up the DagBag from /usr/local/python/3.12.1/lib/python3.12/site-packages/airflow/example_dags/example_trigger_controller_dag.py
[2026-04-21T23:12:58.717+0000] {processor.py:925} INFO - DAG(s) 'example_trigger_controller_dag' retrieved from /usr/local/python/3.12.1/lib/python3.12/site-packages/airflow/example_dags/example_trigger_controller_dag.py
[2026-04-21T23:12:58.731+0000] {logging_mixin.py:190} INFO - [2026-04-21T23:12:58.730+0000] {dag.py:3239} INFO - Sync 1 DAGs
[2026-04-21T23:12:58.748+0000] {logging_mixin.py:190} INFO - [2026-04-21T23:12:58.747+0000] {dag.py:4180} INFO - Setting next_dagrun for example_trigger_controller_dag to 2021-01-01 00:00:00+00:00, run_after=2021-01-01 00:00:00+00:00
[2026-04-21T23:12:58.766+0000] {processor.py:208} INFO - Processing /usr/local/python/3.12.1/lib/python3.12/site-packages/airflow/example_dags/example_trigger_controller_dag.py took 0.064 seconds
