[2026-04-21T22:27:07.983+0000] {processor.py:186} INFO - Started process (PID=3915) to work on /usr/local/python/3.12.1/lib/python3.12/site-packages/airflow/example_dags/tutorial.py
[2026-04-21T22:27:07.984+0000] {processor.py:914} INFO - Processing file /usr/local/python/3.12.1/lib/python3.12/site-packages/airflow/example_dags/tutorial.py for tasks to queue
[2026-04-21T22:27:07.987+0000] {logging_mixin.py:190} INFO - [2026-04-21T22:27:07.986+0000] {dagbag.py:588} INFO - Filling up the DagBag from /usr/local/python/3.12.1/lib/python3.12/site-packages/airflow/example_dags/tutorial.py
[2026-04-21T22:27:07.994+0000] {processor.py:925} INFO - DAG(s) 'tutorial' retrieved from /usr/local/python/3.12.1/lib/python3.12/site-packages/airflow/example_dags/tutorial.py
[2026-04-21T22:27:08.013+0000] {logging_mixin.py:190} INFO - [2026-04-21T22:27:08.012+0000] {dag.py:3239} INFO - Sync 1 DAGs
[2026-04-21T22:27:08.029+0000] {logging_mixin.py:190} INFO - [2026-04-21T22:27:08.029+0000] {dag.py:4180} INFO - Setting next_dagrun for tutorial to 2026-04-20 00:00:00+00:00, run_after=2026-04-21 00:00:00+00:00
[2026-04-21T22:27:08.046+0000] {processor.py:208} INFO - Processing /usr/local/python/3.12.1/lib/python3.12/site-packages/airflow/example_dags/tutorial.py took 0.067 seconds
[2026-04-21T22:28:17.986+0000] {processor.py:186} INFO - Started process (PID=5644) to work on /usr/local/python/3.12.1/lib/python3.12/site-packages/airflow/example_dags/tutorial.py
[2026-04-21T22:28:17.989+0000] {processor.py:914} INFO - Processing file /usr/local/python/3.12.1/lib/python3.12/site-packages/airflow/example_dags/tutorial.py for tasks to queue
[2026-04-21T22:28:17.995+0000] {logging_mixin.py:190} INFO - [2026-04-21T22:28:17.992+0000] {dagbag.py:588} INFO - Filling up the DagBag from /usr/local/python/3.12.1/lib/python3.12/site-packages/airflow/example_dags/tutorial.py
[2026-04-21T22:28:18.019+0000] {processor.py:925} INFO - DAG(s) 'tutorial' retrieved from /usr/local/python/3.12.1/lib/python3.12/site-packages/airflow/example_dags/tutorial.py
[2026-04-21T22:28:18.048+0000] {logging_mixin.py:190} INFO - [2026-04-21T22:28:18.048+0000] {dag.py:3239} INFO - Sync 1 DAGs
[2026-04-21T22:28:18.075+0000] {logging_mixin.py:190} INFO - [2026-04-21T22:28:18.075+0000] {dag.py:4180} INFO - Setting next_dagrun for tutorial to 2026-04-20 00:00:00+00:00, run_after=2026-04-21 00:00:00+00:00
[2026-04-21T22:28:18.091+0000] {processor.py:208} INFO - Processing /usr/local/python/3.12.1/lib/python3.12/site-packages/airflow/example_dags/tutorial.py took 0.114 seconds
[2026-04-21T22:29:41.271+0000] {processor.py:186} INFO - Started process (PID=7318) to work on /usr/local/python/3.12.1/lib/python3.12/site-packages/airflow/example_dags/tutorial.py
[2026-04-21T22:29:41.272+0000] {processor.py:914} INFO - Processing file /usr/local/python/3.12.1/lib/python3.12/site-packages/airflow/example_dags/tutorial.py for tasks to queue
[2026-04-21T22:29:41.274+0000] {logging_mixin.py:190} INFO - [2026-04-21T22:29:41.274+0000] {dagbag.py:588} INFO - Filling up the DagBag from /usr/local/python/3.12.1/lib/python3.12/site-packages/airflow/example_dags/tutorial.py
[2026-04-21T22:29:41.280+0000] {processor.py:925} INFO - DAG(s) 'tutorial' retrieved from /usr/local/python/3.12.1/lib/python3.12/site-packages/airflow/example_dags/tutorial.py
[2026-04-21T22:29:41.293+0000] {logging_mixin.py:190} INFO - [2026-04-21T22:29:41.293+0000] {dag.py:3239} INFO - Sync 1 DAGs
[2026-04-21T22:29:41.307+0000] {logging_mixin.py:190} INFO - [2026-04-21T22:29:41.307+0000] {dag.py:4180} INFO - Setting next_dagrun for tutorial to 2026-04-20 00:00:00+00:00, run_after=2026-04-21 00:00:00+00:00
[2026-04-21T22:29:41.324+0000] {processor.py:208} INFO - Processing /usr/local/python/3.12.1/lib/python3.12/site-packages/airflow/example_dags/tutorial.py took 0.057 seconds
[2026-04-21T22:30:54.528+0000] {processor.py:186} INFO - Started process (PID=8259) to work on /usr/local/python/3.12.1/lib/python3.12/site-packages/airflow/example_dags/tutorial.py
[2026-04-21T22:30:54.530+0000] {processor.py:914} INFO - Processing file /usr/local/python/3.12.1/lib/python3.12/site-packages/airflow/example_dags/tutorial.py for tasks to queue
[2026-04-21T22:30:54.532+0000] {logging_mixin.py:190} INFO - [2026-04-21T22:30:54.532+0000] {dagbag.py:588} INFO - Filling up the DagBag from /usr/local/python/3.12.1/lib/python3.12/site-packages/airflow/example_dags/tutorial.py
[2026-04-21T22:30:54.539+0000] {processor.py:925} INFO - DAG(s) 'tutorial' retrieved from /usr/local/python/3.12.1/lib/python3.12/site-packages/airflow/example_dags/tutorial.py
[2026-04-21T22:30:54.551+0000] {logging_mixin.py:190} INFO - [2026-04-21T22:30:54.551+0000] {dag.py:3239} INFO - Sync 1 DAGs
[2026-04-21T22:30:54.566+0000] {logging_mixin.py:190} INFO - [2026-04-21T22:30:54.566+0000] {dag.py:4180} INFO - Setting next_dagrun for tutorial to 2026-04-20 00:00:00+00:00, run_after=2026-04-21 00:00:00+00:00
[2026-04-21T22:30:54.582+0000] {processor.py:208} INFO - Processing /usr/local/python/3.12.1/lib/python3.12/site-packages/airflow/example_dags/tutorial.py took 0.059 seconds
[2026-04-21T22:32:17.422+0000] {processor.py:186} INFO - Started process (PID=9528) to work on /usr/local/python/3.12.1/lib/python3.12/site-packages/airflow/example_dags/tutorial.py
[2026-04-21T22:32:17.423+0000] {processor.py:914} INFO - Processing file /usr/local/python/3.12.1/lib/python3.12/site-packages/airflow/example_dags/tutorial.py for tasks to queue
[2026-04-21T22:32:17.425+0000] {logging_mixin.py:190} INFO - [2026-04-21T22:32:17.425+0000] {dagbag.py:588} INFO - Filling up the DagBag from /usr/local/python/3.12.1/lib/python3.12/site-packages/airflow/example_dags/tutorial.py
[2026-04-21T22:32:17.432+0000] {processor.py:925} INFO - DAG(s) 'tutorial' retrieved from /usr/local/python/3.12.1/lib/python3.12/site-packages/airflow/example_dags/tutorial.py
[2026-04-21T22:32:17.444+0000] {logging_mixin.py:190} INFO - [2026-04-21T22:32:17.444+0000] {dag.py:3239} INFO - Sync 1 DAGs
[2026-04-21T22:32:17.460+0000] {logging_mixin.py:190} INFO - [2026-04-21T22:32:17.460+0000] {dag.py:4180} INFO - Setting next_dagrun for tutorial to 2026-04-20 00:00:00+00:00, run_after=2026-04-21 00:00:00+00:00
[2026-04-21T22:32:17.476+0000] {processor.py:208} INFO - Processing /usr/local/python/3.12.1/lib/python3.12/site-packages/airflow/example_dags/tutorial.py took 0.059 seconds
[2026-04-21T22:33:39.169+0000] {processor.py:186} INFO - Started process (PID=10558) to work on /usr/local/python/3.12.1/lib/python3.12/site-packages/airflow/example_dags/tutorial.py
[2026-04-21T22:33:39.170+0000] {processor.py:914} INFO - Processing file /usr/local/python/3.12.1/lib/python3.12/site-packages/airflow/example_dags/tutorial.py for tasks to queue
[2026-04-21T22:33:39.172+0000] {logging_mixin.py:190} INFO - [2026-04-21T22:33:39.172+0000] {dagbag.py:588} INFO - Filling up the DagBag from /usr/local/python/3.12.1/lib/python3.12/site-packages/airflow/example_dags/tutorial.py
[2026-04-21T22:33:39.181+0000] {processor.py:925} INFO - DAG(s) 'tutorial' retrieved from /usr/local/python/3.12.1/lib/python3.12/site-packages/airflow/example_dags/tutorial.py
[2026-04-21T22:33:39.198+0000] {logging_mixin.py:190} INFO - [2026-04-21T22:33:39.198+0000] {dag.py:3239} INFO - Sync 1 DAGs
[2026-04-21T22:33:39.214+0000] {logging_mixin.py:190} INFO - [2026-04-21T22:33:39.213+0000] {dag.py:4180} INFO - Setting next_dagrun for tutorial to 2026-04-20 00:00:00+00:00, run_after=2026-04-21 00:00:00+00:00
[2026-04-21T22:33:39.229+0000] {processor.py:208} INFO - Processing /usr/local/python/3.12.1/lib/python3.12/site-packages/airflow/example_dags/tutorial.py took 0.066 seconds
[2026-04-21T22:34:52.633+0000] {processor.py:186} INFO - Started process (PID=11398) to work on /usr/local/python/3.12.1/lib/python3.12/site-packages/airflow/example_dags/tutorial.py
[2026-04-21T22:34:52.634+0000] {processor.py:914} INFO - Processing file /usr/local/python/3.12.1/lib/python3.12/site-packages/airflow/example_dags/tutorial.py for tasks to queue
[2026-04-21T22:34:52.636+0000] {logging_mixin.py:190} INFO - [2026-04-21T22:34:52.635+0000] {dagbag.py:588} INFO - Filling up the DagBag from /usr/local/python/3.12.1/lib/python3.12/site-packages/airflow/example_dags/tutorial.py
[2026-04-21T22:34:52.642+0000] {processor.py:925} INFO - DAG(s) 'tutorial' retrieved from /usr/local/python/3.12.1/lib/python3.12/site-packages/airflow/example_dags/tutorial.py
[2026-04-21T22:34:52.655+0000] {logging_mixin.py:190} INFO - [2026-04-21T22:34:52.655+0000] {dag.py:3239} INFO - Sync 1 DAGs
[2026-04-21T22:34:52.670+0000] {logging_mixin.py:190} INFO - [2026-04-21T22:34:52.670+0000] {dag.py:4180} INFO - Setting next_dagrun for tutorial to 2026-04-20 00:00:00+00:00, run_after=2026-04-21 00:00:00+00:00
[2026-04-21T22:34:52.686+0000] {processor.py:208} INFO - Processing /usr/local/python/3.12.1/lib/python3.12/site-packages/airflow/example_dags/tutorial.py took 0.057 seconds
[2026-04-21T22:36:11.069+0000] {processor.py:186} INFO - Started process (PID=12196) to work on /usr/local/python/3.12.1/lib/python3.12/site-packages/airflow/example_dags/tutorial.py
[2026-04-21T22:36:11.070+0000] {processor.py:914} INFO - Processing file /usr/local/python/3.12.1/lib/python3.12/site-packages/airflow/example_dags/tutorial.py for tasks to queue
[2026-04-21T22:36:11.071+0000] {logging_mixin.py:190} INFO - [2026-04-21T22:36:11.071+0000] {dagbag.py:588} INFO - Filling up the DagBag from /usr/local/python/3.12.1/lib/python3.12/site-packages/airflow/example_dags/tutorial.py
[2026-04-21T22:36:11.078+0000] {processor.py:925} INFO - DAG(s) 'tutorial' retrieved from /usr/local/python/3.12.1/lib/python3.12/site-packages/airflow/example_dags/tutorial.py
[2026-04-21T22:36:11.095+0000] {logging_mixin.py:190} INFO - [2026-04-21T22:36:11.094+0000] {dag.py:3239} INFO - Sync 1 DAGs
[2026-04-21T22:36:11.115+0000] {logging_mixin.py:190} INFO - [2026-04-21T22:36:11.115+0000] {dag.py:4180} INFO - Setting next_dagrun for tutorial to 2026-04-20 00:00:00+00:00, run_after=2026-04-21 00:00:00+00:00
[2026-04-21T22:36:11.131+0000] {processor.py:208} INFO - Processing /usr/local/python/3.12.1/lib/python3.12/site-packages/airflow/example_dags/tutorial.py took 0.067 seconds
[2026-04-21T22:37:29.158+0000] {processor.py:186} INFO - Started process (PID=13201) to work on /usr/local/python/3.12.1/lib/python3.12/site-packages/airflow/example_dags/tutorial.py
[2026-04-21T22:37:29.159+0000] {processor.py:914} INFO - Processing file /usr/local/python/3.12.1/lib/python3.12/site-packages/airflow/example_dags/tutorial.py for tasks to queue
[2026-04-21T22:37:29.161+0000] {logging_mixin.py:190} INFO - [2026-04-21T22:37:29.161+0000] {dagbag.py:588} INFO - Filling up the DagBag from /usr/local/python/3.12.1/lib/python3.12/site-packages/airflow/example_dags/tutorial.py
[2026-04-21T22:37:29.168+0000] {processor.py:925} INFO - DAG(s) 'tutorial' retrieved from /usr/local/python/3.12.1/lib/python3.12/site-packages/airflow/example_dags/tutorial.py
[2026-04-21T22:37:29.181+0000] {logging_mixin.py:190} INFO - [2026-04-21T22:37:29.181+0000] {dag.py:3239} INFO - Sync 1 DAGs
[2026-04-21T22:37:29.197+0000] {logging_mixin.py:190} INFO - [2026-04-21T22:37:29.197+0000] {dag.py:4180} INFO - Setting next_dagrun for tutorial to 2026-04-20 00:00:00+00:00, run_after=2026-04-21 00:00:00+00:00
[2026-04-21T22:37:29.213+0000] {processor.py:208} INFO - Processing /usr/local/python/3.12.1/lib/python3.12/site-packages/airflow/example_dags/tutorial.py took 0.061 seconds
[2026-04-21T22:38:51.055+0000] {processor.py:186} INFO - Started process (PID=14274) to work on /usr/local/python/3.12.1/lib/python3.12/site-packages/airflow/example_dags/tutorial.py
[2026-04-21T22:38:51.055+0000] {processor.py:914} INFO - Processing file /usr/local/python/3.12.1/lib/python3.12/site-packages/airflow/example_dags/tutorial.py for tasks to queue
[2026-04-21T22:38:51.057+0000] {logging_mixin.py:190} INFO - [2026-04-21T22:38:51.057+0000] {dagbag.py:588} INFO - Filling up the DagBag from /usr/local/python/3.12.1/lib/python3.12/site-packages/airflow/example_dags/tutorial.py
[2026-04-21T22:38:51.064+0000] {processor.py:925} INFO - DAG(s) 'tutorial' retrieved from /usr/local/python/3.12.1/lib/python3.12/site-packages/airflow/example_dags/tutorial.py
[2026-04-21T22:38:51.076+0000] {logging_mixin.py:190} INFO - [2026-04-21T22:38:51.076+0000] {dag.py:3239} INFO - Sync 1 DAGs
[2026-04-21T22:38:51.092+0000] {logging_mixin.py:190} INFO - [2026-04-21T22:38:51.091+0000] {dag.py:4180} INFO - Setting next_dagrun for tutorial to 2026-04-20 00:00:00+00:00, run_after=2026-04-21 00:00:00+00:00
[2026-04-21T22:38:51.108+0000] {processor.py:208} INFO - Processing /usr/local/python/3.12.1/lib/python3.12/site-packages/airflow/example_dags/tutorial.py took 0.057 seconds
[2026-04-21T22:40:04.435+0000] {processor.py:186} INFO - Started process (PID=14978) to work on /usr/local/python/3.12.1/lib/python3.12/site-packages/airflow/example_dags/tutorial.py
[2026-04-21T22:40:04.436+0000] {processor.py:914} INFO - Processing file /usr/local/python/3.12.1/lib/python3.12/site-packages/airflow/example_dags/tutorial.py for tasks to queue
[2026-04-21T22:40:04.437+0000] {logging_mixin.py:190} INFO - [2026-04-21T22:40:04.437+0000] {dagbag.py:588} INFO - Filling up the DagBag from /usr/local/python/3.12.1/lib/python3.12/site-packages/airflow/example_dags/tutorial.py
[2026-04-21T22:40:04.444+0000] {processor.py:925} INFO - DAG(s) 'tutorial' retrieved from /usr/local/python/3.12.1/lib/python3.12/site-packages/airflow/example_dags/tutorial.py
[2026-04-21T22:40:04.457+0000] {logging_mixin.py:190} INFO - [2026-04-21T22:40:04.456+0000] {dag.py:3239} INFO - Sync 1 DAGs
[2026-04-21T22:40:04.472+0000] {logging_mixin.py:190} INFO - [2026-04-21T22:40:04.472+0000] {dag.py:4180} INFO - Setting next_dagrun for tutorial to 2026-04-20 00:00:00+00:00, run_after=2026-04-21 00:00:00+00:00
[2026-04-21T22:40:04.488+0000] {processor.py:208} INFO - Processing /usr/local/python/3.12.1/lib/python3.12/site-packages/airflow/example_dags/tutorial.py took 0.057 seconds
[2026-04-21T22:41:26.635+0000] {processor.py:186} INFO - Started process (PID=15859) to work on /usr/local/python/3.12.1/lib/python3.12/site-packages/airflow/example_dags/tutorial.py
[2026-04-21T22:41:26.636+0000] {processor.py:914} INFO - Processing file /usr/local/python/3.12.1/lib/python3.12/site-packages/airflow/example_dags/tutorial.py for tasks to queue
[2026-04-21T22:41:26.638+0000] {logging_mixin.py:190} INFO - [2026-04-21T22:41:26.637+0000] {dagbag.py:588} INFO - Filling up the DagBag from /usr/local/python/3.12.1/lib/python3.12/site-packages/airflow/example_dags/tutorial.py
[2026-04-21T22:41:26.644+0000] {processor.py:925} INFO - DAG(s) 'tutorial' retrieved from /usr/local/python/3.12.1/lib/python3.12/site-packages/airflow/example_dags/tutorial.py
[2026-04-21T22:41:26.657+0000] {logging_mixin.py:190} INFO - [2026-04-21T22:41:26.657+0000] {dag.py:3239} INFO - Sync 1 DAGs
[2026-04-21T22:41:26.672+0000] {logging_mixin.py:190} INFO - [2026-04-21T22:41:26.672+0000] {dag.py:4180} INFO - Setting next_dagrun for tutorial to 2026-04-20 00:00:00+00:00, run_after=2026-04-21 00:00:00+00:00
[2026-04-21T22:41:26.688+0000] {processor.py:208} INFO - Processing /usr/local/python/3.12.1/lib/python3.12/site-packages/airflow/example_dags/tutorial.py took 0.057 seconds
[2026-04-21T22:42:45.105+0000] {processor.py:186} INFO - Started process (PID=16818) to work on /usr/local/python/3.12.1/lib/python3.12/site-packages/airflow/example_dags/tutorial.py
[2026-04-21T22:42:45.105+0000] {processor.py:914} INFO - Processing file /usr/local/python/3.12.1/lib/python3.12/site-packages/airflow/example_dags/tutorial.py for tasks to queue
[2026-04-21T22:42:45.107+0000] {logging_mixin.py:190} INFO - [2026-04-21T22:42:45.107+0000] {dagbag.py:588} INFO - Filling up the DagBag from /usr/local/python/3.12.1/lib/python3.12/site-packages/airflow/example_dags/tutorial.py
[2026-04-21T22:42:45.114+0000] {processor.py:925} INFO - DAG(s) 'tutorial' retrieved from /usr/local/python/3.12.1/lib/python3.12/site-packages/airflow/example_dags/tutorial.py
[2026-04-21T22:42:45.126+0000] {logging_mixin.py:190} INFO - [2026-04-21T22:42:45.126+0000] {dag.py:3239} INFO - Sync 1 DAGs
[2026-04-21T22:42:45.141+0000] {logging_mixin.py:190} INFO - [2026-04-21T22:42:45.141+0000] {dag.py:4180} INFO - Setting next_dagrun for tutorial to 2026-04-20 00:00:00+00:00, run_after=2026-04-21 00:00:00+00:00
[2026-04-21T22:42:45.157+0000] {processor.py:208} INFO - Processing /usr/local/python/3.12.1/lib/python3.12/site-packages/airflow/example_dags/tutorial.py took 0.057 seconds
[2026-04-21T22:44:04.865+0000] {processor.py:186} INFO - Started process (PID=17701) to work on /usr/local/python/3.12.1/lib/python3.12/site-packages/airflow/example_dags/tutorial.py
[2026-04-21T22:44:04.866+0000] {processor.py:914} INFO - Processing file /usr/local/python/3.12.1/lib/python3.12/site-packages/airflow/example_dags/tutorial.py for tasks to queue
[2026-04-21T22:44:04.869+0000] {logging_mixin.py:190} INFO - [2026-04-21T22:44:04.868+0000] {dagbag.py:588} INFO - Filling up the DagBag from /usr/local/python/3.12.1/lib/python3.12/site-packages/airflow/example_dags/tutorial.py
[2026-04-21T22:44:04.882+0000] {processor.py:925} INFO - DAG(s) 'tutorial' retrieved from /usr/local/python/3.12.1/lib/python3.12/site-packages/airflow/example_dags/tutorial.py
[2026-04-21T22:44:04.903+0000] {logging_mixin.py:190} INFO - [2026-04-21T22:44:04.903+0000] {dag.py:3239} INFO - Sync 1 DAGs
[2026-04-21T22:44:04.923+0000] {logging_mixin.py:190} INFO - [2026-04-21T22:44:04.923+0000] {dag.py:4180} INFO - Setting next_dagrun for tutorial to 2026-04-20 00:00:00+00:00, run_after=2026-04-21 00:00:00+00:00
[2026-04-21T22:44:04.953+0000] {processor.py:208} INFO - Processing /usr/local/python/3.12.1/lib/python3.12/site-packages/airflow/example_dags/tutorial.py took 0.100 seconds
[2026-04-21T22:45:22.320+0000] {processor.py:186} INFO - Started process (PID=18698) to work on /usr/local/python/3.12.1/lib/python3.12/site-packages/airflow/example_dags/tutorial.py
[2026-04-21T22:45:22.321+0000] {processor.py:914} INFO - Processing file /usr/local/python/3.12.1/lib/python3.12/site-packages/airflow/example_dags/tutorial.py for tasks to queue
[2026-04-21T22:45:22.323+0000] {logging_mixin.py:190} INFO - [2026-04-21T22:45:22.322+0000] {dagbag.py:588} INFO - Filling up the DagBag from /usr/local/python/3.12.1/lib/python3.12/site-packages/airflow/example_dags/tutorial.py
[2026-04-21T22:45:22.330+0000] {processor.py:925} INFO - DAG(s) 'tutorial' retrieved from /usr/local/python/3.12.1/lib/python3.12/site-packages/airflow/example_dags/tutorial.py
[2026-04-21T22:45:22.342+0000] {logging_mixin.py:190} INFO - [2026-04-21T22:45:22.342+0000] {dag.py:3239} INFO - Sync 1 DAGs
[2026-04-21T22:45:22.357+0000] {logging_mixin.py:190} INFO - [2026-04-21T22:45:22.357+0000] {dag.py:4180} INFO - Setting next_dagrun for tutorial to 2026-04-20 00:00:00+00:00, run_after=2026-04-21 00:00:00+00:00
[2026-04-21T22:45:22.373+0000] {processor.py:208} INFO - Processing /usr/local/python/3.12.1/lib/python3.12/site-packages/airflow/example_dags/tutorial.py took 0.058 seconds
[2026-04-21T22:46:43.013+0000] {processor.py:186} INFO - Started process (PID=19520) to work on /usr/local/python/3.12.1/lib/python3.12/site-packages/airflow/example_dags/tutorial.py
[2026-04-21T22:46:43.013+0000] {processor.py:914} INFO - Processing file /usr/local/python/3.12.1/lib/python3.12/site-packages/airflow/example_dags/tutorial.py for tasks to queue
[2026-04-21T22:46:43.015+0000] {logging_mixin.py:190} INFO - [2026-04-21T22:46:43.015+0000] {dagbag.py:588} INFO - Filling up the DagBag from /usr/local/python/3.12.1/lib/python3.12/site-packages/airflow/example_dags/tutorial.py
[2026-04-21T22:46:43.022+0000] {processor.py:925} INFO - DAG(s) 'tutorial' retrieved from /usr/local/python/3.12.1/lib/python3.12/site-packages/airflow/example_dags/tutorial.py
[2026-04-21T22:46:43.034+0000] {logging_mixin.py:190} INFO - [2026-04-21T22:46:43.034+0000] {dag.py:3239} INFO - Sync 1 DAGs
[2026-04-21T22:46:43.051+0000] {logging_mixin.py:190} INFO - [2026-04-21T22:46:43.051+0000] {dag.py:4180} INFO - Setting next_dagrun for tutorial to 2026-04-20 00:00:00+00:00, run_after=2026-04-21 00:00:00+00:00
[2026-04-21T22:46:43.067+0000] {processor.py:208} INFO - Processing /usr/local/python/3.12.1/lib/python3.12/site-packages/airflow/example_dags/tutorial.py took 0.059 seconds
[2026-04-21T22:48:01.260+0000] {processor.py:186} INFO - Started process (PID=20472) to work on /usr/local/python/3.12.1/lib/python3.12/site-packages/airflow/example_dags/tutorial.py
[2026-04-21T22:48:01.261+0000] {processor.py:914} INFO - Processing file /usr/local/python/3.12.1/lib/python3.12/site-packages/airflow/example_dags/tutorial.py for tasks to queue
[2026-04-21T22:48:01.263+0000] {logging_mixin.py:190} INFO - [2026-04-21T22:48:01.263+0000] {dagbag.py:588} INFO - Filling up the DagBag from /usr/local/python/3.12.1/lib/python3.12/site-packages/airflow/example_dags/tutorial.py
[2026-04-21T22:48:01.271+0000] {processor.py:925} INFO - DAG(s) 'tutorial' retrieved from /usr/local/python/3.12.1/lib/python3.12/site-packages/airflow/example_dags/tutorial.py
[2026-04-21T22:48:01.285+0000] {logging_mixin.py:190} INFO - [2026-04-21T22:48:01.285+0000] {dag.py:3239} INFO - Sync 1 DAGs
[2026-04-21T22:48:01.302+0000] {logging_mixin.py:190} INFO - [2026-04-21T22:48:01.302+0000] {dag.py:4180} INFO - Setting next_dagrun for tutorial to 2026-04-20 00:00:00+00:00, run_after=2026-04-21 00:00:00+00:00
[2026-04-21T22:48:01.340+0000] {processor.py:208} INFO - Processing /usr/local/python/3.12.1/lib/python3.12/site-packages/airflow/example_dags/tutorial.py took 0.086 seconds
[2026-04-21T22:49:23.323+0000] {processor.py:186} INFO - Started process (PID=21478) to work on /usr/local/python/3.12.1/lib/python3.12/site-packages/airflow/example_dags/tutorial.py
[2026-04-21T22:49:23.323+0000] {processor.py:914} INFO - Processing file /usr/local/python/3.12.1/lib/python3.12/site-packages/airflow/example_dags/tutorial.py for tasks to queue
[2026-04-21T22:49:23.325+0000] {logging_mixin.py:190} INFO - [2026-04-21T22:49:23.325+0000] {dagbag.py:588} INFO - Filling up the DagBag from /usr/local/python/3.12.1/lib/python3.12/site-packages/airflow/example_dags/tutorial.py
[2026-04-21T22:49:23.332+0000] {processor.py:925} INFO - DAG(s) 'tutorial' retrieved from /usr/local/python/3.12.1/lib/python3.12/site-packages/airflow/example_dags/tutorial.py
[2026-04-21T22:49:23.348+0000] {logging_mixin.py:190} INFO - [2026-04-21T22:49:23.347+0000] {dag.py:3239} INFO - Sync 1 DAGs
[2026-04-21T22:49:23.426+0000] {logging_mixin.py:190} INFO - [2026-04-21T22:49:23.425+0000] {dag.py:4180} INFO - Setting next_dagrun for tutorial to 2026-04-20 00:00:00+00:00, run_after=2026-04-21 00:00:00+00:00
[2026-04-21T22:49:23.454+0000] {processor.py:208} INFO - Processing /usr/local/python/3.12.1/lib/python3.12/site-packages/airflow/example_dags/tutorial.py took 0.136 seconds
[2026-04-21T22:50:39.236+0000] {processor.py:186} INFO - Started process (PID=22519) to work on /usr/local/python/3.12.1/lib/python3.12/site-packages/airflow/example_dags/tutorial.py
[2026-04-21T22:50:39.237+0000] {processor.py:914} INFO - Processing file /usr/local/python/3.12.1/lib/python3.12/site-packages/airflow/example_dags/tutorial.py for tasks to queue
[2026-04-21T22:50:39.238+0000] {logging_mixin.py:190} INFO - [2026-04-21T22:50:39.238+0000] {dagbag.py:588} INFO - Filling up the DagBag from /usr/local/python/3.12.1/lib/python3.12/site-packages/airflow/example_dags/tutorial.py
[2026-04-21T22:50:39.245+0000] {processor.py:925} INFO - DAG(s) 'tutorial' retrieved from /usr/local/python/3.12.1/lib/python3.12/site-packages/airflow/example_dags/tutorial.py
[2026-04-21T22:50:39.257+0000] {logging_mixin.py:190} INFO - [2026-04-21T22:50:39.257+0000] {dag.py:3239} INFO - Sync 1 DAGs
[2026-04-21T22:50:39.272+0000] {logging_mixin.py:190} INFO - [2026-04-21T22:50:39.272+0000] {dag.py:4180} INFO - Setting next_dagrun for tutorial to 2026-04-20 00:00:00+00:00, run_after=2026-04-21 00:00:00+00:00
[2026-04-21T22:50:39.289+0000] {processor.py:208} INFO - Processing /usr/local/python/3.12.1/lib/python3.12/site-packages/airflow/example_dags/tutorial.py took 0.058 seconds
[2026-04-21T22:51:56.486+0000] {processor.py:186} INFO - Started process (PID=23600) to work on /usr/local/python/3.12.1/lib/python3.12/site-packages/airflow/example_dags/tutorial.py
[2026-04-21T22:51:56.486+0000] {processor.py:914} INFO - Processing file /usr/local/python/3.12.1/lib/python3.12/site-packages/airflow/example_dags/tutorial.py for tasks to queue
[2026-04-21T22:51:56.488+0000] {logging_mixin.py:190} INFO - [2026-04-21T22:51:56.488+0000] {dagbag.py:588} INFO - Filling up the DagBag from /usr/local/python/3.12.1/lib/python3.12/site-packages/airflow/example_dags/tutorial.py
[2026-04-21T22:51:56.495+0000] {processor.py:925} INFO - DAG(s) 'tutorial' retrieved from /usr/local/python/3.12.1/lib/python3.12/site-packages/airflow/example_dags/tutorial.py
[2026-04-21T22:51:56.507+0000] {logging_mixin.py:190} INFO - [2026-04-21T22:51:56.507+0000] {dag.py:3239} INFO - Sync 1 DAGs
[2026-04-21T22:51:56.523+0000] {logging_mixin.py:190} INFO - [2026-04-21T22:51:56.522+0000] {dag.py:4180} INFO - Setting next_dagrun for tutorial to 2026-04-20 00:00:00+00:00, run_after=2026-04-21 00:00:00+00:00
[2026-04-21T22:51:56.538+0000] {processor.py:208} INFO - Processing /usr/local/python/3.12.1/lib/python3.12/site-packages/airflow/example_dags/tutorial.py took 0.057 seconds
[2026-04-21T22:53:15.197+0000] {processor.py:186} INFO - Started process (PID=24662) to work on /usr/local/python/3.12.1/lib/python3.12/site-packages/airflow/example_dags/tutorial.py
[2026-04-21T22:53:15.198+0000] {processor.py:914} INFO - Processing file /usr/local/python/3.12.1/lib/python3.12/site-packages/airflow/example_dags/tutorial.py for tasks to queue
[2026-04-21T22:53:15.200+0000] {logging_mixin.py:190} INFO - [2026-04-21T22:53:15.199+0000] {dagbag.py:588} INFO - Filling up the DagBag from /usr/local/python/3.12.1/lib/python3.12/site-packages/airflow/example_dags/tutorial.py
[2026-04-21T22:53:15.206+0000] {processor.py:925} INFO - DAG(s) 'tutorial' retrieved from /usr/local/python/3.12.1/lib/python3.12/site-packages/airflow/example_dags/tutorial.py
[2026-04-21T22:53:15.219+0000] {logging_mixin.py:190} INFO - [2026-04-21T22:53:15.218+0000] {dag.py:3239} INFO - Sync 1 DAGs
[2026-04-21T22:53:15.233+0000] {logging_mixin.py:190} INFO - [2026-04-21T22:53:15.233+0000] {dag.py:4180} INFO - Setting next_dagrun for tutorial to 2026-04-20 00:00:00+00:00, run_after=2026-04-21 00:00:00+00:00
[2026-04-21T22:53:15.249+0000] {processor.py:208} INFO - Processing /usr/local/python/3.12.1/lib/python3.12/site-packages/airflow/example_dags/tutorial.py took 0.056 seconds
[2026-04-21T22:54:37.708+0000] {processor.py:186} INFO - Started process (PID=25735) to work on /usr/local/python/3.12.1/lib/python3.12/site-packages/airflow/example_dags/tutorial.py
[2026-04-21T22:54:37.709+0000] {processor.py:914} INFO - Processing file /usr/local/python/3.12.1/lib/python3.12/site-packages/airflow/example_dags/tutorial.py for tasks to queue
[2026-04-21T22:54:37.711+0000] {logging_mixin.py:190} INFO - [2026-04-21T22:54:37.710+0000] {dagbag.py:588} INFO - Filling up the DagBag from /usr/local/python/3.12.1/lib/python3.12/site-packages/airflow/example_dags/tutorial.py
[2026-04-21T22:54:37.719+0000] {processor.py:925} INFO - DAG(s) 'tutorial' retrieved from /usr/local/python/3.12.1/lib/python3.12/site-packages/airflow/example_dags/tutorial.py
[2026-04-21T22:54:37.745+0000] {logging_mixin.py:190} INFO - [2026-04-21T22:54:37.745+0000] {dag.py:3239} INFO - Sync 1 DAGs
[2026-04-21T22:54:37.770+0000] {logging_mixin.py:190} INFO - [2026-04-21T22:54:37.770+0000] {dag.py:4180} INFO - Setting next_dagrun for tutorial to 2026-04-20 00:00:00+00:00, run_after=2026-04-21 00:00:00+00:00
[2026-04-21T22:54:37.792+0000] {processor.py:208} INFO - Processing /usr/local/python/3.12.1/lib/python3.12/site-packages/airflow/example_dags/tutorial.py took 0.089 seconds
[2026-04-21T22:55:54.855+0000] {processor.py:186} INFO - Started process (PID=26854) to work on /usr/local/python/3.12.1/lib/python3.12/site-packages/airflow/example_dags/tutorial.py
[2026-04-21T22:55:54.856+0000] {processor.py:914} INFO - Processing file /usr/local/python/3.12.1/lib/python3.12/site-packages/airflow/example_dags/tutorial.py for tasks to queue
[2026-04-21T22:55:54.857+0000] {logging_mixin.py:190} INFO - [2026-04-21T22:55:54.857+0000] {dagbag.py:588} INFO - Filling up the DagBag from /usr/local/python/3.12.1/lib/python3.12/site-packages/airflow/example_dags/tutorial.py
[2026-04-21T22:55:54.864+0000] {processor.py:925} INFO - DAG(s) 'tutorial' retrieved from /usr/local/python/3.12.1/lib/python3.12/site-packages/airflow/example_dags/tutorial.py
[2026-04-21T22:55:54.876+0000] {logging_mixin.py:190} INFO - [2026-04-21T22:55:54.876+0000] {dag.py:3239} INFO - Sync 1 DAGs
[2026-04-21T22:55:54.891+0000] {logging_mixin.py:190} INFO - [2026-04-21T22:55:54.891+0000] {dag.py:4180} INFO - Setting next_dagrun for tutorial to 2026-04-20 00:00:00+00:00, run_after=2026-04-21 00:00:00+00:00
[2026-04-21T22:55:54.908+0000] {processor.py:208} INFO - Processing /usr/local/python/3.12.1/lib/python3.12/site-packages/airflow/example_dags/tutorial.py took 0.058 seconds
[2026-04-21T22:57:15.509+0000] {processor.py:186} INFO - Started process (PID=27999) to work on /usr/local/python/3.12.1/lib/python3.12/site-packages/airflow/example_dags/tutorial.py
[2026-04-21T22:57:15.510+0000] {processor.py:914} INFO - Processing file /usr/local/python/3.12.1/lib/python3.12/site-packages/airflow/example_dags/tutorial.py for tasks to queue
[2026-04-21T22:57:15.512+0000] {logging_mixin.py:190} INFO - [2026-04-21T22:57:15.512+0000] {dagbag.py:588} INFO - Filling up the DagBag from /usr/local/python/3.12.1/lib/python3.12/site-packages/airflow/example_dags/tutorial.py
[2026-04-21T22:57:15.519+0000] {processor.py:925} INFO - DAG(s) 'tutorial' retrieved from /usr/local/python/3.12.1/lib/python3.12/site-packages/airflow/example_dags/tutorial.py
[2026-04-21T22:57:15.531+0000] {logging_mixin.py:190} INFO - [2026-04-21T22:57:15.531+0000] {dag.py:3239} INFO - Sync 1 DAGs
[2026-04-21T22:57:15.546+0000] {logging_mixin.py:190} INFO - [2026-04-21T22:57:15.546+0000] {dag.py:4180} INFO - Setting next_dagrun for tutorial to 2026-04-20 00:00:00+00:00, run_after=2026-04-21 00:00:00+00:00
[2026-04-21T22:57:15.562+0000] {processor.py:208} INFO - Processing /usr/local/python/3.12.1/lib/python3.12/site-packages/airflow/example_dags/tutorial.py took 0.057 seconds
[2026-04-21T22:58:33.762+0000] {processor.py:186} INFO - Started process (PID=28778) to work on /usr/local/python/3.12.1/lib/python3.12/site-packages/airflow/example_dags/tutorial.py
[2026-04-21T22:58:33.763+0000] {processor.py:914} INFO - Processing file /usr/local/python/3.12.1/lib/python3.12/site-packages/airflow/example_dags/tutorial.py for tasks to queue
[2026-04-21T22:58:33.765+0000] {logging_mixin.py:190} INFO - [2026-04-21T22:58:33.764+0000] {dagbag.py:588} INFO - Filling up the DagBag from /usr/local/python/3.12.1/lib/python3.12/site-packages/airflow/example_dags/tutorial.py
[2026-04-21T22:58:33.771+0000] {processor.py:925} INFO - DAG(s) 'tutorial' retrieved from /usr/local/python/3.12.1/lib/python3.12/site-packages/airflow/example_dags/tutorial.py
[2026-04-21T22:58:33.784+0000] {logging_mixin.py:190} INFO - [2026-04-21T22:58:33.783+0000] {dag.py:3239} INFO - Sync 1 DAGs
[2026-04-21T22:58:33.799+0000] {logging_mixin.py:190} INFO - [2026-04-21T22:58:33.799+0000] {dag.py:4180} INFO - Setting next_dagrun for tutorial to 2026-04-20 00:00:00+00:00, run_after=2026-04-21 00:00:00+00:00
[2026-04-21T22:58:33.815+0000] {processor.py:208} INFO - Processing /usr/local/python/3.12.1/lib/python3.12/site-packages/airflow/example_dags/tutorial.py took 0.058 seconds
[2026-04-21T22:59:52.457+0000] {processor.py:186} INFO - Started process (PID=29672) to work on /usr/local/python/3.12.1/lib/python3.12/site-packages/airflow/example_dags/tutorial.py
[2026-04-21T22:59:52.458+0000] {processor.py:914} INFO - Processing file /usr/local/python/3.12.1/lib/python3.12/site-packages/airflow/example_dags/tutorial.py for tasks to queue
[2026-04-21T22:59:52.460+0000] {logging_mixin.py:190} INFO - [2026-04-21T22:59:52.459+0000] {dagbag.py:588} INFO - Filling up the DagBag from /usr/local/python/3.12.1/lib/python3.12/site-packages/airflow/example_dags/tutorial.py
[2026-04-21T22:59:52.467+0000] {processor.py:925} INFO - DAG(s) 'tutorial' retrieved from /usr/local/python/3.12.1/lib/python3.12/site-packages/airflow/example_dags/tutorial.py
[2026-04-21T22:59:52.479+0000] {logging_mixin.py:190} INFO - [2026-04-21T22:59:52.479+0000] {dag.py:3239} INFO - Sync 1 DAGs
[2026-04-21T22:59:52.495+0000] {logging_mixin.py:190} INFO - [2026-04-21T22:59:52.495+0000] {dag.py:4180} INFO - Setting next_dagrun for tutorial to 2026-04-20 00:00:00+00:00, run_after=2026-04-21 00:00:00+00:00
[2026-04-21T22:59:52.511+0000] {processor.py:208} INFO - Processing /usr/local/python/3.12.1/lib/python3.12/site-packages/airflow/example_dags/tutorial.py took 0.059 seconds
[2026-04-21T23:01:26.119+0000] {processor.py:186} INFO - Started process (PID=30950) to work on /usr/local/python/3.12.1/lib/python3.12/site-packages/airflow/example_dags/tutorial.py
[2026-04-21T23:01:26.120+0000] {processor.py:914} INFO - Processing file /usr/local/python/3.12.1/lib/python3.12/site-packages/airflow/example_dags/tutorial.py for tasks to queue
[2026-04-21T23:01:26.121+0000] {logging_mixin.py:190} INFO - [2026-04-21T23:01:26.121+0000] {dagbag.py:588} INFO - Filling up the DagBag from /usr/local/python/3.12.1/lib/python3.12/site-packages/airflow/example_dags/tutorial.py
[2026-04-21T23:01:26.128+0000] {processor.py:925} INFO - DAG(s) 'tutorial' retrieved from /usr/local/python/3.12.1/lib/python3.12/site-packages/airflow/example_dags/tutorial.py
[2026-04-21T23:01:26.140+0000] {logging_mixin.py:190} INFO - [2026-04-21T23:01:26.140+0000] {dag.py:3239} INFO - Sync 1 DAGs
[2026-04-21T23:01:26.155+0000] {logging_mixin.py:190} INFO - [2026-04-21T23:01:26.155+0000] {dag.py:4180} INFO - Setting next_dagrun for tutorial to 2026-04-20 00:00:00+00:00, run_after=2026-04-21 00:00:00+00:00
[2026-04-21T23:01:26.171+0000] {processor.py:208} INFO - Processing /usr/local/python/3.12.1/lib/python3.12/site-packages/airflow/example_dags/tutorial.py took 0.057 seconds
[2026-04-21T23:02:44.850+0000] {processor.py:186} INFO - Started process (PID=31883) to work on /usr/local/python/3.12.1/lib/python3.12/site-packages/airflow/example_dags/tutorial.py
[2026-04-21T23:02:44.851+0000] {processor.py:914} INFO - Processing file /usr/local/python/3.12.1/lib/python3.12/site-packages/airflow/example_dags/tutorial.py for tasks to queue
[2026-04-21T23:02:44.853+0000] {logging_mixin.py:190} INFO - [2026-04-21T23:02:44.852+0000] {dagbag.py:588} INFO - Filling up the DagBag from /usr/local/python/3.12.1/lib/python3.12/site-packages/airflow/example_dags/tutorial.py
[2026-04-21T23:02:44.859+0000] {processor.py:925} INFO - DAG(s) 'tutorial' retrieved from /usr/local/python/3.12.1/lib/python3.12/site-packages/airflow/example_dags/tutorial.py
[2026-04-21T23:02:44.873+0000] {logging_mixin.py:190} INFO - [2026-04-21T23:02:44.872+0000] {dag.py:3239} INFO - Sync 1 DAGs
[2026-04-21T23:02:44.889+0000] {logging_mixin.py:190} INFO - [2026-04-21T23:02:44.889+0000] {dag.py:4180} INFO - Setting next_dagrun for tutorial to 2026-04-20 00:00:00+00:00, run_after=2026-04-21 00:00:00+00:00
[2026-04-21T23:02:44.907+0000] {processor.py:208} INFO - Processing /usr/local/python/3.12.1/lib/python3.12/site-packages/airflow/example_dags/tutorial.py took 0.061 seconds
[2026-04-21T23:04:12.444+0000] {processor.py:186} INFO - Started process (PID=33214) to work on /usr/local/python/3.12.1/lib/python3.12/site-packages/airflow/example_dags/tutorial.py
[2026-04-21T23:04:12.444+0000] {processor.py:914} INFO - Processing file /usr/local/python/3.12.1/lib/python3.12/site-packages/airflow/example_dags/tutorial.py for tasks to queue
[2026-04-21T23:04:12.446+0000] {logging_mixin.py:190} INFO - [2026-04-21T23:04:12.446+0000] {dagbag.py:588} INFO - Filling up the DagBag from /usr/local/python/3.12.1/lib/python3.12/site-packages/airflow/example_dags/tutorial.py
[2026-04-21T23:04:12.453+0000] {processor.py:925} INFO - DAG(s) 'tutorial' retrieved from /usr/local/python/3.12.1/lib/python3.12/site-packages/airflow/example_dags/tutorial.py
[2026-04-21T23:04:12.466+0000] {logging_mixin.py:190} INFO - [2026-04-21T23:04:12.466+0000] {dag.py:3239} INFO - Sync 1 DAGs
[2026-04-21T23:04:12.482+0000] {logging_mixin.py:190} INFO - [2026-04-21T23:04:12.482+0000] {dag.py:4180} INFO - Setting next_dagrun for tutorial to 2026-04-20 00:00:00+00:00, run_after=2026-04-21 00:00:00+00:00
[2026-04-21T23:04:12.499+0000] {processor.py:208} INFO - Processing /usr/local/python/3.12.1/lib/python3.12/site-packages/airflow/example_dags/tutorial.py took 0.060 seconds
[2026-04-21T23:05:34.112+0000] {processor.py:186} INFO - Started process (PID=34291) to work on /usr/local/python/3.12.1/lib/python3.12/site-packages/airflow/example_dags/tutorial.py
[2026-04-21T23:05:34.113+0000] {processor.py:914} INFO - Processing file /usr/local/python/3.12.1/lib/python3.12/site-packages/airflow/example_dags/tutorial.py for tasks to queue
[2026-04-21T23:05:34.115+0000] {logging_mixin.py:190} INFO - [2026-04-21T23:05:34.114+0000] {dagbag.py:588} INFO - Filling up the DagBag from /usr/local/python/3.12.1/lib/python3.12/site-packages/airflow/example_dags/tutorial.py
[2026-04-21T23:05:34.121+0000] {processor.py:925} INFO - DAG(s) 'tutorial' retrieved from /usr/local/python/3.12.1/lib/python3.12/site-packages/airflow/example_dags/tutorial.py
[2026-04-21T23:05:34.134+0000] {logging_mixin.py:190} INFO - [2026-04-21T23:05:34.134+0000] {dag.py:3239} INFO - Sync 1 DAGs
[2026-04-21T23:05:34.149+0000] {logging_mixin.py:190} INFO - [2026-04-21T23:05:34.149+0000] {dag.py:4180} INFO - Setting next_dagrun for tutorial to 2026-04-20 00:00:00+00:00, run_after=2026-04-21 00:00:00+00:00
[2026-04-21T23:05:34.166+0000] {processor.py:208} INFO - Processing /usr/local/python/3.12.1/lib/python3.12/site-packages/airflow/example_dags/tutorial.py took 0.058 seconds
[2026-04-21T23:07:08.163+0000] {processor.py:186} INFO - Started process (PID=35771) to work on /usr/local/python/3.12.1/lib/python3.12/site-packages/airflow/example_dags/tutorial.py
[2026-04-21T23:07:08.164+0000] {processor.py:914} INFO - Processing file /usr/local/python/3.12.1/lib/python3.12/site-packages/airflow/example_dags/tutorial.py for tasks to queue
[2026-04-21T23:07:08.166+0000] {logging_mixin.py:190} INFO - [2026-04-21T23:07:08.166+0000] {dagbag.py:588} INFO - Filling up the DagBag from /usr/local/python/3.12.1/lib/python3.12/site-packages/airflow/example_dags/tutorial.py
[2026-04-21T23:07:08.173+0000] {processor.py:925} INFO - DAG(s) 'tutorial' retrieved from /usr/local/python/3.12.1/lib/python3.12/site-packages/airflow/example_dags/tutorial.py
[2026-04-21T23:07:08.186+0000] {logging_mixin.py:190} INFO - [2026-04-21T23:07:08.186+0000] {dag.py:3239} INFO - Sync 1 DAGs
[2026-04-21T23:07:08.202+0000] {logging_mixin.py:190} INFO - [2026-04-21T23:07:08.201+0000] {dag.py:4180} INFO - Setting next_dagrun for tutorial to 2026-04-20 00:00:00+00:00, run_after=2026-04-21 00:00:00+00:00
[2026-04-21T23:07:08.218+0000] {processor.py:208} INFO - Processing /usr/local/python/3.12.1/lib/python3.12/site-packages/airflow/example_dags/tutorial.py took 0.059 seconds
[2026-04-21T23:08:32.182+0000] {processor.py:186} INFO - Started process (PID=36683) to work on /usr/local/python/3.12.1/lib/python3.12/site-packages/airflow/example_dags/tutorial.py
[2026-04-21T23:08:32.183+0000] {processor.py:914} INFO - Processing file /usr/local/python/3.12.1/lib/python3.12/site-packages/airflow/example_dags/tutorial.py for tasks to queue
[2026-04-21T23:08:32.185+0000] {logging_mixin.py:190} INFO - [2026-04-21T23:08:32.185+0000] {dagbag.py:588} INFO - Filling up the DagBag from /usr/local/python/3.12.1/lib/python3.12/site-packages/airflow/example_dags/tutorial.py
[2026-04-21T23:08:32.192+0000] {processor.py:925} INFO - DAG(s) 'tutorial' retrieved from /usr/local/python/3.12.1/lib/python3.12/site-packages/airflow/example_dags/tutorial.py
[2026-04-21T23:08:32.205+0000] {logging_mixin.py:190} INFO - [2026-04-21T23:08:32.205+0000] {dag.py:3239} INFO - Sync 1 DAGs
[2026-04-21T23:08:32.220+0000] {logging_mixin.py:190} INFO - [2026-04-21T23:08:32.220+0000] {dag.py:4180} INFO - Setting next_dagrun for tutorial to 2026-04-20 00:00:00+00:00, run_after=2026-04-21 00:00:00+00:00
[2026-04-21T23:08:32.237+0000] {processor.py:208} INFO - Processing /usr/local/python/3.12.1/lib/python3.12/site-packages/airflow/example_dags/tutorial.py took 0.059 seconds
[2026-04-21T23:09:52.242+0000] {processor.py:186} INFO - Started process (PID=37588) to work on /usr/local/python/3.12.1/lib/python3.12/site-packages/airflow/example_dags/tutorial.py
[2026-04-21T23:09:52.243+0000] {processor.py:914} INFO - Processing file /usr/local/python/3.12.1/lib/python3.12/site-packages/airflow/example_dags/tutorial.py for tasks to queue
[2026-04-21T23:09:52.245+0000] {logging_mixin.py:190} INFO - [2026-04-21T23:09:52.244+0000] {dagbag.py:588} INFO - Filling up the DagBag from /usr/local/python/3.12.1/lib/python3.12/site-packages/airflow/example_dags/tutorial.py
[2026-04-21T23:09:52.251+0000] {processor.py:925} INFO - DAG(s) 'tutorial' retrieved from /usr/local/python/3.12.1/lib/python3.12/site-packages/airflow/example_dags/tutorial.py
[2026-04-21T23:09:52.264+0000] {logging_mixin.py:190} INFO - [2026-04-21T23:09:52.264+0000] {dag.py:3239} INFO - Sync 1 DAGs
[2026-04-21T23:09:52.280+0000] {logging_mixin.py:190} INFO - [2026-04-21T23:09:52.279+0000] {dag.py:4180} INFO - Setting next_dagrun for tutorial to 2026-04-20 00:00:00+00:00, run_after=2026-04-21 00:00:00+00:00
[2026-04-21T23:09:52.296+0000] {processor.py:208} INFO - Processing /usr/local/python/3.12.1/lib/python3.12/site-packages/airflow/example_dags/tutorial.py took 0.058 seconds
[2026-04-21T23:11:14.189+0000] {processor.py:186} INFO - Started process (PID=38800) to work on /usr/local/python/3.12.1/lib/python3.12/site-packages/airflow/example_dags/tutorial.py
[2026-04-21T23:11:14.190+0000] {processor.py:914} INFO - Processing file /usr/local/python/3.12.1/lib/python3.12/site-packages/airflow/example_dags/tutorial.py for tasks to queue
[2026-04-21T23:11:14.193+0000] {logging_mixin.py:190} INFO - [2026-04-21T23:11:14.192+0000] {dagbag.py:588} INFO - Filling up the DagBag from /usr/local/python/3.12.1/lib/python3.12/site-packages/airflow/example_dags/tutorial.py
[2026-04-21T23:11:14.203+0000] {processor.py:925} INFO - DAG(s) 'tutorial' retrieved from /usr/local/python/3.12.1/lib/python3.12/site-packages/airflow/example_dags/tutorial.py
[2026-04-21T23:11:14.221+0000] {logging_mixin.py:190} INFO - [2026-04-21T23:11:14.221+0000] {dag.py:3239} INFO - Sync 1 DAGs
[2026-04-21T23:11:14.243+0000] {logging_mixin.py:190} INFO - [2026-04-21T23:11:14.243+0000] {dag.py:4180} INFO - Setting next_dagrun for tutorial to 2026-04-20 00:00:00+00:00, run_after=2026-04-21 00:00:00+00:00
[2026-04-21T23:11:14.261+0000] {processor.py:208} INFO - Processing /usr/local/python/3.12.1/lib/python3.12/site-packages/airflow/example_dags/tutorial.py took 0.079 seconds
[2026-04-21T23:12:09.629+0000] {processor.py:186} INFO - Started process (PID=39750) to work on /usr/local/python/3.12.1/lib/python3.12/site-packages/airflow/example_dags/tutorial.py
[2026-04-21T23:12:09.630+0000] {processor.py:914} INFO - Processing file /usr/local/python/3.12.1/lib/python3.12/site-packages/airflow/example_dags/tutorial.py for tasks to queue
[2026-04-21T23:12:09.634+0000] {logging_mixin.py:190} INFO - [2026-04-21T23:12:09.634+0000] {dagbag.py:588} INFO - Filling up the DagBag from /usr/local/python/3.12.1/lib/python3.12/site-packages/airflow/example_dags/tutorial.py
[2026-04-21T23:12:09.662+0000] {processor.py:925} INFO - DAG(s) 'tutorial' retrieved from /usr/local/python/3.12.1/lib/python3.12/site-packages/airflow/example_dags/tutorial.py
[2026-04-21T23:12:09.696+0000] {logging_mixin.py:190} INFO - [2026-04-21T23:12:09.696+0000] {dag.py:3239} INFO - Sync 1 DAGs
[2026-04-21T23:12:09.723+0000] {logging_mixin.py:190} INFO - [2026-04-21T23:12:09.723+0000] {dag.py:4180} INFO - Setting next_dagrun for tutorial to 2026-04-20 00:00:00+00:00, run_after=2026-04-21 00:00:00+00:00
[2026-04-21T23:12:09.747+0000] {processor.py:208} INFO - Processing /usr/local/python/3.12.1/lib/python3.12/site-packages/airflow/example_dags/tutorial.py took 0.125 seconds
