[2026-04-11T17:35:36.271+0000] {local_task_job_runner.py:123} INFO - ::group::Pre task execution logs
[2026-04-11T17:35:36.278+0000] {taskinstance.py:2612} INFO - Dependencies all met for dep_context=non-requeueable deps ti=<TaskInstance: hook_dag_v2.read_data manual__2026-04-11T17:35:33.878084+00:00 [queued]>
[2026-04-11T17:35:36.282+0000] {taskinstance.py:2612} INFO - Dependencies all met for dep_context=requeueable deps ti=<TaskInstance: hook_dag_v2.read_data manual__2026-04-11T17:35:33.878084+00:00 [queued]>
[2026-04-11T17:35:36.282+0000] {taskinstance.py:2865} INFO - Starting attempt 1 of 1
[2026-04-11T17:35:36.293+0000] {taskinstance.py:2888} INFO - Executing <Task(PythonOperator): read_data> on 2026-04-11 17:35:33.878084+00:00
[2026-04-11T17:35:36.296+0000] {standard_task_runner.py:72} INFO - Started process 40305 to run task
[2026-04-11T17:35:36.299+0000] {standard_task_runner.py:104} INFO - Running: ['airflow', 'tasks', 'run', 'hook_dag_v2', 'read_data', 'manual__2026-04-11T17:35:33.878084+00:00', '--job-id', '37', '--raw', '--subdir', 'DAGS_FOLDER/hook_dag_v2.py', '--cfg-path', '/tmp/tmpp71w0oew']
[2026-04-11T17:35:36.299+0000] {standard_task_runner.py:105} INFO - Job 37: Subtask read_data
[2026-04-11T17:35:36.329+0000] {task_command.py:467} INFO - Running <TaskInstance: hook_dag_v2.read_data manual__2026-04-11T17:35:33.878084+00:00 [running]> on host codespaces-1f1e00
[2026-04-11T17:35:36.371+0000] {taskinstance.py:3131} INFO - Exporting env vars: AIRFLOW_CTX_DAG_OWNER='airflow' AIRFLOW_CTX_DAG_ID='hook_dag_v2' AIRFLOW_CTX_TASK_ID='read_data' AIRFLOW_CTX_EXECUTION_DATE='2026-04-11T17:35:33.878084+00:00' AIRFLOW_CTX_TRY_NUMBER='1' AIRFLOW_CTX_DAG_RUN_ID='manual__2026-04-11T17:35:33.878084+00:00'
[2026-04-11T17:35:36.372+0000] {logging_mixin.py:190} INFO - Task instance is in running state
[2026-04-11T17:35:36.372+0000] {logging_mixin.py:190} INFO -  Previous state of the Task instance: queued
[2026-04-11T17:35:36.372+0000] {logging_mixin.py:190} INFO - Current task name:read_data state:running start_date:2026-04-11 17:35:36.278790+00:00
[2026-04-11T17:35:36.372+0000] {logging_mixin.py:190} INFO - Dag name:hook_dag_v2 and current dag run status:running
[2026-04-11T17:35:36.372+0000] {taskinstance.py:731} INFO - ::endgroup::
[2026-04-11T17:35:36.373+0000] {postgres.py:191} INFO - Running copy expert: COPY (SELECT * FROM characters) TO stdout WITH CSV HEADER, filename: /workspaces/meu-projeto-airflow/data/characters.csv
[2026-04-11T17:35:36.376+0000] {base.py:84} INFO - Retrieving connection 'postgres_default'
[2026-04-11T17:35:36.384+0000] {taskinstance.py:3310} ERROR - Task failed with exception
Traceback (most recent call last):
  File "/usr/local/python/3.12.1/lib/python3.12/site-packages/airflow/models/taskinstance.py", line 767, in _execute_task
    result = _execute_callable(context=context, **execute_callable_kwargs)
             ^^^^^^^^^^^^^^^^^^^^^^^^^^^^^^^^^^^^^^^^^^^^^^^^^^^^^^^^^^^^^
  File "/usr/local/python/3.12.1/lib/python3.12/site-packages/airflow/models/taskinstance.py", line 733, in _execute_callable
    return ExecutionCallableRunner(
           ^^^^^^^^^^^^^^^^^^^^^^^^
  File "/usr/local/python/3.12.1/lib/python3.12/site-packages/airflow/utils/operator_helpers.py", line 252, in run
    return self.func(*args, **kwargs)
           ^^^^^^^^^^^^^^^^^^^^^^^^^^
  File "/usr/local/python/3.12.1/lib/python3.12/site-packages/airflow/models/baseoperator.py", line 406, in wrapper
    return func(self, *args, **kwargs)
           ^^^^^^^^^^^^^^^^^^^^^^^^^^^
  File "/usr/local/python/3.12.1/lib/python3.12/site-packages/airflow/operators/python.py", line 238, in execute
    return_value = self.execute_callable()
                   ^^^^^^^^^^^^^^^^^^^^^^^
  File "/usr/local/python/3.12.1/lib/python3.12/site-packages/airflow/operators/python.py", line 256, in execute_callable
    return runner.run(*self.op_args, **self.op_kwargs)
           ^^^^^^^^^^^^^^^^^^^^^^^^^^^^^^^^^^^^^^^^^^^
  File "/usr/local/python/3.12.1/lib/python3.12/site-packages/airflow/utils/operator_helpers.py", line 252, in run
    return self.func(*args, **kwargs)
           ^^^^^^^^^^^^^^^^^^^^^^^^^^
  File "/workspaces/meu-projeto-airflow/dags/hook_dag_v2.py", line 10, in read_data
    pghook.copy_expert(
  File "/usr/local/python/3.12.1/lib/python3.12/site-packages/airflow/providers/postgres/hooks/postgres.py", line 196, in copy_expert
    with open(filename, "r+") as file, closing(self.get_conn()) as conn, closing(conn.cursor()) as cur:
                                               ^^^^^^^^^^^^^^^
  File "/usr/local/python/3.12.1/lib/python3.12/site-packages/airflow/providers/postgres/hooks/postgres.py", line 176, in get_conn
    self.conn = psycopg2.connect(**conn_args)
                ^^^^^^^^^^^^^^^^^^^^^^^^^^^^^
  File "/usr/local/python/3.12.1/lib/python3.12/site-packages/psycopg2/__init__.py", line 122, in connect
    conn = _connect(dsn, connection_factory=connection_factory, **kwasync)
           ^^^^^^^^^^^^^^^^^^^^^^^^^^^^^^^^^^^^^^^^^^^^^^^^^^^^^^^^^^^^^^^
psycopg2.OperationalError: connection to server at "127.0.0.1", port 5432 failed: FATAL:  database "airflow" does not exist

[2026-04-11T17:35:36.388+0000] {logging_mixin.py:190} INFO - Task instance in failure state
[2026-04-11T17:35:36.388+0000] {logging_mixin.py:190} INFO - Task start:2026-04-11 17:35:36.278790+00:00 end:2026-04-11 17:35:36.388325+00:00 duration:0.109535
[2026-04-11T17:35:36.389+0000] {logging_mixin.py:190} INFO - Task:<Task(PythonOperator): read_data> dag:<DAG: hook_dag_v2> dagrun:<DagRun hook_dag_v2 @ 2026-04-11 17:35:33.878084+00:00: manual__2026-04-11T17:35:33.878084+00:00, state:running, queued_at: 2026-04-11 17:35:33.886823+00:00. externally triggered: True>
[2026-04-11T17:35:36.389+0000] {logging_mixin.py:190} INFO - Failure caused by connection to server at "127.0.0.1", port 5432 failed: FATAL:  database "airflow" does not exist
[2026-04-11T17:35:36.389+0000] {taskinstance.py:1225} INFO - Marking task as FAILED. dag_id=hook_dag_v2, task_id=read_data, run_id=manual__2026-04-11T17:35:33.878084+00:00, execution_date=20260411T173533, start_date=20260411T173536, end_date=20260411T173536
[2026-04-11T17:35:36.398+0000] {taskinstance.py:340} INFO - ::group::Post task execution logs
[2026-04-11T17:35:36.399+0000] {standard_task_runner.py:124} ERROR - Failed to execute job 37 for task read_data (connection to server at "127.0.0.1", port 5432 failed: FATAL:  database "airflow" does not exist
; 40305)
Traceback (most recent call last):
  File "/usr/local/python/3.12.1/lib/python3.12/site-packages/airflow/task/task_runner/standard_task_runner.py", line 117, in _start_by_fork
    ret = args.func(args, dag=self.dag)
          ^^^^^^^^^^^^^^^^^^^^^^^^^^^^^
  File "/usr/local/python/3.12.1/lib/python3.12/site-packages/airflow/cli/cli_config.py", line 49, in command
    return func(*args, **kwargs)
           ^^^^^^^^^^^^^^^^^^^^^
  File "/usr/local/python/3.12.1/lib/python3.12/site-packages/airflow/utils/cli.py", line 115, in wrapper
    return f(*args, **kwargs)
           ^^^^^^^^^^^^^^^^^^
  File "/usr/local/python/3.12.1/lib/python3.12/site-packages/airflow/cli/commands/task_command.py", line 483, in task_run
    task_return_code = _run_task_by_selected_method(args, _dag, ti)
                       ^^^^^^^^^^^^^^^^^^^^^^^^^^^^^^^^^^^^^^^^^^^^
  File "/usr/local/python/3.12.1/lib/python3.12/site-packages/airflow/cli/commands/task_command.py", line 256, in _run_task_by_selected_method
    return _run_raw_task(args, ti)
           ^^^^^^^^^^^^^^^^^^^^^^^
  File "/usr/local/python/3.12.1/lib/python3.12/site-packages/airflow/cli/commands/task_command.py", line 341, in _run_raw_task
    return ti._run_raw_task(
           ^^^^^^^^^^^^^^^^^
  File "/usr/local/python/3.12.1/lib/python3.12/site-packages/airflow/utils/session.py", line 97, in wrapper
    return func(*args, session=session, **kwargs)
           ^^^^^^^^^^^^^^^^^^^^^^^^^^^^^^^^^^^^^^
  File "/usr/local/python/3.12.1/lib/python3.12/site-packages/airflow/models/taskinstance.py", line 3004, in _run_raw_task
    return _run_raw_task(
           ^^^^^^^^^^^^^^
  File "/usr/local/python/3.12.1/lib/python3.12/site-packages/airflow/models/taskinstance.py", line 273, in _run_raw_task
    TaskInstance._execute_task_with_callbacks(
  File "/usr/local/python/3.12.1/lib/python3.12/site-packages/airflow/models/taskinstance.py", line 3158, in _execute_task_with_callbacks
    result = self._execute_task(context, task_orig)
             ^^^^^^^^^^^^^^^^^^^^^^^^^^^^^^^^^^^^^^
  File "/usr/local/python/3.12.1/lib/python3.12/site-packages/airflow/models/taskinstance.py", line 3182, in _execute_task
    return _execute_task(self, context, task_orig)
           ^^^^^^^^^^^^^^^^^^^^^^^^^^^^^^^^^^^^^^^
  File "/usr/local/python/3.12.1/lib/python3.12/site-packages/airflow/models/taskinstance.py", line 767, in _execute_task
    result = _execute_callable(context=context, **execute_callable_kwargs)
             ^^^^^^^^^^^^^^^^^^^^^^^^^^^^^^^^^^^^^^^^^^^^^^^^^^^^^^^^^^^^^
  File "/usr/local/python/3.12.1/lib/python3.12/site-packages/airflow/models/taskinstance.py", line 733, in _execute_callable
    return ExecutionCallableRunner(
           ^^^^^^^^^^^^^^^^^^^^^^^^
  File "/usr/local/python/3.12.1/lib/python3.12/site-packages/airflow/utils/operator_helpers.py", line 252, in run
    return self.func(*args, **kwargs)
           ^^^^^^^^^^^^^^^^^^^^^^^^^^
  File "/usr/local/python/3.12.1/lib/python3.12/site-packages/airflow/models/baseoperator.py", line 406, in wrapper
    return func(self, *args, **kwargs)
           ^^^^^^^^^^^^^^^^^^^^^^^^^^^
  File "/usr/local/python/3.12.1/lib/python3.12/site-packages/airflow/operators/python.py", line 238, in execute
    return_value = self.execute_callable()
                   ^^^^^^^^^^^^^^^^^^^^^^^
  File "/usr/local/python/3.12.1/lib/python3.12/site-packages/airflow/operators/python.py", line 256, in execute_callable
    return runner.run(*self.op_args, **self.op_kwargs)
           ^^^^^^^^^^^^^^^^^^^^^^^^^^^^^^^^^^^^^^^^^^^
  File "/usr/local/python/3.12.1/lib/python3.12/site-packages/airflow/utils/operator_helpers.py", line 252, in run
    return self.func(*args, **kwargs)
           ^^^^^^^^^^^^^^^^^^^^^^^^^^
  File "/workspaces/meu-projeto-airflow/dags/hook_dag_v2.py", line 10, in read_data
    pghook.copy_expert(
  File "/usr/local/python/3.12.1/lib/python3.12/site-packages/airflow/providers/postgres/hooks/postgres.py", line 196, in copy_expert
    with open(filename, "r+") as file, closing(self.get_conn()) as conn, closing(conn.cursor()) as cur:
                                               ^^^^^^^^^^^^^^^
  File "/usr/local/python/3.12.1/lib/python3.12/site-packages/airflow/providers/postgres/hooks/postgres.py", line 176, in get_conn
    self.conn = psycopg2.connect(**conn_args)
                ^^^^^^^^^^^^^^^^^^^^^^^^^^^^^
  File "/usr/local/python/3.12.1/lib/python3.12/site-packages/psycopg2/__init__.py", line 122, in connect
    conn = _connect(dsn, connection_factory=connection_factory, **kwasync)
           ^^^^^^^^^^^^^^^^^^^^^^^^^^^^^^^^^^^^^^^^^^^^^^^^^^^^^^^^^^^^^^^
psycopg2.OperationalError: connection to server at "127.0.0.1", port 5432 failed: FATAL:  database "airflow" does not exist

[2026-04-11T17:35:36.432+0000] {local_task_job_runner.py:266} INFO - Task exited with return code 1
[2026-04-11T17:35:36.444+0000] {taskinstance.py:3900} INFO - 0 downstream tasks scheduled from follow-on schedule check
[2026-04-11T17:35:36.450+0000] {local_task_job_runner.py:245} INFO - ::endgroup::
