[2026-04-11T01:12:37.724+0000] {processor.py:186} INFO - Started process (PID=95282) to work on /workspaces/meu-projeto-airflow/dags/hook_dag_v2.py
[2026-04-11T01:12:37.726+0000] {processor.py:914} INFO - Processing file /workspaces/meu-projeto-airflow/dags/hook_dag_v2.py for tasks to queue
[2026-04-11T01:12:37.728+0000] {logging_mixin.py:190} INFO - [2026-04-11T01:12:37.727+0000] {dagbag.py:588} INFO - Filling up the DagBag from /workspaces/meu-projeto-airflow/dags/hook_dag_v2.py
[2026-04-11T01:12:37.742+0000] {processor.py:925} INFO - DAG(s) 'hook_dag_v2' retrieved from /workspaces/meu-projeto-airflow/dags/hook_dag_v2.py
[2026-04-11T01:12:37.899+0000] {logging_mixin.py:190} INFO - [2026-04-11T01:12:37.896+0000] {override.py:1900} INFO - Created Permission View: can delete on DAG:hook_dag_v2
[2026-04-11T01:12:37.909+0000] {logging_mixin.py:190} INFO - [2026-04-11T01:12:37.908+0000] {override.py:1900} INFO - Created Permission View: can read on DAG:hook_dag_v2
[2026-04-11T01:12:37.916+0000] {logging_mixin.py:190} INFO - [2026-04-11T01:12:37.915+0000] {override.py:1900} INFO - Created Permission View: can edit on DAG:hook_dag_v2
[2026-04-11T01:12:37.927+0000] {logging_mixin.py:190} INFO - [2026-04-11T01:12:37.926+0000] {override.py:1900} INFO - Created Permission View: can create on DAG Run:hook_dag_v2
[2026-04-11T01:12:37.933+0000] {logging_mixin.py:190} INFO - [2026-04-11T01:12:37.933+0000] {override.py:1900} INFO - Created Permission View: can delete on DAG Run:hook_dag_v2
[2026-04-11T01:12:37.940+0000] {logging_mixin.py:190} INFO - [2026-04-11T01:12:37.940+0000] {override.py:1900} INFO - Created Permission View: can read on DAG Run:hook_dag_v2
[2026-04-11T01:12:37.946+0000] {logging_mixin.py:190} INFO - [2026-04-11T01:12:37.946+0000] {override.py:1900} INFO - Created Permission View: menu access on DAG Run:hook_dag_v2
[2026-04-11T01:12:37.947+0000] {logging_mixin.py:190} INFO - [2026-04-11T01:12:37.947+0000] {dag.py:3239} INFO - Sync 1 DAGs
[2026-04-11T01:12:37.955+0000] {logging_mixin.py:190} INFO - [2026-04-11T01:12:37.955+0000] {dag.py:3262} INFO - Creating ORM DAG for hook_dag_v2
[2026-04-11T01:12:37.955+0000] {logging_mixin.py:190} INFO - [2026-04-11T01:12:37.955+0000] {dag.py:4180} INFO - Setting next_dagrun for hook_dag_v2 to None, run_after=None
[2026-04-11T01:12:37.980+0000] {processor.py:208} INFO - Processing /workspaces/meu-projeto-airflow/dags/hook_dag_v2.py took 0.268 seconds
[2026-04-11T01:13:08.647+0000] {processor.py:186} INFO - Started process (PID=95646) to work on /workspaces/meu-projeto-airflow/dags/hook_dag_v2.py
[2026-04-11T01:13:08.648+0000] {processor.py:914} INFO - Processing file /workspaces/meu-projeto-airflow/dags/hook_dag_v2.py for tasks to queue
[2026-04-11T01:13:08.649+0000] {logging_mixin.py:190} INFO - [2026-04-11T01:13:08.649+0000] {dagbag.py:588} INFO - Filling up the DagBag from /workspaces/meu-projeto-airflow/dags/hook_dag_v2.py
[2026-04-11T01:13:08.654+0000] {processor.py:925} INFO - DAG(s) 'hook_dag_v2' retrieved from /workspaces/meu-projeto-airflow/dags/hook_dag_v2.py
[2026-04-11T01:13:08.665+0000] {logging_mixin.py:190} INFO - [2026-04-11T01:13:08.665+0000] {dag.py:3239} INFO - Sync 1 DAGs
[2026-04-11T01:13:08.675+0000] {logging_mixin.py:190} INFO - [2026-04-11T01:13:08.675+0000] {dag.py:4180} INFO - Setting next_dagrun for hook_dag_v2 to None, run_after=None
[2026-04-11T01:13:08.693+0000] {processor.py:208} INFO - Processing /workspaces/meu-projeto-airflow/dags/hook_dag_v2.py took 0.050 seconds
[2026-04-11T01:14:05.679+0000] {processor.py:186} INFO - Started process (PID=96131) to work on /workspaces/meu-projeto-airflow/dags/hook_dag_v2.py
[2026-04-11T01:14:05.685+0000] {processor.py:914} INFO - Processing file /workspaces/meu-projeto-airflow/dags/hook_dag_v2.py for tasks to queue
[2026-04-11T01:14:05.686+0000] {logging_mixin.py:190} INFO - [2026-04-11T01:14:05.686+0000] {dagbag.py:588} INFO - Filling up the DagBag from /workspaces/meu-projeto-airflow/dags/hook_dag_v2.py
[2026-04-11T01:14:05.694+0000] {processor.py:925} INFO - DAG(s) 'hook_dag_v2' retrieved from /workspaces/meu-projeto-airflow/dags/hook_dag_v2.py
[2026-04-11T01:14:05.708+0000] {logging_mixin.py:190} INFO - [2026-04-11T01:14:05.708+0000] {dag.py:3239} INFO - Sync 1 DAGs
[2026-04-11T01:14:05.718+0000] {logging_mixin.py:190} INFO - [2026-04-11T01:14:05.718+0000] {dag.py:4180} INFO - Setting next_dagrun for hook_dag_v2 to None, run_after=None
[2026-04-11T01:14:05.733+0000] {processor.py:208} INFO - Processing /workspaces/meu-projeto-airflow/dags/hook_dag_v2.py took 0.064 seconds
[2026-04-11T01:17:34.142+0000] {processor.py:186} INFO - Started process (PID=98174) to work on /workspaces/meu-projeto-airflow/dags/hook_dag_v2.py
[2026-04-11T01:17:34.144+0000] {processor.py:914} INFO - Processing file /workspaces/meu-projeto-airflow/dags/hook_dag_v2.py for tasks to queue
[2026-04-11T01:17:34.149+0000] {logging_mixin.py:190} INFO - [2026-04-11T01:17:34.148+0000] {dagbag.py:588} INFO - Filling up the DagBag from /workspaces/meu-projeto-airflow/dags/hook_dag_v2.py
[2026-04-11T01:17:34.167+0000] {processor.py:925} INFO - DAG(s) 'hook_dag_v2' retrieved from /workspaces/meu-projeto-airflow/dags/hook_dag_v2.py
[2026-04-11T01:17:34.216+0000] {logging_mixin.py:190} INFO - [2026-04-11T01:17:34.216+0000] {dag.py:3239} INFO - Sync 1 DAGs
[2026-04-11T01:17:34.236+0000] {logging_mixin.py:190} INFO - [2026-04-11T01:17:34.236+0000] {dag.py:4180} INFO - Setting next_dagrun for hook_dag_v2 to None, run_after=None
[2026-04-11T01:17:34.258+0000] {processor.py:208} INFO - Processing /workspaces/meu-projeto-airflow/dags/hook_dag_v2.py took 0.135 seconds
[2026-04-11T01:18:32.040+0000] {processor.py:186} INFO - Started process (PID=99047) to work on /workspaces/meu-projeto-airflow/dags/hook_dag_v2.py
[2026-04-11T01:18:32.041+0000] {processor.py:914} INFO - Processing file /workspaces/meu-projeto-airflow/dags/hook_dag_v2.py for tasks to queue
[2026-04-11T01:18:32.044+0000] {logging_mixin.py:190} INFO - [2026-04-11T01:18:32.043+0000] {dagbag.py:588} INFO - Filling up the DagBag from /workspaces/meu-projeto-airflow/dags/hook_dag_v2.py
[2026-04-11T01:18:32.051+0000] {processor.py:925} INFO - DAG(s) 'hook_dag_v2' retrieved from /workspaces/meu-projeto-airflow/dags/hook_dag_v2.py
[2026-04-11T01:18:32.070+0000] {logging_mixin.py:190} INFO - [2026-04-11T01:18:32.070+0000] {dag.py:3239} INFO - Sync 1 DAGs
[2026-04-11T01:18:32.086+0000] {logging_mixin.py:190} INFO - [2026-04-11T01:18:32.085+0000] {dag.py:4180} INFO - Setting next_dagrun for hook_dag_v2 to None, run_after=None
[2026-04-11T01:18:32.119+0000] {processor.py:208} INFO - Processing /workspaces/meu-projeto-airflow/dags/hook_dag_v2.py took 0.085 seconds
[2026-04-11T01:19:29.474+0000] {processor.py:186} INFO - Started process (PID=99854) to work on /workspaces/meu-projeto-airflow/dags/hook_dag_v2.py
[2026-04-11T01:19:29.475+0000] {processor.py:914} INFO - Processing file /workspaces/meu-projeto-airflow/dags/hook_dag_v2.py for tasks to queue
[2026-04-11T01:19:29.477+0000] {logging_mixin.py:190} INFO - [2026-04-11T01:19:29.477+0000] {dagbag.py:588} INFO - Filling up the DagBag from /workspaces/meu-projeto-airflow/dags/hook_dag_v2.py
[2026-04-11T01:19:29.484+0000] {processor.py:925} INFO - DAG(s) 'hook_dag_v2' retrieved from /workspaces/meu-projeto-airflow/dags/hook_dag_v2.py
[2026-04-11T01:19:29.498+0000] {logging_mixin.py:190} INFO - [2026-04-11T01:19:29.498+0000] {dag.py:3239} INFO - Sync 1 DAGs
[2026-04-11T01:19:29.507+0000] {logging_mixin.py:190} INFO - [2026-04-11T01:19:29.507+0000] {dag.py:4180} INFO - Setting next_dagrun for hook_dag_v2 to None, run_after=None
[2026-04-11T01:19:29.522+0000] {processor.py:208} INFO - Processing /workspaces/meu-projeto-airflow/dags/hook_dag_v2.py took 0.052 seconds
[2026-04-11T01:20:26.001+0000] {processor.py:186} INFO - Started process (PID=100657) to work on /workspaces/meu-projeto-airflow/dags/hook_dag_v2.py
[2026-04-11T01:20:26.002+0000] {processor.py:914} INFO - Processing file /workspaces/meu-projeto-airflow/dags/hook_dag_v2.py for tasks to queue
[2026-04-11T01:20:26.003+0000] {logging_mixin.py:190} INFO - [2026-04-11T01:20:26.003+0000] {dagbag.py:588} INFO - Filling up the DagBag from /workspaces/meu-projeto-airflow/dags/hook_dag_v2.py
[2026-04-11T01:20:26.009+0000] {processor.py:925} INFO - DAG(s) 'hook_dag_v2' retrieved from /workspaces/meu-projeto-airflow/dags/hook_dag_v2.py
[2026-04-11T01:20:26.020+0000] {logging_mixin.py:190} INFO - [2026-04-11T01:20:26.020+0000] {dag.py:3239} INFO - Sync 1 DAGs
[2026-04-11T01:20:26.029+0000] {logging_mixin.py:190} INFO - [2026-04-11T01:20:26.029+0000] {dag.py:4180} INFO - Setting next_dagrun for hook_dag_v2 to None, run_after=None
[2026-04-11T01:20:26.044+0000] {processor.py:208} INFO - Processing /workspaces/meu-projeto-airflow/dags/hook_dag_v2.py took 0.048 seconds
[2026-04-11T01:20:56.810+0000] {processor.py:186} INFO - Started process (PID=100958) to work on /workspaces/meu-projeto-airflow/dags/hook_dag_v2.py
[2026-04-11T01:20:56.810+0000] {processor.py:914} INFO - Processing file /workspaces/meu-projeto-airflow/dags/hook_dag_v2.py for tasks to queue
[2026-04-11T01:20:56.812+0000] {logging_mixin.py:190} INFO - [2026-04-11T01:20:56.812+0000] {dagbag.py:588} INFO - Filling up the DagBag from /workspaces/meu-projeto-airflow/dags/hook_dag_v2.py
[2026-04-11T01:20:56.819+0000] {processor.py:925} INFO - DAG(s) 'hook_dag_v2' retrieved from /workspaces/meu-projeto-airflow/dags/hook_dag_v2.py
[2026-04-11T01:20:56.830+0000] {logging_mixin.py:190} INFO - [2026-04-11T01:20:56.829+0000] {dag.py:3239} INFO - Sync 1 DAGs
[2026-04-11T01:20:56.839+0000] {logging_mixin.py:190} INFO - [2026-04-11T01:20:56.839+0000] {dag.py:4180} INFO - Setting next_dagrun for hook_dag_v2 to None, run_after=None
[2026-04-11T01:20:56.854+0000] {processor.py:208} INFO - Processing /workspaces/meu-projeto-airflow/dags/hook_dag_v2.py took 0.050 seconds
[2026-04-11T01:21:30.897+0000] {processor.py:186} INFO - Started process (PID=101229) to work on /workspaces/meu-projeto-airflow/dags/hook_dag_v2.py
[2026-04-11T01:21:30.897+0000] {processor.py:914} INFO - Processing file /workspaces/meu-projeto-airflow/dags/hook_dag_v2.py for tasks to queue
[2026-04-11T01:21:30.899+0000] {logging_mixin.py:190} INFO - [2026-04-11T01:21:30.898+0000] {dagbag.py:588} INFO - Filling up the DagBag from /workspaces/meu-projeto-airflow/dags/hook_dag_v2.py
[2026-04-11T01:21:30.905+0000] {processor.py:925} INFO - DAG(s) 'hook_dag_v2' retrieved from /workspaces/meu-projeto-airflow/dags/hook_dag_v2.py
[2026-04-11T01:21:30.917+0000] {logging_mixin.py:190} INFO - [2026-04-11T01:21:30.917+0000] {dag.py:3239} INFO - Sync 1 DAGs
[2026-04-11T01:21:31.016+0000] {logging_mixin.py:190} INFO - [2026-04-11T01:21:31.016+0000] {dag.py:4180} INFO - Setting next_dagrun for hook_dag_v2 to None, run_after=None
[2026-04-11T01:21:31.030+0000] {processor.py:208} INFO - Processing /workspaces/meu-projeto-airflow/dags/hook_dag_v2.py took 0.138 seconds
[2026-04-11T01:22:04.466+0000] {processor.py:186} INFO - Started process (PID=101578) to work on /workspaces/meu-projeto-airflow/dags/hook_dag_v2.py
[2026-04-11T01:22:04.467+0000] {processor.py:914} INFO - Processing file /workspaces/meu-projeto-airflow/dags/hook_dag_v2.py for tasks to queue
[2026-04-11T01:22:04.469+0000] {logging_mixin.py:190} INFO - [2026-04-11T01:22:04.468+0000] {dagbag.py:588} INFO - Filling up the DagBag from /workspaces/meu-projeto-airflow/dags/hook_dag_v2.py
[2026-04-11T01:22:04.474+0000] {processor.py:925} INFO - DAG(s) 'hook_dag_v2' retrieved from /workspaces/meu-projeto-airflow/dags/hook_dag_v2.py
[2026-04-11T01:22:04.489+0000] {logging_mixin.py:190} INFO - [2026-04-11T01:22:04.489+0000] {dag.py:3239} INFO - Sync 1 DAGs
[2026-04-11T01:22:04.501+0000] {logging_mixin.py:190} INFO - [2026-04-11T01:22:04.500+0000] {dag.py:4180} INFO - Setting next_dagrun for hook_dag_v2 to None, run_after=None
[2026-04-11T01:22:04.516+0000] {processor.py:208} INFO - Processing /workspaces/meu-projeto-airflow/dags/hook_dag_v2.py took 0.054 seconds
[2026-04-11T01:22:58.761+0000] {processor.py:186} INFO - Started process (PID=102258) to work on /workspaces/meu-projeto-airflow/dags/hook_dag_v2.py
[2026-04-11T01:22:58.761+0000] {processor.py:914} INFO - Processing file /workspaces/meu-projeto-airflow/dags/hook_dag_v2.py for tasks to queue
[2026-04-11T01:22:58.763+0000] {logging_mixin.py:190} INFO - [2026-04-11T01:22:58.763+0000] {dagbag.py:588} INFO - Filling up the DagBag from /workspaces/meu-projeto-airflow/dags/hook_dag_v2.py
[2026-04-11T01:22:58.768+0000] {processor.py:925} INFO - DAG(s) 'hook_dag_v2' retrieved from /workspaces/meu-projeto-airflow/dags/hook_dag_v2.py
[2026-04-11T01:22:58.779+0000] {logging_mixin.py:190} INFO - [2026-04-11T01:22:58.779+0000] {dag.py:3239} INFO - Sync 1 DAGs
[2026-04-11T01:22:58.792+0000] {logging_mixin.py:190} INFO - [2026-04-11T01:22:58.792+0000] {dag.py:4180} INFO - Setting next_dagrun for hook_dag_v2 to None, run_after=None
[2026-04-11T01:22:58.809+0000] {processor.py:208} INFO - Processing /workspaces/meu-projeto-airflow/dags/hook_dag_v2.py took 0.052 seconds
[2026-04-11T01:23:52.759+0000] {processor.py:186} INFO - Started process (PID=103101) to work on /workspaces/meu-projeto-airflow/dags/hook_dag_v2.py
[2026-04-11T01:23:52.760+0000] {processor.py:914} INFO - Processing file /workspaces/meu-projeto-airflow/dags/hook_dag_v2.py for tasks to queue
[2026-04-11T01:23:52.761+0000] {logging_mixin.py:190} INFO - [2026-04-11T01:23:52.761+0000] {dagbag.py:588} INFO - Filling up the DagBag from /workspaces/meu-projeto-airflow/dags/hook_dag_v2.py
[2026-04-11T01:23:52.767+0000] {processor.py:925} INFO - DAG(s) 'hook_dag_v2' retrieved from /workspaces/meu-projeto-airflow/dags/hook_dag_v2.py
[2026-04-11T01:23:52.778+0000] {logging_mixin.py:190} INFO - [2026-04-11T01:23:52.778+0000] {dag.py:3239} INFO - Sync 1 DAGs
[2026-04-11T01:23:52.789+0000] {logging_mixin.py:190} INFO - [2026-04-11T01:23:52.789+0000] {dag.py:4180} INFO - Setting next_dagrun for hook_dag_v2 to None, run_after=None
[2026-04-11T01:23:52.807+0000] {processor.py:208} INFO - Processing /workspaces/meu-projeto-airflow/dags/hook_dag_v2.py took 0.052 seconds
[2026-04-11T01:24:48.245+0000] {processor.py:186} INFO - Started process (PID=104004) to work on /workspaces/meu-projeto-airflow/dags/hook_dag_v2.py
[2026-04-11T01:24:48.246+0000] {processor.py:914} INFO - Processing file /workspaces/meu-projeto-airflow/dags/hook_dag_v2.py for tasks to queue
[2026-04-11T01:24:48.247+0000] {logging_mixin.py:190} INFO - [2026-04-11T01:24:48.247+0000] {dagbag.py:588} INFO - Filling up the DagBag from /workspaces/meu-projeto-airflow/dags/hook_dag_v2.py
[2026-04-11T01:24:48.253+0000] {processor.py:925} INFO - DAG(s) 'hook_dag_v2' retrieved from /workspaces/meu-projeto-airflow/dags/hook_dag_v2.py
[2026-04-11T01:24:48.264+0000] {logging_mixin.py:190} INFO - [2026-04-11T01:24:48.264+0000] {dag.py:3239} INFO - Sync 1 DAGs
[2026-04-11T01:24:48.274+0000] {logging_mixin.py:190} INFO - [2026-04-11T01:24:48.274+0000] {dag.py:4180} INFO - Setting next_dagrun for hook_dag_v2 to None, run_after=None
[2026-04-11T01:24:48.292+0000] {processor.py:208} INFO - Processing /workspaces/meu-projeto-airflow/dags/hook_dag_v2.py took 0.051 seconds
[2026-04-11T01:25:48.276+0000] {processor.py:186} INFO - Started process (PID=104739) to work on /workspaces/meu-projeto-airflow/dags/hook_dag_v2.py
[2026-04-11T01:25:48.277+0000] {processor.py:914} INFO - Processing file /workspaces/meu-projeto-airflow/dags/hook_dag_v2.py for tasks to queue
[2026-04-11T01:25:48.279+0000] {logging_mixin.py:190} INFO - [2026-04-11T01:25:48.278+0000] {dagbag.py:588} INFO - Filling up the DagBag from /workspaces/meu-projeto-airflow/dags/hook_dag_v2.py
[2026-04-11T01:25:48.286+0000] {processor.py:925} INFO - DAG(s) 'hook_dag_v2' retrieved from /workspaces/meu-projeto-airflow/dags/hook_dag_v2.py
[2026-04-11T01:25:48.299+0000] {logging_mixin.py:190} INFO - [2026-04-11T01:25:48.299+0000] {dag.py:3239} INFO - Sync 1 DAGs
[2026-04-11T01:25:48.308+0000] {logging_mixin.py:190} INFO - [2026-04-11T01:25:48.308+0000] {dag.py:4180} INFO - Setting next_dagrun for hook_dag_v2 to None, run_after=None
[2026-04-11T01:25:48.323+0000] {processor.py:208} INFO - Processing /workspaces/meu-projeto-airflow/dags/hook_dag_v2.py took 0.052 seconds
[2026-04-11T01:26:19.163+0000] {processor.py:186} INFO - Started process (PID=104989) to work on /workspaces/meu-projeto-airflow/dags/hook_dag_v2.py
[2026-04-11T01:26:19.164+0000] {processor.py:914} INFO - Processing file /workspaces/meu-projeto-airflow/dags/hook_dag_v2.py for tasks to queue
[2026-04-11T01:26:19.165+0000] {logging_mixin.py:190} INFO - [2026-04-11T01:26:19.165+0000] {dagbag.py:588} INFO - Filling up the DagBag from /workspaces/meu-projeto-airflow/dags/hook_dag_v2.py
[2026-04-11T01:26:19.171+0000] {processor.py:925} INFO - DAG(s) 'hook_dag_v2' retrieved from /workspaces/meu-projeto-airflow/dags/hook_dag_v2.py
[2026-04-11T01:26:19.184+0000] {logging_mixin.py:190} INFO - [2026-04-11T01:26:19.184+0000] {dag.py:3239} INFO - Sync 1 DAGs
[2026-04-11T01:26:19.197+0000] {logging_mixin.py:190} INFO - [2026-04-11T01:26:19.196+0000] {dag.py:4180} INFO - Setting next_dagrun for hook_dag_v2 to None, run_after=None
[2026-04-11T01:26:19.212+0000] {processor.py:208} INFO - Processing /workspaces/meu-projeto-airflow/dags/hook_dag_v2.py took 0.053 seconds
[2026-04-11T01:27:18.099+0000] {processor.py:186} INFO - Started process (PID=105507) to work on /workspaces/meu-projeto-airflow/dags/hook_dag_v2.py
[2026-04-11T01:27:18.100+0000] {processor.py:914} INFO - Processing file /workspaces/meu-projeto-airflow/dags/hook_dag_v2.py for tasks to queue
[2026-04-11T01:27:18.101+0000] {logging_mixin.py:190} INFO - [2026-04-11T01:27:18.101+0000] {dagbag.py:588} INFO - Filling up the DagBag from /workspaces/meu-projeto-airflow/dags/hook_dag_v2.py
[2026-04-11T01:27:18.108+0000] {processor.py:925} INFO - DAG(s) 'hook_dag_v2' retrieved from /workspaces/meu-projeto-airflow/dags/hook_dag_v2.py
[2026-04-11T01:27:18.120+0000] {logging_mixin.py:190} INFO - [2026-04-11T01:27:18.120+0000] {dag.py:3239} INFO - Sync 1 DAGs
[2026-04-11T01:27:18.130+0000] {logging_mixin.py:190} INFO - [2026-04-11T01:27:18.130+0000] {dag.py:4180} INFO - Setting next_dagrun for hook_dag_v2 to None, run_after=None
[2026-04-11T01:27:18.145+0000] {processor.py:208} INFO - Processing /workspaces/meu-projeto-airflow/dags/hook_dag_v2.py took 0.050 seconds
[2026-04-11T01:28:14.708+0000] {processor.py:186} INFO - Started process (PID=106075) to work on /workspaces/meu-projeto-airflow/dags/hook_dag_v2.py
[2026-04-11T01:28:14.709+0000] {processor.py:914} INFO - Processing file /workspaces/meu-projeto-airflow/dags/hook_dag_v2.py for tasks to queue
[2026-04-11T01:28:14.711+0000] {logging_mixin.py:190} INFO - [2026-04-11T01:28:14.710+0000] {dagbag.py:588} INFO - Filling up the DagBag from /workspaces/meu-projeto-airflow/dags/hook_dag_v2.py
[2026-04-11T01:28:14.716+0000] {processor.py:925} INFO - DAG(s) 'hook_dag_v2' retrieved from /workspaces/meu-projeto-airflow/dags/hook_dag_v2.py
[2026-04-11T01:28:14.727+0000] {logging_mixin.py:190} INFO - [2026-04-11T01:28:14.727+0000] {dag.py:3239} INFO - Sync 1 DAGs
[2026-04-11T01:28:14.737+0000] {logging_mixin.py:190} INFO - [2026-04-11T01:28:14.737+0000] {dag.py:4180} INFO - Setting next_dagrun for hook_dag_v2 to None, run_after=None
[2026-04-11T01:28:14.754+0000] {processor.py:208} INFO - Processing /workspaces/meu-projeto-airflow/dags/hook_dag_v2.py took 0.050 seconds
[2026-04-11T01:29:12.537+0000] {processor.py:186} INFO - Started process (PID=106746) to work on /workspaces/meu-projeto-airflow/dags/hook_dag_v2.py
[2026-04-11T01:29:12.538+0000] {processor.py:914} INFO - Processing file /workspaces/meu-projeto-airflow/dags/hook_dag_v2.py for tasks to queue
[2026-04-11T01:29:12.539+0000] {logging_mixin.py:190} INFO - [2026-04-11T01:29:12.539+0000] {dagbag.py:588} INFO - Filling up the DagBag from /workspaces/meu-projeto-airflow/dags/hook_dag_v2.py
[2026-04-11T01:29:12.545+0000] {processor.py:925} INFO - DAG(s) 'hook_dag_v2' retrieved from /workspaces/meu-projeto-airflow/dags/hook_dag_v2.py
[2026-04-11T01:29:12.556+0000] {logging_mixin.py:190} INFO - [2026-04-11T01:29:12.556+0000] {dag.py:3239} INFO - Sync 1 DAGs
[2026-04-11T01:29:12.566+0000] {logging_mixin.py:190} INFO - [2026-04-11T01:29:12.566+0000] {dag.py:4180} INFO - Setting next_dagrun for hook_dag_v2 to None, run_after=None
[2026-04-11T01:29:12.583+0000] {processor.py:208} INFO - Processing /workspaces/meu-projeto-airflow/dags/hook_dag_v2.py took 0.050 seconds
[2026-04-11T01:30:07.849+0000] {processor.py:186} INFO - Started process (PID=107250) to work on /workspaces/meu-projeto-airflow/dags/hook_dag_v2.py
[2026-04-11T01:30:07.850+0000] {processor.py:914} INFO - Processing file /workspaces/meu-projeto-airflow/dags/hook_dag_v2.py for tasks to queue
[2026-04-11T01:30:07.852+0000] {logging_mixin.py:190} INFO - [2026-04-11T01:30:07.851+0000] {dagbag.py:588} INFO - Filling up the DagBag from /workspaces/meu-projeto-airflow/dags/hook_dag_v2.py
[2026-04-11T01:30:07.859+0000] {processor.py:925} INFO - DAG(s) 'hook_dag_v2' retrieved from /workspaces/meu-projeto-airflow/dags/hook_dag_v2.py
[2026-04-11T01:30:07.875+0000] {logging_mixin.py:190} INFO - [2026-04-11T01:30:07.874+0000] {dag.py:3239} INFO - Sync 1 DAGs
[2026-04-11T01:30:07.893+0000] {logging_mixin.py:190} INFO - [2026-04-11T01:30:07.893+0000] {dag.py:4180} INFO - Setting next_dagrun for hook_dag_v2 to None, run_after=None
[2026-04-11T01:30:07.944+0000] {processor.py:208} INFO - Processing /workspaces/meu-projeto-airflow/dags/hook_dag_v2.py took 0.102 seconds
[2026-04-11T01:31:05.734+0000] {processor.py:186} INFO - Started process (PID=107864) to work on /workspaces/meu-projeto-airflow/dags/hook_dag_v2.py
[2026-04-11T01:31:05.734+0000] {processor.py:914} INFO - Processing file /workspaces/meu-projeto-airflow/dags/hook_dag_v2.py for tasks to queue
[2026-04-11T01:31:05.736+0000] {logging_mixin.py:190} INFO - [2026-04-11T01:31:05.736+0000] {dagbag.py:588} INFO - Filling up the DagBag from /workspaces/meu-projeto-airflow/dags/hook_dag_v2.py
[2026-04-11T01:31:05.741+0000] {processor.py:925} INFO - DAG(s) 'hook_dag_v2' retrieved from /workspaces/meu-projeto-airflow/dags/hook_dag_v2.py
[2026-04-11T01:31:05.752+0000] {logging_mixin.py:190} INFO - [2026-04-11T01:31:05.752+0000] {dag.py:3239} INFO - Sync 1 DAGs
[2026-04-11T01:31:05.762+0000] {logging_mixin.py:190} INFO - [2026-04-11T01:31:05.762+0000] {dag.py:4180} INFO - Setting next_dagrun for hook_dag_v2 to None, run_after=None
[2026-04-11T01:31:05.779+0000] {processor.py:208} INFO - Processing /workspaces/meu-projeto-airflow/dags/hook_dag_v2.py took 0.050 seconds
[2026-04-11T01:32:00.073+0000] {processor.py:186} INFO - Started process (PID=108416) to work on /workspaces/meu-projeto-airflow/dags/hook_dag_v2.py
[2026-04-11T01:32:00.074+0000] {processor.py:914} INFO - Processing file /workspaces/meu-projeto-airflow/dags/hook_dag_v2.py for tasks to queue
[2026-04-11T01:32:00.076+0000] {logging_mixin.py:190} INFO - [2026-04-11T01:32:00.076+0000] {dagbag.py:588} INFO - Filling up the DagBag from /workspaces/meu-projeto-airflow/dags/hook_dag_v2.py
[2026-04-11T01:32:00.083+0000] {processor.py:925} INFO - DAG(s) 'hook_dag_v2' retrieved from /workspaces/meu-projeto-airflow/dags/hook_dag_v2.py
[2026-04-11T01:32:00.095+0000] {logging_mixin.py:190} INFO - [2026-04-11T01:32:00.095+0000] {dag.py:3239} INFO - Sync 1 DAGs
[2026-04-11T01:32:00.106+0000] {logging_mixin.py:190} INFO - [2026-04-11T01:32:00.106+0000] {dag.py:4180} INFO - Setting next_dagrun for hook_dag_v2 to None, run_after=None
[2026-04-11T01:32:00.122+0000] {processor.py:208} INFO - Processing /workspaces/meu-projeto-airflow/dags/hook_dag_v2.py took 0.052 seconds
[2026-04-11T01:32:56.415+0000] {processor.py:186} INFO - Started process (PID=108964) to work on /workspaces/meu-projeto-airflow/dags/hook_dag_v2.py
[2026-04-11T01:32:56.416+0000] {processor.py:914} INFO - Processing file /workspaces/meu-projeto-airflow/dags/hook_dag_v2.py for tasks to queue
[2026-04-11T01:32:56.417+0000] {logging_mixin.py:190} INFO - [2026-04-11T01:32:56.417+0000] {dagbag.py:588} INFO - Filling up the DagBag from /workspaces/meu-projeto-airflow/dags/hook_dag_v2.py
[2026-04-11T01:32:56.422+0000] {processor.py:925} INFO - DAG(s) 'hook_dag_v2' retrieved from /workspaces/meu-projeto-airflow/dags/hook_dag_v2.py
[2026-04-11T01:32:56.433+0000] {logging_mixin.py:190} INFO - [2026-04-11T01:32:56.433+0000] {dag.py:3239} INFO - Sync 1 DAGs
[2026-04-11T01:32:56.443+0000] {logging_mixin.py:190} INFO - [2026-04-11T01:32:56.443+0000] {dag.py:4180} INFO - Setting next_dagrun for hook_dag_v2 to None, run_after=None
[2026-04-11T01:32:56.458+0000] {processor.py:208} INFO - Processing /workspaces/meu-projeto-airflow/dags/hook_dag_v2.py took 0.047 seconds
[2026-04-11T01:33:49.718+0000] {processor.py:186} INFO - Started process (PID=109804) to work on /workspaces/meu-projeto-airflow/dags/hook_dag_v2.py
[2026-04-11T01:33:49.719+0000] {processor.py:914} INFO - Processing file /workspaces/meu-projeto-airflow/dags/hook_dag_v2.py for tasks to queue
[2026-04-11T01:33:49.720+0000] {logging_mixin.py:190} INFO - [2026-04-11T01:33:49.720+0000] {dagbag.py:588} INFO - Filling up the DagBag from /workspaces/meu-projeto-airflow/dags/hook_dag_v2.py
[2026-04-11T01:33:49.726+0000] {processor.py:925} INFO - DAG(s) 'hook_dag_v2' retrieved from /workspaces/meu-projeto-airflow/dags/hook_dag_v2.py
[2026-04-11T01:33:49.736+0000] {logging_mixin.py:190} INFO - [2026-04-11T01:33:49.736+0000] {dag.py:3239} INFO - Sync 1 DAGs
[2026-04-11T01:33:49.745+0000] {logging_mixin.py:190} INFO - [2026-04-11T01:33:49.745+0000] {dag.py:4180} INFO - Setting next_dagrun for hook_dag_v2 to None, run_after=None
[2026-04-11T01:33:49.760+0000] {processor.py:208} INFO - Processing /workspaces/meu-projeto-airflow/dags/hook_dag_v2.py took 0.046 seconds
