[2026-04-29T00:00:27.458+0000] {processor.py:186} INFO - Started process (PID=68977) to work on /workspaces/meu-projeto-airflow/dags/atividade_pratica2.py
[2026-04-29T00:00:27.459+0000] {processor.py:914} INFO - Processing file /workspaces/meu-projeto-airflow/dags/atividade_pratica2.py for tasks to queue
[2026-04-29T00:00:27.462+0000] {logging_mixin.py:190} INFO - [2026-04-29T00:00:27.461+0000] {dagbag.py:588} INFO - Filling up the DagBag from /workspaces/meu-projeto-airflow/dags/atividade_pratica2.py
[2026-04-29T00:00:27.475+0000] {processor.py:925} INFO - DAG(s) 'atividade_pratica2_cristina' retrieved from /workspaces/meu-projeto-airflow/dags/atividade_pratica2.py
[2026-04-29T00:00:27.499+0000] {logging_mixin.py:190} INFO - [2026-04-29T00:00:27.498+0000] {dag.py:3239} INFO - Sync 1 DAGs
[2026-04-29T00:00:27.520+0000] {logging_mixin.py:190} INFO - [2026-04-29T00:00:27.520+0000] {dag.py:4180} INFO - Setting next_dagrun for atividade_pratica2_cristina to None, run_after=None
[2026-04-29T00:00:27.549+0000] {processor.py:208} INFO - Processing /workspaces/meu-projeto-airflow/dags/atividade_pratica2.py took 0.099 seconds
[2026-04-29T00:01:09.348+0000] {processor.py:186} INFO - Started process (PID=69335) to work on /workspaces/meu-projeto-airflow/dags/atividade_pratica2.py
[2026-04-29T00:01:09.348+0000] {processor.py:914} INFO - Processing file /workspaces/meu-projeto-airflow/dags/atividade_pratica2.py for tasks to queue
[2026-04-29T00:01:09.349+0000] {logging_mixin.py:190} INFO - [2026-04-29T00:01:09.349+0000] {dagbag.py:588} INFO - Filling up the DagBag from /workspaces/meu-projeto-airflow/dags/atividade_pratica2.py
[2026-04-29T00:01:09.356+0000] {processor.py:925} INFO - DAG(s) 'atividade_pratica2_cristina' retrieved from /workspaces/meu-projeto-airflow/dags/atividade_pratica2.py
[2026-04-29T00:01:09.369+0000] {logging_mixin.py:190} INFO - [2026-04-29T00:01:09.368+0000] {dag.py:3239} INFO - Sync 1 DAGs
[2026-04-29T00:01:09.378+0000] {logging_mixin.py:190} INFO - [2026-04-29T00:01:09.378+0000] {dag.py:4180} INFO - Setting next_dagrun for atividade_pratica2_cristina to None, run_after=None
[2026-04-29T00:01:09.394+0000] {processor.py:208} INFO - Processing /workspaces/meu-projeto-airflow/dags/atividade_pratica2.py took 0.051 seconds
[2026-04-29T00:01:51.593+0000] {processor.py:186} INFO - Started process (PID=69812) to work on /workspaces/meu-projeto-airflow/dags/atividade_pratica2.py
[2026-04-29T00:01:51.594+0000] {processor.py:914} INFO - Processing file /workspaces/meu-projeto-airflow/dags/atividade_pratica2.py for tasks to queue
[2026-04-29T00:01:51.595+0000] {logging_mixin.py:190} INFO - [2026-04-29T00:01:51.595+0000] {dagbag.py:588} INFO - Filling up the DagBag from /workspaces/meu-projeto-airflow/dags/atividade_pratica2.py
[2026-04-29T00:01:51.602+0000] {processor.py:925} INFO - DAG(s) 'atividade_pratica2_cristina' retrieved from /workspaces/meu-projeto-airflow/dags/atividade_pratica2.py
[2026-04-29T00:01:51.615+0000] {logging_mixin.py:190} INFO - [2026-04-29T00:01:51.615+0000] {dag.py:3239} INFO - Sync 1 DAGs
[2026-04-29T00:01:51.628+0000] {logging_mixin.py:190} INFO - [2026-04-29T00:01:51.628+0000] {dag.py:4180} INFO - Setting next_dagrun for atividade_pratica2_cristina to None, run_after=None
[2026-04-29T00:01:51.644+0000] {processor.py:208} INFO - Processing /workspaces/meu-projeto-airflow/dags/atividade_pratica2.py took 0.056 seconds
[2026-04-29T00:02:36.273+0000] {processor.py:186} INFO - Started process (PID=70239) to work on /workspaces/meu-projeto-airflow/dags/atividade_pratica2.py
[2026-04-29T00:02:36.277+0000] {processor.py:914} INFO - Processing file /workspaces/meu-projeto-airflow/dags/atividade_pratica2.py for tasks to queue
[2026-04-29T00:02:36.280+0000] {logging_mixin.py:190} INFO - [2026-04-29T00:02:36.280+0000] {dagbag.py:588} INFO - Filling up the DagBag from /workspaces/meu-projeto-airflow/dags/atividade_pratica2.py
[2026-04-29T00:02:36.319+0000] {processor.py:925} INFO - DAG(s) 'atividade_pratica2_cristina' retrieved from /workspaces/meu-projeto-airflow/dags/atividade_pratica2.py
[2026-04-29T00:02:36.392+0000] {logging_mixin.py:190} INFO - [2026-04-29T00:02:36.391+0000] {dag.py:3239} INFO - Sync 1 DAGs
[2026-04-29T00:02:36.475+0000] {logging_mixin.py:190} INFO - [2026-04-29T00:02:36.475+0000] {dag.py:4180} INFO - Setting next_dagrun for atividade_pratica2_cristina to None, run_after=None
[2026-04-29T00:02:36.516+0000] {processor.py:208} INFO - Processing /workspaces/meu-projeto-airflow/dags/atividade_pratica2.py took 0.255 seconds
[2026-04-29T00:03:23.661+0000] {processor.py:186} INFO - Started process (PID=70611) to work on /workspaces/meu-projeto-airflow/dags/atividade_pratica2.py
[2026-04-29T00:03:23.662+0000] {processor.py:914} INFO - Processing file /workspaces/meu-projeto-airflow/dags/atividade_pratica2.py for tasks to queue
[2026-04-29T00:03:23.664+0000] {logging_mixin.py:190} INFO - [2026-04-29T00:03:23.664+0000] {dagbag.py:588} INFO - Filling up the DagBag from /workspaces/meu-projeto-airflow/dags/atividade_pratica2.py
[2026-04-29T00:03:23.673+0000] {processor.py:925} INFO - DAG(s) 'atividade_pratica2_cristina' retrieved from /workspaces/meu-projeto-airflow/dags/atividade_pratica2.py
[2026-04-29T00:03:23.693+0000] {logging_mixin.py:190} INFO - [2026-04-29T00:03:23.693+0000] {dag.py:3239} INFO - Sync 1 DAGs
[2026-04-29T00:03:23.708+0000] {logging_mixin.py:190} INFO - [2026-04-29T00:03:23.708+0000] {dag.py:4180} INFO - Setting next_dagrun for atividade_pratica2_cristina to None, run_after=None
[2026-04-29T00:03:23.734+0000] {processor.py:208} INFO - Processing /workspaces/meu-projeto-airflow/dags/atividade_pratica2.py took 0.080 seconds
[2026-04-29T00:04:10.916+0000] {processor.py:186} INFO - Started process (PID=71056) to work on /workspaces/meu-projeto-airflow/dags/atividade_pratica2.py
[2026-04-29T00:04:10.918+0000] {processor.py:914} INFO - Processing file /workspaces/meu-projeto-airflow/dags/atividade_pratica2.py for tasks to queue
[2026-04-29T00:04:10.920+0000] {logging_mixin.py:190} INFO - [2026-04-29T00:04:10.919+0000] {dagbag.py:588} INFO - Filling up the DagBag from /workspaces/meu-projeto-airflow/dags/atividade_pratica2.py
[2026-04-29T00:04:10.928+0000] {processor.py:925} INFO - DAG(s) 'atividade_pratica2_cristina' retrieved from /workspaces/meu-projeto-airflow/dags/atividade_pratica2.py
[2026-04-29T00:04:10.982+0000] {logging_mixin.py:190} INFO - [2026-04-29T00:04:10.982+0000] {dag.py:3239} INFO - Sync 1 DAGs
[2026-04-29T00:04:10.999+0000] {logging_mixin.py:190} INFO - [2026-04-29T00:04:10.998+0000] {dag.py:4180} INFO - Setting next_dagrun for atividade_pratica2_cristina to None, run_after=None
[2026-04-29T00:04:11.045+0000] {processor.py:208} INFO - Processing /workspaces/meu-projeto-airflow/dags/atividade_pratica2.py took 0.140 seconds
[2026-04-29T00:04:57.549+0000] {processor.py:186} INFO - Started process (PID=71513) to work on /workspaces/meu-projeto-airflow/dags/atividade_pratica2.py
[2026-04-29T00:04:57.550+0000] {processor.py:914} INFO - Processing file /workspaces/meu-projeto-airflow/dags/atividade_pratica2.py for tasks to queue
[2026-04-29T00:04:57.551+0000] {logging_mixin.py:190} INFO - [2026-04-29T00:04:57.551+0000] {dagbag.py:588} INFO - Filling up the DagBag from /workspaces/meu-projeto-airflow/dags/atividade_pratica2.py
[2026-04-29T00:04:57.558+0000] {processor.py:925} INFO - DAG(s) 'atividade_pratica2_cristina' retrieved from /workspaces/meu-projeto-airflow/dags/atividade_pratica2.py
[2026-04-29T00:04:57.570+0000] {logging_mixin.py:190} INFO - [2026-04-29T00:04:57.570+0000] {dag.py:3239} INFO - Sync 1 DAGs
[2026-04-29T00:04:57.580+0000] {logging_mixin.py:190} INFO - [2026-04-29T00:04:57.580+0000] {dag.py:4180} INFO - Setting next_dagrun for atividade_pratica2_cristina to None, run_after=None
[2026-04-29T00:04:57.596+0000] {processor.py:208} INFO - Processing /workspaces/meu-projeto-airflow/dags/atividade_pratica2.py took 0.052 seconds
[2026-04-29T00:05:44.117+0000] {processor.py:186} INFO - Started process (PID=71958) to work on /workspaces/meu-projeto-airflow/dags/atividade_pratica2.py
[2026-04-29T00:05:44.118+0000] {processor.py:914} INFO - Processing file /workspaces/meu-projeto-airflow/dags/atividade_pratica2.py for tasks to queue
[2026-04-29T00:05:44.119+0000] {logging_mixin.py:190} INFO - [2026-04-29T00:05:44.118+0000] {dagbag.py:588} INFO - Filling up the DagBag from /workspaces/meu-projeto-airflow/dags/atividade_pratica2.py
[2026-04-29T00:05:44.127+0000] {processor.py:925} INFO - DAG(s) 'atividade_pratica2_cristina' retrieved from /workspaces/meu-projeto-airflow/dags/atividade_pratica2.py
[2026-04-29T00:05:44.142+0000] {logging_mixin.py:190} INFO - [2026-04-29T00:05:44.142+0000] {dag.py:3239} INFO - Sync 1 DAGs
[2026-04-29T00:05:44.156+0000] {logging_mixin.py:190} INFO - [2026-04-29T00:05:44.155+0000] {dag.py:4180} INFO - Setting next_dagrun for atividade_pratica2_cristina to None, run_after=None
[2026-04-29T00:05:44.374+0000] {processor.py:208} INFO - Processing /workspaces/meu-projeto-airflow/dags/atividade_pratica2.py took 0.262 seconds
[2026-04-29T00:06:35.343+0000] {processor.py:186} INFO - Started process (PID=72494) to work on /workspaces/meu-projeto-airflow/dags/atividade_pratica2.py
[2026-04-29T00:06:35.344+0000] {processor.py:914} INFO - Processing file /workspaces/meu-projeto-airflow/dags/atividade_pratica2.py for tasks to queue
[2026-04-29T00:06:35.345+0000] {logging_mixin.py:190} INFO - [2026-04-29T00:06:35.344+0000] {dagbag.py:588} INFO - Filling up the DagBag from /workspaces/meu-projeto-airflow/dags/atividade_pratica2.py
[2026-04-29T00:06:35.352+0000] {processor.py:925} INFO - DAG(s) 'atividade_pratica2_cristina' retrieved from /workspaces/meu-projeto-airflow/dags/atividade_pratica2.py
[2026-04-29T00:06:35.365+0000] {logging_mixin.py:190} INFO - [2026-04-29T00:06:35.365+0000] {dag.py:3239} INFO - Sync 1 DAGs
[2026-04-29T00:06:35.377+0000] {logging_mixin.py:190} INFO - [2026-04-29T00:06:35.377+0000] {dag.py:4180} INFO - Setting next_dagrun for atividade_pratica2_cristina to None, run_after=None
[2026-04-29T00:06:35.393+0000] {processor.py:208} INFO - Processing /workspaces/meu-projeto-airflow/dags/atividade_pratica2.py took 0.056 seconds
[2026-04-29T00:07:25.879+0000] {processor.py:186} INFO - Started process (PID=72902) to work on /workspaces/meu-projeto-airflow/dags/atividade_pratica2.py
[2026-04-29T00:07:25.879+0000] {processor.py:914} INFO - Processing file /workspaces/meu-projeto-airflow/dags/atividade_pratica2.py for tasks to queue
[2026-04-29T00:07:25.880+0000] {logging_mixin.py:190} INFO - [2026-04-29T00:07:25.880+0000] {dagbag.py:588} INFO - Filling up the DagBag from /workspaces/meu-projeto-airflow/dags/atividade_pratica2.py
[2026-04-29T00:07:25.887+0000] {processor.py:925} INFO - DAG(s) 'atividade_pratica2_cristina' retrieved from /workspaces/meu-projeto-airflow/dags/atividade_pratica2.py
[2026-04-29T00:07:25.900+0000] {logging_mixin.py:190} INFO - [2026-04-29T00:07:25.900+0000] {dag.py:3239} INFO - Sync 1 DAGs
[2026-04-29T00:07:25.909+0000] {logging_mixin.py:190} INFO - [2026-04-29T00:07:25.909+0000] {dag.py:4180} INFO - Setting next_dagrun for atividade_pratica2_cristina to None, run_after=None
[2026-04-29T00:07:25.928+0000] {processor.py:208} INFO - Processing /workspaces/meu-projeto-airflow/dags/atividade_pratica2.py took 0.053 seconds
[2026-04-29T00:08:19.292+0000] {processor.py:186} INFO - Started process (PID=73380) to work on /workspaces/meu-projeto-airflow/dags/atividade_pratica2.py
[2026-04-29T00:08:19.293+0000] {processor.py:914} INFO - Processing file /workspaces/meu-projeto-airflow/dags/atividade_pratica2.py for tasks to queue
[2026-04-29T00:08:19.294+0000] {logging_mixin.py:190} INFO - [2026-04-29T00:08:19.294+0000] {dagbag.py:588} INFO - Filling up the DagBag from /workspaces/meu-projeto-airflow/dags/atividade_pratica2.py
[2026-04-29T00:08:19.301+0000] {processor.py:925} INFO - DAG(s) 'atividade_pratica2_cristina' retrieved from /workspaces/meu-projeto-airflow/dags/atividade_pratica2.py
[2026-04-29T00:08:19.314+0000] {logging_mixin.py:190} INFO - [2026-04-29T00:08:19.314+0000] {dag.py:3239} INFO - Sync 1 DAGs
[2026-04-29T00:08:19.500+0000] {logging_mixin.py:190} INFO - [2026-04-29T00:08:19.500+0000] {dag.py:4180} INFO - Setting next_dagrun for atividade_pratica2_cristina to None, run_after=None
[2026-04-29T00:08:19.517+0000] {processor.py:208} INFO - Processing /workspaces/meu-projeto-airflow/dags/atividade_pratica2.py took 0.229 seconds
[2026-04-29T00:09:10.839+0000] {processor.py:186} INFO - Started process (PID=73857) to work on /workspaces/meu-projeto-airflow/dags/atividade_pratica2.py
[2026-04-29T00:09:10.840+0000] {processor.py:914} INFO - Processing file /workspaces/meu-projeto-airflow/dags/atividade_pratica2.py for tasks to queue
[2026-04-29T00:09:10.841+0000] {logging_mixin.py:190} INFO - [2026-04-29T00:09:10.841+0000] {dagbag.py:588} INFO - Filling up the DagBag from /workspaces/meu-projeto-airflow/dags/atividade_pratica2.py
[2026-04-29T00:09:10.847+0000] {processor.py:925} INFO - DAG(s) 'atividade_pratica2_cristina' retrieved from /workspaces/meu-projeto-airflow/dags/atividade_pratica2.py
[2026-04-29T00:09:10.861+0000] {logging_mixin.py:190} INFO - [2026-04-29T00:09:10.860+0000] {dag.py:3239} INFO - Sync 1 DAGs
[2026-04-29T00:09:10.870+0000] {logging_mixin.py:190} INFO - [2026-04-29T00:09:10.870+0000] {dag.py:4180} INFO - Setting next_dagrun for atividade_pratica2_cristina to None, run_after=None
[2026-04-29T00:09:10.887+0000] {processor.py:208} INFO - Processing /workspaces/meu-projeto-airflow/dags/atividade_pratica2.py took 0.052 seconds
[2026-04-29T00:09:57.899+0000] {processor.py:186} INFO - Started process (PID=74311) to work on /workspaces/meu-projeto-airflow/dags/atividade_pratica2.py
[2026-04-29T00:09:57.900+0000] {processor.py:914} INFO - Processing file /workspaces/meu-projeto-airflow/dags/atividade_pratica2.py for tasks to queue
[2026-04-29T00:09:57.901+0000] {logging_mixin.py:190} INFO - [2026-04-29T00:09:57.901+0000] {dagbag.py:588} INFO - Filling up the DagBag from /workspaces/meu-projeto-airflow/dags/atividade_pratica2.py
[2026-04-29T00:09:57.907+0000] {processor.py:925} INFO - DAG(s) 'atividade_pratica2_cristina' retrieved from /workspaces/meu-projeto-airflow/dags/atividade_pratica2.py
[2026-04-29T00:09:57.923+0000] {logging_mixin.py:190} INFO - [2026-04-29T00:09:57.923+0000] {dag.py:3239} INFO - Sync 1 DAGs
[2026-04-29T00:09:57.935+0000] {logging_mixin.py:190} INFO - [2026-04-29T00:09:57.935+0000] {dag.py:4180} INFO - Setting next_dagrun for atividade_pratica2_cristina to None, run_after=None
[2026-04-29T00:09:58.080+0000] {processor.py:208} INFO - Processing /workspaces/meu-projeto-airflow/dags/atividade_pratica2.py took 0.185 seconds
[2026-04-29T00:10:52.782+0000] {processor.py:186} INFO - Started process (PID=74813) to work on /workspaces/meu-projeto-airflow/dags/atividade_pratica2.py
[2026-04-29T00:10:52.783+0000] {processor.py:914} INFO - Processing file /workspaces/meu-projeto-airflow/dags/atividade_pratica2.py for tasks to queue
[2026-04-29T00:10:52.784+0000] {logging_mixin.py:190} INFO - [2026-04-29T00:10:52.784+0000] {dagbag.py:588} INFO - Filling up the DagBag from /workspaces/meu-projeto-airflow/dags/atividade_pratica2.py
[2026-04-29T00:10:52.791+0000] {processor.py:925} INFO - DAG(s) 'atividade_pratica2_cristina' retrieved from /workspaces/meu-projeto-airflow/dags/atividade_pratica2.py
[2026-04-29T00:10:52.936+0000] {logging_mixin.py:190} INFO - [2026-04-29T00:10:52.935+0000] {dag.py:3239} INFO - Sync 1 DAGs
[2026-04-29T00:10:52.951+0000] {logging_mixin.py:190} INFO - [2026-04-29T00:10:52.951+0000] {dag.py:4180} INFO - Setting next_dagrun for atividade_pratica2_cristina to None, run_after=None
[2026-04-29T00:10:52.974+0000] {processor.py:208} INFO - Processing /workspaces/meu-projeto-airflow/dags/atividade_pratica2.py took 0.196 seconds
[2026-04-29T00:11:49.531+0000] {processor.py:186} INFO - Started process (PID=75412) to work on /workspaces/meu-projeto-airflow/dags/atividade_pratica2.py
[2026-04-29T00:11:49.535+0000] {processor.py:914} INFO - Processing file /workspaces/meu-projeto-airflow/dags/atividade_pratica2.py for tasks to queue
[2026-04-29T00:11:49.536+0000] {logging_mixin.py:190} INFO - [2026-04-29T00:11:49.536+0000] {dagbag.py:588} INFO - Filling up the DagBag from /workspaces/meu-projeto-airflow/dags/atividade_pratica2.py
[2026-04-29T00:11:49.546+0000] {processor.py:925} INFO - DAG(s) 'atividade_pratica2_cristina' retrieved from /workspaces/meu-projeto-airflow/dags/atividade_pratica2.py
[2026-04-29T00:11:49.574+0000] {logging_mixin.py:190} INFO - [2026-04-29T00:11:49.573+0000] {dag.py:3239} INFO - Sync 1 DAGs
[2026-04-29T00:11:49.618+0000] {logging_mixin.py:190} INFO - [2026-04-29T00:11:49.618+0000] {dag.py:4180} INFO - Setting next_dagrun for atividade_pratica2_cristina to None, run_after=None
[2026-04-29T00:11:49.671+0000] {processor.py:208} INFO - Processing /workspaces/meu-projeto-airflow/dags/atividade_pratica2.py took 0.147 seconds
[2026-04-29T00:12:40.555+0000] {processor.py:186} INFO - Started process (PID=76123) to work on /workspaces/meu-projeto-airflow/dags/atividade_pratica2.py
[2026-04-29T00:12:40.556+0000] {processor.py:914} INFO - Processing file /workspaces/meu-projeto-airflow/dags/atividade_pratica2.py for tasks to queue
[2026-04-29T00:12:40.557+0000] {logging_mixin.py:190} INFO - [2026-04-29T00:12:40.556+0000] {dagbag.py:588} INFO - Filling up the DagBag from /workspaces/meu-projeto-airflow/dags/atividade_pratica2.py
[2026-04-29T00:12:40.563+0000] {processor.py:925} INFO - DAG(s) 'atividade_pratica2_cristina' retrieved from /workspaces/meu-projeto-airflow/dags/atividade_pratica2.py
[2026-04-29T00:12:40.576+0000] {logging_mixin.py:190} INFO - [2026-04-29T00:12:40.576+0000] {dag.py:3239} INFO - Sync 1 DAGs
[2026-04-29T00:12:40.719+0000] {logging_mixin.py:190} INFO - [2026-04-29T00:12:40.719+0000] {dag.py:4180} INFO - Setting next_dagrun for atividade_pratica2_cristina to None, run_after=None
[2026-04-29T00:12:40.754+0000] {processor.py:208} INFO - Processing /workspaces/meu-projeto-airflow/dags/atividade_pratica2.py took 0.206 seconds
[2026-04-29T00:13:36.543+0000] {processor.py:186} INFO - Started process (PID=77036) to work on /workspaces/meu-projeto-airflow/dags/atividade_pratica2.py
[2026-04-29T00:13:36.544+0000] {processor.py:914} INFO - Processing file /workspaces/meu-projeto-airflow/dags/atividade_pratica2.py for tasks to queue
[2026-04-29T00:13:36.545+0000] {logging_mixin.py:190} INFO - [2026-04-29T00:13:36.545+0000] {dagbag.py:588} INFO - Filling up the DagBag from /workspaces/meu-projeto-airflow/dags/atividade_pratica2.py
[2026-04-29T00:13:36.552+0000] {processor.py:925} INFO - DAG(s) 'atividade_pratica2_cristina' retrieved from /workspaces/meu-projeto-airflow/dags/atividade_pratica2.py
[2026-04-29T00:13:36.565+0000] {logging_mixin.py:190} INFO - [2026-04-29T00:13:36.564+0000] {dag.py:3239} INFO - Sync 1 DAGs
[2026-04-29T00:13:36.574+0000] {logging_mixin.py:190} INFO - [2026-04-29T00:13:36.574+0000] {dag.py:4180} INFO - Setting next_dagrun for atividade_pratica2_cristina to None, run_after=None
[2026-04-29T00:13:36.591+0000] {processor.py:208} INFO - Processing /workspaces/meu-projeto-airflow/dags/atividade_pratica2.py took 0.053 seconds
[2026-04-29T00:14:25.799+0000] {processor.py:186} INFO - Started process (PID=77626) to work on /workspaces/meu-projeto-airflow/dags/atividade_pratica2.py
[2026-04-29T00:14:25.799+0000] {processor.py:914} INFO - Processing file /workspaces/meu-projeto-airflow/dags/atividade_pratica2.py for tasks to queue
[2026-04-29T00:14:25.800+0000] {logging_mixin.py:190} INFO - [2026-04-29T00:14:25.800+0000] {dagbag.py:588} INFO - Filling up the DagBag from /workspaces/meu-projeto-airflow/dags/atividade_pratica2.py
[2026-04-29T00:14:25.809+0000] {processor.py:925} INFO - DAG(s) 'atividade_pratica2_cristina' retrieved from /workspaces/meu-projeto-airflow/dags/atividade_pratica2.py
[2026-04-29T00:14:25.826+0000] {logging_mixin.py:190} INFO - [2026-04-29T00:14:25.826+0000] {dag.py:3239} INFO - Sync 1 DAGs
[2026-04-29T00:14:25.840+0000] {logging_mixin.py:190} INFO - [2026-04-29T00:14:25.839+0000] {dag.py:4180} INFO - Setting next_dagrun for atividade_pratica2_cristina to None, run_after=None
[2026-04-29T00:14:25.857+0000] {processor.py:208} INFO - Processing /workspaces/meu-projeto-airflow/dags/atividade_pratica2.py took 0.063 seconds
[2026-04-29T00:15:11.000+0000] {processor.py:186} INFO - Started process (PID=78178) to work on /workspaces/meu-projeto-airflow/dags/atividade_pratica2.py
[2026-04-29T00:15:11.001+0000] {processor.py:914} INFO - Processing file /workspaces/meu-projeto-airflow/dags/atividade_pratica2.py for tasks to queue
[2026-04-29T00:15:11.002+0000] {logging_mixin.py:190} INFO - [2026-04-29T00:15:11.001+0000] {dagbag.py:588} INFO - Filling up the DagBag from /workspaces/meu-projeto-airflow/dags/atividade_pratica2.py
[2026-04-29T00:15:11.008+0000] {processor.py:925} INFO - DAG(s) 'atividade_pratica2_cristina' retrieved from /workspaces/meu-projeto-airflow/dags/atividade_pratica2.py
[2026-04-29T00:15:11.024+0000] {logging_mixin.py:190} INFO - [2026-04-29T00:15:11.024+0000] {dag.py:3239} INFO - Sync 1 DAGs
[2026-04-29T00:15:11.036+0000] {logging_mixin.py:190} INFO - [2026-04-29T00:15:11.036+0000] {dag.py:4180} INFO - Setting next_dagrun for atividade_pratica2_cristina to None, run_after=None
[2026-04-29T00:15:11.052+0000] {processor.py:208} INFO - Processing /workspaces/meu-projeto-airflow/dags/atividade_pratica2.py took 0.056 seconds
[2026-04-29T00:15:55.807+0000] {processor.py:186} INFO - Started process (PID=78614) to work on /workspaces/meu-projeto-airflow/dags/atividade_pratica2.py
[2026-04-29T00:15:55.807+0000] {processor.py:914} INFO - Processing file /workspaces/meu-projeto-airflow/dags/atividade_pratica2.py for tasks to queue
[2026-04-29T00:15:55.808+0000] {logging_mixin.py:190} INFO - [2026-04-29T00:15:55.808+0000] {dagbag.py:588} INFO - Filling up the DagBag from /workspaces/meu-projeto-airflow/dags/atividade_pratica2.py
[2026-04-29T00:15:55.816+0000] {processor.py:925} INFO - DAG(s) 'atividade_pratica2_cristina' retrieved from /workspaces/meu-projeto-airflow/dags/atividade_pratica2.py
[2026-04-29T00:15:55.833+0000] {logging_mixin.py:190} INFO - [2026-04-29T00:15:55.832+0000] {dag.py:3239} INFO - Sync 1 DAGs
[2026-04-29T00:15:55.860+0000] {logging_mixin.py:190} INFO - [2026-04-29T00:15:55.860+0000] {dag.py:4180} INFO - Setting next_dagrun for atividade_pratica2_cristina to None, run_after=None
[2026-04-29T00:15:55.912+0000] {processor.py:208} INFO - Processing /workspaces/meu-projeto-airflow/dags/atividade_pratica2.py took 0.109 seconds
[2026-04-29T00:16:42.044+0000] {processor.py:186} INFO - Started process (PID=79377) to work on /workspaces/meu-projeto-airflow/dags/atividade_pratica2.py
[2026-04-29T00:16:42.045+0000] {processor.py:914} INFO - Processing file /workspaces/meu-projeto-airflow/dags/atividade_pratica2.py for tasks to queue
[2026-04-29T00:16:42.046+0000] {logging_mixin.py:190} INFO - [2026-04-29T00:16:42.046+0000] {dagbag.py:588} INFO - Filling up the DagBag from /workspaces/meu-projeto-airflow/dags/atividade_pratica2.py
[2026-04-29T00:16:42.071+0000] {processor.py:925} INFO - DAG(s) 'atividade_pratica2_cristina' retrieved from /workspaces/meu-projeto-airflow/dags/atividade_pratica2.py
[2026-04-29T00:16:42.091+0000] {logging_mixin.py:190} INFO - [2026-04-29T00:16:42.091+0000] {dag.py:3239} INFO - Sync 1 DAGs
[2026-04-29T00:16:42.109+0000] {logging_mixin.py:190} INFO - [2026-04-29T00:16:42.109+0000] {dag.py:4180} INFO - Setting next_dagrun for atividade_pratica2_cristina to None, run_after=None
[2026-04-29T00:16:42.148+0000] {processor.py:208} INFO - Processing /workspaces/meu-projeto-airflow/dags/atividade_pratica2.py took 0.109 seconds
[2026-04-29T00:17:30.161+0000] {processor.py:186} INFO - Started process (PID=80301) to work on /workspaces/meu-projeto-airflow/dags/atividade_pratica2.py
[2026-04-29T00:17:30.162+0000] {processor.py:914} INFO - Processing file /workspaces/meu-projeto-airflow/dags/atividade_pratica2.py for tasks to queue
[2026-04-29T00:17:30.163+0000] {logging_mixin.py:190} INFO - [2026-04-29T00:17:30.163+0000] {dagbag.py:588} INFO - Filling up the DagBag from /workspaces/meu-projeto-airflow/dags/atividade_pratica2.py
[2026-04-29T00:17:30.170+0000] {processor.py:925} INFO - DAG(s) 'atividade_pratica2_cristina' retrieved from /workspaces/meu-projeto-airflow/dags/atividade_pratica2.py
[2026-04-29T00:17:30.183+0000] {logging_mixin.py:190} INFO - [2026-04-29T00:17:30.183+0000] {dag.py:3239} INFO - Sync 1 DAGs
[2026-04-29T00:17:30.195+0000] {logging_mixin.py:190} INFO - [2026-04-29T00:17:30.195+0000] {dag.py:4180} INFO - Setting next_dagrun for atividade_pratica2_cristina to None, run_after=None
[2026-04-29T00:17:30.211+0000] {processor.py:208} INFO - Processing /workspaces/meu-projeto-airflow/dags/atividade_pratica2.py took 0.054 seconds
[2026-04-29T00:18:24.315+0000] {processor.py:186} INFO - Started process (PID=81375) to work on /workspaces/meu-projeto-airflow/dags/atividade_pratica2.py
[2026-04-29T00:18:24.316+0000] {processor.py:914} INFO - Processing file /workspaces/meu-projeto-airflow/dags/atividade_pratica2.py for tasks to queue
[2026-04-29T00:18:24.318+0000] {logging_mixin.py:190} INFO - [2026-04-29T00:18:24.318+0000] {dagbag.py:588} INFO - Filling up the DagBag from /workspaces/meu-projeto-airflow/dags/atividade_pratica2.py
[2026-04-29T00:18:24.326+0000] {processor.py:925} INFO - DAG(s) 'atividade_pratica2_cristina' retrieved from /workspaces/meu-projeto-airflow/dags/atividade_pratica2.py
[2026-04-29T00:18:24.344+0000] {logging_mixin.py:190} INFO - [2026-04-29T00:18:24.344+0000] {dag.py:3239} INFO - Sync 1 DAGs
[2026-04-29T00:18:24.354+0000] {logging_mixin.py:190} INFO - [2026-04-29T00:18:24.354+0000] {dag.py:4180} INFO - Setting next_dagrun for atividade_pratica2_cristina to None, run_after=None
[2026-04-29T00:18:24.370+0000] {processor.py:208} INFO - Processing /workspaces/meu-projeto-airflow/dags/atividade_pratica2.py took 0.061 seconds
[2026-04-29T00:19:10.958+0000] {processor.py:186} INFO - Started process (PID=82301) to work on /workspaces/meu-projeto-airflow/dags/atividade_pratica2.py
[2026-04-29T00:19:10.959+0000] {processor.py:914} INFO - Processing file /workspaces/meu-projeto-airflow/dags/atividade_pratica2.py for tasks to queue
[2026-04-29T00:19:10.960+0000] {logging_mixin.py:190} INFO - [2026-04-29T00:19:10.960+0000] {dagbag.py:588} INFO - Filling up the DagBag from /workspaces/meu-projeto-airflow/dags/atividade_pratica2.py
[2026-04-29T00:19:10.967+0000] {processor.py:925} INFO - DAG(s) 'atividade_pratica2_cristina' retrieved from /workspaces/meu-projeto-airflow/dags/atividade_pratica2.py
[2026-04-29T00:19:10.983+0000] {logging_mixin.py:190} INFO - [2026-04-29T00:19:10.983+0000] {dag.py:3239} INFO - Sync 1 DAGs
[2026-04-29T00:19:10.993+0000] {logging_mixin.py:190} INFO - [2026-04-29T00:19:10.993+0000] {dag.py:4180} INFO - Setting next_dagrun for atividade_pratica2_cristina to None, run_after=None
[2026-04-29T00:19:11.009+0000] {processor.py:208} INFO - Processing /workspaces/meu-projeto-airflow/dags/atividade_pratica2.py took 0.055 seconds
[2026-04-29T00:19:55.749+0000] {processor.py:186} INFO - Started process (PID=83161) to work on /workspaces/meu-projeto-airflow/dags/atividade_pratica2.py
[2026-04-29T00:19:55.750+0000] {processor.py:914} INFO - Processing file /workspaces/meu-projeto-airflow/dags/atividade_pratica2.py for tasks to queue
[2026-04-29T00:19:55.752+0000] {logging_mixin.py:190} INFO - [2026-04-29T00:19:55.751+0000] {dagbag.py:588} INFO - Filling up the DagBag from /workspaces/meu-projeto-airflow/dags/atividade_pratica2.py
[2026-04-29T00:19:55.758+0000] {processor.py:925} INFO - DAG(s) 'atividade_pratica2_cristina' retrieved from /workspaces/meu-projeto-airflow/dags/atividade_pratica2.py
[2026-04-29T00:19:55.771+0000] {logging_mixin.py:190} INFO - [2026-04-29T00:19:55.771+0000] {dag.py:3239} INFO - Sync 1 DAGs
[2026-04-29T00:19:55.782+0000] {logging_mixin.py:190} INFO - [2026-04-29T00:19:55.781+0000] {dag.py:4180} INFO - Setting next_dagrun for atividade_pratica2_cristina to None, run_after=None
[2026-04-29T00:19:55.798+0000] {processor.py:208} INFO - Processing /workspaces/meu-projeto-airflow/dags/atividade_pratica2.py took 0.053 seconds
[2026-04-29T00:20:40.124+0000] {processor.py:186} INFO - Started process (PID=84061) to work on /workspaces/meu-projeto-airflow/dags/atividade_pratica2.py
[2026-04-29T00:20:40.127+0000] {processor.py:914} INFO - Processing file /workspaces/meu-projeto-airflow/dags/atividade_pratica2.py for tasks to queue
[2026-04-29T00:20:40.132+0000] {logging_mixin.py:190} INFO - [2026-04-29T00:20:40.131+0000] {dagbag.py:588} INFO - Filling up the DagBag from /workspaces/meu-projeto-airflow/dags/atividade_pratica2.py
[2026-04-29T00:20:40.149+0000] {processor.py:925} INFO - DAG(s) 'atividade_pratica2_cristina' retrieved from /workspaces/meu-projeto-airflow/dags/atividade_pratica2.py
[2026-04-29T00:20:40.180+0000] {logging_mixin.py:190} INFO - [2026-04-29T00:20:40.180+0000] {dag.py:3239} INFO - Sync 1 DAGs
[2026-04-29T00:20:40.190+0000] {logging_mixin.py:190} INFO - [2026-04-29T00:20:40.190+0000] {dag.py:4180} INFO - Setting next_dagrun for atividade_pratica2_cristina to None, run_after=None
[2026-04-29T00:20:40.207+0000] {processor.py:208} INFO - Processing /workspaces/meu-projeto-airflow/dags/atividade_pratica2.py took 0.096 seconds
[2026-04-29T00:21:27.261+0000] {processor.py:186} INFO - Started process (PID=85011) to work on /workspaces/meu-projeto-airflow/dags/atividade_pratica2.py
[2026-04-29T00:21:27.262+0000] {processor.py:914} INFO - Processing file /workspaces/meu-projeto-airflow/dags/atividade_pratica2.py for tasks to queue
[2026-04-29T00:21:27.264+0000] {logging_mixin.py:190} INFO - [2026-04-29T00:21:27.264+0000] {dagbag.py:588} INFO - Filling up the DagBag from /workspaces/meu-projeto-airflow/dags/atividade_pratica2.py
[2026-04-29T00:21:27.273+0000] {processor.py:925} INFO - DAG(s) 'atividade_pratica2_cristina' retrieved from /workspaces/meu-projeto-airflow/dags/atividade_pratica2.py
[2026-04-29T00:21:27.306+0000] {logging_mixin.py:190} INFO - [2026-04-29T00:21:27.306+0000] {dag.py:3239} INFO - Sync 1 DAGs
[2026-04-29T00:21:27.321+0000] {logging_mixin.py:190} INFO - [2026-04-29T00:21:27.321+0000] {dag.py:4180} INFO - Setting next_dagrun for atividade_pratica2_cristina to None, run_after=None
[2026-04-29T00:21:27.339+0000] {processor.py:208} INFO - Processing /workspaces/meu-projeto-airflow/dags/atividade_pratica2.py took 0.085 seconds
[2026-04-29T00:22:10.969+0000] {processor.py:186} INFO - Started process (PID=85867) to work on /workspaces/meu-projeto-airflow/dags/atividade_pratica2.py
[2026-04-29T00:22:10.970+0000] {processor.py:914} INFO - Processing file /workspaces/meu-projeto-airflow/dags/atividade_pratica2.py for tasks to queue
[2026-04-29T00:22:10.971+0000] {logging_mixin.py:190} INFO - [2026-04-29T00:22:10.971+0000] {dagbag.py:588} INFO - Filling up the DagBag from /workspaces/meu-projeto-airflow/dags/atividade_pratica2.py
[2026-04-29T00:22:10.979+0000] {processor.py:925} INFO - DAG(s) 'atividade_pratica2_cristina' retrieved from /workspaces/meu-projeto-airflow/dags/atividade_pratica2.py
[2026-04-29T00:22:10.996+0000] {logging_mixin.py:190} INFO - [2026-04-29T00:22:10.996+0000] {dag.py:3239} INFO - Sync 1 DAGs
[2026-04-29T00:22:11.006+0000] {logging_mixin.py:190} INFO - [2026-04-29T00:22:11.006+0000] {dag.py:4180} INFO - Setting next_dagrun for atividade_pratica2_cristina to None, run_after=None
[2026-04-29T00:22:11.023+0000] {processor.py:208} INFO - Processing /workspaces/meu-projeto-airflow/dags/atividade_pratica2.py took 0.060 seconds
[2026-04-29T00:22:55.723+0000] {processor.py:186} INFO - Started process (PID=86728) to work on /workspaces/meu-projeto-airflow/dags/atividade_pratica2.py
[2026-04-29T00:22:55.724+0000] {processor.py:914} INFO - Processing file /workspaces/meu-projeto-airflow/dags/atividade_pratica2.py for tasks to queue
[2026-04-29T00:22:55.726+0000] {logging_mixin.py:190} INFO - [2026-04-29T00:22:55.726+0000] {dagbag.py:588} INFO - Filling up the DagBag from /workspaces/meu-projeto-airflow/dags/atividade_pratica2.py
[2026-04-29T00:22:55.735+0000] {processor.py:925} INFO - DAG(s) 'atividade_pratica2_cristina' retrieved from /workspaces/meu-projeto-airflow/dags/atividade_pratica2.py
[2026-04-29T00:22:55.748+0000] {logging_mixin.py:190} INFO - [2026-04-29T00:22:55.748+0000] {dag.py:3239} INFO - Sync 1 DAGs
[2026-04-29T00:22:55.759+0000] {logging_mixin.py:190} INFO - [2026-04-29T00:22:55.758+0000] {dag.py:4180} INFO - Setting next_dagrun for atividade_pratica2_cristina to None, run_after=None
[2026-04-29T00:22:55.775+0000] {processor.py:208} INFO - Processing /workspaces/meu-projeto-airflow/dags/atividade_pratica2.py took 0.057 seconds
[2026-04-29T00:23:42.690+0000] {processor.py:186} INFO - Started process (PID=87695) to work on /workspaces/meu-projeto-airflow/dags/atividade_pratica2.py
[2026-04-29T00:23:42.691+0000] {processor.py:914} INFO - Processing file /workspaces/meu-projeto-airflow/dags/atividade_pratica2.py for tasks to queue
[2026-04-29T00:23:42.692+0000] {logging_mixin.py:190} INFO - [2026-04-29T00:23:42.692+0000] {dagbag.py:588} INFO - Filling up the DagBag from /workspaces/meu-projeto-airflow/dags/atividade_pratica2.py
[2026-04-29T00:23:42.699+0000] {processor.py:925} INFO - DAG(s) 'atividade_pratica2_cristina' retrieved from /workspaces/meu-projeto-airflow/dags/atividade_pratica2.py
[2026-04-29T00:23:42.712+0000] {logging_mixin.py:190} INFO - [2026-04-29T00:23:42.712+0000] {dag.py:3239} INFO - Sync 1 DAGs
[2026-04-29T00:23:42.725+0000] {logging_mixin.py:190} INFO - [2026-04-29T00:23:42.725+0000] {dag.py:4180} INFO - Setting next_dagrun for atividade_pratica2_cristina to None, run_after=None
[2026-04-29T00:23:42.742+0000] {processor.py:208} INFO - Processing /workspaces/meu-projeto-airflow/dags/atividade_pratica2.py took 0.057 seconds
[2026-04-29T00:24:28.363+0000] {processor.py:186} INFO - Started process (PID=88577) to work on /workspaces/meu-projeto-airflow/dags/atividade_pratica2.py
[2026-04-29T00:24:28.364+0000] {processor.py:914} INFO - Processing file /workspaces/meu-projeto-airflow/dags/atividade_pratica2.py for tasks to queue
[2026-04-29T00:24:28.366+0000] {logging_mixin.py:190} INFO - [2026-04-29T00:24:28.365+0000] {dagbag.py:588} INFO - Filling up the DagBag from /workspaces/meu-projeto-airflow/dags/atividade_pratica2.py
[2026-04-29T00:24:28.372+0000] {processor.py:925} INFO - DAG(s) 'atividade_pratica2_cristina' retrieved from /workspaces/meu-projeto-airflow/dags/atividade_pratica2.py
[2026-04-29T00:24:28.388+0000] {logging_mixin.py:190} INFO - [2026-04-29T00:24:28.388+0000] {dag.py:3239} INFO - Sync 1 DAGs
[2026-04-29T00:24:28.398+0000] {logging_mixin.py:190} INFO - [2026-04-29T00:24:28.398+0000] {dag.py:4180} INFO - Setting next_dagrun for atividade_pratica2_cristina to None, run_after=None
[2026-04-29T00:24:28.416+0000] {processor.py:208} INFO - Processing /workspaces/meu-projeto-airflow/dags/atividade_pratica2.py took 0.058 seconds
[2026-04-29T00:25:12.060+0000] {processor.py:186} INFO - Started process (PID=89453) to work on /workspaces/meu-projeto-airflow/dags/atividade_pratica2.py
[2026-04-29T00:25:12.061+0000] {processor.py:914} INFO - Processing file /workspaces/meu-projeto-airflow/dags/atividade_pratica2.py for tasks to queue
[2026-04-29T00:25:12.062+0000] {logging_mixin.py:190} INFO - [2026-04-29T00:25:12.062+0000] {dagbag.py:588} INFO - Filling up the DagBag from /workspaces/meu-projeto-airflow/dags/atividade_pratica2.py
[2026-04-29T00:25:12.069+0000] {processor.py:925} INFO - DAG(s) 'atividade_pratica2_cristina' retrieved from /workspaces/meu-projeto-airflow/dags/atividade_pratica2.py
[2026-04-29T00:25:12.082+0000] {logging_mixin.py:190} INFO - [2026-04-29T00:25:12.082+0000] {dag.py:3239} INFO - Sync 1 DAGs
[2026-04-29T00:25:12.092+0000] {logging_mixin.py:190} INFO - [2026-04-29T00:25:12.092+0000] {dag.py:4180} INFO - Setting next_dagrun for atividade_pratica2_cristina to None, run_after=None
[2026-04-29T00:25:12.108+0000] {processor.py:208} INFO - Processing /workspaces/meu-projeto-airflow/dags/atividade_pratica2.py took 0.052 seconds
[2026-04-29T00:25:59.109+0000] {processor.py:186} INFO - Started process (PID=90377) to work on /workspaces/meu-projeto-airflow/dags/atividade_pratica2.py
[2026-04-29T00:25:59.109+0000] {processor.py:914} INFO - Processing file /workspaces/meu-projeto-airflow/dags/atividade_pratica2.py for tasks to queue
[2026-04-29T00:25:59.110+0000] {logging_mixin.py:190} INFO - [2026-04-29T00:25:59.110+0000] {dagbag.py:588} INFO - Filling up the DagBag from /workspaces/meu-projeto-airflow/dags/atividade_pratica2.py
[2026-04-29T00:25:59.118+0000] {processor.py:925} INFO - DAG(s) 'atividade_pratica2_cristina' retrieved from /workspaces/meu-projeto-airflow/dags/atividade_pratica2.py
[2026-04-29T00:25:59.134+0000] {logging_mixin.py:190} INFO - [2026-04-29T00:25:59.134+0000] {dag.py:3239} INFO - Sync 1 DAGs
[2026-04-29T00:25:59.145+0000] {logging_mixin.py:190} INFO - [2026-04-29T00:25:59.145+0000] {dag.py:4180} INFO - Setting next_dagrun for atividade_pratica2_cristina to None, run_after=None
[2026-04-29T00:25:59.164+0000] {processor.py:208} INFO - Processing /workspaces/meu-projeto-airflow/dags/atividade_pratica2.py took 0.060 seconds
[2026-04-29T00:26:44.644+0000] {processor.py:186} INFO - Started process (PID=91271) to work on /workspaces/meu-projeto-airflow/dags/atividade_pratica2.py
[2026-04-29T00:26:44.645+0000] {processor.py:914} INFO - Processing file /workspaces/meu-projeto-airflow/dags/atividade_pratica2.py for tasks to queue
[2026-04-29T00:26:44.646+0000] {logging_mixin.py:190} INFO - [2026-04-29T00:26:44.646+0000] {dagbag.py:588} INFO - Filling up the DagBag from /workspaces/meu-projeto-airflow/dags/atividade_pratica2.py
[2026-04-29T00:26:44.654+0000] {processor.py:925} INFO - DAG(s) 'atividade_pratica2_cristina' retrieved from /workspaces/meu-projeto-airflow/dags/atividade_pratica2.py
[2026-04-29T00:26:44.667+0000] {logging_mixin.py:190} INFO - [2026-04-29T00:26:44.667+0000] {dag.py:3239} INFO - Sync 1 DAGs
[2026-04-29T00:26:44.677+0000] {logging_mixin.py:190} INFO - [2026-04-29T00:26:44.677+0000] {dag.py:4180} INFO - Setting next_dagrun for atividade_pratica2_cristina to None, run_after=None
[2026-04-29T00:26:44.695+0000] {processor.py:208} INFO - Processing /workspaces/meu-projeto-airflow/dags/atividade_pratica2.py took 0.055 seconds
[2026-04-29T00:27:32.325+0000] {processor.py:186} INFO - Started process (PID=92275) to work on /workspaces/meu-projeto-airflow/dags/atividade_pratica2.py
[2026-04-29T00:27:32.326+0000] {processor.py:914} INFO - Processing file /workspaces/meu-projeto-airflow/dags/atividade_pratica2.py for tasks to queue
[2026-04-29T00:27:32.328+0000] {logging_mixin.py:190} INFO - [2026-04-29T00:27:32.327+0000] {dagbag.py:588} INFO - Filling up the DagBag from /workspaces/meu-projeto-airflow/dags/atividade_pratica2.py
[2026-04-29T00:27:32.335+0000] {processor.py:925} INFO - DAG(s) 'atividade_pratica2_cristina' retrieved from /workspaces/meu-projeto-airflow/dags/atividade_pratica2.py
[2026-04-29T00:27:32.349+0000] {logging_mixin.py:190} INFO - [2026-04-29T00:27:32.349+0000] {dag.py:3239} INFO - Sync 1 DAGs
[2026-04-29T00:27:32.360+0000] {logging_mixin.py:190} INFO - [2026-04-29T00:27:32.359+0000] {dag.py:4180} INFO - Setting next_dagrun for atividade_pratica2_cristina to None, run_after=None
[2026-04-29T00:27:32.383+0000] {processor.py:208} INFO - Processing /workspaces/meu-projeto-airflow/dags/atividade_pratica2.py took 0.064 seconds
[2026-04-29T00:28:34.805+0000] {processor.py:186} INFO - Started process (PID=93498) to work on /workspaces/meu-projeto-airflow/dags/atividade_pratica2.py
[2026-04-29T00:28:34.806+0000] {processor.py:914} INFO - Processing file /workspaces/meu-projeto-airflow/dags/atividade_pratica2.py for tasks to queue
[2026-04-29T00:28:34.808+0000] {logging_mixin.py:190} INFO - [2026-04-29T00:28:34.807+0000] {dagbag.py:588} INFO - Filling up the DagBag from /workspaces/meu-projeto-airflow/dags/atividade_pratica2.py
[2026-04-29T00:28:34.817+0000] {processor.py:925} INFO - DAG(s) 'atividade_pratica2_cristina' retrieved from /workspaces/meu-projeto-airflow/dags/atividade_pratica2.py
[2026-04-29T00:28:34.838+0000] {logging_mixin.py:190} INFO - [2026-04-29T00:28:34.838+0000] {dag.py:3239} INFO - Sync 1 DAGs
[2026-04-29T00:28:34.848+0000] {logging_mixin.py:190} INFO - [2026-04-29T00:28:34.848+0000] {dag.py:4180} INFO - Setting next_dagrun for atividade_pratica2_cristina to None, run_after=None
[2026-04-29T00:28:34.865+0000] {processor.py:208} INFO - Processing /workspaces/meu-projeto-airflow/dags/atividade_pratica2.py took 0.065 seconds
[2026-04-29T00:29:31.803+0000] {processor.py:186} INFO - Started process (PID=94656) to work on /workspaces/meu-projeto-airflow/dags/atividade_pratica2.py
[2026-04-29T00:29:31.803+0000] {processor.py:914} INFO - Processing file /workspaces/meu-projeto-airflow/dags/atividade_pratica2.py for tasks to queue
[2026-04-29T00:29:31.805+0000] {logging_mixin.py:190} INFO - [2026-04-29T00:29:31.804+0000] {dagbag.py:588} INFO - Filling up the DagBag from /workspaces/meu-projeto-airflow/dags/atividade_pratica2.py
[2026-04-29T00:29:31.812+0000] {processor.py:925} INFO - DAG(s) 'atividade_pratica2_cristina' retrieved from /workspaces/meu-projeto-airflow/dags/atividade_pratica2.py
[2026-04-29T00:29:31.834+0000] {logging_mixin.py:190} INFO - [2026-04-29T00:29:31.832+0000] {dag.py:3239} INFO - Sync 1 DAGs
[2026-04-29T00:29:31.851+0000] {logging_mixin.py:190} INFO - [2026-04-29T00:29:31.850+0000] {dag.py:4180} INFO - Setting next_dagrun for atividade_pratica2_cristina to None, run_after=None
[2026-04-29T00:29:31.867+0000] {processor.py:208} INFO - Processing /workspaces/meu-projeto-airflow/dags/atividade_pratica2.py took 0.068 seconds
[2026-04-29T00:30:17.247+0000] {processor.py:186} INFO - Started process (PID=95588) to work on /workspaces/meu-projeto-airflow/dags/atividade_pratica2.py
[2026-04-29T00:30:17.248+0000] {processor.py:914} INFO - Processing file /workspaces/meu-projeto-airflow/dags/atividade_pratica2.py for tasks to queue
[2026-04-29T00:30:17.249+0000] {logging_mixin.py:190} INFO - [2026-04-29T00:30:17.249+0000] {dagbag.py:588} INFO - Filling up the DagBag from /workspaces/meu-projeto-airflow/dags/atividade_pratica2.py
[2026-04-29T00:30:17.256+0000] {processor.py:925} INFO - DAG(s) 'atividade_pratica2_cristina' retrieved from /workspaces/meu-projeto-airflow/dags/atividade_pratica2.py
[2026-04-29T00:30:17.270+0000] {logging_mixin.py:190} INFO - [2026-04-29T00:30:17.269+0000] {dag.py:3239} INFO - Sync 1 DAGs
[2026-04-29T00:30:17.279+0000] {logging_mixin.py:190} INFO - [2026-04-29T00:30:17.279+0000] {dag.py:4180} INFO - Setting next_dagrun for atividade_pratica2_cristina to None, run_after=None
[2026-04-29T00:30:17.295+0000] {processor.py:208} INFO - Processing /workspaces/meu-projeto-airflow/dags/atividade_pratica2.py took 0.053 seconds
[2026-04-29T00:31:41.614+0000] {processor.py:186} INFO - Started process (PID=97243) to work on /workspaces/meu-projeto-airflow/dags/atividade_pratica2.py
[2026-04-29T00:31:41.615+0000] {processor.py:914} INFO - Processing file /workspaces/meu-projeto-airflow/dags/atividade_pratica2.py for tasks to queue
[2026-04-29T00:31:41.616+0000] {logging_mixin.py:190} INFO - [2026-04-29T00:31:41.616+0000] {dagbag.py:588} INFO - Filling up the DagBag from /workspaces/meu-projeto-airflow/dags/atividade_pratica2.py
[2026-04-29T00:31:41.623+0000] {processor.py:925} INFO - DAG(s) 'atividade_pratica2_cristina' retrieved from /workspaces/meu-projeto-airflow/dags/atividade_pratica2.py
[2026-04-29T00:31:41.636+0000] {logging_mixin.py:190} INFO - [2026-04-29T00:31:41.636+0000] {dag.py:3239} INFO - Sync 1 DAGs
[2026-04-29T00:31:41.649+0000] {logging_mixin.py:190} INFO - [2026-04-29T00:31:41.649+0000] {dag.py:4180} INFO - Setting next_dagrun for atividade_pratica2_cristina to None, run_after=None
[2026-04-29T00:31:41.667+0000] {processor.py:208} INFO - Processing /workspaces/meu-projeto-airflow/dags/atividade_pratica2.py took 0.057 seconds
[2026-04-29T00:32:27.718+0000] {processor.py:186} INFO - Started process (PID=98180) to work on /workspaces/meu-projeto-airflow/dags/atividade_pratica2.py
[2026-04-29T00:32:27.719+0000] {processor.py:914} INFO - Processing file /workspaces/meu-projeto-airflow/dags/atividade_pratica2.py for tasks to queue
[2026-04-29T00:32:27.720+0000] {logging_mixin.py:190} INFO - [2026-04-29T00:32:27.719+0000] {dagbag.py:588} INFO - Filling up the DagBag from /workspaces/meu-projeto-airflow/dags/atividade_pratica2.py
[2026-04-29T00:32:27.729+0000] {processor.py:925} INFO - DAG(s) 'atividade_pratica2_cristina' retrieved from /workspaces/meu-projeto-airflow/dags/atividade_pratica2.py
[2026-04-29T00:32:27.746+0000] {logging_mixin.py:190} INFO - [2026-04-29T00:32:27.745+0000] {dag.py:3239} INFO - Sync 1 DAGs
[2026-04-29T00:32:27.756+0000] {logging_mixin.py:190} INFO - [2026-04-29T00:32:27.756+0000] {dag.py:4180} INFO - Setting next_dagrun for atividade_pratica2_cristina to None, run_after=None
[2026-04-29T00:32:27.773+0000] {processor.py:208} INFO - Processing /workspaces/meu-projeto-airflow/dags/atividade_pratica2.py took 0.060 seconds
[2026-04-29T00:33:14.545+0000] {processor.py:186} INFO - Started process (PID=99088) to work on /workspaces/meu-projeto-airflow/dags/atividade_pratica2.py
[2026-04-29T00:33:14.546+0000] {processor.py:914} INFO - Processing file /workspaces/meu-projeto-airflow/dags/atividade_pratica2.py for tasks to queue
[2026-04-29T00:33:14.547+0000] {logging_mixin.py:190} INFO - [2026-04-29T00:33:14.546+0000] {dagbag.py:588} INFO - Filling up the DagBag from /workspaces/meu-projeto-airflow/dags/atividade_pratica2.py
[2026-04-29T00:33:14.553+0000] {processor.py:925} INFO - DAG(s) 'atividade_pratica2_cristina' retrieved from /workspaces/meu-projeto-airflow/dags/atividade_pratica2.py
[2026-04-29T00:33:14.567+0000] {logging_mixin.py:190} INFO - [2026-04-29T00:33:14.567+0000] {dag.py:3239} INFO - Sync 1 DAGs
[2026-04-29T00:33:14.577+0000] {logging_mixin.py:190} INFO - [2026-04-29T00:33:14.577+0000] {dag.py:4180} INFO - Setting next_dagrun for atividade_pratica2_cristina to None, run_after=None
[2026-04-29T00:33:14.594+0000] {processor.py:208} INFO - Processing /workspaces/meu-projeto-airflow/dags/atividade_pratica2.py took 0.054 seconds
[2026-04-29T00:34:00.241+0000] {processor.py:186} INFO - Started process (PID=99976) to work on /workspaces/meu-projeto-airflow/dags/atividade_pratica2.py
[2026-04-29T00:34:00.241+0000] {processor.py:914} INFO - Processing file /workspaces/meu-projeto-airflow/dags/atividade_pratica2.py for tasks to queue
[2026-04-29T00:34:00.242+0000] {logging_mixin.py:190} INFO - [2026-04-29T00:34:00.242+0000] {dagbag.py:588} INFO - Filling up the DagBag from /workspaces/meu-projeto-airflow/dags/atividade_pratica2.py
[2026-04-29T00:34:00.250+0000] {processor.py:925} INFO - DAG(s) 'atividade_pratica2_cristina' retrieved from /workspaces/meu-projeto-airflow/dags/atividade_pratica2.py
[2026-04-29T00:34:00.264+0000] {logging_mixin.py:190} INFO - [2026-04-29T00:34:00.263+0000] {dag.py:3239} INFO - Sync 1 DAGs
[2026-04-29T00:34:00.275+0000] {logging_mixin.py:190} INFO - [2026-04-29T00:34:00.275+0000] {dag.py:4180} INFO - Setting next_dagrun for atividade_pratica2_cristina to None, run_after=None
[2026-04-29T00:34:00.292+0000] {processor.py:208} INFO - Processing /workspaces/meu-projeto-airflow/dags/atividade_pratica2.py took 0.056 seconds
[2026-04-29T00:34:47.803+0000] {processor.py:186} INFO - Started process (PID=100976) to work on /workspaces/meu-projeto-airflow/dags/atividade_pratica2.py
[2026-04-29T00:34:47.805+0000] {processor.py:914} INFO - Processing file /workspaces/meu-projeto-airflow/dags/atividade_pratica2.py for tasks to queue
[2026-04-29T00:34:47.807+0000] {logging_mixin.py:190} INFO - [2026-04-29T00:34:47.806+0000] {dagbag.py:588} INFO - Filling up the DagBag from /workspaces/meu-projeto-airflow/dags/atividade_pratica2.py
[2026-04-29T00:34:47.817+0000] {processor.py:925} INFO - DAG(s) 'atividade_pratica2_cristina' retrieved from /workspaces/meu-projeto-airflow/dags/atividade_pratica2.py
[2026-04-29T00:34:47.890+0000] {logging_mixin.py:190} INFO - [2026-04-29T00:34:47.888+0000] {dag.py:3239} INFO - Sync 1 DAGs
[2026-04-29T00:34:47.936+0000] {logging_mixin.py:190} INFO - [2026-04-29T00:34:47.936+0000] {dag.py:4180} INFO - Setting next_dagrun for atividade_pratica2_cristina to None, run_after=None
[2026-04-29T00:34:47.971+0000] {processor.py:208} INFO - Processing /workspaces/meu-projeto-airflow/dags/atividade_pratica2.py took 0.183 seconds
[2026-04-29T00:35:35.108+0000] {processor.py:186} INFO - Started process (PID=101868) to work on /workspaces/meu-projeto-airflow/dags/atividade_pratica2.py
[2026-04-29T00:35:35.109+0000] {processor.py:914} INFO - Processing file /workspaces/meu-projeto-airflow/dags/atividade_pratica2.py for tasks to queue
[2026-04-29T00:35:35.110+0000] {logging_mixin.py:190} INFO - [2026-04-29T00:35:35.109+0000] {dagbag.py:588} INFO - Filling up the DagBag from /workspaces/meu-projeto-airflow/dags/atividade_pratica2.py
[2026-04-29T00:35:35.118+0000] {processor.py:925} INFO - DAG(s) 'atividade_pratica2_cristina' retrieved from /workspaces/meu-projeto-airflow/dags/atividade_pratica2.py
[2026-04-29T00:35:35.135+0000] {logging_mixin.py:190} INFO - [2026-04-29T00:35:35.135+0000] {dag.py:3239} INFO - Sync 1 DAGs
[2026-04-29T00:35:35.145+0000] {logging_mixin.py:190} INFO - [2026-04-29T00:35:35.145+0000] {dag.py:4180} INFO - Setting next_dagrun for atividade_pratica2_cristina to None, run_after=None
[2026-04-29T00:35:35.161+0000] {processor.py:208} INFO - Processing /workspaces/meu-projeto-airflow/dags/atividade_pratica2.py took 0.060 seconds
[2026-04-29T00:36:22.829+0000] {processor.py:186} INFO - Started process (PID=102861) to work on /workspaces/meu-projeto-airflow/dags/atividade_pratica2.py
[2026-04-29T00:36:22.829+0000] {processor.py:914} INFO - Processing file /workspaces/meu-projeto-airflow/dags/atividade_pratica2.py for tasks to queue
[2026-04-29T00:36:22.831+0000] {logging_mixin.py:190} INFO - [2026-04-29T00:36:22.830+0000] {dagbag.py:588} INFO - Filling up the DagBag from /workspaces/meu-projeto-airflow/dags/atividade_pratica2.py
[2026-04-29T00:36:22.839+0000] {processor.py:925} INFO - DAG(s) 'atividade_pratica2_cristina' retrieved from /workspaces/meu-projeto-airflow/dags/atividade_pratica2.py
[2026-04-29T00:36:22.853+0000] {logging_mixin.py:190} INFO - [2026-04-29T00:36:22.852+0000] {dag.py:3239} INFO - Sync 1 DAGs
[2026-04-29T00:36:22.863+0000] {logging_mixin.py:190} INFO - [2026-04-29T00:36:22.862+0000] {dag.py:4180} INFO - Setting next_dagrun for atividade_pratica2_cristina to None, run_after=None
[2026-04-29T00:36:22.878+0000] {processor.py:208} INFO - Processing /workspaces/meu-projeto-airflow/dags/atividade_pratica2.py took 0.055 seconds
[2026-04-29T00:37:08.754+0000] {processor.py:186} INFO - Started process (PID=103764) to work on /workspaces/meu-projeto-airflow/dags/atividade_pratica2.py
[2026-04-29T00:37:08.754+0000] {processor.py:914} INFO - Processing file /workspaces/meu-projeto-airflow/dags/atividade_pratica2.py for tasks to queue
[2026-04-29T00:37:08.756+0000] {logging_mixin.py:190} INFO - [2026-04-29T00:37:08.755+0000] {dagbag.py:588} INFO - Filling up the DagBag from /workspaces/meu-projeto-airflow/dags/atividade_pratica2.py
[2026-04-29T00:37:08.763+0000] {processor.py:925} INFO - DAG(s) 'atividade_pratica2_cristina' retrieved from /workspaces/meu-projeto-airflow/dags/atividade_pratica2.py
[2026-04-29T00:37:08.776+0000] {logging_mixin.py:190} INFO - [2026-04-29T00:37:08.776+0000] {dag.py:3239} INFO - Sync 1 DAGs
[2026-04-29T00:37:08.786+0000] {logging_mixin.py:190} INFO - [2026-04-29T00:37:08.786+0000] {dag.py:4180} INFO - Setting next_dagrun for atividade_pratica2_cristina to None, run_after=None
[2026-04-29T00:37:08.801+0000] {processor.py:208} INFO - Processing /workspaces/meu-projeto-airflow/dags/atividade_pratica2.py took 0.052 seconds
[2026-04-29T00:37:52.225+0000] {processor.py:186} INFO - Started process (PID=104665) to work on /workspaces/meu-projeto-airflow/dags/atividade_pratica2.py
[2026-04-29T00:37:52.226+0000] {processor.py:914} INFO - Processing file /workspaces/meu-projeto-airflow/dags/atividade_pratica2.py for tasks to queue
[2026-04-29T00:37:52.227+0000] {logging_mixin.py:190} INFO - [2026-04-29T00:37:52.227+0000] {dagbag.py:588} INFO - Filling up the DagBag from /workspaces/meu-projeto-airflow/dags/atividade_pratica2.py
[2026-04-29T00:37:52.236+0000] {processor.py:925} INFO - DAG(s) 'atividade_pratica2_cristina' retrieved from /workspaces/meu-projeto-airflow/dags/atividade_pratica2.py
[2026-04-29T00:37:52.275+0000] {logging_mixin.py:190} INFO - [2026-04-29T00:37:52.275+0000] {dag.py:3239} INFO - Sync 1 DAGs
[2026-04-29T00:37:52.295+0000] {logging_mixin.py:190} INFO - [2026-04-29T00:37:52.294+0000] {dag.py:4180} INFO - Setting next_dagrun for atividade_pratica2_cristina to None, run_after=None
[2026-04-29T00:37:52.337+0000] {processor.py:208} INFO - Processing /workspaces/meu-projeto-airflow/dags/atividade_pratica2.py took 0.118 seconds
[2026-04-29T00:38:37.884+0000] {processor.py:186} INFO - Started process (PID=105565) to work on /workspaces/meu-projeto-airflow/dags/atividade_pratica2.py
[2026-04-29T00:38:37.885+0000] {processor.py:914} INFO - Processing file /workspaces/meu-projeto-airflow/dags/atividade_pratica2.py for tasks to queue
[2026-04-29T00:38:37.886+0000] {logging_mixin.py:190} INFO - [2026-04-29T00:38:37.885+0000] {dagbag.py:588} INFO - Filling up the DagBag from /workspaces/meu-projeto-airflow/dags/atividade_pratica2.py
[2026-04-29T00:38:37.893+0000] {processor.py:925} INFO - DAG(s) 'atividade_pratica2_cristina' retrieved from /workspaces/meu-projeto-airflow/dags/atividade_pratica2.py
[2026-04-29T00:38:37.906+0000] {logging_mixin.py:190} INFO - [2026-04-29T00:38:37.906+0000] {dag.py:3239} INFO - Sync 1 DAGs
[2026-04-29T00:38:37.918+0000] {logging_mixin.py:190} INFO - [2026-04-29T00:38:37.918+0000] {dag.py:4180} INFO - Setting next_dagrun for atividade_pratica2_cristina to None, run_after=None
[2026-04-29T00:38:37.938+0000] {processor.py:208} INFO - Processing /workspaces/meu-projeto-airflow/dags/atividade_pratica2.py took 0.058 seconds
[2026-04-29T00:39:24.245+0000] {processor.py:186} INFO - Started process (PID=106474) to work on /workspaces/meu-projeto-airflow/dags/atividade_pratica2.py
[2026-04-29T00:39:24.246+0000] {processor.py:914} INFO - Processing file /workspaces/meu-projeto-airflow/dags/atividade_pratica2.py for tasks to queue
[2026-04-29T00:39:24.247+0000] {logging_mixin.py:190} INFO - [2026-04-29T00:39:24.246+0000] {dagbag.py:588} INFO - Filling up the DagBag from /workspaces/meu-projeto-airflow/dags/atividade_pratica2.py
[2026-04-29T00:39:24.253+0000] {processor.py:925} INFO - DAG(s) 'atividade_pratica2_cristina' retrieved from /workspaces/meu-projeto-airflow/dags/atividade_pratica2.py
[2026-04-29T00:39:24.267+0000] {logging_mixin.py:190} INFO - [2026-04-29T00:39:24.266+0000] {dag.py:3239} INFO - Sync 1 DAGs
[2026-04-29T00:39:24.276+0000] {logging_mixin.py:190} INFO - [2026-04-29T00:39:24.276+0000] {dag.py:4180} INFO - Setting next_dagrun for atividade_pratica2_cristina to None, run_after=None
[2026-04-29T00:39:24.292+0000] {processor.py:208} INFO - Processing /workspaces/meu-projeto-airflow/dags/atividade_pratica2.py took 0.052 seconds
[2026-04-29T00:40:49.278+0000] {processor.py:186} INFO - Started process (PID=108173) to work on /workspaces/meu-projeto-airflow/dags/atividade_pratica2.py
[2026-04-29T00:40:49.278+0000] {processor.py:914} INFO - Processing file /workspaces/meu-projeto-airflow/dags/atividade_pratica2.py for tasks to queue
[2026-04-29T00:40:49.280+0000] {logging_mixin.py:190} INFO - [2026-04-29T00:40:49.279+0000] {dagbag.py:588} INFO - Filling up the DagBag from /workspaces/meu-projeto-airflow/dags/atividade_pratica2.py
[2026-04-29T00:40:49.286+0000] {processor.py:925} INFO - DAG(s) 'atividade_pratica2_cristina' retrieved from /workspaces/meu-projeto-airflow/dags/atividade_pratica2.py
[2026-04-29T00:40:49.302+0000] {logging_mixin.py:190} INFO - [2026-04-29T00:40:49.302+0000] {dag.py:3239} INFO - Sync 1 DAGs
[2026-04-29T00:40:49.318+0000] {logging_mixin.py:190} INFO - [2026-04-29T00:40:49.318+0000] {dag.py:4180} INFO - Setting next_dagrun for atividade_pratica2_cristina to None, run_after=None
[2026-04-29T00:40:49.360+0000] {processor.py:208} INFO - Processing /workspaces/meu-projeto-airflow/dags/atividade_pratica2.py took 0.087 seconds
[2026-04-29T00:41:32.173+0000] {processor.py:186} INFO - Started process (PID=109065) to work on /workspaces/meu-projeto-airflow/dags/atividade_pratica2.py
[2026-04-29T00:41:32.174+0000] {processor.py:914} INFO - Processing file /workspaces/meu-projeto-airflow/dags/atividade_pratica2.py for tasks to queue
[2026-04-29T00:41:32.175+0000] {logging_mixin.py:190} INFO - [2026-04-29T00:41:32.175+0000] {dagbag.py:588} INFO - Filling up the DagBag from /workspaces/meu-projeto-airflow/dags/atividade_pratica2.py
[2026-04-29T00:41:32.183+0000] {processor.py:925} INFO - DAG(s) 'atividade_pratica2_cristina' retrieved from /workspaces/meu-projeto-airflow/dags/atividade_pratica2.py
[2026-04-29T00:41:32.197+0000] {logging_mixin.py:190} INFO - [2026-04-29T00:41:32.196+0000] {dag.py:3239} INFO - Sync 1 DAGs
[2026-04-29T00:41:32.208+0000] {logging_mixin.py:190} INFO - [2026-04-29T00:41:32.208+0000] {dag.py:4180} INFO - Setting next_dagrun for atividade_pratica2_cristina to None, run_after=None
[2026-04-29T00:41:32.226+0000] {processor.py:208} INFO - Processing /workspaces/meu-projeto-airflow/dags/atividade_pratica2.py took 0.058 seconds
[2026-04-29T00:42:18.144+0000] {processor.py:186} INFO - Started process (PID=109969) to work on /workspaces/meu-projeto-airflow/dags/atividade_pratica2.py
[2026-04-29T00:42:18.144+0000] {processor.py:914} INFO - Processing file /workspaces/meu-projeto-airflow/dags/atividade_pratica2.py for tasks to queue
[2026-04-29T00:42:18.145+0000] {logging_mixin.py:190} INFO - [2026-04-29T00:42:18.145+0000] {dagbag.py:588} INFO - Filling up the DagBag from /workspaces/meu-projeto-airflow/dags/atividade_pratica2.py
[2026-04-29T00:42:18.152+0000] {processor.py:925} INFO - DAG(s) 'atividade_pratica2_cristina' retrieved from /workspaces/meu-projeto-airflow/dags/atividade_pratica2.py
[2026-04-29T00:42:18.165+0000] {logging_mixin.py:190} INFO - [2026-04-29T00:42:18.165+0000] {dag.py:3239} INFO - Sync 1 DAGs
[2026-04-29T00:42:18.175+0000] {logging_mixin.py:190} INFO - [2026-04-29T00:42:18.175+0000] {dag.py:4180} INFO - Setting next_dagrun for atividade_pratica2_cristina to None, run_after=None
[2026-04-29T00:42:18.192+0000] {processor.py:208} INFO - Processing /workspaces/meu-projeto-airflow/dags/atividade_pratica2.py took 0.053 seconds
[2026-04-29T00:43:02.512+0000] {processor.py:186} INFO - Started process (PID=110844) to work on /workspaces/meu-projeto-airflow/dags/atividade_pratica2.py
[2026-04-29T00:43:02.514+0000] {processor.py:914} INFO - Processing file /workspaces/meu-projeto-airflow/dags/atividade_pratica2.py for tasks to queue
[2026-04-29T00:43:02.516+0000] {logging_mixin.py:190} INFO - [2026-04-29T00:43:02.515+0000] {dagbag.py:588} INFO - Filling up the DagBag from /workspaces/meu-projeto-airflow/dags/atividade_pratica2.py
[2026-04-29T00:43:02.528+0000] {processor.py:925} INFO - DAG(s) 'atividade_pratica2_cristina' retrieved from /workspaces/meu-projeto-airflow/dags/atividade_pratica2.py
[2026-04-29T00:43:02.547+0000] {logging_mixin.py:190} INFO - [2026-04-29T00:43:02.546+0000] {dag.py:3239} INFO - Sync 1 DAGs
[2026-04-29T00:43:02.561+0000] {logging_mixin.py:190} INFO - [2026-04-29T00:43:02.561+0000] {dag.py:4180} INFO - Setting next_dagrun for atividade_pratica2_cristina to None, run_after=None
[2026-04-29T00:43:02.582+0000] {processor.py:208} INFO - Processing /workspaces/meu-projeto-airflow/dags/atividade_pratica2.py took 0.078 seconds
[2026-04-29T00:43:50.574+0000] {processor.py:186} INFO - Started process (PID=111777) to work on /workspaces/meu-projeto-airflow/dags/atividade_pratica2.py
[2026-04-29T00:43:50.575+0000] {processor.py:914} INFO - Processing file /workspaces/meu-projeto-airflow/dags/atividade_pratica2.py for tasks to queue
[2026-04-29T00:43:50.576+0000] {logging_mixin.py:190} INFO - [2026-04-29T00:43:50.576+0000] {dagbag.py:588} INFO - Filling up the DagBag from /workspaces/meu-projeto-airflow/dags/atividade_pratica2.py
[2026-04-29T00:43:50.584+0000] {processor.py:925} INFO - DAG(s) 'atividade_pratica2_cristina' retrieved from /workspaces/meu-projeto-airflow/dags/atividade_pratica2.py
[2026-04-29T00:43:50.598+0000] {logging_mixin.py:190} INFO - [2026-04-29T00:43:50.598+0000] {dag.py:3239} INFO - Sync 1 DAGs
[2026-04-29T00:43:50.608+0000] {logging_mixin.py:190} INFO - [2026-04-29T00:43:50.608+0000] {dag.py:4180} INFO - Setting next_dagrun for atividade_pratica2_cristina to None, run_after=None
[2026-04-29T00:43:50.627+0000] {processor.py:208} INFO - Processing /workspaces/meu-projeto-airflow/dags/atividade_pratica2.py took 0.057 seconds
[2026-04-29T00:44:54.647+0000] {processor.py:186} INFO - Started process (PID=113055) to work on /workspaces/meu-projeto-airflow/dags/atividade_pratica2.py
[2026-04-29T00:44:54.648+0000] {processor.py:914} INFO - Processing file /workspaces/meu-projeto-airflow/dags/atividade_pratica2.py for tasks to queue
[2026-04-29T00:44:54.649+0000] {logging_mixin.py:190} INFO - [2026-04-29T00:44:54.648+0000] {dagbag.py:588} INFO - Filling up the DagBag from /workspaces/meu-projeto-airflow/dags/atividade_pratica2.py
[2026-04-29T00:44:54.656+0000] {processor.py:925} INFO - DAG(s) 'atividade_pratica2_cristina' retrieved from /workspaces/meu-projeto-airflow/dags/atividade_pratica2.py
[2026-04-29T00:44:54.669+0000] {logging_mixin.py:190} INFO - [2026-04-29T00:44:54.669+0000] {dag.py:3239} INFO - Sync 1 DAGs
[2026-04-29T00:44:54.679+0000] {logging_mixin.py:190} INFO - [2026-04-29T00:44:54.679+0000] {dag.py:4180} INFO - Setting next_dagrun for atividade_pratica2_cristina to None, run_after=None
[2026-04-29T00:44:54.695+0000] {processor.py:208} INFO - Processing /workspaces/meu-projeto-airflow/dags/atividade_pratica2.py took 0.052 seconds
[2026-04-29T00:45:42.951+0000] {processor.py:186} INFO - Started process (PID=114035) to work on /workspaces/meu-projeto-airflow/dags/atividade_pratica2.py
[2026-04-29T00:45:42.952+0000] {processor.py:914} INFO - Processing file /workspaces/meu-projeto-airflow/dags/atividade_pratica2.py for tasks to queue
[2026-04-29T00:45:42.953+0000] {logging_mixin.py:190} INFO - [2026-04-29T00:45:42.953+0000] {dagbag.py:588} INFO - Filling up the DagBag from /workspaces/meu-projeto-airflow/dags/atividade_pratica2.py
[2026-04-29T00:45:42.960+0000] {processor.py:925} INFO - DAG(s) 'atividade_pratica2_cristina' retrieved from /workspaces/meu-projeto-airflow/dags/atividade_pratica2.py
[2026-04-29T00:45:42.973+0000] {logging_mixin.py:190} INFO - [2026-04-29T00:45:42.973+0000] {dag.py:3239} INFO - Sync 1 DAGs
[2026-04-29T00:45:42.985+0000] {logging_mixin.py:190} INFO - [2026-04-29T00:45:42.984+0000] {dag.py:4180} INFO - Setting next_dagrun for atividade_pratica2_cristina to None, run_after=None
[2026-04-29T00:45:43.005+0000] {processor.py:208} INFO - Processing /workspaces/meu-projeto-airflow/dags/atividade_pratica2.py took 0.058 seconds
[2026-04-29T00:46:27.027+0000] {processor.py:186} INFO - Started process (PID=114872) to work on /workspaces/meu-projeto-airflow/dags/atividade_pratica2.py
[2026-04-29T00:46:27.028+0000] {processor.py:914} INFO - Processing file /workspaces/meu-projeto-airflow/dags/atividade_pratica2.py for tasks to queue
[2026-04-29T00:46:27.030+0000] {logging_mixin.py:190} INFO - [2026-04-29T00:46:27.029+0000] {dagbag.py:588} INFO - Filling up the DagBag from /workspaces/meu-projeto-airflow/dags/atividade_pratica2.py
[2026-04-29T00:46:27.043+0000] {processor.py:925} INFO - DAG(s) 'atividade_pratica2_cristina' retrieved from /workspaces/meu-projeto-airflow/dags/atividade_pratica2.py
[2026-04-29T00:46:27.087+0000] {logging_mixin.py:190} INFO - [2026-04-29T00:46:27.087+0000] {dag.py:3239} INFO - Sync 1 DAGs
[2026-04-29T00:46:27.105+0000] {logging_mixin.py:190} INFO - [2026-04-29T00:46:27.104+0000] {dag.py:4180} INFO - Setting next_dagrun for atividade_pratica2_cristina to None, run_after=None
[2026-04-29T00:46:27.124+0000] {processor.py:208} INFO - Processing /workspaces/meu-projeto-airflow/dags/atividade_pratica2.py took 0.118 seconds
[2026-04-29T00:47:13.000+0000] {processor.py:186} INFO - Started process (PID=115859) to work on /workspaces/meu-projeto-airflow/dags/atividade_pratica2.py
[2026-04-29T00:47:13.001+0000] {processor.py:914} INFO - Processing file /workspaces/meu-projeto-airflow/dags/atividade_pratica2.py for tasks to queue
[2026-04-29T00:47:13.002+0000] {logging_mixin.py:190} INFO - [2026-04-29T00:47:13.002+0000] {dagbag.py:588} INFO - Filling up the DagBag from /workspaces/meu-projeto-airflow/dags/atividade_pratica2.py
[2026-04-29T00:47:13.009+0000] {processor.py:925} INFO - DAG(s) 'atividade_pratica2_cristina' retrieved from /workspaces/meu-projeto-airflow/dags/atividade_pratica2.py
[2026-04-29T00:47:13.025+0000] {logging_mixin.py:190} INFO - [2026-04-29T00:47:13.025+0000] {dag.py:3239} INFO - Sync 1 DAGs
[2026-04-29T00:47:13.038+0000] {logging_mixin.py:190} INFO - [2026-04-29T00:47:13.038+0000] {dag.py:4180} INFO - Setting next_dagrun for atividade_pratica2_cristina to None, run_after=None
[2026-04-29T00:47:13.054+0000] {processor.py:208} INFO - Processing /workspaces/meu-projeto-airflow/dags/atividade_pratica2.py took 0.059 seconds
[2026-04-29T00:47:57.669+0000] {processor.py:186} INFO - Started process (PID=116761) to work on /workspaces/meu-projeto-airflow/dags/atividade_pratica2.py
[2026-04-29T00:47:57.670+0000] {processor.py:914} INFO - Processing file /workspaces/meu-projeto-airflow/dags/atividade_pratica2.py for tasks to queue
[2026-04-29T00:47:57.672+0000] {logging_mixin.py:190} INFO - [2026-04-29T00:47:57.671+0000] {dagbag.py:588} INFO - Filling up the DagBag from /workspaces/meu-projeto-airflow/dags/atividade_pratica2.py
[2026-04-29T00:47:57.683+0000] {processor.py:925} INFO - DAG(s) 'atividade_pratica2_cristina' retrieved from /workspaces/meu-projeto-airflow/dags/atividade_pratica2.py
[2026-04-29T00:47:57.700+0000] {logging_mixin.py:190} INFO - [2026-04-29T00:47:57.700+0000] {dag.py:3239} INFO - Sync 1 DAGs
[2026-04-29T00:47:57.711+0000] {logging_mixin.py:190} INFO - [2026-04-29T00:47:57.711+0000] {dag.py:4180} INFO - Setting next_dagrun for atividade_pratica2_cristina to None, run_after=None
[2026-04-29T00:47:57.744+0000] {processor.py:208} INFO - Processing /workspaces/meu-projeto-airflow/dags/atividade_pratica2.py took 0.082 seconds
[2026-04-29T00:48:44.040+0000] {processor.py:186} INFO - Started process (PID=117676) to work on /workspaces/meu-projeto-airflow/dags/atividade_pratica2.py
[2026-04-29T00:48:44.041+0000] {processor.py:914} INFO - Processing file /workspaces/meu-projeto-airflow/dags/atividade_pratica2.py for tasks to queue
[2026-04-29T00:48:44.044+0000] {logging_mixin.py:190} INFO - [2026-04-29T00:48:44.043+0000] {dagbag.py:588} INFO - Filling up the DagBag from /workspaces/meu-projeto-airflow/dags/atividade_pratica2.py
[2026-04-29T00:48:44.064+0000] {processor.py:925} INFO - DAG(s) 'atividade_pratica2_cristina' retrieved from /workspaces/meu-projeto-airflow/dags/atividade_pratica2.py
[2026-04-29T00:48:44.084+0000] {logging_mixin.py:190} INFO - [2026-04-29T00:48:44.083+0000] {dag.py:3239} INFO - Sync 1 DAGs
[2026-04-29T00:48:44.107+0000] {logging_mixin.py:190} INFO - [2026-04-29T00:48:44.106+0000] {dag.py:4180} INFO - Setting next_dagrun for atividade_pratica2_cristina to None, run_after=None
[2026-04-29T00:48:44.149+0000] {processor.py:208} INFO - Processing /workspaces/meu-projeto-airflow/dags/atividade_pratica2.py took 0.122 seconds
[2026-04-29T00:49:32.192+0000] {processor.py:186} INFO - Started process (PID=118682) to work on /workspaces/meu-projeto-airflow/dags/atividade_pratica2.py
[2026-04-29T00:49:32.192+0000] {processor.py:914} INFO - Processing file /workspaces/meu-projeto-airflow/dags/atividade_pratica2.py for tasks to queue
[2026-04-29T00:49:32.193+0000] {logging_mixin.py:190} INFO - [2026-04-29T00:49:32.193+0000] {dagbag.py:588} INFO - Filling up the DagBag from /workspaces/meu-projeto-airflow/dags/atividade_pratica2.py
[2026-04-29T00:49:32.200+0000] {processor.py:925} INFO - DAG(s) 'atividade_pratica2_cristina' retrieved from /workspaces/meu-projeto-airflow/dags/atividade_pratica2.py
[2026-04-29T00:49:32.219+0000] {logging_mixin.py:190} INFO - [2026-04-29T00:49:32.218+0000] {dag.py:3239} INFO - Sync 1 DAGs
[2026-04-29T00:49:32.232+0000] {logging_mixin.py:190} INFO - [2026-04-29T00:49:32.231+0000] {dag.py:4180} INFO - Setting next_dagrun for atividade_pratica2_cristina to None, run_after=None
[2026-04-29T00:49:32.248+0000] {processor.py:208} INFO - Processing /workspaces/meu-projeto-airflow/dags/atividade_pratica2.py took 0.060 seconds
[2026-04-29T00:50:20.261+0000] {processor.py:186} INFO - Started process (PID=119621) to work on /workspaces/meu-projeto-airflow/dags/atividade_pratica2.py
[2026-04-29T00:50:20.261+0000] {processor.py:914} INFO - Processing file /workspaces/meu-projeto-airflow/dags/atividade_pratica2.py for tasks to queue
[2026-04-29T00:50:20.262+0000] {logging_mixin.py:190} INFO - [2026-04-29T00:50:20.262+0000] {dagbag.py:588} INFO - Filling up the DagBag from /workspaces/meu-projeto-airflow/dags/atividade_pratica2.py
[2026-04-29T00:50:20.269+0000] {processor.py:925} INFO - DAG(s) 'atividade_pratica2_cristina' retrieved from /workspaces/meu-projeto-airflow/dags/atividade_pratica2.py
[2026-04-29T00:50:20.282+0000] {logging_mixin.py:190} INFO - [2026-04-29T00:50:20.282+0000] {dag.py:3239} INFO - Sync 1 DAGs
[2026-04-29T00:50:20.292+0000] {logging_mixin.py:190} INFO - [2026-04-29T00:50:20.292+0000] {dag.py:4180} INFO - Setting next_dagrun for atividade_pratica2_cristina to None, run_after=None
[2026-04-29T00:50:20.307+0000] {processor.py:208} INFO - Processing /workspaces/meu-projeto-airflow/dags/atividade_pratica2.py took 0.053 seconds
[2026-04-29T00:51:10.149+0000] {processor.py:186} INFO - Started process (PID=120760) to work on /workspaces/meu-projeto-airflow/dags/atividade_pratica2.py
[2026-04-29T00:51:10.150+0000] {processor.py:914} INFO - Processing file /workspaces/meu-projeto-airflow/dags/atividade_pratica2.py for tasks to queue
[2026-04-29T00:51:10.153+0000] {logging_mixin.py:190} INFO - [2026-04-29T00:51:10.151+0000] {dagbag.py:588} INFO - Filling up the DagBag from /workspaces/meu-projeto-airflow/dags/atividade_pratica2.py
[2026-04-29T00:51:10.184+0000] {processor.py:925} INFO - DAG(s) 'atividade_pratica2_cristina' retrieved from /workspaces/meu-projeto-airflow/dags/atividade_pratica2.py
[2026-04-29T00:51:10.257+0000] {logging_mixin.py:190} INFO - [2026-04-29T00:51:10.256+0000] {dag.py:3239} INFO - Sync 1 DAGs
[2026-04-29T00:51:10.293+0000] {logging_mixin.py:190} INFO - [2026-04-29T00:51:10.289+0000] {dag.py:4180} INFO - Setting next_dagrun for atividade_pratica2_cristina to None, run_after=None
[2026-04-29T00:51:10.351+0000] {processor.py:208} INFO - Processing /workspaces/meu-projeto-airflow/dags/atividade_pratica2.py took 0.217 seconds
[2026-04-29T00:51:55.818+0000] {processor.py:186} INFO - Started process (PID=121850) to work on /workspaces/meu-projeto-airflow/dags/atividade_pratica2.py
[2026-04-29T00:51:55.819+0000] {processor.py:914} INFO - Processing file /workspaces/meu-projeto-airflow/dags/atividade_pratica2.py for tasks to queue
[2026-04-29T00:51:55.821+0000] {logging_mixin.py:190} INFO - [2026-04-29T00:51:55.820+0000] {dagbag.py:588} INFO - Filling up the DagBag from /workspaces/meu-projeto-airflow/dags/atividade_pratica2.py
[2026-04-29T00:51:55.830+0000] {processor.py:925} INFO - DAG(s) 'atividade_pratica2_cristina' retrieved from /workspaces/meu-projeto-airflow/dags/atividade_pratica2.py
[2026-04-29T00:51:55.867+0000] {logging_mixin.py:190} INFO - [2026-04-29T00:51:55.867+0000] {dag.py:3239} INFO - Sync 1 DAGs
[2026-04-29T00:51:55.882+0000] {logging_mixin.py:190} INFO - [2026-04-29T00:51:55.882+0000] {dag.py:4180} INFO - Setting next_dagrun for atividade_pratica2_cristina to None, run_after=None
[2026-04-29T00:51:55.910+0000] {processor.py:208} INFO - Processing /workspaces/meu-projeto-airflow/dags/atividade_pratica2.py took 0.098 seconds
[2026-04-29T00:52:42.873+0000] {processor.py:186} INFO - Started process (PID=123099) to work on /workspaces/meu-projeto-airflow/dags/atividade_pratica2.py
[2026-04-29T00:52:42.874+0000] {processor.py:914} INFO - Processing file /workspaces/meu-projeto-airflow/dags/atividade_pratica2.py for tasks to queue
[2026-04-29T00:52:42.875+0000] {logging_mixin.py:190} INFO - [2026-04-29T00:52:42.875+0000] {dagbag.py:588} INFO - Filling up the DagBag from /workspaces/meu-projeto-airflow/dags/atividade_pratica2.py
[2026-04-29T00:52:42.882+0000] {processor.py:925} INFO - DAG(s) 'atividade_pratica2_cristina' retrieved from /workspaces/meu-projeto-airflow/dags/atividade_pratica2.py
[2026-04-29T00:52:42.895+0000] {logging_mixin.py:190} INFO - [2026-04-29T00:52:42.895+0000] {dag.py:3239} INFO - Sync 1 DAGs
[2026-04-29T00:52:42.905+0000] {logging_mixin.py:190} INFO - [2026-04-29T00:52:42.905+0000] {dag.py:4180} INFO - Setting next_dagrun for atividade_pratica2_cristina to None, run_after=None
[2026-04-29T00:52:42.923+0000] {processor.py:208} INFO - Processing /workspaces/meu-projeto-airflow/dags/atividade_pratica2.py took 0.055 seconds
[2026-04-29T00:53:29.799+0000] {processor.py:186} INFO - Started process (PID=124193) to work on /workspaces/meu-projeto-airflow/dags/atividade_pratica2.py
[2026-04-29T00:53:29.800+0000] {processor.py:914} INFO - Processing file /workspaces/meu-projeto-airflow/dags/atividade_pratica2.py for tasks to queue
[2026-04-29T00:53:29.801+0000] {logging_mixin.py:190} INFO - [2026-04-29T00:53:29.801+0000] {dagbag.py:588} INFO - Filling up the DagBag from /workspaces/meu-projeto-airflow/dags/atividade_pratica2.py
[2026-04-29T00:53:29.810+0000] {processor.py:925} INFO - DAG(s) 'atividade_pratica2_cristina' retrieved from /workspaces/meu-projeto-airflow/dags/atividade_pratica2.py
[2026-04-29T00:53:29.828+0000] {logging_mixin.py:190} INFO - [2026-04-29T00:53:29.827+0000] {dag.py:3239} INFO - Sync 1 DAGs
[2026-04-29T00:53:29.842+0000] {logging_mixin.py:190} INFO - [2026-04-29T00:53:29.841+0000] {dag.py:4180} INFO - Setting next_dagrun for atividade_pratica2_cristina to None, run_after=None
[2026-04-29T00:53:29.860+0000] {processor.py:208} INFO - Processing /workspaces/meu-projeto-airflow/dags/atividade_pratica2.py took 0.067 seconds
[2026-04-29T00:54:20.318+0000] {processor.py:186} INFO - Started process (PID=125223) to work on /workspaces/meu-projeto-airflow/dags/atividade_pratica2.py
[2026-04-29T00:54:20.319+0000] {processor.py:914} INFO - Processing file /workspaces/meu-projeto-airflow/dags/atividade_pratica2.py for tasks to queue
[2026-04-29T00:54:20.320+0000] {logging_mixin.py:190} INFO - [2026-04-29T00:54:20.320+0000] {dagbag.py:588} INFO - Filling up the DagBag from /workspaces/meu-projeto-airflow/dags/atividade_pratica2.py
[2026-04-29T00:54:20.329+0000] {processor.py:925} INFO - DAG(s) 'atividade_pratica2_cristina' retrieved from /workspaces/meu-projeto-airflow/dags/atividade_pratica2.py
[2026-04-29T00:54:20.345+0000] {logging_mixin.py:190} INFO - [2026-04-29T00:54:20.345+0000] {dag.py:3239} INFO - Sync 1 DAGs
[2026-04-29T00:54:20.356+0000] {logging_mixin.py:190} INFO - [2026-04-29T00:54:20.356+0000] {dag.py:4180} INFO - Setting next_dagrun for atividade_pratica2_cristina to None, run_after=None
[2026-04-29T00:54:20.374+0000] {processor.py:208} INFO - Processing /workspaces/meu-projeto-airflow/dags/atividade_pratica2.py took 0.061 seconds
[2026-04-29T00:55:06.798+0000] {processor.py:186} INFO - Started process (PID=126178) to work on /workspaces/meu-projeto-airflow/dags/atividade_pratica2.py
[2026-04-29T00:55:06.799+0000] {processor.py:914} INFO - Processing file /workspaces/meu-projeto-airflow/dags/atividade_pratica2.py for tasks to queue
[2026-04-29T00:55:06.800+0000] {logging_mixin.py:190} INFO - [2026-04-29T00:55:06.800+0000] {dagbag.py:588} INFO - Filling up the DagBag from /workspaces/meu-projeto-airflow/dags/atividade_pratica2.py
[2026-04-29T00:55:06.807+0000] {processor.py:925} INFO - DAG(s) 'atividade_pratica2_cristina' retrieved from /workspaces/meu-projeto-airflow/dags/atividade_pratica2.py
[2026-04-29T00:55:06.823+0000] {logging_mixin.py:190} INFO - [2026-04-29T00:55:06.823+0000] {dag.py:3239} INFO - Sync 1 DAGs
[2026-04-29T00:55:06.835+0000] {logging_mixin.py:190} INFO - [2026-04-29T00:55:06.835+0000] {dag.py:4180} INFO - Setting next_dagrun for atividade_pratica2_cristina to None, run_after=None
[2026-04-29T00:55:06.851+0000] {processor.py:208} INFO - Processing /workspaces/meu-projeto-airflow/dags/atividade_pratica2.py took 0.058 seconds
[2026-04-29T00:55:51.032+0000] {processor.py:186} INFO - Started process (PID=127043) to work on /workspaces/meu-projeto-airflow/dags/atividade_pratica2.py
[2026-04-29T00:55:51.039+0000] {processor.py:914} INFO - Processing file /workspaces/meu-projeto-airflow/dags/atividade_pratica2.py for tasks to queue
[2026-04-29T00:55:51.042+0000] {logging_mixin.py:190} INFO - [2026-04-29T00:55:51.041+0000] {dagbag.py:588} INFO - Filling up the DagBag from /workspaces/meu-projeto-airflow/dags/atividade_pratica2.py
[2026-04-29T00:55:51.059+0000] {processor.py:925} INFO - DAG(s) 'atividade_pratica2_cristina' retrieved from /workspaces/meu-projeto-airflow/dags/atividade_pratica2.py
[2026-04-29T00:55:51.075+0000] {logging_mixin.py:190} INFO - [2026-04-29T00:55:51.075+0000] {dag.py:3239} INFO - Sync 1 DAGs
[2026-04-29T00:55:51.085+0000] {logging_mixin.py:190} INFO - [2026-04-29T00:55:51.085+0000] {dag.py:4180} INFO - Setting next_dagrun for atividade_pratica2_cristina to None, run_after=None
[2026-04-29T00:55:51.101+0000] {processor.py:208} INFO - Processing /workspaces/meu-projeto-airflow/dags/atividade_pratica2.py took 0.087 seconds
[2026-04-29T00:56:36.079+0000] {processor.py:186} INFO - Started process (PID=127940) to work on /workspaces/meu-projeto-airflow/dags/atividade_pratica2.py
[2026-04-29T00:56:36.080+0000] {processor.py:914} INFO - Processing file /workspaces/meu-projeto-airflow/dags/atividade_pratica2.py for tasks to queue
[2026-04-29T00:56:36.082+0000] {logging_mixin.py:190} INFO - [2026-04-29T00:56:36.081+0000] {dagbag.py:588} INFO - Filling up the DagBag from /workspaces/meu-projeto-airflow/dags/atividade_pratica2.py
[2026-04-29T00:56:36.097+0000] {processor.py:925} INFO - DAG(s) 'atividade_pratica2_cristina' retrieved from /workspaces/meu-projeto-airflow/dags/atividade_pratica2.py
[2026-04-29T00:56:36.117+0000] {logging_mixin.py:190} INFO - [2026-04-29T00:56:36.116+0000] {dag.py:3239} INFO - Sync 1 DAGs
[2026-04-29T00:56:36.130+0000] {logging_mixin.py:190} INFO - [2026-04-29T00:56:36.130+0000] {dag.py:4180} INFO - Setting next_dagrun for atividade_pratica2_cristina to None, run_after=None
[2026-04-29T00:56:36.146+0000] {processor.py:208} INFO - Processing /workspaces/meu-projeto-airflow/dags/atividade_pratica2.py took 0.090 seconds
