[2026-04-29T00:00:18.800+0000] {processor.py:186} INFO - Started process (PID=68883) to work on /workspaces/meu-projeto-airflow/dags/cleanup_dag.py
[2026-04-29T00:00:18.801+0000] {processor.py:914} INFO - Processing file /workspaces/meu-projeto-airflow/dags/cleanup_dag.py for tasks to queue
[2026-04-29T00:00:18.802+0000] {logging_mixin.py:190} INFO - [2026-04-29T00:00:18.802+0000] {dagbag.py:588} INFO - Filling up the DagBag from /workspaces/meu-projeto-airflow/dags/cleanup_dag.py
[2026-04-29T00:00:18.812+0000] {processor.py:925} INFO - DAG(s) 'cleanup_dag' retrieved from /workspaces/meu-projeto-airflow/dags/cleanup_dag.py
[2026-04-29T00:00:18.829+0000] {logging_mixin.py:190} INFO - [2026-04-29T00:00:18.829+0000] {dag.py:3239} INFO - Sync 1 DAGs
[2026-04-29T00:00:18.841+0000] {logging_mixin.py:190} INFO - [2026-04-29T00:00:18.841+0000] {dag.py:4180} INFO - Setting next_dagrun for cleanup_dag to None, run_after=None
[2026-04-29T00:00:18.857+0000] {processor.py:208} INFO - Processing /workspaces/meu-projeto-airflow/dags/cleanup_dag.py took 0.063 seconds
[2026-04-29T00:01:01.019+0000] {processor.py:186} INFO - Started process (PID=69282) to work on /workspaces/meu-projeto-airflow/dags/cleanup_dag.py
[2026-04-29T00:01:01.020+0000] {processor.py:914} INFO - Processing file /workspaces/meu-projeto-airflow/dags/cleanup_dag.py for tasks to queue
[2026-04-29T00:01:01.022+0000] {logging_mixin.py:190} INFO - [2026-04-29T00:01:01.021+0000] {dagbag.py:588} INFO - Filling up the DagBag from /workspaces/meu-projeto-airflow/dags/cleanup_dag.py
[2026-04-29T00:01:01.029+0000] {processor.py:925} INFO - DAG(s) 'cleanup_dag' retrieved from /workspaces/meu-projeto-airflow/dags/cleanup_dag.py
[2026-04-29T00:01:01.042+0000] {logging_mixin.py:190} INFO - [2026-04-29T00:01:01.042+0000] {dag.py:3239} INFO - Sync 1 DAGs
[2026-04-29T00:01:01.052+0000] {logging_mixin.py:190} INFO - [2026-04-29T00:01:01.052+0000] {dag.py:4180} INFO - Setting next_dagrun for cleanup_dag to None, run_after=None
[2026-04-29T00:01:01.068+0000] {processor.py:208} INFO - Processing /workspaces/meu-projeto-airflow/dags/cleanup_dag.py took 0.054 seconds
[2026-04-29T00:01:43.760+0000] {processor.py:186} INFO - Started process (PID=69743) to work on /workspaces/meu-projeto-airflow/dags/cleanup_dag.py
[2026-04-29T00:01:43.761+0000] {processor.py:914} INFO - Processing file /workspaces/meu-projeto-airflow/dags/cleanup_dag.py for tasks to queue
[2026-04-29T00:01:43.762+0000] {logging_mixin.py:190} INFO - [2026-04-29T00:01:43.762+0000] {dagbag.py:588} INFO - Filling up the DagBag from /workspaces/meu-projeto-airflow/dags/cleanup_dag.py
[2026-04-29T00:01:43.768+0000] {processor.py:925} INFO - DAG(s) 'cleanup_dag' retrieved from /workspaces/meu-projeto-airflow/dags/cleanup_dag.py
[2026-04-29T00:01:43.781+0000] {logging_mixin.py:190} INFO - [2026-04-29T00:01:43.780+0000] {dag.py:3239} INFO - Sync 1 DAGs
[2026-04-29T00:01:43.794+0000] {logging_mixin.py:190} INFO - [2026-04-29T00:01:43.794+0000] {dag.py:4180} INFO - Setting next_dagrun for cleanup_dag to None, run_after=None
[2026-04-29T00:01:43.810+0000] {processor.py:208} INFO - Processing /workspaces/meu-projeto-airflow/dags/cleanup_dag.py took 0.055 seconds
[2026-04-29T00:02:27.102+0000] {processor.py:186} INFO - Started process (PID=70123) to work on /workspaces/meu-projeto-airflow/dags/cleanup_dag.py
[2026-04-29T00:02:27.102+0000] {processor.py:914} INFO - Processing file /workspaces/meu-projeto-airflow/dags/cleanup_dag.py for tasks to queue
[2026-04-29T00:02:27.103+0000] {logging_mixin.py:190} INFO - [2026-04-29T00:02:27.103+0000] {dagbag.py:588} INFO - Filling up the DagBag from /workspaces/meu-projeto-airflow/dags/cleanup_dag.py
[2026-04-29T00:02:27.109+0000] {processor.py:925} INFO - DAG(s) 'cleanup_dag' retrieved from /workspaces/meu-projeto-airflow/dags/cleanup_dag.py
[2026-04-29T00:02:27.124+0000] {logging_mixin.py:190} INFO - [2026-04-29T00:02:27.124+0000] {dag.py:3239} INFO - Sync 1 DAGs
[2026-04-29T00:02:27.136+0000] {logging_mixin.py:190} INFO - [2026-04-29T00:02:27.136+0000] {dag.py:4180} INFO - Setting next_dagrun for cleanup_dag to None, run_after=None
[2026-04-29T00:02:27.153+0000] {processor.py:208} INFO - Processing /workspaces/meu-projeto-airflow/dags/cleanup_dag.py took 0.055 seconds
[2026-04-29T00:03:15.203+0000] {processor.py:186} INFO - Started process (PID=70559) to work on /workspaces/meu-projeto-airflow/dags/cleanup_dag.py
[2026-04-29T00:03:15.204+0000] {processor.py:914} INFO - Processing file /workspaces/meu-projeto-airflow/dags/cleanup_dag.py for tasks to queue
[2026-04-29T00:03:15.206+0000] {logging_mixin.py:190} INFO - [2026-04-29T00:03:15.205+0000] {dagbag.py:588} INFO - Filling up the DagBag from /workspaces/meu-projeto-airflow/dags/cleanup_dag.py
[2026-04-29T00:03:15.214+0000] {processor.py:925} INFO - DAG(s) 'cleanup_dag' retrieved from /workspaces/meu-projeto-airflow/dags/cleanup_dag.py
[2026-04-29T00:03:15.231+0000] {logging_mixin.py:190} INFO - [2026-04-29T00:03:15.231+0000] {dag.py:3239} INFO - Sync 1 DAGs
[2026-04-29T00:03:15.253+0000] {logging_mixin.py:190} INFO - [2026-04-29T00:03:15.252+0000] {dag.py:4180} INFO - Setting next_dagrun for cleanup_dag to None, run_after=None
[2026-04-29T00:03:15.321+0000] {processor.py:208} INFO - Processing /workspaces/meu-projeto-airflow/dags/cleanup_dag.py took 0.124 seconds
[2026-04-29T00:04:01.828+0000] {processor.py:186} INFO - Started process (PID=70977) to work on /workspaces/meu-projeto-airflow/dags/cleanup_dag.py
[2026-04-29T00:04:01.831+0000] {processor.py:914} INFO - Processing file /workspaces/meu-projeto-airflow/dags/cleanup_dag.py for tasks to queue
[2026-04-29T00:04:01.834+0000] {logging_mixin.py:190} INFO - [2026-04-29T00:04:01.834+0000] {dagbag.py:588} INFO - Filling up the DagBag from /workspaces/meu-projeto-airflow/dags/cleanup_dag.py
[2026-04-29T00:04:01.852+0000] {processor.py:925} INFO - DAG(s) 'cleanup_dag' retrieved from /workspaces/meu-projeto-airflow/dags/cleanup_dag.py
[2026-04-29T00:04:01.870+0000] {logging_mixin.py:190} INFO - [2026-04-29T00:04:01.870+0000] {dag.py:3239} INFO - Sync 1 DAGs
[2026-04-29T00:04:01.893+0000] {logging_mixin.py:190} INFO - [2026-04-29T00:04:01.892+0000] {dag.py:4180} INFO - Setting next_dagrun for cleanup_dag to None, run_after=None
[2026-04-29T00:04:01.996+0000] {processor.py:208} INFO - Processing /workspaces/meu-projeto-airflow/dags/cleanup_dag.py took 0.180 seconds
[2026-04-29T00:04:48.431+0000] {processor.py:186} INFO - Started process (PID=71433) to work on /workspaces/meu-projeto-airflow/dags/cleanup_dag.py
[2026-04-29T00:04:48.433+0000] {processor.py:914} INFO - Processing file /workspaces/meu-projeto-airflow/dags/cleanup_dag.py for tasks to queue
[2026-04-29T00:04:48.435+0000] {logging_mixin.py:190} INFO - [2026-04-29T00:04:48.434+0000] {dagbag.py:588} INFO - Filling up the DagBag from /workspaces/meu-projeto-airflow/dags/cleanup_dag.py
[2026-04-29T00:04:48.443+0000] {processor.py:925} INFO - DAG(s) 'cleanup_dag' retrieved from /workspaces/meu-projeto-airflow/dags/cleanup_dag.py
[2026-04-29T00:04:48.478+0000] {logging_mixin.py:190} INFO - [2026-04-29T00:04:48.477+0000] {dag.py:3239} INFO - Sync 1 DAGs
[2026-04-29T00:04:48.493+0000] {logging_mixin.py:190} INFO - [2026-04-29T00:04:48.493+0000] {dag.py:4180} INFO - Setting next_dagrun for cleanup_dag to None, run_after=None
[2026-04-29T00:04:48.515+0000] {processor.py:208} INFO - Processing /workspaces/meu-projeto-airflow/dags/cleanup_dag.py took 0.091 seconds
[2026-04-29T00:05:34.089+0000] {processor.py:186} INFO - Started process (PID=71872) to work on /workspaces/meu-projeto-airflow/dags/cleanup_dag.py
[2026-04-29T00:05:34.090+0000] {processor.py:914} INFO - Processing file /workspaces/meu-projeto-airflow/dags/cleanup_dag.py for tasks to queue
[2026-04-29T00:05:34.091+0000] {logging_mixin.py:190} INFO - [2026-04-29T00:05:34.091+0000] {dagbag.py:588} INFO - Filling up the DagBag from /workspaces/meu-projeto-airflow/dags/cleanup_dag.py
[2026-04-29T00:05:34.097+0000] {processor.py:925} INFO - DAG(s) 'cleanup_dag' retrieved from /workspaces/meu-projeto-airflow/dags/cleanup_dag.py
[2026-04-29T00:05:34.109+0000] {logging_mixin.py:190} INFO - [2026-04-29T00:05:34.109+0000] {dag.py:3239} INFO - Sync 1 DAGs
[2026-04-29T00:05:34.120+0000] {logging_mixin.py:190} INFO - [2026-04-29T00:05:34.120+0000] {dag.py:4180} INFO - Setting next_dagrun for cleanup_dag to None, run_after=None
[2026-04-29T00:05:34.139+0000] {processor.py:208} INFO - Processing /workspaces/meu-projeto-airflow/dags/cleanup_dag.py took 0.054 seconds
[2026-04-29T00:06:24.911+0000] {processor.py:186} INFO - Started process (PID=72286) to work on /workspaces/meu-projeto-airflow/dags/cleanup_dag.py
[2026-04-29T00:06:24.912+0000] {processor.py:914} INFO - Processing file /workspaces/meu-projeto-airflow/dags/cleanup_dag.py for tasks to queue
[2026-04-29T00:06:24.913+0000] {logging_mixin.py:190} INFO - [2026-04-29T00:06:24.913+0000] {dagbag.py:588} INFO - Filling up the DagBag from /workspaces/meu-projeto-airflow/dags/cleanup_dag.py
[2026-04-29T00:06:24.921+0000] {processor.py:925} INFO - DAG(s) 'cleanup_dag' retrieved from /workspaces/meu-projeto-airflow/dags/cleanup_dag.py
[2026-04-29T00:06:24.937+0000] {logging_mixin.py:190} INFO - [2026-04-29T00:06:24.937+0000] {dag.py:3239} INFO - Sync 1 DAGs
[2026-04-29T00:06:24.947+0000] {logging_mixin.py:190} INFO - [2026-04-29T00:06:24.947+0000] {dag.py:4180} INFO - Setting next_dagrun for cleanup_dag to None, run_after=None
[2026-04-29T00:06:24.963+0000] {processor.py:208} INFO - Processing /workspaces/meu-projeto-airflow/dags/cleanup_dag.py took 0.056 seconds
[2026-04-29T00:07:18.017+0000] {processor.py:186} INFO - Started process (PID=72839) to work on /workspaces/meu-projeto-airflow/dags/cleanup_dag.py
[2026-04-29T00:07:18.018+0000] {processor.py:914} INFO - Processing file /workspaces/meu-projeto-airflow/dags/cleanup_dag.py for tasks to queue
[2026-04-29T00:07:18.019+0000] {logging_mixin.py:190} INFO - [2026-04-29T00:07:18.019+0000] {dagbag.py:588} INFO - Filling up the DagBag from /workspaces/meu-projeto-airflow/dags/cleanup_dag.py
[2026-04-29T00:07:18.044+0000] {processor.py:925} INFO - DAG(s) 'cleanup_dag' retrieved from /workspaces/meu-projeto-airflow/dags/cleanup_dag.py
[2026-04-29T00:07:18.066+0000] {logging_mixin.py:190} INFO - [2026-04-29T00:07:18.066+0000] {dag.py:3239} INFO - Sync 1 DAGs
[2026-04-29T00:07:18.102+0000] {logging_mixin.py:190} INFO - [2026-04-29T00:07:18.096+0000] {dag.py:4180} INFO - Setting next_dagrun for cleanup_dag to None, run_after=None
[2026-04-29T00:07:18.133+0000] {processor.py:208} INFO - Processing /workspaces/meu-projeto-airflow/dags/cleanup_dag.py took 0.122 seconds
[2026-04-29T00:08:07.722+0000] {processor.py:186} INFO - Started process (PID=73292) to work on /workspaces/meu-projeto-airflow/dags/cleanup_dag.py
[2026-04-29T00:08:07.723+0000] {processor.py:914} INFO - Processing file /workspaces/meu-projeto-airflow/dags/cleanup_dag.py for tasks to queue
[2026-04-29T00:08:07.724+0000] {logging_mixin.py:190} INFO - [2026-04-29T00:08:07.724+0000] {dagbag.py:588} INFO - Filling up the DagBag from /workspaces/meu-projeto-airflow/dags/cleanup_dag.py
[2026-04-29T00:08:07.731+0000] {processor.py:925} INFO - DAG(s) 'cleanup_dag' retrieved from /workspaces/meu-projeto-airflow/dags/cleanup_dag.py
[2026-04-29T00:08:07.745+0000] {logging_mixin.py:190} INFO - [2026-04-29T00:08:07.745+0000] {dag.py:3239} INFO - Sync 1 DAGs
[2026-04-29T00:08:07.979+0000] {logging_mixin.py:190} INFO - [2026-04-29T00:08:07.979+0000] {dag.py:4180} INFO - Setting next_dagrun for cleanup_dag to None, run_after=None
[2026-04-29T00:08:07.996+0000] {processor.py:208} INFO - Processing /workspaces/meu-projeto-airflow/dags/cleanup_dag.py took 0.279 seconds
[2026-04-29T00:09:01.713+0000] {processor.py:186} INFO - Started process (PID=73792) to work on /workspaces/meu-projeto-airflow/dags/cleanup_dag.py
[2026-04-29T00:09:01.717+0000] {processor.py:914} INFO - Processing file /workspaces/meu-projeto-airflow/dags/cleanup_dag.py for tasks to queue
[2026-04-29T00:09:01.718+0000] {logging_mixin.py:190} INFO - [2026-04-29T00:09:01.717+0000] {dagbag.py:588} INFO - Filling up the DagBag from /workspaces/meu-projeto-airflow/dags/cleanup_dag.py
[2026-04-29T00:09:01.729+0000] {processor.py:925} INFO - DAG(s) 'cleanup_dag' retrieved from /workspaces/meu-projeto-airflow/dags/cleanup_dag.py
[2026-04-29T00:09:01.746+0000] {logging_mixin.py:190} INFO - [2026-04-29T00:09:01.745+0000] {dag.py:3239} INFO - Sync 1 DAGs
[2026-04-29T00:09:01.760+0000] {logging_mixin.py:190} INFO - [2026-04-29T00:09:01.760+0000] {dag.py:4180} INFO - Setting next_dagrun for cleanup_dag to None, run_after=None
[2026-04-29T00:09:01.806+0000] {processor.py:208} INFO - Processing /workspaces/meu-projeto-airflow/dags/cleanup_dag.py took 0.100 seconds
[2026-04-29T00:09:48.128+0000] {processor.py:186} INFO - Started process (PID=74227) to work on /workspaces/meu-projeto-airflow/dags/cleanup_dag.py
[2026-04-29T00:09:48.129+0000] {processor.py:914} INFO - Processing file /workspaces/meu-projeto-airflow/dags/cleanup_dag.py for tasks to queue
[2026-04-29T00:09:48.130+0000] {logging_mixin.py:190} INFO - [2026-04-29T00:09:48.129+0000] {dagbag.py:588} INFO - Filling up the DagBag from /workspaces/meu-projeto-airflow/dags/cleanup_dag.py
[2026-04-29T00:09:48.137+0000] {processor.py:925} INFO - DAG(s) 'cleanup_dag' retrieved from /workspaces/meu-projeto-airflow/dags/cleanup_dag.py
[2026-04-29T00:09:48.150+0000] {logging_mixin.py:190} INFO - [2026-04-29T00:09:48.150+0000] {dag.py:3239} INFO - Sync 1 DAGs
[2026-04-29T00:09:48.161+0000] {logging_mixin.py:190} INFO - [2026-04-29T00:09:48.161+0000] {dag.py:4180} INFO - Setting next_dagrun for cleanup_dag to None, run_after=None
[2026-04-29T00:09:48.177+0000] {processor.py:208} INFO - Processing /workspaces/meu-projeto-airflow/dags/cleanup_dag.py took 0.055 seconds
[2026-04-29T00:10:41.295+0000] {processor.py:186} INFO - Started process (PID=74721) to work on /workspaces/meu-projeto-airflow/dags/cleanup_dag.py
[2026-04-29T00:10:41.296+0000] {processor.py:914} INFO - Processing file /workspaces/meu-projeto-airflow/dags/cleanup_dag.py for tasks to queue
[2026-04-29T00:10:41.298+0000] {logging_mixin.py:190} INFO - [2026-04-29T00:10:41.297+0000] {dagbag.py:588} INFO - Filling up the DagBag from /workspaces/meu-projeto-airflow/dags/cleanup_dag.py
[2026-04-29T00:10:41.307+0000] {processor.py:925} INFO - DAG(s) 'cleanup_dag' retrieved from /workspaces/meu-projeto-airflow/dags/cleanup_dag.py
[2026-04-29T00:10:41.329+0000] {logging_mixin.py:190} INFO - [2026-04-29T00:10:41.329+0000] {dag.py:3239} INFO - Sync 1 DAGs
[2026-04-29T00:10:41.509+0000] {logging_mixin.py:190} INFO - [2026-04-29T00:10:41.509+0000] {dag.py:4180} INFO - Setting next_dagrun for cleanup_dag to None, run_after=None
[2026-04-29T00:10:41.528+0000] {processor.py:208} INFO - Processing /workspaces/meu-projeto-airflow/dags/cleanup_dag.py took 0.241 seconds
[2026-04-29T00:11:40.020+0000] {processor.py:186} INFO - Started process (PID=75330) to work on /workspaces/meu-projeto-airflow/dags/cleanup_dag.py
[2026-04-29T00:11:40.021+0000] {processor.py:914} INFO - Processing file /workspaces/meu-projeto-airflow/dags/cleanup_dag.py for tasks to queue
[2026-04-29T00:11:40.022+0000] {logging_mixin.py:190} INFO - [2026-04-29T00:11:40.022+0000] {dagbag.py:588} INFO - Filling up the DagBag from /workspaces/meu-projeto-airflow/dags/cleanup_dag.py
[2026-04-29T00:11:40.030+0000] {processor.py:925} INFO - DAG(s) 'cleanup_dag' retrieved from /workspaces/meu-projeto-airflow/dags/cleanup_dag.py
[2026-04-29T00:11:40.047+0000] {logging_mixin.py:190} INFO - [2026-04-29T00:11:40.046+0000] {dag.py:3239} INFO - Sync 1 DAGs
[2026-04-29T00:11:40.057+0000] {logging_mixin.py:190} INFO - [2026-04-29T00:11:40.057+0000] {dag.py:4180} INFO - Setting next_dagrun for cleanup_dag to None, run_after=None
[2026-04-29T00:11:40.073+0000] {processor.py:208} INFO - Processing /workspaces/meu-projeto-airflow/dags/cleanup_dag.py took 0.059 seconds
[2026-04-29T00:12:30.027+0000] {processor.py:186} INFO - Started process (PID=75981) to work on /workspaces/meu-projeto-airflow/dags/cleanup_dag.py
[2026-04-29T00:12:30.027+0000] {processor.py:914} INFO - Processing file /workspaces/meu-projeto-airflow/dags/cleanup_dag.py for tasks to queue
[2026-04-29T00:12:30.029+0000] {logging_mixin.py:190} INFO - [2026-04-29T00:12:30.028+0000] {dagbag.py:588} INFO - Filling up the DagBag from /workspaces/meu-projeto-airflow/dags/cleanup_dag.py
[2026-04-29T00:12:30.037+0000] {processor.py:925} INFO - DAG(s) 'cleanup_dag' retrieved from /workspaces/meu-projeto-airflow/dags/cleanup_dag.py
[2026-04-29T00:12:30.053+0000] {logging_mixin.py:190} INFO - [2026-04-29T00:12:30.053+0000] {dag.py:3239} INFO - Sync 1 DAGs
[2026-04-29T00:12:30.068+0000] {logging_mixin.py:190} INFO - [2026-04-29T00:12:30.068+0000] {dag.py:4180} INFO - Setting next_dagrun for cleanup_dag to None, run_after=None
[2026-04-29T00:12:30.221+0000] {processor.py:208} INFO - Processing /workspaces/meu-projeto-airflow/dags/cleanup_dag.py took 0.200 seconds
[2026-04-29T00:13:26.317+0000] {processor.py:186} INFO - Started process (PID=76843) to work on /workspaces/meu-projeto-airflow/dags/cleanup_dag.py
[2026-04-29T00:13:26.318+0000] {processor.py:914} INFO - Processing file /workspaces/meu-projeto-airflow/dags/cleanup_dag.py for tasks to queue
[2026-04-29T00:13:26.319+0000] {logging_mixin.py:190} INFO - [2026-04-29T00:13:26.319+0000] {dagbag.py:588} INFO - Filling up the DagBag from /workspaces/meu-projeto-airflow/dags/cleanup_dag.py
[2026-04-29T00:13:26.327+0000] {processor.py:925} INFO - DAG(s) 'cleanup_dag' retrieved from /workspaces/meu-projeto-airflow/dags/cleanup_dag.py
[2026-04-29T00:13:26.489+0000] {logging_mixin.py:190} INFO - [2026-04-29T00:13:26.488+0000] {dag.py:3239} INFO - Sync 1 DAGs
[2026-04-29T00:13:26.497+0000] {logging_mixin.py:190} INFO - [2026-04-29T00:13:26.497+0000] {dag.py:4180} INFO - Setting next_dagrun for cleanup_dag to None, run_after=None
[2026-04-29T00:13:26.512+0000] {processor.py:208} INFO - Processing /workspaces/meu-projeto-airflow/dags/cleanup_dag.py took 0.199 seconds
[2026-04-29T00:14:17.990+0000] {processor.py:186} INFO - Started process (PID=77476) to work on /workspaces/meu-projeto-airflow/dags/cleanup_dag.py
[2026-04-29T00:14:17.991+0000] {processor.py:914} INFO - Processing file /workspaces/meu-projeto-airflow/dags/cleanup_dag.py for tasks to queue
[2026-04-29T00:14:17.992+0000] {logging_mixin.py:190} INFO - [2026-04-29T00:14:17.992+0000] {dagbag.py:588} INFO - Filling up the DagBag from /workspaces/meu-projeto-airflow/dags/cleanup_dag.py
[2026-04-29T00:14:17.998+0000] {processor.py:925} INFO - DAG(s) 'cleanup_dag' retrieved from /workspaces/meu-projeto-airflow/dags/cleanup_dag.py
[2026-04-29T00:14:18.010+0000] {logging_mixin.py:190} INFO - [2026-04-29T00:14:18.010+0000] {dag.py:3239} INFO - Sync 1 DAGs
[2026-04-29T00:14:18.022+0000] {logging_mixin.py:190} INFO - [2026-04-29T00:14:18.022+0000] {dag.py:4180} INFO - Setting next_dagrun for cleanup_dag to None, run_after=None
[2026-04-29T00:14:18.042+0000] {processor.py:208} INFO - Processing /workspaces/meu-projeto-airflow/dags/cleanup_dag.py took 0.056 seconds
[2026-04-29T00:15:01.566+0000] {processor.py:186} INFO - Started process (PID=78123) to work on /workspaces/meu-projeto-airflow/dags/cleanup_dag.py
[2026-04-29T00:15:01.567+0000] {processor.py:914} INFO - Processing file /workspaces/meu-projeto-airflow/dags/cleanup_dag.py for tasks to queue
[2026-04-29T00:15:01.568+0000] {logging_mixin.py:190} INFO - [2026-04-29T00:15:01.568+0000] {dagbag.py:588} INFO - Filling up the DagBag from /workspaces/meu-projeto-airflow/dags/cleanup_dag.py
[2026-04-29T00:15:01.574+0000] {processor.py:925} INFO - DAG(s) 'cleanup_dag' retrieved from /workspaces/meu-projeto-airflow/dags/cleanup_dag.py
[2026-04-29T00:15:01.587+0000] {logging_mixin.py:190} INFO - [2026-04-29T00:15:01.587+0000] {dag.py:3239} INFO - Sync 1 DAGs
[2026-04-29T00:15:01.598+0000] {logging_mixin.py:190} INFO - [2026-04-29T00:15:01.598+0000] {dag.py:4180} INFO - Setting next_dagrun for cleanup_dag to None, run_after=None
[2026-04-29T00:15:01.614+0000] {processor.py:208} INFO - Processing /workspaces/meu-projeto-airflow/dags/cleanup_dag.py took 0.052 seconds
[2026-04-29T00:15:46.110+0000] {processor.py:186} INFO - Started process (PID=78541) to work on /workspaces/meu-projeto-airflow/dags/cleanup_dag.py
[2026-04-29T00:15:46.111+0000] {processor.py:914} INFO - Processing file /workspaces/meu-projeto-airflow/dags/cleanup_dag.py for tasks to queue
[2026-04-29T00:15:46.112+0000] {logging_mixin.py:190} INFO - [2026-04-29T00:15:46.112+0000] {dagbag.py:588} INFO - Filling up the DagBag from /workspaces/meu-projeto-airflow/dags/cleanup_dag.py
[2026-04-29T00:15:46.120+0000] {processor.py:925} INFO - DAG(s) 'cleanup_dag' retrieved from /workspaces/meu-projeto-airflow/dags/cleanup_dag.py
[2026-04-29T00:15:46.136+0000] {logging_mixin.py:190} INFO - [2026-04-29T00:15:46.135+0000] {dag.py:3239} INFO - Sync 1 DAGs
[2026-04-29T00:15:46.145+0000] {logging_mixin.py:190} INFO - [2026-04-29T00:15:46.145+0000] {dag.py:4180} INFO - Setting next_dagrun for cleanup_dag to None, run_after=None
[2026-04-29T00:15:46.161+0000] {processor.py:208} INFO - Processing /workspaces/meu-projeto-airflow/dags/cleanup_dag.py took 0.055 seconds
[2026-04-29T00:16:32.338+0000] {processor.py:186} INFO - Started process (PID=79210) to work on /workspaces/meu-projeto-airflow/dags/cleanup_dag.py
[2026-04-29T00:16:32.339+0000] {processor.py:914} INFO - Processing file /workspaces/meu-projeto-airflow/dags/cleanup_dag.py for tasks to queue
[2026-04-29T00:16:32.340+0000] {logging_mixin.py:190} INFO - [2026-04-29T00:16:32.340+0000] {dagbag.py:588} INFO - Filling up the DagBag from /workspaces/meu-projeto-airflow/dags/cleanup_dag.py
[2026-04-29T00:16:32.346+0000] {processor.py:925} INFO - DAG(s) 'cleanup_dag' retrieved from /workspaces/meu-projeto-airflow/dags/cleanup_dag.py
[2026-04-29T00:16:32.358+0000] {logging_mixin.py:190} INFO - [2026-04-29T00:16:32.358+0000] {dag.py:3239} INFO - Sync 1 DAGs
[2026-04-29T00:16:32.368+0000] {logging_mixin.py:190} INFO - [2026-04-29T00:16:32.368+0000] {dag.py:4180} INFO - Setting next_dagrun for cleanup_dag to None, run_after=None
[2026-04-29T00:16:32.384+0000] {processor.py:208} INFO - Processing /workspaces/meu-projeto-airflow/dags/cleanup_dag.py took 0.051 seconds
[2026-04-29T00:17:22.278+0000] {processor.py:186} INFO - Started process (PID=80184) to work on /workspaces/meu-projeto-airflow/dags/cleanup_dag.py
[2026-04-29T00:17:22.278+0000] {processor.py:914} INFO - Processing file /workspaces/meu-projeto-airflow/dags/cleanup_dag.py for tasks to queue
[2026-04-29T00:17:22.280+0000] {logging_mixin.py:190} INFO - [2026-04-29T00:17:22.279+0000] {dagbag.py:588} INFO - Filling up the DagBag from /workspaces/meu-projeto-airflow/dags/cleanup_dag.py
[2026-04-29T00:17:22.287+0000] {processor.py:925} INFO - DAG(s) 'cleanup_dag' retrieved from /workspaces/meu-projeto-airflow/dags/cleanup_dag.py
[2026-04-29T00:17:22.300+0000] {logging_mixin.py:190} INFO - [2026-04-29T00:17:22.300+0000] {dag.py:3239} INFO - Sync 1 DAGs
[2026-04-29T00:17:22.310+0000] {logging_mixin.py:190} INFO - [2026-04-29T00:17:22.309+0000] {dag.py:4180} INFO - Setting next_dagrun for cleanup_dag to None, run_after=None
[2026-04-29T00:17:22.328+0000] {processor.py:208} INFO - Processing /workspaces/meu-projeto-airflow/dags/cleanup_dag.py took 0.059 seconds
[2026-04-29T00:18:14.809+0000] {processor.py:186} INFO - Started process (PID=81183) to work on /workspaces/meu-projeto-airflow/dags/cleanup_dag.py
[2026-04-29T00:18:14.810+0000] {processor.py:914} INFO - Processing file /workspaces/meu-projeto-airflow/dags/cleanup_dag.py for tasks to queue
[2026-04-29T00:18:14.811+0000] {logging_mixin.py:190} INFO - [2026-04-29T00:18:14.811+0000] {dagbag.py:588} INFO - Filling up the DagBag from /workspaces/meu-projeto-airflow/dags/cleanup_dag.py
[2026-04-29T00:18:14.819+0000] {processor.py:925} INFO - DAG(s) 'cleanup_dag' retrieved from /workspaces/meu-projeto-airflow/dags/cleanup_dag.py
[2026-04-29T00:18:14.834+0000] {logging_mixin.py:190} INFO - [2026-04-29T00:18:14.834+0000] {dag.py:3239} INFO - Sync 1 DAGs
[2026-04-29T00:18:14.845+0000] {logging_mixin.py:190} INFO - [2026-04-29T00:18:14.844+0000] {dag.py:4180} INFO - Setting next_dagrun for cleanup_dag to None, run_after=None
[2026-04-29T00:18:14.865+0000] {processor.py:208} INFO - Processing /workspaces/meu-projeto-airflow/dags/cleanup_dag.py took 0.061 seconds
[2026-04-29T00:19:01.162+0000] {processor.py:186} INFO - Started process (PID=82110) to work on /workspaces/meu-projeto-airflow/dags/cleanup_dag.py
[2026-04-29T00:19:01.163+0000] {processor.py:914} INFO - Processing file /workspaces/meu-projeto-airflow/dags/cleanup_dag.py for tasks to queue
[2026-04-29T00:19:01.164+0000] {logging_mixin.py:190} INFO - [2026-04-29T00:19:01.163+0000] {dagbag.py:588} INFO - Filling up the DagBag from /workspaces/meu-projeto-airflow/dags/cleanup_dag.py
[2026-04-29T00:19:01.177+0000] {processor.py:925} INFO - DAG(s) 'cleanup_dag' retrieved from /workspaces/meu-projeto-airflow/dags/cleanup_dag.py
[2026-04-29T00:19:01.190+0000] {logging_mixin.py:190} INFO - [2026-04-29T00:19:01.189+0000] {dag.py:3239} INFO - Sync 1 DAGs
[2026-04-29T00:19:01.200+0000] {logging_mixin.py:190} INFO - [2026-04-29T00:19:01.200+0000] {dag.py:4180} INFO - Setting next_dagrun for cleanup_dag to None, run_after=None
[2026-04-29T00:19:01.217+0000] {processor.py:208} INFO - Processing /workspaces/meu-projeto-airflow/dags/cleanup_dag.py took 0.060 seconds
[2026-04-29T00:19:45.966+0000] {processor.py:186} INFO - Started process (PID=82993) to work on /workspaces/meu-projeto-airflow/dags/cleanup_dag.py
[2026-04-29T00:19:45.967+0000] {processor.py:914} INFO - Processing file /workspaces/meu-projeto-airflow/dags/cleanup_dag.py for tasks to queue
[2026-04-29T00:19:45.968+0000] {logging_mixin.py:190} INFO - [2026-04-29T00:19:45.967+0000] {dagbag.py:588} INFO - Filling up the DagBag from /workspaces/meu-projeto-airflow/dags/cleanup_dag.py
[2026-04-29T00:19:45.974+0000] {processor.py:925} INFO - DAG(s) 'cleanup_dag' retrieved from /workspaces/meu-projeto-airflow/dags/cleanup_dag.py
[2026-04-29T00:19:45.987+0000] {logging_mixin.py:190} INFO - [2026-04-29T00:19:45.986+0000] {dag.py:3239} INFO - Sync 1 DAGs
[2026-04-29T00:19:45.997+0000] {logging_mixin.py:190} INFO - [2026-04-29T00:19:45.996+0000] {dag.py:4180} INFO - Setting next_dagrun for cleanup_dag to None, run_after=None
[2026-04-29T00:19:46.013+0000] {processor.py:208} INFO - Processing /workspaces/meu-projeto-airflow/dags/cleanup_dag.py took 0.051 seconds
[2026-04-29T00:20:31.036+0000] {processor.py:186} INFO - Started process (PID=83894) to work on /workspaces/meu-projeto-airflow/dags/cleanup_dag.py
[2026-04-29T00:20:31.037+0000] {processor.py:914} INFO - Processing file /workspaces/meu-projeto-airflow/dags/cleanup_dag.py for tasks to queue
[2026-04-29T00:20:31.038+0000] {logging_mixin.py:190} INFO - [2026-04-29T00:20:31.038+0000] {dagbag.py:588} INFO - Filling up the DagBag from /workspaces/meu-projeto-airflow/dags/cleanup_dag.py
[2026-04-29T00:20:31.044+0000] {processor.py:925} INFO - DAG(s) 'cleanup_dag' retrieved from /workspaces/meu-projeto-airflow/dags/cleanup_dag.py
[2026-04-29T00:20:31.057+0000] {logging_mixin.py:190} INFO - [2026-04-29T00:20:31.057+0000] {dag.py:3239} INFO - Sync 1 DAGs
[2026-04-29T00:20:31.067+0000] {logging_mixin.py:190} INFO - [2026-04-29T00:20:31.066+0000] {dag.py:4180} INFO - Setting next_dagrun for cleanup_dag to None, run_after=None
[2026-04-29T00:20:31.083+0000] {processor.py:208} INFO - Processing /workspaces/meu-projeto-airflow/dags/cleanup_dag.py took 0.052 seconds
[2026-04-29T00:21:17.881+0000] {processor.py:186} INFO - Started process (PID=84816) to work on /workspaces/meu-projeto-airflow/dags/cleanup_dag.py
[2026-04-29T00:21:17.882+0000] {processor.py:914} INFO - Processing file /workspaces/meu-projeto-airflow/dags/cleanup_dag.py for tasks to queue
[2026-04-29T00:21:17.883+0000] {logging_mixin.py:190} INFO - [2026-04-29T00:21:17.883+0000] {dagbag.py:588} INFO - Filling up the DagBag from /workspaces/meu-projeto-airflow/dags/cleanup_dag.py
[2026-04-29T00:21:17.889+0000] {processor.py:925} INFO - DAG(s) 'cleanup_dag' retrieved from /workspaces/meu-projeto-airflow/dags/cleanup_dag.py
[2026-04-29T00:21:17.901+0000] {logging_mixin.py:190} INFO - [2026-04-29T00:21:17.901+0000] {dag.py:3239} INFO - Sync 1 DAGs
[2026-04-29T00:21:17.911+0000] {logging_mixin.py:190} INFO - [2026-04-29T00:21:17.911+0000] {dag.py:4180} INFO - Setting next_dagrun for cleanup_dag to None, run_after=None
[2026-04-29T00:21:17.932+0000] {processor.py:208} INFO - Processing /workspaces/meu-projeto-airflow/dags/cleanup_dag.py took 0.055 seconds
[2026-04-29T00:22:02.864+0000] {processor.py:186} INFO - Started process (PID=85717) to work on /workspaces/meu-projeto-airflow/dags/cleanup_dag.py
[2026-04-29T00:22:02.865+0000] {processor.py:914} INFO - Processing file /workspaces/meu-projeto-airflow/dags/cleanup_dag.py for tasks to queue
[2026-04-29T00:22:02.866+0000] {logging_mixin.py:190} INFO - [2026-04-29T00:22:02.866+0000] {dagbag.py:588} INFO - Filling up the DagBag from /workspaces/meu-projeto-airflow/dags/cleanup_dag.py
[2026-04-29T00:22:02.872+0000] {processor.py:925} INFO - DAG(s) 'cleanup_dag' retrieved from /workspaces/meu-projeto-airflow/dags/cleanup_dag.py
[2026-04-29T00:22:02.885+0000] {logging_mixin.py:190} INFO - [2026-04-29T00:22:02.885+0000] {dag.py:3239} INFO - Sync 1 DAGs
[2026-04-29T00:22:02.895+0000] {logging_mixin.py:190} INFO - [2026-04-29T00:22:02.895+0000] {dag.py:4180} INFO - Setting next_dagrun for cleanup_dag to None, run_after=None
[2026-04-29T00:22:02.916+0000] {processor.py:208} INFO - Processing /workspaces/meu-projeto-airflow/dags/cleanup_dag.py took 0.056 seconds
[2026-04-29T00:22:46.996+0000] {processor.py:186} INFO - Started process (PID=86585) to work on /workspaces/meu-projeto-airflow/dags/cleanup_dag.py
[2026-04-29T00:22:47.002+0000] {processor.py:914} INFO - Processing file /workspaces/meu-projeto-airflow/dags/cleanup_dag.py for tasks to queue
[2026-04-29T00:22:47.004+0000] {logging_mixin.py:190} INFO - [2026-04-29T00:22:47.003+0000] {dagbag.py:588} INFO - Filling up the DagBag from /workspaces/meu-projeto-airflow/dags/cleanup_dag.py
[2026-04-29T00:22:47.018+0000] {processor.py:925} INFO - DAG(s) 'cleanup_dag' retrieved from /workspaces/meu-projeto-airflow/dags/cleanup_dag.py
[2026-04-29T00:22:47.058+0000] {logging_mixin.py:190} INFO - [2026-04-29T00:22:47.058+0000] {dag.py:3239} INFO - Sync 1 DAGs
[2026-04-29T00:22:47.071+0000] {logging_mixin.py:190} INFO - [2026-04-29T00:22:47.071+0000] {dag.py:4180} INFO - Setting next_dagrun for cleanup_dag to None, run_after=None
[2026-04-29T00:22:47.118+0000] {processor.py:208} INFO - Processing /workspaces/meu-projeto-airflow/dags/cleanup_dag.py took 0.128 seconds
[2026-04-29T00:23:33.489+0000] {processor.py:186} INFO - Started process (PID=87506) to work on /workspaces/meu-projeto-airflow/dags/cleanup_dag.py
[2026-04-29T00:23:33.490+0000] {processor.py:914} INFO - Processing file /workspaces/meu-projeto-airflow/dags/cleanup_dag.py for tasks to queue
[2026-04-29T00:23:33.491+0000] {logging_mixin.py:190} INFO - [2026-04-29T00:23:33.491+0000] {dagbag.py:588} INFO - Filling up the DagBag from /workspaces/meu-projeto-airflow/dags/cleanup_dag.py
[2026-04-29T00:23:33.498+0000] {processor.py:925} INFO - DAG(s) 'cleanup_dag' retrieved from /workspaces/meu-projeto-airflow/dags/cleanup_dag.py
[2026-04-29T00:23:33.510+0000] {logging_mixin.py:190} INFO - [2026-04-29T00:23:33.510+0000] {dag.py:3239} INFO - Sync 1 DAGs
[2026-04-29T00:23:33.524+0000] {logging_mixin.py:190} INFO - [2026-04-29T00:23:33.524+0000] {dag.py:4180} INFO - Setting next_dagrun for cleanup_dag to None, run_after=None
[2026-04-29T00:23:33.542+0000] {processor.py:208} INFO - Processing /workspaces/meu-projeto-airflow/dags/cleanup_dag.py took 0.058 seconds
[2026-04-29T00:24:19.707+0000] {processor.py:186} INFO - Started process (PID=88386) to work on /workspaces/meu-projeto-airflow/dags/cleanup_dag.py
[2026-04-29T00:24:19.707+0000] {processor.py:914} INFO - Processing file /workspaces/meu-projeto-airflow/dags/cleanup_dag.py for tasks to queue
[2026-04-29T00:24:19.708+0000] {logging_mixin.py:190} INFO - [2026-04-29T00:24:19.708+0000] {dagbag.py:588} INFO - Filling up the DagBag from /workspaces/meu-projeto-airflow/dags/cleanup_dag.py
[2026-04-29T00:24:19.715+0000] {processor.py:925} INFO - DAG(s) 'cleanup_dag' retrieved from /workspaces/meu-projeto-airflow/dags/cleanup_dag.py
[2026-04-29T00:24:19.730+0000] {logging_mixin.py:190} INFO - [2026-04-29T00:24:19.730+0000] {dag.py:3239} INFO - Sync 1 DAGs
[2026-04-29T00:24:19.743+0000] {logging_mixin.py:190} INFO - [2026-04-29T00:24:19.743+0000] {dag.py:4180} INFO - Setting next_dagrun for cleanup_dag to None, run_after=None
[2026-04-29T00:24:19.759+0000] {processor.py:208} INFO - Processing /workspaces/meu-projeto-airflow/dags/cleanup_dag.py took 0.057 seconds
[2026-04-29T00:25:04.226+0000] {processor.py:186} INFO - Started process (PID=89286) to work on /workspaces/meu-projeto-airflow/dags/cleanup_dag.py
[2026-04-29T00:25:04.227+0000] {processor.py:914} INFO - Processing file /workspaces/meu-projeto-airflow/dags/cleanup_dag.py for tasks to queue
[2026-04-29T00:25:04.228+0000] {logging_mixin.py:190} INFO - [2026-04-29T00:25:04.228+0000] {dagbag.py:588} INFO - Filling up the DagBag from /workspaces/meu-projeto-airflow/dags/cleanup_dag.py
[2026-04-29T00:25:04.235+0000] {processor.py:925} INFO - DAG(s) 'cleanup_dag' retrieved from /workspaces/meu-projeto-airflow/dags/cleanup_dag.py
[2026-04-29T00:25:04.249+0000] {logging_mixin.py:190} INFO - [2026-04-29T00:25:04.249+0000] {dag.py:3239} INFO - Sync 1 DAGs
[2026-04-29T00:25:04.259+0000] {logging_mixin.py:190} INFO - [2026-04-29T00:25:04.259+0000] {dag.py:4180} INFO - Setting next_dagrun for cleanup_dag to None, run_after=None
[2026-04-29T00:25:04.275+0000] {processor.py:208} INFO - Processing /workspaces/meu-projeto-airflow/dags/cleanup_dag.py took 0.054 seconds
[2026-04-29T00:25:50.073+0000] {processor.py:186} INFO - Started process (PID=90186) to work on /workspaces/meu-projeto-airflow/dags/cleanup_dag.py
[2026-04-29T00:25:50.074+0000] {processor.py:914} INFO - Processing file /workspaces/meu-projeto-airflow/dags/cleanup_dag.py for tasks to queue
[2026-04-29T00:25:50.075+0000] {logging_mixin.py:190} INFO - [2026-04-29T00:25:50.074+0000] {dagbag.py:588} INFO - Filling up the DagBag from /workspaces/meu-projeto-airflow/dags/cleanup_dag.py
[2026-04-29T00:25:50.081+0000] {processor.py:925} INFO - DAG(s) 'cleanup_dag' retrieved from /workspaces/meu-projeto-airflow/dags/cleanup_dag.py
[2026-04-29T00:25:50.094+0000] {logging_mixin.py:190} INFO - [2026-04-29T00:25:50.094+0000] {dag.py:3239} INFO - Sync 1 DAGs
[2026-04-29T00:25:50.104+0000] {logging_mixin.py:190} INFO - [2026-04-29T00:25:50.103+0000] {dag.py:4180} INFO - Setting next_dagrun for cleanup_dag to None, run_after=None
[2026-04-29T00:25:50.124+0000] {processor.py:208} INFO - Processing /workspaces/meu-projeto-airflow/dags/cleanup_dag.py took 0.055 seconds
[2026-04-29T00:26:35.509+0000] {processor.py:186} INFO - Started process (PID=91084) to work on /workspaces/meu-projeto-airflow/dags/cleanup_dag.py
[2026-04-29T00:26:35.511+0000] {processor.py:914} INFO - Processing file /workspaces/meu-projeto-airflow/dags/cleanup_dag.py for tasks to queue
[2026-04-29T00:26:35.515+0000] {logging_mixin.py:190} INFO - [2026-04-29T00:26:35.514+0000] {dagbag.py:588} INFO - Filling up the DagBag from /workspaces/meu-projeto-airflow/dags/cleanup_dag.py
[2026-04-29T00:26:35.530+0000] {processor.py:925} INFO - DAG(s) 'cleanup_dag' retrieved from /workspaces/meu-projeto-airflow/dags/cleanup_dag.py
[2026-04-29T00:26:35.573+0000] {logging_mixin.py:190} INFO - [2026-04-29T00:26:35.573+0000] {dag.py:3239} INFO - Sync 1 DAGs
[2026-04-29T00:26:35.600+0000] {logging_mixin.py:190} INFO - [2026-04-29T00:26:35.599+0000] {dag.py:4180} INFO - Setting next_dagrun for cleanup_dag to None, run_after=None
[2026-04-29T00:26:35.628+0000] {processor.py:208} INFO - Processing /workspaces/meu-projeto-airflow/dags/cleanup_dag.py took 0.128 seconds
[2026-04-29T00:27:23.070+0000] {processor.py:186} INFO - Started process (PID=92084) to work on /workspaces/meu-projeto-airflow/dags/cleanup_dag.py
[2026-04-29T00:27:23.071+0000] {processor.py:914} INFO - Processing file /workspaces/meu-projeto-airflow/dags/cleanup_dag.py for tasks to queue
[2026-04-29T00:27:23.072+0000] {logging_mixin.py:190} INFO - [2026-04-29T00:27:23.072+0000] {dagbag.py:588} INFO - Filling up the DagBag from /workspaces/meu-projeto-airflow/dags/cleanup_dag.py
[2026-04-29T00:27:23.078+0000] {processor.py:925} INFO - DAG(s) 'cleanup_dag' retrieved from /workspaces/meu-projeto-airflow/dags/cleanup_dag.py
[2026-04-29T00:27:23.091+0000] {logging_mixin.py:190} INFO - [2026-04-29T00:27:23.091+0000] {dag.py:3239} INFO - Sync 1 DAGs
[2026-04-29T00:27:23.102+0000] {logging_mixin.py:190} INFO - [2026-04-29T00:27:23.102+0000] {dag.py:4180} INFO - Setting next_dagrun for cleanup_dag to None, run_after=None
[2026-04-29T00:27:23.119+0000] {processor.py:208} INFO - Processing /workspaces/meu-projeto-airflow/dags/cleanup_dag.py took 0.053 seconds
[2026-04-29T00:28:24.816+0000] {processor.py:186} INFO - Started process (PID=93291) to work on /workspaces/meu-projeto-airflow/dags/cleanup_dag.py
[2026-04-29T00:28:24.817+0000] {processor.py:914} INFO - Processing file /workspaces/meu-projeto-airflow/dags/cleanup_dag.py for tasks to queue
[2026-04-29T00:28:24.818+0000] {logging_mixin.py:190} INFO - [2026-04-29T00:28:24.818+0000] {dagbag.py:588} INFO - Filling up the DagBag from /workspaces/meu-projeto-airflow/dags/cleanup_dag.py
[2026-04-29T00:28:24.826+0000] {processor.py:925} INFO - DAG(s) 'cleanup_dag' retrieved from /workspaces/meu-projeto-airflow/dags/cleanup_dag.py
[2026-04-29T00:28:24.841+0000] {logging_mixin.py:190} INFO - [2026-04-29T00:28:24.840+0000] {dag.py:3239} INFO - Sync 1 DAGs
[2026-04-29T00:28:24.851+0000] {logging_mixin.py:190} INFO - [2026-04-29T00:28:24.851+0000] {dag.py:4180} INFO - Setting next_dagrun for cleanup_dag to None, run_after=None
[2026-04-29T00:28:24.867+0000] {processor.py:208} INFO - Processing /workspaces/meu-projeto-airflow/dags/cleanup_dag.py took 0.057 seconds
[2026-04-29T00:29:21.904+0000] {processor.py:186} INFO - Started process (PID=94457) to work on /workspaces/meu-projeto-airflow/dags/cleanup_dag.py
[2026-04-29T00:29:21.905+0000] {processor.py:914} INFO - Processing file /workspaces/meu-projeto-airflow/dags/cleanup_dag.py for tasks to queue
[2026-04-29T00:29:21.906+0000] {logging_mixin.py:190} INFO - [2026-04-29T00:29:21.905+0000] {dagbag.py:588} INFO - Filling up the DagBag from /workspaces/meu-projeto-airflow/dags/cleanup_dag.py
[2026-04-29T00:29:21.913+0000] {processor.py:925} INFO - DAG(s) 'cleanup_dag' retrieved from /workspaces/meu-projeto-airflow/dags/cleanup_dag.py
[2026-04-29T00:29:21.935+0000] {logging_mixin.py:190} INFO - [2026-04-29T00:29:21.935+0000] {dag.py:3239} INFO - Sync 1 DAGs
[2026-04-29T00:29:21.961+0000] {logging_mixin.py:190} INFO - [2026-04-29T00:29:21.960+0000] {dag.py:4180} INFO - Setting next_dagrun for cleanup_dag to None, run_after=None
[2026-04-29T00:29:22.003+0000] {processor.py:208} INFO - Processing /workspaces/meu-projeto-airflow/dags/cleanup_dag.py took 0.104 seconds
[2026-04-29T00:30:08.157+0000] {processor.py:186} INFO - Started process (PID=95397) to work on /workspaces/meu-projeto-airflow/dags/cleanup_dag.py
[2026-04-29T00:30:08.158+0000] {processor.py:914} INFO - Processing file /workspaces/meu-projeto-airflow/dags/cleanup_dag.py for tasks to queue
[2026-04-29T00:30:08.159+0000] {logging_mixin.py:190} INFO - [2026-04-29T00:30:08.158+0000] {dagbag.py:588} INFO - Filling up the DagBag from /workspaces/meu-projeto-airflow/dags/cleanup_dag.py
[2026-04-29T00:30:08.165+0000] {processor.py:925} INFO - DAG(s) 'cleanup_dag' retrieved from /workspaces/meu-projeto-airflow/dags/cleanup_dag.py
[2026-04-29T00:30:08.177+0000] {logging_mixin.py:190} INFO - [2026-04-29T00:30:08.177+0000] {dag.py:3239} INFO - Sync 1 DAGs
[2026-04-29T00:30:08.187+0000] {logging_mixin.py:190} INFO - [2026-04-29T00:30:08.187+0000] {dag.py:4180} INFO - Setting next_dagrun for cleanup_dag to None, run_after=None
[2026-04-29T00:30:08.204+0000] {processor.py:208} INFO - Processing /workspaces/meu-projeto-airflow/dags/cleanup_dag.py took 0.052 seconds
[2026-04-29T00:30:49.950+0000] {processor.py:186} INFO - Started process (PID=96200) to work on /workspaces/meu-projeto-airflow/dags/cleanup_dag.py
[2026-04-29T00:30:49.951+0000] {processor.py:914} INFO - Processing file /workspaces/meu-projeto-airflow/dags/cleanup_dag.py for tasks to queue
[2026-04-29T00:30:49.952+0000] {logging_mixin.py:190} INFO - [2026-04-29T00:30:49.952+0000] {dagbag.py:588} INFO - Filling up the DagBag from /workspaces/meu-projeto-airflow/dags/cleanup_dag.py
[2026-04-29T00:30:49.958+0000] {processor.py:925} INFO - DAG(s) 'cleanup_dag' retrieved from /workspaces/meu-projeto-airflow/dags/cleanup_dag.py
[2026-04-29T00:30:49.971+0000] {logging_mixin.py:190} INFO - [2026-04-29T00:30:49.970+0000] {dag.py:3239} INFO - Sync 1 DAGs
[2026-04-29T00:30:49.980+0000] {logging_mixin.py:190} INFO - [2026-04-29T00:30:49.980+0000] {dag.py:4180} INFO - Setting next_dagrun for cleanup_dag to None, run_after=None
[2026-04-29T00:30:49.996+0000] {processor.py:208} INFO - Processing /workspaces/meu-projeto-airflow/dags/cleanup_dag.py took 0.050 seconds
[2026-04-29T00:31:32.920+0000] {processor.py:186} INFO - Started process (PID=97106) to work on /workspaces/meu-projeto-airflow/dags/cleanup_dag.py
[2026-04-29T00:31:32.920+0000] {processor.py:914} INFO - Processing file /workspaces/meu-projeto-airflow/dags/cleanup_dag.py for tasks to queue
[2026-04-29T00:31:32.921+0000] {logging_mixin.py:190} INFO - [2026-04-29T00:31:32.921+0000] {dagbag.py:588} INFO - Filling up the DagBag from /workspaces/meu-projeto-airflow/dags/cleanup_dag.py
[2026-04-29T00:31:32.929+0000] {processor.py:925} INFO - DAG(s) 'cleanup_dag' retrieved from /workspaces/meu-projeto-airflow/dags/cleanup_dag.py
[2026-04-29T00:31:32.944+0000] {logging_mixin.py:190} INFO - [2026-04-29T00:31:32.943+0000] {dag.py:3239} INFO - Sync 1 DAGs
[2026-04-29T00:31:32.954+0000] {logging_mixin.py:190} INFO - [2026-04-29T00:31:32.954+0000] {dag.py:4180} INFO - Setting next_dagrun for cleanup_dag to None, run_after=None
[2026-04-29T00:31:32.975+0000] {processor.py:208} INFO - Processing /workspaces/meu-projeto-airflow/dags/cleanup_dag.py took 0.062 seconds
[2026-04-29T00:32:19.843+0000] {processor.py:186} INFO - Started process (PID=97997) to work on /workspaces/meu-projeto-airflow/dags/cleanup_dag.py
[2026-04-29T00:32:19.844+0000] {processor.py:914} INFO - Processing file /workspaces/meu-projeto-airflow/dags/cleanup_dag.py for tasks to queue
[2026-04-29T00:32:19.845+0000] {logging_mixin.py:190} INFO - [2026-04-29T00:32:19.845+0000] {dagbag.py:588} INFO - Filling up the DagBag from /workspaces/meu-projeto-airflow/dags/cleanup_dag.py
[2026-04-29T00:32:19.853+0000] {processor.py:925} INFO - DAG(s) 'cleanup_dag' retrieved from /workspaces/meu-projeto-airflow/dags/cleanup_dag.py
[2026-04-29T00:32:19.865+0000] {logging_mixin.py:190} INFO - [2026-04-29T00:32:19.865+0000] {dag.py:3239} INFO - Sync 1 DAGs
[2026-04-29T00:32:19.875+0000] {logging_mixin.py:190} INFO - [2026-04-29T00:32:19.875+0000] {dag.py:4180} INFO - Setting next_dagrun for cleanup_dag to None, run_after=None
[2026-04-29T00:32:19.895+0000] {processor.py:208} INFO - Processing /workspaces/meu-projeto-airflow/dags/cleanup_dag.py took 0.056 seconds
[2026-04-29T00:33:05.019+0000] {processor.py:186} INFO - Started process (PID=98896) to work on /workspaces/meu-projeto-airflow/dags/cleanup_dag.py
[2026-04-29T00:33:05.020+0000] {processor.py:914} INFO - Processing file /workspaces/meu-projeto-airflow/dags/cleanup_dag.py for tasks to queue
[2026-04-29T00:33:05.021+0000] {logging_mixin.py:190} INFO - [2026-04-29T00:33:05.020+0000] {dagbag.py:588} INFO - Filling up the DagBag from /workspaces/meu-projeto-airflow/dags/cleanup_dag.py
[2026-04-29T00:33:05.029+0000] {processor.py:925} INFO - DAG(s) 'cleanup_dag' retrieved from /workspaces/meu-projeto-airflow/dags/cleanup_dag.py
[2026-04-29T00:33:05.046+0000] {logging_mixin.py:190} INFO - [2026-04-29T00:33:05.045+0000] {dag.py:3239} INFO - Sync 1 DAGs
[2026-04-29T00:33:05.058+0000] {logging_mixin.py:190} INFO - [2026-04-29T00:33:05.058+0000] {dag.py:4180} INFO - Setting next_dagrun for cleanup_dag to None, run_after=None
[2026-04-29T00:33:05.074+0000] {processor.py:208} INFO - Processing /workspaces/meu-projeto-airflow/dags/cleanup_dag.py took 0.061 seconds
[2026-04-29T00:33:51.580+0000] {processor.py:186} INFO - Started process (PID=99815) to work on /workspaces/meu-projeto-airflow/dags/cleanup_dag.py
[2026-04-29T00:33:51.580+0000] {processor.py:914} INFO - Processing file /workspaces/meu-projeto-airflow/dags/cleanup_dag.py for tasks to queue
[2026-04-29T00:33:51.581+0000] {logging_mixin.py:190} INFO - [2026-04-29T00:33:51.581+0000] {dagbag.py:588} INFO - Filling up the DagBag from /workspaces/meu-projeto-airflow/dags/cleanup_dag.py
[2026-04-29T00:33:51.588+0000] {processor.py:925} INFO - DAG(s) 'cleanup_dag' retrieved from /workspaces/meu-projeto-airflow/dags/cleanup_dag.py
[2026-04-29T00:33:51.602+0000] {logging_mixin.py:190} INFO - [2026-04-29T00:33:51.602+0000] {dag.py:3239} INFO - Sync 1 DAGs
[2026-04-29T00:33:51.613+0000] {logging_mixin.py:190} INFO - [2026-04-29T00:33:51.613+0000] {dag.py:4180} INFO - Setting next_dagrun for cleanup_dag to None, run_after=None
[2026-04-29T00:33:51.631+0000] {processor.py:208} INFO - Processing /workspaces/meu-projeto-airflow/dags/cleanup_dag.py took 0.056 seconds
[2026-04-29T00:34:39.970+0000] {processor.py:186} INFO - Started process (PID=100784) to work on /workspaces/meu-projeto-airflow/dags/cleanup_dag.py
[2026-04-29T00:34:39.970+0000] {processor.py:914} INFO - Processing file /workspaces/meu-projeto-airflow/dags/cleanup_dag.py for tasks to queue
[2026-04-29T00:34:39.971+0000] {logging_mixin.py:190} INFO - [2026-04-29T00:34:39.971+0000] {dagbag.py:588} INFO - Filling up the DagBag from /workspaces/meu-projeto-airflow/dags/cleanup_dag.py
[2026-04-29T00:34:39.978+0000] {processor.py:925} INFO - DAG(s) 'cleanup_dag' retrieved from /workspaces/meu-projeto-airflow/dags/cleanup_dag.py
[2026-04-29T00:34:39.991+0000] {logging_mixin.py:190} INFO - [2026-04-29T00:34:39.990+0000] {dag.py:3239} INFO - Sync 1 DAGs
[2026-04-29T00:34:40.001+0000] {logging_mixin.py:190} INFO - [2026-04-29T00:34:40.001+0000] {dag.py:4180} INFO - Setting next_dagrun for cleanup_dag to None, run_after=None
[2026-04-29T00:34:40.020+0000] {processor.py:208} INFO - Processing /workspaces/meu-projeto-airflow/dags/cleanup_dag.py took 0.054 seconds
[2026-04-29T00:35:26.476+0000] {processor.py:186} INFO - Started process (PID=101709) to work on /workspaces/meu-projeto-airflow/dags/cleanup_dag.py
[2026-04-29T00:35:26.477+0000] {processor.py:914} INFO - Processing file /workspaces/meu-projeto-airflow/dags/cleanup_dag.py for tasks to queue
[2026-04-29T00:35:26.478+0000] {logging_mixin.py:190} INFO - [2026-04-29T00:35:26.477+0000] {dagbag.py:588} INFO - Filling up the DagBag from /workspaces/meu-projeto-airflow/dags/cleanup_dag.py
[2026-04-29T00:35:26.484+0000] {processor.py:925} INFO - DAG(s) 'cleanup_dag' retrieved from /workspaces/meu-projeto-airflow/dags/cleanup_dag.py
[2026-04-29T00:35:26.496+0000] {logging_mixin.py:190} INFO - [2026-04-29T00:35:26.496+0000] {dag.py:3239} INFO - Sync 1 DAGs
[2026-04-29T00:35:26.506+0000] {logging_mixin.py:190} INFO - [2026-04-29T00:35:26.506+0000] {dag.py:4180} INFO - Setting next_dagrun for cleanup_dag to None, run_after=None
[2026-04-29T00:35:26.523+0000] {processor.py:208} INFO - Processing /workspaces/meu-projeto-airflow/dags/cleanup_dag.py took 0.052 seconds
[2026-04-29T00:36:12.941+0000] {processor.py:186} INFO - Started process (PID=102658) to work on /workspaces/meu-projeto-airflow/dags/cleanup_dag.py
[2026-04-29T00:36:12.942+0000] {processor.py:914} INFO - Processing file /workspaces/meu-projeto-airflow/dags/cleanup_dag.py for tasks to queue
[2026-04-29T00:36:12.943+0000] {logging_mixin.py:190} INFO - [2026-04-29T00:36:12.943+0000] {dagbag.py:588} INFO - Filling up the DagBag from /workspaces/meu-projeto-airflow/dags/cleanup_dag.py
[2026-04-29T00:36:12.950+0000] {processor.py:925} INFO - DAG(s) 'cleanup_dag' retrieved from /workspaces/meu-projeto-airflow/dags/cleanup_dag.py
[2026-04-29T00:36:12.963+0000] {logging_mixin.py:190} INFO - [2026-04-29T00:36:12.963+0000] {dag.py:3239} INFO - Sync 1 DAGs
[2026-04-29T00:36:12.973+0000] {logging_mixin.py:190} INFO - [2026-04-29T00:36:12.973+0000] {dag.py:4180} INFO - Setting next_dagrun for cleanup_dag to None, run_after=None
[2026-04-29T00:36:12.990+0000] {processor.py:208} INFO - Processing /workspaces/meu-projeto-airflow/dags/cleanup_dag.py took 0.053 seconds
[2026-04-29T00:36:59.410+0000] {processor.py:186} INFO - Started process (PID=103585) to work on /workspaces/meu-projeto-airflow/dags/cleanup_dag.py
[2026-04-29T00:36:59.411+0000] {processor.py:914} INFO - Processing file /workspaces/meu-projeto-airflow/dags/cleanup_dag.py for tasks to queue
[2026-04-29T00:36:59.412+0000] {logging_mixin.py:190} INFO - [2026-04-29T00:36:59.412+0000] {dagbag.py:588} INFO - Filling up the DagBag from /workspaces/meu-projeto-airflow/dags/cleanup_dag.py
[2026-04-29T00:36:59.419+0000] {processor.py:925} INFO - DAG(s) 'cleanup_dag' retrieved from /workspaces/meu-projeto-airflow/dags/cleanup_dag.py
[2026-04-29T00:36:59.436+0000] {logging_mixin.py:190} INFO - [2026-04-29T00:36:59.436+0000] {dag.py:3239} INFO - Sync 1 DAGs
[2026-04-29T00:36:59.448+0000] {logging_mixin.py:190} INFO - [2026-04-29T00:36:59.448+0000] {dag.py:4180} INFO - Setting next_dagrun for cleanup_dag to None, run_after=None
[2026-04-29T00:36:59.464+0000] {processor.py:208} INFO - Processing /workspaces/meu-projeto-airflow/dags/cleanup_dag.py took 0.058 seconds
[2026-04-29T00:37:44.068+0000] {processor.py:186} INFO - Started process (PID=104483) to work on /workspaces/meu-projeto-airflow/dags/cleanup_dag.py
[2026-04-29T00:37:44.069+0000] {processor.py:914} INFO - Processing file /workspaces/meu-projeto-airflow/dags/cleanup_dag.py for tasks to queue
[2026-04-29T00:37:44.070+0000] {logging_mixin.py:190} INFO - [2026-04-29T00:37:44.069+0000] {dagbag.py:588} INFO - Filling up the DagBag from /workspaces/meu-projeto-airflow/dags/cleanup_dag.py
[2026-04-29T00:37:44.076+0000] {processor.py:925} INFO - DAG(s) 'cleanup_dag' retrieved from /workspaces/meu-projeto-airflow/dags/cleanup_dag.py
[2026-04-29T00:37:44.089+0000] {logging_mixin.py:190} INFO - [2026-04-29T00:37:44.089+0000] {dag.py:3239} INFO - Sync 1 DAGs
[2026-04-29T00:37:44.099+0000] {logging_mixin.py:190} INFO - [2026-04-29T00:37:44.099+0000] {dag.py:4180} INFO - Setting next_dagrun for cleanup_dag to None, run_after=None
[2026-04-29T00:37:44.116+0000] {processor.py:208} INFO - Processing /workspaces/meu-projeto-airflow/dags/cleanup_dag.py took 0.052 seconds
[2026-04-29T00:38:28.740+0000] {processor.py:186} INFO - Started process (PID=105374) to work on /workspaces/meu-projeto-airflow/dags/cleanup_dag.py
[2026-04-29T00:38:28.741+0000] {processor.py:914} INFO - Processing file /workspaces/meu-projeto-airflow/dags/cleanup_dag.py for tasks to queue
[2026-04-29T00:38:28.742+0000] {logging_mixin.py:190} INFO - [2026-04-29T00:38:28.742+0000] {dagbag.py:588} INFO - Filling up the DagBag from /workspaces/meu-projeto-airflow/dags/cleanup_dag.py
[2026-04-29T00:38:28.748+0000] {processor.py:925} INFO - DAG(s) 'cleanup_dag' retrieved from /workspaces/meu-projeto-airflow/dags/cleanup_dag.py
[2026-04-29T00:38:28.761+0000] {logging_mixin.py:190} INFO - [2026-04-29T00:38:28.761+0000] {dag.py:3239} INFO - Sync 1 DAGs
[2026-04-29T00:38:28.772+0000] {logging_mixin.py:190} INFO - [2026-04-29T00:38:28.771+0000] {dag.py:4180} INFO - Setting next_dagrun for cleanup_dag to None, run_after=None
[2026-04-29T00:38:28.787+0000] {processor.py:208} INFO - Processing /workspaces/meu-projeto-airflow/dags/cleanup_dag.py took 0.052 seconds
[2026-04-29T00:39:14.966+0000] {processor.py:186} INFO - Started process (PID=106281) to work on /workspaces/meu-projeto-airflow/dags/cleanup_dag.py
[2026-04-29T00:39:14.966+0000] {processor.py:914} INFO - Processing file /workspaces/meu-projeto-airflow/dags/cleanup_dag.py for tasks to queue
[2026-04-29T00:39:14.967+0000] {logging_mixin.py:190} INFO - [2026-04-29T00:39:14.967+0000] {dagbag.py:588} INFO - Filling up the DagBag from /workspaces/meu-projeto-airflow/dags/cleanup_dag.py
[2026-04-29T00:39:14.974+0000] {processor.py:925} INFO - DAG(s) 'cleanup_dag' retrieved from /workspaces/meu-projeto-airflow/dags/cleanup_dag.py
[2026-04-29T00:39:14.986+0000] {logging_mixin.py:190} INFO - [2026-04-29T00:39:14.986+0000] {dag.py:3239} INFO - Sync 1 DAGs
[2026-04-29T00:39:14.997+0000] {logging_mixin.py:190} INFO - [2026-04-29T00:39:14.997+0000] {dag.py:4180} INFO - Setting next_dagrun for cleanup_dag to None, run_after=None
[2026-04-29T00:39:15.014+0000] {processor.py:208} INFO - Processing /workspaces/meu-projeto-airflow/dags/cleanup_dag.py took 0.053 seconds
[2026-04-29T00:39:57.587+0000] {processor.py:186} INFO - Started process (PID=107154) to work on /workspaces/meu-projeto-airflow/dags/cleanup_dag.py
[2026-04-29T00:39:57.587+0000] {processor.py:914} INFO - Processing file /workspaces/meu-projeto-airflow/dags/cleanup_dag.py for tasks to queue
[2026-04-29T00:39:57.589+0000] {logging_mixin.py:190} INFO - [2026-04-29T00:39:57.588+0000] {dagbag.py:588} INFO - Filling up the DagBag from /workspaces/meu-projeto-airflow/dags/cleanup_dag.py
[2026-04-29T00:39:57.595+0000] {processor.py:925} INFO - DAG(s) 'cleanup_dag' retrieved from /workspaces/meu-projeto-airflow/dags/cleanup_dag.py
[2026-04-29T00:39:57.608+0000] {logging_mixin.py:190} INFO - [2026-04-29T00:39:57.608+0000] {dag.py:3239} INFO - Sync 1 DAGs
[2026-04-29T00:39:57.620+0000] {logging_mixin.py:190} INFO - [2026-04-29T00:39:57.620+0000] {dag.py:4180} INFO - Setting next_dagrun for cleanup_dag to None, run_after=None
[2026-04-29T00:39:57.638+0000] {processor.py:208} INFO - Processing /workspaces/meu-projeto-airflow/dags/cleanup_dag.py took 0.056 seconds
[2026-04-29T00:40:41.128+0000] {processor.py:186} INFO - Started process (PID=108006) to work on /workspaces/meu-projeto-airflow/dags/cleanup_dag.py
[2026-04-29T00:40:41.129+0000] {processor.py:914} INFO - Processing file /workspaces/meu-projeto-airflow/dags/cleanup_dag.py for tasks to queue
[2026-04-29T00:40:41.130+0000] {logging_mixin.py:190} INFO - [2026-04-29T00:40:41.130+0000] {dagbag.py:588} INFO - Filling up the DagBag from /workspaces/meu-projeto-airflow/dags/cleanup_dag.py
[2026-04-29T00:40:41.138+0000] {processor.py:925} INFO - DAG(s) 'cleanup_dag' retrieved from /workspaces/meu-projeto-airflow/dags/cleanup_dag.py
[2026-04-29T00:40:41.151+0000] {logging_mixin.py:190} INFO - [2026-04-29T00:40:41.151+0000] {dag.py:3239} INFO - Sync 1 DAGs
[2026-04-29T00:40:41.161+0000] {logging_mixin.py:190} INFO - [2026-04-29T00:40:41.161+0000] {dag.py:4180} INFO - Setting next_dagrun for cleanup_dag to None, run_after=None
[2026-04-29T00:40:41.181+0000] {processor.py:208} INFO - Processing /workspaces/meu-projeto-airflow/dags/cleanup_dag.py took 0.060 seconds
[2026-04-29T00:41:25.376+0000] {processor.py:186} INFO - Started process (PID=108901) to work on /workspaces/meu-projeto-airflow/dags/cleanup_dag.py
[2026-04-29T00:41:25.377+0000] {processor.py:914} INFO - Processing file /workspaces/meu-projeto-airflow/dags/cleanup_dag.py for tasks to queue
[2026-04-29T00:41:25.378+0000] {logging_mixin.py:190} INFO - [2026-04-29T00:41:25.377+0000] {dagbag.py:588} INFO - Filling up the DagBag from /workspaces/meu-projeto-airflow/dags/cleanup_dag.py
[2026-04-29T00:41:25.384+0000] {processor.py:925} INFO - DAG(s) 'cleanup_dag' retrieved from /workspaces/meu-projeto-airflow/dags/cleanup_dag.py
[2026-04-29T00:41:25.397+0000] {logging_mixin.py:190} INFO - [2026-04-29T00:41:25.396+0000] {dag.py:3239} INFO - Sync 1 DAGs
[2026-04-29T00:41:25.407+0000] {logging_mixin.py:190} INFO - [2026-04-29T00:41:25.406+0000] {dag.py:4180} INFO - Setting next_dagrun for cleanup_dag to None, run_after=None
[2026-04-29T00:41:25.433+0000] {processor.py:208} INFO - Processing /workspaces/meu-projeto-airflow/dags/cleanup_dag.py took 0.062 seconds
[2026-04-29T00:42:08.901+0000] {processor.py:186} INFO - Started process (PID=109778) to work on /workspaces/meu-projeto-airflow/dags/cleanup_dag.py
[2026-04-29T00:42:08.901+0000] {processor.py:914} INFO - Processing file /workspaces/meu-projeto-airflow/dags/cleanup_dag.py for tasks to queue
[2026-04-29T00:42:08.902+0000] {logging_mixin.py:190} INFO - [2026-04-29T00:42:08.902+0000] {dagbag.py:588} INFO - Filling up the DagBag from /workspaces/meu-projeto-airflow/dags/cleanup_dag.py
[2026-04-29T00:42:08.909+0000] {processor.py:925} INFO - DAG(s) 'cleanup_dag' retrieved from /workspaces/meu-projeto-airflow/dags/cleanup_dag.py
[2026-04-29T00:42:08.923+0000] {logging_mixin.py:190} INFO - [2026-04-29T00:42:08.923+0000] {dag.py:3239} INFO - Sync 1 DAGs
[2026-04-29T00:42:08.938+0000] {logging_mixin.py:190} INFO - [2026-04-29T00:42:08.938+0000] {dag.py:4180} INFO - Setting next_dagrun for cleanup_dag to None, run_after=None
[2026-04-29T00:42:08.958+0000] {processor.py:208} INFO - Processing /workspaces/meu-projeto-airflow/dags/cleanup_dag.py took 0.062 seconds
[2026-04-29T00:42:53.417+0000] {processor.py:186} INFO - Started process (PID=110650) to work on /workspaces/meu-projeto-airflow/dags/cleanup_dag.py
[2026-04-29T00:42:53.418+0000] {processor.py:914} INFO - Processing file /workspaces/meu-projeto-airflow/dags/cleanup_dag.py for tasks to queue
[2026-04-29T00:42:53.419+0000] {logging_mixin.py:190} INFO - [2026-04-29T00:42:53.419+0000] {dagbag.py:588} INFO - Filling up the DagBag from /workspaces/meu-projeto-airflow/dags/cleanup_dag.py
[2026-04-29T00:42:53.427+0000] {processor.py:925} INFO - DAG(s) 'cleanup_dag' retrieved from /workspaces/meu-projeto-airflow/dags/cleanup_dag.py
[2026-04-29T00:42:53.441+0000] {logging_mixin.py:190} INFO - [2026-04-29T00:42:53.441+0000] {dag.py:3239} INFO - Sync 1 DAGs
[2026-04-29T00:42:53.454+0000] {logging_mixin.py:190} INFO - [2026-04-29T00:42:53.454+0000] {dag.py:4180} INFO - Setting next_dagrun for cleanup_dag to None, run_after=None
[2026-04-29T00:42:53.472+0000] {processor.py:208} INFO - Processing /workspaces/meu-projeto-airflow/dags/cleanup_dag.py took 0.061 seconds
[2026-04-29T00:43:42.381+0000] {processor.py:186} INFO - Started process (PID=111647) to work on /workspaces/meu-projeto-airflow/dags/cleanup_dag.py
[2026-04-29T00:43:42.382+0000] {processor.py:914} INFO - Processing file /workspaces/meu-projeto-airflow/dags/cleanup_dag.py for tasks to queue
[2026-04-29T00:43:42.383+0000] {logging_mixin.py:190} INFO - [2026-04-29T00:43:42.382+0000] {dagbag.py:588} INFO - Filling up the DagBag from /workspaces/meu-projeto-airflow/dags/cleanup_dag.py
[2026-04-29T00:43:42.389+0000] {processor.py:925} INFO - DAG(s) 'cleanup_dag' retrieved from /workspaces/meu-projeto-airflow/dags/cleanup_dag.py
[2026-04-29T00:43:42.402+0000] {logging_mixin.py:190} INFO - [2026-04-29T00:43:42.401+0000] {dag.py:3239} INFO - Sync 1 DAGs
[2026-04-29T00:43:42.412+0000] {logging_mixin.py:190} INFO - [2026-04-29T00:43:42.412+0000] {dag.py:4180} INFO - Setting next_dagrun for cleanup_dag to None, run_after=None
[2026-04-29T00:43:42.432+0000] {processor.py:208} INFO - Processing /workspaces/meu-projeto-airflow/dags/cleanup_dag.py took 0.057 seconds
[2026-04-29T00:44:45.312+0000] {processor.py:186} INFO - Started process (PID=112868) to work on /workspaces/meu-projeto-airflow/dags/cleanup_dag.py
[2026-04-29T00:44:45.313+0000] {processor.py:914} INFO - Processing file /workspaces/meu-projeto-airflow/dags/cleanup_dag.py for tasks to queue
[2026-04-29T00:44:45.314+0000] {logging_mixin.py:190} INFO - [2026-04-29T00:44:45.313+0000] {dagbag.py:588} INFO - Filling up the DagBag from /workspaces/meu-projeto-airflow/dags/cleanup_dag.py
[2026-04-29T00:44:45.321+0000] {processor.py:925} INFO - DAG(s) 'cleanup_dag' retrieved from /workspaces/meu-projeto-airflow/dags/cleanup_dag.py
[2026-04-29T00:44:45.336+0000] {logging_mixin.py:190} INFO - [2026-04-29T00:44:45.336+0000] {dag.py:3239} INFO - Sync 1 DAGs
[2026-04-29T00:44:45.347+0000] {logging_mixin.py:190} INFO - [2026-04-29T00:44:45.347+0000] {dag.py:4180} INFO - Setting next_dagrun for cleanup_dag to None, run_after=None
[2026-04-29T00:44:45.362+0000] {processor.py:208} INFO - Processing /workspaces/meu-projeto-airflow/dags/cleanup_dag.py took 0.055 seconds
[2026-04-29T00:45:34.937+0000] {processor.py:186} INFO - Started process (PID=113849) to work on /workspaces/meu-projeto-airflow/dags/cleanup_dag.py
[2026-04-29T00:45:34.937+0000] {processor.py:914} INFO - Processing file /workspaces/meu-projeto-airflow/dags/cleanup_dag.py for tasks to queue
[2026-04-29T00:45:34.939+0000] {logging_mixin.py:190} INFO - [2026-04-29T00:45:34.938+0000] {dagbag.py:588} INFO - Filling up the DagBag from /workspaces/meu-projeto-airflow/dags/cleanup_dag.py
[2026-04-29T00:45:34.947+0000] {processor.py:925} INFO - DAG(s) 'cleanup_dag' retrieved from /workspaces/meu-projeto-airflow/dags/cleanup_dag.py
[2026-04-29T00:45:34.966+0000] {logging_mixin.py:190} INFO - [2026-04-29T00:45:34.966+0000] {dag.py:3239} INFO - Sync 1 DAGs
[2026-04-29T00:45:34.981+0000] {logging_mixin.py:190} INFO - [2026-04-29T00:45:34.980+0000] {dag.py:4180} INFO - Setting next_dagrun for cleanup_dag to None, run_after=None
[2026-04-29T00:45:35.013+0000] {processor.py:208} INFO - Processing /workspaces/meu-projeto-airflow/dags/cleanup_dag.py took 0.082 seconds
[2026-04-29T00:46:19.180+0000] {processor.py:186} INFO - Started process (PID=114726) to work on /workspaces/meu-projeto-airflow/dags/cleanup_dag.py
[2026-04-29T00:46:19.181+0000] {processor.py:914} INFO - Processing file /workspaces/meu-projeto-airflow/dags/cleanup_dag.py for tasks to queue
[2026-04-29T00:46:19.182+0000] {logging_mixin.py:190} INFO - [2026-04-29T00:46:19.181+0000] {dagbag.py:588} INFO - Filling up the DagBag from /workspaces/meu-projeto-airflow/dags/cleanup_dag.py
[2026-04-29T00:46:19.188+0000] {processor.py:925} INFO - DAG(s) 'cleanup_dag' retrieved from /workspaces/meu-projeto-airflow/dags/cleanup_dag.py
[2026-04-29T00:46:19.200+0000] {logging_mixin.py:190} INFO - [2026-04-29T00:46:19.200+0000] {dag.py:3239} INFO - Sync 1 DAGs
[2026-04-29T00:46:19.210+0000] {logging_mixin.py:190} INFO - [2026-04-29T00:46:19.210+0000] {dag.py:4180} INFO - Setting next_dagrun for cleanup_dag to None, run_after=None
[2026-04-29T00:46:19.228+0000] {processor.py:208} INFO - Processing /workspaces/meu-projeto-airflow/dags/cleanup_dag.py took 0.052 seconds
[2026-04-29T00:47:04.001+0000] {processor.py:186} INFO - Started process (PID=115667) to work on /workspaces/meu-projeto-airflow/dags/cleanup_dag.py
[2026-04-29T00:47:04.001+0000] {processor.py:914} INFO - Processing file /workspaces/meu-projeto-airflow/dags/cleanup_dag.py for tasks to queue
[2026-04-29T00:47:04.002+0000] {logging_mixin.py:190} INFO - [2026-04-29T00:47:04.002+0000] {dagbag.py:588} INFO - Filling up the DagBag from /workspaces/meu-projeto-airflow/dags/cleanup_dag.py
[2026-04-29T00:47:04.008+0000] {processor.py:925} INFO - DAG(s) 'cleanup_dag' retrieved from /workspaces/meu-projeto-airflow/dags/cleanup_dag.py
[2026-04-29T00:47:04.023+0000] {logging_mixin.py:190} INFO - [2026-04-29T00:47:04.023+0000] {dag.py:3239} INFO - Sync 1 DAGs
[2026-04-29T00:47:04.035+0000] {logging_mixin.py:190} INFO - [2026-04-29T00:47:04.035+0000] {dag.py:4180} INFO - Setting next_dagrun for cleanup_dag to None, run_after=None
[2026-04-29T00:47:04.052+0000] {processor.py:208} INFO - Processing /workspaces/meu-projeto-airflow/dags/cleanup_dag.py took 0.056 seconds
[2026-04-29T00:47:48.579+0000] {processor.py:186} INFO - Started process (PID=116563) to work on /workspaces/meu-projeto-airflow/dags/cleanup_dag.py
[2026-04-29T00:47:48.580+0000] {processor.py:914} INFO - Processing file /workspaces/meu-projeto-airflow/dags/cleanup_dag.py for tasks to queue
[2026-04-29T00:47:48.581+0000] {logging_mixin.py:190} INFO - [2026-04-29T00:47:48.580+0000] {dagbag.py:588} INFO - Filling up the DagBag from /workspaces/meu-projeto-airflow/dags/cleanup_dag.py
[2026-04-29T00:47:48.587+0000] {processor.py:925} INFO - DAG(s) 'cleanup_dag' retrieved from /workspaces/meu-projeto-airflow/dags/cleanup_dag.py
[2026-04-29T00:47:48.600+0000] {logging_mixin.py:190} INFO - [2026-04-29T00:47:48.600+0000] {dag.py:3239} INFO - Sync 1 DAGs
[2026-04-29T00:47:48.610+0000] {logging_mixin.py:190} INFO - [2026-04-29T00:47:48.609+0000] {dag.py:4180} INFO - Setting next_dagrun for cleanup_dag to None, run_after=None
[2026-04-29T00:47:48.629+0000] {processor.py:208} INFO - Processing /workspaces/meu-projeto-airflow/dags/cleanup_dag.py took 0.054 seconds
[2026-04-29T00:48:34.266+0000] {processor.py:186} INFO - Started process (PID=117489) to work on /workspaces/meu-projeto-airflow/dags/cleanup_dag.py
[2026-04-29T00:48:34.266+0000] {processor.py:914} INFO - Processing file /workspaces/meu-projeto-airflow/dags/cleanup_dag.py for tasks to queue
[2026-04-29T00:48:34.267+0000] {logging_mixin.py:190} INFO - [2026-04-29T00:48:34.267+0000] {dagbag.py:588} INFO - Filling up the DagBag from /workspaces/meu-projeto-airflow/dags/cleanup_dag.py
[2026-04-29T00:48:34.274+0000] {processor.py:925} INFO - DAG(s) 'cleanup_dag' retrieved from /workspaces/meu-projeto-airflow/dags/cleanup_dag.py
[2026-04-29T00:48:34.286+0000] {logging_mixin.py:190} INFO - [2026-04-29T00:48:34.286+0000] {dag.py:3239} INFO - Sync 1 DAGs
[2026-04-29T00:48:34.296+0000] {logging_mixin.py:190} INFO - [2026-04-29T00:48:34.296+0000] {dag.py:4180} INFO - Setting next_dagrun for cleanup_dag to None, run_after=None
[2026-04-29T00:48:34.312+0000] {processor.py:208} INFO - Processing /workspaces/meu-projeto-airflow/dags/cleanup_dag.py took 0.051 seconds
[2026-04-29T00:49:23.371+0000] {processor.py:186} INFO - Started process (PID=118485) to work on /workspaces/meu-projeto-airflow/dags/cleanup_dag.py
[2026-04-29T00:49:23.372+0000] {processor.py:914} INFO - Processing file /workspaces/meu-projeto-airflow/dags/cleanup_dag.py for tasks to queue
[2026-04-29T00:49:23.373+0000] {logging_mixin.py:190} INFO - [2026-04-29T00:49:23.373+0000] {dagbag.py:588} INFO - Filling up the DagBag from /workspaces/meu-projeto-airflow/dags/cleanup_dag.py
[2026-04-29T00:49:23.379+0000] {processor.py:925} INFO - DAG(s) 'cleanup_dag' retrieved from /workspaces/meu-projeto-airflow/dags/cleanup_dag.py
[2026-04-29T00:49:23.391+0000] {logging_mixin.py:190} INFO - [2026-04-29T00:49:23.391+0000] {dag.py:3239} INFO - Sync 1 DAGs
[2026-04-29T00:49:23.402+0000] {logging_mixin.py:190} INFO - [2026-04-29T00:49:23.402+0000] {dag.py:4180} INFO - Setting next_dagrun for cleanup_dag to None, run_after=None
[2026-04-29T00:49:23.420+0000] {processor.py:208} INFO - Processing /workspaces/meu-projeto-airflow/dags/cleanup_dag.py took 0.053 seconds
[2026-04-29T00:50:10.622+0000] {processor.py:186} INFO - Started process (PID=119429) to work on /workspaces/meu-projeto-airflow/dags/cleanup_dag.py
[2026-04-29T00:50:10.623+0000] {processor.py:914} INFO - Processing file /workspaces/meu-projeto-airflow/dags/cleanup_dag.py for tasks to queue
[2026-04-29T00:50:10.624+0000] {logging_mixin.py:190} INFO - [2026-04-29T00:50:10.624+0000] {dagbag.py:588} INFO - Filling up the DagBag from /workspaces/meu-projeto-airflow/dags/cleanup_dag.py
[2026-04-29T00:50:10.633+0000] {processor.py:925} INFO - DAG(s) 'cleanup_dag' retrieved from /workspaces/meu-projeto-airflow/dags/cleanup_dag.py
[2026-04-29T00:50:10.645+0000] {logging_mixin.py:190} INFO - [2026-04-29T00:50:10.645+0000] {dag.py:3239} INFO - Sync 1 DAGs
[2026-04-29T00:50:10.658+0000] {logging_mixin.py:190} INFO - [2026-04-29T00:50:10.657+0000] {dag.py:4180} INFO - Setting next_dagrun for cleanup_dag to None, run_after=None
[2026-04-29T00:50:10.680+0000] {processor.py:208} INFO - Processing /workspaces/meu-projeto-airflow/dags/cleanup_dag.py took 0.063 seconds
[2026-04-29T00:50:57.494+0000] {processor.py:186} INFO - Started process (PID=120507) to work on /workspaces/meu-projeto-airflow/dags/cleanup_dag.py
[2026-04-29T00:50:57.528+0000] {processor.py:914} INFO - Processing file /workspaces/meu-projeto-airflow/dags/cleanup_dag.py for tasks to queue
[2026-04-29T00:50:57.530+0000] {logging_mixin.py:190} INFO - [2026-04-29T00:50:57.530+0000] {dagbag.py:588} INFO - Filling up the DagBag from /workspaces/meu-projeto-airflow/dags/cleanup_dag.py
[2026-04-29T00:50:57.541+0000] {processor.py:925} INFO - DAG(s) 'cleanup_dag' retrieved from /workspaces/meu-projeto-airflow/dags/cleanup_dag.py
[2026-04-29T00:50:57.557+0000] {logging_mixin.py:190} INFO - [2026-04-29T00:50:57.556+0000] {dag.py:3239} INFO - Sync 1 DAGs
[2026-04-29T00:50:57.567+0000] {logging_mixin.py:190} INFO - [2026-04-29T00:50:57.567+0000] {dag.py:4180} INFO - Setting next_dagrun for cleanup_dag to None, run_after=None
[2026-04-29T00:50:57.697+0000] {processor.py:208} INFO - Processing /workspaces/meu-projeto-airflow/dags/cleanup_dag.py took 0.207 seconds
