[2026-04-29T00:00:23.951+0000] {processor.py:186} INFO - Started process (PID=68927) to work on /workspaces/meu-projeto-airflow/dags/defareble_dag.py
[2026-04-29T00:00:23.951+0000] {processor.py:914} INFO - Processing file /workspaces/meu-projeto-airflow/dags/defareble_dag.py for tasks to queue
[2026-04-29T00:00:23.953+0000] {logging_mixin.py:190} INFO - [2026-04-29T00:00:23.952+0000] {dagbag.py:588} INFO - Filling up the DagBag from /workspaces/meu-projeto-airflow/dags/defareble_dag.py
[2026-04-29T00:00:23.962+0000] {processor.py:925} INFO - DAG(s) 'dag_defereable' retrieved from /workspaces/meu-projeto-airflow/dags/defareble_dag.py
[2026-04-29T00:00:23.991+0000] {logging_mixin.py:190} INFO - [2026-04-29T00:00:23.991+0000] {dag.py:3239} INFO - Sync 1 DAGs
[2026-04-29T00:00:24.004+0000] {logging_mixin.py:190} INFO - [2026-04-29T00:00:24.003+0000] {dag.py:4180} INFO - Setting next_dagrun for dag_defereable to None, run_after=None
[2026-04-29T00:00:24.025+0000] {processor.py:208} INFO - Processing /workspaces/meu-projeto-airflow/dags/defareble_dag.py took 0.081 seconds
[2026-04-29T00:01:06.482+0000] {processor.py:186} INFO - Started process (PID=69317) to work on /workspaces/meu-projeto-airflow/dags/defareble_dag.py
[2026-04-29T00:01:06.482+0000] {processor.py:914} INFO - Processing file /workspaces/meu-projeto-airflow/dags/defareble_dag.py for tasks to queue
[2026-04-29T00:01:06.484+0000] {logging_mixin.py:190} INFO - [2026-04-29T00:01:06.483+0000] {dagbag.py:588} INFO - Filling up the DagBag from /workspaces/meu-projeto-airflow/dags/defareble_dag.py
[2026-04-29T00:01:06.490+0000] {processor.py:925} INFO - DAG(s) 'dag_defereable' retrieved from /workspaces/meu-projeto-airflow/dags/defareble_dag.py
[2026-04-29T00:01:06.502+0000] {logging_mixin.py:190} INFO - [2026-04-29T00:01:06.502+0000] {dag.py:3239} INFO - Sync 1 DAGs
[2026-04-29T00:01:06.512+0000] {logging_mixin.py:190} INFO - [2026-04-29T00:01:06.512+0000] {dag.py:4180} INFO - Setting next_dagrun for dag_defereable to None, run_after=None
[2026-04-29T00:01:06.531+0000] {processor.py:208} INFO - Processing /workspaces/meu-projeto-airflow/dags/defareble_dag.py took 0.054 seconds
[2026-04-29T00:01:49.279+0000] {processor.py:186} INFO - Started process (PID=69782) to work on /workspaces/meu-projeto-airflow/dags/defareble_dag.py
[2026-04-29T00:01:49.281+0000] {processor.py:914} INFO - Processing file /workspaces/meu-projeto-airflow/dags/defareble_dag.py for tasks to queue
[2026-04-29T00:01:49.282+0000] {logging_mixin.py:190} INFO - [2026-04-29T00:01:49.282+0000] {dagbag.py:588} INFO - Filling up the DagBag from /workspaces/meu-projeto-airflow/dags/defareble_dag.py
[2026-04-29T00:01:49.292+0000] {processor.py:925} INFO - DAG(s) 'dag_defereable' retrieved from /workspaces/meu-projeto-airflow/dags/defareble_dag.py
[2026-04-29T00:01:49.311+0000] {logging_mixin.py:190} INFO - [2026-04-29T00:01:49.311+0000] {dag.py:3239} INFO - Sync 1 DAGs
[2026-04-29T00:01:49.327+0000] {logging_mixin.py:190} INFO - [2026-04-29T00:01:49.327+0000] {dag.py:4180} INFO - Setting next_dagrun for dag_defereable to None, run_after=None
[2026-04-29T00:01:49.352+0000] {processor.py:208} INFO - Processing /workspaces/meu-projeto-airflow/dags/defareble_dag.py took 0.081 seconds
[2026-04-29T00:02:33.492+0000] {processor.py:186} INFO - Started process (PID=70217) to work on /workspaces/meu-projeto-airflow/dags/defareble_dag.py
[2026-04-29T00:02:33.504+0000] {processor.py:914} INFO - Processing file /workspaces/meu-projeto-airflow/dags/defareble_dag.py for tasks to queue
[2026-04-29T00:02:33.510+0000] {logging_mixin.py:190} INFO - [2026-04-29T00:02:33.509+0000] {dagbag.py:588} INFO - Filling up the DagBag from /workspaces/meu-projeto-airflow/dags/defareble_dag.py
[2026-04-29T00:02:33.550+0000] {processor.py:925} INFO - DAG(s) 'dag_defereable' retrieved from /workspaces/meu-projeto-airflow/dags/defareble_dag.py
[2026-04-29T00:02:33.602+0000] {logging_mixin.py:190} INFO - [2026-04-29T00:02:33.602+0000] {dag.py:3239} INFO - Sync 1 DAGs
[2026-04-29T00:02:33.633+0000] {logging_mixin.py:190} INFO - [2026-04-29T00:02:33.633+0000] {dag.py:4180} INFO - Setting next_dagrun for dag_defereable to None, run_after=None
[2026-04-29T00:02:33.682+0000] {processor.py:208} INFO - Processing /workspaces/meu-projeto-airflow/dags/defareble_dag.py took 0.213 seconds
[2026-04-29T00:03:20.532+0000] {processor.py:186} INFO - Started process (PID=70599) to work on /workspaces/meu-projeto-airflow/dags/defareble_dag.py
[2026-04-29T00:03:20.533+0000] {processor.py:914} INFO - Processing file /workspaces/meu-projeto-airflow/dags/defareble_dag.py for tasks to queue
[2026-04-29T00:03:20.534+0000] {logging_mixin.py:190} INFO - [2026-04-29T00:03:20.534+0000] {dagbag.py:588} INFO - Filling up the DagBag from /workspaces/meu-projeto-airflow/dags/defareble_dag.py
[2026-04-29T00:03:20.541+0000] {processor.py:925} INFO - DAG(s) 'dag_defereable' retrieved from /workspaces/meu-projeto-airflow/dags/defareble_dag.py
[2026-04-29T00:03:20.553+0000] {logging_mixin.py:190} INFO - [2026-04-29T00:03:20.553+0000] {dag.py:3239} INFO - Sync 1 DAGs
[2026-04-29T00:03:20.563+0000] {logging_mixin.py:190} INFO - [2026-04-29T00:03:20.563+0000] {dag.py:4180} INFO - Setting next_dagrun for dag_defereable to None, run_after=None
[2026-04-29T00:03:20.596+0000] {processor.py:208} INFO - Processing /workspaces/meu-projeto-airflow/dags/defareble_dag.py took 0.070 seconds
[2026-04-29T00:04:08.158+0000] {processor.py:186} INFO - Started process (PID=71038) to work on /workspaces/meu-projeto-airflow/dags/defareble_dag.py
[2026-04-29T00:04:08.160+0000] {processor.py:914} INFO - Processing file /workspaces/meu-projeto-airflow/dags/defareble_dag.py for tasks to queue
[2026-04-29T00:04:08.163+0000] {logging_mixin.py:190} INFO - [2026-04-29T00:04:08.162+0000] {dagbag.py:588} INFO - Filling up the DagBag from /workspaces/meu-projeto-airflow/dags/defareble_dag.py
[2026-04-29T00:04:08.189+0000] {processor.py:925} INFO - DAG(s) 'dag_defereable' retrieved from /workspaces/meu-projeto-airflow/dags/defareble_dag.py
[2026-04-29T00:04:08.237+0000] {logging_mixin.py:190} INFO - [2026-04-29T00:04:08.237+0000] {dag.py:3239} INFO - Sync 1 DAGs
[2026-04-29T00:04:08.259+0000] {logging_mixin.py:190} INFO - [2026-04-29T00:04:08.258+0000] {dag.py:4180} INFO - Setting next_dagrun for dag_defereable to None, run_after=None
[2026-04-29T00:04:08.299+0000] {processor.py:208} INFO - Processing /workspaces/meu-projeto-airflow/dags/defareble_dag.py took 0.150 seconds
[2026-04-29T00:04:54.684+0000] {processor.py:186} INFO - Started process (PID=71480) to work on /workspaces/meu-projeto-airflow/dags/defareble_dag.py
[2026-04-29T00:04:54.684+0000] {processor.py:914} INFO - Processing file /workspaces/meu-projeto-airflow/dags/defareble_dag.py for tasks to queue
[2026-04-29T00:04:54.685+0000] {logging_mixin.py:190} INFO - [2026-04-29T00:04:54.685+0000] {dagbag.py:588} INFO - Filling up the DagBag from /workspaces/meu-projeto-airflow/dags/defareble_dag.py
[2026-04-29T00:04:54.691+0000] {processor.py:925} INFO - DAG(s) 'dag_defereable' retrieved from /workspaces/meu-projeto-airflow/dags/defareble_dag.py
[2026-04-29T00:04:54.704+0000] {logging_mixin.py:190} INFO - [2026-04-29T00:04:54.703+0000] {dag.py:3239} INFO - Sync 1 DAGs
[2026-04-29T00:04:54.714+0000] {logging_mixin.py:190} INFO - [2026-04-29T00:04:54.713+0000] {dag.py:4180} INFO - Setting next_dagrun for dag_defereable to None, run_after=None
[2026-04-29T00:04:54.734+0000] {processor.py:208} INFO - Processing /workspaces/meu-projeto-airflow/dags/defareble_dag.py took 0.054 seconds
[2026-04-29T00:05:40.504+0000] {processor.py:186} INFO - Started process (PID=71930) to work on /workspaces/meu-projeto-airflow/dags/defareble_dag.py
[2026-04-29T00:05:40.505+0000] {processor.py:914} INFO - Processing file /workspaces/meu-projeto-airflow/dags/defareble_dag.py for tasks to queue
[2026-04-29T00:05:40.506+0000] {logging_mixin.py:190} INFO - [2026-04-29T00:05:40.506+0000] {dagbag.py:588} INFO - Filling up the DagBag from /workspaces/meu-projeto-airflow/dags/defareble_dag.py
[2026-04-29T00:05:40.512+0000] {processor.py:925} INFO - DAG(s) 'dag_defereable' retrieved from /workspaces/meu-projeto-airflow/dags/defareble_dag.py
[2026-04-29T00:05:40.529+0000] {logging_mixin.py:190} INFO - [2026-04-29T00:05:40.528+0000] {dag.py:3239} INFO - Sync 1 DAGs
[2026-04-29T00:05:40.544+0000] {logging_mixin.py:190} INFO - [2026-04-29T00:05:40.543+0000] {dag.py:4180} INFO - Setting next_dagrun for dag_defereable to None, run_after=None
[2026-04-29T00:05:40.563+0000] {processor.py:208} INFO - Processing /workspaces/meu-projeto-airflow/dags/defareble_dag.py took 0.063 seconds
[2026-04-29T00:06:31.904+0000] {processor.py:186} INFO - Started process (PID=72440) to work on /workspaces/meu-projeto-airflow/dags/defareble_dag.py
[2026-04-29T00:06:31.905+0000] {processor.py:914} INFO - Processing file /workspaces/meu-projeto-airflow/dags/defareble_dag.py for tasks to queue
[2026-04-29T00:06:31.906+0000] {logging_mixin.py:190} INFO - [2026-04-29T00:06:31.906+0000] {dagbag.py:588} INFO - Filling up the DagBag from /workspaces/meu-projeto-airflow/dags/defareble_dag.py
[2026-04-29T00:06:31.912+0000] {processor.py:925} INFO - DAG(s) 'dag_defereable' retrieved from /workspaces/meu-projeto-airflow/dags/defareble_dag.py
[2026-04-29T00:06:31.930+0000] {logging_mixin.py:190} INFO - [2026-04-29T00:06:31.930+0000] {dag.py:3239} INFO - Sync 1 DAGs
[2026-04-29T00:06:31.941+0000] {logging_mixin.py:190} INFO - [2026-04-29T00:06:31.941+0000] {dag.py:4180} INFO - Setting next_dagrun for dag_defereable to None, run_after=None
[2026-04-29T00:06:31.956+0000] {processor.py:208} INFO - Processing /workspaces/meu-projeto-airflow/dags/defareble_dag.py took 0.057 seconds
[2026-04-29T00:07:23.124+0000] {processor.py:186} INFO - Started process (PID=72890) to work on /workspaces/meu-projeto-airflow/dags/defareble_dag.py
[2026-04-29T00:07:23.124+0000] {processor.py:914} INFO - Processing file /workspaces/meu-projeto-airflow/dags/defareble_dag.py for tasks to queue
[2026-04-29T00:07:23.126+0000] {logging_mixin.py:190} INFO - [2026-04-29T00:07:23.126+0000] {dagbag.py:588} INFO - Filling up the DagBag from /workspaces/meu-projeto-airflow/dags/defareble_dag.py
[2026-04-29T00:07:23.133+0000] {processor.py:925} INFO - DAG(s) 'dag_defereable' retrieved from /workspaces/meu-projeto-airflow/dags/defareble_dag.py
[2026-04-29T00:07:23.146+0000] {logging_mixin.py:190} INFO - [2026-04-29T00:07:23.146+0000] {dag.py:3239} INFO - Sync 1 DAGs
[2026-04-29T00:07:23.158+0000] {logging_mixin.py:190} INFO - [2026-04-29T00:07:23.158+0000] {dag.py:4180} INFO - Setting next_dagrun for dag_defereable to None, run_after=None
[2026-04-29T00:07:23.175+0000] {processor.py:208} INFO - Processing /workspaces/meu-projeto-airflow/dags/defareble_dag.py took 0.057 seconds
[2026-04-29T00:08:15.743+0000] {processor.py:186} INFO - Started process (PID=73362) to work on /workspaces/meu-projeto-airflow/dags/defareble_dag.py
[2026-04-29T00:08:15.743+0000] {processor.py:914} INFO - Processing file /workspaces/meu-projeto-airflow/dags/defareble_dag.py for tasks to queue
[2026-04-29T00:08:15.744+0000] {logging_mixin.py:190} INFO - [2026-04-29T00:08:15.744+0000] {dagbag.py:588} INFO - Filling up the DagBag from /workspaces/meu-projeto-airflow/dags/defareble_dag.py
[2026-04-29T00:08:15.751+0000] {processor.py:925} INFO - DAG(s) 'dag_defereable' retrieved from /workspaces/meu-projeto-airflow/dags/defareble_dag.py
[2026-04-29T00:08:15.764+0000] {logging_mixin.py:190} INFO - [2026-04-29T00:08:15.764+0000] {dag.py:3239} INFO - Sync 1 DAGs
[2026-04-29T00:08:15.934+0000] {logging_mixin.py:190} INFO - [2026-04-29T00:08:15.934+0000] {dag.py:4180} INFO - Setting next_dagrun for dag_defereable to None, run_after=None
[2026-04-29T00:08:15.950+0000] {processor.py:208} INFO - Processing /workspaces/meu-projeto-airflow/dags/defareble_dag.py took 0.212 seconds
[2026-04-29T00:09:08.145+0000] {processor.py:186} INFO - Started process (PID=73845) to work on /workspaces/meu-projeto-airflow/dags/defareble_dag.py
[2026-04-29T00:09:08.145+0000] {processor.py:914} INFO - Processing file /workspaces/meu-projeto-airflow/dags/defareble_dag.py for tasks to queue
[2026-04-29T00:09:08.147+0000] {logging_mixin.py:190} INFO - [2026-04-29T00:09:08.147+0000] {dagbag.py:588} INFO - Filling up the DagBag from /workspaces/meu-projeto-airflow/dags/defareble_dag.py
[2026-04-29T00:09:08.153+0000] {processor.py:925} INFO - DAG(s) 'dag_defereable' retrieved from /workspaces/meu-projeto-airflow/dags/defareble_dag.py
[2026-04-29T00:09:08.165+0000] {logging_mixin.py:190} INFO - [2026-04-29T00:09:08.165+0000] {dag.py:3239} INFO - Sync 1 DAGs
[2026-04-29T00:09:08.185+0000] {logging_mixin.py:190} INFO - [2026-04-29T00:09:08.184+0000] {dag.py:4180} INFO - Setting next_dagrun for dag_defereable to None, run_after=None
[2026-04-29T00:09:08.204+0000] {processor.py:208} INFO - Processing /workspaces/meu-projeto-airflow/dags/defareble_dag.py took 0.064 seconds
[2026-04-29T00:09:54.291+0000] {processor.py:186} INFO - Started process (PID=74282) to work on /workspaces/meu-projeto-airflow/dags/defareble_dag.py
[2026-04-29T00:09:54.291+0000] {processor.py:914} INFO - Processing file /workspaces/meu-projeto-airflow/dags/defareble_dag.py for tasks to queue
[2026-04-29T00:09:54.292+0000] {logging_mixin.py:190} INFO - [2026-04-29T00:09:54.292+0000] {dagbag.py:588} INFO - Filling up the DagBag from /workspaces/meu-projeto-airflow/dags/defareble_dag.py
[2026-04-29T00:09:54.298+0000] {processor.py:925} INFO - DAG(s) 'dag_defereable' retrieved from /workspaces/meu-projeto-airflow/dags/defareble_dag.py
[2026-04-29T00:09:54.310+0000] {logging_mixin.py:190} INFO - [2026-04-29T00:09:54.310+0000] {dag.py:3239} INFO - Sync 1 DAGs
[2026-04-29T00:09:54.322+0000] {logging_mixin.py:190} INFO - [2026-04-29T00:09:54.322+0000] {dag.py:4180} INFO - Setting next_dagrun for dag_defereable to None, run_after=None
[2026-04-29T00:09:54.340+0000] {processor.py:208} INFO - Processing /workspaces/meu-projeto-airflow/dags/defareble_dag.py took 0.054 seconds
[2026-04-29T00:10:48.951+0000] {processor.py:186} INFO - Started process (PID=74784) to work on /workspaces/meu-projeto-airflow/dags/defareble_dag.py
[2026-04-29T00:10:48.952+0000] {processor.py:914} INFO - Processing file /workspaces/meu-projeto-airflow/dags/defareble_dag.py for tasks to queue
[2026-04-29T00:10:48.954+0000] {logging_mixin.py:190} INFO - [2026-04-29T00:10:48.953+0000] {dagbag.py:588} INFO - Filling up the DagBag from /workspaces/meu-projeto-airflow/dags/defareble_dag.py
[2026-04-29T00:10:48.959+0000] {processor.py:925} INFO - DAG(s) 'dag_defereable' retrieved from /workspaces/meu-projeto-airflow/dags/defareble_dag.py
[2026-04-29T00:10:48.972+0000] {logging_mixin.py:190} INFO - [2026-04-29T00:10:48.971+0000] {dag.py:3239} INFO - Sync 1 DAGs
[2026-04-29T00:10:49.119+0000] {logging_mixin.py:190} INFO - [2026-04-29T00:10:49.118+0000] {dag.py:4180} INFO - Setting next_dagrun for dag_defereable to None, run_after=None
[2026-04-29T00:10:49.135+0000] {processor.py:208} INFO - Processing /workspaces/meu-projeto-airflow/dags/defareble_dag.py took 0.189 seconds
[2026-04-29T00:11:46.744+0000] {processor.py:186} INFO - Started process (PID=75377) to work on /workspaces/meu-projeto-airflow/dags/defareble_dag.py
[2026-04-29T00:11:46.744+0000] {processor.py:914} INFO - Processing file /workspaces/meu-projeto-airflow/dags/defareble_dag.py for tasks to queue
[2026-04-29T00:11:46.746+0000] {logging_mixin.py:190} INFO - [2026-04-29T00:11:46.746+0000] {dagbag.py:588} INFO - Filling up the DagBag from /workspaces/meu-projeto-airflow/dags/defareble_dag.py
[2026-04-29T00:11:46.755+0000] {processor.py:925} INFO - DAG(s) 'dag_defereable' retrieved from /workspaces/meu-projeto-airflow/dags/defareble_dag.py
[2026-04-29T00:11:46.776+0000] {logging_mixin.py:190} INFO - [2026-04-29T00:11:46.773+0000] {dag.py:3239} INFO - Sync 1 DAGs
[2026-04-29T00:11:46.823+0000] {logging_mixin.py:190} INFO - [2026-04-29T00:11:46.822+0000] {dag.py:4180} INFO - Setting next_dagrun for dag_defereable to None, run_after=None
[2026-04-29T00:11:46.903+0000] {processor.py:208} INFO - Processing /workspaces/meu-projeto-airflow/dags/defareble_dag.py took 0.166 seconds
[2026-04-29T00:12:37.785+0000] {processor.py:186} INFO - Started process (PID=76089) to work on /workspaces/meu-projeto-airflow/dags/defareble_dag.py
[2026-04-29T00:12:37.786+0000] {processor.py:914} INFO - Processing file /workspaces/meu-projeto-airflow/dags/defareble_dag.py for tasks to queue
[2026-04-29T00:12:37.788+0000] {logging_mixin.py:190} INFO - [2026-04-29T00:12:37.787+0000] {dagbag.py:588} INFO - Filling up the DagBag from /workspaces/meu-projeto-airflow/dags/defareble_dag.py
[2026-04-29T00:12:37.793+0000] {processor.py:925} INFO - DAG(s) 'dag_defereable' retrieved from /workspaces/meu-projeto-airflow/dags/defareble_dag.py
[2026-04-29T00:12:37.805+0000] {logging_mixin.py:190} INFO - [2026-04-29T00:12:37.805+0000] {dag.py:3239} INFO - Sync 1 DAGs
[2026-04-29T00:12:37.958+0000] {logging_mixin.py:190} INFO - [2026-04-29T00:12:37.958+0000] {dag.py:4180} INFO - Setting next_dagrun for dag_defereable to None, run_after=None
[2026-04-29T00:12:37.975+0000] {processor.py:208} INFO - Processing /workspaces/meu-projeto-airflow/dags/defareble_dag.py took 0.198 seconds
[2026-04-29T00:13:32.924+0000] {processor.py:186} INFO - Started process (PID=76982) to work on /workspaces/meu-projeto-airflow/dags/defareble_dag.py
[2026-04-29T00:13:32.925+0000] {processor.py:914} INFO - Processing file /workspaces/meu-projeto-airflow/dags/defareble_dag.py for tasks to queue
[2026-04-29T00:13:32.926+0000] {logging_mixin.py:190} INFO - [2026-04-29T00:13:32.925+0000] {dagbag.py:588} INFO - Filling up the DagBag from /workspaces/meu-projeto-airflow/dags/defareble_dag.py
[2026-04-29T00:13:32.934+0000] {processor.py:925} INFO - DAG(s) 'dag_defereable' retrieved from /workspaces/meu-projeto-airflow/dags/defareble_dag.py
[2026-04-29T00:13:33.107+0000] {logging_mixin.py:190} INFO - [2026-04-29T00:13:33.106+0000] {dag.py:3239} INFO - Sync 1 DAGs
[2026-04-29T00:13:33.130+0000] {logging_mixin.py:190} INFO - [2026-04-29T00:13:33.129+0000] {dag.py:4180} INFO - Setting next_dagrun for dag_defereable to None, run_after=None
[2026-04-29T00:13:33.175+0000] {processor.py:208} INFO - Processing /workspaces/meu-projeto-airflow/dags/defareble_dag.py took 0.257 seconds
[2026-04-29T00:14:23.347+0000] {processor.py:186} INFO - Started process (PID=77583) to work on /workspaces/meu-projeto-airflow/dags/defareble_dag.py
[2026-04-29T00:14:23.347+0000] {processor.py:914} INFO - Processing file /workspaces/meu-projeto-airflow/dags/defareble_dag.py for tasks to queue
[2026-04-29T00:14:23.348+0000] {logging_mixin.py:190} INFO - [2026-04-29T00:14:23.348+0000] {dagbag.py:588} INFO - Filling up the DagBag from /workspaces/meu-projeto-airflow/dags/defareble_dag.py
[2026-04-29T00:14:23.354+0000] {processor.py:925} INFO - DAG(s) 'dag_defereable' retrieved from /workspaces/meu-projeto-airflow/dags/defareble_dag.py
[2026-04-29T00:14:23.367+0000] {logging_mixin.py:190} INFO - [2026-04-29T00:14:23.366+0000] {dag.py:3239} INFO - Sync 1 DAGs
[2026-04-29T00:14:23.376+0000] {logging_mixin.py:190} INFO - [2026-04-29T00:14:23.376+0000] {dag.py:4180} INFO - Setting next_dagrun for dag_defereable to None, run_after=None
[2026-04-29T00:14:23.393+0000] {processor.py:208} INFO - Processing /workspaces/meu-projeto-airflow/dags/defareble_dag.py took 0.050 seconds
[2026-04-29T00:15:08.101+0000] {processor.py:186} INFO - Started process (PID=78160) to work on /workspaces/meu-projeto-airflow/dags/defareble_dag.py
[2026-04-29T00:15:08.101+0000] {processor.py:914} INFO - Processing file /workspaces/meu-projeto-airflow/dags/defareble_dag.py for tasks to queue
[2026-04-29T00:15:08.102+0000] {logging_mixin.py:190} INFO - [2026-04-29T00:15:08.102+0000] {dagbag.py:588} INFO - Filling up the DagBag from /workspaces/meu-projeto-airflow/dags/defareble_dag.py
[2026-04-29T00:15:08.108+0000] {processor.py:925} INFO - DAG(s) 'dag_defereable' retrieved from /workspaces/meu-projeto-airflow/dags/defareble_dag.py
[2026-04-29T00:15:08.123+0000] {logging_mixin.py:190} INFO - [2026-04-29T00:15:08.123+0000] {dag.py:3239} INFO - Sync 1 DAGs
[2026-04-29T00:15:08.136+0000] {logging_mixin.py:190} INFO - [2026-04-29T00:15:08.136+0000] {dag.py:4180} INFO - Setting next_dagrun for dag_defereable to None, run_after=None
[2026-04-29T00:15:08.152+0000] {processor.py:208} INFO - Processing /workspaces/meu-projeto-airflow/dags/defareble_dag.py took 0.056 seconds
[2026-04-29T00:15:52.397+0000] {processor.py:186} INFO - Started process (PID=78592) to work on /workspaces/meu-projeto-airflow/dags/defareble_dag.py
[2026-04-29T00:15:52.398+0000] {processor.py:914} INFO - Processing file /workspaces/meu-projeto-airflow/dags/defareble_dag.py for tasks to queue
[2026-04-29T00:15:52.399+0000] {logging_mixin.py:190} INFO - [2026-04-29T00:15:52.399+0000] {dagbag.py:588} INFO - Filling up the DagBag from /workspaces/meu-projeto-airflow/dags/defareble_dag.py
[2026-04-29T00:15:52.405+0000] {processor.py:925} INFO - DAG(s) 'dag_defereable' retrieved from /workspaces/meu-projeto-airflow/dags/defareble_dag.py
[2026-04-29T00:15:52.418+0000] {logging_mixin.py:190} INFO - [2026-04-29T00:15:52.417+0000] {dag.py:3239} INFO - Sync 1 DAGs
[2026-04-29T00:15:52.429+0000] {logging_mixin.py:190} INFO - [2026-04-29T00:15:52.429+0000] {dag.py:4180} INFO - Setting next_dagrun for dag_defereable to None, run_after=None
[2026-04-29T00:15:52.447+0000] {processor.py:208} INFO - Processing /workspaces/meu-projeto-airflow/dags/defareble_dag.py took 0.055 seconds
[2026-04-29T00:16:38.634+0000] {processor.py:186} INFO - Started process (PID=79302) to work on /workspaces/meu-projeto-airflow/dags/defareble_dag.py
[2026-04-29T00:16:38.635+0000] {processor.py:914} INFO - Processing file /workspaces/meu-projeto-airflow/dags/defareble_dag.py for tasks to queue
[2026-04-29T00:16:38.636+0000] {logging_mixin.py:190} INFO - [2026-04-29T00:16:38.635+0000] {dagbag.py:588} INFO - Filling up the DagBag from /workspaces/meu-projeto-airflow/dags/defareble_dag.py
[2026-04-29T00:16:38.642+0000] {processor.py:925} INFO - DAG(s) 'dag_defereable' retrieved from /workspaces/meu-projeto-airflow/dags/defareble_dag.py
[2026-04-29T00:16:38.654+0000] {logging_mixin.py:190} INFO - [2026-04-29T00:16:38.654+0000] {dag.py:3239} INFO - Sync 1 DAGs
[2026-04-29T00:16:38.664+0000] {logging_mixin.py:190} INFO - [2026-04-29T00:16:38.664+0000] {dag.py:4180} INFO - Setting next_dagrun for dag_defereable to None, run_after=None
[2026-04-29T00:16:38.680+0000] {processor.py:208} INFO - Processing /workspaces/meu-projeto-airflow/dags/defareble_dag.py took 0.052 seconds
[2026-04-29T00:17:27.983+0000] {processor.py:186} INFO - Started process (PID=80290) to work on /workspaces/meu-projeto-airflow/dags/defareble_dag.py
[2026-04-29T00:17:27.984+0000] {processor.py:914} INFO - Processing file /workspaces/meu-projeto-airflow/dags/defareble_dag.py for tasks to queue
[2026-04-29T00:17:27.985+0000] {logging_mixin.py:190} INFO - [2026-04-29T00:17:27.985+0000] {dagbag.py:588} INFO - Filling up the DagBag from /workspaces/meu-projeto-airflow/dags/defareble_dag.py
[2026-04-29T00:17:27.991+0000] {processor.py:925} INFO - DAG(s) 'dag_defereable' retrieved from /workspaces/meu-projeto-airflow/dags/defareble_dag.py
[2026-04-29T00:17:28.004+0000] {logging_mixin.py:190} INFO - [2026-04-29T00:17:28.003+0000] {dag.py:3239} INFO - Sync 1 DAGs
[2026-04-29T00:17:28.015+0000] {logging_mixin.py:190} INFO - [2026-04-29T00:17:28.015+0000] {dag.py:4180} INFO - Setting next_dagrun for dag_defereable to None, run_after=None
[2026-04-29T00:17:28.034+0000] {processor.py:208} INFO - Processing /workspaces/meu-projeto-airflow/dags/defareble_dag.py took 0.056 seconds
[2026-04-29T00:18:21.456+0000] {processor.py:186} INFO - Started process (PID=81323) to work on /workspaces/meu-projeto-airflow/dags/defareble_dag.py
[2026-04-29T00:18:21.457+0000] {processor.py:914} INFO - Processing file /workspaces/meu-projeto-airflow/dags/defareble_dag.py for tasks to queue
[2026-04-29T00:18:21.458+0000] {logging_mixin.py:190} INFO - [2026-04-29T00:18:21.457+0000] {dagbag.py:588} INFO - Filling up the DagBag from /workspaces/meu-projeto-airflow/dags/defareble_dag.py
[2026-04-29T00:18:21.465+0000] {processor.py:925} INFO - DAG(s) 'dag_defereable' retrieved from /workspaces/meu-projeto-airflow/dags/defareble_dag.py
[2026-04-29T00:18:21.481+0000] {logging_mixin.py:190} INFO - [2026-04-29T00:18:21.481+0000] {dag.py:3239} INFO - Sync 1 DAGs
[2026-04-29T00:18:21.491+0000] {logging_mixin.py:190} INFO - [2026-04-29T00:18:21.491+0000] {dag.py:4180} INFO - Setting next_dagrun for dag_defereable to None, run_after=None
[2026-04-29T00:18:21.506+0000] {processor.py:208} INFO - Processing /workspaces/meu-projeto-airflow/dags/defareble_dag.py took 0.055 seconds
[2026-04-29T00:19:08.150+0000] {processor.py:186} INFO - Started process (PID=82264) to work on /workspaces/meu-projeto-airflow/dags/defareble_dag.py
[2026-04-29T00:19:08.150+0000] {processor.py:914} INFO - Processing file /workspaces/meu-projeto-airflow/dags/defareble_dag.py for tasks to queue
[2026-04-29T00:19:08.152+0000] {logging_mixin.py:190} INFO - [2026-04-29T00:19:08.152+0000] {dagbag.py:588} INFO - Filling up the DagBag from /workspaces/meu-projeto-airflow/dags/defareble_dag.py
[2026-04-29T00:19:08.158+0000] {processor.py:925} INFO - DAG(s) 'dag_defereable' retrieved from /workspaces/meu-projeto-airflow/dags/defareble_dag.py
[2026-04-29T00:19:08.170+0000] {logging_mixin.py:190} INFO - [2026-04-29T00:19:08.170+0000] {dag.py:3239} INFO - Sync 1 DAGs
[2026-04-29T00:19:08.181+0000] {logging_mixin.py:190} INFO - [2026-04-29T00:19:08.180+0000] {dag.py:4180} INFO - Setting next_dagrun for dag_defereable to None, run_after=None
[2026-04-29T00:19:08.196+0000] {processor.py:208} INFO - Processing /workspaces/meu-projeto-airflow/dags/defareble_dag.py took 0.051 seconds
[2026-04-29T00:19:52.285+0000] {processor.py:186} INFO - Started process (PID=83142) to work on /workspaces/meu-projeto-airflow/dags/defareble_dag.py
[2026-04-29T00:19:52.286+0000] {processor.py:914} INFO - Processing file /workspaces/meu-projeto-airflow/dags/defareble_dag.py for tasks to queue
[2026-04-29T00:19:52.287+0000] {logging_mixin.py:190} INFO - [2026-04-29T00:19:52.286+0000] {dagbag.py:588} INFO - Filling up the DagBag from /workspaces/meu-projeto-airflow/dags/defareble_dag.py
[2026-04-29T00:19:52.293+0000] {processor.py:925} INFO - DAG(s) 'dag_defereable' retrieved from /workspaces/meu-projeto-airflow/dags/defareble_dag.py
[2026-04-29T00:19:52.305+0000] {logging_mixin.py:190} INFO - [2026-04-29T00:19:52.305+0000] {dag.py:3239} INFO - Sync 1 DAGs
[2026-04-29T00:19:52.315+0000] {logging_mixin.py:190} INFO - [2026-04-29T00:19:52.315+0000] {dag.py:4180} INFO - Setting next_dagrun for dag_defereable to None, run_after=None
[2026-04-29T00:19:52.334+0000] {processor.py:208} INFO - Processing /workspaces/meu-projeto-airflow/dags/defareble_dag.py took 0.054 seconds
[2026-04-29T00:20:37.349+0000] {processor.py:186} INFO - Started process (PID=84025) to work on /workspaces/meu-projeto-airflow/dags/defareble_dag.py
[2026-04-29T00:20:37.350+0000] {processor.py:914} INFO - Processing file /workspaces/meu-projeto-airflow/dags/defareble_dag.py for tasks to queue
[2026-04-29T00:20:37.352+0000] {logging_mixin.py:190} INFO - [2026-04-29T00:20:37.352+0000] {dagbag.py:588} INFO - Filling up the DagBag from /workspaces/meu-projeto-airflow/dags/defareble_dag.py
[2026-04-29T00:20:37.360+0000] {processor.py:925} INFO - DAG(s) 'dag_defereable' retrieved from /workspaces/meu-projeto-airflow/dags/defareble_dag.py
[2026-04-29T00:20:37.380+0000] {logging_mixin.py:190} INFO - [2026-04-29T00:20:37.380+0000] {dag.py:3239} INFO - Sync 1 DAGs
[2026-04-29T00:20:37.396+0000] {logging_mixin.py:190} INFO - [2026-04-29T00:20:37.395+0000] {dag.py:4180} INFO - Setting next_dagrun for dag_defereable to None, run_after=None
[2026-04-29T00:20:37.433+0000] {processor.py:208} INFO - Processing /workspaces/meu-projeto-airflow/dags/defareble_dag.py took 0.090 seconds
[2026-04-29T00:21:24.246+0000] {processor.py:186} INFO - Started process (PID=84936) to work on /workspaces/meu-projeto-airflow/dags/defareble_dag.py
[2026-04-29T00:21:24.246+0000] {processor.py:914} INFO - Processing file /workspaces/meu-projeto-airflow/dags/defareble_dag.py for tasks to queue
[2026-04-29T00:21:24.248+0000] {logging_mixin.py:190} INFO - [2026-04-29T00:21:24.247+0000] {dagbag.py:588} INFO - Filling up the DagBag from /workspaces/meu-projeto-airflow/dags/defareble_dag.py
[2026-04-29T00:21:24.254+0000] {processor.py:925} INFO - DAG(s) 'dag_defereable' retrieved from /workspaces/meu-projeto-airflow/dags/defareble_dag.py
[2026-04-29T00:21:24.266+0000] {logging_mixin.py:190} INFO - [2026-04-29T00:21:24.266+0000] {dag.py:3239} INFO - Sync 1 DAGs
[2026-04-29T00:21:24.276+0000] {logging_mixin.py:190} INFO - [2026-04-29T00:21:24.276+0000] {dag.py:4180} INFO - Setting next_dagrun for dag_defereable to None, run_after=None
[2026-04-29T00:21:24.292+0000] {processor.py:208} INFO - Processing /workspaces/meu-projeto-airflow/dags/defareble_dag.py took 0.050 seconds
[2026-04-29T00:22:08.168+0000] {processor.py:186} INFO - Started process (PID=85813) to work on /workspaces/meu-projeto-airflow/dags/defareble_dag.py
[2026-04-29T00:22:08.169+0000] {processor.py:914} INFO - Processing file /workspaces/meu-projeto-airflow/dags/defareble_dag.py for tasks to queue
[2026-04-29T00:22:08.171+0000] {logging_mixin.py:190} INFO - [2026-04-29T00:22:08.170+0000] {dagbag.py:588} INFO - Filling up the DagBag from /workspaces/meu-projeto-airflow/dags/defareble_dag.py
[2026-04-29T00:22:08.176+0000] {processor.py:925} INFO - DAG(s) 'dag_defereable' retrieved from /workspaces/meu-projeto-airflow/dags/defareble_dag.py
[2026-04-29T00:22:08.189+0000] {logging_mixin.py:190} INFO - [2026-04-29T00:22:08.189+0000] {dag.py:3239} INFO - Sync 1 DAGs
[2026-04-29T00:22:08.199+0000] {logging_mixin.py:190} INFO - [2026-04-29T00:22:08.198+0000] {dag.py:4180} INFO - Setting next_dagrun for dag_defereable to None, run_after=None
[2026-04-29T00:22:08.223+0000] {processor.py:208} INFO - Processing /workspaces/meu-projeto-airflow/dags/defareble_dag.py took 0.059 seconds
[2026-04-29T00:22:52.256+0000] {processor.py:186} INFO - Started process (PID=86710) to work on /workspaces/meu-projeto-airflow/dags/defareble_dag.py
[2026-04-29T00:22:52.256+0000] {processor.py:914} INFO - Processing file /workspaces/meu-projeto-airflow/dags/defareble_dag.py for tasks to queue
[2026-04-29T00:22:52.258+0000] {logging_mixin.py:190} INFO - [2026-04-29T00:22:52.257+0000] {dagbag.py:588} INFO - Filling up the DagBag from /workspaces/meu-projeto-airflow/dags/defareble_dag.py
[2026-04-29T00:22:52.266+0000] {processor.py:925} INFO - DAG(s) 'dag_defereable' retrieved from /workspaces/meu-projeto-airflow/dags/defareble_dag.py
[2026-04-29T00:22:52.283+0000] {logging_mixin.py:190} INFO - [2026-04-29T00:22:52.283+0000] {dag.py:3239} INFO - Sync 1 DAGs
[2026-04-29T00:22:52.294+0000] {logging_mixin.py:190} INFO - [2026-04-29T00:22:52.294+0000] {dag.py:4180} INFO - Setting next_dagrun for dag_defereable to None, run_after=None
[2026-04-29T00:22:52.312+0000] {processor.py:208} INFO - Processing /workspaces/meu-projeto-airflow/dags/defareble_dag.py took 0.061 seconds
[2026-04-29T00:23:39.804+0000] {processor.py:186} INFO - Started process (PID=87601) to work on /workspaces/meu-projeto-airflow/dags/defareble_dag.py
[2026-04-29T00:23:39.805+0000] {processor.py:914} INFO - Processing file /workspaces/meu-projeto-airflow/dags/defareble_dag.py for tasks to queue
[2026-04-29T00:23:39.807+0000] {logging_mixin.py:190} INFO - [2026-04-29T00:23:39.806+0000] {dagbag.py:588} INFO - Filling up the DagBag from /workspaces/meu-projeto-airflow/dags/defareble_dag.py
[2026-04-29T00:23:39.813+0000] {processor.py:925} INFO - DAG(s) 'dag_defereable' retrieved from /workspaces/meu-projeto-airflow/dags/defareble_dag.py
[2026-04-29T00:23:39.829+0000] {logging_mixin.py:190} INFO - [2026-04-29T00:23:39.829+0000] {dag.py:3239} INFO - Sync 1 DAGs
[2026-04-29T00:23:39.841+0000] {logging_mixin.py:190} INFO - [2026-04-29T00:23:39.841+0000] {dag.py:4180} INFO - Setting next_dagrun for dag_defereable to None, run_after=None
[2026-04-29T00:23:39.861+0000] {processor.py:208} INFO - Processing /workspaces/meu-projeto-airflow/dags/defareble_dag.py took 0.061 seconds
[2026-04-29T00:24:24.895+0000] {processor.py:186} INFO - Started process (PID=88493) to work on /workspaces/meu-projeto-airflow/dags/defareble_dag.py
[2026-04-29T00:24:24.896+0000] {processor.py:914} INFO - Processing file /workspaces/meu-projeto-airflow/dags/defareble_dag.py for tasks to queue
[2026-04-29T00:24:24.897+0000] {logging_mixin.py:190} INFO - [2026-04-29T00:24:24.896+0000] {dagbag.py:588} INFO - Filling up the DagBag from /workspaces/meu-projeto-airflow/dags/defareble_dag.py
[2026-04-29T00:24:24.903+0000] {processor.py:925} INFO - DAG(s) 'dag_defereable' retrieved from /workspaces/meu-projeto-airflow/dags/defareble_dag.py
[2026-04-29T00:24:24.918+0000] {logging_mixin.py:190} INFO - [2026-04-29T00:24:24.918+0000] {dag.py:3239} INFO - Sync 1 DAGs
[2026-04-29T00:24:24.931+0000] {logging_mixin.py:190} INFO - [2026-04-29T00:24:24.931+0000] {dag.py:4180} INFO - Setting next_dagrun for dag_defereable to None, run_after=None
[2026-04-29T00:24:24.949+0000] {processor.py:208} INFO - Processing /workspaces/meu-projeto-airflow/dags/defareble_dag.py took 0.059 seconds
[2026-04-29T00:25:09.870+0000] {processor.py:186} INFO - Started process (PID=89382) to work on /workspaces/meu-projeto-airflow/dags/defareble_dag.py
[2026-04-29T00:25:09.871+0000] {processor.py:914} INFO - Processing file /workspaces/meu-projeto-airflow/dags/defareble_dag.py for tasks to queue
[2026-04-29T00:25:09.873+0000] {logging_mixin.py:190} INFO - [2026-04-29T00:25:09.872+0000] {dagbag.py:588} INFO - Filling up the DagBag from /workspaces/meu-projeto-airflow/dags/defareble_dag.py
[2026-04-29T00:25:09.879+0000] {processor.py:925} INFO - DAG(s) 'dag_defereable' retrieved from /workspaces/meu-projeto-airflow/dags/defareble_dag.py
[2026-04-29T00:25:09.891+0000] {logging_mixin.py:190} INFO - [2026-04-29T00:25:09.890+0000] {dag.py:3239} INFO - Sync 1 DAGs
[2026-04-29T00:25:09.901+0000] {logging_mixin.py:190} INFO - [2026-04-29T00:25:09.900+0000] {dag.py:4180} INFO - Setting next_dagrun for dag_defereable to None, run_after=None
[2026-04-29T00:25:09.917+0000] {processor.py:208} INFO - Processing /workspaces/meu-projeto-airflow/dags/defareble_dag.py took 0.051 seconds
[2026-04-29T00:25:56.248+0000] {processor.py:186} INFO - Started process (PID=90325) to work on /workspaces/meu-projeto-airflow/dags/defareble_dag.py
[2026-04-29T00:25:56.249+0000] {processor.py:914} INFO - Processing file /workspaces/meu-projeto-airflow/dags/defareble_dag.py for tasks to queue
[2026-04-29T00:25:56.250+0000] {logging_mixin.py:190} INFO - [2026-04-29T00:25:56.250+0000] {dagbag.py:588} INFO - Filling up the DagBag from /workspaces/meu-projeto-airflow/dags/defareble_dag.py
[2026-04-29T00:25:56.256+0000] {processor.py:925} INFO - DAG(s) 'dag_defereable' retrieved from /workspaces/meu-projeto-airflow/dags/defareble_dag.py
[2026-04-29T00:25:56.270+0000] {logging_mixin.py:190} INFO - [2026-04-29T00:25:56.269+0000] {dag.py:3239} INFO - Sync 1 DAGs
[2026-04-29T00:25:56.279+0000] {logging_mixin.py:190} INFO - [2026-04-29T00:25:56.279+0000] {dag.py:4180} INFO - Setting next_dagrun for dag_defereable to None, run_after=None
[2026-04-29T00:25:56.296+0000] {processor.py:208} INFO - Processing /workspaces/meu-projeto-airflow/dags/defareble_dag.py took 0.052 seconds
[2026-04-29T00:26:41.995+0000] {processor.py:186} INFO - Started process (PID=91235) to work on /workspaces/meu-projeto-airflow/dags/defareble_dag.py
[2026-04-29T00:26:41.998+0000] {processor.py:914} INFO - Processing file /workspaces/meu-projeto-airflow/dags/defareble_dag.py for tasks to queue
[2026-04-29T00:26:42.000+0000] {logging_mixin.py:190} INFO - [2026-04-29T00:26:41.999+0000] {dagbag.py:588} INFO - Filling up the DagBag from /workspaces/meu-projeto-airflow/dags/defareble_dag.py
[2026-04-29T00:26:42.020+0000] {processor.py:925} INFO - DAG(s) 'dag_defereable' retrieved from /workspaces/meu-projeto-airflow/dags/defareble_dag.py
[2026-04-29T00:26:42.040+0000] {logging_mixin.py:190} INFO - [2026-04-29T00:26:42.039+0000] {dag.py:3239} INFO - Sync 1 DAGs
[2026-04-29T00:26:42.054+0000] {logging_mixin.py:190} INFO - [2026-04-29T00:26:42.053+0000] {dag.py:4180} INFO - Setting next_dagrun for dag_defereable to None, run_after=None
[2026-04-29T00:26:42.071+0000] {processor.py:208} INFO - Processing /workspaces/meu-projeto-airflow/dags/defareble_dag.py took 0.085 seconds
[2026-04-29T00:27:29.476+0000] {processor.py:186} INFO - Started process (PID=92198) to work on /workspaces/meu-projeto-airflow/dags/defareble_dag.py
[2026-04-29T00:27:29.477+0000] {processor.py:914} INFO - Processing file /workspaces/meu-projeto-airflow/dags/defareble_dag.py for tasks to queue
[2026-04-29T00:27:29.478+0000] {logging_mixin.py:190} INFO - [2026-04-29T00:27:29.478+0000] {dagbag.py:588} INFO - Filling up the DagBag from /workspaces/meu-projeto-airflow/dags/defareble_dag.py
[2026-04-29T00:27:29.485+0000] {processor.py:925} INFO - DAG(s) 'dag_defereable' retrieved from /workspaces/meu-projeto-airflow/dags/defareble_dag.py
[2026-04-29T00:27:29.497+0000] {logging_mixin.py:190} INFO - [2026-04-29T00:27:29.497+0000] {dag.py:3239} INFO - Sync 1 DAGs
[2026-04-29T00:27:29.507+0000] {logging_mixin.py:190} INFO - [2026-04-29T00:27:29.507+0000] {dag.py:4180} INFO - Setting next_dagrun for dag_defereable to None, run_after=None
[2026-04-29T00:27:29.524+0000] {processor.py:208} INFO - Processing /workspaces/meu-projeto-airflow/dags/defareble_dag.py took 0.052 seconds
[2026-04-29T00:28:31.143+0000] {processor.py:186} INFO - Started process (PID=93434) to work on /workspaces/meu-projeto-airflow/dags/defareble_dag.py
[2026-04-29T00:28:31.143+0000] {processor.py:914} INFO - Processing file /workspaces/meu-projeto-airflow/dags/defareble_dag.py for tasks to queue
[2026-04-29T00:28:31.145+0000] {logging_mixin.py:190} INFO - [2026-04-29T00:28:31.145+0000] {dagbag.py:588} INFO - Filling up the DagBag from /workspaces/meu-projeto-airflow/dags/defareble_dag.py
[2026-04-29T00:28:31.151+0000] {processor.py:925} INFO - DAG(s) 'dag_defereable' retrieved from /workspaces/meu-projeto-airflow/dags/defareble_dag.py
[2026-04-29T00:28:31.163+0000] {logging_mixin.py:190} INFO - [2026-04-29T00:28:31.163+0000] {dag.py:3239} INFO - Sync 1 DAGs
[2026-04-29T00:28:31.176+0000] {logging_mixin.py:190} INFO - [2026-04-29T00:28:31.176+0000] {dag.py:4180} INFO - Setting next_dagrun for dag_defereable to None, run_after=None
[2026-04-29T00:28:31.192+0000] {processor.py:208} INFO - Processing /workspaces/meu-projeto-airflow/dags/defareble_dag.py took 0.054 seconds
[2026-04-29T00:29:28.294+0000] {processor.py:186} INFO - Started process (PID=94594) to work on /workspaces/meu-projeto-airflow/dags/defareble_dag.py
[2026-04-29T00:29:28.295+0000] {processor.py:914} INFO - Processing file /workspaces/meu-projeto-airflow/dags/defareble_dag.py for tasks to queue
[2026-04-29T00:29:28.296+0000] {logging_mixin.py:190} INFO - [2026-04-29T00:29:28.296+0000] {dagbag.py:588} INFO - Filling up the DagBag from /workspaces/meu-projeto-airflow/dags/defareble_dag.py
[2026-04-29T00:29:28.303+0000] {processor.py:925} INFO - DAG(s) 'dag_defereable' retrieved from /workspaces/meu-projeto-airflow/dags/defareble_dag.py
[2026-04-29T00:29:28.316+0000] {logging_mixin.py:190} INFO - [2026-04-29T00:29:28.316+0000] {dag.py:3239} INFO - Sync 1 DAGs
[2026-04-29T00:29:28.330+0000] {logging_mixin.py:190} INFO - [2026-04-29T00:29:28.329+0000] {dag.py:4180} INFO - Setting next_dagrun for dag_defereable to None, run_after=None
[2026-04-29T00:29:28.348+0000] {processor.py:208} INFO - Processing /workspaces/meu-projeto-airflow/dags/defareble_dag.py took 0.058 seconds
[2026-04-29T00:30:13.776+0000] {processor.py:186} INFO - Started process (PID=95510) to work on /workspaces/meu-projeto-airflow/dags/defareble_dag.py
[2026-04-29T00:30:13.777+0000] {processor.py:914} INFO - Processing file /workspaces/meu-projeto-airflow/dags/defareble_dag.py for tasks to queue
[2026-04-29T00:30:13.779+0000] {logging_mixin.py:190} INFO - [2026-04-29T00:30:13.779+0000] {dagbag.py:588} INFO - Filling up the DagBag from /workspaces/meu-projeto-airflow/dags/defareble_dag.py
[2026-04-29T00:30:13.787+0000] {processor.py:925} INFO - DAG(s) 'dag_defereable' retrieved from /workspaces/meu-projeto-airflow/dags/defareble_dag.py
[2026-04-29T00:30:13.802+0000] {logging_mixin.py:190} INFO - [2026-04-29T00:30:13.802+0000] {dag.py:3239} INFO - Sync 1 DAGs
[2026-04-29T00:30:13.813+0000] {logging_mixin.py:190} INFO - [2026-04-29T00:30:13.812+0000] {dag.py:4180} INFO - Setting next_dagrun for dag_defereable to None, run_after=None
[2026-04-29T00:30:13.833+0000] {processor.py:208} INFO - Processing /workspaces/meu-projeto-airflow/dags/defareble_dag.py took 0.062 seconds
[2026-04-29T00:30:55.119+0000] {processor.py:186} INFO - Started process (PID=96318) to work on /workspaces/meu-projeto-airflow/dags/defareble_dag.py
[2026-04-29T00:30:55.119+0000] {processor.py:914} INFO - Processing file /workspaces/meu-projeto-airflow/dags/defareble_dag.py for tasks to queue
[2026-04-29T00:30:55.121+0000] {logging_mixin.py:190} INFO - [2026-04-29T00:30:55.120+0000] {dagbag.py:588} INFO - Filling up the DagBag from /workspaces/meu-projeto-airflow/dags/defareble_dag.py
[2026-04-29T00:30:55.129+0000] {processor.py:925} INFO - DAG(s) 'dag_defereable' retrieved from /workspaces/meu-projeto-airflow/dags/defareble_dag.py
[2026-04-29T00:30:55.142+0000] {logging_mixin.py:190} INFO - [2026-04-29T00:30:55.142+0000] {dag.py:3239} INFO - Sync 1 DAGs
[2026-04-29T00:30:55.155+0000] {logging_mixin.py:190} INFO - [2026-04-29T00:30:55.155+0000] {dag.py:4180} INFO - Setting next_dagrun for dag_defereable to None, run_after=None
[2026-04-29T00:30:55.173+0000] {processor.py:208} INFO - Processing /workspaces/meu-projeto-airflow/dags/defareble_dag.py took 0.060 seconds
[2026-04-29T00:31:39.355+0000] {processor.py:186} INFO - Started process (PID=97201) to work on /workspaces/meu-projeto-airflow/dags/defareble_dag.py
[2026-04-29T00:31:39.356+0000] {processor.py:914} INFO - Processing file /workspaces/meu-projeto-airflow/dags/defareble_dag.py for tasks to queue
[2026-04-29T00:31:39.357+0000] {logging_mixin.py:190} INFO - [2026-04-29T00:31:39.357+0000] {dagbag.py:588} INFO - Filling up the DagBag from /workspaces/meu-projeto-airflow/dags/defareble_dag.py
[2026-04-29T00:31:39.363+0000] {processor.py:925} INFO - DAG(s) 'dag_defereable' retrieved from /workspaces/meu-projeto-airflow/dags/defareble_dag.py
[2026-04-29T00:31:39.376+0000] {logging_mixin.py:190} INFO - [2026-04-29T00:31:39.376+0000] {dag.py:3239} INFO - Sync 1 DAGs
[2026-04-29T00:31:39.386+0000] {logging_mixin.py:190} INFO - [2026-04-29T00:31:39.386+0000] {dag.py:4180} INFO - Setting next_dagrun for dag_defereable to None, run_after=None
[2026-04-29T00:31:39.402+0000] {processor.py:208} INFO - Processing /workspaces/meu-projeto-airflow/dags/defareble_dag.py took 0.052 seconds
[2026-04-29T00:32:25.007+0000] {processor.py:186} INFO - Started process (PID=98103) to work on /workspaces/meu-projeto-airflow/dags/defareble_dag.py
[2026-04-29T00:32:25.008+0000] {processor.py:914} INFO - Processing file /workspaces/meu-projeto-airflow/dags/defareble_dag.py for tasks to queue
[2026-04-29T00:32:25.009+0000] {logging_mixin.py:190} INFO - [2026-04-29T00:32:25.009+0000] {dagbag.py:588} INFO - Filling up the DagBag from /workspaces/meu-projeto-airflow/dags/defareble_dag.py
[2026-04-29T00:32:25.017+0000] {processor.py:925} INFO - DAG(s) 'dag_defereable' retrieved from /workspaces/meu-projeto-airflow/dags/defareble_dag.py
[2026-04-29T00:32:25.033+0000] {logging_mixin.py:190} INFO - [2026-04-29T00:32:25.033+0000] {dag.py:3239} INFO - Sync 1 DAGs
[2026-04-29T00:32:25.045+0000] {logging_mixin.py:190} INFO - [2026-04-29T00:32:25.045+0000] {dag.py:4180} INFO - Setting next_dagrun for dag_defereable to None, run_after=None
[2026-04-29T00:32:25.061+0000] {processor.py:208} INFO - Processing /workspaces/meu-projeto-airflow/dags/defareble_dag.py took 0.058 seconds
[2026-04-29T00:33:10.948+0000] {processor.py:186} INFO - Started process (PID=99005) to work on /workspaces/meu-projeto-airflow/dags/defareble_dag.py
[2026-04-29T00:33:10.952+0000] {processor.py:914} INFO - Processing file /workspaces/meu-projeto-airflow/dags/defareble_dag.py for tasks to queue
[2026-04-29T00:33:10.956+0000] {logging_mixin.py:190} INFO - [2026-04-29T00:33:10.955+0000] {dagbag.py:588} INFO - Filling up the DagBag from /workspaces/meu-projeto-airflow/dags/defareble_dag.py
[2026-04-29T00:33:10.965+0000] {processor.py:925} INFO - DAG(s) 'dag_defereable' retrieved from /workspaces/meu-projeto-airflow/dags/defareble_dag.py
[2026-04-29T00:33:10.985+0000] {logging_mixin.py:190} INFO - [2026-04-29T00:33:10.985+0000] {dag.py:3239} INFO - Sync 1 DAGs
[2026-04-29T00:33:10.997+0000] {logging_mixin.py:190} INFO - [2026-04-29T00:33:10.997+0000] {dag.py:4180} INFO - Setting next_dagrun for dag_defereable to None, run_after=None
[2026-04-29T00:33:11.014+0000] {processor.py:208} INFO - Processing /workspaces/meu-projeto-airflow/dags/defareble_dag.py took 0.081 seconds
[2026-04-29T00:33:56.747+0000] {processor.py:186} INFO - Started process (PID=99922) to work on /workspaces/meu-projeto-airflow/dags/defareble_dag.py
[2026-04-29T00:33:56.748+0000] {processor.py:914} INFO - Processing file /workspaces/meu-projeto-airflow/dags/defareble_dag.py for tasks to queue
[2026-04-29T00:33:56.750+0000] {logging_mixin.py:190} INFO - [2026-04-29T00:33:56.749+0000] {dagbag.py:588} INFO - Filling up the DagBag from /workspaces/meu-projeto-airflow/dags/defareble_dag.py
[2026-04-29T00:33:56.757+0000] {processor.py:925} INFO - DAG(s) 'dag_defereable' retrieved from /workspaces/meu-projeto-airflow/dags/defareble_dag.py
[2026-04-29T00:33:56.775+0000] {logging_mixin.py:190} INFO - [2026-04-29T00:33:56.774+0000] {dag.py:3239} INFO - Sync 1 DAGs
[2026-04-29T00:33:56.791+0000] {logging_mixin.py:190} INFO - [2026-04-29T00:33:56.791+0000] {dag.py:4180} INFO - Setting next_dagrun for dag_defereable to None, run_after=None
[2026-04-29T00:33:56.821+0000] {processor.py:208} INFO - Processing /workspaces/meu-projeto-airflow/dags/defareble_dag.py took 0.080 seconds
[2026-04-29T00:34:45.135+0000] {processor.py:186} INFO - Started process (PID=100879) to work on /workspaces/meu-projeto-airflow/dags/defareble_dag.py
[2026-04-29T00:34:45.136+0000] {processor.py:914} INFO - Processing file /workspaces/meu-projeto-airflow/dags/defareble_dag.py for tasks to queue
[2026-04-29T00:34:45.137+0000] {logging_mixin.py:190} INFO - [2026-04-29T00:34:45.137+0000] {dagbag.py:588} INFO - Filling up the DagBag from /workspaces/meu-projeto-airflow/dags/defareble_dag.py
[2026-04-29T00:34:45.143+0000] {processor.py:925} INFO - DAG(s) 'dag_defereable' retrieved from /workspaces/meu-projeto-airflow/dags/defareble_dag.py
[2026-04-29T00:34:45.156+0000] {logging_mixin.py:190} INFO - [2026-04-29T00:34:45.156+0000] {dag.py:3239} INFO - Sync 1 DAGs
[2026-04-29T00:34:45.166+0000] {logging_mixin.py:190} INFO - [2026-04-29T00:34:45.166+0000] {dag.py:4180} INFO - Setting next_dagrun for dag_defereable to None, run_after=None
[2026-04-29T00:34:45.182+0000] {processor.py:208} INFO - Processing /workspaces/meu-projeto-airflow/dags/defareble_dag.py took 0.053 seconds
[2026-04-29T00:35:31.641+0000] {processor.py:186} INFO - Started process (PID=101815) to work on /workspaces/meu-projeto-airflow/dags/defareble_dag.py
[2026-04-29T00:35:31.642+0000] {processor.py:914} INFO - Processing file /workspaces/meu-projeto-airflow/dags/defareble_dag.py for tasks to queue
[2026-04-29T00:35:31.643+0000] {logging_mixin.py:190} INFO - [2026-04-29T00:35:31.642+0000] {dagbag.py:588} INFO - Filling up the DagBag from /workspaces/meu-projeto-airflow/dags/defareble_dag.py
[2026-04-29T00:35:31.649+0000] {processor.py:925} INFO - DAG(s) 'dag_defereable' retrieved from /workspaces/meu-projeto-airflow/dags/defareble_dag.py
[2026-04-29T00:35:31.661+0000] {logging_mixin.py:190} INFO - [2026-04-29T00:35:31.661+0000] {dag.py:3239} INFO - Sync 1 DAGs
[2026-04-29T00:35:31.671+0000] {logging_mixin.py:190} INFO - [2026-04-29T00:35:31.671+0000] {dag.py:4180} INFO - Setting next_dagrun for dag_defereable to None, run_after=None
[2026-04-29T00:35:31.687+0000] {processor.py:208} INFO - Processing /workspaces/meu-projeto-airflow/dags/defareble_dag.py took 0.050 seconds
[2026-04-29T00:36:19.372+0000] {processor.py:186} INFO - Started process (PID=102779) to work on /workspaces/meu-projeto-airflow/dags/defareble_dag.py
[2026-04-29T00:36:19.373+0000] {processor.py:914} INFO - Processing file /workspaces/meu-projeto-airflow/dags/defareble_dag.py for tasks to queue
[2026-04-29T00:36:19.375+0000] {logging_mixin.py:190} INFO - [2026-04-29T00:36:19.374+0000] {dagbag.py:588} INFO - Filling up the DagBag from /workspaces/meu-projeto-airflow/dags/defareble_dag.py
[2026-04-29T00:36:19.382+0000] {processor.py:925} INFO - DAG(s) 'dag_defereable' retrieved from /workspaces/meu-projeto-airflow/dags/defareble_dag.py
[2026-04-29T00:36:19.406+0000] {logging_mixin.py:190} INFO - [2026-04-29T00:36:19.405+0000] {dag.py:3239} INFO - Sync 1 DAGs
[2026-04-29T00:36:19.419+0000] {logging_mixin.py:190} INFO - [2026-04-29T00:36:19.418+0000] {dag.py:4180} INFO - Setting next_dagrun for dag_defereable to None, run_after=None
[2026-04-29T00:36:19.437+0000] {processor.py:208} INFO - Processing /workspaces/meu-projeto-airflow/dags/defareble_dag.py took 0.071 seconds
[2026-04-29T00:37:05.744+0000] {processor.py:186} INFO - Started process (PID=103682) to work on /workspaces/meu-projeto-airflow/dags/defareble_dag.py
[2026-04-29T00:37:05.744+0000] {processor.py:914} INFO - Processing file /workspaces/meu-projeto-airflow/dags/defareble_dag.py for tasks to queue
[2026-04-29T00:37:05.745+0000] {logging_mixin.py:190} INFO - [2026-04-29T00:37:05.745+0000] {dagbag.py:588} INFO - Filling up the DagBag from /workspaces/meu-projeto-airflow/dags/defareble_dag.py
[2026-04-29T00:37:05.752+0000] {processor.py:925} INFO - DAG(s) 'dag_defereable' retrieved from /workspaces/meu-projeto-airflow/dags/defareble_dag.py
[2026-04-29T00:37:05.764+0000] {logging_mixin.py:190} INFO - [2026-04-29T00:37:05.764+0000] {dag.py:3239} INFO - Sync 1 DAGs
[2026-04-29T00:37:05.773+0000] {logging_mixin.py:190} INFO - [2026-04-29T00:37:05.773+0000] {dag.py:4180} INFO - Setting next_dagrun for dag_defereable to None, run_after=None
[2026-04-29T00:37:05.793+0000] {processor.py:208} INFO - Processing /workspaces/meu-projeto-airflow/dags/defareble_dag.py took 0.055 seconds
[2026-04-29T00:37:49.411+0000] {processor.py:186} INFO - Started process (PID=104572) to work on /workspaces/meu-projeto-airflow/dags/defareble_dag.py
[2026-04-29T00:37:49.411+0000] {processor.py:914} INFO - Processing file /workspaces/meu-projeto-airflow/dags/defareble_dag.py for tasks to queue
[2026-04-29T00:37:49.413+0000] {logging_mixin.py:190} INFO - [2026-04-29T00:37:49.412+0000] {dagbag.py:588} INFO - Filling up the DagBag from /workspaces/meu-projeto-airflow/dags/defareble_dag.py
[2026-04-29T00:37:49.420+0000] {processor.py:925} INFO - DAG(s) 'dag_defereable' retrieved from /workspaces/meu-projeto-airflow/dags/defareble_dag.py
[2026-04-29T00:37:49.437+0000] {logging_mixin.py:190} INFO - [2026-04-29T00:37:49.437+0000] {dag.py:3239} INFO - Sync 1 DAGs
[2026-04-29T00:37:49.447+0000] {logging_mixin.py:190} INFO - [2026-04-29T00:37:49.447+0000] {dag.py:4180} INFO - Setting next_dagrun for dag_defereable to None, run_after=None
[2026-04-29T00:37:49.463+0000] {processor.py:208} INFO - Processing /workspaces/meu-projeto-airflow/dags/defareble_dag.py took 0.057 seconds
[2026-04-29T00:38:35.029+0000] {processor.py:186} INFO - Started process (PID=105488) to work on /workspaces/meu-projeto-airflow/dags/defareble_dag.py
[2026-04-29T00:38:35.030+0000] {processor.py:914} INFO - Processing file /workspaces/meu-projeto-airflow/dags/defareble_dag.py for tasks to queue
[2026-04-29T00:38:35.031+0000] {logging_mixin.py:190} INFO - [2026-04-29T00:38:35.031+0000] {dagbag.py:588} INFO - Filling up the DagBag from /workspaces/meu-projeto-airflow/dags/defareble_dag.py
[2026-04-29T00:38:35.039+0000] {processor.py:925} INFO - DAG(s) 'dag_defereable' retrieved from /workspaces/meu-projeto-airflow/dags/defareble_dag.py
[2026-04-29T00:38:35.051+0000] {logging_mixin.py:190} INFO - [2026-04-29T00:38:35.051+0000] {dag.py:3239} INFO - Sync 1 DAGs
[2026-04-29T00:38:35.061+0000] {logging_mixin.py:190} INFO - [2026-04-29T00:38:35.061+0000] {dag.py:4180} INFO - Setting next_dagrun for dag_defereable to None, run_after=None
[2026-04-29T00:38:35.078+0000] {processor.py:208} INFO - Processing /workspaces/meu-projeto-airflow/dags/defareble_dag.py took 0.055 seconds
[2026-04-29T00:39:20.830+0000] {processor.py:186} INFO - Started process (PID=106377) to work on /workspaces/meu-projeto-airflow/dags/defareble_dag.py
[2026-04-29T00:39:20.830+0000] {processor.py:914} INFO - Processing file /workspaces/meu-projeto-airflow/dags/defareble_dag.py for tasks to queue
[2026-04-29T00:39:20.833+0000] {logging_mixin.py:190} INFO - [2026-04-29T00:39:20.832+0000] {dagbag.py:588} INFO - Filling up the DagBag from /workspaces/meu-projeto-airflow/dags/defareble_dag.py
[2026-04-29T00:39:20.840+0000] {processor.py:925} INFO - DAG(s) 'dag_defereable' retrieved from /workspaces/meu-projeto-airflow/dags/defareble_dag.py
[2026-04-29T00:39:20.852+0000] {logging_mixin.py:190} INFO - [2026-04-29T00:39:20.852+0000] {dag.py:3239} INFO - Sync 1 DAGs
[2026-04-29T00:39:20.862+0000] {logging_mixin.py:190} INFO - [2026-04-29T00:39:20.862+0000] {dag.py:4180} INFO - Setting next_dagrun for dag_defereable to None, run_after=None
[2026-04-29T00:39:20.879+0000] {processor.py:208} INFO - Processing /workspaces/meu-projeto-airflow/dags/defareble_dag.py took 0.055 seconds
[2026-04-29T00:40:03.860+0000] {processor.py:186} INFO - Started process (PID=107272) to work on /workspaces/meu-projeto-airflow/dags/defareble_dag.py
[2026-04-29T00:40:03.860+0000] {processor.py:914} INFO - Processing file /workspaces/meu-projeto-airflow/dags/defareble_dag.py for tasks to queue
[2026-04-29T00:40:03.861+0000] {logging_mixin.py:190} INFO - [2026-04-29T00:40:03.861+0000] {dagbag.py:588} INFO - Filling up the DagBag from /workspaces/meu-projeto-airflow/dags/defareble_dag.py
[2026-04-29T00:40:03.870+0000] {processor.py:925} INFO - DAG(s) 'dag_defereable' retrieved from /workspaces/meu-projeto-airflow/dags/defareble_dag.py
[2026-04-29T00:40:03.892+0000] {logging_mixin.py:190} INFO - [2026-04-29T00:40:03.892+0000] {dag.py:3239} INFO - Sync 1 DAGs
[2026-04-29T00:40:03.902+0000] {logging_mixin.py:190} INFO - [2026-04-29T00:40:03.902+0000] {dag.py:4180} INFO - Setting next_dagrun for dag_defereable to None, run_after=None
[2026-04-29T00:40:03.925+0000] {processor.py:208} INFO - Processing /workspaces/meu-projeto-airflow/dags/defareble_dag.py took 0.070 seconds
[2026-04-29T00:40:46.545+0000] {processor.py:186} INFO - Started process (PID=108120) to work on /workspaces/meu-projeto-airflow/dags/defareble_dag.py
[2026-04-29T00:40:46.546+0000] {processor.py:914} INFO - Processing file /workspaces/meu-projeto-airflow/dags/defareble_dag.py for tasks to queue
[2026-04-29T00:40:46.548+0000] {logging_mixin.py:190} INFO - [2026-04-29T00:40:46.547+0000] {dagbag.py:588} INFO - Filling up the DagBag from /workspaces/meu-projeto-airflow/dags/defareble_dag.py
[2026-04-29T00:40:46.554+0000] {processor.py:925} INFO - DAG(s) 'dag_defereable' retrieved from /workspaces/meu-projeto-airflow/dags/defareble_dag.py
[2026-04-29T00:40:46.566+0000] {logging_mixin.py:190} INFO - [2026-04-29T00:40:46.566+0000] {dag.py:3239} INFO - Sync 1 DAGs
[2026-04-29T00:40:46.577+0000] {logging_mixin.py:190} INFO - [2026-04-29T00:40:46.577+0000] {dag.py:4180} INFO - Setting next_dagrun for dag_defereable to None, run_after=None
[2026-04-29T00:40:46.594+0000] {processor.py:208} INFO - Processing /workspaces/meu-projeto-airflow/dags/defareble_dag.py took 0.053 seconds
[2026-04-29T00:41:30.517+0000] {processor.py:186} INFO - Started process (PID=109000) to work on /workspaces/meu-projeto-airflow/dags/defareble_dag.py
[2026-04-29T00:41:30.517+0000] {processor.py:914} INFO - Processing file /workspaces/meu-projeto-airflow/dags/defareble_dag.py for tasks to queue
[2026-04-29T00:41:30.519+0000] {logging_mixin.py:190} INFO - [2026-04-29T00:41:30.518+0000] {dagbag.py:588} INFO - Filling up the DagBag from /workspaces/meu-projeto-airflow/dags/defareble_dag.py
[2026-04-29T00:41:30.527+0000] {processor.py:925} INFO - DAG(s) 'dag_defereable' retrieved from /workspaces/meu-projeto-airflow/dags/defareble_dag.py
[2026-04-29T00:41:30.541+0000] {logging_mixin.py:190} INFO - [2026-04-29T00:41:30.541+0000] {dag.py:3239} INFO - Sync 1 DAGs
[2026-04-29T00:41:30.552+0000] {logging_mixin.py:190} INFO - [2026-04-29T00:41:30.551+0000] {dag.py:4180} INFO - Setting next_dagrun for dag_defereable to None, run_after=None
[2026-04-29T00:41:30.568+0000] {processor.py:208} INFO - Processing /workspaces/meu-projeto-airflow/dags/defareble_dag.py took 0.057 seconds
[2026-04-29T00:42:14.636+0000] {processor.py:186} INFO - Started process (PID=109872) to work on /workspaces/meu-projeto-airflow/dags/defareble_dag.py
[2026-04-29T00:42:14.637+0000] {processor.py:914} INFO - Processing file /workspaces/meu-projeto-airflow/dags/defareble_dag.py for tasks to queue
[2026-04-29T00:42:14.639+0000] {logging_mixin.py:190} INFO - [2026-04-29T00:42:14.638+0000] {dagbag.py:588} INFO - Filling up the DagBag from /workspaces/meu-projeto-airflow/dags/defareble_dag.py
[2026-04-29T00:42:14.645+0000] {processor.py:925} INFO - DAG(s) 'dag_defereable' retrieved from /workspaces/meu-projeto-airflow/dags/defareble_dag.py
[2026-04-29T00:42:14.658+0000] {logging_mixin.py:190} INFO - [2026-04-29T00:42:14.657+0000] {dag.py:3239} INFO - Sync 1 DAGs
[2026-04-29T00:42:14.668+0000] {logging_mixin.py:190} INFO - [2026-04-29T00:42:14.668+0000] {dag.py:4180} INFO - Setting next_dagrun for dag_defereable to None, run_after=None
[2026-04-29T00:42:14.685+0000] {processor.py:208} INFO - Processing /workspaces/meu-projeto-airflow/dags/defareble_dag.py took 0.054 seconds
[2026-04-29T00:42:59.740+0000] {processor.py:186} INFO - Started process (PID=110764) to work on /workspaces/meu-projeto-airflow/dags/defareble_dag.py
[2026-04-29T00:42:59.741+0000] {processor.py:914} INFO - Processing file /workspaces/meu-projeto-airflow/dags/defareble_dag.py for tasks to queue
[2026-04-29T00:42:59.742+0000] {logging_mixin.py:190} INFO - [2026-04-29T00:42:59.742+0000] {dagbag.py:588} INFO - Filling up the DagBag from /workspaces/meu-projeto-airflow/dags/defareble_dag.py
[2026-04-29T00:42:59.749+0000] {processor.py:925} INFO - DAG(s) 'dag_defereable' retrieved from /workspaces/meu-projeto-airflow/dags/defareble_dag.py
[2026-04-29T00:42:59.762+0000] {logging_mixin.py:190} INFO - [2026-04-29T00:42:59.762+0000] {dag.py:3239} INFO - Sync 1 DAGs
[2026-04-29T00:42:59.772+0000] {logging_mixin.py:190} INFO - [2026-04-29T00:42:59.772+0000] {dag.py:4180} INFO - Setting next_dagrun for dag_defereable to None, run_after=None
[2026-04-29T00:42:59.788+0000] {processor.py:208} INFO - Processing /workspaces/meu-projeto-airflow/dags/defareble_dag.py took 0.052 seconds
[2026-04-29T00:43:47.948+0000] {processor.py:186} INFO - Started process (PID=111759) to work on /workspaces/meu-projeto-airflow/dags/defareble_dag.py
[2026-04-29T00:43:47.948+0000] {processor.py:914} INFO - Processing file /workspaces/meu-projeto-airflow/dags/defareble_dag.py for tasks to queue
[2026-04-29T00:43:47.950+0000] {logging_mixin.py:190} INFO - [2026-04-29T00:43:47.950+0000] {dagbag.py:588} INFO - Filling up the DagBag from /workspaces/meu-projeto-airflow/dags/defareble_dag.py
[2026-04-29T00:43:47.956+0000] {processor.py:925} INFO - DAG(s) 'dag_defereable' retrieved from /workspaces/meu-projeto-airflow/dags/defareble_dag.py
[2026-04-29T00:43:47.968+0000] {logging_mixin.py:190} INFO - [2026-04-29T00:43:47.968+0000] {dag.py:3239} INFO - Sync 1 DAGs
[2026-04-29T00:43:47.980+0000] {logging_mixin.py:190} INFO - [2026-04-29T00:43:47.979+0000] {dag.py:4180} INFO - Setting next_dagrun for dag_defereable to None, run_after=None
[2026-04-29T00:43:47.995+0000] {processor.py:208} INFO - Processing /workspaces/meu-projeto-airflow/dags/defareble_dag.py took 0.054 seconds
[2026-04-29T00:44:51.070+0000] {processor.py:186} INFO - Started process (PID=113004) to work on /workspaces/meu-projeto-airflow/dags/defareble_dag.py
[2026-04-29T00:44:51.071+0000] {processor.py:914} INFO - Processing file /workspaces/meu-projeto-airflow/dags/defareble_dag.py for tasks to queue
[2026-04-29T00:44:51.074+0000] {logging_mixin.py:190} INFO - [2026-04-29T00:44:51.072+0000] {dagbag.py:588} INFO - Filling up the DagBag from /workspaces/meu-projeto-airflow/dags/defareble_dag.py
[2026-04-29T00:44:51.108+0000] {processor.py:925} INFO - DAG(s) 'dag_defereable' retrieved from /workspaces/meu-projeto-airflow/dags/defareble_dag.py
[2026-04-29T00:44:51.133+0000] {logging_mixin.py:190} INFO - [2026-04-29T00:44:51.133+0000] {dag.py:3239} INFO - Sync 1 DAGs
[2026-04-29T00:44:51.154+0000] {logging_mixin.py:190} INFO - [2026-04-29T00:44:51.154+0000] {dag.py:4180} INFO - Setting next_dagrun for dag_defereable to None, run_after=None
[2026-04-29T00:44:51.172+0000] {processor.py:208} INFO - Processing /workspaces/meu-projeto-airflow/dags/defareble_dag.py took 0.108 seconds
[2026-04-29T00:45:40.276+0000] {processor.py:186} INFO - Started process (PID=113963) to work on /workspaces/meu-projeto-airflow/dags/defareble_dag.py
[2026-04-29T00:45:40.277+0000] {processor.py:914} INFO - Processing file /workspaces/meu-projeto-airflow/dags/defareble_dag.py for tasks to queue
[2026-04-29T00:45:40.279+0000] {logging_mixin.py:190} INFO - [2026-04-29T00:45:40.279+0000] {dagbag.py:588} INFO - Filling up the DagBag from /workspaces/meu-projeto-airflow/dags/defareble_dag.py
[2026-04-29T00:45:40.286+0000] {processor.py:925} INFO - DAG(s) 'dag_defereable' retrieved from /workspaces/meu-projeto-airflow/dags/defareble_dag.py
[2026-04-29T00:45:40.300+0000] {logging_mixin.py:190} INFO - [2026-04-29T00:45:40.300+0000] {dag.py:3239} INFO - Sync 1 DAGs
[2026-04-29T00:45:40.311+0000] {logging_mixin.py:190} INFO - [2026-04-29T00:45:40.310+0000] {dag.py:4180} INFO - Setting next_dagrun for dag_defereable to None, run_after=None
[2026-04-29T00:45:40.333+0000] {processor.py:208} INFO - Processing /workspaces/meu-projeto-airflow/dags/defareble_dag.py took 0.063 seconds
[2026-04-29T00:46:24.342+0000] {processor.py:186} INFO - Started process (PID=114834) to work on /workspaces/meu-projeto-airflow/dags/defareble_dag.py
[2026-04-29T00:46:24.343+0000] {processor.py:914} INFO - Processing file /workspaces/meu-projeto-airflow/dags/defareble_dag.py for tasks to queue
[2026-04-29T00:46:24.344+0000] {logging_mixin.py:190} INFO - [2026-04-29T00:46:24.343+0000] {dagbag.py:588} INFO - Filling up the DagBag from /workspaces/meu-projeto-airflow/dags/defareble_dag.py
[2026-04-29T00:46:24.350+0000] {processor.py:925} INFO - DAG(s) 'dag_defereable' retrieved from /workspaces/meu-projeto-airflow/dags/defareble_dag.py
[2026-04-29T00:46:24.363+0000] {logging_mixin.py:190} INFO - [2026-04-29T00:46:24.363+0000] {dag.py:3239} INFO - Sync 1 DAGs
[2026-04-29T00:46:24.373+0000] {logging_mixin.py:190} INFO - [2026-04-29T00:46:24.373+0000] {dag.py:4180} INFO - Setting next_dagrun for dag_defereable to None, run_after=None
[2026-04-29T00:46:24.389+0000] {processor.py:208} INFO - Processing /workspaces/meu-projeto-airflow/dags/defareble_dag.py took 0.052 seconds
[2026-04-29T00:47:10.347+0000] {processor.py:186} INFO - Started process (PID=115767) to work on /workspaces/meu-projeto-airflow/dags/defareble_dag.py
[2026-04-29T00:47:10.349+0000] {processor.py:914} INFO - Processing file /workspaces/meu-projeto-airflow/dags/defareble_dag.py for tasks to queue
[2026-04-29T00:47:10.352+0000] {logging_mixin.py:190} INFO - [2026-04-29T00:47:10.351+0000] {dagbag.py:588} INFO - Filling up the DagBag from /workspaces/meu-projeto-airflow/dags/defareble_dag.py
[2026-04-29T00:47:10.363+0000] {processor.py:925} INFO - DAG(s) 'dag_defereable' retrieved from /workspaces/meu-projeto-airflow/dags/defareble_dag.py
[2026-04-29T00:47:10.388+0000] {logging_mixin.py:190} INFO - [2026-04-29T00:47:10.388+0000] {dag.py:3239} INFO - Sync 1 DAGs
[2026-04-29T00:47:10.409+0000] {logging_mixin.py:190} INFO - [2026-04-29T00:47:10.409+0000] {dag.py:4180} INFO - Setting next_dagrun for dag_defereable to None, run_after=None
[2026-04-29T00:47:10.457+0000] {processor.py:208} INFO - Processing /workspaces/meu-projeto-airflow/dags/defareble_dag.py took 0.119 seconds
[2026-04-29T00:47:54.811+0000] {processor.py:186} INFO - Started process (PID=116685) to work on /workspaces/meu-projeto-airflow/dags/defareble_dag.py
[2026-04-29T00:47:54.812+0000] {processor.py:914} INFO - Processing file /workspaces/meu-projeto-airflow/dags/defareble_dag.py for tasks to queue
[2026-04-29T00:47:54.813+0000] {logging_mixin.py:190} INFO - [2026-04-29T00:47:54.813+0000] {dagbag.py:588} INFO - Filling up the DagBag from /workspaces/meu-projeto-airflow/dags/defareble_dag.py
[2026-04-29T00:47:54.821+0000] {processor.py:925} INFO - DAG(s) 'dag_defereable' retrieved from /workspaces/meu-projeto-airflow/dags/defareble_dag.py
[2026-04-29T00:47:54.836+0000] {logging_mixin.py:190} INFO - [2026-04-29T00:47:54.836+0000] {dag.py:3239} INFO - Sync 1 DAGs
[2026-04-29T00:47:54.850+0000] {logging_mixin.py:190} INFO - [2026-04-29T00:47:54.850+0000] {dag.py:4180} INFO - Setting next_dagrun for dag_defereable to None, run_after=None
[2026-04-29T00:47:54.867+0000] {processor.py:208} INFO - Processing /workspaces/meu-projeto-airflow/dags/defareble_dag.py took 0.060 seconds
[2026-04-29T00:48:40.589+0000] {processor.py:186} INFO - Started process (PID=117590) to work on /workspaces/meu-projeto-airflow/dags/defareble_dag.py
[2026-04-29T00:48:40.590+0000] {processor.py:914} INFO - Processing file /workspaces/meu-projeto-airflow/dags/defareble_dag.py for tasks to queue
[2026-04-29T00:48:40.592+0000] {logging_mixin.py:190} INFO - [2026-04-29T00:48:40.591+0000] {dagbag.py:588} INFO - Filling up the DagBag from /workspaces/meu-projeto-airflow/dags/defareble_dag.py
[2026-04-29T00:48:40.597+0000] {processor.py:925} INFO - DAG(s) 'dag_defereable' retrieved from /workspaces/meu-projeto-airflow/dags/defareble_dag.py
[2026-04-29T00:48:40.615+0000] {logging_mixin.py:190} INFO - [2026-04-29T00:48:40.615+0000] {dag.py:3239} INFO - Sync 1 DAGs
[2026-04-29T00:48:40.628+0000] {logging_mixin.py:190} INFO - [2026-04-29T00:48:40.628+0000] {dag.py:4180} INFO - Setting next_dagrun for dag_defereable to None, run_after=None
[2026-04-29T00:48:40.646+0000] {processor.py:208} INFO - Processing /workspaces/meu-projeto-airflow/dags/defareble_dag.py took 0.062 seconds
[2026-04-29T00:49:29.708+0000] {processor.py:186} INFO - Started process (PID=118602) to work on /workspaces/meu-projeto-airflow/dags/defareble_dag.py
[2026-04-29T00:49:29.709+0000] {processor.py:914} INFO - Processing file /workspaces/meu-projeto-airflow/dags/defareble_dag.py for tasks to queue
[2026-04-29T00:49:29.710+0000] {logging_mixin.py:190} INFO - [2026-04-29T00:49:29.710+0000] {dagbag.py:588} INFO - Filling up the DagBag from /workspaces/meu-projeto-airflow/dags/defareble_dag.py
[2026-04-29T00:49:29.718+0000] {processor.py:925} INFO - DAG(s) 'dag_defereable' retrieved from /workspaces/meu-projeto-airflow/dags/defareble_dag.py
[2026-04-29T00:49:29.734+0000] {logging_mixin.py:190} INFO - [2026-04-29T00:49:29.734+0000] {dag.py:3239} INFO - Sync 1 DAGs
[2026-04-29T00:49:29.744+0000] {logging_mixin.py:190} INFO - [2026-04-29T00:49:29.744+0000] {dag.py:4180} INFO - Setting next_dagrun for dag_defereable to None, run_after=None
[2026-04-29T00:49:29.760+0000] {processor.py:208} INFO - Processing /workspaces/meu-projeto-airflow/dags/defareble_dag.py took 0.059 seconds
[2026-04-29T00:50:16.934+0000] {processor.py:186} INFO - Started process (PID=119568) to work on /workspaces/meu-projeto-airflow/dags/defareble_dag.py
[2026-04-29T00:50:16.935+0000] {processor.py:914} INFO - Processing file /workspaces/meu-projeto-airflow/dags/defareble_dag.py for tasks to queue
[2026-04-29T00:50:16.936+0000] {logging_mixin.py:190} INFO - [2026-04-29T00:50:16.936+0000] {dagbag.py:588} INFO - Filling up the DagBag from /workspaces/meu-projeto-airflow/dags/defareble_dag.py
[2026-04-29T00:50:16.942+0000] {processor.py:925} INFO - DAG(s) 'dag_defereable' retrieved from /workspaces/meu-projeto-airflow/dags/defareble_dag.py
[2026-04-29T00:50:16.955+0000] {logging_mixin.py:190} INFO - [2026-04-29T00:50:16.955+0000] {dag.py:3239} INFO - Sync 1 DAGs
[2026-04-29T00:50:16.965+0000] {logging_mixin.py:190} INFO - [2026-04-29T00:50:16.964+0000] {dag.py:4180} INFO - Setting next_dagrun for dag_defereable to None, run_after=None
[2026-04-29T00:50:16.980+0000] {processor.py:208} INFO - Processing /workspaces/meu-projeto-airflow/dags/defareble_dag.py took 0.051 seconds
[2026-04-29T00:51:06.492+0000] {processor.py:186} INFO - Started process (PID=120675) to work on /workspaces/meu-projeto-airflow/dags/defareble_dag.py
[2026-04-29T00:51:06.494+0000] {processor.py:914} INFO - Processing file /workspaces/meu-projeto-airflow/dags/defareble_dag.py for tasks to queue
[2026-04-29T00:51:06.495+0000] {logging_mixin.py:190} INFO - [2026-04-29T00:51:06.495+0000] {dagbag.py:588} INFO - Filling up the DagBag from /workspaces/meu-projeto-airflow/dags/defareble_dag.py
[2026-04-29T00:51:06.504+0000] {processor.py:925} INFO - DAG(s) 'dag_defereable' retrieved from /workspaces/meu-projeto-airflow/dags/defareble_dag.py
[2026-04-29T00:51:06.522+0000] {logging_mixin.py:190} INFO - [2026-04-29T00:51:06.522+0000] {dag.py:3239} INFO - Sync 1 DAGs
[2026-04-29T00:51:06.541+0000] {logging_mixin.py:190} INFO - [2026-04-29T00:51:06.540+0000] {dag.py:4180} INFO - Setting next_dagrun for dag_defereable to None, run_after=None
[2026-04-29T00:51:06.851+0000] {processor.py:208} INFO - Processing /workspaces/meu-projeto-airflow/dags/defareble_dag.py took 0.365 seconds
[2026-04-29T00:51:52.351+0000] {processor.py:186} INFO - Started process (PID=121798) to work on /workspaces/meu-projeto-airflow/dags/defareble_dag.py
[2026-04-29T00:51:52.352+0000] {processor.py:914} INFO - Processing file /workspaces/meu-projeto-airflow/dags/defareble_dag.py for tasks to queue
[2026-04-29T00:51:52.353+0000] {logging_mixin.py:190} INFO - [2026-04-29T00:51:52.353+0000] {dagbag.py:588} INFO - Filling up the DagBag from /workspaces/meu-projeto-airflow/dags/defareble_dag.py
[2026-04-29T00:51:52.359+0000] {processor.py:925} INFO - DAG(s) 'dag_defereable' retrieved from /workspaces/meu-projeto-airflow/dags/defareble_dag.py
[2026-04-29T00:51:52.372+0000] {logging_mixin.py:190} INFO - [2026-04-29T00:51:52.372+0000] {dag.py:3239} INFO - Sync 1 DAGs
[2026-04-29T00:51:52.382+0000] {logging_mixin.py:190} INFO - [2026-04-29T00:51:52.382+0000] {dag.py:4180} INFO - Setting next_dagrun for dag_defereable to None, run_after=None
[2026-04-29T00:51:52.397+0000] {processor.py:208} INFO - Processing /workspaces/meu-projeto-airflow/dags/defareble_dag.py took 0.051 seconds
[2026-04-29T00:52:38.566+0000] {processor.py:186} INFO - Started process (PID=122898) to work on /workspaces/meu-projeto-airflow/dags/defareble_dag.py
[2026-04-29T00:52:38.567+0000] {processor.py:914} INFO - Processing file /workspaces/meu-projeto-airflow/dags/defareble_dag.py for tasks to queue
[2026-04-29T00:52:38.568+0000] {logging_mixin.py:190} INFO - [2026-04-29T00:52:38.567+0000] {dagbag.py:588} INFO - Filling up the DagBag from /workspaces/meu-projeto-airflow/dags/defareble_dag.py
[2026-04-29T00:52:38.574+0000] {processor.py:925} INFO - DAG(s) 'dag_defereable' retrieved from /workspaces/meu-projeto-airflow/dags/defareble_dag.py
[2026-04-29T00:52:38.586+0000] {logging_mixin.py:190} INFO - [2026-04-29T00:52:38.586+0000] {dag.py:3239} INFO - Sync 1 DAGs
[2026-04-29T00:52:38.598+0000] {logging_mixin.py:190} INFO - [2026-04-29T00:52:38.597+0000] {dag.py:4180} INFO - Setting next_dagrun for dag_defereable to None, run_after=None
[2026-04-29T00:52:38.619+0000] {processor.py:208} INFO - Processing /workspaces/meu-projeto-airflow/dags/defareble_dag.py took 0.057 seconds
[2026-04-29T00:53:27.164+0000] {processor.py:186} INFO - Started process (PID=124170) to work on /workspaces/meu-projeto-airflow/dags/defareble_dag.py
[2026-04-29T00:53:27.165+0000] {processor.py:914} INFO - Processing file /workspaces/meu-projeto-airflow/dags/defareble_dag.py for tasks to queue
[2026-04-29T00:53:27.166+0000] {logging_mixin.py:190} INFO - [2026-04-29T00:53:27.166+0000] {dagbag.py:588} INFO - Filling up the DagBag from /workspaces/meu-projeto-airflow/dags/defareble_dag.py
[2026-04-29T00:53:27.174+0000] {processor.py:925} INFO - DAG(s) 'dag_defereable' retrieved from /workspaces/meu-projeto-airflow/dags/defareble_dag.py
[2026-04-29T00:53:27.190+0000] {logging_mixin.py:190} INFO - [2026-04-29T00:53:27.190+0000] {dag.py:3239} INFO - Sync 1 DAGs
[2026-04-29T00:53:27.204+0000] {logging_mixin.py:190} INFO - [2026-04-29T00:53:27.203+0000] {dag.py:4180} INFO - Setting next_dagrun for dag_defereable to None, run_after=None
[2026-04-29T00:53:27.225+0000] {processor.py:208} INFO - Processing /workspaces/meu-projeto-airflow/dags/defareble_dag.py took 0.067 seconds
[2026-04-29T00:54:17.618+0000] {processor.py:186} INFO - Started process (PID=125205) to work on /workspaces/meu-projeto-airflow/dags/defareble_dag.py
[2026-04-29T00:54:17.619+0000] {processor.py:914} INFO - Processing file /workspaces/meu-projeto-airflow/dags/defareble_dag.py for tasks to queue
[2026-04-29T00:54:17.621+0000] {logging_mixin.py:190} INFO - [2026-04-29T00:54:17.620+0000] {dagbag.py:588} INFO - Filling up the DagBag from /workspaces/meu-projeto-airflow/dags/defareble_dag.py
[2026-04-29T00:54:17.629+0000] {processor.py:925} INFO - DAG(s) 'dag_defereable' retrieved from /workspaces/meu-projeto-airflow/dags/defareble_dag.py
[2026-04-29T00:54:17.646+0000] {logging_mixin.py:190} INFO - [2026-04-29T00:54:17.646+0000] {dag.py:3239} INFO - Sync 1 DAGs
[2026-04-29T00:54:17.657+0000] {logging_mixin.py:190} INFO - [2026-04-29T00:54:17.657+0000] {dag.py:4180} INFO - Setting next_dagrun for dag_defereable to None, run_after=None
[2026-04-29T00:54:17.674+0000] {processor.py:208} INFO - Processing /workspaces/meu-projeto-airflow/dags/defareble_dag.py took 0.062 seconds
[2026-04-29T00:55:03.297+0000] {processor.py:186} INFO - Started process (PID=126141) to work on /workspaces/meu-projeto-airflow/dags/defareble_dag.py
[2026-04-29T00:55:03.298+0000] {processor.py:914} INFO - Processing file /workspaces/meu-projeto-airflow/dags/defareble_dag.py for tasks to queue
[2026-04-29T00:55:03.300+0000] {logging_mixin.py:190} INFO - [2026-04-29T00:55:03.299+0000] {dagbag.py:588} INFO - Filling up the DagBag from /workspaces/meu-projeto-airflow/dags/defareble_dag.py
[2026-04-29T00:55:03.305+0000] {processor.py:925} INFO - DAG(s) 'dag_defereable' retrieved from /workspaces/meu-projeto-airflow/dags/defareble_dag.py
[2026-04-29T00:55:03.318+0000] {logging_mixin.py:190} INFO - [2026-04-29T00:55:03.318+0000] {dag.py:3239} INFO - Sync 1 DAGs
[2026-04-29T00:55:03.331+0000] {logging_mixin.py:190} INFO - [2026-04-29T00:55:03.331+0000] {dag.py:4180} INFO - Setting next_dagrun for dag_defereable to None, run_after=None
[2026-04-29T00:55:03.347+0000] {processor.py:208} INFO - Processing /workspaces/meu-projeto-airflow/dags/defareble_dag.py took 0.054 seconds
[2026-04-29T00:55:48.175+0000] {processor.py:186} INFO - Started process (PID=127014) to work on /workspaces/meu-projeto-airflow/dags/defareble_dag.py
[2026-04-29T00:55:48.176+0000] {processor.py:914} INFO - Processing file /workspaces/meu-projeto-airflow/dags/defareble_dag.py for tasks to queue
[2026-04-29T00:55:48.177+0000] {logging_mixin.py:190} INFO - [2026-04-29T00:55:48.177+0000] {dagbag.py:588} INFO - Filling up the DagBag from /workspaces/meu-projeto-airflow/dags/defareble_dag.py
[2026-04-29T00:55:48.184+0000] {processor.py:925} INFO - DAG(s) 'dag_defereable' retrieved from /workspaces/meu-projeto-airflow/dags/defareble_dag.py
[2026-04-29T00:55:48.197+0000] {logging_mixin.py:190} INFO - [2026-04-29T00:55:48.197+0000] {dag.py:3239} INFO - Sync 1 DAGs
[2026-04-29T00:55:48.207+0000] {logging_mixin.py:190} INFO - [2026-04-29T00:55:48.207+0000] {dag.py:4180} INFO - Setting next_dagrun for dag_defereable to None, run_after=None
[2026-04-29T00:55:48.224+0000] {processor.py:208} INFO - Processing /workspaces/meu-projeto-airflow/dags/defareble_dag.py took 0.054 seconds
[2026-04-29T00:56:32.499+0000] {processor.py:186} INFO - Started process (PID=127886) to work on /workspaces/meu-projeto-airflow/dags/defareble_dag.py
[2026-04-29T00:56:32.500+0000] {processor.py:914} INFO - Processing file /workspaces/meu-projeto-airflow/dags/defareble_dag.py for tasks to queue
[2026-04-29T00:56:32.502+0000] {logging_mixin.py:190} INFO - [2026-04-29T00:56:32.501+0000] {dagbag.py:588} INFO - Filling up the DagBag from /workspaces/meu-projeto-airflow/dags/defareble_dag.py
[2026-04-29T00:56:32.515+0000] {processor.py:925} INFO - DAG(s) 'dag_defereable' retrieved from /workspaces/meu-projeto-airflow/dags/defareble_dag.py
[2026-04-29T00:56:32.538+0000] {logging_mixin.py:190} INFO - [2026-04-29T00:56:32.537+0000] {dag.py:3239} INFO - Sync 1 DAGs
[2026-04-29T00:56:32.548+0000] {logging_mixin.py:190} INFO - [2026-04-29T00:56:32.548+0000] {dag.py:4180} INFO - Setting next_dagrun for dag_defereable to None, run_after=None
[2026-04-29T00:56:32.564+0000] {processor.py:208} INFO - Processing /workspaces/meu-projeto-airflow/dags/defareble_dag.py took 0.070 seconds
