[2026-04-29T00:00:22.639+0000] {processor.py:186} INFO - Started process (PID=68920) to work on /workspaces/meu-projeto-airflow/dags/load_dag.py
[2026-04-29T00:00:22.640+0000] {processor.py:914} INFO - Processing file /workspaces/meu-projeto-airflow/dags/load_dag.py for tasks to queue
[2026-04-29T00:00:22.641+0000] {logging_mixin.py:190} INFO - [2026-04-29T00:00:22.641+0000] {dagbag.py:588} INFO - Filling up the DagBag from /workspaces/meu-projeto-airflow/dags/load_dag.py
[2026-04-29T00:00:22.648+0000] {processor.py:925} INFO - DAG(s) 'load_dag' retrieved from /workspaces/meu-projeto-airflow/dags/load_dag.py
[2026-04-29T00:00:22.664+0000] {logging_mixin.py:190} INFO - [2026-04-29T00:00:22.664+0000] {dag.py:3239} INFO - Sync 1 DAGs
[2026-04-29T00:00:22.678+0000] {logging_mixin.py:190} INFO - [2026-04-29T00:00:22.678+0000] {dag.py:4180} INFO - Setting next_dagrun for load_dag to None, run_after=None
[2026-04-29T00:00:22.694+0000] {processor.py:208} INFO - Processing /workspaces/meu-projeto-airflow/dags/load_dag.py took 0.059 seconds
[2026-04-29T00:01:04.203+0000] {processor.py:186} INFO - Started process (PID=69307) to work on /workspaces/meu-projeto-airflow/dags/load_dag.py
[2026-04-29T00:01:04.204+0000] {processor.py:914} INFO - Processing file /workspaces/meu-projeto-airflow/dags/load_dag.py for tasks to queue
[2026-04-29T00:01:04.205+0000] {logging_mixin.py:190} INFO - [2026-04-29T00:01:04.205+0000] {dagbag.py:588} INFO - Filling up the DagBag from /workspaces/meu-projeto-airflow/dags/load_dag.py
[2026-04-29T00:01:04.212+0000] {processor.py:925} INFO - DAG(s) 'load_dag' retrieved from /workspaces/meu-projeto-airflow/dags/load_dag.py
[2026-04-29T00:01:04.224+0000] {logging_mixin.py:190} INFO - [2026-04-29T00:01:04.224+0000] {dag.py:3239} INFO - Sync 1 DAGs
[2026-04-29T00:01:04.234+0000] {logging_mixin.py:190} INFO - [2026-04-29T00:01:04.234+0000] {dag.py:4180} INFO - Setting next_dagrun for load_dag to None, run_after=None
[2026-04-29T00:01:04.251+0000] {processor.py:208} INFO - Processing /workspaces/meu-projeto-airflow/dags/load_dag.py took 0.052 seconds
[2026-04-29T00:01:47.748+0000] {processor.py:186} INFO - Started process (PID=69774) to work on /workspaces/meu-projeto-airflow/dags/load_dag.py
[2026-04-29T00:01:47.749+0000] {processor.py:914} INFO - Processing file /workspaces/meu-projeto-airflow/dags/load_dag.py for tasks to queue
[2026-04-29T00:01:47.750+0000] {logging_mixin.py:190} INFO - [2026-04-29T00:01:47.750+0000] {dagbag.py:588} INFO - Filling up the DagBag from /workspaces/meu-projeto-airflow/dags/load_dag.py
[2026-04-29T00:01:47.756+0000] {processor.py:925} INFO - DAG(s) 'load_dag' retrieved from /workspaces/meu-projeto-airflow/dags/load_dag.py
[2026-04-29T00:01:47.768+0000] {logging_mixin.py:190} INFO - [2026-04-29T00:01:47.768+0000] {dag.py:3239} INFO - Sync 1 DAGs
[2026-04-29T00:01:47.778+0000] {logging_mixin.py:190} INFO - [2026-04-29T00:01:47.778+0000] {dag.py:4180} INFO - Setting next_dagrun for load_dag to None, run_after=None
[2026-04-29T00:01:47.794+0000] {processor.py:208} INFO - Processing /workspaces/meu-projeto-airflow/dags/load_dag.py took 0.051 seconds
[2026-04-29T00:02:31.770+0000] {processor.py:186} INFO - Started process (PID=70188) to work on /workspaces/meu-projeto-airflow/dags/load_dag.py
[2026-04-29T00:02:31.771+0000] {processor.py:914} INFO - Processing file /workspaces/meu-projeto-airflow/dags/load_dag.py for tasks to queue
[2026-04-29T00:02:31.772+0000] {logging_mixin.py:190} INFO - [2026-04-29T00:02:31.772+0000] {dagbag.py:588} INFO - Filling up the DagBag from /workspaces/meu-projeto-airflow/dags/load_dag.py
[2026-04-29T00:02:31.779+0000] {processor.py:925} INFO - DAG(s) 'load_dag' retrieved from /workspaces/meu-projeto-airflow/dags/load_dag.py
[2026-04-29T00:02:31.794+0000] {logging_mixin.py:190} INFO - [2026-04-29T00:02:31.793+0000] {dag.py:3239} INFO - Sync 1 DAGs
[2026-04-29T00:02:31.805+0000] {logging_mixin.py:190} INFO - [2026-04-29T00:02:31.805+0000] {dag.py:4180} INFO - Setting next_dagrun for load_dag to None, run_after=None
[2026-04-29T00:02:31.823+0000] {processor.py:208} INFO - Processing /workspaces/meu-projeto-airflow/dags/load_dag.py took 0.059 seconds
[2026-04-29T00:03:19.202+0000] {processor.py:186} INFO - Started process (PID=70583) to work on /workspaces/meu-projeto-airflow/dags/load_dag.py
[2026-04-29T00:03:19.203+0000] {processor.py:914} INFO - Processing file /workspaces/meu-projeto-airflow/dags/load_dag.py for tasks to queue
[2026-04-29T00:03:19.204+0000] {logging_mixin.py:190} INFO - [2026-04-29T00:03:19.203+0000] {dagbag.py:588} INFO - Filling up the DagBag from /workspaces/meu-projeto-airflow/dags/load_dag.py
[2026-04-29T00:03:19.210+0000] {processor.py:925} INFO - DAG(s) 'load_dag' retrieved from /workspaces/meu-projeto-airflow/dags/load_dag.py
[2026-04-29T00:03:19.225+0000] {logging_mixin.py:190} INFO - [2026-04-29T00:03:19.225+0000] {dag.py:3239} INFO - Sync 1 DAGs
[2026-04-29T00:03:19.239+0000] {logging_mixin.py:190} INFO - [2026-04-29T00:03:19.239+0000] {dag.py:4180} INFO - Setting next_dagrun for load_dag to None, run_after=None
[2026-04-29T00:03:19.258+0000] {processor.py:208} INFO - Processing /workspaces/meu-projeto-airflow/dags/load_dag.py took 0.061 seconds
[2026-04-29T00:04:05.759+0000] {processor.py:186} INFO - Started process (PID=71024) to work on /workspaces/meu-projeto-airflow/dags/load_dag.py
[2026-04-29T00:04:05.762+0000] {processor.py:914} INFO - Processing file /workspaces/meu-projeto-airflow/dags/load_dag.py for tasks to queue
[2026-04-29T00:04:05.764+0000] {logging_mixin.py:190} INFO - [2026-04-29T00:04:05.763+0000] {dagbag.py:588} INFO - Filling up the DagBag from /workspaces/meu-projeto-airflow/dags/load_dag.py
[2026-04-29T00:04:05.774+0000] {processor.py:925} INFO - DAG(s) 'load_dag' retrieved from /workspaces/meu-projeto-airflow/dags/load_dag.py
[2026-04-29T00:04:05.786+0000] {logging_mixin.py:190} INFO - [2026-04-29T00:04:05.786+0000] {dag.py:3239} INFO - Sync 1 DAGs
[2026-04-29T00:04:05.796+0000] {logging_mixin.py:190} INFO - [2026-04-29T00:04:05.796+0000] {dag.py:4180} INFO - Setting next_dagrun for load_dag to None, run_after=None
[2026-04-29T00:04:05.813+0000] {processor.py:208} INFO - Processing /workspaces/meu-projeto-airflow/dags/load_dag.py took 0.060 seconds
[2026-04-29T00:04:52.406+0000] {processor.py:186} INFO - Started process (PID=71463) to work on /workspaces/meu-projeto-airflow/dags/load_dag.py
[2026-04-29T00:04:52.406+0000] {processor.py:914} INFO - Processing file /workspaces/meu-projeto-airflow/dags/load_dag.py for tasks to queue
[2026-04-29T00:04:52.407+0000] {logging_mixin.py:190} INFO - [2026-04-29T00:04:52.407+0000] {dagbag.py:588} INFO - Filling up the DagBag from /workspaces/meu-projeto-airflow/dags/load_dag.py
[2026-04-29T00:04:52.413+0000] {processor.py:925} INFO - DAG(s) 'load_dag' retrieved from /workspaces/meu-projeto-airflow/dags/load_dag.py
[2026-04-29T00:04:52.429+0000] {logging_mixin.py:190} INFO - [2026-04-29T00:04:52.429+0000] {dag.py:3239} INFO - Sync 1 DAGs
[2026-04-29T00:04:52.440+0000] {logging_mixin.py:190} INFO - [2026-04-29T00:04:52.440+0000] {dag.py:4180} INFO - Setting next_dagrun for load_dag to None, run_after=None
[2026-04-29T00:04:52.459+0000] {processor.py:208} INFO - Processing /workspaces/meu-projeto-airflow/dags/load_dag.py took 0.058 seconds
[2026-04-29T00:05:38.184+0000] {processor.py:186} INFO - Started process (PID=71920) to work on /workspaces/meu-projeto-airflow/dags/load_dag.py
[2026-04-29T00:05:38.186+0000] {processor.py:914} INFO - Processing file /workspaces/meu-projeto-airflow/dags/load_dag.py for tasks to queue
[2026-04-29T00:05:38.187+0000] {logging_mixin.py:190} INFO - [2026-04-29T00:05:38.187+0000] {dagbag.py:588} INFO - Filling up the DagBag from /workspaces/meu-projeto-airflow/dags/load_dag.py
[2026-04-29T00:05:38.202+0000] {processor.py:925} INFO - DAG(s) 'load_dag' retrieved from /workspaces/meu-projeto-airflow/dags/load_dag.py
[2026-04-29T00:05:38.223+0000] {logging_mixin.py:190} INFO - [2026-04-29T00:05:38.222+0000] {dag.py:3239} INFO - Sync 1 DAGs
[2026-04-29T00:05:38.239+0000] {logging_mixin.py:190} INFO - [2026-04-29T00:05:38.239+0000] {dag.py:4180} INFO - Setting next_dagrun for load_dag to None, run_after=None
[2026-04-29T00:05:38.272+0000] {processor.py:208} INFO - Processing /workspaces/meu-projeto-airflow/dags/load_dag.py took 0.094 seconds
[2026-04-29T00:06:29.058+0000] {processor.py:186} INFO - Started process (PID=72394) to work on /workspaces/meu-projeto-airflow/dags/load_dag.py
[2026-04-29T00:06:29.059+0000] {processor.py:914} INFO - Processing file /workspaces/meu-projeto-airflow/dags/load_dag.py for tasks to queue
[2026-04-29T00:06:29.064+0000] {logging_mixin.py:190} INFO - [2026-04-29T00:06:29.060+0000] {dagbag.py:588} INFO - Filling up the DagBag from /workspaces/meu-projeto-airflow/dags/load_dag.py
[2026-04-29T00:06:29.077+0000] {processor.py:925} INFO - DAG(s) 'load_dag' retrieved from /workspaces/meu-projeto-airflow/dags/load_dag.py
[2026-04-29T00:06:29.096+0000] {logging_mixin.py:190} INFO - [2026-04-29T00:06:29.095+0000] {dag.py:3239} INFO - Sync 1 DAGs
[2026-04-29T00:06:29.110+0000] {logging_mixin.py:190} INFO - [2026-04-29T00:06:29.110+0000] {dag.py:4180} INFO - Setting next_dagrun for load_dag to None, run_after=None
[2026-04-29T00:06:29.135+0000] {processor.py:208} INFO - Processing /workspaces/meu-projeto-airflow/dags/load_dag.py took 0.085 seconds
[2026-04-29T00:07:21.234+0000] {processor.py:186} INFO - Started process (PID=72876) to work on /workspaces/meu-projeto-airflow/dags/load_dag.py
[2026-04-29T00:07:21.234+0000] {processor.py:914} INFO - Processing file /workspaces/meu-projeto-airflow/dags/load_dag.py for tasks to queue
[2026-04-29T00:07:21.235+0000] {logging_mixin.py:190} INFO - [2026-04-29T00:07:21.235+0000] {dagbag.py:588} INFO - Filling up the DagBag from /workspaces/meu-projeto-airflow/dags/load_dag.py
[2026-04-29T00:07:21.241+0000] {processor.py:925} INFO - DAG(s) 'load_dag' retrieved from /workspaces/meu-projeto-airflow/dags/load_dag.py
[2026-04-29T00:07:21.254+0000] {logging_mixin.py:190} INFO - [2026-04-29T00:07:21.253+0000] {dag.py:3239} INFO - Sync 1 DAGs
[2026-04-29T00:07:21.263+0000] {logging_mixin.py:190} INFO - [2026-04-29T00:07:21.263+0000] {dag.py:4180} INFO - Setting next_dagrun for load_dag to None, run_after=None
[2026-04-29T00:07:21.279+0000] {processor.py:208} INFO - Processing /workspaces/meu-projeto-airflow/dags/load_dag.py took 0.050 seconds
[2026-04-29T00:08:12.793+0000] {processor.py:186} INFO - Started process (PID=73341) to work on /workspaces/meu-projeto-airflow/dags/load_dag.py
[2026-04-29T00:08:12.793+0000] {processor.py:914} INFO - Processing file /workspaces/meu-projeto-airflow/dags/load_dag.py for tasks to queue
[2026-04-29T00:08:12.794+0000] {logging_mixin.py:190} INFO - [2026-04-29T00:08:12.794+0000] {dagbag.py:588} INFO - Filling up the DagBag from /workspaces/meu-projeto-airflow/dags/load_dag.py
[2026-04-29T00:08:12.800+0000] {processor.py:925} INFO - DAG(s) 'load_dag' retrieved from /workspaces/meu-projeto-airflow/dags/load_dag.py
[2026-04-29T00:08:12.812+0000] {logging_mixin.py:190} INFO - [2026-04-29T00:08:12.812+0000] {dag.py:3239} INFO - Sync 1 DAGs
[2026-04-29T00:08:12.976+0000] {logging_mixin.py:190} INFO - [2026-04-29T00:08:12.975+0000] {dag.py:4180} INFO - Setting next_dagrun for load_dag to None, run_after=None
[2026-04-29T00:08:12.993+0000] {processor.py:208} INFO - Processing /workspaces/meu-projeto-airflow/dags/load_dag.py took 0.204 seconds
[2026-04-29T00:09:05.692+0000] {processor.py:186} INFO - Started process (PID=73829) to work on /workspaces/meu-projeto-airflow/dags/load_dag.py
[2026-04-29T00:09:05.693+0000] {processor.py:914} INFO - Processing file /workspaces/meu-projeto-airflow/dags/load_dag.py for tasks to queue
[2026-04-29T00:09:05.694+0000] {logging_mixin.py:190} INFO - [2026-04-29T00:09:05.694+0000] {dagbag.py:588} INFO - Filling up the DagBag from /workspaces/meu-projeto-airflow/dags/load_dag.py
[2026-04-29T00:09:05.700+0000] {processor.py:925} INFO - DAG(s) 'load_dag' retrieved from /workspaces/meu-projeto-airflow/dags/load_dag.py
[2026-04-29T00:09:05.712+0000] {logging_mixin.py:190} INFO - [2026-04-29T00:09:05.712+0000] {dag.py:3239} INFO - Sync 1 DAGs
[2026-04-29T00:09:05.725+0000] {logging_mixin.py:190} INFO - [2026-04-29T00:09:05.724+0000] {dag.py:4180} INFO - Setting next_dagrun for load_dag to None, run_after=None
[2026-04-29T00:09:05.743+0000] {processor.py:208} INFO - Processing /workspaces/meu-projeto-airflow/dags/load_dag.py took 0.055 seconds
[2026-04-29T00:09:52.352+0000] {processor.py:186} INFO - Started process (PID=74254) to work on /workspaces/meu-projeto-airflow/dags/load_dag.py
[2026-04-29T00:09:52.353+0000] {processor.py:914} INFO - Processing file /workspaces/meu-projeto-airflow/dags/load_dag.py for tasks to queue
[2026-04-29T00:09:52.354+0000] {logging_mixin.py:190} INFO - [2026-04-29T00:09:52.354+0000] {dagbag.py:588} INFO - Filling up the DagBag from /workspaces/meu-projeto-airflow/dags/load_dag.py
[2026-04-29T00:09:52.360+0000] {processor.py:925} INFO - DAG(s) 'load_dag' retrieved from /workspaces/meu-projeto-airflow/dags/load_dag.py
[2026-04-29T00:09:52.372+0000] {logging_mixin.py:190} INFO - [2026-04-29T00:09:52.372+0000] {dag.py:3239} INFO - Sync 1 DAGs
[2026-04-29T00:09:52.382+0000] {logging_mixin.py:190} INFO - [2026-04-29T00:09:52.381+0000] {dag.py:4180} INFO - Setting next_dagrun for load_dag to None, run_after=None
[2026-04-29T00:09:52.398+0000] {processor.py:208} INFO - Processing /workspaces/meu-projeto-airflow/dags/load_dag.py took 0.050 seconds
[2026-04-29T00:10:46.463+0000] {processor.py:186} INFO - Started process (PID=74773) to work on /workspaces/meu-projeto-airflow/dags/load_dag.py
[2026-04-29T00:10:46.464+0000] {processor.py:914} INFO - Processing file /workspaces/meu-projeto-airflow/dags/load_dag.py for tasks to queue
[2026-04-29T00:10:46.465+0000] {logging_mixin.py:190} INFO - [2026-04-29T00:10:46.465+0000] {dagbag.py:588} INFO - Filling up the DagBag from /workspaces/meu-projeto-airflow/dags/load_dag.py
[2026-04-29T00:10:46.472+0000] {processor.py:925} INFO - DAG(s) 'load_dag' retrieved from /workspaces/meu-projeto-airflow/dags/load_dag.py
[2026-04-29T00:10:46.488+0000] {logging_mixin.py:190} INFO - [2026-04-29T00:10:46.488+0000] {dag.py:3239} INFO - Sync 1 DAGs
[2026-04-29T00:10:46.641+0000] {logging_mixin.py:190} INFO - [2026-04-29T00:10:46.641+0000] {dag.py:4180} INFO - Setting next_dagrun for load_dag to None, run_after=None
[2026-04-29T00:10:46.656+0000] {processor.py:208} INFO - Processing /workspaces/meu-projeto-airflow/dags/load_dag.py took 0.197 seconds
[2026-04-29T00:11:44.461+0000] {processor.py:186} INFO - Started process (PID=75363) to work on /workspaces/meu-projeto-airflow/dags/load_dag.py
[2026-04-29T00:11:44.462+0000] {processor.py:914} INFO - Processing file /workspaces/meu-projeto-airflow/dags/load_dag.py for tasks to queue
[2026-04-29T00:11:44.463+0000] {logging_mixin.py:190} INFO - [2026-04-29T00:11:44.463+0000] {dagbag.py:588} INFO - Filling up the DagBag from /workspaces/meu-projeto-airflow/dags/load_dag.py
[2026-04-29T00:11:44.469+0000] {processor.py:925} INFO - DAG(s) 'load_dag' retrieved from /workspaces/meu-projeto-airflow/dags/load_dag.py
[2026-04-29T00:11:44.482+0000] {logging_mixin.py:190} INFO - [2026-04-29T00:11:44.482+0000] {dag.py:3239} INFO - Sync 1 DAGs
[2026-04-29T00:11:44.492+0000] {logging_mixin.py:190} INFO - [2026-04-29T00:11:44.492+0000] {dag.py:4180} INFO - Setting next_dagrun for load_dag to None, run_after=None
[2026-04-29T00:11:44.509+0000] {processor.py:208} INFO - Processing /workspaces/meu-projeto-airflow/dags/load_dag.py took 0.052 seconds
[2026-04-29T00:12:35.198+0000] {processor.py:186} INFO - Started process (PID=76072) to work on /workspaces/meu-projeto-airflow/dags/load_dag.py
[2026-04-29T00:12:35.199+0000] {processor.py:914} INFO - Processing file /workspaces/meu-projeto-airflow/dags/load_dag.py for tasks to queue
[2026-04-29T00:12:35.200+0000] {logging_mixin.py:190} INFO - [2026-04-29T00:12:35.200+0000] {dagbag.py:588} INFO - Filling up the DagBag from /workspaces/meu-projeto-airflow/dags/load_dag.py
[2026-04-29T00:12:35.206+0000] {processor.py:925} INFO - DAG(s) 'load_dag' retrieved from /workspaces/meu-projeto-airflow/dags/load_dag.py
[2026-04-29T00:12:35.220+0000] {logging_mixin.py:190} INFO - [2026-04-29T00:12:35.220+0000] {dag.py:3239} INFO - Sync 1 DAGs
[2026-04-29T00:12:35.234+0000] {logging_mixin.py:190} INFO - [2026-04-29T00:12:35.234+0000] {dag.py:4180} INFO - Setting next_dagrun for load_dag to None, run_after=None
[2026-04-29T00:12:35.387+0000] {processor.py:208} INFO - Processing /workspaces/meu-projeto-airflow/dags/load_dag.py took 0.193 seconds
[2026-04-29T00:13:31.317+0000] {processor.py:186} INFO - Started process (PID=76941) to work on /workspaces/meu-projeto-airflow/dags/load_dag.py
[2026-04-29T00:13:31.318+0000] {processor.py:914} INFO - Processing file /workspaces/meu-projeto-airflow/dags/load_dag.py for tasks to queue
[2026-04-29T00:13:31.319+0000] {logging_mixin.py:190} INFO - [2026-04-29T00:13:31.318+0000] {dagbag.py:588} INFO - Filling up the DagBag from /workspaces/meu-projeto-airflow/dags/load_dag.py
[2026-04-29T00:13:31.327+0000] {processor.py:925} INFO - DAG(s) 'load_dag' retrieved from /workspaces/meu-projeto-airflow/dags/load_dag.py
[2026-04-29T00:13:31.554+0000] {logging_mixin.py:190} INFO - [2026-04-29T00:13:31.553+0000] {dag.py:3239} INFO - Sync 1 DAGs
[2026-04-29T00:13:31.562+0000] {logging_mixin.py:190} INFO - [2026-04-29T00:13:31.561+0000] {dag.py:4180} INFO - Setting next_dagrun for load_dag to None, run_after=None
[2026-04-29T00:13:31.577+0000] {processor.py:208} INFO - Processing /workspaces/meu-projeto-airflow/dags/load_dag.py took 0.265 seconds
[2026-04-29T00:14:21.074+0000] {processor.py:186} INFO - Started process (PID=77538) to work on /workspaces/meu-projeto-airflow/dags/load_dag.py
[2026-04-29T00:14:21.075+0000] {processor.py:914} INFO - Processing file /workspaces/meu-projeto-airflow/dags/load_dag.py for tasks to queue
[2026-04-29T00:14:21.076+0000] {logging_mixin.py:190} INFO - [2026-04-29T00:14:21.076+0000] {dagbag.py:588} INFO - Filling up the DagBag from /workspaces/meu-projeto-airflow/dags/load_dag.py
[2026-04-29T00:14:21.082+0000] {processor.py:925} INFO - DAG(s) 'load_dag' retrieved from /workspaces/meu-projeto-airflow/dags/load_dag.py
[2026-04-29T00:14:21.097+0000] {logging_mixin.py:190} INFO - [2026-04-29T00:14:21.096+0000] {dag.py:3239} INFO - Sync 1 DAGs
[2026-04-29T00:14:21.112+0000] {logging_mixin.py:190} INFO - [2026-04-29T00:14:21.111+0000] {dag.py:4180} INFO - Setting next_dagrun for load_dag to None, run_after=None
[2026-04-29T00:14:21.144+0000] {processor.py:208} INFO - Processing /workspaces/meu-projeto-airflow/dags/load_dag.py took 0.075 seconds
[2026-04-29T00:15:05.827+0000] {processor.py:186} INFO - Started process (PID=78150) to work on /workspaces/meu-projeto-airflow/dags/load_dag.py
[2026-04-29T00:15:05.828+0000] {processor.py:914} INFO - Processing file /workspaces/meu-projeto-airflow/dags/load_dag.py for tasks to queue
[2026-04-29T00:15:05.830+0000] {logging_mixin.py:190} INFO - [2026-04-29T00:15:05.830+0000] {dagbag.py:588} INFO - Filling up the DagBag from /workspaces/meu-projeto-airflow/dags/load_dag.py
[2026-04-29T00:15:05.838+0000] {processor.py:925} INFO - DAG(s) 'load_dag' retrieved from /workspaces/meu-projeto-airflow/dags/load_dag.py
[2026-04-29T00:15:05.850+0000] {logging_mixin.py:190} INFO - [2026-04-29T00:15:05.850+0000] {dag.py:3239} INFO - Sync 1 DAGs
[2026-04-29T00:15:05.860+0000] {logging_mixin.py:190} INFO - [2026-04-29T00:15:05.860+0000] {dag.py:4180} INFO - Setting next_dagrun for load_dag to None, run_after=None
[2026-04-29T00:15:05.876+0000] {processor.py:208} INFO - Processing /workspaces/meu-projeto-airflow/dags/load_dag.py took 0.054 seconds
[2026-04-29T00:15:50.766+0000] {processor.py:186} INFO - Started process (PID=78567) to work on /workspaces/meu-projeto-airflow/dags/load_dag.py
[2026-04-29T00:15:50.767+0000] {processor.py:914} INFO - Processing file /workspaces/meu-projeto-airflow/dags/load_dag.py for tasks to queue
[2026-04-29T00:15:50.768+0000] {logging_mixin.py:190} INFO - [2026-04-29T00:15:50.767+0000] {dagbag.py:588} INFO - Filling up the DagBag from /workspaces/meu-projeto-airflow/dags/load_dag.py
[2026-04-29T00:15:50.773+0000] {processor.py:925} INFO - DAG(s) 'load_dag' retrieved from /workspaces/meu-projeto-airflow/dags/load_dag.py
[2026-04-29T00:15:50.786+0000] {logging_mixin.py:190} INFO - [2026-04-29T00:15:50.785+0000] {dag.py:3239} INFO - Sync 1 DAGs
[2026-04-29T00:15:50.795+0000] {logging_mixin.py:190} INFO - [2026-04-29T00:15:50.795+0000] {dag.py:4180} INFO - Setting next_dagrun for load_dag to None, run_after=None
[2026-04-29T00:15:50.811+0000] {processor.py:208} INFO - Processing /workspaces/meu-projeto-airflow/dags/load_dag.py took 0.050 seconds
[2026-04-29T00:16:36.402+0000] {processor.py:186} INFO - Started process (PID=79287) to work on /workspaces/meu-projeto-airflow/dags/load_dag.py
[2026-04-29T00:16:36.403+0000] {processor.py:914} INFO - Processing file /workspaces/meu-projeto-airflow/dags/load_dag.py for tasks to queue
[2026-04-29T00:16:36.404+0000] {logging_mixin.py:190} INFO - [2026-04-29T00:16:36.404+0000] {dagbag.py:588} INFO - Filling up the DagBag from /workspaces/meu-projeto-airflow/dags/load_dag.py
[2026-04-29T00:16:36.410+0000] {processor.py:925} INFO - DAG(s) 'load_dag' retrieved from /workspaces/meu-projeto-airflow/dags/load_dag.py
[2026-04-29T00:16:36.426+0000] {logging_mixin.py:190} INFO - [2026-04-29T00:16:36.425+0000] {dag.py:3239} INFO - Sync 1 DAGs
[2026-04-29T00:16:36.437+0000] {logging_mixin.py:190} INFO - [2026-04-29T00:16:36.437+0000] {dag.py:4180} INFO - Setting next_dagrun for load_dag to None, run_after=None
[2026-04-29T00:16:36.454+0000] {processor.py:208} INFO - Processing /workspaces/meu-projeto-airflow/dags/load_dag.py took 0.056 seconds
[2026-04-29T00:17:26.103+0000] {processor.py:186} INFO - Started process (PID=80239) to work on /workspaces/meu-projeto-airflow/dags/load_dag.py
[2026-04-29T00:17:26.104+0000] {processor.py:914} INFO - Processing file /workspaces/meu-projeto-airflow/dags/load_dag.py for tasks to queue
[2026-04-29T00:17:26.105+0000] {logging_mixin.py:190} INFO - [2026-04-29T00:17:26.105+0000] {dagbag.py:588} INFO - Filling up the DagBag from /workspaces/meu-projeto-airflow/dags/load_dag.py
[2026-04-29T00:17:26.111+0000] {processor.py:925} INFO - DAG(s) 'load_dag' retrieved from /workspaces/meu-projeto-airflow/dags/load_dag.py
[2026-04-29T00:17:26.127+0000] {logging_mixin.py:190} INFO - [2026-04-29T00:17:26.127+0000] {dag.py:3239} INFO - Sync 1 DAGs
[2026-04-29T00:17:26.143+0000] {logging_mixin.py:190} INFO - [2026-04-29T00:17:26.143+0000] {dag.py:4180} INFO - Setting next_dagrun for load_dag to None, run_after=None
[2026-04-29T00:17:26.193+0000] {processor.py:208} INFO - Processing /workspaces/meu-projeto-airflow/dags/load_dag.py took 0.095 seconds
[2026-04-29T00:18:19.157+0000] {processor.py:186} INFO - Started process (PID=81287) to work on /workspaces/meu-projeto-airflow/dags/load_dag.py
[2026-04-29T00:18:19.158+0000] {processor.py:914} INFO - Processing file /workspaces/meu-projeto-airflow/dags/load_dag.py for tasks to queue
[2026-04-29T00:18:19.159+0000] {logging_mixin.py:190} INFO - [2026-04-29T00:18:19.158+0000] {dagbag.py:588} INFO - Filling up the DagBag from /workspaces/meu-projeto-airflow/dags/load_dag.py
[2026-04-29T00:18:19.167+0000] {processor.py:925} INFO - DAG(s) 'load_dag' retrieved from /workspaces/meu-projeto-airflow/dags/load_dag.py
[2026-04-29T00:18:19.180+0000] {logging_mixin.py:190} INFO - [2026-04-29T00:18:19.180+0000] {dag.py:3239} INFO - Sync 1 DAGs
[2026-04-29T00:18:19.190+0000] {logging_mixin.py:190} INFO - [2026-04-29T00:18:19.190+0000] {dag.py:4180} INFO - Setting next_dagrun for load_dag to None, run_after=None
[2026-04-29T00:18:19.206+0000] {processor.py:208} INFO - Processing /workspaces/meu-projeto-airflow/dags/load_dag.py took 0.055 seconds
[2026-04-29T00:19:05.668+0000] {processor.py:186} INFO - Started process (PID=82171) to work on /workspaces/meu-projeto-airflow/dags/load_dag.py
[2026-04-29T00:19:05.668+0000] {processor.py:914} INFO - Processing file /workspaces/meu-projeto-airflow/dags/load_dag.py for tasks to queue
[2026-04-29T00:19:05.669+0000] {logging_mixin.py:190} INFO - [2026-04-29T00:19:05.669+0000] {dagbag.py:588} INFO - Filling up the DagBag from /workspaces/meu-projeto-airflow/dags/load_dag.py
[2026-04-29T00:19:05.676+0000] {processor.py:925} INFO - DAG(s) 'load_dag' retrieved from /workspaces/meu-projeto-airflow/dags/load_dag.py
[2026-04-29T00:19:05.688+0000] {logging_mixin.py:190} INFO - [2026-04-29T00:19:05.688+0000] {dag.py:3239} INFO - Sync 1 DAGs
[2026-04-29T00:19:05.699+0000] {logging_mixin.py:190} INFO - [2026-04-29T00:19:05.699+0000] {dag.py:4180} INFO - Setting next_dagrun for load_dag to None, run_after=None
[2026-04-29T00:19:05.716+0000] {processor.py:208} INFO - Processing /workspaces/meu-projeto-airflow/dags/load_dag.py took 0.053 seconds
[2026-04-29T00:19:50.104+0000] {processor.py:186} INFO - Started process (PID=83066) to work on /workspaces/meu-projeto-airflow/dags/load_dag.py
[2026-04-29T00:19:50.105+0000] {processor.py:914} INFO - Processing file /workspaces/meu-projeto-airflow/dags/load_dag.py for tasks to queue
[2026-04-29T00:19:50.106+0000] {logging_mixin.py:190} INFO - [2026-04-29T00:19:50.106+0000] {dagbag.py:588} INFO - Filling up the DagBag from /workspaces/meu-projeto-airflow/dags/load_dag.py
[2026-04-29T00:19:50.112+0000] {processor.py:925} INFO - DAG(s) 'load_dag' retrieved from /workspaces/meu-projeto-airflow/dags/load_dag.py
[2026-04-29T00:19:50.128+0000] {logging_mixin.py:190} INFO - [2026-04-29T00:19:50.128+0000] {dag.py:3239} INFO - Sync 1 DAGs
[2026-04-29T00:19:50.140+0000] {logging_mixin.py:190} INFO - [2026-04-29T00:19:50.140+0000] {dag.py:4180} INFO - Setting next_dagrun for load_dag to None, run_after=None
[2026-04-29T00:19:50.157+0000] {processor.py:208} INFO - Processing /workspaces/meu-projeto-airflow/dags/load_dag.py took 0.057 seconds
[2026-04-29T00:20:34.933+0000] {processor.py:186} INFO - Started process (PID=83952) to work on /workspaces/meu-projeto-airflow/dags/load_dag.py
[2026-04-29T00:20:34.934+0000] {processor.py:914} INFO - Processing file /workspaces/meu-projeto-airflow/dags/load_dag.py for tasks to queue
[2026-04-29T00:20:34.935+0000] {logging_mixin.py:190} INFO - [2026-04-29T00:20:34.935+0000] {dagbag.py:588} INFO - Filling up the DagBag from /workspaces/meu-projeto-airflow/dags/load_dag.py
[2026-04-29T00:20:34.944+0000] {processor.py:925} INFO - DAG(s) 'load_dag' retrieved from /workspaces/meu-projeto-airflow/dags/load_dag.py
[2026-04-29T00:20:34.990+0000] {logging_mixin.py:190} INFO - [2026-04-29T00:20:34.989+0000] {dag.py:3239} INFO - Sync 1 DAGs
[2026-04-29T00:20:35.008+0000] {logging_mixin.py:190} INFO - [2026-04-29T00:20:35.008+0000] {dag.py:4180} INFO - Setting next_dagrun for load_dag to None, run_after=None
[2026-04-29T00:20:35.035+0000] {processor.py:208} INFO - Processing /workspaces/meu-projeto-airflow/dags/load_dag.py took 0.108 seconds
[2026-04-29T00:21:22.550+0000] {processor.py:186} INFO - Started process (PID=84920) to work on /workspaces/meu-projeto-airflow/dags/load_dag.py
[2026-04-29T00:21:22.551+0000] {processor.py:914} INFO - Processing file /workspaces/meu-projeto-airflow/dags/load_dag.py for tasks to queue
[2026-04-29T00:21:22.552+0000] {logging_mixin.py:190} INFO - [2026-04-29T00:21:22.552+0000] {dagbag.py:588} INFO - Filling up the DagBag from /workspaces/meu-projeto-airflow/dags/load_dag.py
[2026-04-29T00:21:22.558+0000] {processor.py:925} INFO - DAG(s) 'load_dag' retrieved from /workspaces/meu-projeto-airflow/dags/load_dag.py
[2026-04-29T00:21:22.570+0000] {logging_mixin.py:190} INFO - [2026-04-29T00:21:22.570+0000] {dag.py:3239} INFO - Sync 1 DAGs
[2026-04-29T00:21:22.580+0000] {logging_mixin.py:190} INFO - [2026-04-29T00:21:22.580+0000] {dag.py:4180} INFO - Setting next_dagrun for load_dag to None, run_after=None
[2026-04-29T00:21:22.598+0000] {processor.py:208} INFO - Processing /workspaces/meu-projeto-airflow/dags/load_dag.py took 0.053 seconds
[2026-04-29T00:22:05.711+0000] {processor.py:186} INFO - Started process (PID=85736) to work on /workspaces/meu-projeto-airflow/dags/load_dag.py
[2026-04-29T00:22:05.712+0000] {processor.py:914} INFO - Processing file /workspaces/meu-projeto-airflow/dags/load_dag.py for tasks to queue
[2026-04-29T00:22:05.713+0000] {logging_mixin.py:190} INFO - [2026-04-29T00:22:05.713+0000] {dagbag.py:588} INFO - Filling up the DagBag from /workspaces/meu-projeto-airflow/dags/load_dag.py
[2026-04-29T00:22:05.721+0000] {processor.py:925} INFO - DAG(s) 'load_dag' retrieved from /workspaces/meu-projeto-airflow/dags/load_dag.py
[2026-04-29T00:22:05.736+0000] {logging_mixin.py:190} INFO - [2026-04-29T00:22:05.736+0000] {dag.py:3239} INFO - Sync 1 DAGs
[2026-04-29T00:22:05.747+0000] {logging_mixin.py:190} INFO - [2026-04-29T00:22:05.747+0000] {dag.py:4180} INFO - Setting next_dagrun for load_dag to None, run_after=None
[2026-04-29T00:22:05.763+0000] {processor.py:208} INFO - Processing /workspaces/meu-projeto-airflow/dags/load_dag.py took 0.056 seconds
[2026-04-29T00:22:50.745+0000] {processor.py:186} INFO - Started process (PID=86616) to work on /workspaces/meu-projeto-airflow/dags/load_dag.py
[2026-04-29T00:22:50.745+0000] {processor.py:914} INFO - Processing file /workspaces/meu-projeto-airflow/dags/load_dag.py for tasks to queue
[2026-04-29T00:22:50.746+0000] {logging_mixin.py:190} INFO - [2026-04-29T00:22:50.746+0000] {dagbag.py:588} INFO - Filling up the DagBag from /workspaces/meu-projeto-airflow/dags/load_dag.py
[2026-04-29T00:22:50.753+0000] {processor.py:925} INFO - DAG(s) 'load_dag' retrieved from /workspaces/meu-projeto-airflow/dags/load_dag.py
[2026-04-29T00:22:50.766+0000] {logging_mixin.py:190} INFO - [2026-04-29T00:22:50.765+0000] {dag.py:3239} INFO - Sync 1 DAGs
[2026-04-29T00:22:50.776+0000] {logging_mixin.py:190} INFO - [2026-04-29T00:22:50.775+0000] {dag.py:4180} INFO - Setting next_dagrun for load_dag to None, run_after=None
[2026-04-29T00:22:50.792+0000] {processor.py:208} INFO - Processing /workspaces/meu-projeto-airflow/dags/load_dag.py took 0.053 seconds
[2026-04-29T00:23:37.567+0000] {processor.py:186} INFO - Started process (PID=87591) to work on /workspaces/meu-projeto-airflow/dags/load_dag.py
[2026-04-29T00:23:37.568+0000] {processor.py:914} INFO - Processing file /workspaces/meu-projeto-airflow/dags/load_dag.py for tasks to queue
[2026-04-29T00:23:37.569+0000] {logging_mixin.py:190} INFO - [2026-04-29T00:23:37.569+0000] {dagbag.py:588} INFO - Filling up the DagBag from /workspaces/meu-projeto-airflow/dags/load_dag.py
[2026-04-29T00:23:37.577+0000] {processor.py:925} INFO - DAG(s) 'load_dag' retrieved from /workspaces/meu-projeto-airflow/dags/load_dag.py
[2026-04-29T00:23:37.590+0000] {logging_mixin.py:190} INFO - [2026-04-29T00:23:37.590+0000] {dag.py:3239} INFO - Sync 1 DAGs
[2026-04-29T00:23:37.601+0000] {logging_mixin.py:190} INFO - [2026-04-29T00:23:37.600+0000] {dag.py:4180} INFO - Setting next_dagrun for load_dag to None, run_after=None
[2026-04-29T00:23:37.618+0000] {processor.py:208} INFO - Processing /workspaces/meu-projeto-airflow/dags/load_dag.py took 0.055 seconds
[2026-04-29T00:24:23.577+0000] {processor.py:186} INFO - Started process (PID=88490) to work on /workspaces/meu-projeto-airflow/dags/load_dag.py
[2026-04-29T00:24:23.578+0000] {processor.py:914} INFO - Processing file /workspaces/meu-projeto-airflow/dags/load_dag.py for tasks to queue
[2026-04-29T00:24:23.579+0000] {logging_mixin.py:190} INFO - [2026-04-29T00:24:23.578+0000] {dagbag.py:588} INFO - Filling up the DagBag from /workspaces/meu-projeto-airflow/dags/load_dag.py
[2026-04-29T00:24:23.588+0000] {processor.py:925} INFO - DAG(s) 'load_dag' retrieved from /workspaces/meu-projeto-airflow/dags/load_dag.py
[2026-04-29T00:24:23.607+0000] {logging_mixin.py:190} INFO - [2026-04-29T00:24:23.607+0000] {dag.py:3239} INFO - Sync 1 DAGs
[2026-04-29T00:24:23.619+0000] {logging_mixin.py:190} INFO - [2026-04-29T00:24:23.619+0000] {dag.py:4180} INFO - Setting next_dagrun for load_dag to None, run_after=None
[2026-04-29T00:24:23.639+0000] {processor.py:208} INFO - Processing /workspaces/meu-projeto-airflow/dags/load_dag.py took 0.068 seconds
[2026-04-29T00:25:07.565+0000] {processor.py:186} INFO - Started process (PID=89366) to work on /workspaces/meu-projeto-airflow/dags/load_dag.py
[2026-04-29T00:25:07.565+0000] {processor.py:914} INFO - Processing file /workspaces/meu-projeto-airflow/dags/load_dag.py for tasks to queue
[2026-04-29T00:25:07.566+0000] {logging_mixin.py:190} INFO - [2026-04-29T00:25:07.566+0000] {dagbag.py:588} INFO - Filling up the DagBag from /workspaces/meu-projeto-airflow/dags/load_dag.py
[2026-04-29T00:25:07.573+0000] {processor.py:925} INFO - DAG(s) 'load_dag' retrieved from /workspaces/meu-projeto-airflow/dags/load_dag.py
[2026-04-29T00:25:07.585+0000] {logging_mixin.py:190} INFO - [2026-04-29T00:25:07.585+0000] {dag.py:3239} INFO - Sync 1 DAGs
[2026-04-29T00:25:07.596+0000] {logging_mixin.py:190} INFO - [2026-04-29T00:25:07.596+0000] {dag.py:4180} INFO - Setting next_dagrun for load_dag to None, run_after=None
[2026-04-29T00:25:07.612+0000] {processor.py:208} INFO - Processing /workspaces/meu-projeto-airflow/dags/load_dag.py took 0.052 seconds
[2026-04-29T00:25:53.949+0000] {processor.py:186} INFO - Started process (PID=90272) to work on /workspaces/meu-projeto-airflow/dags/load_dag.py
[2026-04-29T00:25:53.950+0000] {processor.py:914} INFO - Processing file /workspaces/meu-projeto-airflow/dags/load_dag.py for tasks to queue
[2026-04-29T00:25:53.951+0000] {logging_mixin.py:190} INFO - [2026-04-29T00:25:53.951+0000] {dagbag.py:588} INFO - Filling up the DagBag from /workspaces/meu-projeto-airflow/dags/load_dag.py
[2026-04-29T00:25:53.958+0000] {processor.py:925} INFO - DAG(s) 'load_dag' retrieved from /workspaces/meu-projeto-airflow/dags/load_dag.py
[2026-04-29T00:25:53.970+0000] {logging_mixin.py:190} INFO - [2026-04-29T00:25:53.970+0000] {dag.py:3239} INFO - Sync 1 DAGs
[2026-04-29T00:25:53.980+0000] {logging_mixin.py:190} INFO - [2026-04-29T00:25:53.980+0000] {dag.py:4180} INFO - Setting next_dagrun for load_dag to None, run_after=None
[2026-04-29T00:25:53.996+0000] {processor.py:208} INFO - Processing /workspaces/meu-projeto-airflow/dags/load_dag.py took 0.052 seconds
[2026-04-29T00:26:39.484+0000] {processor.py:186} INFO - Started process (PID=91173) to work on /workspaces/meu-projeto-airflow/dags/load_dag.py
[2026-04-29T00:26:39.485+0000] {processor.py:914} INFO - Processing file /workspaces/meu-projeto-airflow/dags/load_dag.py for tasks to queue
[2026-04-29T00:26:39.486+0000] {logging_mixin.py:190} INFO - [2026-04-29T00:26:39.486+0000] {dagbag.py:588} INFO - Filling up the DagBag from /workspaces/meu-projeto-airflow/dags/load_dag.py
[2026-04-29T00:26:39.492+0000] {processor.py:925} INFO - DAG(s) 'load_dag' retrieved from /workspaces/meu-projeto-airflow/dags/load_dag.py
[2026-04-29T00:26:39.504+0000] {logging_mixin.py:190} INFO - [2026-04-29T00:26:39.504+0000] {dag.py:3239} INFO - Sync 1 DAGs
[2026-04-29T00:26:39.514+0000] {logging_mixin.py:190} INFO - [2026-04-29T00:26:39.514+0000] {dag.py:4180} INFO - Setting next_dagrun for load_dag to None, run_after=None
[2026-04-29T00:26:39.533+0000] {processor.py:208} INFO - Processing /workspaces/meu-projeto-airflow/dags/load_dag.py took 0.053 seconds
[2026-04-29T00:27:27.165+0000] {processor.py:186} INFO - Started process (PID=92170) to work on /workspaces/meu-projeto-airflow/dags/load_dag.py
[2026-04-29T00:27:27.166+0000] {processor.py:914} INFO - Processing file /workspaces/meu-projeto-airflow/dags/load_dag.py for tasks to queue
[2026-04-29T00:27:27.167+0000] {logging_mixin.py:190} INFO - [2026-04-29T00:27:27.167+0000] {dagbag.py:588} INFO - Filling up the DagBag from /workspaces/meu-projeto-airflow/dags/load_dag.py
[2026-04-29T00:27:27.174+0000] {processor.py:925} INFO - DAG(s) 'load_dag' retrieved from /workspaces/meu-projeto-airflow/dags/load_dag.py
[2026-04-29T00:27:27.186+0000] {logging_mixin.py:190} INFO - [2026-04-29T00:27:27.186+0000] {dag.py:3239} INFO - Sync 1 DAGs
[2026-04-29T00:27:27.196+0000] {logging_mixin.py:190} INFO - [2026-04-29T00:27:27.196+0000] {dag.py:4180} INFO - Setting next_dagrun for load_dag to None, run_after=None
[2026-04-29T00:27:27.212+0000] {processor.py:208} INFO - Processing /workspaces/meu-projeto-airflow/dags/load_dag.py took 0.051 seconds
[2026-04-29T00:28:29.429+0000] {processor.py:186} INFO - Started process (PID=93400) to work on /workspaces/meu-projeto-airflow/dags/load_dag.py
[2026-04-29T00:28:29.430+0000] {processor.py:914} INFO - Processing file /workspaces/meu-projeto-airflow/dags/load_dag.py for tasks to queue
[2026-04-29T00:28:29.431+0000] {logging_mixin.py:190} INFO - [2026-04-29T00:28:29.430+0000] {dagbag.py:588} INFO - Filling up the DagBag from /workspaces/meu-projeto-airflow/dags/load_dag.py
[2026-04-29T00:28:29.439+0000] {processor.py:925} INFO - DAG(s) 'load_dag' retrieved from /workspaces/meu-projeto-airflow/dags/load_dag.py
[2026-04-29T00:28:29.452+0000] {logging_mixin.py:190} INFO - [2026-04-29T00:28:29.452+0000] {dag.py:3239} INFO - Sync 1 DAGs
[2026-04-29T00:28:29.462+0000] {logging_mixin.py:190} INFO - [2026-04-29T00:28:29.462+0000] {dag.py:4180} INFO - Setting next_dagrun for load_dag to None, run_after=None
[2026-04-29T00:28:29.478+0000] {processor.py:208} INFO - Processing /workspaces/meu-projeto-airflow/dags/load_dag.py took 0.055 seconds
[2026-04-29T00:29:25.973+0000] {processor.py:186} INFO - Started process (PID=94543) to work on /workspaces/meu-projeto-airflow/dags/load_dag.py
[2026-04-29T00:29:25.974+0000] {processor.py:914} INFO - Processing file /workspaces/meu-projeto-airflow/dags/load_dag.py for tasks to queue
[2026-04-29T00:29:25.975+0000] {logging_mixin.py:190} INFO - [2026-04-29T00:29:25.975+0000] {dagbag.py:588} INFO - Filling up the DagBag from /workspaces/meu-projeto-airflow/dags/load_dag.py
[2026-04-29T00:29:25.982+0000] {processor.py:925} INFO - DAG(s) 'load_dag' retrieved from /workspaces/meu-projeto-airflow/dags/load_dag.py
[2026-04-29T00:29:25.994+0000] {logging_mixin.py:190} INFO - [2026-04-29T00:29:25.994+0000] {dag.py:3239} INFO - Sync 1 DAGs
[2026-04-29T00:29:26.004+0000] {logging_mixin.py:190} INFO - [2026-04-29T00:29:26.004+0000] {dag.py:4180} INFO - Setting next_dagrun for load_dag to None, run_after=None
[2026-04-29T00:29:26.022+0000] {processor.py:208} INFO - Processing /workspaces/meu-projeto-airflow/dags/load_dag.py took 0.053 seconds
[2026-04-29T00:30:11.453+0000] {processor.py:186} INFO - Started process (PID=95459) to work on /workspaces/meu-projeto-airflow/dags/load_dag.py
[2026-04-29T00:30:11.453+0000] {processor.py:914} INFO - Processing file /workspaces/meu-projeto-airflow/dags/load_dag.py for tasks to queue
[2026-04-29T00:30:11.455+0000] {logging_mixin.py:190} INFO - [2026-04-29T00:30:11.454+0000] {dagbag.py:588} INFO - Filling up the DagBag from /workspaces/meu-projeto-airflow/dags/load_dag.py
[2026-04-29T00:30:11.461+0000] {processor.py:925} INFO - DAG(s) 'load_dag' retrieved from /workspaces/meu-projeto-airflow/dags/load_dag.py
[2026-04-29T00:30:11.473+0000] {logging_mixin.py:190} INFO - [2026-04-29T00:30:11.473+0000] {dag.py:3239} INFO - Sync 1 DAGs
[2026-04-29T00:30:11.483+0000] {logging_mixin.py:190} INFO - [2026-04-29T00:30:11.483+0000] {dag.py:4180} INFO - Setting next_dagrun for load_dag to None, run_after=None
[2026-04-29T00:30:11.501+0000] {processor.py:208} INFO - Processing /workspaces/meu-projeto-airflow/dags/load_dag.py took 0.053 seconds
[2026-04-29T00:30:54.315+0000] {processor.py:186} INFO - Started process (PID=96309) to work on /workspaces/meu-projeto-airflow/dags/load_dag.py
[2026-04-29T00:30:54.316+0000] {processor.py:914} INFO - Processing file /workspaces/meu-projeto-airflow/dags/load_dag.py for tasks to queue
[2026-04-29T00:30:54.317+0000] {logging_mixin.py:190} INFO - [2026-04-29T00:30:54.317+0000] {dagbag.py:588} INFO - Filling up the DagBag from /workspaces/meu-projeto-airflow/dags/load_dag.py
[2026-04-29T00:30:54.325+0000] {processor.py:925} INFO - DAG(s) 'load_dag' retrieved from /workspaces/meu-projeto-airflow/dags/load_dag.py
[2026-04-29T00:30:54.340+0000] {logging_mixin.py:190} INFO - [2026-04-29T00:30:54.340+0000] {dag.py:3239} INFO - Sync 1 DAGs
[2026-04-29T00:30:54.351+0000] {logging_mixin.py:190} INFO - [2026-04-29T00:30:54.351+0000] {dag.py:4180} INFO - Setting next_dagrun for load_dag to None, run_after=None
[2026-04-29T00:30:54.368+0000] {processor.py:208} INFO - Processing /workspaces/meu-projeto-airflow/dags/load_dag.py took 0.058 seconds
[2026-04-29T00:31:36.951+0000] {processor.py:186} INFO - Started process (PID=97153) to work on /workspaces/meu-projeto-airflow/dags/load_dag.py
[2026-04-29T00:31:36.951+0000] {processor.py:914} INFO - Processing file /workspaces/meu-projeto-airflow/dags/load_dag.py for tasks to queue
[2026-04-29T00:31:36.954+0000] {logging_mixin.py:190} INFO - [2026-04-29T00:31:36.953+0000] {dagbag.py:588} INFO - Filling up the DagBag from /workspaces/meu-projeto-airflow/dags/load_dag.py
[2026-04-29T00:31:36.978+0000] {processor.py:925} INFO - DAG(s) 'load_dag' retrieved from /workspaces/meu-projeto-airflow/dags/load_dag.py
[2026-04-29T00:31:37.033+0000] {logging_mixin.py:190} INFO - [2026-04-29T00:31:37.031+0000] {dag.py:3239} INFO - Sync 1 DAGs
[2026-04-29T00:31:37.062+0000] {logging_mixin.py:190} INFO - [2026-04-29T00:31:37.060+0000] {dag.py:4180} INFO - Setting next_dagrun for load_dag to None, run_after=None
[2026-04-29T00:31:37.094+0000] {processor.py:208} INFO - Processing /workspaces/meu-projeto-airflow/dags/load_dag.py took 0.154 seconds
[2026-04-29T00:32:23.665+0000] {processor.py:186} INFO - Started process (PID=98099) to work on /workspaces/meu-projeto-airflow/dags/load_dag.py
[2026-04-29T00:32:23.666+0000] {processor.py:914} INFO - Processing file /workspaces/meu-projeto-airflow/dags/load_dag.py for tasks to queue
[2026-04-29T00:32:23.667+0000] {logging_mixin.py:190} INFO - [2026-04-29T00:32:23.667+0000] {dagbag.py:588} INFO - Filling up the DagBag from /workspaces/meu-projeto-airflow/dags/load_dag.py
[2026-04-29T00:32:23.675+0000] {processor.py:925} INFO - DAG(s) 'load_dag' retrieved from /workspaces/meu-projeto-airflow/dags/load_dag.py
[2026-04-29T00:32:23.688+0000] {logging_mixin.py:190} INFO - [2026-04-29T00:32:23.688+0000] {dag.py:3239} INFO - Sync 1 DAGs
[2026-04-29T00:32:23.699+0000] {logging_mixin.py:190} INFO - [2026-04-29T00:32:23.698+0000] {dag.py:4180} INFO - Setting next_dagrun for load_dag to None, run_after=None
[2026-04-29T00:32:23.717+0000] {processor.py:208} INFO - Processing /workspaces/meu-projeto-airflow/dags/load_dag.py took 0.057 seconds
[2026-04-29T00:33:09.646+0000] {processor.py:186} INFO - Started process (PID=98982) to work on /workspaces/meu-projeto-airflow/dags/load_dag.py
[2026-04-29T00:33:09.646+0000] {processor.py:914} INFO - Processing file /workspaces/meu-projeto-airflow/dags/load_dag.py for tasks to queue
[2026-04-29T00:33:09.648+0000] {logging_mixin.py:190} INFO - [2026-04-29T00:33:09.647+0000] {dagbag.py:588} INFO - Filling up the DagBag from /workspaces/meu-projeto-airflow/dags/load_dag.py
[2026-04-29T00:33:09.655+0000] {processor.py:925} INFO - DAG(s) 'load_dag' retrieved from /workspaces/meu-projeto-airflow/dags/load_dag.py
[2026-04-29T00:33:09.669+0000] {logging_mixin.py:190} INFO - [2026-04-29T00:33:09.669+0000] {dag.py:3239} INFO - Sync 1 DAGs
[2026-04-29T00:33:09.681+0000] {logging_mixin.py:190} INFO - [2026-04-29T00:33:09.681+0000] {dag.py:4180} INFO - Setting next_dagrun for load_dag to None, run_after=None
[2026-04-29T00:33:09.700+0000] {processor.py:208} INFO - Processing /workspaces/meu-projeto-airflow/dags/load_dag.py took 0.058 seconds
[2026-04-29T00:33:55.302+0000] {processor.py:186} INFO - Started process (PID=99876) to work on /workspaces/meu-projeto-airflow/dags/load_dag.py
[2026-04-29T00:33:55.303+0000] {processor.py:914} INFO - Processing file /workspaces/meu-projeto-airflow/dags/load_dag.py for tasks to queue
[2026-04-29T00:33:55.307+0000] {logging_mixin.py:190} INFO - [2026-04-29T00:33:55.306+0000] {dagbag.py:588} INFO - Filling up the DagBag from /workspaces/meu-projeto-airflow/dags/load_dag.py
[2026-04-29T00:33:55.319+0000] {processor.py:925} INFO - DAG(s) 'load_dag' retrieved from /workspaces/meu-projeto-airflow/dags/load_dag.py
[2026-04-29T00:33:55.337+0000] {logging_mixin.py:190} INFO - [2026-04-29T00:33:55.337+0000] {dag.py:3239} INFO - Sync 1 DAGs
[2026-04-29T00:33:55.369+0000] {logging_mixin.py:190} INFO - [2026-04-29T00:33:55.368+0000] {dag.py:4180} INFO - Setting next_dagrun for load_dag to None, run_after=None
[2026-04-29T00:33:55.416+0000] {processor.py:208} INFO - Processing /workspaces/meu-projeto-airflow/dags/load_dag.py took 0.123 seconds
[2026-04-29T00:34:44.264+0000] {processor.py:186} INFO - Started process (PID=100870) to work on /workspaces/meu-projeto-airflow/dags/load_dag.py
[2026-04-29T00:34:44.265+0000] {processor.py:914} INFO - Processing file /workspaces/meu-projeto-airflow/dags/load_dag.py for tasks to queue
[2026-04-29T00:34:44.266+0000] {logging_mixin.py:190} INFO - [2026-04-29T00:34:44.265+0000] {dagbag.py:588} INFO - Filling up the DagBag from /workspaces/meu-projeto-airflow/dags/load_dag.py
[2026-04-29T00:34:44.272+0000] {processor.py:925} INFO - DAG(s) 'load_dag' retrieved from /workspaces/meu-projeto-airflow/dags/load_dag.py
[2026-04-29T00:34:44.285+0000] {logging_mixin.py:190} INFO - [2026-04-29T00:34:44.285+0000] {dag.py:3239} INFO - Sync 1 DAGs
[2026-04-29T00:34:44.297+0000] {logging_mixin.py:190} INFO - [2026-04-29T00:34:44.297+0000] {dag.py:4180} INFO - Setting next_dagrun for load_dag to None, run_after=None
[2026-04-29T00:34:44.314+0000] {processor.py:208} INFO - Processing /workspaces/meu-projeto-airflow/dags/load_dag.py took 0.054 seconds
[2026-04-29T00:35:30.789+0000] {processor.py:186} INFO - Started process (PID=101787) to work on /workspaces/meu-projeto-airflow/dags/load_dag.py
[2026-04-29T00:35:30.790+0000] {processor.py:914} INFO - Processing file /workspaces/meu-projeto-airflow/dags/load_dag.py for tasks to queue
[2026-04-29T00:35:30.791+0000] {logging_mixin.py:190} INFO - [2026-04-29T00:35:30.790+0000] {dagbag.py:588} INFO - Filling up the DagBag from /workspaces/meu-projeto-airflow/dags/load_dag.py
[2026-04-29T00:35:30.797+0000] {processor.py:925} INFO - DAG(s) 'load_dag' retrieved from /workspaces/meu-projeto-airflow/dags/load_dag.py
[2026-04-29T00:35:30.809+0000] {logging_mixin.py:190} INFO - [2026-04-29T00:35:30.809+0000] {dag.py:3239} INFO - Sync 1 DAGs
[2026-04-29T00:35:30.821+0000] {logging_mixin.py:190} INFO - [2026-04-29T00:35:30.821+0000] {dag.py:4180} INFO - Setting next_dagrun for load_dag to None, run_after=None
[2026-04-29T00:35:30.839+0000] {processor.py:208} INFO - Processing /workspaces/meu-projeto-airflow/dags/load_dag.py took 0.056 seconds
[2026-04-29T00:36:17.699+0000] {processor.py:186} INFO - Started process (PID=102755) to work on /workspaces/meu-projeto-airflow/dags/load_dag.py
[2026-04-29T00:36:17.699+0000] {processor.py:914} INFO - Processing file /workspaces/meu-projeto-airflow/dags/load_dag.py for tasks to queue
[2026-04-29T00:36:17.700+0000] {logging_mixin.py:190} INFO - [2026-04-29T00:36:17.700+0000] {dagbag.py:588} INFO - Filling up the DagBag from /workspaces/meu-projeto-airflow/dags/load_dag.py
[2026-04-29T00:36:17.707+0000] {processor.py:925} INFO - DAG(s) 'load_dag' retrieved from /workspaces/meu-projeto-airflow/dags/load_dag.py
[2026-04-29T00:36:17.720+0000] {logging_mixin.py:190} INFO - [2026-04-29T00:36:17.720+0000] {dag.py:3239} INFO - Sync 1 DAGs
[2026-04-29T00:36:17.733+0000] {logging_mixin.py:190} INFO - [2026-04-29T00:36:17.733+0000] {dag.py:4180} INFO - Setting next_dagrun for load_dag to None, run_after=None
[2026-04-29T00:36:17.751+0000] {processor.py:208} INFO - Processing /workspaces/meu-projeto-airflow/dags/load_dag.py took 0.057 seconds
[2026-04-29T00:37:04.011+0000] {processor.py:186} INFO - Started process (PID=103678) to work on /workspaces/meu-projeto-airflow/dags/load_dag.py
[2026-04-29T00:37:04.012+0000] {processor.py:914} INFO - Processing file /workspaces/meu-projeto-airflow/dags/load_dag.py for tasks to queue
[2026-04-29T00:37:04.013+0000] {logging_mixin.py:190} INFO - [2026-04-29T00:37:04.013+0000] {dagbag.py:588} INFO - Filling up the DagBag from /workspaces/meu-projeto-airflow/dags/load_dag.py
[2026-04-29T00:37:04.021+0000] {processor.py:925} INFO - DAG(s) 'load_dag' retrieved from /workspaces/meu-projeto-airflow/dags/load_dag.py
[2026-04-29T00:37:04.040+0000] {logging_mixin.py:190} INFO - [2026-04-29T00:37:04.039+0000] {dag.py:3239} INFO - Sync 1 DAGs
[2026-04-29T00:37:04.062+0000] {logging_mixin.py:190} INFO - [2026-04-29T00:37:04.062+0000] {dag.py:4180} INFO - Setting next_dagrun for load_dag to None, run_after=None
[2026-04-29T00:37:04.082+0000] {processor.py:208} INFO - Processing /workspaces/meu-projeto-airflow/dags/load_dag.py took 0.075 seconds
[2026-04-29T00:37:47.265+0000] {processor.py:186} INFO - Started process (PID=104556) to work on /workspaces/meu-projeto-airflow/dags/load_dag.py
[2026-04-29T00:37:47.266+0000] {processor.py:914} INFO - Processing file /workspaces/meu-projeto-airflow/dags/load_dag.py for tasks to queue
[2026-04-29T00:37:47.267+0000] {logging_mixin.py:190} INFO - [2026-04-29T00:37:47.267+0000] {dagbag.py:588} INFO - Filling up the DagBag from /workspaces/meu-projeto-airflow/dags/load_dag.py
[2026-04-29T00:37:47.273+0000] {processor.py:925} INFO - DAG(s) 'load_dag' retrieved from /workspaces/meu-projeto-airflow/dags/load_dag.py
[2026-04-29T00:37:47.286+0000] {logging_mixin.py:190} INFO - [2026-04-29T00:37:47.285+0000] {dag.py:3239} INFO - Sync 1 DAGs
[2026-04-29T00:37:47.296+0000] {logging_mixin.py:190} INFO - [2026-04-29T00:37:47.296+0000] {dag.py:4180} INFO - Setting next_dagrun for load_dag to None, run_after=None
[2026-04-29T00:37:47.312+0000] {processor.py:208} INFO - Processing /workspaces/meu-projeto-airflow/dags/load_dag.py took 0.051 seconds
[2026-04-29T00:38:32.739+0000] {processor.py:186} INFO - Started process (PID=105477) to work on /workspaces/meu-projeto-airflow/dags/load_dag.py
[2026-04-29T00:38:32.740+0000] {processor.py:914} INFO - Processing file /workspaces/meu-projeto-airflow/dags/load_dag.py for tasks to queue
[2026-04-29T00:38:32.741+0000] {logging_mixin.py:190} INFO - [2026-04-29T00:38:32.741+0000] {dagbag.py:588} INFO - Filling up the DagBag from /workspaces/meu-projeto-airflow/dags/load_dag.py
[2026-04-29T00:38:32.747+0000] {processor.py:925} INFO - DAG(s) 'load_dag' retrieved from /workspaces/meu-projeto-airflow/dags/load_dag.py
[2026-04-29T00:38:32.760+0000] {logging_mixin.py:190} INFO - [2026-04-29T00:38:32.760+0000] {dag.py:3239} INFO - Sync 1 DAGs
[2026-04-29T00:38:32.771+0000] {logging_mixin.py:190} INFO - [2026-04-29T00:38:32.771+0000] {dag.py:4180} INFO - Setting next_dagrun for load_dag to None, run_after=None
[2026-04-29T00:38:32.787+0000] {processor.py:208} INFO - Processing /workspaces/meu-projeto-airflow/dags/load_dag.py took 0.053 seconds
[2026-04-29T00:39:19.094+0000] {processor.py:186} INFO - Started process (PID=106367) to work on /workspaces/meu-projeto-airflow/dags/load_dag.py
[2026-04-29T00:39:19.095+0000] {processor.py:914} INFO - Processing file /workspaces/meu-projeto-airflow/dags/load_dag.py for tasks to queue
[2026-04-29T00:39:19.096+0000] {logging_mixin.py:190} INFO - [2026-04-29T00:39:19.095+0000] {dagbag.py:588} INFO - Filling up the DagBag from /workspaces/meu-projeto-airflow/dags/load_dag.py
[2026-04-29T00:39:19.103+0000] {processor.py:925} INFO - DAG(s) 'load_dag' retrieved from /workspaces/meu-projeto-airflow/dags/load_dag.py
[2026-04-29T00:39:19.117+0000] {logging_mixin.py:190} INFO - [2026-04-29T00:39:19.117+0000] {dag.py:3239} INFO - Sync 1 DAGs
[2026-04-29T00:39:19.132+0000] {logging_mixin.py:190} INFO - [2026-04-29T00:39:19.132+0000] {dag.py:4180} INFO - Setting next_dagrun for load_dag to None, run_after=None
[2026-04-29T00:39:19.150+0000] {processor.py:208} INFO - Processing /workspaces/meu-projeto-airflow/dags/load_dag.py took 0.061 seconds
[2026-04-29T00:40:01.566+0000] {processor.py:186} INFO - Started process (PID=107209) to work on /workspaces/meu-projeto-airflow/dags/load_dag.py
[2026-04-29T00:40:01.567+0000] {processor.py:914} INFO - Processing file /workspaces/meu-projeto-airflow/dags/load_dag.py for tasks to queue
[2026-04-29T00:40:01.569+0000] {logging_mixin.py:190} INFO - [2026-04-29T00:40:01.568+0000] {dagbag.py:588} INFO - Filling up the DagBag from /workspaces/meu-projeto-airflow/dags/load_dag.py
[2026-04-29T00:40:01.578+0000] {processor.py:925} INFO - DAG(s) 'load_dag' retrieved from /workspaces/meu-projeto-airflow/dags/load_dag.py
[2026-04-29T00:40:01.596+0000] {logging_mixin.py:190} INFO - [2026-04-29T00:40:01.596+0000] {dag.py:3239} INFO - Sync 1 DAGs
[2026-04-29T00:40:01.612+0000] {logging_mixin.py:190} INFO - [2026-04-29T00:40:01.612+0000] {dag.py:4180} INFO - Setting next_dagrun for load_dag to None, run_after=None
[2026-04-29T00:40:01.651+0000] {processor.py:208} INFO - Processing /workspaces/meu-projeto-airflow/dags/load_dag.py took 0.091 seconds
[2026-04-29T00:40:45.273+0000] {processor.py:186} INFO - Started process (PID=108085) to work on /workspaces/meu-projeto-airflow/dags/load_dag.py
[2026-04-29T00:40:45.275+0000] {processor.py:914} INFO - Processing file /workspaces/meu-projeto-airflow/dags/load_dag.py for tasks to queue
[2026-04-29T00:40:45.280+0000] {logging_mixin.py:190} INFO - [2026-04-29T00:40:45.278+0000] {dagbag.py:588} INFO - Filling up the DagBag from /workspaces/meu-projeto-airflow/dags/load_dag.py
[2026-04-29T00:40:45.295+0000] {processor.py:925} INFO - DAG(s) 'load_dag' retrieved from /workspaces/meu-projeto-airflow/dags/load_dag.py
[2026-04-29T00:40:45.312+0000] {logging_mixin.py:190} INFO - [2026-04-29T00:40:45.312+0000] {dag.py:3239} INFO - Sync 1 DAGs
[2026-04-29T00:40:45.327+0000] {logging_mixin.py:190} INFO - [2026-04-29T00:40:45.327+0000] {dag.py:4180} INFO - Setting next_dagrun for load_dag to None, run_after=None
[2026-04-29T00:40:45.396+0000] {processor.py:208} INFO - Processing /workspaces/meu-projeto-airflow/dags/load_dag.py took 0.134 seconds
[2026-04-29T00:41:28.226+0000] {processor.py:186} INFO - Started process (PID=108986) to work on /workspaces/meu-projeto-airflow/dags/load_dag.py
[2026-04-29T00:41:28.227+0000] {processor.py:914} INFO - Processing file /workspaces/meu-projeto-airflow/dags/load_dag.py for tasks to queue
[2026-04-29T00:41:28.228+0000] {logging_mixin.py:190} INFO - [2026-04-29T00:41:28.228+0000] {dagbag.py:588} INFO - Filling up the DagBag from /workspaces/meu-projeto-airflow/dags/load_dag.py
[2026-04-29T00:41:28.236+0000] {processor.py:925} INFO - DAG(s) 'load_dag' retrieved from /workspaces/meu-projeto-airflow/dags/load_dag.py
[2026-04-29T00:41:28.251+0000] {logging_mixin.py:190} INFO - [2026-04-29T00:41:28.251+0000] {dag.py:3239} INFO - Sync 1 DAGs
[2026-04-29T00:41:28.264+0000] {logging_mixin.py:190} INFO - [2026-04-29T00:41:28.264+0000] {dag.py:4180} INFO - Setting next_dagrun for load_dag to None, run_after=None
[2026-04-29T00:41:28.280+0000] {processor.py:208} INFO - Processing /workspaces/meu-projeto-airflow/dags/load_dag.py took 0.060 seconds
[2026-04-29T00:42:12.846+0000] {processor.py:186} INFO - Started process (PID=109863) to work on /workspaces/meu-projeto-airflow/dags/load_dag.py
[2026-04-29T00:42:12.847+0000] {processor.py:914} INFO - Processing file /workspaces/meu-projeto-airflow/dags/load_dag.py for tasks to queue
[2026-04-29T00:42:12.848+0000] {logging_mixin.py:190} INFO - [2026-04-29T00:42:12.848+0000] {dagbag.py:588} INFO - Filling up the DagBag from /workspaces/meu-projeto-airflow/dags/load_dag.py
[2026-04-29T00:42:12.854+0000] {processor.py:925} INFO - DAG(s) 'load_dag' retrieved from /workspaces/meu-projeto-airflow/dags/load_dag.py
[2026-04-29T00:42:12.867+0000] {logging_mixin.py:190} INFO - [2026-04-29T00:42:12.867+0000] {dag.py:3239} INFO - Sync 1 DAGs
[2026-04-29T00:42:12.878+0000] {logging_mixin.py:190} INFO - [2026-04-29T00:42:12.878+0000] {dag.py:4180} INFO - Setting next_dagrun for load_dag to None, run_after=None
[2026-04-29T00:42:12.897+0000] {processor.py:208} INFO - Processing /workspaces/meu-projeto-airflow/dags/load_dag.py took 0.056 seconds
[2026-04-29T00:42:57.356+0000] {processor.py:186} INFO - Started process (PID=110754) to work on /workspaces/meu-projeto-airflow/dags/load_dag.py
[2026-04-29T00:42:57.357+0000] {processor.py:914} INFO - Processing file /workspaces/meu-projeto-airflow/dags/load_dag.py for tasks to queue
[2026-04-29T00:42:57.358+0000] {logging_mixin.py:190} INFO - [2026-04-29T00:42:57.358+0000] {dagbag.py:588} INFO - Filling up the DagBag from /workspaces/meu-projeto-airflow/dags/load_dag.py
[2026-04-29T00:42:57.365+0000] {processor.py:925} INFO - DAG(s) 'load_dag' retrieved from /workspaces/meu-projeto-airflow/dags/load_dag.py
[2026-04-29T00:42:57.379+0000] {logging_mixin.py:190} INFO - [2026-04-29T00:42:57.379+0000] {dag.py:3239} INFO - Sync 1 DAGs
[2026-04-29T00:42:57.389+0000] {logging_mixin.py:190} INFO - [2026-04-29T00:42:57.389+0000] {dag.py:4180} INFO - Setting next_dagrun for load_dag to None, run_after=None
[2026-04-29T00:42:57.409+0000] {processor.py:208} INFO - Processing /workspaces/meu-projeto-airflow/dags/load_dag.py took 0.059 seconds
[2026-04-29T00:43:45.632+0000] {processor.py:186} INFO - Started process (PID=111671) to work on /workspaces/meu-projeto-airflow/dags/load_dag.py
[2026-04-29T00:43:45.633+0000] {processor.py:914} INFO - Processing file /workspaces/meu-projeto-airflow/dags/load_dag.py for tasks to queue
[2026-04-29T00:43:45.634+0000] {logging_mixin.py:190} INFO - [2026-04-29T00:43:45.633+0000] {dagbag.py:588} INFO - Filling up the DagBag from /workspaces/meu-projeto-airflow/dags/load_dag.py
[2026-04-29T00:43:45.642+0000] {processor.py:925} INFO - DAG(s) 'load_dag' retrieved from /workspaces/meu-projeto-airflow/dags/load_dag.py
[2026-04-29T00:43:45.657+0000] {logging_mixin.py:190} INFO - [2026-04-29T00:43:45.657+0000] {dag.py:3239} INFO - Sync 1 DAGs
[2026-04-29T00:43:45.667+0000] {logging_mixin.py:190} INFO - [2026-04-29T00:43:45.667+0000] {dag.py:4180} INFO - Setting next_dagrun for load_dag to None, run_after=None
[2026-04-29T00:43:45.683+0000] {processor.py:208} INFO - Processing /workspaces/meu-projeto-airflow/dags/load_dag.py took 0.057 seconds
[2026-04-29T00:44:49.219+0000] {processor.py:186} INFO - Started process (PID=112966) to work on /workspaces/meu-projeto-airflow/dags/load_dag.py
[2026-04-29T00:44:49.220+0000] {processor.py:914} INFO - Processing file /workspaces/meu-projeto-airflow/dags/load_dag.py for tasks to queue
[2026-04-29T00:44:49.221+0000] {logging_mixin.py:190} INFO - [2026-04-29T00:44:49.221+0000] {dagbag.py:588} INFO - Filling up the DagBag from /workspaces/meu-projeto-airflow/dags/load_dag.py
[2026-04-29T00:44:49.229+0000] {processor.py:925} INFO - DAG(s) 'load_dag' retrieved from /workspaces/meu-projeto-airflow/dags/load_dag.py
[2026-04-29T00:44:49.246+0000] {logging_mixin.py:190} INFO - [2026-04-29T00:44:49.246+0000] {dag.py:3239} INFO - Sync 1 DAGs
[2026-04-29T00:44:49.260+0000] {logging_mixin.py:190} INFO - [2026-04-29T00:44:49.260+0000] {dag.py:4180} INFO - Setting next_dagrun for load_dag to None, run_after=None
[2026-04-29T00:44:49.298+0000] {processor.py:208} INFO - Processing /workspaces/meu-projeto-airflow/dags/load_dag.py took 0.084 seconds
[2026-04-29T00:45:38.953+0000] {processor.py:186} INFO - Started process (PID=113929) to work on /workspaces/meu-projeto-airflow/dags/load_dag.py
[2026-04-29T00:45:38.953+0000] {processor.py:914} INFO - Processing file /workspaces/meu-projeto-airflow/dags/load_dag.py for tasks to queue
[2026-04-29T00:45:38.954+0000] {logging_mixin.py:190} INFO - [2026-04-29T00:45:38.954+0000] {dagbag.py:588} INFO - Filling up the DagBag from /workspaces/meu-projeto-airflow/dags/load_dag.py
[2026-04-29T00:45:38.961+0000] {processor.py:925} INFO - DAG(s) 'load_dag' retrieved from /workspaces/meu-projeto-airflow/dags/load_dag.py
[2026-04-29T00:45:38.973+0000] {logging_mixin.py:190} INFO - [2026-04-29T00:45:38.973+0000] {dag.py:3239} INFO - Sync 1 DAGs
[2026-04-29T00:45:38.983+0000] {logging_mixin.py:190} INFO - [2026-04-29T00:45:38.983+0000] {dag.py:4180} INFO - Setting next_dagrun for load_dag to None, run_after=None
[2026-04-29T00:45:39.000+0000] {processor.py:208} INFO - Processing /workspaces/meu-projeto-airflow/dags/load_dag.py took 0.052 seconds
[2026-04-29T00:46:22.624+0000] {processor.py:186} INFO - Started process (PID=114819) to work on /workspaces/meu-projeto-airflow/dags/load_dag.py
[2026-04-29T00:46:22.624+0000] {processor.py:914} INFO - Processing file /workspaces/meu-projeto-airflow/dags/load_dag.py for tasks to queue
[2026-04-29T00:46:22.626+0000] {logging_mixin.py:190} INFO - [2026-04-29T00:46:22.625+0000] {dagbag.py:588} INFO - Filling up the DagBag from /workspaces/meu-projeto-airflow/dags/load_dag.py
[2026-04-29T00:46:22.634+0000] {processor.py:925} INFO - DAG(s) 'load_dag' retrieved from /workspaces/meu-projeto-airflow/dags/load_dag.py
[2026-04-29T00:46:22.646+0000] {logging_mixin.py:190} INFO - [2026-04-29T00:46:22.646+0000] {dag.py:3239} INFO - Sync 1 DAGs
[2026-04-29T00:46:22.656+0000] {logging_mixin.py:190} INFO - [2026-04-29T00:46:22.656+0000] {dag.py:4180} INFO - Setting next_dagrun for load_dag to None, run_after=None
[2026-04-29T00:46:22.674+0000] {processor.py:208} INFO - Processing /workspaces/meu-projeto-airflow/dags/load_dag.py took 0.056 seconds
[2026-04-29T00:47:07.979+0000] {processor.py:186} INFO - Started process (PID=115747) to work on /workspaces/meu-projeto-airflow/dags/load_dag.py
[2026-04-29T00:47:07.979+0000] {processor.py:914} INFO - Processing file /workspaces/meu-projeto-airflow/dags/load_dag.py for tasks to queue
[2026-04-29T00:47:07.980+0000] {logging_mixin.py:190} INFO - [2026-04-29T00:47:07.980+0000] {dagbag.py:588} INFO - Filling up the DagBag from /workspaces/meu-projeto-airflow/dags/load_dag.py
[2026-04-29T00:47:07.988+0000] {processor.py:925} INFO - DAG(s) 'load_dag' retrieved from /workspaces/meu-projeto-airflow/dags/load_dag.py
[2026-04-29T00:47:08.000+0000] {logging_mixin.py:190} INFO - [2026-04-29T00:47:08.000+0000] {dag.py:3239} INFO - Sync 1 DAGs
[2026-04-29T00:47:08.010+0000] {logging_mixin.py:190} INFO - [2026-04-29T00:47:08.010+0000] {dag.py:4180} INFO - Setting next_dagrun for load_dag to None, run_after=None
[2026-04-29T00:47:08.028+0000] {processor.py:208} INFO - Processing /workspaces/meu-projeto-airflow/dags/load_dag.py took 0.054 seconds
[2026-04-29T00:47:52.475+0000] {processor.py:186} INFO - Started process (PID=116668) to work on /workspaces/meu-projeto-airflow/dags/load_dag.py
[2026-04-29T00:47:52.476+0000] {processor.py:914} INFO - Processing file /workspaces/meu-projeto-airflow/dags/load_dag.py for tasks to queue
[2026-04-29T00:47:52.477+0000] {logging_mixin.py:190} INFO - [2026-04-29T00:47:52.477+0000] {dagbag.py:588} INFO - Filling up the DagBag from /workspaces/meu-projeto-airflow/dags/load_dag.py
[2026-04-29T00:47:52.486+0000] {processor.py:925} INFO - DAG(s) 'load_dag' retrieved from /workspaces/meu-projeto-airflow/dags/load_dag.py
[2026-04-29T00:47:52.505+0000] {logging_mixin.py:190} INFO - [2026-04-29T00:47:52.505+0000] {dag.py:3239} INFO - Sync 1 DAGs
[2026-04-29T00:47:52.519+0000] {logging_mixin.py:190} INFO - [2026-04-29T00:47:52.519+0000] {dag.py:4180} INFO - Setting next_dagrun for load_dag to None, run_after=None
[2026-04-29T00:47:52.542+0000] {processor.py:208} INFO - Processing /workspaces/meu-projeto-airflow/dags/load_dag.py took 0.078 seconds
[2026-04-29T00:48:38.233+0000] {processor.py:186} INFO - Started process (PID=117579) to work on /workspaces/meu-projeto-airflow/dags/load_dag.py
[2026-04-29T00:48:38.235+0000] {processor.py:914} INFO - Processing file /workspaces/meu-projeto-airflow/dags/load_dag.py for tasks to queue
[2026-04-29T00:48:38.237+0000] {logging_mixin.py:190} INFO - [2026-04-29T00:48:38.236+0000] {dagbag.py:588} INFO - Filling up the DagBag from /workspaces/meu-projeto-airflow/dags/load_dag.py
[2026-04-29T00:48:38.249+0000] {processor.py:925} INFO - DAG(s) 'load_dag' retrieved from /workspaces/meu-projeto-airflow/dags/load_dag.py
[2026-04-29T00:48:38.274+0000] {logging_mixin.py:190} INFO - [2026-04-29T00:48:38.273+0000] {dag.py:3239} INFO - Sync 1 DAGs
[2026-04-29T00:48:38.304+0000] {logging_mixin.py:190} INFO - [2026-04-29T00:48:38.304+0000] {dag.py:4180} INFO - Setting next_dagrun for load_dag to None, run_after=None
[2026-04-29T00:48:38.372+0000] {processor.py:208} INFO - Processing /workspaces/meu-projeto-airflow/dags/load_dag.py took 0.148 seconds
[2026-04-29T00:49:27.396+0000] {processor.py:186} INFO - Started process (PID=118588) to work on /workspaces/meu-projeto-airflow/dags/load_dag.py
[2026-04-29T00:49:27.397+0000] {processor.py:914} INFO - Processing file /workspaces/meu-projeto-airflow/dags/load_dag.py for tasks to queue
[2026-04-29T00:49:27.398+0000] {logging_mixin.py:190} INFO - [2026-04-29T00:49:27.398+0000] {dagbag.py:588} INFO - Filling up the DagBag from /workspaces/meu-projeto-airflow/dags/load_dag.py
[2026-04-29T00:49:27.404+0000] {processor.py:925} INFO - DAG(s) 'load_dag' retrieved from /workspaces/meu-projeto-airflow/dags/load_dag.py
[2026-04-29T00:49:27.418+0000] {logging_mixin.py:190} INFO - [2026-04-29T00:49:27.418+0000] {dag.py:3239} INFO - Sync 1 DAGs
[2026-04-29T00:49:27.431+0000] {logging_mixin.py:190} INFO - [2026-04-29T00:49:27.431+0000] {dag.py:4180} INFO - Setting next_dagrun for load_dag to None, run_after=None
[2026-04-29T00:49:27.447+0000] {processor.py:208} INFO - Processing /workspaces/meu-projeto-airflow/dags/load_dag.py took 0.056 seconds
[2026-04-29T00:50:15.084+0000] {processor.py:186} INFO - Started process (PID=119515) to work on /workspaces/meu-projeto-airflow/dags/load_dag.py
[2026-04-29T00:50:15.085+0000] {processor.py:914} INFO - Processing file /workspaces/meu-projeto-airflow/dags/load_dag.py for tasks to queue
[2026-04-29T00:50:15.086+0000] {logging_mixin.py:190} INFO - [2026-04-29T00:50:15.086+0000] {dagbag.py:588} INFO - Filling up the DagBag from /workspaces/meu-projeto-airflow/dags/load_dag.py
[2026-04-29T00:50:15.098+0000] {processor.py:925} INFO - DAG(s) 'load_dag' retrieved from /workspaces/meu-projeto-airflow/dags/load_dag.py
[2026-04-29T00:50:15.113+0000] {logging_mixin.py:190} INFO - [2026-04-29T00:50:15.113+0000] {dag.py:3239} INFO - Sync 1 DAGs
[2026-04-29T00:50:15.129+0000] {logging_mixin.py:190} INFO - [2026-04-29T00:50:15.129+0000] {dag.py:4180} INFO - Setting next_dagrun for load_dag to None, run_after=None
[2026-04-29T00:50:15.146+0000] {processor.py:208} INFO - Processing /workspaces/meu-projeto-airflow/dags/load_dag.py took 0.066 seconds
[2026-04-29T00:51:03.658+0000] {processor.py:186} INFO - Started process (PID=120623) to work on /workspaces/meu-projeto-airflow/dags/load_dag.py
[2026-04-29T00:51:03.806+0000] {processor.py:914} INFO - Processing file /workspaces/meu-projeto-airflow/dags/load_dag.py for tasks to queue
[2026-04-29T00:51:03.807+0000] {logging_mixin.py:190} INFO - [2026-04-29T00:51:03.807+0000] {dagbag.py:588} INFO - Filling up the DagBag from /workspaces/meu-projeto-airflow/dags/load_dag.py
[2026-04-29T00:51:03.814+0000] {processor.py:925} INFO - DAG(s) 'load_dag' retrieved from /workspaces/meu-projeto-airflow/dags/load_dag.py
[2026-04-29T00:51:03.839+0000] {logging_mixin.py:190} INFO - [2026-04-29T00:51:03.839+0000] {dag.py:3239} INFO - Sync 1 DAGs
[2026-04-29T00:51:03.861+0000] {logging_mixin.py:190} INFO - [2026-04-29T00:51:03.861+0000] {dag.py:4180} INFO - Setting next_dagrun for load_dag to None, run_after=None
[2026-04-29T00:51:04.176+0000] {processor.py:208} INFO - Processing /workspaces/meu-projeto-airflow/dags/load_dag.py took 0.528 seconds
[2026-04-29T00:51:50.627+0000] {processor.py:186} INFO - Started process (PID=121716) to work on /workspaces/meu-projeto-airflow/dags/load_dag.py
[2026-04-29T00:51:50.628+0000] {processor.py:914} INFO - Processing file /workspaces/meu-projeto-airflow/dags/load_dag.py for tasks to queue
[2026-04-29T00:51:50.629+0000] {logging_mixin.py:190} INFO - [2026-04-29T00:51:50.629+0000] {dagbag.py:588} INFO - Filling up the DagBag from /workspaces/meu-projeto-airflow/dags/load_dag.py
[2026-04-29T00:51:50.637+0000] {processor.py:925} INFO - DAG(s) 'load_dag' retrieved from /workspaces/meu-projeto-airflow/dags/load_dag.py
[2026-04-29T00:51:50.649+0000] {logging_mixin.py:190} INFO - [2026-04-29T00:51:50.649+0000] {dag.py:3239} INFO - Sync 1 DAGs
[2026-04-29T00:51:50.659+0000] {logging_mixin.py:190} INFO - [2026-04-29T00:51:50.659+0000] {dag.py:4180} INFO - Setting next_dagrun for load_dag to None, run_after=None
[2026-04-29T00:51:50.674+0000] {processor.py:208} INFO - Processing /workspaces/meu-projeto-airflow/dags/load_dag.py took 0.053 seconds
[2026-04-29T00:52:37.291+0000] {processor.py:186} INFO - Started process (PID=122880) to work on /workspaces/meu-projeto-airflow/dags/load_dag.py
[2026-04-29T00:52:37.292+0000] {processor.py:914} INFO - Processing file /workspaces/meu-projeto-airflow/dags/load_dag.py for tasks to queue
[2026-04-29T00:52:37.293+0000] {logging_mixin.py:190} INFO - [2026-04-29T00:52:37.293+0000] {dagbag.py:588} INFO - Filling up the DagBag from /workspaces/meu-projeto-airflow/dags/load_dag.py
[2026-04-29T00:52:37.303+0000] {processor.py:925} INFO - DAG(s) 'load_dag' retrieved from /workspaces/meu-projeto-airflow/dags/load_dag.py
[2026-04-29T00:52:37.322+0000] {logging_mixin.py:190} INFO - [2026-04-29T00:52:37.321+0000] {dag.py:3239} INFO - Sync 1 DAGs
[2026-04-29T00:52:37.336+0000] {logging_mixin.py:190} INFO - [2026-04-29T00:52:37.336+0000] {dag.py:4180} INFO - Setting next_dagrun for load_dag to None, run_after=None
[2026-04-29T00:52:37.356+0000] {processor.py:208} INFO - Processing /workspaces/meu-projeto-airflow/dags/load_dag.py took 0.071 seconds
[2026-04-29T00:53:25.788+0000] {processor.py:186} INFO - Started process (PID=124100) to work on /workspaces/meu-projeto-airflow/dags/load_dag.py
[2026-04-29T00:53:25.789+0000] {processor.py:914} INFO - Processing file /workspaces/meu-projeto-airflow/dags/load_dag.py for tasks to queue
[2026-04-29T00:53:25.790+0000] {logging_mixin.py:190} INFO - [2026-04-29T00:53:25.789+0000] {dagbag.py:588} INFO - Filling up the DagBag from /workspaces/meu-projeto-airflow/dags/load_dag.py
[2026-04-29T00:53:25.796+0000] {processor.py:925} INFO - DAG(s) 'load_dag' retrieved from /workspaces/meu-projeto-airflow/dags/load_dag.py
[2026-04-29T00:53:25.810+0000] {logging_mixin.py:190} INFO - [2026-04-29T00:53:25.809+0000] {dag.py:3239} INFO - Sync 1 DAGs
[2026-04-29T00:53:25.828+0000] {logging_mixin.py:190} INFO - [2026-04-29T00:53:25.828+0000] {dag.py:4180} INFO - Setting next_dagrun for load_dag to None, run_after=None
[2026-04-29T00:53:25.849+0000] {processor.py:208} INFO - Processing /workspaces/meu-projeto-airflow/dags/load_dag.py took 0.066 seconds
[2026-04-29T00:54:16.153+0000] {processor.py:186} INFO - Started process (PID=125161) to work on /workspaces/meu-projeto-airflow/dags/load_dag.py
[2026-04-29T00:54:16.154+0000] {processor.py:914} INFO - Processing file /workspaces/meu-projeto-airflow/dags/load_dag.py for tasks to queue
[2026-04-29T00:54:16.155+0000] {logging_mixin.py:190} INFO - [2026-04-29T00:54:16.154+0000] {dagbag.py:588} INFO - Filling up the DagBag from /workspaces/meu-projeto-airflow/dags/load_dag.py
[2026-04-29T00:54:16.161+0000] {processor.py:925} INFO - DAG(s) 'load_dag' retrieved from /workspaces/meu-projeto-airflow/dags/load_dag.py
[2026-04-29T00:54:16.175+0000] {logging_mixin.py:190} INFO - [2026-04-29T00:54:16.175+0000] {dag.py:3239} INFO - Sync 1 DAGs
[2026-04-29T00:54:16.187+0000] {logging_mixin.py:190} INFO - [2026-04-29T00:54:16.186+0000] {dag.py:4180} INFO - Setting next_dagrun for load_dag to None, run_after=None
[2026-04-29T00:54:16.205+0000] {processor.py:208} INFO - Processing /workspaces/meu-projeto-airflow/dags/load_dag.py took 0.057 seconds
[2026-04-29T00:55:01.093+0000] {processor.py:186} INFO - Started process (PID=126072) to work on /workspaces/meu-projeto-airflow/dags/load_dag.py
[2026-04-29T00:55:01.094+0000] {processor.py:914} INFO - Processing file /workspaces/meu-projeto-airflow/dags/load_dag.py for tasks to queue
[2026-04-29T00:55:01.095+0000] {logging_mixin.py:190} INFO - [2026-04-29T00:55:01.095+0000] {dagbag.py:588} INFO - Filling up the DagBag from /workspaces/meu-projeto-airflow/dags/load_dag.py
[2026-04-29T00:55:01.101+0000] {processor.py:925} INFO - DAG(s) 'load_dag' retrieved from /workspaces/meu-projeto-airflow/dags/load_dag.py
[2026-04-29T00:55:01.114+0000] {logging_mixin.py:190} INFO - [2026-04-29T00:55:01.113+0000] {dag.py:3239} INFO - Sync 1 DAGs
[2026-04-29T00:55:01.127+0000] {logging_mixin.py:190} INFO - [2026-04-29T00:55:01.126+0000] {dag.py:4180} INFO - Setting next_dagrun for load_dag to None, run_after=None
[2026-04-29T00:55:01.143+0000] {processor.py:208} INFO - Processing /workspaces/meu-projeto-airflow/dags/load_dag.py took 0.056 seconds
[2026-04-29T00:55:45.824+0000] {processor.py:186} INFO - Started process (PID=126938) to work on /workspaces/meu-projeto-airflow/dags/load_dag.py
[2026-04-29T00:55:45.825+0000] {processor.py:914} INFO - Processing file /workspaces/meu-projeto-airflow/dags/load_dag.py for tasks to queue
[2026-04-29T00:55:45.827+0000] {logging_mixin.py:190} INFO - [2026-04-29T00:55:45.826+0000] {dagbag.py:588} INFO - Filling up the DagBag from /workspaces/meu-projeto-airflow/dags/load_dag.py
[2026-04-29T00:55:45.835+0000] {processor.py:925} INFO - DAG(s) 'load_dag' retrieved from /workspaces/meu-projeto-airflow/dags/load_dag.py
[2026-04-29T00:55:45.847+0000] {logging_mixin.py:190} INFO - [2026-04-29T00:55:45.847+0000] {dag.py:3239} INFO - Sync 1 DAGs
[2026-04-29T00:55:45.857+0000] {logging_mixin.py:190} INFO - [2026-04-29T00:55:45.857+0000] {dag.py:4180} INFO - Setting next_dagrun for load_dag to None, run_after=None
[2026-04-29T00:55:45.872+0000] {processor.py:208} INFO - Processing /workspaces/meu-projeto-airflow/dags/load_dag.py took 0.054 seconds
[2026-04-29T00:56:30.767+0000] {processor.py:186} INFO - Started process (PID=127821) to work on /workspaces/meu-projeto-airflow/dags/load_dag.py
[2026-04-29T00:56:30.768+0000] {processor.py:914} INFO - Processing file /workspaces/meu-projeto-airflow/dags/load_dag.py for tasks to queue
[2026-04-29T00:56:30.770+0000] {logging_mixin.py:190} INFO - [2026-04-29T00:56:30.769+0000] {dagbag.py:588} INFO - Filling up the DagBag from /workspaces/meu-projeto-airflow/dags/load_dag.py
[2026-04-29T00:56:30.779+0000] {processor.py:925} INFO - DAG(s) 'load_dag' retrieved from /workspaces/meu-projeto-airflow/dags/load_dag.py
[2026-04-29T00:56:30.794+0000] {logging_mixin.py:190} INFO - [2026-04-29T00:56:30.793+0000] {dag.py:3239} INFO - Sync 1 DAGs
[2026-04-29T00:56:30.804+0000] {logging_mixin.py:190} INFO - [2026-04-29T00:56:30.804+0000] {dag.py:4180} INFO - Setting next_dagrun for load_dag to None, run_after=None
[2026-04-29T00:56:30.826+0000] {processor.py:208} INFO - Processing /workspaces/meu-projeto-airflow/dags/load_dag.py took 0.066 seconds
