[2026-04-29T00:00:15.896+0000] {processor.py:186} INFO - Started process (PID=68865) to work on /workspaces/meu-projeto-airflow/dags/params_dag.py
[2026-04-29T00:00:15.896+0000] {processor.py:914} INFO - Processing file /workspaces/meu-projeto-airflow/dags/params_dag.py for tasks to queue
[2026-04-29T00:00:15.897+0000] {logging_mixin.py:190} INFO - [2026-04-29T00:00:15.897+0000] {dagbag.py:588} INFO - Filling up the DagBag from /workspaces/meu-projeto-airflow/dags/params_dag.py
[2026-04-29T00:00:15.903+0000] {processor.py:925} INFO - DAG(s) 'params_dag' retrieved from /workspaces/meu-projeto-airflow/dags/params_dag.py
[2026-04-29T00:00:15.918+0000] {logging_mixin.py:190} INFO - [2026-04-29T00:00:15.918+0000] {dag.py:3239} INFO - Sync 1 DAGs
[2026-04-29T00:00:15.930+0000] {logging_mixin.py:190} INFO - [2026-04-29T00:00:15.930+0000] {dag.py:4180} INFO - Setting next_dagrun for params_dag to None, run_after=None
[2026-04-29T00:00:15.947+0000] {processor.py:208} INFO - Processing /workspaces/meu-projeto-airflow/dags/params_dag.py took 0.056 seconds
[2026-04-29T00:00:58.488+0000] {processor.py:186} INFO - Started process (PID=69252) to work on /workspaces/meu-projeto-airflow/dags/params_dag.py
[2026-04-29T00:00:58.489+0000] {processor.py:914} INFO - Processing file /workspaces/meu-projeto-airflow/dags/params_dag.py for tasks to queue
[2026-04-29T00:00:58.490+0000] {logging_mixin.py:190} INFO - [2026-04-29T00:00:58.490+0000] {dagbag.py:588} INFO - Filling up the DagBag from /workspaces/meu-projeto-airflow/dags/params_dag.py
[2026-04-29T00:00:58.496+0000] {processor.py:925} INFO - DAG(s) 'params_dag' retrieved from /workspaces/meu-projeto-airflow/dags/params_dag.py
[2026-04-29T00:00:58.509+0000] {logging_mixin.py:190} INFO - [2026-04-29T00:00:58.509+0000] {dag.py:3239} INFO - Sync 1 DAGs
[2026-04-29T00:00:58.521+0000] {logging_mixin.py:190} INFO - [2026-04-29T00:00:58.521+0000] {dag.py:4180} INFO - Setting next_dagrun for params_dag to None, run_after=None
[2026-04-29T00:00:58.539+0000] {processor.py:208} INFO - Processing /workspaces/meu-projeto-airflow/dags/params_dag.py took 0.055 seconds
[2026-04-29T00:01:40.310+0000] {processor.py:186} INFO - Started process (PID=69697) to work on /workspaces/meu-projeto-airflow/dags/params_dag.py
[2026-04-29T00:01:40.310+0000] {processor.py:914} INFO - Processing file /workspaces/meu-projeto-airflow/dags/params_dag.py for tasks to queue
[2026-04-29T00:01:40.311+0000] {logging_mixin.py:190} INFO - [2026-04-29T00:01:40.311+0000] {dagbag.py:588} INFO - Filling up the DagBag from /workspaces/meu-projeto-airflow/dags/params_dag.py
[2026-04-29T00:01:40.319+0000] {processor.py:925} INFO - DAG(s) 'params_dag' retrieved from /workspaces/meu-projeto-airflow/dags/params_dag.py
[2026-04-29T00:01:40.336+0000] {logging_mixin.py:190} INFO - [2026-04-29T00:01:40.336+0000] {dag.py:3239} INFO - Sync 1 DAGs
[2026-04-29T00:01:40.346+0000] {logging_mixin.py:190} INFO - [2026-04-29T00:01:40.346+0000] {dag.py:4180} INFO - Setting next_dagrun for params_dag to None, run_after=None
[2026-04-29T00:01:40.363+0000] {processor.py:208} INFO - Processing /workspaces/meu-projeto-airflow/dags/params_dag.py took 0.057 seconds
[2026-04-29T00:02:24.345+0000] {processor.py:186} INFO - Started process (PID=70075) to work on /workspaces/meu-projeto-airflow/dags/params_dag.py
[2026-04-29T00:02:24.346+0000] {processor.py:914} INFO - Processing file /workspaces/meu-projeto-airflow/dags/params_dag.py for tasks to queue
[2026-04-29T00:02:24.347+0000] {logging_mixin.py:190} INFO - [2026-04-29T00:02:24.347+0000] {dagbag.py:588} INFO - Filling up the DagBag from /workspaces/meu-projeto-airflow/dags/params_dag.py
[2026-04-29T00:02:24.355+0000] {processor.py:925} INFO - DAG(s) 'params_dag' retrieved from /workspaces/meu-projeto-airflow/dags/params_dag.py
[2026-04-29T00:02:24.375+0000] {logging_mixin.py:190} INFO - [2026-04-29T00:02:24.374+0000] {dag.py:3239} INFO - Sync 1 DAGs
[2026-04-29T00:02:24.385+0000] {logging_mixin.py:190} INFO - [2026-04-29T00:02:24.385+0000] {dag.py:4180} INFO - Setting next_dagrun for params_dag to None, run_after=None
[2026-04-29T00:02:24.401+0000] {processor.py:208} INFO - Processing /workspaces/meu-projeto-airflow/dags/params_dag.py took 0.060 seconds
[2026-04-29T00:03:12.222+0000] {processor.py:186} INFO - Started process (PID=70523) to work on /workspaces/meu-projeto-airflow/dags/params_dag.py
[2026-04-29T00:03:12.223+0000] {processor.py:914} INFO - Processing file /workspaces/meu-projeto-airflow/dags/params_dag.py for tasks to queue
[2026-04-29T00:03:12.225+0000] {logging_mixin.py:190} INFO - [2026-04-29T00:03:12.224+0000] {dagbag.py:588} INFO - Filling up the DagBag from /workspaces/meu-projeto-airflow/dags/params_dag.py
[2026-04-29T00:03:12.235+0000] {processor.py:925} INFO - DAG(s) 'params_dag' retrieved from /workspaces/meu-projeto-airflow/dags/params_dag.py
[2026-04-29T00:03:12.252+0000] {logging_mixin.py:190} INFO - [2026-04-29T00:03:12.252+0000] {dag.py:3239} INFO - Sync 1 DAGs
[2026-04-29T00:03:12.264+0000] {logging_mixin.py:190} INFO - [2026-04-29T00:03:12.264+0000] {dag.py:4180} INFO - Setting next_dagrun for params_dag to None, run_after=None
[2026-04-29T00:03:12.281+0000] {processor.py:208} INFO - Processing /workspaces/meu-projeto-airflow/dags/params_dag.py took 0.066 seconds
[2026-04-29T00:03:57.989+0000] {processor.py:186} INFO - Started process (PID=70952) to work on /workspaces/meu-projeto-airflow/dags/params_dag.py
[2026-04-29T00:03:57.993+0000] {processor.py:914} INFO - Processing file /workspaces/meu-projeto-airflow/dags/params_dag.py for tasks to queue
[2026-04-29T00:03:57.999+0000] {logging_mixin.py:190} INFO - [2026-04-29T00:03:57.998+0000] {dagbag.py:588} INFO - Filling up the DagBag from /workspaces/meu-projeto-airflow/dags/params_dag.py
[2026-04-29T00:03:58.023+0000] {processor.py:925} INFO - DAG(s) 'params_dag' retrieved from /workspaces/meu-projeto-airflow/dags/params_dag.py
[2026-04-29T00:03:58.051+0000] {logging_mixin.py:190} INFO - [2026-04-29T00:03:58.050+0000] {dag.py:3239} INFO - Sync 1 DAGs
[2026-04-29T00:03:58.128+0000] {logging_mixin.py:190} INFO - [2026-04-29T00:03:58.124+0000] {dag.py:4180} INFO - Setting next_dagrun for params_dag to None, run_after=None
[2026-04-29T00:03:58.205+0000] {processor.py:208} INFO - Processing /workspaces/meu-projeto-airflow/dags/params_dag.py took 0.232 seconds
[2026-04-29T00:04:45.226+0000] {processor.py:186} INFO - Started process (PID=71397) to work on /workspaces/meu-projeto-airflow/dags/params_dag.py
[2026-04-29T00:04:45.228+0000] {processor.py:914} INFO - Processing file /workspaces/meu-projeto-airflow/dags/params_dag.py for tasks to queue
[2026-04-29T00:04:45.229+0000] {logging_mixin.py:190} INFO - [2026-04-29T00:04:45.229+0000] {dagbag.py:588} INFO - Filling up the DagBag from /workspaces/meu-projeto-airflow/dags/params_dag.py
[2026-04-29T00:04:45.241+0000] {processor.py:925} INFO - DAG(s) 'params_dag' retrieved from /workspaces/meu-projeto-airflow/dags/params_dag.py
[2026-04-29T00:04:45.354+0000] {logging_mixin.py:190} INFO - [2026-04-29T00:04:45.352+0000] {dag.py:3239} INFO - Sync 1 DAGs
[2026-04-29T00:04:45.401+0000] {logging_mixin.py:190} INFO - [2026-04-29T00:04:45.401+0000] {dag.py:4180} INFO - Setting next_dagrun for params_dag to None, run_after=None
[2026-04-29T00:04:45.543+0000] {processor.py:208} INFO - Processing /workspaces/meu-projeto-airflow/dags/params_dag.py took 0.328 seconds
[2026-04-29T00:05:31.228+0000] {processor.py:186} INFO - Started process (PID=71850) to work on /workspaces/meu-projeto-airflow/dags/params_dag.py
[2026-04-29T00:05:31.228+0000] {processor.py:914} INFO - Processing file /workspaces/meu-projeto-airflow/dags/params_dag.py for tasks to queue
[2026-04-29T00:05:31.230+0000] {logging_mixin.py:190} INFO - [2026-04-29T00:05:31.229+0000] {dagbag.py:588} INFO - Filling up the DagBag from /workspaces/meu-projeto-airflow/dags/params_dag.py
[2026-04-29T00:05:31.239+0000] {processor.py:925} INFO - DAG(s) 'params_dag' retrieved from /workspaces/meu-projeto-airflow/dags/params_dag.py
[2026-04-29T00:05:31.253+0000] {logging_mixin.py:190} INFO - [2026-04-29T00:05:31.253+0000] {dag.py:3239} INFO - Sync 1 DAGs
[2026-04-29T00:05:31.265+0000] {logging_mixin.py:190} INFO - [2026-04-29T00:05:31.264+0000] {dag.py:4180} INFO - Setting next_dagrun for params_dag to None, run_after=None
[2026-04-29T00:05:31.285+0000] {processor.py:208} INFO - Processing /workspaces/meu-projeto-airflow/dags/params_dag.py took 0.064 seconds
[2026-04-29T00:06:21.470+0000] {processor.py:186} INFO - Started process (PID=72266) to work on /workspaces/meu-projeto-airflow/dags/params_dag.py
[2026-04-29T00:06:21.471+0000] {processor.py:914} INFO - Processing file /workspaces/meu-projeto-airflow/dags/params_dag.py for tasks to queue
[2026-04-29T00:06:21.472+0000] {logging_mixin.py:190} INFO - [2026-04-29T00:06:21.472+0000] {dagbag.py:588} INFO - Filling up the DagBag from /workspaces/meu-projeto-airflow/dags/params_dag.py
[2026-04-29T00:06:21.478+0000] {processor.py:925} INFO - DAG(s) 'params_dag' retrieved from /workspaces/meu-projeto-airflow/dags/params_dag.py
[2026-04-29T00:06:21.492+0000] {logging_mixin.py:190} INFO - [2026-04-29T00:06:21.491+0000] {dag.py:3239} INFO - Sync 1 DAGs
[2026-04-29T00:06:21.502+0000] {logging_mixin.py:190} INFO - [2026-04-29T00:06:21.502+0000] {dag.py:4180} INFO - Setting next_dagrun for params_dag to None, run_after=None
[2026-04-29T00:06:21.518+0000] {processor.py:208} INFO - Processing /workspaces/meu-projeto-airflow/dags/params_dag.py took 0.053 seconds
[2026-04-29T00:07:14.505+0000] {processor.py:186} INFO - Started process (PID=72821) to work on /workspaces/meu-projeto-airflow/dags/params_dag.py
[2026-04-29T00:07:14.508+0000] {processor.py:914} INFO - Processing file /workspaces/meu-projeto-airflow/dags/params_dag.py for tasks to queue
[2026-04-29T00:07:14.513+0000] {logging_mixin.py:190} INFO - [2026-04-29T00:07:14.512+0000] {dagbag.py:588} INFO - Filling up the DagBag from /workspaces/meu-projeto-airflow/dags/params_dag.py
[2026-04-29T00:07:14.542+0000] {processor.py:925} INFO - DAG(s) 'params_dag' retrieved from /workspaces/meu-projeto-airflow/dags/params_dag.py
[2026-04-29T00:07:14.596+0000] {logging_mixin.py:190} INFO - [2026-04-29T00:07:14.596+0000] {dag.py:3239} INFO - Sync 1 DAGs
[2026-04-29T00:07:14.611+0000] {logging_mixin.py:190} INFO - [2026-04-29T00:07:14.611+0000] {dag.py:4180} INFO - Setting next_dagrun for params_dag to None, run_after=None
[2026-04-29T00:07:14.636+0000] {processor.py:208} INFO - Processing /workspaces/meu-projeto-airflow/dags/params_dag.py took 0.154 seconds
[2026-04-29T00:08:04.495+0000] {processor.py:186} INFO - Started process (PID=73269) to work on /workspaces/meu-projeto-airflow/dags/params_dag.py
[2026-04-29T00:08:04.498+0000] {processor.py:914} INFO - Processing file /workspaces/meu-projeto-airflow/dags/params_dag.py for tasks to queue
[2026-04-29T00:08:04.506+0000] {logging_mixin.py:190} INFO - [2026-04-29T00:08:04.503+0000] {dagbag.py:588} INFO - Filling up the DagBag from /workspaces/meu-projeto-airflow/dags/params_dag.py
[2026-04-29T00:08:04.524+0000] {processor.py:925} INFO - DAG(s) 'params_dag' retrieved from /workspaces/meu-projeto-airflow/dags/params_dag.py
[2026-04-29T00:08:04.546+0000] {logging_mixin.py:190} INFO - [2026-04-29T00:08:04.546+0000] {dag.py:3239} INFO - Sync 1 DAGs
[2026-04-29T00:08:04.752+0000] {logging_mixin.py:190} INFO - [2026-04-29T00:08:04.752+0000] {dag.py:4180} INFO - Setting next_dagrun for params_dag to None, run_after=None
[2026-04-29T00:08:04.768+0000] {processor.py:208} INFO - Processing /workspaces/meu-projeto-airflow/dags/params_dag.py took 0.287 seconds
[2026-04-29T00:08:58.711+0000] {processor.py:186} INFO - Started process (PID=73770) to work on /workspaces/meu-projeto-airflow/dags/params_dag.py
[2026-04-29T00:08:58.711+0000] {processor.py:914} INFO - Processing file /workspaces/meu-projeto-airflow/dags/params_dag.py for tasks to queue
[2026-04-29T00:08:58.713+0000] {logging_mixin.py:190} INFO - [2026-04-29T00:08:58.712+0000] {dagbag.py:588} INFO - Filling up the DagBag from /workspaces/meu-projeto-airflow/dags/params_dag.py
[2026-04-29T00:08:58.721+0000] {processor.py:925} INFO - DAG(s) 'params_dag' retrieved from /workspaces/meu-projeto-airflow/dags/params_dag.py
[2026-04-29T00:08:58.738+0000] {logging_mixin.py:190} INFO - [2026-04-29T00:08:58.738+0000] {dag.py:3239} INFO - Sync 1 DAGs
[2026-04-29T00:08:58.750+0000] {logging_mixin.py:190} INFO - [2026-04-29T00:08:58.750+0000] {dag.py:4180} INFO - Setting next_dagrun for params_dag to None, run_after=None
[2026-04-29T00:08:58.766+0000] {processor.py:208} INFO - Processing /workspaces/meu-projeto-airflow/dags/params_dag.py took 0.061 seconds
[2026-04-29T00:09:44.735+0000] {processor.py:186} INFO - Started process (PID=74199) to work on /workspaces/meu-projeto-airflow/dags/params_dag.py
[2026-04-29T00:09:44.736+0000] {processor.py:914} INFO - Processing file /workspaces/meu-projeto-airflow/dags/params_dag.py for tasks to queue
[2026-04-29T00:09:44.737+0000] {logging_mixin.py:190} INFO - [2026-04-29T00:09:44.737+0000] {dagbag.py:588} INFO - Filling up the DagBag from /workspaces/meu-projeto-airflow/dags/params_dag.py
[2026-04-29T00:09:44.747+0000] {processor.py:925} INFO - DAG(s) 'params_dag' retrieved from /workspaces/meu-projeto-airflow/dags/params_dag.py
[2026-04-29T00:09:44.790+0000] {logging_mixin.py:190} INFO - [2026-04-29T00:09:44.789+0000] {dag.py:3239} INFO - Sync 1 DAGs
[2026-04-29T00:09:44.803+0000] {logging_mixin.py:190} INFO - [2026-04-29T00:09:44.803+0000] {dag.py:4180} INFO - Setting next_dagrun for params_dag to None, run_after=None
[2026-04-29T00:09:44.833+0000] {processor.py:208} INFO - Processing /workspaces/meu-projeto-airflow/dags/params_dag.py took 0.105 seconds
[2026-04-29T00:10:37.295+0000] {processor.py:186} INFO - Started process (PID=74694) to work on /workspaces/meu-projeto-airflow/dags/params_dag.py
[2026-04-29T00:10:37.296+0000] {processor.py:914} INFO - Processing file /workspaces/meu-projeto-airflow/dags/params_dag.py for tasks to queue
[2026-04-29T00:10:37.297+0000] {logging_mixin.py:190} INFO - [2026-04-29T00:10:37.297+0000] {dagbag.py:588} INFO - Filling up the DagBag from /workspaces/meu-projeto-airflow/dags/params_dag.py
[2026-04-29T00:10:37.303+0000] {processor.py:925} INFO - DAG(s) 'params_dag' retrieved from /workspaces/meu-projeto-airflow/dags/params_dag.py
[2026-04-29T00:10:37.321+0000] {logging_mixin.py:190} INFO - [2026-04-29T00:10:37.321+0000] {dag.py:3239} INFO - Sync 1 DAGs
[2026-04-29T00:10:37.478+0000] {logging_mixin.py:190} INFO - [2026-04-29T00:10:37.477+0000] {dag.py:4180} INFO - Setting next_dagrun for params_dag to None, run_after=None
[2026-04-29T00:10:37.517+0000] {processor.py:208} INFO - Processing /workspaces/meu-projeto-airflow/dags/params_dag.py took 0.227 seconds
[2026-04-29T00:11:36.637+0000] {processor.py:186} INFO - Started process (PID=75302) to work on /workspaces/meu-projeto-airflow/dags/params_dag.py
[2026-04-29T00:11:36.648+0000] {processor.py:914} INFO - Processing file /workspaces/meu-projeto-airflow/dags/params_dag.py for tasks to queue
[2026-04-29T00:11:36.653+0000] {logging_mixin.py:190} INFO - [2026-04-29T00:11:36.649+0000] {dagbag.py:588} INFO - Filling up the DagBag from /workspaces/meu-projeto-airflow/dags/params_dag.py
[2026-04-29T00:11:36.702+0000] {processor.py:925} INFO - DAG(s) 'params_dag' retrieved from /workspaces/meu-projeto-airflow/dags/params_dag.py
[2026-04-29T00:11:36.848+0000] {logging_mixin.py:190} INFO - [2026-04-29T00:11:36.848+0000] {dag.py:3239} INFO - Sync 1 DAGs
[2026-04-29T00:11:36.912+0000] {logging_mixin.py:190} INFO - [2026-04-29T00:11:36.910+0000] {dag.py:4180} INFO - Setting next_dagrun for params_dag to None, run_after=None
[2026-04-29T00:11:36.981+0000] {processor.py:208} INFO - Processing /workspaces/meu-projeto-airflow/dags/params_dag.py took 0.385 seconds
[2026-04-29T00:12:27.757+0000] {processor.py:186} INFO - Started process (PID=75915) to work on /workspaces/meu-projeto-airflow/dags/params_dag.py
[2026-04-29T00:12:27.760+0000] {processor.py:914} INFO - Processing file /workspaces/meu-projeto-airflow/dags/params_dag.py for tasks to queue
[2026-04-29T00:12:27.762+0000] {logging_mixin.py:190} INFO - [2026-04-29T00:12:27.762+0000] {dagbag.py:588} INFO - Filling up the DagBag from /workspaces/meu-projeto-airflow/dags/params_dag.py
[2026-04-29T00:12:27.774+0000] {processor.py:925} INFO - DAG(s) 'params_dag' retrieved from /workspaces/meu-projeto-airflow/dags/params_dag.py
[2026-04-29T00:12:27.793+0000] {logging_mixin.py:190} INFO - [2026-04-29T00:12:27.793+0000] {dag.py:3239} INFO - Sync 1 DAGs
[2026-04-29T00:12:27.829+0000] {logging_mixin.py:190} INFO - [2026-04-29T00:12:27.828+0000] {dag.py:4180} INFO - Setting next_dagrun for params_dag to None, run_after=None
[2026-04-29T00:12:28.086+0000] {processor.py:208} INFO - Processing /workspaces/meu-projeto-airflow/dags/params_dag.py took 0.342 seconds
[2026-04-29T00:13:23.459+0000] {processor.py:186} INFO - Started process (PID=76826) to work on /workspaces/meu-projeto-airflow/dags/params_dag.py
[2026-04-29T00:13:23.459+0000] {processor.py:914} INFO - Processing file /workspaces/meu-projeto-airflow/dags/params_dag.py for tasks to queue
[2026-04-29T00:13:23.460+0000] {logging_mixin.py:190} INFO - [2026-04-29T00:13:23.460+0000] {dagbag.py:588} INFO - Filling up the DagBag from /workspaces/meu-projeto-airflow/dags/params_dag.py
[2026-04-29T00:13:23.466+0000] {processor.py:925} INFO - DAG(s) 'params_dag' retrieved from /workspaces/meu-projeto-airflow/dags/params_dag.py
[2026-04-29T00:13:23.610+0000] {logging_mixin.py:190} INFO - [2026-04-29T00:13:23.609+0000] {dag.py:3239} INFO - Sync 1 DAGs
[2026-04-29T00:13:23.620+0000] {logging_mixin.py:190} INFO - [2026-04-29T00:13:23.619+0000] {dag.py:4180} INFO - Setting next_dagrun for params_dag to None, run_after=None
[2026-04-29T00:13:23.637+0000] {processor.py:208} INFO - Processing /workspaces/meu-projeto-airflow/dags/params_dag.py took 0.182 seconds
[2026-04-29T00:14:14.569+0000] {processor.py:186} INFO - Started process (PID=77451) to work on /workspaces/meu-projeto-airflow/dags/params_dag.py
[2026-04-29T00:14:14.570+0000] {processor.py:914} INFO - Processing file /workspaces/meu-projeto-airflow/dags/params_dag.py for tasks to queue
[2026-04-29T00:14:14.571+0000] {logging_mixin.py:190} INFO - [2026-04-29T00:14:14.571+0000] {dagbag.py:588} INFO - Filling up the DagBag from /workspaces/meu-projeto-airflow/dags/params_dag.py
[2026-04-29T00:14:14.577+0000] {processor.py:925} INFO - DAG(s) 'params_dag' retrieved from /workspaces/meu-projeto-airflow/dags/params_dag.py
[2026-04-29T00:14:14.594+0000] {logging_mixin.py:190} INFO - [2026-04-29T00:14:14.593+0000] {dag.py:3239} INFO - Sync 1 DAGs
[2026-04-29T00:14:14.603+0000] {logging_mixin.py:190} INFO - [2026-04-29T00:14:14.603+0000] {dag.py:4180} INFO - Setting next_dagrun for params_dag to None, run_after=None
[2026-04-29T00:14:14.621+0000] {processor.py:208} INFO - Processing /workspaces/meu-projeto-airflow/dags/params_dag.py took 0.057 seconds
[2026-04-29T00:14:58.776+0000] {processor.py:186} INFO - Started process (PID=78082) to work on /workspaces/meu-projeto-airflow/dags/params_dag.py
[2026-04-29T00:14:58.776+0000] {processor.py:914} INFO - Processing file /workspaces/meu-projeto-airflow/dags/params_dag.py for tasks to queue
[2026-04-29T00:14:58.777+0000] {logging_mixin.py:190} INFO - [2026-04-29T00:14:58.777+0000] {dagbag.py:588} INFO - Filling up the DagBag from /workspaces/meu-projeto-airflow/dags/params_dag.py
[2026-04-29T00:14:58.783+0000] {processor.py:925} INFO - DAG(s) 'params_dag' retrieved from /workspaces/meu-projeto-airflow/dags/params_dag.py
[2026-04-29T00:14:58.800+0000] {logging_mixin.py:190} INFO - [2026-04-29T00:14:58.799+0000] {dag.py:3239} INFO - Sync 1 DAGs
[2026-04-29T00:14:58.814+0000] {logging_mixin.py:190} INFO - [2026-04-29T00:14:58.814+0000] {dag.py:4180} INFO - Setting next_dagrun for params_dag to None, run_after=None
[2026-04-29T00:14:58.833+0000] {processor.py:208} INFO - Processing /workspaces/meu-projeto-airflow/dags/params_dag.py took 0.062 seconds
[2026-04-29T00:15:43.547+0000] {processor.py:186} INFO - Started process (PID=78529) to work on /workspaces/meu-projeto-airflow/dags/params_dag.py
[2026-04-29T00:15:43.552+0000] {processor.py:914} INFO - Processing file /workspaces/meu-projeto-airflow/dags/params_dag.py for tasks to queue
[2026-04-29T00:15:43.553+0000] {logging_mixin.py:190} INFO - [2026-04-29T00:15:43.553+0000] {dagbag.py:588} INFO - Filling up the DagBag from /workspaces/meu-projeto-airflow/dags/params_dag.py
[2026-04-29T00:15:43.582+0000] {processor.py:925} INFO - DAG(s) 'params_dag' retrieved from /workspaces/meu-projeto-airflow/dags/params_dag.py
[2026-04-29T00:15:43.649+0000] {logging_mixin.py:190} INFO - [2026-04-29T00:15:43.648+0000] {dag.py:3239} INFO - Sync 1 DAGs
[2026-04-29T00:15:43.690+0000] {logging_mixin.py:190} INFO - [2026-04-29T00:15:43.690+0000] {dag.py:4180} INFO - Setting next_dagrun for params_dag to None, run_after=None
[2026-04-29T00:15:43.773+0000] {processor.py:208} INFO - Processing /workspaces/meu-projeto-airflow/dags/params_dag.py took 0.242 seconds
[2026-04-29T00:16:29.480+0000] {processor.py:186} INFO - Started process (PID=79168) to work on /workspaces/meu-projeto-airflow/dags/params_dag.py
[2026-04-29T00:16:29.486+0000] {processor.py:914} INFO - Processing file /workspaces/meu-projeto-airflow/dags/params_dag.py for tasks to queue
[2026-04-29T00:16:29.488+0000] {logging_mixin.py:190} INFO - [2026-04-29T00:16:29.487+0000] {dagbag.py:588} INFO - Filling up the DagBag from /workspaces/meu-projeto-airflow/dags/params_dag.py
[2026-04-29T00:16:29.499+0000] {processor.py:925} INFO - DAG(s) 'params_dag' retrieved from /workspaces/meu-projeto-airflow/dags/params_dag.py
[2026-04-29T00:16:29.520+0000] {logging_mixin.py:190} INFO - [2026-04-29T00:16:29.518+0000] {dag.py:3239} INFO - Sync 1 DAGs
[2026-04-29T00:16:29.538+0000] {logging_mixin.py:190} INFO - [2026-04-29T00:16:29.537+0000] {dag.py:4180} INFO - Setting next_dagrun for params_dag to None, run_after=None
[2026-04-29T00:16:29.582+0000] {processor.py:208} INFO - Processing /workspaces/meu-projeto-airflow/dags/params_dag.py took 0.109 seconds
[2026-04-29T00:17:18.824+0000] {processor.py:186} INFO - Started process (PID=80099) to work on /workspaces/meu-projeto-airflow/dags/params_dag.py
[2026-04-29T00:17:18.825+0000] {processor.py:914} INFO - Processing file /workspaces/meu-projeto-airflow/dags/params_dag.py for tasks to queue
[2026-04-29T00:17:18.826+0000] {logging_mixin.py:190} INFO - [2026-04-29T00:17:18.826+0000] {dagbag.py:588} INFO - Filling up the DagBag from /workspaces/meu-projeto-airflow/dags/params_dag.py
[2026-04-29T00:17:18.834+0000] {processor.py:925} INFO - DAG(s) 'params_dag' retrieved from /workspaces/meu-projeto-airflow/dags/params_dag.py
[2026-04-29T00:17:18.848+0000] {logging_mixin.py:190} INFO - [2026-04-29T00:17:18.847+0000] {dag.py:3239} INFO - Sync 1 DAGs
[2026-04-29T00:17:18.857+0000] {logging_mixin.py:190} INFO - [2026-04-29T00:17:18.857+0000] {dag.py:4180} INFO - Setting next_dagrun for params_dag to None, run_after=None
[2026-04-29T00:17:18.873+0000] {processor.py:208} INFO - Processing /workspaces/meu-projeto-airflow/dags/params_dag.py took 0.054 seconds
[2026-04-29T00:18:12.457+0000] {processor.py:186} INFO - Started process (PID=81169) to work on /workspaces/meu-projeto-airflow/dags/params_dag.py
[2026-04-29T00:18:12.459+0000] {processor.py:914} INFO - Processing file /workspaces/meu-projeto-airflow/dags/params_dag.py for tasks to queue
[2026-04-29T00:18:12.461+0000] {logging_mixin.py:190} INFO - [2026-04-29T00:18:12.460+0000] {dagbag.py:588} INFO - Filling up the DagBag from /workspaces/meu-projeto-airflow/dags/params_dag.py
[2026-04-29T00:18:12.479+0000] {processor.py:925} INFO - DAG(s) 'params_dag' retrieved from /workspaces/meu-projeto-airflow/dags/params_dag.py
[2026-04-29T00:18:12.493+0000] {logging_mixin.py:190} INFO - [2026-04-29T00:18:12.493+0000] {dag.py:3239} INFO - Sync 1 DAGs
[2026-04-29T00:18:12.503+0000] {logging_mixin.py:190} INFO - [2026-04-29T00:18:12.503+0000] {dag.py:4180} INFO - Setting next_dagrun for params_dag to None, run_after=None
[2026-04-29T00:18:12.520+0000] {processor.py:208} INFO - Processing /workspaces/meu-projeto-airflow/dags/params_dag.py took 0.069 seconds
[2026-04-29T00:18:58.970+0000] {processor.py:186} INFO - Started process (PID=82073) to work on /workspaces/meu-projeto-airflow/dags/params_dag.py
[2026-04-29T00:18:58.971+0000] {processor.py:914} INFO - Processing file /workspaces/meu-projeto-airflow/dags/params_dag.py for tasks to queue
[2026-04-29T00:18:58.972+0000] {logging_mixin.py:190} INFO - [2026-04-29T00:18:58.972+0000] {dagbag.py:588} INFO - Filling up the DagBag from /workspaces/meu-projeto-airflow/dags/params_dag.py
[2026-04-29T00:18:58.978+0000] {processor.py:925} INFO - DAG(s) 'params_dag' retrieved from /workspaces/meu-projeto-airflow/dags/params_dag.py
[2026-04-29T00:18:58.992+0000] {logging_mixin.py:190} INFO - [2026-04-29T00:18:58.992+0000] {dag.py:3239} INFO - Sync 1 DAGs
[2026-04-29T00:18:59.002+0000] {logging_mixin.py:190} INFO - [2026-04-29T00:18:59.002+0000] {dag.py:4180} INFO - Setting next_dagrun for params_dag to None, run_after=None
[2026-04-29T00:18:59.020+0000] {processor.py:208} INFO - Processing /workspaces/meu-projeto-airflow/dags/params_dag.py took 0.054 seconds
[2026-04-29T00:19:43.377+0000] {processor.py:186} INFO - Started process (PID=82950) to work on /workspaces/meu-projeto-airflow/dags/params_dag.py
[2026-04-29T00:19:43.378+0000] {processor.py:914} INFO - Processing file /workspaces/meu-projeto-airflow/dags/params_dag.py for tasks to queue
[2026-04-29T00:19:43.379+0000] {logging_mixin.py:190} INFO - [2026-04-29T00:19:43.379+0000] {dagbag.py:588} INFO - Filling up the DagBag from /workspaces/meu-projeto-airflow/dags/params_dag.py
[2026-04-29T00:19:43.386+0000] {processor.py:925} INFO - DAG(s) 'params_dag' retrieved from /workspaces/meu-projeto-airflow/dags/params_dag.py
[2026-04-29T00:19:43.400+0000] {logging_mixin.py:190} INFO - [2026-04-29T00:19:43.399+0000] {dag.py:3239} INFO - Sync 1 DAGs
[2026-04-29T00:19:43.410+0000] {logging_mixin.py:190} INFO - [2026-04-29T00:19:43.409+0000] {dag.py:4180} INFO - Setting next_dagrun for params_dag to None, run_after=None
[2026-04-29T00:19:43.428+0000] {processor.py:208} INFO - Processing /workspaces/meu-projeto-airflow/dags/params_dag.py took 0.057 seconds
[2026-04-29T00:20:27.456+0000] {processor.py:186} INFO - Started process (PID=83826) to work on /workspaces/meu-projeto-airflow/dags/params_dag.py
[2026-04-29T00:20:27.456+0000] {processor.py:914} INFO - Processing file /workspaces/meu-projeto-airflow/dags/params_dag.py for tasks to queue
[2026-04-29T00:20:27.457+0000] {logging_mixin.py:190} INFO - [2026-04-29T00:20:27.457+0000] {dagbag.py:588} INFO - Filling up the DagBag from /workspaces/meu-projeto-airflow/dags/params_dag.py
[2026-04-29T00:20:27.464+0000] {processor.py:925} INFO - DAG(s) 'params_dag' retrieved from /workspaces/meu-projeto-airflow/dags/params_dag.py
[2026-04-29T00:20:27.478+0000] {logging_mixin.py:190} INFO - [2026-04-29T00:20:27.478+0000] {dag.py:3239} INFO - Sync 1 DAGs
[2026-04-29T00:20:27.488+0000] {logging_mixin.py:190} INFO - [2026-04-29T00:20:27.488+0000] {dag.py:4180} INFO - Setting next_dagrun for params_dag to None, run_after=None
[2026-04-29T00:20:27.504+0000] {processor.py:208} INFO - Processing /workspaces/meu-projeto-airflow/dags/params_dag.py took 0.052 seconds
[2026-04-29T00:21:16.320+0000] {processor.py:186} INFO - Started process (PID=84770) to work on /workspaces/meu-projeto-airflow/dags/params_dag.py
[2026-04-29T00:21:16.321+0000] {processor.py:914} INFO - Processing file /workspaces/meu-projeto-airflow/dags/params_dag.py for tasks to queue
[2026-04-29T00:21:16.322+0000] {logging_mixin.py:190} INFO - [2026-04-29T00:21:16.322+0000] {dagbag.py:588} INFO - Filling up the DagBag from /workspaces/meu-projeto-airflow/dags/params_dag.py
[2026-04-29T00:21:16.330+0000] {processor.py:925} INFO - DAG(s) 'params_dag' retrieved from /workspaces/meu-projeto-airflow/dags/params_dag.py
[2026-04-29T00:21:16.345+0000] {logging_mixin.py:190} INFO - [2026-04-29T00:21:16.345+0000] {dag.py:3239} INFO - Sync 1 DAGs
[2026-04-29T00:21:16.356+0000] {logging_mixin.py:190} INFO - [2026-04-29T00:21:16.356+0000] {dag.py:4180} INFO - Setting next_dagrun for params_dag to None, run_after=None
[2026-04-29T00:21:16.372+0000] {processor.py:208} INFO - Processing /workspaces/meu-projeto-airflow/dags/params_dag.py took 0.058 seconds
[2026-04-29T00:21:59.775+0000] {processor.py:186} INFO - Started process (PID=85621) to work on /workspaces/meu-projeto-airflow/dags/params_dag.py
[2026-04-29T00:21:59.777+0000] {processor.py:914} INFO - Processing file /workspaces/meu-projeto-airflow/dags/params_dag.py for tasks to queue
[2026-04-29T00:21:59.778+0000] {logging_mixin.py:190} INFO - [2026-04-29T00:21:59.778+0000] {dagbag.py:588} INFO - Filling up the DagBag from /workspaces/meu-projeto-airflow/dags/params_dag.py
[2026-04-29T00:21:59.788+0000] {processor.py:925} INFO - DAG(s) 'params_dag' retrieved from /workspaces/meu-projeto-airflow/dags/params_dag.py
[2026-04-29T00:21:59.809+0000] {logging_mixin.py:190} INFO - [2026-04-29T00:21:59.809+0000] {dag.py:3239} INFO - Sync 1 DAGs
[2026-04-29T00:21:59.836+0000] {logging_mixin.py:190} INFO - [2026-04-29T00:21:59.836+0000] {dag.py:4180} INFO - Setting next_dagrun for params_dag to None, run_after=None
[2026-04-29T00:21:59.876+0000] {processor.py:208} INFO - Processing /workspaces/meu-projeto-airflow/dags/params_dag.py took 0.107 seconds
[2026-04-29T00:22:43.976+0000] {processor.py:186} INFO - Started process (PID=86518) to work on /workspaces/meu-projeto-airflow/dags/params_dag.py
[2026-04-29T00:22:43.977+0000] {processor.py:914} INFO - Processing file /workspaces/meu-projeto-airflow/dags/params_dag.py for tasks to queue
[2026-04-29T00:22:43.978+0000] {logging_mixin.py:190} INFO - [2026-04-29T00:22:43.978+0000] {dagbag.py:588} INFO - Filling up the DagBag from /workspaces/meu-projeto-airflow/dags/params_dag.py
[2026-04-29T00:22:43.984+0000] {processor.py:925} INFO - DAG(s) 'params_dag' retrieved from /workspaces/meu-projeto-airflow/dags/params_dag.py
[2026-04-29T00:22:43.997+0000] {logging_mixin.py:190} INFO - [2026-04-29T00:22:43.997+0000] {dag.py:3239} INFO - Sync 1 DAGs
[2026-04-29T00:22:44.007+0000] {logging_mixin.py:190} INFO - [2026-04-29T00:22:44.007+0000] {dag.py:4180} INFO - Setting next_dagrun for params_dag to None, run_after=None
[2026-04-29T00:22:44.025+0000] {processor.py:208} INFO - Processing /workspaces/meu-projeto-airflow/dags/params_dag.py took 0.054 seconds
[2026-04-29T00:23:30.239+0000] {processor.py:186} INFO - Started process (PID=87403) to work on /workspaces/meu-projeto-airflow/dags/params_dag.py
[2026-04-29T00:23:30.240+0000] {processor.py:914} INFO - Processing file /workspaces/meu-projeto-airflow/dags/params_dag.py for tasks to queue
[2026-04-29T00:23:30.241+0000] {logging_mixin.py:190} INFO - [2026-04-29T00:23:30.241+0000] {dagbag.py:588} INFO - Filling up the DagBag from /workspaces/meu-projeto-airflow/dags/params_dag.py
[2026-04-29T00:23:30.247+0000] {processor.py:925} INFO - DAG(s) 'params_dag' retrieved from /workspaces/meu-projeto-airflow/dags/params_dag.py
[2026-04-29T00:23:30.261+0000] {logging_mixin.py:190} INFO - [2026-04-29T00:23:30.261+0000] {dag.py:3239} INFO - Sync 1 DAGs
[2026-04-29T00:23:30.271+0000] {logging_mixin.py:190} INFO - [2026-04-29T00:23:30.271+0000] {dag.py:4180} INFO - Setting next_dagrun for params_dag to None, run_after=None
[2026-04-29T00:23:30.288+0000] {processor.py:208} INFO - Processing /workspaces/meu-projeto-airflow/dags/params_dag.py took 0.055 seconds
[2026-04-29T00:24:16.861+0000] {processor.py:186} INFO - Started process (PID=88333) to work on /workspaces/meu-projeto-airflow/dags/params_dag.py
[2026-04-29T00:24:16.862+0000] {processor.py:914} INFO - Processing file /workspaces/meu-projeto-airflow/dags/params_dag.py for tasks to queue
[2026-04-29T00:24:16.863+0000] {logging_mixin.py:190} INFO - [2026-04-29T00:24:16.862+0000] {dagbag.py:588} INFO - Filling up the DagBag from /workspaces/meu-projeto-airflow/dags/params_dag.py
[2026-04-29T00:24:16.870+0000] {processor.py:925} INFO - DAG(s) 'params_dag' retrieved from /workspaces/meu-projeto-airflow/dags/params_dag.py
[2026-04-29T00:24:16.884+0000] {logging_mixin.py:190} INFO - [2026-04-29T00:24:16.884+0000] {dag.py:3239} INFO - Sync 1 DAGs
[2026-04-29T00:24:16.894+0000] {logging_mixin.py:190} INFO - [2026-04-29T00:24:16.894+0000] {dag.py:4180} INFO - Setting next_dagrun for params_dag to None, run_after=None
[2026-04-29T00:24:16.911+0000] {processor.py:208} INFO - Processing /workspaces/meu-projeto-airflow/dags/params_dag.py took 0.055 seconds
[2026-04-29T00:25:01.234+0000] {processor.py:186} INFO - Started process (PID=89215) to work on /workspaces/meu-projeto-airflow/dags/params_dag.py
[2026-04-29T00:25:01.235+0000] {processor.py:914} INFO - Processing file /workspaces/meu-projeto-airflow/dags/params_dag.py for tasks to queue
[2026-04-29T00:25:01.236+0000] {logging_mixin.py:190} INFO - [2026-04-29T00:25:01.236+0000] {dagbag.py:588} INFO - Filling up the DagBag from /workspaces/meu-projeto-airflow/dags/params_dag.py
[2026-04-29T00:25:01.242+0000] {processor.py:925} INFO - DAG(s) 'params_dag' retrieved from /workspaces/meu-projeto-airflow/dags/params_dag.py
[2026-04-29T00:25:01.256+0000] {logging_mixin.py:190} INFO - [2026-04-29T00:25:01.256+0000] {dag.py:3239} INFO - Sync 1 DAGs
[2026-04-29T00:25:01.267+0000] {logging_mixin.py:190} INFO - [2026-04-29T00:25:01.267+0000] {dag.py:4180} INFO - Setting next_dagrun for params_dag to None, run_after=None
[2026-04-29T00:25:01.283+0000] {processor.py:208} INFO - Processing /workspaces/meu-projeto-airflow/dags/params_dag.py took 0.053 seconds
[2026-04-29T00:25:47.092+0000] {processor.py:186} INFO - Started process (PID=90162) to work on /workspaces/meu-projeto-airflow/dags/params_dag.py
[2026-04-29T00:25:47.093+0000] {processor.py:914} INFO - Processing file /workspaces/meu-projeto-airflow/dags/params_dag.py for tasks to queue
[2026-04-29T00:25:47.094+0000] {logging_mixin.py:190} INFO - [2026-04-29T00:25:47.094+0000] {dagbag.py:588} INFO - Filling up the DagBag from /workspaces/meu-projeto-airflow/dags/params_dag.py
[2026-04-29T00:25:47.101+0000] {processor.py:925} INFO - DAG(s) 'params_dag' retrieved from /workspaces/meu-projeto-airflow/dags/params_dag.py
[2026-04-29T00:25:47.115+0000] {logging_mixin.py:190} INFO - [2026-04-29T00:25:47.115+0000] {dag.py:3239} INFO - Sync 1 DAGs
[2026-04-29T00:25:47.129+0000] {logging_mixin.py:190} INFO - [2026-04-29T00:25:47.128+0000] {dag.py:4180} INFO - Setting next_dagrun for params_dag to None, run_after=None
[2026-04-29T00:25:47.147+0000] {processor.py:208} INFO - Processing /workspaces/meu-projeto-airflow/dags/params_dag.py took 0.060 seconds
[2026-04-29T00:26:32.624+0000] {processor.py:186} INFO - Started process (PID=91057) to work on /workspaces/meu-projeto-airflow/dags/params_dag.py
[2026-04-29T00:26:32.625+0000] {processor.py:914} INFO - Processing file /workspaces/meu-projeto-airflow/dags/params_dag.py for tasks to queue
[2026-04-29T00:26:32.627+0000] {logging_mixin.py:190} INFO - [2026-04-29T00:26:32.626+0000] {dagbag.py:588} INFO - Filling up the DagBag from /workspaces/meu-projeto-airflow/dags/params_dag.py
[2026-04-29T00:26:32.634+0000] {processor.py:925} INFO - DAG(s) 'params_dag' retrieved from /workspaces/meu-projeto-airflow/dags/params_dag.py
[2026-04-29T00:26:32.648+0000] {logging_mixin.py:190} INFO - [2026-04-29T00:26:32.648+0000] {dag.py:3239} INFO - Sync 1 DAGs
[2026-04-29T00:26:32.658+0000] {logging_mixin.py:190} INFO - [2026-04-29T00:26:32.658+0000] {dag.py:4180} INFO - Setting next_dagrun for params_dag to None, run_after=None
[2026-04-29T00:26:32.674+0000] {processor.py:208} INFO - Processing /workspaces/meu-projeto-airflow/dags/params_dag.py took 0.055 seconds
[2026-04-29T00:27:20.590+0000] {processor.py:186} INFO - Started process (PID=92001) to work on /workspaces/meu-projeto-airflow/dags/params_dag.py
[2026-04-29T00:27:20.591+0000] {processor.py:914} INFO - Processing file /workspaces/meu-projeto-airflow/dags/params_dag.py for tasks to queue
[2026-04-29T00:27:20.592+0000] {logging_mixin.py:190} INFO - [2026-04-29T00:27:20.591+0000] {dagbag.py:588} INFO - Filling up the DagBag from /workspaces/meu-projeto-airflow/dags/params_dag.py
[2026-04-29T00:27:20.598+0000] {processor.py:925} INFO - DAG(s) 'params_dag' retrieved from /workspaces/meu-projeto-airflow/dags/params_dag.py
[2026-04-29T00:27:20.613+0000] {logging_mixin.py:190} INFO - [2026-04-29T00:27:20.612+0000] {dag.py:3239} INFO - Sync 1 DAGs
[2026-04-29T00:27:20.626+0000] {logging_mixin.py:190} INFO - [2026-04-29T00:27:20.626+0000] {dag.py:4180} INFO - Setting next_dagrun for params_dag to None, run_after=None
[2026-04-29T00:27:20.645+0000] {processor.py:208} INFO - Processing /workspaces/meu-projeto-airflow/dags/params_dag.py took 0.060 seconds
[2026-04-29T00:28:22.201+0000] {processor.py:186} INFO - Started process (PID=93280) to work on /workspaces/meu-projeto-airflow/dags/params_dag.py
[2026-04-29T00:28:22.203+0000] {processor.py:914} INFO - Processing file /workspaces/meu-projeto-airflow/dags/params_dag.py for tasks to queue
[2026-04-29T00:28:22.205+0000] {logging_mixin.py:190} INFO - [2026-04-29T00:28:22.204+0000] {dagbag.py:588} INFO - Filling up the DagBag from /workspaces/meu-projeto-airflow/dags/params_dag.py
[2026-04-29T00:28:22.216+0000] {processor.py:925} INFO - DAG(s) 'params_dag' retrieved from /workspaces/meu-projeto-airflow/dags/params_dag.py
[2026-04-29T00:28:22.239+0000] {logging_mixin.py:190} INFO - [2026-04-29T00:28:22.238+0000] {dag.py:3239} INFO - Sync 1 DAGs
[2026-04-29T00:28:22.253+0000] {logging_mixin.py:190} INFO - [2026-04-29T00:28:22.252+0000] {dag.py:4180} INFO - Setting next_dagrun for params_dag to None, run_after=None
[2026-04-29T00:28:22.271+0000] {processor.py:208} INFO - Processing /workspaces/meu-projeto-airflow/dags/params_dag.py took 0.088 seconds
[2026-04-29T00:29:19.365+0000] {processor.py:186} INFO - Started process (PID=94402) to work on /workspaces/meu-projeto-airflow/dags/params_dag.py
[2026-04-29T00:29:19.366+0000] {processor.py:914} INFO - Processing file /workspaces/meu-projeto-airflow/dags/params_dag.py for tasks to queue
[2026-04-29T00:29:19.367+0000] {logging_mixin.py:190} INFO - [2026-04-29T00:29:19.367+0000] {dagbag.py:588} INFO - Filling up the DagBag from /workspaces/meu-projeto-airflow/dags/params_dag.py
[2026-04-29T00:29:19.373+0000] {processor.py:925} INFO - DAG(s) 'params_dag' retrieved from /workspaces/meu-projeto-airflow/dags/params_dag.py
[2026-04-29T00:29:19.387+0000] {logging_mixin.py:190} INFO - [2026-04-29T00:29:19.386+0000] {dag.py:3239} INFO - Sync 1 DAGs
[2026-04-29T00:29:19.396+0000] {logging_mixin.py:190} INFO - [2026-04-29T00:29:19.396+0000] {dag.py:4180} INFO - Setting next_dagrun for params_dag to None, run_after=None
[2026-04-29T00:29:19.414+0000] {processor.py:208} INFO - Processing /workspaces/meu-projeto-airflow/dags/params_dag.py took 0.053 seconds
[2026-04-29T00:30:04.644+0000] {processor.py:186} INFO - Started process (PID=95318) to work on /workspaces/meu-projeto-airflow/dags/params_dag.py
[2026-04-29T00:30:04.645+0000] {processor.py:914} INFO - Processing file /workspaces/meu-projeto-airflow/dags/params_dag.py for tasks to queue
[2026-04-29T00:30:04.646+0000] {logging_mixin.py:190} INFO - [2026-04-29T00:30:04.646+0000] {dagbag.py:588} INFO - Filling up the DagBag from /workspaces/meu-projeto-airflow/dags/params_dag.py
[2026-04-29T00:30:04.652+0000] {processor.py:925} INFO - DAG(s) 'params_dag' retrieved from /workspaces/meu-projeto-airflow/dags/params_dag.py
[2026-04-29T00:30:04.666+0000] {logging_mixin.py:190} INFO - [2026-04-29T00:30:04.666+0000] {dag.py:3239} INFO - Sync 1 DAGs
[2026-04-29T00:30:04.676+0000] {logging_mixin.py:190} INFO - [2026-04-29T00:30:04.676+0000] {dag.py:4180} INFO - Setting next_dagrun for params_dag to None, run_after=None
[2026-04-29T00:30:04.692+0000] {processor.py:208} INFO - Processing /workspaces/meu-projeto-airflow/dags/params_dag.py took 0.053 seconds
[2026-04-29T00:30:47.109+0000] {processor.py:186} INFO - Started process (PID=96188) to work on /workspaces/meu-projeto-airflow/dags/params_dag.py
[2026-04-29T00:30:47.110+0000] {processor.py:914} INFO - Processing file /workspaces/meu-projeto-airflow/dags/params_dag.py for tasks to queue
[2026-04-29T00:30:47.111+0000] {logging_mixin.py:190} INFO - [2026-04-29T00:30:47.111+0000] {dagbag.py:588} INFO - Filling up the DagBag from /workspaces/meu-projeto-airflow/dags/params_dag.py
[2026-04-29T00:30:47.119+0000] {processor.py:925} INFO - DAG(s) 'params_dag' retrieved from /workspaces/meu-projeto-airflow/dags/params_dag.py
[2026-04-29T00:30:47.136+0000] {logging_mixin.py:190} INFO - [2026-04-29T00:30:47.136+0000] {dag.py:3239} INFO - Sync 1 DAGs
[2026-04-29T00:30:47.146+0000] {logging_mixin.py:190} INFO - [2026-04-29T00:30:47.146+0000] {dag.py:4180} INFO - Setting next_dagrun for params_dag to None, run_after=None
[2026-04-29T00:30:47.163+0000] {processor.py:208} INFO - Processing /workspaces/meu-projeto-airflow/dags/params_dag.py took 0.059 seconds
[2026-04-29T00:31:30.803+0000] {processor.py:186} INFO - Started process (PID=97016) to work on /workspaces/meu-projeto-airflow/dags/params_dag.py
[2026-04-29T00:31:30.803+0000] {processor.py:914} INFO - Processing file /workspaces/meu-projeto-airflow/dags/params_dag.py for tasks to queue
[2026-04-29T00:31:30.804+0000] {logging_mixin.py:190} INFO - [2026-04-29T00:31:30.804+0000] {dagbag.py:588} INFO - Filling up the DagBag from /workspaces/meu-projeto-airflow/dags/params_dag.py
[2026-04-29T00:31:30.811+0000] {processor.py:925} INFO - DAG(s) 'params_dag' retrieved from /workspaces/meu-projeto-airflow/dags/params_dag.py
[2026-04-29T00:31:30.829+0000] {logging_mixin.py:190} INFO - [2026-04-29T00:31:30.828+0000] {dag.py:3239} INFO - Sync 1 DAGs
[2026-04-29T00:31:30.841+0000] {logging_mixin.py:190} INFO - [2026-04-29T00:31:30.840+0000] {dag.py:4180} INFO - Setting next_dagrun for params_dag to None, run_after=None
[2026-04-29T00:31:30.857+0000] {processor.py:208} INFO - Processing /workspaces/meu-projeto-airflow/dags/params_dag.py took 0.058 seconds
[2026-04-29T00:32:17.121+0000] {processor.py:186} INFO - Started process (PID=97981) to work on /workspaces/meu-projeto-airflow/dags/params_dag.py
[2026-04-29T00:32:17.122+0000] {processor.py:914} INFO - Processing file /workspaces/meu-projeto-airflow/dags/params_dag.py for tasks to queue
[2026-04-29T00:32:17.123+0000] {logging_mixin.py:190} INFO - [2026-04-29T00:32:17.123+0000] {dagbag.py:588} INFO - Filling up the DagBag from /workspaces/meu-projeto-airflow/dags/params_dag.py
[2026-04-29T00:32:17.131+0000] {processor.py:925} INFO - DAG(s) 'params_dag' retrieved from /workspaces/meu-projeto-airflow/dags/params_dag.py
[2026-04-29T00:32:17.146+0000] {logging_mixin.py:190} INFO - [2026-04-29T00:32:17.146+0000] {dag.py:3239} INFO - Sync 1 DAGs
[2026-04-29T00:32:17.156+0000] {logging_mixin.py:190} INFO - [2026-04-29T00:32:17.156+0000] {dag.py:4180} INFO - Setting next_dagrun for params_dag to None, run_after=None
[2026-04-29T00:32:17.172+0000] {processor.py:208} INFO - Processing /workspaces/meu-projeto-airflow/dags/params_dag.py took 0.057 seconds
[2026-04-29T00:33:02.181+0000] {processor.py:186} INFO - Started process (PID=98860) to work on /workspaces/meu-projeto-airflow/dags/params_dag.py
[2026-04-29T00:33:02.181+0000] {processor.py:914} INFO - Processing file /workspaces/meu-projeto-airflow/dags/params_dag.py for tasks to queue
[2026-04-29T00:33:02.182+0000] {logging_mixin.py:190} INFO - [2026-04-29T00:33:02.182+0000] {dagbag.py:588} INFO - Filling up the DagBag from /workspaces/meu-projeto-airflow/dags/params_dag.py
[2026-04-29T00:33:02.189+0000] {processor.py:925} INFO - DAG(s) 'params_dag' retrieved from /workspaces/meu-projeto-airflow/dags/params_dag.py
[2026-04-29T00:33:02.203+0000] {logging_mixin.py:190} INFO - [2026-04-29T00:33:02.203+0000] {dag.py:3239} INFO - Sync 1 DAGs
[2026-04-29T00:33:02.213+0000] {logging_mixin.py:190} INFO - [2026-04-29T00:33:02.213+0000] {dag.py:4180} INFO - Setting next_dagrun for params_dag to None, run_after=None
[2026-04-29T00:33:02.235+0000] {processor.py:208} INFO - Processing /workspaces/meu-projeto-airflow/dags/params_dag.py took 0.059 seconds
[2026-04-29T00:33:48.865+0000] {processor.py:186} INFO - Started process (PID=99772) to work on /workspaces/meu-projeto-airflow/dags/params_dag.py
[2026-04-29T00:33:48.866+0000] {processor.py:914} INFO - Processing file /workspaces/meu-projeto-airflow/dags/params_dag.py for tasks to queue
[2026-04-29T00:33:48.867+0000] {logging_mixin.py:190} INFO - [2026-04-29T00:33:48.867+0000] {dagbag.py:588} INFO - Filling up the DagBag from /workspaces/meu-projeto-airflow/dags/params_dag.py
[2026-04-29T00:33:48.876+0000] {processor.py:925} INFO - DAG(s) 'params_dag' retrieved from /workspaces/meu-projeto-airflow/dags/params_dag.py
[2026-04-29T00:33:48.910+0000] {logging_mixin.py:190} INFO - [2026-04-29T00:33:48.910+0000] {dag.py:3239} INFO - Sync 1 DAGs
[2026-04-29T00:33:48.943+0000] {logging_mixin.py:190} INFO - [2026-04-29T00:33:48.943+0000] {dag.py:4180} INFO - Setting next_dagrun for params_dag to None, run_after=None
[2026-04-29T00:33:49.001+0000] {processor.py:208} INFO - Processing /workspaces/meu-projeto-airflow/dags/params_dag.py took 0.143 seconds
[2026-04-29T00:34:37.150+0000] {processor.py:186} INFO - Started process (PID=100772) to work on /workspaces/meu-projeto-airflow/dags/params_dag.py
[2026-04-29T00:34:37.150+0000] {processor.py:914} INFO - Processing file /workspaces/meu-projeto-airflow/dags/params_dag.py for tasks to queue
[2026-04-29T00:34:37.151+0000] {logging_mixin.py:190} INFO - [2026-04-29T00:34:37.151+0000] {dagbag.py:588} INFO - Filling up the DagBag from /workspaces/meu-projeto-airflow/dags/params_dag.py
[2026-04-29T00:34:37.158+0000] {processor.py:925} INFO - DAG(s) 'params_dag' retrieved from /workspaces/meu-projeto-airflow/dags/params_dag.py
[2026-04-29T00:34:37.172+0000] {logging_mixin.py:190} INFO - [2026-04-29T00:34:37.172+0000] {dag.py:3239} INFO - Sync 1 DAGs
[2026-04-29T00:34:37.182+0000] {logging_mixin.py:190} INFO - [2026-04-29T00:34:37.182+0000] {dag.py:4180} INFO - Setting next_dagrun for params_dag to None, run_after=None
[2026-04-29T00:34:37.199+0000] {processor.py:208} INFO - Processing /workspaces/meu-projeto-airflow/dags/params_dag.py took 0.054 seconds
[2026-04-29T00:35:23.633+0000] {processor.py:186} INFO - Started process (PID=101660) to work on /workspaces/meu-projeto-airflow/dags/params_dag.py
[2026-04-29T00:35:23.634+0000] {processor.py:914} INFO - Processing file /workspaces/meu-projeto-airflow/dags/params_dag.py for tasks to queue
[2026-04-29T00:35:23.635+0000] {logging_mixin.py:190} INFO - [2026-04-29T00:35:23.634+0000] {dagbag.py:588} INFO - Filling up the DagBag from /workspaces/meu-projeto-airflow/dags/params_dag.py
[2026-04-29T00:35:23.641+0000] {processor.py:925} INFO - DAG(s) 'params_dag' retrieved from /workspaces/meu-projeto-airflow/dags/params_dag.py
[2026-04-29T00:35:23.655+0000] {logging_mixin.py:190} INFO - [2026-04-29T00:35:23.655+0000] {dag.py:3239} INFO - Sync 1 DAGs
[2026-04-29T00:35:23.665+0000] {logging_mixin.py:190} INFO - [2026-04-29T00:35:23.664+0000] {dag.py:4180} INFO - Setting next_dagrun for params_dag to None, run_after=None
[2026-04-29T00:35:23.681+0000] {processor.py:208} INFO - Processing /workspaces/meu-projeto-airflow/dags/params_dag.py took 0.054 seconds
[2026-04-29T00:36:10.439+0000] {processor.py:186} INFO - Started process (PID=102586) to work on /workspaces/meu-projeto-airflow/dags/params_dag.py
[2026-04-29T00:36:10.440+0000] {processor.py:914} INFO - Processing file /workspaces/meu-projeto-airflow/dags/params_dag.py for tasks to queue
[2026-04-29T00:36:10.441+0000] {logging_mixin.py:190} INFO - [2026-04-29T00:36:10.440+0000] {dagbag.py:588} INFO - Filling up the DagBag from /workspaces/meu-projeto-airflow/dags/params_dag.py
[2026-04-29T00:36:10.448+0000] {processor.py:925} INFO - DAG(s) 'params_dag' retrieved from /workspaces/meu-projeto-airflow/dags/params_dag.py
[2026-04-29T00:36:10.462+0000] {logging_mixin.py:190} INFO - [2026-04-29T00:36:10.462+0000] {dag.py:3239} INFO - Sync 1 DAGs
[2026-04-29T00:36:10.472+0000] {logging_mixin.py:190} INFO - [2026-04-29T00:36:10.472+0000] {dag.py:4180} INFO - Setting next_dagrun for params_dag to None, run_after=None
[2026-04-29T00:36:10.488+0000] {processor.py:208} INFO - Processing /workspaces/meu-projeto-airflow/dags/params_dag.py took 0.054 seconds
[2026-04-29T00:36:56.572+0000] {processor.py:186} INFO - Started process (PID=103516) to work on /workspaces/meu-projeto-airflow/dags/params_dag.py
[2026-04-29T00:36:56.573+0000] {processor.py:914} INFO - Processing file /workspaces/meu-projeto-airflow/dags/params_dag.py for tasks to queue
[2026-04-29T00:36:56.575+0000] {logging_mixin.py:190} INFO - [2026-04-29T00:36:56.574+0000] {dagbag.py:588} INFO - Filling up the DagBag from /workspaces/meu-projeto-airflow/dags/params_dag.py
[2026-04-29T00:36:56.583+0000] {processor.py:925} INFO - DAG(s) 'params_dag' retrieved from /workspaces/meu-projeto-airflow/dags/params_dag.py
[2026-04-29T00:36:56.604+0000] {logging_mixin.py:190} INFO - [2026-04-29T00:36:56.603+0000] {dag.py:3239} INFO - Sync 1 DAGs
[2026-04-29T00:36:56.621+0000] {logging_mixin.py:190} INFO - [2026-04-29T00:36:56.621+0000] {dag.py:4180} INFO - Setting next_dagrun for params_dag to None, run_after=None
[2026-04-29T00:36:56.646+0000] {processor.py:208} INFO - Processing /workspaces/meu-projeto-airflow/dags/params_dag.py took 0.082 seconds
[2026-04-29T00:37:40.639+0000] {processor.py:186} INFO - Started process (PID=104394) to work on /workspaces/meu-projeto-airflow/dags/params_dag.py
[2026-04-29T00:37:40.639+0000] {processor.py:914} INFO - Processing file /workspaces/meu-projeto-airflow/dags/params_dag.py for tasks to queue
[2026-04-29T00:37:40.640+0000] {logging_mixin.py:190} INFO - [2026-04-29T00:37:40.640+0000] {dagbag.py:588} INFO - Filling up the DagBag from /workspaces/meu-projeto-airflow/dags/params_dag.py
[2026-04-29T00:37:40.646+0000] {processor.py:925} INFO - DAG(s) 'params_dag' retrieved from /workspaces/meu-projeto-airflow/dags/params_dag.py
[2026-04-29T00:37:40.660+0000] {logging_mixin.py:190} INFO - [2026-04-29T00:37:40.660+0000] {dag.py:3239} INFO - Sync 1 DAGs
[2026-04-29T00:37:40.670+0000] {logging_mixin.py:190} INFO - [2026-04-29T00:37:40.669+0000] {dag.py:4180} INFO - Setting next_dagrun for params_dag to None, run_after=None
[2026-04-29T00:37:40.685+0000] {processor.py:208} INFO - Processing /workspaces/meu-projeto-airflow/dags/params_dag.py took 0.051 seconds
[2026-04-29T00:38:25.911+0000] {processor.py:186} INFO - Started process (PID=105292) to work on /workspaces/meu-projeto-airflow/dags/params_dag.py
[2026-04-29T00:38:25.916+0000] {processor.py:914} INFO - Processing file /workspaces/meu-projeto-airflow/dags/params_dag.py for tasks to queue
[2026-04-29T00:38:25.918+0000] {logging_mixin.py:190} INFO - [2026-04-29T00:38:25.917+0000] {dagbag.py:588} INFO - Filling up the DagBag from /workspaces/meu-projeto-airflow/dags/params_dag.py
[2026-04-29T00:38:25.934+0000] {processor.py:925} INFO - DAG(s) 'params_dag' retrieved from /workspaces/meu-projeto-airflow/dags/params_dag.py
[2026-04-29T00:38:25.970+0000] {logging_mixin.py:190} INFO - [2026-04-29T00:38:25.969+0000] {dag.py:3239} INFO - Sync 1 DAGs
[2026-04-29T00:38:26.011+0000] {logging_mixin.py:190} INFO - [2026-04-29T00:38:26.011+0000] {dag.py:4180} INFO - Setting next_dagrun for params_dag to None, run_after=None
[2026-04-29T00:38:26.055+0000] {processor.py:208} INFO - Processing /workspaces/meu-projeto-airflow/dags/params_dag.py took 0.158 seconds
[2026-04-29T00:39:11.818+0000] {processor.py:186} INFO - Started process (PID=106228) to work on /workspaces/meu-projeto-airflow/dags/params_dag.py
[2026-04-29T00:39:11.819+0000] {processor.py:914} INFO - Processing file /workspaces/meu-projeto-airflow/dags/params_dag.py for tasks to queue
[2026-04-29T00:39:11.821+0000] {logging_mixin.py:190} INFO - [2026-04-29T00:39:11.820+0000] {dagbag.py:588} INFO - Filling up the DagBag from /workspaces/meu-projeto-airflow/dags/params_dag.py
[2026-04-29T00:39:11.829+0000] {processor.py:925} INFO - DAG(s) 'params_dag' retrieved from /workspaces/meu-projeto-airflow/dags/params_dag.py
[2026-04-29T00:39:11.846+0000] {logging_mixin.py:190} INFO - [2026-04-29T00:39:11.846+0000] {dag.py:3239} INFO - Sync 1 DAGs
[2026-04-29T00:39:11.856+0000] {logging_mixin.py:190} INFO - [2026-04-29T00:39:11.856+0000] {dag.py:4180} INFO - Setting next_dagrun for params_dag to None, run_after=None
[2026-04-29T00:39:11.872+0000] {processor.py:208} INFO - Processing /workspaces/meu-projeto-airflow/dags/params_dag.py took 0.058 seconds
[2026-04-29T00:39:54.919+0000] {processor.py:186} INFO - Started process (PID=107078) to work on /workspaces/meu-projeto-airflow/dags/params_dag.py
[2026-04-29T00:39:54.920+0000] {processor.py:914} INFO - Processing file /workspaces/meu-projeto-airflow/dags/params_dag.py for tasks to queue
[2026-04-29T00:39:54.922+0000] {logging_mixin.py:190} INFO - [2026-04-29T00:39:54.921+0000] {dagbag.py:588} INFO - Filling up the DagBag from /workspaces/meu-projeto-airflow/dags/params_dag.py
[2026-04-29T00:39:54.929+0000] {processor.py:925} INFO - DAG(s) 'params_dag' retrieved from /workspaces/meu-projeto-airflow/dags/params_dag.py
[2026-04-29T00:39:54.945+0000] {logging_mixin.py:190} INFO - [2026-04-29T00:39:54.944+0000] {dag.py:3239} INFO - Sync 1 DAGs
[2026-04-29T00:39:54.955+0000] {logging_mixin.py:190} INFO - [2026-04-29T00:39:54.955+0000] {dag.py:4180} INFO - Setting next_dagrun for params_dag to None, run_after=None
[2026-04-29T00:39:54.971+0000] {processor.py:208} INFO - Processing /workspaces/meu-projeto-airflow/dags/params_dag.py took 0.058 seconds
[2026-04-29T00:40:37.826+0000] {processor.py:186} INFO - Started process (PID=107959) to work on /workspaces/meu-projeto-airflow/dags/params_dag.py
[2026-04-29T00:40:37.827+0000] {processor.py:914} INFO - Processing file /workspaces/meu-projeto-airflow/dags/params_dag.py for tasks to queue
[2026-04-29T00:40:37.828+0000] {logging_mixin.py:190} INFO - [2026-04-29T00:40:37.828+0000] {dagbag.py:588} INFO - Filling up the DagBag from /workspaces/meu-projeto-airflow/dags/params_dag.py
[2026-04-29T00:40:37.835+0000] {processor.py:925} INFO - DAG(s) 'params_dag' retrieved from /workspaces/meu-projeto-airflow/dags/params_dag.py
[2026-04-29T00:40:37.852+0000] {logging_mixin.py:190} INFO - [2026-04-29T00:40:37.852+0000] {dag.py:3239} INFO - Sync 1 DAGs
[2026-04-29T00:40:37.868+0000] {logging_mixin.py:190} INFO - [2026-04-29T00:40:37.867+0000] {dag.py:4180} INFO - Setting next_dagrun for params_dag to None, run_after=None
[2026-04-29T00:40:37.895+0000] {processor.py:208} INFO - Processing /workspaces/meu-projeto-airflow/dags/params_dag.py took 0.075 seconds
[2026-04-29T00:41:21.933+0000] {processor.py:186} INFO - Started process (PID=108827) to work on /workspaces/meu-projeto-airflow/dags/params_dag.py
[2026-04-29T00:41:21.934+0000] {processor.py:914} INFO - Processing file /workspaces/meu-projeto-airflow/dags/params_dag.py for tasks to queue
[2026-04-29T00:41:21.938+0000] {logging_mixin.py:190} INFO - [2026-04-29T00:41:21.937+0000] {dagbag.py:588} INFO - Filling up the DagBag from /workspaces/meu-projeto-airflow/dags/params_dag.py
[2026-04-29T00:41:21.952+0000] {processor.py:925} INFO - DAG(s) 'params_dag' retrieved from /workspaces/meu-projeto-airflow/dags/params_dag.py
[2026-04-29T00:41:21.967+0000] {logging_mixin.py:190} INFO - [2026-04-29T00:41:21.966+0000] {dag.py:3239} INFO - Sync 1 DAGs
[2026-04-29T00:41:21.995+0000] {logging_mixin.py:190} INFO - [2026-04-29T00:41:21.995+0000] {dag.py:4180} INFO - Setting next_dagrun for params_dag to None, run_after=None
[2026-04-29T00:41:22.055+0000] {processor.py:208} INFO - Processing /workspaces/meu-projeto-airflow/dags/params_dag.py took 0.131 seconds
[2026-04-29T00:42:05.481+0000] {processor.py:186} INFO - Started process (PID=109693) to work on /workspaces/meu-projeto-airflow/dags/params_dag.py
[2026-04-29T00:42:05.482+0000] {processor.py:914} INFO - Processing file /workspaces/meu-projeto-airflow/dags/params_dag.py for tasks to queue
[2026-04-29T00:42:05.483+0000] {logging_mixin.py:190} INFO - [2026-04-29T00:42:05.483+0000] {dagbag.py:588} INFO - Filling up the DagBag from /workspaces/meu-projeto-airflow/dags/params_dag.py
[2026-04-29T00:42:05.490+0000] {processor.py:925} INFO - DAG(s) 'params_dag' retrieved from /workspaces/meu-projeto-airflow/dags/params_dag.py
[2026-04-29T00:42:05.504+0000] {logging_mixin.py:190} INFO - [2026-04-29T00:42:05.504+0000] {dag.py:3239} INFO - Sync 1 DAGs
[2026-04-29T00:42:05.517+0000] {logging_mixin.py:190} INFO - [2026-04-29T00:42:05.517+0000] {dag.py:4180} INFO - Setting next_dagrun for params_dag to None, run_after=None
[2026-04-29T00:42:05.537+0000] {processor.py:208} INFO - Processing /workspaces/meu-projeto-airflow/dags/params_dag.py took 0.060 seconds
[2026-04-29T00:42:50.827+0000] {processor.py:186} INFO - Started process (PID=110578) to work on /workspaces/meu-projeto-airflow/dags/params_dag.py
[2026-04-29T00:42:50.828+0000] {processor.py:914} INFO - Processing file /workspaces/meu-projeto-airflow/dags/params_dag.py for tasks to queue
[2026-04-29T00:42:50.829+0000] {logging_mixin.py:190} INFO - [2026-04-29T00:42:50.828+0000] {dagbag.py:588} INFO - Filling up the DagBag from /workspaces/meu-projeto-airflow/dags/params_dag.py
[2026-04-29T00:42:50.836+0000] {processor.py:925} INFO - DAG(s) 'params_dag' retrieved from /workspaces/meu-projeto-airflow/dags/params_dag.py
[2026-04-29T00:42:50.851+0000] {logging_mixin.py:190} INFO - [2026-04-29T00:42:50.851+0000] {dag.py:3239} INFO - Sync 1 DAGs
[2026-04-29T00:42:50.861+0000] {logging_mixin.py:190} INFO - [2026-04-29T00:42:50.861+0000] {dag.py:4180} INFO - Setting next_dagrun for params_dag to None, run_after=None
[2026-04-29T00:42:50.878+0000] {processor.py:208} INFO - Processing /workspaces/meu-projeto-airflow/dags/params_dag.py took 0.057 seconds
[2026-04-29T00:43:38.763+0000] {processor.py:186} INFO - Started process (PID=111562) to work on /workspaces/meu-projeto-airflow/dags/params_dag.py
[2026-04-29T00:43:38.764+0000] {processor.py:914} INFO - Processing file /workspaces/meu-projeto-airflow/dags/params_dag.py for tasks to queue
[2026-04-29T00:43:38.765+0000] {logging_mixin.py:190} INFO - [2026-04-29T00:43:38.765+0000] {dagbag.py:588} INFO - Filling up the DagBag from /workspaces/meu-projeto-airflow/dags/params_dag.py
[2026-04-29T00:43:38.771+0000] {processor.py:925} INFO - DAG(s) 'params_dag' retrieved from /workspaces/meu-projeto-airflow/dags/params_dag.py
[2026-04-29T00:43:38.785+0000] {logging_mixin.py:190} INFO - [2026-04-29T00:43:38.785+0000] {dag.py:3239} INFO - Sync 1 DAGs
[2026-04-29T00:43:38.795+0000] {logging_mixin.py:190} INFO - [2026-04-29T00:43:38.795+0000] {dag.py:4180} INFO - Setting next_dagrun for params_dag to None, run_after=None
[2026-04-29T00:43:38.817+0000] {processor.py:208} INFO - Processing /workspaces/meu-projeto-airflow/dags/params_dag.py took 0.058 seconds
[2026-04-29T00:44:41.849+0000] {processor.py:186} INFO - Started process (PID=112809) to work on /workspaces/meu-projeto-airflow/dags/params_dag.py
[2026-04-29T00:44:41.849+0000] {processor.py:914} INFO - Processing file /workspaces/meu-projeto-airflow/dags/params_dag.py for tasks to queue
[2026-04-29T00:44:41.850+0000] {logging_mixin.py:190} INFO - [2026-04-29T00:44:41.850+0000] {dagbag.py:588} INFO - Filling up the DagBag from /workspaces/meu-projeto-airflow/dags/params_dag.py
[2026-04-29T00:44:41.856+0000] {processor.py:925} INFO - DAG(s) 'params_dag' retrieved from /workspaces/meu-projeto-airflow/dags/params_dag.py
[2026-04-29T00:44:41.870+0000] {logging_mixin.py:190} INFO - [2026-04-29T00:44:41.870+0000] {dag.py:3239} INFO - Sync 1 DAGs
[2026-04-29T00:44:41.880+0000] {logging_mixin.py:190} INFO - [2026-04-29T00:44:41.880+0000] {dag.py:4180} INFO - Setting next_dagrun for params_dag to None, run_after=None
[2026-04-29T00:44:41.896+0000] {processor.py:208} INFO - Processing /workspaces/meu-projeto-airflow/dags/params_dag.py took 0.053 seconds
[2026-04-29T00:45:31.859+0000] {processor.py:186} INFO - Started process (PID=113796) to work on /workspaces/meu-projeto-airflow/dags/params_dag.py
[2026-04-29T00:45:31.860+0000] {processor.py:914} INFO - Processing file /workspaces/meu-projeto-airflow/dags/params_dag.py for tasks to queue
[2026-04-29T00:45:31.861+0000] {logging_mixin.py:190} INFO - [2026-04-29T00:45:31.861+0000] {dagbag.py:588} INFO - Filling up the DagBag from /workspaces/meu-projeto-airflow/dags/params_dag.py
[2026-04-29T00:45:31.867+0000] {processor.py:925} INFO - DAG(s) 'params_dag' retrieved from /workspaces/meu-projeto-airflow/dags/params_dag.py
[2026-04-29T00:45:31.881+0000] {logging_mixin.py:190} INFO - [2026-04-29T00:45:31.881+0000] {dag.py:3239} INFO - Sync 1 DAGs
[2026-04-29T00:45:31.890+0000] {logging_mixin.py:190} INFO - [2026-04-29T00:45:31.890+0000] {dag.py:4180} INFO - Setting next_dagrun for params_dag to None, run_after=None
[2026-04-29T00:45:31.906+0000] {processor.py:208} INFO - Processing /workspaces/meu-projeto-airflow/dags/params_dag.py took 0.051 seconds
[2026-04-29T00:46:16.335+0000] {processor.py:186} INFO - Started process (PID=114667) to work on /workspaces/meu-projeto-airflow/dags/params_dag.py
[2026-04-29T00:46:16.335+0000] {processor.py:914} INFO - Processing file /workspaces/meu-projeto-airflow/dags/params_dag.py for tasks to queue
[2026-04-29T00:46:16.337+0000] {logging_mixin.py:190} INFO - [2026-04-29T00:46:16.336+0000] {dagbag.py:588} INFO - Filling up the DagBag from /workspaces/meu-projeto-airflow/dags/params_dag.py
[2026-04-29T00:46:16.343+0000] {processor.py:925} INFO - DAG(s) 'params_dag' retrieved from /workspaces/meu-projeto-airflow/dags/params_dag.py
[2026-04-29T00:46:16.357+0000] {logging_mixin.py:190} INFO - [2026-04-29T00:46:16.357+0000] {dag.py:3239} INFO - Sync 1 DAGs
[2026-04-29T00:46:16.367+0000] {logging_mixin.py:190} INFO - [2026-04-29T00:46:16.367+0000] {dag.py:4180} INFO - Setting next_dagrun for params_dag to None, run_after=None
[2026-04-29T00:46:16.383+0000] {processor.py:208} INFO - Processing /workspaces/meu-projeto-airflow/dags/params_dag.py took 0.054 seconds
[2026-04-29T00:47:00.519+0000] {processor.py:186} INFO - Started process (PID=115560) to work on /workspaces/meu-projeto-airflow/dags/params_dag.py
[2026-04-29T00:47:00.520+0000] {processor.py:914} INFO - Processing file /workspaces/meu-projeto-airflow/dags/params_dag.py for tasks to queue
[2026-04-29T00:47:00.521+0000] {logging_mixin.py:190} INFO - [2026-04-29T00:47:00.521+0000] {dagbag.py:588} INFO - Filling up the DagBag from /workspaces/meu-projeto-airflow/dags/params_dag.py
[2026-04-29T00:47:00.530+0000] {processor.py:925} INFO - DAG(s) 'params_dag' retrieved from /workspaces/meu-projeto-airflow/dags/params_dag.py
[2026-04-29T00:47:00.546+0000] {logging_mixin.py:190} INFO - [2026-04-29T00:47:00.546+0000] {dag.py:3239} INFO - Sync 1 DAGs
[2026-04-29T00:47:00.556+0000] {logging_mixin.py:190} INFO - [2026-04-29T00:47:00.555+0000] {dag.py:4180} INFO - Setting next_dagrun for params_dag to None, run_after=None
[2026-04-29T00:47:00.571+0000] {processor.py:208} INFO - Processing /workspaces/meu-projeto-airflow/dags/params_dag.py took 0.058 seconds
[2026-04-29T00:47:45.994+0000] {processor.py:186} INFO - Started process (PID=116503) to work on /workspaces/meu-projeto-airflow/dags/params_dag.py
[2026-04-29T00:47:45.997+0000] {processor.py:914} INFO - Processing file /workspaces/meu-projeto-airflow/dags/params_dag.py for tasks to queue
[2026-04-29T00:47:46.000+0000] {logging_mixin.py:190} INFO - [2026-04-29T00:47:45.999+0000] {dagbag.py:588} INFO - Filling up the DagBag from /workspaces/meu-projeto-airflow/dags/params_dag.py
[2026-04-29T00:47:46.013+0000] {processor.py:925} INFO - DAG(s) 'params_dag' retrieved from /workspaces/meu-projeto-airflow/dags/params_dag.py
[2026-04-29T00:47:46.033+0000] {logging_mixin.py:190} INFO - [2026-04-29T00:47:46.032+0000] {dag.py:3239} INFO - Sync 1 DAGs
[2026-04-29T00:47:46.045+0000] {logging_mixin.py:190} INFO - [2026-04-29T00:47:46.045+0000] {dag.py:4180} INFO - Setting next_dagrun for params_dag to None, run_after=None
[2026-04-29T00:47:46.061+0000] {processor.py:208} INFO - Processing /workspaces/meu-projeto-airflow/dags/params_dag.py took 0.078 seconds
[2026-04-29T00:48:31.418+0000] {processor.py:186} INFO - Started process (PID=117418) to work on /workspaces/meu-projeto-airflow/dags/params_dag.py
[2026-04-29T00:48:31.419+0000] {processor.py:914} INFO - Processing file /workspaces/meu-projeto-airflow/dags/params_dag.py for tasks to queue
[2026-04-29T00:48:31.420+0000] {logging_mixin.py:190} INFO - [2026-04-29T00:48:31.420+0000] {dagbag.py:588} INFO - Filling up the DagBag from /workspaces/meu-projeto-airflow/dags/params_dag.py
[2026-04-29T00:48:31.428+0000] {processor.py:925} INFO - DAG(s) 'params_dag' retrieved from /workspaces/meu-projeto-airflow/dags/params_dag.py
[2026-04-29T00:48:31.444+0000] {logging_mixin.py:190} INFO - [2026-04-29T00:48:31.444+0000] {dag.py:3239} INFO - Sync 1 DAGs
[2026-04-29T00:48:31.456+0000] {logging_mixin.py:190} INFO - [2026-04-29T00:48:31.455+0000] {dag.py:4180} INFO - Setting next_dagrun for params_dag to None, run_after=None
[2026-04-29T00:48:31.473+0000] {processor.py:208} INFO - Processing /workspaces/meu-projeto-airflow/dags/params_dag.py took 0.062 seconds
[2026-04-29T00:49:20.623+0000] {processor.py:186} INFO - Started process (PID=118413) to work on /workspaces/meu-projeto-airflow/dags/params_dag.py
[2026-04-29T00:49:20.625+0000] {processor.py:914} INFO - Processing file /workspaces/meu-projeto-airflow/dags/params_dag.py for tasks to queue
[2026-04-29T00:49:20.626+0000] {logging_mixin.py:190} INFO - [2026-04-29T00:49:20.626+0000] {dagbag.py:588} INFO - Filling up the DagBag from /workspaces/meu-projeto-airflow/dags/params_dag.py
[2026-04-29T00:49:20.634+0000] {processor.py:925} INFO - DAG(s) 'params_dag' retrieved from /workspaces/meu-projeto-airflow/dags/params_dag.py
[2026-04-29T00:49:20.649+0000] {logging_mixin.py:190} INFO - [2026-04-29T00:49:20.649+0000] {dag.py:3239} INFO - Sync 1 DAGs
[2026-04-29T00:49:20.659+0000] {logging_mixin.py:190} INFO - [2026-04-29T00:49:20.659+0000] {dag.py:4180} INFO - Setting next_dagrun for params_dag to None, run_after=None
[2026-04-29T00:49:20.674+0000] {processor.py:208} INFO - Processing /workspaces/meu-projeto-airflow/dags/params_dag.py took 0.059 seconds
[2026-04-29T00:50:07.577+0000] {processor.py:186} INFO - Started process (PID=119411) to work on /workspaces/meu-projeto-airflow/dags/params_dag.py
[2026-04-29T00:50:07.578+0000] {processor.py:914} INFO - Processing file /workspaces/meu-projeto-airflow/dags/params_dag.py for tasks to queue
[2026-04-29T00:50:07.579+0000] {logging_mixin.py:190} INFO - [2026-04-29T00:50:07.579+0000] {dagbag.py:588} INFO - Filling up the DagBag from /workspaces/meu-projeto-airflow/dags/params_dag.py
[2026-04-29T00:50:07.586+0000] {processor.py:925} INFO - DAG(s) 'params_dag' retrieved from /workspaces/meu-projeto-airflow/dags/params_dag.py
[2026-04-29T00:50:07.600+0000] {logging_mixin.py:190} INFO - [2026-04-29T00:50:07.600+0000] {dag.py:3239} INFO - Sync 1 DAGs
[2026-04-29T00:50:07.610+0000] {logging_mixin.py:190} INFO - [2026-04-29T00:50:07.609+0000] {dag.py:4180} INFO - Setting next_dagrun for params_dag to None, run_after=None
[2026-04-29T00:50:07.627+0000] {processor.py:208} INFO - Processing /workspaces/meu-projeto-airflow/dags/params_dag.py took 0.056 seconds
[2026-04-29T00:50:53.836+0000] {processor.py:186} INFO - Started process (PID=120392) to work on /workspaces/meu-projeto-airflow/dags/params_dag.py
[2026-04-29T00:50:53.837+0000] {processor.py:914} INFO - Processing file /workspaces/meu-projeto-airflow/dags/params_dag.py for tasks to queue
[2026-04-29T00:50:53.838+0000] {logging_mixin.py:190} INFO - [2026-04-29T00:50:53.838+0000] {dagbag.py:588} INFO - Filling up the DagBag from /workspaces/meu-projeto-airflow/dags/params_dag.py
[2026-04-29T00:50:53.847+0000] {processor.py:925} INFO - DAG(s) 'params_dag' retrieved from /workspaces/meu-projeto-airflow/dags/params_dag.py
[2026-04-29T00:50:53.877+0000] {logging_mixin.py:190} INFO - [2026-04-29T00:50:53.877+0000] {dag.py:3239} INFO - Sync 1 DAGs
[2026-04-29T00:50:53.887+0000] {logging_mixin.py:190} INFO - [2026-04-29T00:50:53.886+0000] {dag.py:4180} INFO - Setting next_dagrun for params_dag to None, run_after=None
[2026-04-29T00:50:53.902+0000] {processor.py:208} INFO - Processing /workspaces/meu-projeto-airflow/dags/params_dag.py took 0.072 seconds
[2026-04-29T00:51:44.282+0000] {processor.py:186} INFO - Started process (PID=121583) to work on /workspaces/meu-projeto-airflow/dags/params_dag.py
[2026-04-29T00:51:44.283+0000] {processor.py:914} INFO - Processing file /workspaces/meu-projeto-airflow/dags/params_dag.py for tasks to queue
[2026-04-29T00:51:44.284+0000] {logging_mixin.py:190} INFO - [2026-04-29T00:51:44.284+0000] {dagbag.py:588} INFO - Filling up the DagBag from /workspaces/meu-projeto-airflow/dags/params_dag.py
[2026-04-29T00:51:44.290+0000] {processor.py:925} INFO - DAG(s) 'params_dag' retrieved from /workspaces/meu-projeto-airflow/dags/params_dag.py
[2026-04-29T00:51:44.307+0000] {logging_mixin.py:190} INFO - [2026-04-29T00:51:44.307+0000] {dag.py:3239} INFO - Sync 1 DAGs
[2026-04-29T00:51:44.322+0000] {logging_mixin.py:190} INFO - [2026-04-29T00:51:44.322+0000] {dag.py:4180} INFO - Setting next_dagrun for params_dag to None, run_after=None
[2026-04-29T00:51:44.363+0000] {processor.py:208} INFO - Processing /workspaces/meu-projeto-airflow/dags/params_dag.py took 0.086 seconds
[2026-04-29T00:52:29.577+0000] {processor.py:186} INFO - Started process (PID=122697) to work on /workspaces/meu-projeto-airflow/dags/params_dag.py
[2026-04-29T00:52:29.579+0000] {processor.py:914} INFO - Processing file /workspaces/meu-projeto-airflow/dags/params_dag.py for tasks to queue
[2026-04-29T00:52:29.581+0000] {logging_mixin.py:190} INFO - [2026-04-29T00:52:29.580+0000] {dagbag.py:588} INFO - Filling up the DagBag from /workspaces/meu-projeto-airflow/dags/params_dag.py
[2026-04-29T00:52:29.592+0000] {processor.py:925} INFO - DAG(s) 'params_dag' retrieved from /workspaces/meu-projeto-airflow/dags/params_dag.py
[2026-04-29T00:52:29.613+0000] {logging_mixin.py:190} INFO - [2026-04-29T00:52:29.613+0000] {dag.py:3239} INFO - Sync 1 DAGs
[2026-04-29T00:52:29.632+0000] {logging_mixin.py:190} INFO - [2026-04-29T00:52:29.632+0000] {dag.py:4180} INFO - Setting next_dagrun for params_dag to None, run_after=None
[2026-04-29T00:52:29.650+0000] {processor.py:208} INFO - Processing /workspaces/meu-projeto-airflow/dags/params_dag.py took 0.080 seconds
[2026-04-29T00:53:19.281+0000] {processor.py:186} INFO - Started process (PID=123979) to work on /workspaces/meu-projeto-airflow/dags/params_dag.py
[2026-04-29T00:53:19.282+0000] {processor.py:914} INFO - Processing file /workspaces/meu-projeto-airflow/dags/params_dag.py for tasks to queue
[2026-04-29T00:53:19.283+0000] {logging_mixin.py:190} INFO - [2026-04-29T00:53:19.282+0000] {dagbag.py:588} INFO - Filling up the DagBag from /workspaces/meu-projeto-airflow/dags/params_dag.py
[2026-04-29T00:53:19.289+0000] {processor.py:925} INFO - DAG(s) 'params_dag' retrieved from /workspaces/meu-projeto-airflow/dags/params_dag.py
[2026-04-29T00:53:19.303+0000] {logging_mixin.py:190} INFO - [2026-04-29T00:53:19.303+0000] {dag.py:3239} INFO - Sync 1 DAGs
[2026-04-29T00:53:19.313+0000] {logging_mixin.py:190} INFO - [2026-04-29T00:53:19.313+0000] {dag.py:4180} INFO - Setting next_dagrun for params_dag to None, run_after=None
[2026-04-29T00:53:19.333+0000] {processor.py:208} INFO - Processing /workspaces/meu-projeto-airflow/dags/params_dag.py took 0.057 seconds
[2026-04-29T00:54:09.730+0000] {processor.py:186} INFO - Started process (PID=125014) to work on /workspaces/meu-projeto-airflow/dags/params_dag.py
[2026-04-29T00:54:09.732+0000] {processor.py:914} INFO - Processing file /workspaces/meu-projeto-airflow/dags/params_dag.py for tasks to queue
[2026-04-29T00:54:09.734+0000] {logging_mixin.py:190} INFO - [2026-04-29T00:54:09.733+0000] {dagbag.py:588} INFO - Filling up the DagBag from /workspaces/meu-projeto-airflow/dags/params_dag.py
[2026-04-29T00:54:09.746+0000] {processor.py:925} INFO - DAG(s) 'params_dag' retrieved from /workspaces/meu-projeto-airflow/dags/params_dag.py
[2026-04-29T00:54:09.763+0000] {logging_mixin.py:190} INFO - [2026-04-29T00:54:09.763+0000] {dag.py:3239} INFO - Sync 1 DAGs
[2026-04-29T00:54:09.775+0000] {logging_mixin.py:190} INFO - [2026-04-29T00:54:09.775+0000] {dag.py:4180} INFO - Setting next_dagrun for params_dag to None, run_after=None
[2026-04-29T00:54:09.791+0000] {processor.py:208} INFO - Processing /workspaces/meu-projeto-airflow/dags/params_dag.py took 0.073 seconds
[2026-04-29T00:54:54.248+0000] {processor.py:186} INFO - Started process (PID=125943) to work on /workspaces/meu-projeto-airflow/dags/params_dag.py
[2026-04-29T00:54:54.248+0000] {processor.py:914} INFO - Processing file /workspaces/meu-projeto-airflow/dags/params_dag.py for tasks to queue
[2026-04-29T00:54:54.249+0000] {logging_mixin.py:190} INFO - [2026-04-29T00:54:54.249+0000] {dagbag.py:588} INFO - Filling up the DagBag from /workspaces/meu-projeto-airflow/dags/params_dag.py
[2026-04-29T00:54:54.257+0000] {processor.py:925} INFO - DAG(s) 'params_dag' retrieved from /workspaces/meu-projeto-airflow/dags/params_dag.py
[2026-04-29T00:54:54.277+0000] {logging_mixin.py:190} INFO - [2026-04-29T00:54:54.276+0000] {dag.py:3239} INFO - Sync 1 DAGs
[2026-04-29T00:54:54.287+0000] {logging_mixin.py:190} INFO - [2026-04-29T00:54:54.287+0000] {dag.py:4180} INFO - Setting next_dagrun for params_dag to None, run_after=None
[2026-04-29T00:54:54.303+0000] {processor.py:208} INFO - Processing /workspaces/meu-projeto-airflow/dags/params_dag.py took 0.060 seconds
[2026-04-29T00:55:39.067+0000] {processor.py:186} INFO - Started process (PID=126822) to work on /workspaces/meu-projeto-airflow/dags/params_dag.py
[2026-04-29T00:55:39.068+0000] {processor.py:914} INFO - Processing file /workspaces/meu-projeto-airflow/dags/params_dag.py for tasks to queue
[2026-04-29T00:55:39.069+0000] {logging_mixin.py:190} INFO - [2026-04-29T00:55:39.069+0000] {dagbag.py:588} INFO - Filling up the DagBag from /workspaces/meu-projeto-airflow/dags/params_dag.py
[2026-04-29T00:55:39.075+0000] {processor.py:925} INFO - DAG(s) 'params_dag' retrieved from /workspaces/meu-projeto-airflow/dags/params_dag.py
[2026-04-29T00:55:39.090+0000] {logging_mixin.py:190} INFO - [2026-04-29T00:55:39.089+0000] {dag.py:3239} INFO - Sync 1 DAGs
[2026-04-29T00:55:39.100+0000] {logging_mixin.py:190} INFO - [2026-04-29T00:55:39.100+0000] {dag.py:4180} INFO - Setting next_dagrun for params_dag to None, run_after=None
[2026-04-29T00:55:39.116+0000] {processor.py:208} INFO - Processing /workspaces/meu-projeto-airflow/dags/params_dag.py took 0.054 seconds
[2026-04-29T00:56:23.501+0000] {processor.py:186} INFO - Started process (PID=127696) to work on /workspaces/meu-projeto-airflow/dags/params_dag.py
[2026-04-29T00:56:23.502+0000] {processor.py:914} INFO - Processing file /workspaces/meu-projeto-airflow/dags/params_dag.py for tasks to queue
[2026-04-29T00:56:23.503+0000] {logging_mixin.py:190} INFO - [2026-04-29T00:56:23.503+0000] {dagbag.py:588} INFO - Filling up the DagBag from /workspaces/meu-projeto-airflow/dags/params_dag.py
[2026-04-29T00:56:23.509+0000] {processor.py:925} INFO - DAG(s) 'params_dag' retrieved from /workspaces/meu-projeto-airflow/dags/params_dag.py
[2026-04-29T00:56:23.526+0000] {logging_mixin.py:190} INFO - [2026-04-29T00:56:23.526+0000] {dag.py:3239} INFO - Sync 1 DAGs
[2026-04-29T00:56:23.541+0000] {logging_mixin.py:190} INFO - [2026-04-29T00:56:23.541+0000] {dag.py:4180} INFO - Setting next_dagrun for params_dag to None, run_after=None
[2026-04-29T00:56:23.557+0000] {processor.py:208} INFO - Processing /workspaces/meu-projeto-airflow/dags/params_dag.py took 0.060 seconds
