[2026-04-29T00:00:19.937+0000] {processor.py:186} INFO - Started process (PID=68909) to work on /workspaces/meu-projeto-airflow/dags/transfer_dag.py
[2026-04-29T00:00:19.938+0000] {processor.py:914} INFO - Processing file /workspaces/meu-projeto-airflow/dags/transfer_dag.py for tasks to queue
[2026-04-29T00:00:19.939+0000] {logging_mixin.py:190} INFO - [2026-04-29T00:00:19.938+0000] {dagbag.py:588} INFO - Filling up the DagBag from /workspaces/meu-projeto-airflow/dags/transfer_dag.py
[2026-04-29T00:00:19.945+0000] {processor.py:925} INFO - DAG(s) 'transfer_dag' retrieved from /workspaces/meu-projeto-airflow/dags/transfer_dag.py
[2026-04-29T00:00:19.958+0000] {logging_mixin.py:190} INFO - [2026-04-29T00:00:19.958+0000] {dag.py:3239} INFO - Sync 1 DAGs
[2026-04-29T00:00:19.968+0000] {logging_mixin.py:190} INFO - [2026-04-29T00:00:19.968+0000] {dag.py:4180} INFO - Setting next_dagrun for transfer_dag to None, run_after=None
[2026-04-29T00:00:19.983+0000] {processor.py:208} INFO - Processing /workspaces/meu-projeto-airflow/dags/transfer_dag.py took 0.051 seconds
[2026-04-29T00:01:02.161+0000] {processor.py:186} INFO - Started process (PID=69290) to work on /workspaces/meu-projeto-airflow/dags/transfer_dag.py
[2026-04-29T00:01:02.161+0000] {processor.py:914} INFO - Processing file /workspaces/meu-projeto-airflow/dags/transfer_dag.py for tasks to queue
[2026-04-29T00:01:02.162+0000] {logging_mixin.py:190} INFO - [2026-04-29T00:01:02.162+0000] {dagbag.py:588} INFO - Filling up the DagBag from /workspaces/meu-projeto-airflow/dags/transfer_dag.py
[2026-04-29T00:01:02.169+0000] {processor.py:925} INFO - DAG(s) 'transfer_dag' retrieved from /workspaces/meu-projeto-airflow/dags/transfer_dag.py
[2026-04-29T00:01:02.182+0000] {logging_mixin.py:190} INFO - [2026-04-29T00:01:02.182+0000] {dag.py:3239} INFO - Sync 1 DAGs
[2026-04-29T00:01:02.192+0000] {logging_mixin.py:190} INFO - [2026-04-29T00:01:02.192+0000] {dag.py:4180} INFO - Setting next_dagrun for transfer_dag to None, run_after=None
[2026-04-29T00:01:02.208+0000] {processor.py:208} INFO - Processing /workspaces/meu-projeto-airflow/dags/transfer_dag.py took 0.051 seconds
[2026-04-29T00:01:44.894+0000] {processor.py:186} INFO - Started process (PID=69749) to work on /workspaces/meu-projeto-airflow/dags/transfer_dag.py
[2026-04-29T00:01:44.895+0000] {processor.py:914} INFO - Processing file /workspaces/meu-projeto-airflow/dags/transfer_dag.py for tasks to queue
[2026-04-29T00:01:44.896+0000] {logging_mixin.py:190} INFO - [2026-04-29T00:01:44.896+0000] {dagbag.py:588} INFO - Filling up the DagBag from /workspaces/meu-projeto-airflow/dags/transfer_dag.py
[2026-04-29T00:01:44.905+0000] {processor.py:925} INFO - DAG(s) 'transfer_dag' retrieved from /workspaces/meu-projeto-airflow/dags/transfer_dag.py
[2026-04-29T00:01:44.918+0000] {logging_mixin.py:190} INFO - [2026-04-29T00:01:44.918+0000] {dag.py:3239} INFO - Sync 1 DAGs
[2026-04-29T00:01:44.932+0000] {logging_mixin.py:190} INFO - [2026-04-29T00:01:44.932+0000] {dag.py:4180} INFO - Setting next_dagrun for transfer_dag to None, run_after=None
[2026-04-29T00:01:44.954+0000] {processor.py:208} INFO - Processing /workspaces/meu-projeto-airflow/dags/transfer_dag.py took 0.064 seconds
[2026-04-29T00:02:28.247+0000] {processor.py:186} INFO - Started process (PID=70166) to work on /workspaces/meu-projeto-airflow/dags/transfer_dag.py
[2026-04-29T00:02:28.247+0000] {processor.py:914} INFO - Processing file /workspaces/meu-projeto-airflow/dags/transfer_dag.py for tasks to queue
[2026-04-29T00:02:28.248+0000] {logging_mixin.py:190} INFO - [2026-04-29T00:02:28.248+0000] {dagbag.py:588} INFO - Filling up the DagBag from /workspaces/meu-projeto-airflow/dags/transfer_dag.py
[2026-04-29T00:02:28.255+0000] {processor.py:925} INFO - DAG(s) 'transfer_dag' retrieved from /workspaces/meu-projeto-airflow/dags/transfer_dag.py
[2026-04-29T00:02:28.267+0000] {logging_mixin.py:190} INFO - [2026-04-29T00:02:28.267+0000] {dag.py:3239} INFO - Sync 1 DAGs
[2026-04-29T00:02:28.277+0000] {logging_mixin.py:190} INFO - [2026-04-29T00:02:28.277+0000] {dag.py:4180} INFO - Setting next_dagrun for transfer_dag to None, run_after=None
[2026-04-29T00:02:28.293+0000] {processor.py:208} INFO - Processing /workspaces/meu-projeto-airflow/dags/transfer_dag.py took 0.050 seconds
[2026-04-29T00:03:16.445+0000] {processor.py:186} INFO - Started process (PID=70568) to work on /workspaces/meu-projeto-airflow/dags/transfer_dag.py
[2026-04-29T00:03:16.445+0000] {processor.py:914} INFO - Processing file /workspaces/meu-projeto-airflow/dags/transfer_dag.py for tasks to queue
[2026-04-29T00:03:16.446+0000] {logging_mixin.py:190} INFO - [2026-04-29T00:03:16.446+0000] {dagbag.py:588} INFO - Filling up the DagBag from /workspaces/meu-projeto-airflow/dags/transfer_dag.py
[2026-04-29T00:03:16.454+0000] {processor.py:925} INFO - DAG(s) 'transfer_dag' retrieved from /workspaces/meu-projeto-airflow/dags/transfer_dag.py
[2026-04-29T00:03:16.472+0000] {logging_mixin.py:190} INFO - [2026-04-29T00:03:16.472+0000] {dag.py:3239} INFO - Sync 1 DAGs
[2026-04-29T00:03:16.487+0000] {logging_mixin.py:190} INFO - [2026-04-29T00:03:16.487+0000] {dag.py:4180} INFO - Setting next_dagrun for transfer_dag to None, run_after=None
[2026-04-29T00:03:16.520+0000] {processor.py:208} INFO - Processing /workspaces/meu-projeto-airflow/dags/transfer_dag.py took 0.080 seconds
[2026-04-29T00:04:03.079+0000] {processor.py:186} INFO - Started process (PID=70989) to work on /workspaces/meu-projeto-airflow/dags/transfer_dag.py
[2026-04-29T00:04:03.083+0000] {processor.py:914} INFO - Processing file /workspaces/meu-projeto-airflow/dags/transfer_dag.py for tasks to queue
[2026-04-29T00:04:03.085+0000] {logging_mixin.py:190} INFO - [2026-04-29T00:04:03.084+0000] {dagbag.py:588} INFO - Filling up the DagBag from /workspaces/meu-projeto-airflow/dags/transfer_dag.py
[2026-04-29T00:04:03.096+0000] {processor.py:925} INFO - DAG(s) 'transfer_dag' retrieved from /workspaces/meu-projeto-airflow/dags/transfer_dag.py
[2026-04-29T00:04:03.110+0000] {logging_mixin.py:190} INFO - [2026-04-29T00:04:03.110+0000] {dag.py:3239} INFO - Sync 1 DAGs
[2026-04-29T00:04:03.124+0000] {logging_mixin.py:190} INFO - [2026-04-29T00:04:03.124+0000] {dag.py:4180} INFO - Setting next_dagrun for transfer_dag to None, run_after=None
[2026-04-29T00:04:03.148+0000] {processor.py:208} INFO - Processing /workspaces/meu-projeto-airflow/dags/transfer_dag.py took 0.077 seconds
[2026-04-29T00:04:49.597+0000] {processor.py:186} INFO - Started process (PID=71441) to work on /workspaces/meu-projeto-airflow/dags/transfer_dag.py
[2026-04-29T00:04:49.600+0000] {processor.py:914} INFO - Processing file /workspaces/meu-projeto-airflow/dags/transfer_dag.py for tasks to queue
[2026-04-29T00:04:49.601+0000] {logging_mixin.py:190} INFO - [2026-04-29T00:04:49.601+0000] {dagbag.py:588} INFO - Filling up the DagBag from /workspaces/meu-projeto-airflow/dags/transfer_dag.py
[2026-04-29T00:04:49.609+0000] {processor.py:925} INFO - DAG(s) 'transfer_dag' retrieved from /workspaces/meu-projeto-airflow/dags/transfer_dag.py
[2026-04-29T00:04:49.625+0000] {logging_mixin.py:190} INFO - [2026-04-29T00:04:49.625+0000] {dag.py:3239} INFO - Sync 1 DAGs
[2026-04-29T00:04:49.637+0000] {logging_mixin.py:190} INFO - [2026-04-29T00:04:49.637+0000] {dag.py:4180} INFO - Setting next_dagrun for transfer_dag to None, run_after=None
[2026-04-29T00:04:49.655+0000] {processor.py:208} INFO - Processing /workspaces/meu-projeto-airflow/dags/transfer_dag.py took 0.074 seconds
[2026-04-29T00:05:35.245+0000] {processor.py:186} INFO - Started process (PID=71880) to work on /workspaces/meu-projeto-airflow/dags/transfer_dag.py
[2026-04-29T00:05:35.247+0000] {processor.py:914} INFO - Processing file /workspaces/meu-projeto-airflow/dags/transfer_dag.py for tasks to queue
[2026-04-29T00:05:35.248+0000] {logging_mixin.py:190} INFO - [2026-04-29T00:05:35.248+0000] {dagbag.py:588} INFO - Filling up the DagBag from /workspaces/meu-projeto-airflow/dags/transfer_dag.py
[2026-04-29T00:05:35.255+0000] {processor.py:925} INFO - DAG(s) 'transfer_dag' retrieved from /workspaces/meu-projeto-airflow/dags/transfer_dag.py
[2026-04-29T00:05:35.267+0000] {logging_mixin.py:190} INFO - [2026-04-29T00:05:35.267+0000] {dag.py:3239} INFO - Sync 1 DAGs
[2026-04-29T00:05:35.277+0000] {logging_mixin.py:190} INFO - [2026-04-29T00:05:35.277+0000] {dag.py:4180} INFO - Setting next_dagrun for transfer_dag to None, run_after=None
[2026-04-29T00:05:35.294+0000] {processor.py:208} INFO - Processing /workspaces/meu-projeto-airflow/dags/transfer_dag.py took 0.055 seconds
[2026-04-29T00:06:25.359+0000] {processor.py:186} INFO - Started process (PID=72295) to work on /workspaces/meu-projeto-airflow/dags/transfer_dag.py
[2026-04-29T00:06:25.362+0000] {processor.py:914} INFO - Processing file /workspaces/meu-projeto-airflow/dags/transfer_dag.py for tasks to queue
[2026-04-29T00:06:25.364+0000] {logging_mixin.py:190} INFO - [2026-04-29T00:06:25.364+0000] {dagbag.py:588} INFO - Filling up the DagBag from /workspaces/meu-projeto-airflow/dags/transfer_dag.py
[2026-04-29T00:06:25.382+0000] {processor.py:925} INFO - DAG(s) 'transfer_dag' retrieved from /workspaces/meu-projeto-airflow/dags/transfer_dag.py
[2026-04-29T00:06:25.406+0000] {logging_mixin.py:190} INFO - [2026-04-29T00:06:25.405+0000] {dag.py:3239} INFO - Sync 1 DAGs
[2026-04-29T00:06:25.430+0000] {logging_mixin.py:190} INFO - [2026-04-29T00:06:25.430+0000] {dag.py:4180} INFO - Setting next_dagrun for transfer_dag to None, run_after=None
[2026-04-29T00:06:25.467+0000] {processor.py:208} INFO - Processing /workspaces/meu-projeto-airflow/dags/transfer_dag.py took 0.118 seconds
[2026-04-29T00:07:18.455+0000] {processor.py:186} INFO - Started process (PID=72847) to work on /workspaces/meu-projeto-airflow/dags/transfer_dag.py
[2026-04-29T00:07:18.456+0000] {processor.py:914} INFO - Processing file /workspaces/meu-projeto-airflow/dags/transfer_dag.py for tasks to queue
[2026-04-29T00:07:18.457+0000] {logging_mixin.py:190} INFO - [2026-04-29T00:07:18.457+0000] {dagbag.py:588} INFO - Filling up the DagBag from /workspaces/meu-projeto-airflow/dags/transfer_dag.py
[2026-04-29T00:07:18.463+0000] {processor.py:925} INFO - DAG(s) 'transfer_dag' retrieved from /workspaces/meu-projeto-airflow/dags/transfer_dag.py
[2026-04-29T00:07:18.476+0000] {logging_mixin.py:190} INFO - [2026-04-29T00:07:18.476+0000] {dag.py:3239} INFO - Sync 1 DAGs
[2026-04-29T00:07:18.486+0000] {logging_mixin.py:190} INFO - [2026-04-29T00:07:18.486+0000] {dag.py:4180} INFO - Setting next_dagrun for transfer_dag to None, run_after=None
[2026-04-29T00:07:18.505+0000] {processor.py:208} INFO - Processing /workspaces/meu-projeto-airflow/dags/transfer_dag.py took 0.054 seconds
[2026-04-29T00:08:09.164+0000] {processor.py:186} INFO - Started process (PID=73304) to work on /workspaces/meu-projeto-airflow/dags/transfer_dag.py
[2026-04-29T00:08:09.175+0000] {processor.py:914} INFO - Processing file /workspaces/meu-projeto-airflow/dags/transfer_dag.py for tasks to queue
[2026-04-29T00:08:09.183+0000] {logging_mixin.py:190} INFO - [2026-04-29T00:08:09.183+0000] {dagbag.py:588} INFO - Filling up the DagBag from /workspaces/meu-projeto-airflow/dags/transfer_dag.py
[2026-04-29T00:08:09.232+0000] {processor.py:925} INFO - DAG(s) 'transfer_dag' retrieved from /workspaces/meu-projeto-airflow/dags/transfer_dag.py
[2026-04-29T00:08:09.332+0000] {logging_mixin.py:190} INFO - [2026-04-29T00:08:09.331+0000] {dag.py:3239} INFO - Sync 1 DAGs
[2026-04-29T00:08:09.531+0000] {logging_mixin.py:190} INFO - [2026-04-29T00:08:09.531+0000] {dag.py:4180} INFO - Setting next_dagrun for transfer_dag to None, run_after=None
[2026-04-29T00:08:09.553+0000] {processor.py:208} INFO - Processing /workspaces/meu-projeto-airflow/dags/transfer_dag.py took 0.422 seconds
[2026-04-29T00:09:02.804+0000] {processor.py:186} INFO - Started process (PID=73811) to work on /workspaces/meu-projeto-airflow/dags/transfer_dag.py
[2026-04-29T00:09:02.805+0000] {processor.py:914} INFO - Processing file /workspaces/meu-projeto-airflow/dags/transfer_dag.py for tasks to queue
[2026-04-29T00:09:02.806+0000] {logging_mixin.py:190} INFO - [2026-04-29T00:09:02.806+0000] {dagbag.py:588} INFO - Filling up the DagBag from /workspaces/meu-projeto-airflow/dags/transfer_dag.py
[2026-04-29T00:09:02.815+0000] {processor.py:925} INFO - DAG(s) 'transfer_dag' retrieved from /workspaces/meu-projeto-airflow/dags/transfer_dag.py
[2026-04-29T00:09:02.838+0000] {logging_mixin.py:190} INFO - [2026-04-29T00:09:02.838+0000] {dag.py:3239} INFO - Sync 1 DAGs
[2026-04-29T00:09:02.855+0000] {logging_mixin.py:190} INFO - [2026-04-29T00:09:02.855+0000] {dag.py:4180} INFO - Setting next_dagrun for transfer_dag to None, run_after=None
[2026-04-29T00:09:02.902+0000] {processor.py:208} INFO - Processing /workspaces/meu-projeto-airflow/dags/transfer_dag.py took 0.104 seconds
[2026-04-29T00:09:49.289+0000] {processor.py:186} INFO - Started process (PID=74237) to work on /workspaces/meu-projeto-airflow/dags/transfer_dag.py
[2026-04-29T00:09:49.290+0000] {processor.py:914} INFO - Processing file /workspaces/meu-projeto-airflow/dags/transfer_dag.py for tasks to queue
[2026-04-29T00:09:49.291+0000] {logging_mixin.py:190} INFO - [2026-04-29T00:09:49.291+0000] {dagbag.py:588} INFO - Filling up the DagBag from /workspaces/meu-projeto-airflow/dags/transfer_dag.py
[2026-04-29T00:09:49.299+0000] {processor.py:925} INFO - DAG(s) 'transfer_dag' retrieved from /workspaces/meu-projeto-airflow/dags/transfer_dag.py
[2026-04-29T00:09:49.320+0000] {logging_mixin.py:190} INFO - [2026-04-29T00:09:49.320+0000] {dag.py:3239} INFO - Sync 1 DAGs
[2026-04-29T00:09:49.337+0000] {logging_mixin.py:190} INFO - [2026-04-29T00:09:49.337+0000] {dag.py:4180} INFO - Setting next_dagrun for transfer_dag to None, run_after=None
[2026-04-29T00:09:49.377+0000] {processor.py:208} INFO - Processing /workspaces/meu-projeto-airflow/dags/transfer_dag.py took 0.097 seconds
[2026-04-29T00:10:42.635+0000] {processor.py:186} INFO - Started process (PID=74726) to work on /workspaces/meu-projeto-airflow/dags/transfer_dag.py
[2026-04-29T00:10:42.637+0000] {processor.py:914} INFO - Processing file /workspaces/meu-projeto-airflow/dags/transfer_dag.py for tasks to queue
[2026-04-29T00:10:42.638+0000] {logging_mixin.py:190} INFO - [2026-04-29T00:10:42.638+0000] {dagbag.py:588} INFO - Filling up the DagBag from /workspaces/meu-projeto-airflow/dags/transfer_dag.py
[2026-04-29T00:10:42.646+0000] {processor.py:925} INFO - DAG(s) 'transfer_dag' retrieved from /workspaces/meu-projeto-airflow/dags/transfer_dag.py
[2026-04-29T00:10:42.659+0000] {logging_mixin.py:190} INFO - [2026-04-29T00:10:42.658+0000] {dag.py:3239} INFO - Sync 1 DAGs
[2026-04-29T00:10:42.795+0000] {logging_mixin.py:190} INFO - [2026-04-29T00:10:42.795+0000] {dag.py:4180} INFO - Setting next_dagrun for transfer_dag to None, run_after=None
[2026-04-29T00:10:42.813+0000] {processor.py:208} INFO - Processing /workspaces/meu-projeto-airflow/dags/transfer_dag.py took 0.183 seconds
[2026-04-29T00:11:40.961+0000] {processor.py:186} INFO - Started process (PID=75332) to work on /workspaces/meu-projeto-airflow/dags/transfer_dag.py
[2026-04-29T00:11:40.962+0000] {processor.py:914} INFO - Processing file /workspaces/meu-projeto-airflow/dags/transfer_dag.py for tasks to queue
[2026-04-29T00:11:40.964+0000] {logging_mixin.py:190} INFO - [2026-04-29T00:11:40.963+0000] {dagbag.py:588} INFO - Filling up the DagBag from /workspaces/meu-projeto-airflow/dags/transfer_dag.py
[2026-04-29T00:11:40.972+0000] {processor.py:925} INFO - DAG(s) 'transfer_dag' retrieved from /workspaces/meu-projeto-airflow/dags/transfer_dag.py
[2026-04-29T00:11:40.985+0000] {logging_mixin.py:190} INFO - [2026-04-29T00:11:40.985+0000] {dag.py:3239} INFO - Sync 1 DAGs
[2026-04-29T00:11:40.996+0000] {logging_mixin.py:190} INFO - [2026-04-29T00:11:40.996+0000] {dag.py:4180} INFO - Setting next_dagrun for transfer_dag to None, run_after=None
[2026-04-29T00:11:41.013+0000] {processor.py:208} INFO - Processing /workspaces/meu-projeto-airflow/dags/transfer_dag.py took 0.057 seconds
[2026-04-29T00:12:31.360+0000] {processor.py:186} INFO - Started process (PID=75990) to work on /workspaces/meu-projeto-airflow/dags/transfer_dag.py
[2026-04-29T00:12:31.360+0000] {processor.py:914} INFO - Processing file /workspaces/meu-projeto-airflow/dags/transfer_dag.py for tasks to queue
[2026-04-29T00:12:31.362+0000] {logging_mixin.py:190} INFO - [2026-04-29T00:12:31.361+0000] {dagbag.py:588} INFO - Filling up the DagBag from /workspaces/meu-projeto-airflow/dags/transfer_dag.py
[2026-04-29T00:12:31.368+0000] {processor.py:925} INFO - DAG(s) 'transfer_dag' retrieved from /workspaces/meu-projeto-airflow/dags/transfer_dag.py
[2026-04-29T00:12:31.380+0000] {logging_mixin.py:190} INFO - [2026-04-29T00:12:31.380+0000] {dag.py:3239} INFO - Sync 1 DAGs
[2026-04-29T00:12:31.393+0000] {logging_mixin.py:190} INFO - [2026-04-29T00:12:31.393+0000] {dag.py:4180} INFO - Setting next_dagrun for transfer_dag to None, run_after=None
[2026-04-29T00:12:31.552+0000] {processor.py:208} INFO - Processing /workspaces/meu-projeto-airflow/dags/transfer_dag.py took 0.197 seconds
[2026-04-29T00:13:27.665+0000] {processor.py:186} INFO - Started process (PID=76877) to work on /workspaces/meu-projeto-airflow/dags/transfer_dag.py
[2026-04-29T00:13:27.665+0000] {processor.py:914} INFO - Processing file /workspaces/meu-projeto-airflow/dags/transfer_dag.py for tasks to queue
[2026-04-29T00:13:27.666+0000] {logging_mixin.py:190} INFO - [2026-04-29T00:13:27.666+0000] {dagbag.py:588} INFO - Filling up the DagBag from /workspaces/meu-projeto-airflow/dags/transfer_dag.py
[2026-04-29T00:13:27.673+0000] {processor.py:925} INFO - DAG(s) 'transfer_dag' retrieved from /workspaces/meu-projeto-airflow/dags/transfer_dag.py
[2026-04-29T00:13:27.810+0000] {logging_mixin.py:190} INFO - [2026-04-29T00:13:27.810+0000] {dag.py:3239} INFO - Sync 1 DAGs
[2026-04-29T00:13:27.819+0000] {logging_mixin.py:190} INFO - [2026-04-29T00:13:27.819+0000] {dag.py:4180} INFO - Setting next_dagrun for transfer_dag to None, run_after=None
[2026-04-29T00:13:27.847+0000] {processor.py:208} INFO - Processing /workspaces/meu-projeto-airflow/dags/transfer_dag.py took 0.187 seconds
[2026-04-29T00:14:18.373+0000] {processor.py:186} INFO - Started process (PID=77477) to work on /workspaces/meu-projeto-airflow/dags/transfer_dag.py
[2026-04-29T00:14:18.374+0000] {processor.py:914} INFO - Processing file /workspaces/meu-projeto-airflow/dags/transfer_dag.py for tasks to queue
[2026-04-29T00:14:18.375+0000] {logging_mixin.py:190} INFO - [2026-04-29T00:14:18.374+0000] {dagbag.py:588} INFO - Filling up the DagBag from /workspaces/meu-projeto-airflow/dags/transfer_dag.py
[2026-04-29T00:14:18.381+0000] {processor.py:925} INFO - DAG(s) 'transfer_dag' retrieved from /workspaces/meu-projeto-airflow/dags/transfer_dag.py
[2026-04-29T00:14:18.399+0000] {logging_mixin.py:190} INFO - [2026-04-29T00:14:18.399+0000] {dag.py:3239} INFO - Sync 1 DAGs
[2026-04-29T00:14:18.415+0000] {logging_mixin.py:190} INFO - [2026-04-29T00:14:18.415+0000] {dag.py:4180} INFO - Setting next_dagrun for transfer_dag to None, run_after=None
[2026-04-29T00:14:18.446+0000] {processor.py:208} INFO - Processing /workspaces/meu-projeto-airflow/dags/transfer_dag.py took 0.077 seconds
[2026-04-29T00:15:02.702+0000] {processor.py:186} INFO - Started process (PID=78125) to work on /workspaces/meu-projeto-airflow/dags/transfer_dag.py
[2026-04-29T00:15:02.703+0000] {processor.py:914} INFO - Processing file /workspaces/meu-projeto-airflow/dags/transfer_dag.py for tasks to queue
[2026-04-29T00:15:02.704+0000] {logging_mixin.py:190} INFO - [2026-04-29T00:15:02.704+0000] {dagbag.py:588} INFO - Filling up the DagBag from /workspaces/meu-projeto-airflow/dags/transfer_dag.py
[2026-04-29T00:15:02.711+0000] {processor.py:925} INFO - DAG(s) 'transfer_dag' retrieved from /workspaces/meu-projeto-airflow/dags/transfer_dag.py
[2026-04-29T00:15:02.731+0000] {logging_mixin.py:190} INFO - [2026-04-29T00:15:02.730+0000] {dag.py:3239} INFO - Sync 1 DAGs
[2026-04-29T00:15:02.743+0000] {logging_mixin.py:190} INFO - [2026-04-29T00:15:02.742+0000] {dag.py:4180} INFO - Setting next_dagrun for transfer_dag to None, run_after=None
[2026-04-29T00:15:02.758+0000] {processor.py:208} INFO - Processing /workspaces/meu-projeto-airflow/dags/transfer_dag.py took 0.060 seconds
[2026-04-29T00:15:47.255+0000] {processor.py:186} INFO - Started process (PID=78543) to work on /workspaces/meu-projeto-airflow/dags/transfer_dag.py
[2026-04-29T00:15:47.256+0000] {processor.py:914} INFO - Processing file /workspaces/meu-projeto-airflow/dags/transfer_dag.py for tasks to queue
[2026-04-29T00:15:47.257+0000] {logging_mixin.py:190} INFO - [2026-04-29T00:15:47.256+0000] {dagbag.py:588} INFO - Filling up the DagBag from /workspaces/meu-projeto-airflow/dags/transfer_dag.py
[2026-04-29T00:15:47.263+0000] {processor.py:925} INFO - DAG(s) 'transfer_dag' retrieved from /workspaces/meu-projeto-airflow/dags/transfer_dag.py
[2026-04-29T00:15:47.276+0000] {logging_mixin.py:190} INFO - [2026-04-29T00:15:47.276+0000] {dag.py:3239} INFO - Sync 1 DAGs
[2026-04-29T00:15:47.286+0000] {logging_mixin.py:190} INFO - [2026-04-29T00:15:47.286+0000] {dag.py:4180} INFO - Setting next_dagrun for transfer_dag to None, run_after=None
[2026-04-29T00:15:47.302+0000] {processor.py:208} INFO - Processing /workspaces/meu-projeto-airflow/dags/transfer_dag.py took 0.051 seconds
[2026-04-29T00:16:32.989+0000] {processor.py:186} INFO - Started process (PID=79233) to work on /workspaces/meu-projeto-airflow/dags/transfer_dag.py
[2026-04-29T00:16:32.990+0000] {processor.py:914} INFO - Processing file /workspaces/meu-projeto-airflow/dags/transfer_dag.py for tasks to queue
[2026-04-29T00:16:32.992+0000] {logging_mixin.py:190} INFO - [2026-04-29T00:16:32.991+0000] {dagbag.py:588} INFO - Filling up the DagBag from /workspaces/meu-projeto-airflow/dags/transfer_dag.py
[2026-04-29T00:16:33.000+0000] {processor.py:925} INFO - DAG(s) 'transfer_dag' retrieved from /workspaces/meu-projeto-airflow/dags/transfer_dag.py
[2026-04-29T00:16:33.014+0000] {logging_mixin.py:190} INFO - [2026-04-29T00:16:33.013+0000] {dag.py:3239} INFO - Sync 1 DAGs
[2026-04-29T00:16:33.027+0000] {logging_mixin.py:190} INFO - [2026-04-29T00:16:33.027+0000] {dag.py:4180} INFO - Setting next_dagrun for transfer_dag to None, run_after=None
[2026-04-29T00:16:33.045+0000] {processor.py:208} INFO - Processing /workspaces/meu-projeto-airflow/dags/transfer_dag.py took 0.060 seconds
[2026-04-29T00:17:22.823+0000] {processor.py:186} INFO - Started process (PID=80185) to work on /workspaces/meu-projeto-airflow/dags/transfer_dag.py
[2026-04-29T00:17:22.824+0000] {processor.py:914} INFO - Processing file /workspaces/meu-projeto-airflow/dags/transfer_dag.py for tasks to queue
[2026-04-29T00:17:22.825+0000] {logging_mixin.py:190} INFO - [2026-04-29T00:17:22.825+0000] {dagbag.py:588} INFO - Filling up the DagBag from /workspaces/meu-projeto-airflow/dags/transfer_dag.py
[2026-04-29T00:17:22.833+0000] {processor.py:925} INFO - DAG(s) 'transfer_dag' retrieved from /workspaces/meu-projeto-airflow/dags/transfer_dag.py
[2026-04-29T00:17:22.847+0000] {logging_mixin.py:190} INFO - [2026-04-29T00:17:22.847+0000] {dag.py:3239} INFO - Sync 1 DAGs
[2026-04-29T00:17:22.858+0000] {logging_mixin.py:190} INFO - [2026-04-29T00:17:22.858+0000] {dag.py:4180} INFO - Setting next_dagrun for transfer_dag to None, run_after=None
[2026-04-29T00:17:22.874+0000] {processor.py:208} INFO - Processing /workspaces/meu-projeto-airflow/dags/transfer_dag.py took 0.056 seconds
[2026-04-29T00:18:15.626+0000] {processor.py:186} INFO - Started process (PID=81203) to work on /workspaces/meu-projeto-airflow/dags/transfer_dag.py
[2026-04-29T00:18:15.627+0000] {processor.py:914} INFO - Processing file /workspaces/meu-projeto-airflow/dags/transfer_dag.py for tasks to queue
[2026-04-29T00:18:15.629+0000] {logging_mixin.py:190} INFO - [2026-04-29T00:18:15.628+0000] {dagbag.py:588} INFO - Filling up the DagBag from /workspaces/meu-projeto-airflow/dags/transfer_dag.py
[2026-04-29T00:18:15.636+0000] {processor.py:925} INFO - DAG(s) 'transfer_dag' retrieved from /workspaces/meu-projeto-airflow/dags/transfer_dag.py
[2026-04-29T00:18:15.649+0000] {logging_mixin.py:190} INFO - [2026-04-29T00:18:15.649+0000] {dag.py:3239} INFO - Sync 1 DAGs
[2026-04-29T00:18:15.659+0000] {logging_mixin.py:190} INFO - [2026-04-29T00:18:15.658+0000] {dag.py:4180} INFO - Setting next_dagrun for transfer_dag to None, run_after=None
[2026-04-29T00:18:15.675+0000] {processor.py:208} INFO - Processing /workspaces/meu-projeto-airflow/dags/transfer_dag.py took 0.054 seconds
[2026-04-29T00:19:02.312+0000] {processor.py:186} INFO - Started process (PID=82152) to work on /workspaces/meu-projeto-airflow/dags/transfer_dag.py
[2026-04-29T00:19:02.313+0000] {processor.py:914} INFO - Processing file /workspaces/meu-projeto-airflow/dags/transfer_dag.py for tasks to queue
[2026-04-29T00:19:02.314+0000] {logging_mixin.py:190} INFO - [2026-04-29T00:19:02.314+0000] {dagbag.py:588} INFO - Filling up the DagBag from /workspaces/meu-projeto-airflow/dags/transfer_dag.py
[2026-04-29T00:19:02.322+0000] {processor.py:925} INFO - DAG(s) 'transfer_dag' retrieved from /workspaces/meu-projeto-airflow/dags/transfer_dag.py
[2026-04-29T00:19:02.338+0000] {logging_mixin.py:190} INFO - [2026-04-29T00:19:02.338+0000] {dag.py:3239} INFO - Sync 1 DAGs
[2026-04-29T00:19:02.348+0000] {logging_mixin.py:190} INFO - [2026-04-29T00:19:02.348+0000] {dag.py:4180} INFO - Setting next_dagrun for transfer_dag to None, run_after=None
[2026-04-29T00:19:02.365+0000] {processor.py:208} INFO - Processing /workspaces/meu-projeto-airflow/dags/transfer_dag.py took 0.057 seconds
[2026-04-29T00:19:46.506+0000] {processor.py:186} INFO - Started process (PID=82994) to work on /workspaces/meu-projeto-airflow/dags/transfer_dag.py
[2026-04-29T00:19:46.507+0000] {processor.py:914} INFO - Processing file /workspaces/meu-projeto-airflow/dags/transfer_dag.py for tasks to queue
[2026-04-29T00:19:46.508+0000] {logging_mixin.py:190} INFO - [2026-04-29T00:19:46.508+0000] {dagbag.py:588} INFO - Filling up the DagBag from /workspaces/meu-projeto-airflow/dags/transfer_dag.py
[2026-04-29T00:19:46.519+0000] {processor.py:925} INFO - DAG(s) 'transfer_dag' retrieved from /workspaces/meu-projeto-airflow/dags/transfer_dag.py
[2026-04-29T00:19:46.538+0000] {logging_mixin.py:190} INFO - [2026-04-29T00:19:46.537+0000] {dag.py:3239} INFO - Sync 1 DAGs
[2026-04-29T00:19:46.552+0000] {logging_mixin.py:190} INFO - [2026-04-29T00:19:46.552+0000] {dag.py:4180} INFO - Setting next_dagrun for transfer_dag to None, run_after=None
[2026-04-29T00:19:46.603+0000] {processor.py:208} INFO - Processing /workspaces/meu-projeto-airflow/dags/transfer_dag.py took 0.103 seconds
[2026-04-29T00:20:32.184+0000] {processor.py:186} INFO - Started process (PID=83931) to work on /workspaces/meu-projeto-airflow/dags/transfer_dag.py
[2026-04-29T00:20:32.185+0000] {processor.py:914} INFO - Processing file /workspaces/meu-projeto-airflow/dags/transfer_dag.py for tasks to queue
[2026-04-29T00:20:32.186+0000] {logging_mixin.py:190} INFO - [2026-04-29T00:20:32.185+0000] {dagbag.py:588} INFO - Filling up the DagBag from /workspaces/meu-projeto-airflow/dags/transfer_dag.py
[2026-04-29T00:20:32.192+0000] {processor.py:925} INFO - DAG(s) 'transfer_dag' retrieved from /workspaces/meu-projeto-airflow/dags/transfer_dag.py
[2026-04-29T00:20:32.205+0000] {logging_mixin.py:190} INFO - [2026-04-29T00:20:32.205+0000] {dag.py:3239} INFO - Sync 1 DAGs
[2026-04-29T00:20:32.215+0000] {logging_mixin.py:190} INFO - [2026-04-29T00:20:32.215+0000] {dag.py:4180} INFO - Setting next_dagrun for transfer_dag to None, run_after=None
[2026-04-29T00:20:32.234+0000] {processor.py:208} INFO - Processing /workspaces/meu-projeto-airflow/dags/transfer_dag.py took 0.054 seconds
[2026-04-29T00:21:19.088+0000] {processor.py:186} INFO - Started process (PID=84848) to work on /workspaces/meu-projeto-airflow/dags/transfer_dag.py
[2026-04-29T00:21:19.089+0000] {processor.py:914} INFO - Processing file /workspaces/meu-projeto-airflow/dags/transfer_dag.py for tasks to queue
[2026-04-29T00:21:19.091+0000] {logging_mixin.py:190} INFO - [2026-04-29T00:21:19.090+0000] {dagbag.py:588} INFO - Filling up the DagBag from /workspaces/meu-projeto-airflow/dags/transfer_dag.py
[2026-04-29T00:21:19.101+0000] {processor.py:925} INFO - DAG(s) 'transfer_dag' retrieved from /workspaces/meu-projeto-airflow/dags/transfer_dag.py
[2026-04-29T00:21:19.114+0000] {logging_mixin.py:190} INFO - [2026-04-29T00:21:19.114+0000] {dag.py:3239} INFO - Sync 1 DAGs
[2026-04-29T00:21:19.125+0000] {logging_mixin.py:190} INFO - [2026-04-29T00:21:19.125+0000] {dag.py:4180} INFO - Setting next_dagrun for transfer_dag to None, run_after=None
[2026-04-29T00:21:19.148+0000] {processor.py:208} INFO - Processing /workspaces/meu-projeto-airflow/dags/transfer_dag.py took 0.068 seconds
[2026-04-29T00:22:03.160+0000] {processor.py:186} INFO - Started process (PID=85725) to work on /workspaces/meu-projeto-airflow/dags/transfer_dag.py
[2026-04-29T00:22:03.160+0000] {processor.py:914} INFO - Processing file /workspaces/meu-projeto-airflow/dags/transfer_dag.py for tasks to queue
[2026-04-29T00:22:03.161+0000] {logging_mixin.py:190} INFO - [2026-04-29T00:22:03.161+0000] {dagbag.py:588} INFO - Filling up the DagBag from /workspaces/meu-projeto-airflow/dags/transfer_dag.py
[2026-04-29T00:22:03.168+0000] {processor.py:925} INFO - DAG(s) 'transfer_dag' retrieved from /workspaces/meu-projeto-airflow/dags/transfer_dag.py
[2026-04-29T00:22:03.181+0000] {logging_mixin.py:190} INFO - [2026-04-29T00:22:03.180+0000] {dag.py:3239} INFO - Sync 1 DAGs
[2026-04-29T00:22:03.191+0000] {logging_mixin.py:190} INFO - [2026-04-29T00:22:03.190+0000] {dag.py:4180} INFO - Setting next_dagrun for transfer_dag to None, run_after=None
[2026-04-29T00:22:03.207+0000] {processor.py:208} INFO - Processing /workspaces/meu-projeto-airflow/dags/transfer_dag.py took 0.052 seconds
[2026-04-29T00:22:48.255+0000] {processor.py:186} INFO - Started process (PID=86605) to work on /workspaces/meu-projeto-airflow/dags/transfer_dag.py
[2026-04-29T00:22:48.255+0000] {processor.py:914} INFO - Processing file /workspaces/meu-projeto-airflow/dags/transfer_dag.py for tasks to queue
[2026-04-29T00:22:48.257+0000] {logging_mixin.py:190} INFO - [2026-04-29T00:22:48.256+0000] {dagbag.py:588} INFO - Filling up the DagBag from /workspaces/meu-projeto-airflow/dags/transfer_dag.py
[2026-04-29T00:22:48.263+0000] {processor.py:925} INFO - DAG(s) 'transfer_dag' retrieved from /workspaces/meu-projeto-airflow/dags/transfer_dag.py
[2026-04-29T00:22:48.276+0000] {logging_mixin.py:190} INFO - [2026-04-29T00:22:48.276+0000] {dag.py:3239} INFO - Sync 1 DAGs
[2026-04-29T00:22:48.286+0000] {logging_mixin.py:190} INFO - [2026-04-29T00:22:48.286+0000] {dag.py:4180} INFO - Setting next_dagrun for transfer_dag to None, run_after=None
[2026-04-29T00:22:48.302+0000] {processor.py:208} INFO - Processing /workspaces/meu-projeto-airflow/dags/transfer_dag.py took 0.052 seconds
[2026-04-29T00:23:34.075+0000] {processor.py:186} INFO - Started process (PID=87507) to work on /workspaces/meu-projeto-airflow/dags/transfer_dag.py
[2026-04-29T00:23:34.076+0000] {processor.py:914} INFO - Processing file /workspaces/meu-projeto-airflow/dags/transfer_dag.py for tasks to queue
[2026-04-29T00:23:34.077+0000] {logging_mixin.py:190} INFO - [2026-04-29T00:23:34.076+0000] {dagbag.py:588} INFO - Filling up the DagBag from /workspaces/meu-projeto-airflow/dags/transfer_dag.py
[2026-04-29T00:23:34.083+0000] {processor.py:925} INFO - DAG(s) 'transfer_dag' retrieved from /workspaces/meu-projeto-airflow/dags/transfer_dag.py
[2026-04-29T00:23:34.098+0000] {logging_mixin.py:190} INFO - [2026-04-29T00:23:34.098+0000] {dag.py:3239} INFO - Sync 1 DAGs
[2026-04-29T00:23:34.107+0000] {logging_mixin.py:190} INFO - [2026-04-29T00:23:34.107+0000] {dag.py:4180} INFO - Setting next_dagrun for transfer_dag to None, run_after=None
[2026-04-29T00:23:34.129+0000] {processor.py:208} INFO - Processing /workspaces/meu-projeto-airflow/dags/transfer_dag.py took 0.058 seconds
[2026-04-29T00:24:20.915+0000] {processor.py:186} INFO - Started process (PID=88412) to work on /workspaces/meu-projeto-airflow/dags/transfer_dag.py
[2026-04-29T00:24:20.916+0000] {processor.py:914} INFO - Processing file /workspaces/meu-projeto-airflow/dags/transfer_dag.py for tasks to queue
[2026-04-29T00:24:20.919+0000] {logging_mixin.py:190} INFO - [2026-04-29T00:24:20.917+0000] {dagbag.py:588} INFO - Filling up the DagBag from /workspaces/meu-projeto-airflow/dags/transfer_dag.py
[2026-04-29T00:24:20.934+0000] {processor.py:925} INFO - DAG(s) 'transfer_dag' retrieved from /workspaces/meu-projeto-airflow/dags/transfer_dag.py
[2026-04-29T00:24:20.955+0000] {logging_mixin.py:190} INFO - [2026-04-29T00:24:20.955+0000] {dag.py:3239} INFO - Sync 1 DAGs
[2026-04-29T00:24:20.967+0000] {logging_mixin.py:190} INFO - [2026-04-29T00:24:20.967+0000] {dag.py:4180} INFO - Setting next_dagrun for transfer_dag to None, run_after=None
[2026-04-29T00:24:20.992+0000] {processor.py:208} INFO - Processing /workspaces/meu-projeto-airflow/dags/transfer_dag.py took 0.084 seconds
[2026-04-29T00:25:04.577+0000] {processor.py:186} INFO - Started process (PID=89288) to work on /workspaces/meu-projeto-airflow/dags/transfer_dag.py
[2026-04-29T00:25:04.578+0000] {processor.py:914} INFO - Processing file /workspaces/meu-projeto-airflow/dags/transfer_dag.py for tasks to queue
[2026-04-29T00:25:04.579+0000] {logging_mixin.py:190} INFO - [2026-04-29T00:25:04.579+0000] {dagbag.py:588} INFO - Filling up the DagBag from /workspaces/meu-projeto-airflow/dags/transfer_dag.py
[2026-04-29T00:25:04.586+0000] {processor.py:925} INFO - DAG(s) 'transfer_dag' retrieved from /workspaces/meu-projeto-airflow/dags/transfer_dag.py
[2026-04-29T00:25:04.599+0000] {logging_mixin.py:190} INFO - [2026-04-29T00:25:04.599+0000] {dag.py:3239} INFO - Sync 1 DAGs
[2026-04-29T00:25:04.609+0000] {logging_mixin.py:190} INFO - [2026-04-29T00:25:04.609+0000] {dag.py:4180} INFO - Setting next_dagrun for transfer_dag to None, run_after=None
[2026-04-29T00:25:04.627+0000] {processor.py:208} INFO - Processing /workspaces/meu-projeto-airflow/dags/transfer_dag.py took 0.054 seconds
[2026-04-29T00:25:51.238+0000] {processor.py:186} INFO - Started process (PID=90213) to work on /workspaces/meu-projeto-airflow/dags/transfer_dag.py
[2026-04-29T00:25:51.238+0000] {processor.py:914} INFO - Processing file /workspaces/meu-projeto-airflow/dags/transfer_dag.py for tasks to queue
[2026-04-29T00:25:51.240+0000] {logging_mixin.py:190} INFO - [2026-04-29T00:25:51.239+0000] {dagbag.py:588} INFO - Filling up the DagBag from /workspaces/meu-projeto-airflow/dags/transfer_dag.py
[2026-04-29T00:25:51.246+0000] {processor.py:925} INFO - DAG(s) 'transfer_dag' retrieved from /workspaces/meu-projeto-airflow/dags/transfer_dag.py
[2026-04-29T00:25:51.260+0000] {logging_mixin.py:190} INFO - [2026-04-29T00:25:51.260+0000] {dag.py:3239} INFO - Sync 1 DAGs
[2026-04-29T00:25:51.270+0000] {logging_mixin.py:190} INFO - [2026-04-29T00:25:51.270+0000] {dag.py:4180} INFO - Setting next_dagrun for transfer_dag to None, run_after=None
[2026-04-29T00:25:51.286+0000] {processor.py:208} INFO - Processing /workspaces/meu-projeto-airflow/dags/transfer_dag.py took 0.053 seconds
[2026-04-29T00:26:36.757+0000] {processor.py:186} INFO - Started process (PID=91121) to work on /workspaces/meu-projeto-airflow/dags/transfer_dag.py
[2026-04-29T00:26:36.758+0000] {processor.py:914} INFO - Processing file /workspaces/meu-projeto-airflow/dags/transfer_dag.py for tasks to queue
[2026-04-29T00:26:36.759+0000] {logging_mixin.py:190} INFO - [2026-04-29T00:26:36.759+0000] {dagbag.py:588} INFO - Filling up the DagBag from /workspaces/meu-projeto-airflow/dags/transfer_dag.py
[2026-04-29T00:26:36.766+0000] {processor.py:925} INFO - DAG(s) 'transfer_dag' retrieved from /workspaces/meu-projeto-airflow/dags/transfer_dag.py
[2026-04-29T00:26:36.779+0000] {logging_mixin.py:190} INFO - [2026-04-29T00:26:36.778+0000] {dag.py:3239} INFO - Sync 1 DAGs
[2026-04-29T00:26:36.788+0000] {logging_mixin.py:190} INFO - [2026-04-29T00:26:36.788+0000] {dag.py:4180} INFO - Setting next_dagrun for transfer_dag to None, run_after=None
[2026-04-29T00:26:36.805+0000] {processor.py:208} INFO - Processing /workspaces/meu-projeto-airflow/dags/transfer_dag.py took 0.052 seconds
[2026-04-29T00:27:24.052+0000] {processor.py:186} INFO - Started process (PID=92086) to work on /workspaces/meu-projeto-airflow/dags/transfer_dag.py
[2026-04-29T00:27:24.053+0000] {processor.py:914} INFO - Processing file /workspaces/meu-projeto-airflow/dags/transfer_dag.py for tasks to queue
[2026-04-29T00:27:24.054+0000] {logging_mixin.py:190} INFO - [2026-04-29T00:27:24.053+0000] {dagbag.py:588} INFO - Filling up the DagBag from /workspaces/meu-projeto-airflow/dags/transfer_dag.py
[2026-04-29T00:27:24.061+0000] {processor.py:925} INFO - DAG(s) 'transfer_dag' retrieved from /workspaces/meu-projeto-airflow/dags/transfer_dag.py
[2026-04-29T00:27:24.073+0000] {logging_mixin.py:190} INFO - [2026-04-29T00:27:24.073+0000] {dag.py:3239} INFO - Sync 1 DAGs
[2026-04-29T00:27:24.084+0000] {logging_mixin.py:190} INFO - [2026-04-29T00:27:24.084+0000] {dag.py:4180} INFO - Setting next_dagrun for transfer_dag to None, run_after=None
[2026-04-29T00:27:24.100+0000] {processor.py:208} INFO - Processing /workspaces/meu-projeto-airflow/dags/transfer_dag.py took 0.053 seconds
[2026-04-29T00:28:25.979+0000] {processor.py:186} INFO - Started process (PID=93324) to work on /workspaces/meu-projeto-airflow/dags/transfer_dag.py
[2026-04-29T00:28:25.980+0000] {processor.py:914} INFO - Processing file /workspaces/meu-projeto-airflow/dags/transfer_dag.py for tasks to queue
[2026-04-29T00:28:25.981+0000] {logging_mixin.py:190} INFO - [2026-04-29T00:28:25.981+0000] {dagbag.py:588} INFO - Filling up the DagBag from /workspaces/meu-projeto-airflow/dags/transfer_dag.py
[2026-04-29T00:28:25.988+0000] {processor.py:925} INFO - DAG(s) 'transfer_dag' retrieved from /workspaces/meu-projeto-airflow/dags/transfer_dag.py
[2026-04-29T00:28:26.000+0000] {logging_mixin.py:190} INFO - [2026-04-29T00:28:26.000+0000] {dag.py:3239} INFO - Sync 1 DAGs
[2026-04-29T00:28:26.010+0000] {logging_mixin.py:190} INFO - [2026-04-29T00:28:26.010+0000] {dag.py:4180} INFO - Setting next_dagrun for transfer_dag to None, run_after=None
[2026-04-29T00:28:26.027+0000] {processor.py:208} INFO - Processing /workspaces/meu-projeto-airflow/dags/transfer_dag.py took 0.052 seconds
[2026-04-29T00:29:23.165+0000] {processor.py:186} INFO - Started process (PID=94506) to work on /workspaces/meu-projeto-airflow/dags/transfer_dag.py
[2026-04-29T00:29:23.166+0000] {processor.py:914} INFO - Processing file /workspaces/meu-projeto-airflow/dags/transfer_dag.py for tasks to queue
[2026-04-29T00:29:23.167+0000] {logging_mixin.py:190} INFO - [2026-04-29T00:29:23.166+0000] {dagbag.py:588} INFO - Filling up the DagBag from /workspaces/meu-projeto-airflow/dags/transfer_dag.py
[2026-04-29T00:29:23.174+0000] {processor.py:925} INFO - DAG(s) 'transfer_dag' retrieved from /workspaces/meu-projeto-airflow/dags/transfer_dag.py
[2026-04-29T00:29:23.187+0000] {logging_mixin.py:190} INFO - [2026-04-29T00:29:23.186+0000] {dag.py:3239} INFO - Sync 1 DAGs
[2026-04-29T00:29:23.197+0000] {logging_mixin.py:190} INFO - [2026-04-29T00:29:23.197+0000] {dag.py:4180} INFO - Setting next_dagrun for transfer_dag to None, run_after=None
[2026-04-29T00:29:23.217+0000] {processor.py:208} INFO - Processing /workspaces/meu-projeto-airflow/dags/transfer_dag.py took 0.056 seconds
[2026-04-29T00:30:08.644+0000] {processor.py:186} INFO - Started process (PID=95405) to work on /workspaces/meu-projeto-airflow/dags/transfer_dag.py
[2026-04-29T00:30:08.645+0000] {processor.py:914} INFO - Processing file /workspaces/meu-projeto-airflow/dags/transfer_dag.py for tasks to queue
[2026-04-29T00:30:08.646+0000] {logging_mixin.py:190} INFO - [2026-04-29T00:30:08.646+0000] {dagbag.py:588} INFO - Filling up the DagBag from /workspaces/meu-projeto-airflow/dags/transfer_dag.py
[2026-04-29T00:30:08.653+0000] {processor.py:925} INFO - DAG(s) 'transfer_dag' retrieved from /workspaces/meu-projeto-airflow/dags/transfer_dag.py
[2026-04-29T00:30:08.666+0000] {logging_mixin.py:190} INFO - [2026-04-29T00:30:08.666+0000] {dag.py:3239} INFO - Sync 1 DAGs
[2026-04-29T00:30:08.676+0000] {logging_mixin.py:190} INFO - [2026-04-29T00:30:08.676+0000] {dag.py:4180} INFO - Setting next_dagrun for transfer_dag to None, run_after=None
[2026-04-29T00:30:08.692+0000] {processor.py:208} INFO - Processing /workspaces/meu-projeto-airflow/dags/transfer_dag.py took 0.052 seconds
[2026-04-29T00:30:50.785+0000] {processor.py:186} INFO - Started process (PID=96214) to work on /workspaces/meu-projeto-airflow/dags/transfer_dag.py
[2026-04-29T00:30:50.786+0000] {processor.py:914} INFO - Processing file /workspaces/meu-projeto-airflow/dags/transfer_dag.py for tasks to queue
[2026-04-29T00:30:50.787+0000] {logging_mixin.py:190} INFO - [2026-04-29T00:30:50.787+0000] {dagbag.py:588} INFO - Filling up the DagBag from /workspaces/meu-projeto-airflow/dags/transfer_dag.py
[2026-04-29T00:30:50.793+0000] {processor.py:925} INFO - DAG(s) 'transfer_dag' retrieved from /workspaces/meu-projeto-airflow/dags/transfer_dag.py
[2026-04-29T00:30:50.807+0000] {logging_mixin.py:190} INFO - [2026-04-29T00:30:50.807+0000] {dag.py:3239} INFO - Sync 1 DAGs
[2026-04-29T00:30:50.821+0000] {logging_mixin.py:190} INFO - [2026-04-29T00:30:50.820+0000] {dag.py:4180} INFO - Setting next_dagrun for transfer_dag to None, run_after=None
[2026-04-29T00:30:50.839+0000] {processor.py:208} INFO - Processing /workspaces/meu-projeto-airflow/dags/transfer_dag.py took 0.058 seconds
[2026-04-29T00:31:34.075+0000] {processor.py:186} INFO - Started process (PID=97108) to work on /workspaces/meu-projeto-airflow/dags/transfer_dag.py
[2026-04-29T00:31:34.076+0000] {processor.py:914} INFO - Processing file /workspaces/meu-projeto-airflow/dags/transfer_dag.py for tasks to queue
[2026-04-29T00:31:34.077+0000] {logging_mixin.py:190} INFO - [2026-04-29T00:31:34.077+0000] {dagbag.py:588} INFO - Filling up the DagBag from /workspaces/meu-projeto-airflow/dags/transfer_dag.py
[2026-04-29T00:31:34.084+0000] {processor.py:925} INFO - DAG(s) 'transfer_dag' retrieved from /workspaces/meu-projeto-airflow/dags/transfer_dag.py
[2026-04-29T00:31:34.097+0000] {logging_mixin.py:190} INFO - [2026-04-29T00:31:34.096+0000] {dag.py:3239} INFO - Sync 1 DAGs
[2026-04-29T00:31:34.107+0000] {logging_mixin.py:190} INFO - [2026-04-29T00:31:34.107+0000] {dag.py:4180} INFO - Setting next_dagrun for transfer_dag to None, run_after=None
[2026-04-29T00:31:34.125+0000] {processor.py:208} INFO - Processing /workspaces/meu-projeto-airflow/dags/transfer_dag.py took 0.054 seconds
[2026-04-29T00:32:21.013+0000] {processor.py:186} INFO - Started process (PID=98028) to work on /workspaces/meu-projeto-airflow/dags/transfer_dag.py
[2026-04-29T00:32:21.015+0000] {processor.py:914} INFO - Processing file /workspaces/meu-projeto-airflow/dags/transfer_dag.py for tasks to queue
[2026-04-29T00:32:21.017+0000] {logging_mixin.py:190} INFO - [2026-04-29T00:32:21.016+0000] {dagbag.py:588} INFO - Filling up the DagBag from /workspaces/meu-projeto-airflow/dags/transfer_dag.py
[2026-04-29T00:32:21.025+0000] {processor.py:925} INFO - DAG(s) 'transfer_dag' retrieved from /workspaces/meu-projeto-airflow/dags/transfer_dag.py
[2026-04-29T00:32:21.054+0000] {logging_mixin.py:190} INFO - [2026-04-29T00:32:21.053+0000] {dag.py:3239} INFO - Sync 1 DAGs
[2026-04-29T00:32:21.069+0000] {logging_mixin.py:190} INFO - [2026-04-29T00:32:21.069+0000] {dag.py:4180} INFO - Setting next_dagrun for transfer_dag to None, run_after=None
[2026-04-29T00:32:21.088+0000] {processor.py:208} INFO - Processing /workspaces/meu-projeto-airflow/dags/transfer_dag.py took 0.082 seconds
[2026-04-29T00:33:06.183+0000] {processor.py:186} INFO - Started process (PID=98923) to work on /workspaces/meu-projeto-airflow/dags/transfer_dag.py
[2026-04-29T00:33:06.183+0000] {processor.py:914} INFO - Processing file /workspaces/meu-projeto-airflow/dags/transfer_dag.py for tasks to queue
[2026-04-29T00:33:06.185+0000] {logging_mixin.py:190} INFO - [2026-04-29T00:33:06.184+0000] {dagbag.py:588} INFO - Filling up the DagBag from /workspaces/meu-projeto-airflow/dags/transfer_dag.py
[2026-04-29T00:33:06.193+0000] {processor.py:925} INFO - DAG(s) 'transfer_dag' retrieved from /workspaces/meu-projeto-airflow/dags/transfer_dag.py
[2026-04-29T00:33:06.206+0000] {logging_mixin.py:190} INFO - [2026-04-29T00:33:06.206+0000] {dag.py:3239} INFO - Sync 1 DAGs
[2026-04-29T00:33:06.217+0000] {logging_mixin.py:190} INFO - [2026-04-29T00:33:06.217+0000] {dag.py:4180} INFO - Setting next_dagrun for transfer_dag to None, run_after=None
[2026-04-29T00:33:06.237+0000] {processor.py:208} INFO - Processing /workspaces/meu-projeto-airflow/dags/transfer_dag.py took 0.059 seconds
[2026-04-29T00:33:52.756+0000] {processor.py:186} INFO - Started process (PID=99858) to work on /workspaces/meu-projeto-airflow/dags/transfer_dag.py
[2026-04-29T00:33:52.757+0000] {processor.py:914} INFO - Processing file /workspaces/meu-projeto-airflow/dags/transfer_dag.py for tasks to queue
[2026-04-29T00:33:52.759+0000] {logging_mixin.py:190} INFO - [2026-04-29T00:33:52.758+0000] {dagbag.py:588} INFO - Filling up the DagBag from /workspaces/meu-projeto-airflow/dags/transfer_dag.py
[2026-04-29T00:33:52.768+0000] {processor.py:925} INFO - DAG(s) 'transfer_dag' retrieved from /workspaces/meu-projeto-airflow/dags/transfer_dag.py
[2026-04-29T00:33:52.786+0000] {logging_mixin.py:190} INFO - [2026-04-29T00:33:52.786+0000] {dag.py:3239} INFO - Sync 1 DAGs
[2026-04-29T00:33:52.800+0000] {logging_mixin.py:190} INFO - [2026-04-29T00:33:52.799+0000] {dag.py:4180} INFO - Setting next_dagrun for transfer_dag to None, run_after=None
[2026-04-29T00:33:52.819+0000] {processor.py:208} INFO - Processing /workspaces/meu-projeto-airflow/dags/transfer_dag.py took 0.073 seconds
[2026-04-29T00:34:41.135+0000] {processor.py:186} INFO - Started process (PID=100823) to work on /workspaces/meu-projeto-airflow/dags/transfer_dag.py
[2026-04-29T00:34:41.136+0000] {processor.py:914} INFO - Processing file /workspaces/meu-projeto-airflow/dags/transfer_dag.py for tasks to queue
[2026-04-29T00:34:41.137+0000] {logging_mixin.py:190} INFO - [2026-04-29T00:34:41.137+0000] {dagbag.py:588} INFO - Filling up the DagBag from /workspaces/meu-projeto-airflow/dags/transfer_dag.py
[2026-04-29T00:34:41.144+0000] {processor.py:925} INFO - DAG(s) 'transfer_dag' retrieved from /workspaces/meu-projeto-airflow/dags/transfer_dag.py
[2026-04-29T00:34:41.157+0000] {logging_mixin.py:190} INFO - [2026-04-29T00:34:41.156+0000] {dag.py:3239} INFO - Sync 1 DAGs
[2026-04-29T00:34:41.167+0000] {logging_mixin.py:190} INFO - [2026-04-29T00:34:41.166+0000] {dag.py:4180} INFO - Setting next_dagrun for transfer_dag to None, run_after=None
[2026-04-29T00:34:41.183+0000] {processor.py:208} INFO - Processing /workspaces/meu-projeto-airflow/dags/transfer_dag.py took 0.053 seconds
[2026-04-29T00:35:27.311+0000] {processor.py:186} INFO - Started process (PID=101762) to work on /workspaces/meu-projeto-airflow/dags/transfer_dag.py
[2026-04-29T00:35:27.312+0000] {processor.py:914} INFO - Processing file /workspaces/meu-projeto-airflow/dags/transfer_dag.py for tasks to queue
[2026-04-29T00:35:27.313+0000] {logging_mixin.py:190} INFO - [2026-04-29T00:35:27.312+0000] {dagbag.py:588} INFO - Filling up the DagBag from /workspaces/meu-projeto-airflow/dags/transfer_dag.py
[2026-04-29T00:35:27.322+0000] {processor.py:925} INFO - DAG(s) 'transfer_dag' retrieved from /workspaces/meu-projeto-airflow/dags/transfer_dag.py
[2026-04-29T00:35:27.338+0000] {logging_mixin.py:190} INFO - [2026-04-29T00:35:27.338+0000] {dag.py:3239} INFO - Sync 1 DAGs
[2026-04-29T00:35:27.348+0000] {logging_mixin.py:190} INFO - [2026-04-29T00:35:27.348+0000] {dag.py:4180} INFO - Setting next_dagrun for transfer_dag to None, run_after=None
[2026-04-29T00:35:27.364+0000] {processor.py:208} INFO - Processing /workspaces/meu-projeto-airflow/dags/transfer_dag.py took 0.058 seconds
[2026-04-29T00:36:14.226+0000] {processor.py:186} INFO - Started process (PID=102676) to work on /workspaces/meu-projeto-airflow/dags/transfer_dag.py
[2026-04-29T00:36:14.227+0000] {processor.py:914} INFO - Processing file /workspaces/meu-projeto-airflow/dags/transfer_dag.py for tasks to queue
[2026-04-29T00:36:14.229+0000] {logging_mixin.py:190} INFO - [2026-04-29T00:36:14.228+0000] {dagbag.py:588} INFO - Filling up the DagBag from /workspaces/meu-projeto-airflow/dags/transfer_dag.py
[2026-04-29T00:36:14.243+0000] {processor.py:925} INFO - DAG(s) 'transfer_dag' retrieved from /workspaces/meu-projeto-airflow/dags/transfer_dag.py
[2026-04-29T00:36:14.293+0000] {logging_mixin.py:190} INFO - [2026-04-29T00:36:14.292+0000] {dag.py:3239} INFO - Sync 1 DAGs
[2026-04-29T00:36:14.330+0000] {logging_mixin.py:190} INFO - [2026-04-29T00:36:14.329+0000] {dag.py:4180} INFO - Setting next_dagrun for transfer_dag to None, run_after=None
[2026-04-29T00:36:14.356+0000] {processor.py:208} INFO - Processing /workspaces/meu-projeto-airflow/dags/transfer_dag.py took 0.143 seconds
[2026-04-29T00:37:00.592+0000] {processor.py:186} INFO - Started process (PID=103593) to work on /workspaces/meu-projeto-airflow/dags/transfer_dag.py
[2026-04-29T00:37:00.593+0000] {processor.py:914} INFO - Processing file /workspaces/meu-projeto-airflow/dags/transfer_dag.py for tasks to queue
[2026-04-29T00:37:00.594+0000] {logging_mixin.py:190} INFO - [2026-04-29T00:37:00.594+0000] {dagbag.py:588} INFO - Filling up the DagBag from /workspaces/meu-projeto-airflow/dags/transfer_dag.py
[2026-04-29T00:37:00.600+0000] {processor.py:925} INFO - DAG(s) 'transfer_dag' retrieved from /workspaces/meu-projeto-airflow/dags/transfer_dag.py
[2026-04-29T00:37:00.613+0000] {logging_mixin.py:190} INFO - [2026-04-29T00:37:00.613+0000] {dag.py:3239} INFO - Sync 1 DAGs
[2026-04-29T00:37:00.627+0000] {logging_mixin.py:190} INFO - [2026-04-29T00:37:00.626+0000] {dag.py:4180} INFO - Setting next_dagrun for transfer_dag to None, run_after=None
[2026-04-29T00:37:00.645+0000] {processor.py:208} INFO - Processing /workspaces/meu-projeto-airflow/dags/transfer_dag.py took 0.058 seconds
[2026-04-29T00:37:45.208+0000] {processor.py:186} INFO - Started process (PID=104485) to work on /workspaces/meu-projeto-airflow/dags/transfer_dag.py
[2026-04-29T00:37:45.208+0000] {processor.py:914} INFO - Processing file /workspaces/meu-projeto-airflow/dags/transfer_dag.py for tasks to queue
[2026-04-29T00:37:45.210+0000] {logging_mixin.py:190} INFO - [2026-04-29T00:37:45.209+0000] {dagbag.py:588} INFO - Filling up the DagBag from /workspaces/meu-projeto-airflow/dags/transfer_dag.py
[2026-04-29T00:37:45.217+0000] {processor.py:925} INFO - DAG(s) 'transfer_dag' retrieved from /workspaces/meu-projeto-airflow/dags/transfer_dag.py
[2026-04-29T00:37:45.234+0000] {logging_mixin.py:190} INFO - [2026-04-29T00:37:45.234+0000] {dag.py:3239} INFO - Sync 1 DAGs
[2026-04-29T00:37:45.245+0000] {logging_mixin.py:190} INFO - [2026-04-29T00:37:45.245+0000] {dag.py:4180} INFO - Setting next_dagrun for transfer_dag to None, run_after=None
[2026-04-29T00:37:45.261+0000] {processor.py:208} INFO - Processing /workspaces/meu-projeto-airflow/dags/transfer_dag.py took 0.059 seconds
[2026-04-29T00:38:29.493+0000] {processor.py:186} INFO - Started process (PID=105376) to work on /workspaces/meu-projeto-airflow/dags/transfer_dag.py
[2026-04-29T00:38:29.493+0000] {processor.py:914} INFO - Processing file /workspaces/meu-projeto-airflow/dags/transfer_dag.py for tasks to queue
[2026-04-29T00:38:29.495+0000] {logging_mixin.py:190} INFO - [2026-04-29T00:38:29.494+0000] {dagbag.py:588} INFO - Filling up the DagBag from /workspaces/meu-projeto-airflow/dags/transfer_dag.py
[2026-04-29T00:38:29.501+0000] {processor.py:925} INFO - DAG(s) 'transfer_dag' retrieved from /workspaces/meu-projeto-airflow/dags/transfer_dag.py
[2026-04-29T00:38:29.514+0000] {logging_mixin.py:190} INFO - [2026-04-29T00:38:29.514+0000] {dag.py:3239} INFO - Sync 1 DAGs
[2026-04-29T00:38:29.527+0000] {logging_mixin.py:190} INFO - [2026-04-29T00:38:29.527+0000] {dag.py:4180} INFO - Setting next_dagrun for transfer_dag to None, run_after=None
[2026-04-29T00:38:29.546+0000] {processor.py:208} INFO - Processing /workspaces/meu-projeto-airflow/dags/transfer_dag.py took 0.058 seconds
[2026-04-29T00:39:16.105+0000] {processor.py:186} INFO - Started process (PID=106314) to work on /workspaces/meu-projeto-airflow/dags/transfer_dag.py
[2026-04-29T00:39:16.106+0000] {processor.py:914} INFO - Processing file /workspaces/meu-projeto-airflow/dags/transfer_dag.py for tasks to queue
[2026-04-29T00:39:16.107+0000] {logging_mixin.py:190} INFO - [2026-04-29T00:39:16.107+0000] {dagbag.py:588} INFO - Filling up the DagBag from /workspaces/meu-projeto-airflow/dags/transfer_dag.py
[2026-04-29T00:39:16.114+0000] {processor.py:925} INFO - DAG(s) 'transfer_dag' retrieved from /workspaces/meu-projeto-airflow/dags/transfer_dag.py
[2026-04-29T00:39:16.132+0000] {logging_mixin.py:190} INFO - [2026-04-29T00:39:16.132+0000] {dag.py:3239} INFO - Sync 1 DAGs
[2026-04-29T00:39:16.144+0000] {logging_mixin.py:190} INFO - [2026-04-29T00:39:16.144+0000] {dag.py:4180} INFO - Setting next_dagrun for transfer_dag to None, run_after=None
[2026-04-29T00:39:16.160+0000] {processor.py:208} INFO - Processing /workspaces/meu-projeto-airflow/dags/transfer_dag.py took 0.060 seconds
[2026-04-29T00:39:58.728+0000] {processor.py:186} INFO - Started process (PID=107162) to work on /workspaces/meu-projeto-airflow/dags/transfer_dag.py
[2026-04-29T00:39:58.728+0000] {processor.py:914} INFO - Processing file /workspaces/meu-projeto-airflow/dags/transfer_dag.py for tasks to queue
[2026-04-29T00:39:58.730+0000] {logging_mixin.py:190} INFO - [2026-04-29T00:39:58.729+0000] {dagbag.py:588} INFO - Filling up the DagBag from /workspaces/meu-projeto-airflow/dags/transfer_dag.py
[2026-04-29T00:39:58.737+0000] {processor.py:925} INFO - DAG(s) 'transfer_dag' retrieved from /workspaces/meu-projeto-airflow/dags/transfer_dag.py
[2026-04-29T00:39:58.750+0000] {logging_mixin.py:190} INFO - [2026-04-29T00:39:58.750+0000] {dag.py:3239} INFO - Sync 1 DAGs
[2026-04-29T00:39:58.760+0000] {logging_mixin.py:190} INFO - [2026-04-29T00:39:58.760+0000] {dag.py:4180} INFO - Setting next_dagrun for transfer_dag to None, run_after=None
[2026-04-29T00:39:58.776+0000] {processor.py:208} INFO - Processing /workspaces/meu-projeto-airflow/dags/transfer_dag.py took 0.054 seconds
[2026-04-29T00:40:41.820+0000] {processor.py:186} INFO - Started process (PID=108014) to work on /workspaces/meu-projeto-airflow/dags/transfer_dag.py
[2026-04-29T00:40:41.821+0000] {processor.py:914} INFO - Processing file /workspaces/meu-projeto-airflow/dags/transfer_dag.py for tasks to queue
[2026-04-29T00:40:41.822+0000] {logging_mixin.py:190} INFO - [2026-04-29T00:40:41.822+0000] {dagbag.py:588} INFO - Filling up the DagBag from /workspaces/meu-projeto-airflow/dags/transfer_dag.py
[2026-04-29T00:40:41.830+0000] {processor.py:925} INFO - DAG(s) 'transfer_dag' retrieved from /workspaces/meu-projeto-airflow/dags/transfer_dag.py
[2026-04-29T00:40:41.844+0000] {logging_mixin.py:190} INFO - [2026-04-29T00:40:41.844+0000] {dag.py:3239} INFO - Sync 1 DAGs
[2026-04-29T00:40:41.855+0000] {logging_mixin.py:190} INFO - [2026-04-29T00:40:41.855+0000] {dag.py:4180} INFO - Setting next_dagrun for transfer_dag to None, run_after=None
[2026-04-29T00:40:41.872+0000] {processor.py:208} INFO - Processing /workspaces/meu-projeto-airflow/dags/transfer_dag.py took 0.060 seconds
[2026-04-29T00:41:26.513+0000] {processor.py:186} INFO - Started process (PID=108934) to work on /workspaces/meu-projeto-airflow/dags/transfer_dag.py
[2026-04-29T00:41:26.514+0000] {processor.py:914} INFO - Processing file /workspaces/meu-projeto-airflow/dags/transfer_dag.py for tasks to queue
[2026-04-29T00:41:26.515+0000] {logging_mixin.py:190} INFO - [2026-04-29T00:41:26.515+0000] {dagbag.py:588} INFO - Filling up the DagBag from /workspaces/meu-projeto-airflow/dags/transfer_dag.py
[2026-04-29T00:41:26.524+0000] {processor.py:925} INFO - DAG(s) 'transfer_dag' retrieved from /workspaces/meu-projeto-airflow/dags/transfer_dag.py
[2026-04-29T00:41:26.539+0000] {logging_mixin.py:190} INFO - [2026-04-29T00:41:26.539+0000] {dag.py:3239} INFO - Sync 1 DAGs
[2026-04-29T00:41:26.549+0000] {logging_mixin.py:190} INFO - [2026-04-29T00:41:26.549+0000] {dag.py:4180} INFO - Setting next_dagrun for transfer_dag to None, run_after=None
[2026-04-29T00:41:26.566+0000] {processor.py:208} INFO - Processing /workspaces/meu-projeto-airflow/dags/transfer_dag.py took 0.057 seconds
[2026-04-29T00:42:09.485+0000] {processor.py:186} INFO - Started process (PID=109779) to work on /workspaces/meu-projeto-airflow/dags/transfer_dag.py
[2026-04-29T00:42:09.486+0000] {processor.py:914} INFO - Processing file /workspaces/meu-projeto-airflow/dags/transfer_dag.py for tasks to queue
[2026-04-29T00:42:09.487+0000] {logging_mixin.py:190} INFO - [2026-04-29T00:42:09.486+0000] {dagbag.py:588} INFO - Filling up the DagBag from /workspaces/meu-projeto-airflow/dags/transfer_dag.py
[2026-04-29T00:42:09.494+0000] {processor.py:925} INFO - DAG(s) 'transfer_dag' retrieved from /workspaces/meu-projeto-airflow/dags/transfer_dag.py
[2026-04-29T00:42:09.507+0000] {logging_mixin.py:190} INFO - [2026-04-29T00:42:09.506+0000] {dag.py:3239} INFO - Sync 1 DAGs
[2026-04-29T00:42:09.519+0000] {logging_mixin.py:190} INFO - [2026-04-29T00:42:09.519+0000] {dag.py:4180} INFO - Setting next_dagrun for transfer_dag to None, run_after=None
[2026-04-29T00:42:09.540+0000] {processor.py:208} INFO - Processing /workspaces/meu-projeto-airflow/dags/transfer_dag.py took 0.060 seconds
[2026-04-29T00:42:54.559+0000] {processor.py:186} INFO - Started process (PID=110658) to work on /workspaces/meu-projeto-airflow/dags/transfer_dag.py
[2026-04-29T00:42:54.560+0000] {processor.py:914} INFO - Processing file /workspaces/meu-projeto-airflow/dags/transfer_dag.py for tasks to queue
[2026-04-29T00:42:54.561+0000] {logging_mixin.py:190} INFO - [2026-04-29T00:42:54.561+0000] {dagbag.py:588} INFO - Filling up the DagBag from /workspaces/meu-projeto-airflow/dags/transfer_dag.py
[2026-04-29T00:42:54.568+0000] {processor.py:925} INFO - DAG(s) 'transfer_dag' retrieved from /workspaces/meu-projeto-airflow/dags/transfer_dag.py
[2026-04-29T00:42:54.581+0000] {logging_mixin.py:190} INFO - [2026-04-29T00:42:54.581+0000] {dag.py:3239} INFO - Sync 1 DAGs
[2026-04-29T00:42:54.592+0000] {logging_mixin.py:190} INFO - [2026-04-29T00:42:54.592+0000] {dag.py:4180} INFO - Setting next_dagrun for transfer_dag to None, run_after=None
[2026-04-29T00:42:54.608+0000] {processor.py:208} INFO - Processing /workspaces/meu-projeto-airflow/dags/transfer_dag.py took 0.053 seconds
[2026-04-29T00:43:42.763+0000] {processor.py:186} INFO - Started process (PID=111648) to work on /workspaces/meu-projeto-airflow/dags/transfer_dag.py
[2026-04-29T00:43:42.764+0000] {processor.py:914} INFO - Processing file /workspaces/meu-projeto-airflow/dags/transfer_dag.py for tasks to queue
[2026-04-29T00:43:42.765+0000] {logging_mixin.py:190} INFO - [2026-04-29T00:43:42.765+0000] {dagbag.py:588} INFO - Filling up the DagBag from /workspaces/meu-projeto-airflow/dags/transfer_dag.py
[2026-04-29T00:43:42.772+0000] {processor.py:925} INFO - DAG(s) 'transfer_dag' retrieved from /workspaces/meu-projeto-airflow/dags/transfer_dag.py
[2026-04-29T00:43:42.784+0000] {logging_mixin.py:190} INFO - [2026-04-29T00:43:42.784+0000] {dag.py:3239} INFO - Sync 1 DAGs
[2026-04-29T00:43:42.794+0000] {logging_mixin.py:190} INFO - [2026-04-29T00:43:42.794+0000] {dag.py:4180} INFO - Setting next_dagrun for transfer_dag to None, run_after=None
[2026-04-29T00:43:42.811+0000] {processor.py:208} INFO - Processing /workspaces/meu-projeto-airflow/dags/transfer_dag.py took 0.052 seconds
[2026-04-29T00:44:45.846+0000] {processor.py:186} INFO - Started process (PID=112869) to work on /workspaces/meu-projeto-airflow/dags/transfer_dag.py
[2026-04-29T00:44:45.847+0000] {processor.py:914} INFO - Processing file /workspaces/meu-projeto-airflow/dags/transfer_dag.py for tasks to queue
[2026-04-29T00:44:45.848+0000] {logging_mixin.py:190} INFO - [2026-04-29T00:44:45.848+0000] {dagbag.py:588} INFO - Filling up the DagBag from /workspaces/meu-projeto-airflow/dags/transfer_dag.py
[2026-04-29T00:44:45.854+0000] {processor.py:925} INFO - DAG(s) 'transfer_dag' retrieved from /workspaces/meu-projeto-airflow/dags/transfer_dag.py
[2026-04-29T00:44:45.868+0000] {logging_mixin.py:190} INFO - [2026-04-29T00:44:45.868+0000] {dag.py:3239} INFO - Sync 1 DAGs
[2026-04-29T00:44:45.878+0000] {logging_mixin.py:190} INFO - [2026-04-29T00:44:45.878+0000] {dag.py:4180} INFO - Setting next_dagrun for transfer_dag to None, run_after=None
[2026-04-29T00:44:45.895+0000] {processor.py:208} INFO - Processing /workspaces/meu-projeto-airflow/dags/transfer_dag.py took 0.054 seconds
[2026-04-29T00:45:35.758+0000] {processor.py:186} INFO - Started process (PID=113857) to work on /workspaces/meu-projeto-airflow/dags/transfer_dag.py
[2026-04-29T00:45:35.759+0000] {processor.py:914} INFO - Processing file /workspaces/meu-projeto-airflow/dags/transfer_dag.py for tasks to queue
[2026-04-29T00:45:35.760+0000] {logging_mixin.py:190} INFO - [2026-04-29T00:45:35.760+0000] {dagbag.py:588} INFO - Filling up the DagBag from /workspaces/meu-projeto-airflow/dags/transfer_dag.py
[2026-04-29T00:45:35.767+0000] {processor.py:925} INFO - DAG(s) 'transfer_dag' retrieved from /workspaces/meu-projeto-airflow/dags/transfer_dag.py
[2026-04-29T00:45:35.779+0000] {logging_mixin.py:190} INFO - [2026-04-29T00:45:35.779+0000] {dag.py:3239} INFO - Sync 1 DAGs
[2026-04-29T00:45:35.789+0000] {logging_mixin.py:190} INFO - [2026-04-29T00:45:35.789+0000] {dag.py:4180} INFO - Setting next_dagrun for transfer_dag to None, run_after=None
[2026-04-29T00:45:35.805+0000] {processor.py:208} INFO - Processing /workspaces/meu-projeto-airflow/dags/transfer_dag.py took 0.051 seconds
[2026-04-29T00:46:20.357+0000] {processor.py:186} INFO - Started process (PID=114745) to work on /workspaces/meu-projeto-airflow/dags/transfer_dag.py
[2026-04-29T00:46:20.358+0000] {processor.py:914} INFO - Processing file /workspaces/meu-projeto-airflow/dags/transfer_dag.py for tasks to queue
[2026-04-29T00:46:20.359+0000] {logging_mixin.py:190} INFO - [2026-04-29T00:46:20.358+0000] {dagbag.py:588} INFO - Filling up the DagBag from /workspaces/meu-projeto-airflow/dags/transfer_dag.py
[2026-04-29T00:46:20.366+0000] {processor.py:925} INFO - DAG(s) 'transfer_dag' retrieved from /workspaces/meu-projeto-airflow/dags/transfer_dag.py
[2026-04-29T00:46:20.379+0000] {logging_mixin.py:190} INFO - [2026-04-29T00:46:20.379+0000] {dag.py:3239} INFO - Sync 1 DAGs
[2026-04-29T00:46:20.389+0000] {logging_mixin.py:190} INFO - [2026-04-29T00:46:20.389+0000] {dag.py:4180} INFO - Setting next_dagrun for transfer_dag to None, run_after=None
[2026-04-29T00:46:20.405+0000] {processor.py:208} INFO - Processing /workspaces/meu-projeto-airflow/dags/transfer_dag.py took 0.056 seconds
[2026-04-29T00:47:05.157+0000] {processor.py:186} INFO - Started process (PID=115669) to work on /workspaces/meu-projeto-airflow/dags/transfer_dag.py
[2026-04-29T00:47:05.158+0000] {processor.py:914} INFO - Processing file /workspaces/meu-projeto-airflow/dags/transfer_dag.py for tasks to queue
[2026-04-29T00:47:05.159+0000] {logging_mixin.py:190} INFO - [2026-04-29T00:47:05.159+0000] {dagbag.py:588} INFO - Filling up the DagBag from /workspaces/meu-projeto-airflow/dags/transfer_dag.py
[2026-04-29T00:47:05.165+0000] {processor.py:925} INFO - DAG(s) 'transfer_dag' retrieved from /workspaces/meu-projeto-airflow/dags/transfer_dag.py
[2026-04-29T00:47:05.178+0000] {logging_mixin.py:190} INFO - [2026-04-29T00:47:05.178+0000] {dag.py:3239} INFO - Sync 1 DAGs
[2026-04-29T00:47:05.187+0000] {logging_mixin.py:190} INFO - [2026-04-29T00:47:05.187+0000] {dag.py:4180} INFO - Setting next_dagrun for transfer_dag to None, run_after=None
[2026-04-29T00:47:05.204+0000] {processor.py:208} INFO - Processing /workspaces/meu-projeto-airflow/dags/transfer_dag.py took 0.052 seconds
[2026-04-29T00:47:49.735+0000] {processor.py:186} INFO - Started process (PID=116571) to work on /workspaces/meu-projeto-airflow/dags/transfer_dag.py
[2026-04-29T00:47:49.735+0000] {processor.py:914} INFO - Processing file /workspaces/meu-projeto-airflow/dags/transfer_dag.py for tasks to queue
[2026-04-29T00:47:49.737+0000] {logging_mixin.py:190} INFO - [2026-04-29T00:47:49.736+0000] {dagbag.py:588} INFO - Filling up the DagBag from /workspaces/meu-projeto-airflow/dags/transfer_dag.py
[2026-04-29T00:47:49.745+0000] {processor.py:925} INFO - DAG(s) 'transfer_dag' retrieved from /workspaces/meu-projeto-airflow/dags/transfer_dag.py
[2026-04-29T00:47:49.763+0000] {logging_mixin.py:190} INFO - [2026-04-29T00:47:49.763+0000] {dag.py:3239} INFO - Sync 1 DAGs
[2026-04-29T00:47:49.773+0000] {logging_mixin.py:190} INFO - [2026-04-29T00:47:49.773+0000] {dag.py:4180} INFO - Setting next_dagrun for transfer_dag to None, run_after=None
[2026-04-29T00:47:49.789+0000] {processor.py:208} INFO - Processing /workspaces/meu-projeto-airflow/dags/transfer_dag.py took 0.059 seconds
[2026-04-29T00:48:35.429+0000] {processor.py:186} INFO - Started process (PID=117491) to work on /workspaces/meu-projeto-airflow/dags/transfer_dag.py
[2026-04-29T00:48:35.430+0000] {processor.py:914} INFO - Processing file /workspaces/meu-projeto-airflow/dags/transfer_dag.py for tasks to queue
[2026-04-29T00:48:35.431+0000] {logging_mixin.py:190} INFO - [2026-04-29T00:48:35.431+0000] {dagbag.py:588} INFO - Filling up the DagBag from /workspaces/meu-projeto-airflow/dags/transfer_dag.py
[2026-04-29T00:48:35.438+0000] {processor.py:925} INFO - DAG(s) 'transfer_dag' retrieved from /workspaces/meu-projeto-airflow/dags/transfer_dag.py
[2026-04-29T00:48:35.452+0000] {logging_mixin.py:190} INFO - [2026-04-29T00:48:35.451+0000] {dag.py:3239} INFO - Sync 1 DAGs
[2026-04-29T00:48:35.461+0000] {logging_mixin.py:190} INFO - [2026-04-29T00:48:35.461+0000] {dag.py:4180} INFO - Setting next_dagrun for transfer_dag to None, run_after=None
[2026-04-29T00:48:35.485+0000] {processor.py:208} INFO - Processing /workspaces/meu-projeto-airflow/dags/transfer_dag.py took 0.062 seconds
[2026-04-29T00:49:23.767+0000] {processor.py:186} INFO - Started process (PID=118486) to work on /workspaces/meu-projeto-airflow/dags/transfer_dag.py
[2026-04-29T00:49:23.768+0000] {processor.py:914} INFO - Processing file /workspaces/meu-projeto-airflow/dags/transfer_dag.py for tasks to queue
[2026-04-29T00:49:23.769+0000] {logging_mixin.py:190} INFO - [2026-04-29T00:49:23.769+0000] {dagbag.py:588} INFO - Filling up the DagBag from /workspaces/meu-projeto-airflow/dags/transfer_dag.py
[2026-04-29T00:49:23.775+0000] {processor.py:925} INFO - DAG(s) 'transfer_dag' retrieved from /workspaces/meu-projeto-airflow/dags/transfer_dag.py
[2026-04-29T00:49:23.788+0000] {logging_mixin.py:190} INFO - [2026-04-29T00:49:23.787+0000] {dag.py:3239} INFO - Sync 1 DAGs
[2026-04-29T00:49:23.797+0000] {logging_mixin.py:190} INFO - [2026-04-29T00:49:23.797+0000] {dag.py:4180} INFO - Setting next_dagrun for transfer_dag to None, run_after=None
[2026-04-29T00:49:23.813+0000] {processor.py:208} INFO - Processing /workspaces/meu-projeto-airflow/dags/transfer_dag.py took 0.050 seconds
[2026-04-29T00:50:11.789+0000] {processor.py:186} INFO - Started process (PID=119462) to work on /workspaces/meu-projeto-airflow/dags/transfer_dag.py
[2026-04-29T00:50:11.790+0000] {processor.py:914} INFO - Processing file /workspaces/meu-projeto-airflow/dags/transfer_dag.py for tasks to queue
[2026-04-29T00:50:11.791+0000] {logging_mixin.py:190} INFO - [2026-04-29T00:50:11.791+0000] {dagbag.py:588} INFO - Filling up the DagBag from /workspaces/meu-projeto-airflow/dags/transfer_dag.py
[2026-04-29T00:50:11.797+0000] {processor.py:925} INFO - DAG(s) 'transfer_dag' retrieved from /workspaces/meu-projeto-airflow/dags/transfer_dag.py
[2026-04-29T00:50:11.810+0000] {logging_mixin.py:190} INFO - [2026-04-29T00:50:11.810+0000] {dag.py:3239} INFO - Sync 1 DAGs
[2026-04-29T00:50:11.822+0000] {logging_mixin.py:190} INFO - [2026-04-29T00:50:11.822+0000] {dag.py:4180} INFO - Setting next_dagrun for transfer_dag to None, run_after=None
[2026-04-29T00:50:11.839+0000] {processor.py:208} INFO - Processing /workspaces/meu-projeto-airflow/dags/transfer_dag.py took 0.054 seconds
[2026-04-29T00:50:58.924+0000] {processor.py:186} INFO - Started process (PID=120524) to work on /workspaces/meu-projeto-airflow/dags/transfer_dag.py
[2026-04-29T00:50:58.973+0000] {processor.py:914} INFO - Processing file /workspaces/meu-projeto-airflow/dags/transfer_dag.py for tasks to queue
[2026-04-29T00:50:58.976+0000] {logging_mixin.py:190} INFO - [2026-04-29T00:50:58.975+0000] {dagbag.py:588} INFO - Filling up the DagBag from /workspaces/meu-projeto-airflow/dags/transfer_dag.py
[2026-04-29T00:50:58.991+0000] {processor.py:925} INFO - DAG(s) 'transfer_dag' retrieved from /workspaces/meu-projeto-airflow/dags/transfer_dag.py
[2026-04-29T00:50:59.048+0000] {logging_mixin.py:190} INFO - [2026-04-29T00:50:59.048+0000] {dag.py:3239} INFO - Sync 1 DAGs
[2026-04-29T00:50:59.065+0000] {logging_mixin.py:190} INFO - [2026-04-29T00:50:59.065+0000] {dag.py:4180} INFO - Setting next_dagrun for transfer_dag to None, run_after=None
[2026-04-29T00:50:59.097+0000] {processor.py:208} INFO - Processing /workspaces/meu-projeto-airflow/dags/transfer_dag.py took 0.181 seconds
