[2026-04-30T23:48:07.339+0000] {local_task_job_runner.py:123} INFO - ::group::Pre task execution logs
[2026-04-30T23:48:07.350+0000] {taskinstance.py:2612} INFO - Dependencies all met for dep_context=non-requeueable deps ti=<TaskInstance: pipeline_etl_dag.insert_table manual__2026-04-30T23:38:09+00:00 [queued]>
[2026-04-30T23:48:07.359+0000] {taskinstance.py:2612} INFO - Dependencies all met for dep_context=requeueable deps ti=<TaskInstance: pipeline_etl_dag.insert_table manual__2026-04-30T23:38:09+00:00 [queued]>
[2026-04-30T23:48:07.360+0000] {taskinstance.py:2865} INFO - Starting attempt 2 of 2
[2026-04-30T23:48:07.382+0000] {taskinstance.py:2888} INFO - Executing <Task(PostgresOperator): insert_table> on 2026-04-30 23:38:09+00:00
[2026-04-30T23:48:07.392+0000] {standard_task_runner.py:72} INFO - Started process 70607 to run task
[2026-04-30T23:48:07.399+0000] {standard_task_runner.py:104} INFO - Running: ['airflow', 'tasks', 'run', 'pipeline_etl_dag', 'insert_table', 'manual__2026-04-30T23:38:09+00:00', '--job-id', '274', '--raw', '--subdir', 'DAGS_FOLDER/pipeline_etl.py', '--cfg-path', '/tmp/tmp7oeg0z10']
[2026-04-30T23:48:07.401+0000] {standard_task_runner.py:105} INFO - Job 274: Subtask insert_table
[2026-04-30T23:48:07.449+0000] {task_command.py:467} INFO - Running <TaskInstance: pipeline_etl_dag.insert_table manual__2026-04-30T23:38:09+00:00 [running]> on host codespaces-1f1e00
[2026-04-30T23:48:07.519+0000] {taskinstance.py:3131} INFO - Exporting env vars: AIRFLOW_CTX_DAG_OWNER='airflow' AIRFLOW_CTX_DAG_ID='pipeline_etl_dag' AIRFLOW_CTX_TASK_ID='insert_table' AIRFLOW_CTX_EXECUTION_DATE='2026-04-30T23:38:09+00:00' AIRFLOW_CTX_TRY_NUMBER='2' AIRFLOW_CTX_DAG_RUN_ID='manual__2026-04-30T23:38:09+00:00'
[2026-04-30T23:48:07.520+0000] {taskinstance.py:731} INFO - ::endgroup::
[2026-04-30T23:48:07.524+0000] {sql.py:266} INFO - Executing: INSERT INTO sales (id, name, state, store_name, store_address, product_name, product_value, person_name, person_address, quality, value, date_purchased) VALUES (1, 'São Paulo', 'SP', 'Loja Matriz', 'Av. Principal, 1', 'Notebook', 3500, 'Cristina', 'Rua A, 100', 10, 150.0, '2023-08-20');
INSERT INTO sales (id, name, state, store_name, store_address, product_name, product_value, person_name, person_address, quality, value, date_purchased) VALUES (2, 'Rio de Janeiro', 'RJ', 'Loja Filial', 'Rua Lateral, 2', 'Mouse', 50, 'João', 'Rua B, 200', 10, 200.0, '2023-08-20');
INSERT INTO sales (id, name, state, store_name, store_address, product_name, product_value, person_name, person_address, quality, value, date_purchased) VALUES (1, 'São Paulo', 'SP', 'Loja Matriz', 'Av. Principal, 1', 'Notebook', 3500, 'Cristina', 'Rua A, 100', 10, 150.0, '2023-08-21');
INSERT INTO sales (id, name, state, store_name, store_address, product_name, product_value, person_name, person_address, quality, value, date_purchased) VALUES (2, 'Rio de Janeiro', 'RJ', 'Loja Filial', 'Rua Lateral, 2', 'Mouse', 50, 'João', 'Rua B, 200', 10, 200.0, '2023-08-21');
INSERT INTO sales (id, name, state, store_name, store_address, product_name, product_value, person_name, person_address, quality, value, date_purchased) VALUES (1, 'São Paulo', 'SP', 'Loja Matriz', 'Av. Principal, 1', 'Notebook', 3500, 'Cristina', 'Rua A, 100', 10, 150.0, '2023-08-22');
INSERT INTO sales (id, name, state, store_name, store_address, product_name, product_value, person_name, person_address, quality, value, date_purchased) VALUES (2, 'Rio de Janeiro', 'RJ', 'Loja Filial', 'Rua Lateral, 2', 'Mouse', 50, 'João', 'Rua B, 200', 10, 200.0, '2023-08-22');
[2026-04-30T23:48:07.528+0000] {base.py:84} INFO - Retrieving connection 'PG_SALES'
[2026-04-30T23:48:07.740+0000] {base.py:84} INFO - Retrieving connection 'PG_SALES'
[2026-04-30T23:48:07.839+0000] {taskinstance.py:3310} ERROR - Task failed with exception
Traceback (most recent call last):
  File "/usr/local/python/3.12.1/lib/python3.12/site-packages/airflow/models/taskinstance.py", line 767, in _execute_task
    result = _execute_callable(context=context, **execute_callable_kwargs)
             ^^^^^^^^^^^^^^^^^^^^^^^^^^^^^^^^^^^^^^^^^^^^^^^^^^^^^^^^^^^^^
  File "/usr/local/python/3.12.1/lib/python3.12/site-packages/airflow/models/taskinstance.py", line 733, in _execute_callable
    return ExecutionCallableRunner(
           ^^^^^^^^^^^^^^^^^^^^^^^^
  File "/usr/local/python/3.12.1/lib/python3.12/site-packages/airflow/utils/operator_helpers.py", line 252, in run
    return self.func(*args, **kwargs)
           ^^^^^^^^^^^^^^^^^^^^^^^^^^
  File "/usr/local/python/3.12.1/lib/python3.12/site-packages/airflow/models/baseoperator.py", line 406, in wrapper
    return func(self, *args, **kwargs)
           ^^^^^^^^^^^^^^^^^^^^^^^^^^^
  File "/usr/local/python/3.12.1/lib/python3.12/site-packages/airflow/providers/common/sql/operators/sql.py", line 272, in execute
    output = hook.run(
             ^^^^^^^^^
  File "/usr/local/python/3.12.1/lib/python3.12/site-packages/airflow/providers/common/sql/hooks/sql.py", line 452, in run
    with self._create_autocommit_connection(autocommit) as conn:
  File "/usr/local/python/3.12.1/lib/python3.12/contextlib.py", line 137, in __enter__
    return next(self.gen)
           ^^^^^^^^^^^^^^
  File "/usr/local/python/3.12.1/lib/python3.12/site-packages/airflow/providers/common/sql/hooks/sql.py", line 574, in _create_autocommit_connection
    with closing(self.get_conn()) as conn:
                 ^^^^^^^^^^^^^^^
  File "/usr/local/python/3.12.1/lib/python3.12/site-packages/airflow/providers/postgres/hooks/postgres.py", line 176, in get_conn
    self.conn = psycopg2.connect(**conn_args)
                ^^^^^^^^^^^^^^^^^^^^^^^^^^^^^
  File "/usr/local/python/3.12.1/lib/python3.12/site-packages/psycopg2/__init__.py", line 122, in connect
    conn = _connect(dsn, connection_factory=connection_factory, **kwasync)
           ^^^^^^^^^^^^^^^^^^^^^^^^^^^^^^^^^^^^^^^^^^^^^^^^^^^^^^^^^^^^^^^
psycopg2.OperationalError: connection to server at "localhost" (::1), port 5432 failed: fe_sendauth: no password supplied

[2026-04-30T23:48:07.873+0000] {taskinstance.py:1225} INFO - Marking task as FAILED. dag_id=pipeline_etl_dag, task_id=insert_table, run_id=manual__2026-04-30T23:38:09+00:00, execution_date=20260430T233809, start_date=20260430T234807, end_date=20260430T234807
[2026-04-30T23:48:07.893+0000] {taskinstance.py:340} INFO - ::group::Post task execution logs
[2026-04-30T23:48:07.893+0000] {standard_task_runner.py:124} ERROR - Failed to execute job 274 for task insert_table (connection to server at "localhost" (::1), port 5432 failed: fe_sendauth: no password supplied
; 70607)
Traceback (most recent call last):
  File "/usr/local/python/3.12.1/lib/python3.12/site-packages/airflow/task/task_runner/standard_task_runner.py", line 117, in _start_by_fork
    ret = args.func(args, dag=self.dag)
          ^^^^^^^^^^^^^^^^^^^^^^^^^^^^^
  File "/usr/local/python/3.12.1/lib/python3.12/site-packages/airflow/cli/cli_config.py", line 49, in command
    return func(*args, **kwargs)
           ^^^^^^^^^^^^^^^^^^^^^
  File "/usr/local/python/3.12.1/lib/python3.12/site-packages/airflow/utils/cli.py", line 115, in wrapper
    return f(*args, **kwargs)
           ^^^^^^^^^^^^^^^^^^
  File "/usr/local/python/3.12.1/lib/python3.12/site-packages/airflow/cli/commands/task_command.py", line 483, in task_run
    task_return_code = _run_task_by_selected_method(args, _dag, ti)
                       ^^^^^^^^^^^^^^^^^^^^^^^^^^^^^^^^^^^^^^^^^^^^
  File "/usr/local/python/3.12.1/lib/python3.12/site-packages/airflow/cli/commands/task_command.py", line 256, in _run_task_by_selected_method
    return _run_raw_task(args, ti)
           ^^^^^^^^^^^^^^^^^^^^^^^
  File "/usr/local/python/3.12.1/lib/python3.12/site-packages/airflow/cli/commands/task_command.py", line 341, in _run_raw_task
    return ti._run_raw_task(
           ^^^^^^^^^^^^^^^^^
  File "/usr/local/python/3.12.1/lib/python3.12/site-packages/airflow/utils/session.py", line 97, in wrapper
    return func(*args, session=session, **kwargs)
           ^^^^^^^^^^^^^^^^^^^^^^^^^^^^^^^^^^^^^^
  File "/usr/local/python/3.12.1/lib/python3.12/site-packages/airflow/models/taskinstance.py", line 3004, in _run_raw_task
    return _run_raw_task(
           ^^^^^^^^^^^^^^
  File "/usr/local/python/3.12.1/lib/python3.12/site-packages/airflow/models/taskinstance.py", line 273, in _run_raw_task
    TaskInstance._execute_task_with_callbacks(
  File "/usr/local/python/3.12.1/lib/python3.12/site-packages/airflow/models/taskinstance.py", line 3158, in _execute_task_with_callbacks
    result = self._execute_task(context, task_orig)
             ^^^^^^^^^^^^^^^^^^^^^^^^^^^^^^^^^^^^^^
  File "/usr/local/python/3.12.1/lib/python3.12/site-packages/airflow/models/taskinstance.py", line 3182, in _execute_task
    return _execute_task(self, context, task_orig)
           ^^^^^^^^^^^^^^^^^^^^^^^^^^^^^^^^^^^^^^^
  File "/usr/local/python/3.12.1/lib/python3.12/site-packages/airflow/models/taskinstance.py", line 767, in _execute_task
    result = _execute_callable(context=context, **execute_callable_kwargs)
             ^^^^^^^^^^^^^^^^^^^^^^^^^^^^^^^^^^^^^^^^^^^^^^^^^^^^^^^^^^^^^
  File "/usr/local/python/3.12.1/lib/python3.12/site-packages/airflow/models/taskinstance.py", line 733, in _execute_callable
    return ExecutionCallableRunner(
           ^^^^^^^^^^^^^^^^^^^^^^^^
  File "/usr/local/python/3.12.1/lib/python3.12/site-packages/airflow/utils/operator_helpers.py", line 252, in run
    return self.func(*args, **kwargs)
           ^^^^^^^^^^^^^^^^^^^^^^^^^^
  File "/usr/local/python/3.12.1/lib/python3.12/site-packages/airflow/models/baseoperator.py", line 406, in wrapper
    return func(self, *args, **kwargs)
           ^^^^^^^^^^^^^^^^^^^^^^^^^^^
  File "/usr/local/python/3.12.1/lib/python3.12/site-packages/airflow/providers/common/sql/operators/sql.py", line 272, in execute
    output = hook.run(
             ^^^^^^^^^
  File "/usr/local/python/3.12.1/lib/python3.12/site-packages/airflow/providers/common/sql/hooks/sql.py", line 452, in run
    with self._create_autocommit_connection(autocommit) as conn:
  File "/usr/local/python/3.12.1/lib/python3.12/contextlib.py", line 137, in __enter__
    return next(self.gen)
           ^^^^^^^^^^^^^^
  File "/usr/local/python/3.12.1/lib/python3.12/site-packages/airflow/providers/common/sql/hooks/sql.py", line 574, in _create_autocommit_connection
    with closing(self.get_conn()) as conn:
                 ^^^^^^^^^^^^^^^
  File "/usr/local/python/3.12.1/lib/python3.12/site-packages/airflow/providers/postgres/hooks/postgres.py", line 176, in get_conn
    self.conn = psycopg2.connect(**conn_args)
                ^^^^^^^^^^^^^^^^^^^^^^^^^^^^^
  File "/usr/local/python/3.12.1/lib/python3.12/site-packages/psycopg2/__init__.py", line 122, in connect
    conn = _connect(dsn, connection_factory=connection_factory, **kwasync)
           ^^^^^^^^^^^^^^^^^^^^^^^^^^^^^^^^^^^^^^^^^^^^^^^^^^^^^^^^^^^^^^^
psycopg2.OperationalError: connection to server at "localhost" (::1), port 5432 failed: fe_sendauth: no password supplied

[2026-04-30T23:48:07.938+0000] {local_task_job_runner.py:266} INFO - Task exited with return code 1
[2026-04-30T23:48:07.979+0000] {logging_mixin.py:190} WARNING - /usr/local/python/3.12.1/lib/python3.12/site-packages/airflow/models/baseoperator.py:1378 AirflowProviderDeprecationWarning: Call to deprecated class PostgresOperator. (Please use `airflow.providers.common.sql.operators.sql.SQLExecuteQueryOperator`.Also, you can provide `hook_params={'schema': <database>}`.)
[2026-04-30T23:48:07.999+0000] {taskinstance.py:3900} INFO - 1 downstream tasks scheduled from follow-on schedule check
[2026-04-30T23:48:08.005+0000] {local_task_job_runner.py:245} INFO - ::endgroup::
