[2026-04-12T17:21:14.345+0000] {local_task_job_runner.py:123} INFO - ::group::Pre task execution logs
[2026-04-12T17:21:14.351+0000] {taskinstance.py:2612} INFO - Dependencies all met for dep_context=non-requeueable deps ti=<TaskInstance: xcom_dag_v2.read_players manual__2026-04-12T17:21:10.695387+00:00 [queued]>
[2026-04-12T17:21:14.355+0000] {taskinstance.py:2612} INFO - Dependencies all met for dep_context=requeueable deps ti=<TaskInstance: xcom_dag_v2.read_players manual__2026-04-12T17:21:10.695387+00:00 [queued]>
[2026-04-12T17:21:14.355+0000] {taskinstance.py:2865} INFO - Starting attempt 1 of 1
[2026-04-12T17:21:14.366+0000] {taskinstance.py:2888} INFO - Executing <Task(PythonOperator): read_players> on 2026-04-12 17:21:10.695387+00:00
[2026-04-12T17:21:14.371+0000] {standard_task_runner.py:72} INFO - Started process 52493 to run task
[2026-04-12T17:21:14.374+0000] {standard_task_runner.py:104} INFO - Running: ['airflow', 'tasks', 'run', 'xcom_dag_v2', 'read_players', 'manual__2026-04-12T17:21:10.695387+00:00', '--job-id', '63', '--raw', '--subdir', 'DAGS_FOLDER/xcom_dag.py', '--cfg-path', '/tmp/tmpd626cvkq']
[2026-04-12T17:21:14.374+0000] {standard_task_runner.py:105} INFO - Job 63: Subtask read_players
[2026-04-12T17:21:14.418+0000] {task_command.py:467} INFO - Running <TaskInstance: xcom_dag_v2.read_players manual__2026-04-12T17:21:10.695387+00:00 [running]> on host codespaces-1f1e00
[2026-04-12T17:21:14.463+0000] {taskinstance.py:3131} INFO - Exporting env vars: AIRFLOW_CTX_DAG_OWNER='airflow' AIRFLOW_CTX_DAG_ID='xcom_dag_v2' AIRFLOW_CTX_TASK_ID='read_players' AIRFLOW_CTX_EXECUTION_DATE='2026-04-12T17:21:10.695387+00:00' AIRFLOW_CTX_TRY_NUMBER='1' AIRFLOW_CTX_DAG_RUN_ID='manual__2026-04-12T17:21:10.695387+00:00'
[2026-04-12T17:21:14.464+0000] {logging_mixin.py:190} INFO - Task instance is in running state
[2026-04-12T17:21:14.464+0000] {logging_mixin.py:190} INFO -  Previous state of the Task instance: queued
[2026-04-12T17:21:14.464+0000] {logging_mixin.py:190} INFO - Current task name:read_players state:running start_date:2026-04-12 17:21:14.351284+00:00
[2026-04-12T17:21:14.464+0000] {logging_mixin.py:190} INFO - Dag name:xcom_dag_v2 and current dag run status:running
[2026-04-12T17:21:14.464+0000] {taskinstance.py:731} INFO - ::endgroup::
[2026-04-12T17:21:14.465+0000] {postgres.py:191} INFO - Running copy expert: COPY (SELECT * FROM players) TO stdout WITH CSV HEADER, filename: /workspaces/meu-projeto-airflow/data/players.csv
[2026-04-12T17:21:14.468+0000] {base.py:84} INFO - Retrieving connection 'postgres_default'
[2026-04-12T17:21:14.480+0000] {python.py:240} INFO - Done. Returned value was: None
[2026-04-12T17:21:14.487+0000] {taskinstance.py:340} INFO - ::group::Post task execution logs
[2026-04-12T17:21:14.488+0000] {taskinstance.py:352} INFO - Marking task as SUCCESS. dag_id=xcom_dag_v2, task_id=read_players, run_id=manual__2026-04-12T17:21:10.695387+00:00, execution_date=20260412T172110, start_date=20260412T172114, end_date=20260412T172114
[2026-04-12T17:21:14.497+0000] {logging_mixin.py:190} INFO - Task instance in success state
[2026-04-12T17:21:14.497+0000] {logging_mixin.py:190} INFO -  Previous state of the Task instance: running
[2026-04-12T17:21:14.497+0000] {logging_mixin.py:190} INFO - Dag name:xcom_dag_v2 queued_at:2026-04-12 17:21:10.703229+00:00
[2026-04-12T17:21:14.497+0000] {logging_mixin.py:190} INFO - Task hostname:codespaces-1f1e00 operator:PythonOperator
[2026-04-12T17:21:14.511+0000] {local_task_job_runner.py:266} INFO - Task exited with return code 0
[2026-04-12T17:21:14.521+0000] {logging_mixin.py:190} WARNING - /usr/local/python/3.12.1/lib/python3.12/site-packages/airflow/models/baseoperator.py:1378 AirflowProviderDeprecationWarning: Call to deprecated class PostgresOperator. (Please use `airflow.providers.common.sql.operators.sql.SQLExecuteQueryOperator`.Also, you can provide `hook_params={'schema': <database>}`.)
[2026-04-12T17:21:14.531+0000] {taskinstance.py:3900} INFO - 2 downstream tasks scheduled from follow-on schedule check
[2026-04-12T17:21:14.536+0000] {local_task_job_runner.py:245} INFO - ::endgroup::
